#
# A fatal error has been detected by the Java Runtime Environment:
#
#  SIGSEGV (0xb) at pc=0x000072486202c882, pid=34690, tid=34697
#
# JRE version: OpenJDK Runtime Environment (21.0.2+13) (build 21.0.2+13-58)
# Java VM: OpenJDK 64-Bit Server VM (21.0.2+13-58, mixed mode, sharing, tiered, compressed oops, compressed class ptrs, g1 gc, linux-amd64)
# Problematic frame:
# C  [libLLVM-13.so+0xc2c882]  LLVMBuildLoad+0x12
#
# Core dump will be written. Default location: Core dumps may be processed with "/usr/share/apport/apport -p%p -s%s -c%c -d%d -P%P -u%u -g%g -- %E" (or dumping to /home/wangjing/Lab/core.34690)
#
# If you would like to submit a bug report, please visit:
#   https://bugreport.java.com/bugreport/crash.jsp
# The crash happened outside the Java Virtual Machine in native code.
# See problematic frame for where to report the bug.
#

---------------  S U M M A R Y ------------

Command Line: -javaagent:/opt/idea/idea-IU-233.14475.28/lib/idea_rt.jar=46537:/opt/idea/idea-IU-233.14475.28/bin -Dfile.encoding=UTF-8 -Dsun.stdout.encoding=UTF-8 -Dsun.stderr.encoding=UTF-8 Main ./tests/test1.sysy output.ll

Host: AMD Ryzen 7 7840HS with Radeon 780M Graphics, 2 cores, 15G, Ubuntu 22.04.4 LTS
Time: Thu May 30 14:50:59 2024 CST elapsed time: 0.391122 seconds (0d 0h 0m 0s)

---------------  T H R E A D  ---------------

Current thread (0x000072490c029e70):  JavaThread "main"             [_thread_in_native, id=34697, stack(0x0000724912b00000,0x0000724912c00000) (1024K)]

Stack: [0x0000724912b00000,0x0000724912c00000],  sp=0x0000724912bfd3b0,  free space=1012k
Native frames: (J=compiled Java code, j=interpreted, Vv=VM code, C=native code)
C  [libLLVM-13.so+0xc2c882]  LLVMBuildLoad+0x12
Java frames: (J=compiled Java code, j=interpreted, Vv=VM code)
j  org.bytedeco.llvm.global.LLVM.LLVMBuildLoad(Lorg/bytedeco/llvm/LLVM/LLVMBuilderRef;Lorg/bytedeco/llvm/LLVM/LLVMValueRef;Ljava/lang/String;)Lorg/bytedeco/llvm/LLVM/LLVMValueRef;+0
j  MyVisitor.visitLVal(LSysYParser$LValContext;)Lorg/bytedeco/llvm/LLVM/LLVMValueRef;+31
j  MyVisitor.visitLVal(LSysYParser$LValContext;)Ljava/lang/Object;+2
j  SysYParser$LValContext.accept(Lorg/antlr/v4/runtime/tree/ParseTreeVisitor;)Ljava/lang/Object;+12
j  org.antlr.v4.runtime.tree.AbstractParseTreeVisitor.visitChildren(Lorg/antlr/v4/runtime/tree/RuleNode;)Ljava/lang/Object;+46
j  SysYParserBaseVisitor.visitExp2(LSysYParser$Exp2Context;)Ljava/lang/Object;+2
j  MyVisitor.visitExp2(LSysYParser$Exp2Context;)Lorg/bytedeco/llvm/LLVM/LLVMValueRef;+2
j  MyVisitor.visitExp2(LSysYParser$Exp2Context;)Ljava/lang/Object;+2
j  SysYParser$Exp2Context.accept(Lorg/antlr/v4/runtime/tree/ParseTreeVisitor;)Ljava/lang/Object;+12
j  org.antlr.v4.runtime.tree.AbstractParseTreeVisitor.visitChildren(Lorg/antlr/v4/runtime/tree/RuleNode;)Ljava/lang/Object;+46
j  SysYParserBaseVisitor.visitCond1(LSysYParser$Cond1Context;)Ljava/lang/Object;+2
j  MyVisitor.visitCond1(LSysYParser$Cond1Context;)Lorg/bytedeco/llvm/LLVM/LLVMValueRef;+2
j  MyVisitor.visitCond1(LSysYParser$Cond1Context;)Ljava/lang/Object;+2
j  SysYParser$Cond1Context.accept(Lorg/antlr/v4/runtime/tree/ParseTreeVisitor;)Ljava/lang/Object;+12
j  org.antlr.v4.runtime.tree.AbstractParseTreeVisitor.visit(Lorg/antlr/v4/runtime/tree/ParseTree;)Ljava/lang/Object;+2
j  MyVisitor.visit(Lorg/antlr/v4/runtime/tree/ParseTree;)Lorg/bytedeco/llvm/LLVM/LLVMValueRef;+2
j  MyVisitor.visitCom(LSysYParser$ComContext;)Lorg/bytedeco/llvm/LLVM/LLVMValueRef;+6
j  MyVisitor.visitCom(LSysYParser$ComContext;)Ljava/lang/Object;+2
j  SysYParser$ComContext.accept(Lorg/antlr/v4/runtime/tree/ParseTreeVisitor;)Ljava/lang/Object;+12
j  org.antlr.v4.runtime.tree.AbstractParseTreeVisitor.visit(Lorg/antlr/v4/runtime/tree/ParseTree;)Ljava/lang/Object;+2
j  MyVisitor.visit(Lorg/antlr/v4/runtime/tree/ParseTree;)Lorg/bytedeco/llvm/LLVM/LLVMValueRef;+2
j  MyVisitor.visitOr(LSysYParser$OrContext;)Lorg/bytedeco/llvm/LLVM/LLVMValueRef;+135
j  MyVisitor.visitOr(LSysYParser$OrContext;)Ljava/lang/Object;+2
j  SysYParser$OrContext.accept(Lorg/antlr/v4/runtime/tree/ParseTreeVisitor;)Ljava/lang/Object;+12
j  org.antlr.v4.runtime.tree.AbstractParseTreeVisitor.visit(Lorg/antlr/v4/runtime/tree/ParseTree;)Ljava/lang/Object;+2
j  MyVisitor.visit(Lorg/antlr/v4/runtime/tree/ParseTree;)Lorg/bytedeco/llvm/LLVM/LLVMValueRef;+2
j  MyVisitor.visitIfStmt(LSysYParser$IfStmtContext;)Lorg/bytedeco/llvm/LLVM/LLVMValueRef;+51
j  MyVisitor.visitIfStmt(LSysYParser$IfStmtContext;)Ljava/lang/Object;+2
j  SysYParser$IfStmtContext.accept(Lorg/antlr/v4/runtime/tree/ParseTreeVisitor;)Ljava/lang/Object;+12
j  org.antlr.v4.runtime.tree.AbstractParseTreeVisitor.visitChildren(Lorg/antlr/v4/runtime/tree/RuleNode;)Ljava/lang/Object;+46
j  SysYParserBaseVisitor.visitBlockItem(LSysYParser$BlockItemContext;)Ljava/lang/Object;+2
j  SysYParser$BlockItemContext.accept(Lorg/antlr/v4/runtime/tree/ParseTreeVisitor;)Ljava/lang/Object;+12
j  org.antlr.v4.runtime.tree.AbstractParseTreeVisitor.visit(Lorg/antlr/v4/runtime/tree/ParseTree;)Ljava/lang/Object;+2
j  MyVisitor.visit(Lorg/antlr/v4/runtime/tree/ParseTree;)Lorg/bytedeco/llvm/LLVM/LLVMValueRef;+2
j  MyVisitor.visitBlock(LSysYParser$BlockContext;)Lorg/bytedeco/llvm/LLVM/LLVMValueRef;+99
j  MyVisitor.visitFuncDef(LSysYParser$FuncDefContext;)Lorg/bytedeco/llvm/LLVM/LLVMValueRef;+274
j  MyVisitor.visitFuncDef(LSysYParser$FuncDefContext;)Ljava/lang/Object;+2
j  SysYParser$FuncDefContext.accept(Lorg/antlr/v4/runtime/tree/ParseTreeVisitor;)Ljava/lang/Object;+12
j  org.antlr.v4.runtime.tree.AbstractParseTreeVisitor.visitChildren(Lorg/antlr/v4/runtime/tree/RuleNode;)Ljava/lang/Object;+46
j  SysYParserBaseVisitor.visitCompUnit(LSysYParser$CompUnitContext;)Ljava/lang/Object;+2
j  MyVisitor.visitCompUnit(LSysYParser$CompUnitContext;)Lorg/bytedeco/llvm/LLVM/LLVMValueRef;+2
j  MyVisitor.visitProgram(LSysYParser$ProgramContext;)Lorg/bytedeco/llvm/LLVM/LLVMValueRef;+48
j  MyVisitor.visitProgram(LSysYParser$ProgramContext;)Ljava/lang/Object;+2
j  SysYParser$ProgramContext.accept(Lorg/antlr/v4/runtime/tree/ParseTreeVisitor;)Ljava/lang/Object;+12
j  org.antlr.v4.runtime.tree.AbstractParseTreeVisitor.visit(Lorg/antlr/v4/runtime/tree/ParseTree;)Ljava/lang/Object;+2
j  MyVisitor.visit(Lorg/antlr/v4/runtime/tree/ParseTree;)Lorg/bytedeco/llvm/LLVM/LLVMValueRef;+2
j  Main.main([Ljava/lang/String;)V+73
v  ~StubRoutines::call_stub 0x00007248fbf38cc6

siginfo: si_signo: 11 (SIGSEGV), si_code: 1 (SEGV_MAPERR), si_addr: 0x0000000000000000

Registers:
RAX=0x000072490c3c13b0, RBX=0x0000000000000000, RCX=0x000072490c029e62, RDX=0x000072490c3c13b0
RSP=0x0000724912bfd3b0, RBP=0x000072490c3b4400, RSI=0x0000000000000000, RDI=0x000072490c3b4400
R8 =0x0000000715d26a80, R9 =0x0000000000000002, R10=0x00000000000003d8, R11=0x0000000000000000
R12=0x0000000000000000, R13=0x0000000000000000, R14=0x000072490c3c13b0, R15=0x000072490c029e70
RIP=0x000072486202c882, EFLAGS=0x0000000000010202, CSGSFS=0x002b000000000033, ERR=0x0000000000000004
  TRAPNO=0x000000000000000e


Register to memory mapping:

RAX=0x000072490c3c13b0 points into unknown readable memory: 0x0000000724900062 | 62 00 90 24 07 00 00 00
RBX=0x0 is null
RCX=0x000072490c029e62 points into unknown readable memory: 75 6e 2f 69 72 63
RDX=0x000072490c3c13b0 points into unknown readable memory: 0x0000000724900062 | 62 00 90 24 07 00 00 00
RSP=0x0000724912bfd3b0 is pointing into the stack for thread: 0x000072490c029e70
RBP=0x000072490c3b4400 points into unknown readable memory: 0x000072490c3b4410 | 10 44 3b 0c 49 72 00 00
RSI=0x0 is null
RDI=0x000072490c3b4400 points into unknown readable memory: 0x000072490c3b4410 | 10 44 3b 0c 49 72 00 00
R8 =
[error occurred during error reporting (printing register info), id 0xb, SIGSEGV (0xb) at pc=0x0000724911d98ab3]
R9 =0x0000000000000002 is an unknown value
R10=0x00000000000003d8 is an unknown value
R11=0x0 is null
R12=0x0 is null
R13=0x0 is null
R14=0x000072490c3c13b0 points into unknown readable memory: 0x0000000724900062 | 62 00 90 24 07 00 00 00
R15=0x000072490c029e70 is a thread

Top of Stack: (sp=0x0000724912bfd3b0)
0x0000724912bfd3b0:   000072490c029e70 0000000000000000
0x0000724912bfd3c0:   0000000000000000 000072490c142d50
0x0000724912bfd3d0:   0000000000000002 0000000000000001
0x0000724912bfd3e0:   000072490c3c13b0 000072490c142d50
0x0000724912bfd3f0:   0000724912bfd4f8 000072490c029e70
0x0000724912bfd400:   000072490c02a228 00007248e0b66fa1
0x0000724912bfd410:   0000000000000000 000072490c02a228
0x0000724912bfd420:   0000000000000000 000072490c3b4400
0x0000724912bfd430:   000072490c3c13b0 00007248e0b7d8dc
0x0000724912bfd440:   000072488f552fa8 0000724912bfd4d8
0x0000724912bfd450:   0000000000000000 000072488f552fa8
0x0000724912bfd460:   0000724912bfd508 00007248fbf44a80
0x0000724912bfd470:   0000724912bfd498 0000724912bfd4e8
0x0000724912bfd480:   00007248fbf40764 0000000000000070
0x0000724912bfd490:   0000724912bfd490 0000000000000000
0x0000724912bfd4a0:   0000000000000006 000072488f5874e0
0x0000724912bfd4b0:   0000000000000000 0000000715fbbfa8
0x0000724912bfd4c0:   000072488f552fa8 0000000000000000
0x0000724912bfd4d0:   0000724912bfd4f8 0000724912bfd558
0x0000724912bfd4e0:   00007248fbf402d8 0000000715fbbfa8
0x0000724912bfd4f0:   00007248fbf41f9a 0000000715d26a40
0x0000724912bfd500:   0000000000000000 0000000715cd6390
0x0000724912bfd510:   0000724912bfd510 000072488f518277
0x0000724912bfd520:   0000000000000004 000072488f520508
0x0000724912bfd530:   0000000000000000 0000000715f32a78
0x0000724912bfd540:   000072488f5182a8 0000724912bfd4f8
0x0000724912bfd550:   0000724912bfd570 0000724912bfd5c8
0x0000724912bfd560:   00007248fbf402d8 0000000000000000
0x0000724912bfd570:   0000000715efe768 0000000715f35d10
0x0000724912bfd580:   0000724912bfd580 000072488f5183fa
0x0000724912bfd590:   0000000000000003 000072488f520508
0x0000724912bfd5a0:   0000000000000000 0000000715f32a78 

Instructions: (pc=0x000072486202c882)
0x000072486202c782:   89 c4 4c 8d 4c 24 40 e8 92 57 09 00 48 8b 7d 50
0x000072486202c792:   48 8b 4d 30 4c 89 e6 48 8d 54 24 10 4c 8b 45 38
0x000072486202c7a2:   48 8b 07 ff 50 10 48 8b 5d 00 8b 6d 08 5a 59 48
0x000072486202c7b2:   c1 e5 04 48 01 dd 48 39 eb 74 1a 0f 1f 00 48 8b
0x000072486202c7c2:   53 08 8b 33 4c 89 e7 48 83 c3 10 e8 6e 16 0e 00
0x000072486202c7d2:   48 39 dd 75 e9 48 83 c4 68 4c 89 e0 5b 5d 41 5c
0x000072486202c7e2:   41 5d 41 5e 41 5f c3 0f 1f 80 00 00 00 00 41 54
0x000072486202c7f2:   b8 01 01 00 00 55 48 89 fd 48 89 f7 53 48 83 ec
0x000072486202c802:   30 48 8b 75 30 66 89 44 24 20 e8 ef 24 09 00 48
0x000072486202c812:   8b 7d 50 48 8b 4d 30 48 89 e2 49 89 c4 4c 8b 45
0x000072486202c822:   38 48 8b 07 4c 89 e6 ff 50 10 48 8b 5d 00 8b 6d
0x000072486202c832:   08 48 c1 e5 04 48 01 dd 48 39 eb 74 18 90 48 8b
0x000072486202c842:   53 08 8b 33 4c 89 e7 48 83 c3 10 e8 ee 15 0e 00
0x000072486202c852:   48 39 dd 75 e9 48 83 c4 30 4c 89 e0 5b 5d 41 5c
0x000072486202c862:   c3 66 2e 0f 1f 84 00 00 00 00 00 0f 1f 00 41 56
0x000072486202c872:   41 55 49 89 f5 41 54 55 48 89 fd 53 48 83 ec 60
0x000072486202c882:   48 8b 06 80 3a 00 be 01 01 00 00 4c 8b 70 18 66
0x000072486202c892:   89 74 24 20 74 09 48 89 14 24 c6 44 24 20 03 48
0x000072486202c8a2:   8b 7d 30 e8 d6 15 fc ff 48 89 c7 e8 4e 47 0e 00
0x000072486202c8b2:   4c 89 f6 48 89 c7 e8 b3 46 01 00 be 01 00 00 00
0x000072486202c8c2:   bf 40 00 00 00 89 c3 b8 01 01 00 00 66 89 44 24
0x000072486202c8d2:   50 e8 a8 0a 13 00 48 8d 4c 24 30 41 89 d9 45 31
0x000072486202c8e2:   c0 48 83 ec 08 48 89 c7 4c 89 ea 4c 89 f6 6a 00
0x000072486202c8f2:   49 89 c4 e8 26 5d 09 00 48 8b 7d 50 48 8b 4d 30
0x000072486202c902:   4c 89 e6 48 8d 54 24 10 4c 8b 45 38 48 8b 07 ff
0x000072486202c912:   50 10 48 8b 5d 00 8b 6d 08 5a 59 48 c1 e5 04 48
0x000072486202c922:   01 dd 48 39 eb 74 1e 0f 1f 80 00 00 00 00 48 8b
0x000072486202c932:   53 08 8b 33 4c 89 e7 48 83 c3 10 e8 fe 14 0e 00
0x000072486202c942:   48 39 dd 75 e9 48 83 c4 60 4c 89 e0 5b 5d 41 5c
0x000072486202c952:   41 5d 41 5e c3 66 0f 1f 84 00 00 00 00 00 41 56
0x000072486202c962:   49 89 d6 41 55 49 89 f5 be 01 01 00 00 41 54 55
0x000072486202c972:   48 89 fd 53 48 83 ec 60 80 39 00 66 89 74 24 20 


Stack slot to memory mapping:

stack at sp + 0 slots: 0x000072490c029e70 is a thread
stack at sp + 1 slots: 0x0 is null
stack at sp + 2 slots: 0x0 is null
stack at sp + 3 slots: 0x000072490c142d50 points into unknown readable memory: 0x0000000715d26a70 | 70 6a d2 15 07 00 00 00
stack at sp + 4 slots: 0x0000000000000002 is an unknown value
stack at sp + 5 slots: 0x0000000000000001 is an unknown value
stack at sp + 6 slots: 0x000072490c3c13b0 points into unknown readable memory: 0x0000000724900062 | 62 00 90 24 07 00 00 00
stack at sp + 7 slots: 0x000072490c142d50 points into unknown readable memory: 0x0000000715d26a70 | 70 6a d2 15 07 00 00 00


---------------  P R O C E S S  ---------------

Threads class SMR info:
_java_thread_list=0x000072490c20c760, length=12, elements={
0x000072490c029e70, 0x000072490c150000, 0x000072490c151650, 0x000072490c153130,
0x000072490c154770, 0x000072490c155d10, 0x000072490c157850, 0x000072490c158f10,
0x000072490c173220, 0x000072490c203090, 0x000072490c2050f0, 0x000072490c20bac0
}

Java Threads: ( => current thread )
=>0x000072490c029e70 JavaThread "main"                              [_thread_in_native, id=34697, stack(0x0000724912b00000,0x0000724912c00000) (1024K)]
  0x000072490c150000 JavaThread "Reference Handler"          daemon [_thread_blocked, id=34714, stack(0x00007248f03ce000,0x00007248f04ce000) (1024K)]
  0x000072490c151650 JavaThread "Finalizer"                  daemon [_thread_blocked, id=34715, stack(0x00007248f02ce000,0x00007248f03ce000) (1024K)]
  0x000072490c153130 JavaThread "Signal Dispatcher"          daemon [_thread_blocked, id=34716, stack(0x00007248f01ce000,0x00007248f02ce000) (1024K)]
  0x000072490c154770 JavaThread "Service Thread"             daemon [_thread_blocked, id=34717, stack(0x00007248f00ce000,0x00007248f01ce000) (1024K)]
  0x000072490c155d10 JavaThread "Monitor Deflation Thread"   daemon [_thread_blocked, id=34718, stack(0x00007248e1f00000,0x00007248e2000000) (1024K)]
  0x000072490c157850 JavaThread "C2 CompilerThread0"         daemon [_thread_blocked, id=34719, stack(0x00007248e1500000,0x00007248e1600000) (1024K)]
  0x000072490c158f10 JavaThread "C1 CompilerThread0"         daemon [_thread_blocked, id=34720, stack(0x00007248e1400000,0x00007248e1500000) (1024K)]
  0x000072490c173220 JavaThread "Common-Cleaner"             daemon [_thread_blocked, id=34721, stack(0x00007248e1230000,0x00007248e1330000) (1024K)]
  0x000072490c203090 JavaThread "Monitor Ctrl-Break"         daemon [_thread_in_native, id=34722, stack(0x00007248e1130000,0x00007248e1230000) (1024K)]
  0x000072490c2050f0 JavaThread "Notification Thread"        daemon [_thread_blocked, id=34723, stack(0x00007248e1030000,0x00007248e1130000) (1024K)]
  0x000072490c20bac0 JavaThread "JavaCPP Deallocator"        daemon [_thread_blocked, id=34724, stack(0x00007248e0f30000,0x00007248e1030000) (1024K)]
Total: 12

Other Threads:
  0x000072490c141830 VMThread "VM Thread"                           [id=34713, stack(0x00007248f04cf000,0x00007248f05cf000) (1024K)]
  0x000072490c127870 WatcherThread "VM Periodic Task Thread"        [id=34712, stack(0x00007248f05d0000,0x00007248f06d0000) (1024K)]
  0x000072490c091090 WorkerThread "GC Thread#0"                     [id=34705, stack(0x0000724910151000,0x0000724910251000) (1024K)]
  0x000072490c0a1f90 ConcurrentGCThread "G1 Main Marker"            [id=34706, stack(0x0000724910050000,0x0000724910150000) (1024K)]
  0x000072490c0a2f30 WorkerThread "G1 Conc#0"                       [id=34707, stack(0x000072490bf00000,0x000072490c000000) (1024K)]
  0x000072490c114de0 ConcurrentGCThread "G1 Refine#0"               [id=34708, stack(0x00007248f08ae000,0x00007248f09ae000) (1024K)]
  0x000072490c115d90 ConcurrentGCThread "G1 Service"                [id=34709, stack(0x00007248f07ad000,0x00007248f08ad000) (1024K)]
Total: 7

Threads with active compile tasks:
Total: 0

VM state: not at safepoint (normal execution)

VM Mutex/Monitor currently owned by a thread: None

Heap address: 0x0000000706c00000, size: 3988 MB, Compressed Oops mode: Zero based, Oop shift amount: 3

CDS archive(s) mapped at: [0x0000724893000000-0x0000724893ca6000-0x0000724893ca6000), size 13262848, SharedBaseAddress: 0x0000724893000000, ArchiveRelocationMode: 1.
Compressed class space mapped at: 0x0000724894000000-0x00007248d4000000, reserved size: 1073741824
Narrow klass base: 0x0000724893000000, Narrow klass shift: 0, Narrow klass range: 0x100000000

GC Precious Log:
 CardTable entry size: 512
 Card Set container configuration: InlinePtr #cards 4 size 8 Array Of Cards #cards 16 size 48 Howl #buckets 8 coarsen threshold 3686 Howl Bitmap #cards 512 size 80 coarsen threshold 460 Card regions per heap region 1 cards per card region 4096
 CPUs: 2 total, 2 available
 Memory: 15948M
 Large Page Support: Disabled
 NUMA Support: Disabled
 Compressed Oops: Enabled (Zero based)
 Heap Region Size: 2M
 Heap Min Capacity: 8M
 Heap Initial Capacity: 250M
 Heap Max Capacity: 3988M
 Pre-touch: Disabled
 Parallel Workers: 2
 Concurrent Workers: 1
 Concurrent Refinement Workers: 2
 Periodic GC: Disabled

Heap:
 garbage-first heap   total 258048K, used 7197K [0x0000000706c00000, 0x0000000800000000)
  region size 2048K, 5 young (10240K), 0 survivors (0K)
 Metaspace       used 3870K, committed 4032K, reserved 1114112K
  class space    used 428K, committed 512K, reserved 1048576K

Heap Regions: E=young(eden), S=young(survivor), O=old, HS=humongous(starts), HC=humongous(continues), CS=collection set, F=free, TAMS=top-at-mark-start, PB=parsable bottom
|   0|0x0000000706c00000, 0x0000000706c00000, 0x0000000706e00000|  0%| F|  |TAMS 0x0000000706c00000| PB 0x0000000706c00000| Untracked 
|   1|0x0000000706e00000, 0x0000000706e00000, 0x0000000707000000|  0%| F|  |TAMS 0x0000000706e00000| PB 0x0000000706e00000| Untracked 
|   2|0x0000000707000000, 0x0000000707000000, 0x0000000707200000|  0%| F|  |TAMS 0x0000000707000000| PB 0x0000000707000000| Untracked 
|   3|0x0000000707200000, 0x0000000707200000, 0x0000000707400000|  0%| F|  |TAMS 0x0000000707200000| PB 0x0000000707200000| Untracked 
|   4|0x0000000707400000, 0x0000000707400000, 0x0000000707600000|  0%| F|  |TAMS 0x0000000707400000| PB 0x0000000707400000| Untracked 
|   5|0x0000000707600000, 0x0000000707600000, 0x0000000707800000|  0%| F|  |TAMS 0x0000000707600000| PB 0x0000000707600000| Untracked 
|   6|0x0000000707800000, 0x0000000707800000, 0x0000000707a00000|  0%| F|  |TAMS 0x0000000707800000| PB 0x0000000707800000| Untracked 
|   7|0x0000000707a00000, 0x0000000707a00000, 0x0000000707c00000|  0%| F|  |TAMS 0x0000000707a00000| PB 0x0000000707a00000| Untracked 
|   8|0x0000000707c00000, 0x0000000707c00000, 0x0000000707e00000|  0%| F|  |TAMS 0x0000000707c00000| PB 0x0000000707c00000| Untracked 
|   9|0x0000000707e00000, 0x0000000707e00000, 0x0000000708000000|  0%| F|  |TAMS 0x0000000707e00000| PB 0x0000000707e00000| Untracked 
|  10|0x0000000708000000, 0x0000000708000000, 0x0000000708200000|  0%| F|  |TAMS 0x0000000708000000| PB 0x0000000708000000| Untracked 
|  11|0x0000000708200000, 0x0000000708200000, 0x0000000708400000|  0%| F|  |TAMS 0x0000000708200000| PB 0x0000000708200000| Untracked 
|  12|0x0000000708400000, 0x0000000708400000, 0x0000000708600000|  0%| F|  |TAMS 0x0000000708400000| PB 0x0000000708400000| Untracked 
|  13|0x0000000708600000, 0x0000000708600000, 0x0000000708800000|  0%| F|  |TAMS 0x0000000708600000| PB 0x0000000708600000| Untracked 
|  14|0x0000000708800000, 0x0000000708800000, 0x0000000708a00000|  0%| F|  |TAMS 0x0000000708800000| PB 0x0000000708800000| Untracked 
|  15|0x0000000708a00000, 0x0000000708a00000, 0x0000000708c00000|  0%| F|  |TAMS 0x0000000708a00000| PB 0x0000000708a00000| Untracked 
|  16|0x0000000708c00000, 0x0000000708c00000, 0x0000000708e00000|  0%| F|  |TAMS 0x0000000708c00000| PB 0x0000000708c00000| Untracked 
|  17|0x0000000708e00000, 0x0000000708e00000, 0x0000000709000000|  0%| F|  |TAMS 0x0000000708e00000| PB 0x0000000708e00000| Untracked 
|  18|0x0000000709000000, 0x0000000709000000, 0x0000000709200000|  0%| F|  |TAMS 0x0000000709000000| PB 0x0000000709000000| Untracked 
|  19|0x0000000709200000, 0x0000000709200000, 0x0000000709400000|  0%| F|  |TAMS 0x0000000709200000| PB 0x0000000709200000| Untracked 
|  20|0x0000000709400000, 0x0000000709400000, 0x0000000709600000|  0%| F|  |TAMS 0x0000000709400000| PB 0x0000000709400000| Untracked 
|  21|0x0000000709600000, 0x0000000709600000, 0x0000000709800000|  0%| F|  |TAMS 0x0000000709600000| PB 0x0000000709600000| Untracked 
|  22|0x0000000709800000, 0x0000000709800000, 0x0000000709a00000|  0%| F|  |TAMS 0x0000000709800000| PB 0x0000000709800000| Untracked 
|  23|0x0000000709a00000, 0x0000000709a00000, 0x0000000709c00000|  0%| F|  |TAMS 0x0000000709a00000| PB 0x0000000709a00000| Untracked 
|  24|0x0000000709c00000, 0x0000000709c00000, 0x0000000709e00000|  0%| F|  |TAMS 0x0000000709c00000| PB 0x0000000709c00000| Untracked 
|  25|0x0000000709e00000, 0x0000000709e00000, 0x000000070a000000|  0%| F|  |TAMS 0x0000000709e00000| PB 0x0000000709e00000| Untracked 
|  26|0x000000070a000000, 0x000000070a000000, 0x000000070a200000|  0%| F|  |TAMS 0x000000070a000000| PB 0x000000070a000000| Untracked 
|  27|0x000000070a200000, 0x000000070a200000, 0x000000070a400000|  0%| F|  |TAMS 0x000000070a200000| PB 0x000000070a200000| Untracked 
|  28|0x000000070a400000, 0x000000070a400000, 0x000000070a600000|  0%| F|  |TAMS 0x000000070a400000| PB 0x000000070a400000| Untracked 
|  29|0x000000070a600000, 0x000000070a600000, 0x000000070a800000|  0%| F|  |TAMS 0x000000070a600000| PB 0x000000070a600000| Untracked 
|  30|0x000000070a800000, 0x000000070a800000, 0x000000070aa00000|  0%| F|  |TAMS 0x000000070a800000| PB 0x000000070a800000| Untracked 
|  31|0x000000070aa00000, 0x000000070aa00000, 0x000000070ac00000|  0%| F|  |TAMS 0x000000070aa00000| PB 0x000000070aa00000| Untracked 
|  32|0x000000070ac00000, 0x000000070ac00000, 0x000000070ae00000|  0%| F|  |TAMS 0x000000070ac00000| PB 0x000000070ac00000| Untracked 
|  33|0x000000070ae00000, 0x000000070ae00000, 0x000000070b000000|  0%| F|  |TAMS 0x000000070ae00000| PB 0x000000070ae00000| Untracked 
|  34|0x000000070b000000, 0x000000070b000000, 0x000000070b200000|  0%| F|  |TAMS 0x000000070b000000| PB 0x000000070b000000| Untracked 
|  35|0x000000070b200000, 0x000000070b200000, 0x000000070b400000|  0%| F|  |TAMS 0x000000070b200000| PB 0x000000070b200000| Untracked 
|  36|0x000000070b400000, 0x000000070b400000, 0x000000070b600000|  0%| F|  |TAMS 0x000000070b400000| PB 0x000000070b400000| Untracked 
|  37|0x000000070b600000, 0x000000070b600000, 0x000000070b800000|  0%| F|  |TAMS 0x000000070b600000| PB 0x000000070b600000| Untracked 
|  38|0x000000070b800000, 0x000000070b800000, 0x000000070ba00000|  0%| F|  |TAMS 0x000000070b800000| PB 0x000000070b800000| Untracked 
|  39|0x000000070ba00000, 0x000000070ba00000, 0x000000070bc00000|  0%| F|  |TAMS 0x000000070ba00000| PB 0x000000070ba00000| Untracked 
|  40|0x000000070bc00000, 0x000000070bc00000, 0x000000070be00000|  0%| F|  |TAMS 0x000000070bc00000| PB 0x000000070bc00000| Untracked 
|  41|0x000000070be00000, 0x000000070be00000, 0x000000070c000000|  0%| F|  |TAMS 0x000000070be00000| PB 0x000000070be00000| Untracked 
|  42|0x000000070c000000, 0x000000070c000000, 0x000000070c200000|  0%| F|  |TAMS 0x000000070c000000| PB 0x000000070c000000| Untracked 
|  43|0x000000070c200000, 0x000000070c200000, 0x000000070c400000|  0%| F|  |TAMS 0x000000070c200000| PB 0x000000070c200000| Untracked 
|  44|0x000000070c400000, 0x000000070c400000, 0x000000070c600000|  0%| F|  |TAMS 0x000000070c400000| PB 0x000000070c400000| Untracked 
|  45|0x000000070c600000, 0x000000070c600000, 0x000000070c800000|  0%| F|  |TAMS 0x000000070c600000| PB 0x000000070c600000| Untracked 
|  46|0x000000070c800000, 0x000000070c800000, 0x000000070ca00000|  0%| F|  |TAMS 0x000000070c800000| PB 0x000000070c800000| Untracked 
|  47|0x000000070ca00000, 0x000000070ca00000, 0x000000070cc00000|  0%| F|  |TAMS 0x000000070ca00000| PB 0x000000070ca00000| Untracked 
|  48|0x000000070cc00000, 0x000000070cc00000, 0x000000070ce00000|  0%| F|  |TAMS 0x000000070cc00000| PB 0x000000070cc00000| Untracked 
|  49|0x000000070ce00000, 0x000000070ce00000, 0x000000070d000000|  0%| F|  |TAMS 0x000000070ce00000| PB 0x000000070ce00000| Untracked 
|  50|0x000000070d000000, 0x000000070d000000, 0x000000070d200000|  0%| F|  |TAMS 0x000000070d000000| PB 0x000000070d000000| Untracked 
|  51|0x000000070d200000, 0x000000070d200000, 0x000000070d400000|  0%| F|  |TAMS 0x000000070d200000| PB 0x000000070d200000| Untracked 
|  52|0x000000070d400000, 0x000000070d400000, 0x000000070d600000|  0%| F|  |TAMS 0x000000070d400000| PB 0x000000070d400000| Untracked 
|  53|0x000000070d600000, 0x000000070d600000, 0x000000070d800000|  0%| F|  |TAMS 0x000000070d600000| PB 0x000000070d600000| Untracked 
|  54|0x000000070d800000, 0x000000070d800000, 0x000000070da00000|  0%| F|  |TAMS 0x000000070d800000| PB 0x000000070d800000| Untracked 
|  55|0x000000070da00000, 0x000000070da00000, 0x000000070dc00000|  0%| F|  |TAMS 0x000000070da00000| PB 0x000000070da00000| Untracked 
|  56|0x000000070dc00000, 0x000000070dc00000, 0x000000070de00000|  0%| F|  |TAMS 0x000000070dc00000| PB 0x000000070dc00000| Untracked 
|  57|0x000000070de00000, 0x000000070de00000, 0x000000070e000000|  0%| F|  |TAMS 0x000000070de00000| PB 0x000000070de00000| Untracked 
|  58|0x000000070e000000, 0x000000070e000000, 0x000000070e200000|  0%| F|  |TAMS 0x000000070e000000| PB 0x000000070e000000| Untracked 
|  59|0x000000070e200000, 0x000000070e200000, 0x000000070e400000|  0%| F|  |TAMS 0x000000070e200000| PB 0x000000070e200000| Untracked 
|  60|0x000000070e400000, 0x000000070e400000, 0x000000070e600000|  0%| F|  |TAMS 0x000000070e400000| PB 0x000000070e400000| Untracked 
|  61|0x000000070e600000, 0x000000070e600000, 0x000000070e800000|  0%| F|  |TAMS 0x000000070e600000| PB 0x000000070e600000| Untracked 
|  62|0x000000070e800000, 0x000000070e800000, 0x000000070ea00000|  0%| F|  |TAMS 0x000000070e800000| PB 0x000000070e800000| Untracked 
|  63|0x000000070ea00000, 0x000000070ea00000, 0x000000070ec00000|  0%| F|  |TAMS 0x000000070ea00000| PB 0x000000070ea00000| Untracked 
|  64|0x000000070ec00000, 0x000000070ec00000, 0x000000070ee00000|  0%| F|  |TAMS 0x000000070ec00000| PB 0x000000070ec00000| Untracked 
|  65|0x000000070ee00000, 0x000000070ee00000, 0x000000070f000000|  0%| F|  |TAMS 0x000000070ee00000| PB 0x000000070ee00000| Untracked 
|  66|0x000000070f000000, 0x000000070f000000, 0x000000070f200000|  0%| F|  |TAMS 0x000000070f000000| PB 0x000000070f000000| Untracked 
|  67|0x000000070f200000, 0x000000070f200000, 0x000000070f400000|  0%| F|  |TAMS 0x000000070f200000| PB 0x000000070f200000| Untracked 
|  68|0x000000070f400000, 0x000000070f400000, 0x000000070f600000|  0%| F|  |TAMS 0x000000070f400000| PB 0x000000070f400000| Untracked 
|  69|0x000000070f600000, 0x000000070f600000, 0x000000070f800000|  0%| F|  |TAMS 0x000000070f600000| PB 0x000000070f600000| Untracked 
|  70|0x000000070f800000, 0x000000070f800000, 0x000000070fa00000|  0%| F|  |TAMS 0x000000070f800000| PB 0x000000070f800000| Untracked 
|  71|0x000000070fa00000, 0x000000070fa00000, 0x000000070fc00000|  0%| F|  |TAMS 0x000000070fa00000| PB 0x000000070fa00000| Untracked 
|  72|0x000000070fc00000, 0x000000070fc00000, 0x000000070fe00000|  0%| F|  |TAMS 0x000000070fc00000| PB 0x000000070fc00000| Untracked 
|  73|0x000000070fe00000, 0x000000070fe00000, 0x0000000710000000|  0%| F|  |TAMS 0x000000070fe00000| PB 0x000000070fe00000| Untracked 
|  74|0x0000000710000000, 0x0000000710000000, 0x0000000710200000|  0%| F|  |TAMS 0x0000000710000000| PB 0x0000000710000000| Untracked 
|  75|0x0000000710200000, 0x0000000710200000, 0x0000000710400000|  0%| F|  |TAMS 0x0000000710200000| PB 0x0000000710200000| Untracked 
|  76|0x0000000710400000, 0x0000000710400000, 0x0000000710600000|  0%| F|  |TAMS 0x0000000710400000| PB 0x0000000710400000| Untracked 
|  77|0x0000000710600000, 0x0000000710600000, 0x0000000710800000|  0%| F|  |TAMS 0x0000000710600000| PB 0x0000000710600000| Untracked 
|  78|0x0000000710800000, 0x0000000710800000, 0x0000000710a00000|  0%| F|  |TAMS 0x0000000710800000| PB 0x0000000710800000| Untracked 
|  79|0x0000000710a00000, 0x0000000710a00000, 0x0000000710c00000|  0%| F|  |TAMS 0x0000000710a00000| PB 0x0000000710a00000| Untracked 
|  80|0x0000000710c00000, 0x0000000710c00000, 0x0000000710e00000|  0%| F|  |TAMS 0x0000000710c00000| PB 0x0000000710c00000| Untracked 
|  81|0x0000000710e00000, 0x0000000710e00000, 0x0000000711000000|  0%| F|  |TAMS 0x0000000710e00000| PB 0x0000000710e00000| Untracked 
|  82|0x0000000711000000, 0x0000000711000000, 0x0000000711200000|  0%| F|  |TAMS 0x0000000711000000| PB 0x0000000711000000| Untracked 
|  83|0x0000000711200000, 0x0000000711200000, 0x0000000711400000|  0%| F|  |TAMS 0x0000000711200000| PB 0x0000000711200000| Untracked 
|  84|0x0000000711400000, 0x0000000711400000, 0x0000000711600000|  0%| F|  |TAMS 0x0000000711400000| PB 0x0000000711400000| Untracked 
|  85|0x0000000711600000, 0x0000000711600000, 0x0000000711800000|  0%| F|  |TAMS 0x0000000711600000| PB 0x0000000711600000| Untracked 
|  86|0x0000000711800000, 0x0000000711800000, 0x0000000711a00000|  0%| F|  |TAMS 0x0000000711800000| PB 0x0000000711800000| Untracked 
|  87|0x0000000711a00000, 0x0000000711a00000, 0x0000000711c00000|  0%| F|  |TAMS 0x0000000711a00000| PB 0x0000000711a00000| Untracked 
|  88|0x0000000711c00000, 0x0000000711c00000, 0x0000000711e00000|  0%| F|  |TAMS 0x0000000711c00000| PB 0x0000000711c00000| Untracked 
|  89|0x0000000711e00000, 0x0000000711e00000, 0x0000000712000000|  0%| F|  |TAMS 0x0000000711e00000| PB 0x0000000711e00000| Untracked 
|  90|0x0000000712000000, 0x0000000712000000, 0x0000000712200000|  0%| F|  |TAMS 0x0000000712000000| PB 0x0000000712000000| Untracked 
|  91|0x0000000712200000, 0x0000000712200000, 0x0000000712400000|  0%| F|  |TAMS 0x0000000712200000| PB 0x0000000712200000| Untracked 
|  92|0x0000000712400000, 0x0000000712400000, 0x0000000712600000|  0%| F|  |TAMS 0x0000000712400000| PB 0x0000000712400000| Untracked 
|  93|0x0000000712600000, 0x0000000712600000, 0x0000000712800000|  0%| F|  |TAMS 0x0000000712600000| PB 0x0000000712600000| Untracked 
|  94|0x0000000712800000, 0x0000000712800000, 0x0000000712a00000|  0%| F|  |TAMS 0x0000000712800000| PB 0x0000000712800000| Untracked 
|  95|0x0000000712a00000, 0x0000000712a00000, 0x0000000712c00000|  0%| F|  |TAMS 0x0000000712a00000| PB 0x0000000712a00000| Untracked 
|  96|0x0000000712c00000, 0x0000000712c00000, 0x0000000712e00000|  0%| F|  |TAMS 0x0000000712c00000| PB 0x0000000712c00000| Untracked 
|  97|0x0000000712e00000, 0x0000000712e00000, 0x0000000713000000|  0%| F|  |TAMS 0x0000000712e00000| PB 0x0000000712e00000| Untracked 
|  98|0x0000000713000000, 0x0000000713000000, 0x0000000713200000|  0%| F|  |TAMS 0x0000000713000000| PB 0x0000000713000000| Untracked 
|  99|0x0000000713200000, 0x0000000713200000, 0x0000000713400000|  0%| F|  |TAMS 0x0000000713200000| PB 0x0000000713200000| Untracked 
| 100|0x0000000713400000, 0x0000000713400000, 0x0000000713600000|  0%| F|  |TAMS 0x0000000713400000| PB 0x0000000713400000| Untracked 
| 101|0x0000000713600000, 0x0000000713600000, 0x0000000713800000|  0%| F|  |TAMS 0x0000000713600000| PB 0x0000000713600000| Untracked 
| 102|0x0000000713800000, 0x0000000713800000, 0x0000000713a00000|  0%| F|  |TAMS 0x0000000713800000| PB 0x0000000713800000| Untracked 
| 103|0x0000000713a00000, 0x0000000713a00000, 0x0000000713c00000|  0%| F|  |TAMS 0x0000000713a00000| PB 0x0000000713a00000| Untracked 
| 104|0x0000000713c00000, 0x0000000713c00000, 0x0000000713e00000|  0%| F|  |TAMS 0x0000000713c00000| PB 0x0000000713c00000| Untracked 
| 105|0x0000000713e00000, 0x0000000713e00000, 0x0000000714000000|  0%| F|  |TAMS 0x0000000713e00000| PB 0x0000000713e00000| Untracked 
| 106|0x0000000714000000, 0x0000000714000000, 0x0000000714200000|  0%| F|  |TAMS 0x0000000714000000| PB 0x0000000714000000| Untracked 
| 107|0x0000000714200000, 0x0000000714200000, 0x0000000714400000|  0%| F|  |TAMS 0x0000000714200000| PB 0x0000000714200000| Untracked 
| 108|0x0000000714400000, 0x0000000714400000, 0x0000000714600000|  0%| F|  |TAMS 0x0000000714400000| PB 0x0000000714400000| Untracked 
| 109|0x0000000714600000, 0x0000000714600000, 0x0000000714800000|  0%| F|  |TAMS 0x0000000714600000| PB 0x0000000714600000| Untracked 
| 110|0x0000000714800000, 0x0000000714800000, 0x0000000714a00000|  0%| F|  |TAMS 0x0000000714800000| PB 0x0000000714800000| Untracked 
| 111|0x0000000714a00000, 0x0000000714a00000, 0x0000000714c00000|  0%| F|  |TAMS 0x0000000714a00000| PB 0x0000000714a00000| Untracked 
| 112|0x0000000714c00000, 0x0000000714c00000, 0x0000000714e00000|  0%| F|  |TAMS 0x0000000714c00000| PB 0x0000000714c00000| Untracked 
| 113|0x0000000714e00000, 0x0000000714e00000, 0x0000000715000000|  0%| F|  |TAMS 0x0000000714e00000| PB 0x0000000714e00000| Untracked 
| 114|0x0000000715000000, 0x0000000715000000, 0x0000000715200000|  0%| F|  |TAMS 0x0000000715000000| PB 0x0000000715000000| Untracked 
| 115|0x0000000715200000, 0x0000000715200000, 0x0000000715400000|  0%| F|  |TAMS 0x0000000715200000| PB 0x0000000715200000| Untracked 
| 116|0x0000000715400000, 0x0000000715400000, 0x0000000715600000|  0%| F|  |TAMS 0x0000000715400000| PB 0x0000000715400000| Untracked 
| 117|0x0000000715600000, 0x0000000715600000, 0x0000000715800000|  0%| F|  |TAMS 0x0000000715600000| PB 0x0000000715600000| Untracked 
| 118|0x0000000715800000, 0x0000000715800000, 0x0000000715a00000|  0%| F|  |TAMS 0x0000000715800000| PB 0x0000000715800000| Untracked 
| 119|0x0000000715a00000, 0x0000000715a00000, 0x0000000715c00000|  0%| F|  |TAMS 0x0000000715a00000| PB 0x0000000715a00000| Untracked 
| 120|0x0000000715c00000, 0x0000000715d33c50, 0x0000000715e00000| 60%| E|  |TAMS 0x0000000715c00000| PB 0x0000000715c00000| Complete 
| 121|0x0000000715e00000, 0x0000000716000000, 0x0000000716000000|100%| E|CS|TAMS 0x0000000715e00000| PB 0x0000000715e00000| Complete 
| 122|0x0000000716000000, 0x0000000716200000, 0x0000000716200000|100%| E|CS|TAMS 0x0000000716000000| PB 0x0000000716000000| Complete 
| 123|0x0000000716200000, 0x0000000716400000, 0x0000000716400000|100%| E|CS|TAMS 0x0000000716200000| PB 0x0000000716200000| Complete 
| 124|0x0000000716400000, 0x0000000716600000, 0x0000000716600000|100%| E|  |TAMS 0x0000000716400000| PB 0x0000000716400000| Complete 
|1993|0x00000007ffe00000, 0x00000007fff07778, 0x0000000800000000| 51%| O|  |TAMS 0x00000007ffe00000| PB 0x00000007ffe00000| Untracked 

Card table byte_map: [0x0000724910294000,0x0000724910a5e000] _byte_map_base: 0x000072490ca5e000

Marking Bits: (CMBitMap*) 0x000072490c091bb0
 Bits: [0x00007248f0bb0000, 0x00007248f4a00000)

Polling page: 0x0000724912f67000

Metaspace:

Usage:
  Non-class:      3.36 MB used.
      Class:    428.40 KB used.
       Both:      3.78 MB used.

Virtual space:
  Non-class space:       64.00 MB reserved,       3.44 MB (  5%) committed,  1 nodes.
      Class space:        1.00 GB reserved,     512.00 KB ( <1%) committed,  1 nodes.
             Both:        1.06 GB reserved,       3.94 MB ( <1%) committed. 

Chunk freelists:
   Non-Class:  10.30 MB
       Class:  15.47 MB
        Both:  25.77 MB

MaxMetaspaceSize: unlimited
CompressedClassSpaceSize: 1.00 GB
Initial GC threshold: 21.00 MB
Current GC threshold: 21.00 MB
CDS: on
 - commit_granule_bytes: 65536.
 - commit_granule_words: 8192.
 - virtual_space_node_default_size: 8388608.
 - enlarge_chunks_in_place: 1.
 - use_allocation_guard: 0.


Internal statistics:

num_allocs_failed_limit: 0.
num_arena_births: 66.
num_arena_deaths: 0.
num_vsnodes_births: 2.
num_vsnodes_deaths: 0.
num_space_committed: 63.
num_space_uncommitted: 0.
num_chunks_returned_to_freelist: 0.
num_chunks_taken_from_freelist: 139.
num_chunk_merges: 0.
num_chunk_splits: 110.
num_chunks_enlarged: 86.
num_inconsistent_stats: 0.

CodeHeap 'non-profiled nmethods': size=120036Kb used=225Kb max_used=225Kb free=119810Kb
 bounds [0x00007248fc4c7000, 0x00007248fc737000, 0x0000724903a00000]
CodeHeap 'profiled nmethods': size=120032Kb used=1177Kb max_used=1177Kb free=118854Kb
 bounds [0x00007248f4a00000, 0x00007248f4c70000, 0x00007248fbf38000]
CodeHeap 'non-nmethods': size=5692Kb used=1472Kb max_used=1487Kb free=4219Kb
 bounds [0x00007248fbf38000, 0x00007248fc1a8000, 0x00007248fc4c7000]
 total_blobs=1224 nmethods=750 adapters=380
 compilation: enabled
              stopped_count=0, restarted_count=0
 full_count=0

Compilation events (20 events):
Event: 0.387 Thread 0x000072490c158f10 nmethod 714 0x00007248f4b1fd90 code [0x00007248f4b1ff20, 0x00007248f4b20050]
Event: 0.387 Thread 0x000072490c158f10  719       3       java.lang.invoke.LambdaForm$Name::<init> (66 bytes)
Event: 0.387 Thread 0x000072490c158f10 nmethod 719 0x00007248f4b20110 code [0x00007248f4b202c0, 0x00007248f4b20590]
Event: 0.387 Thread 0x000072490c158f10  720       3       jdk.internal.org.objectweb.asm.MethodWriter::visitTypeInsn (116 bytes)
Event: 0.387 Thread 0x000072490c158f10 nmethod 720 0x00007248f4b20690 code [0x00007248f4b20880, 0x00007248f4b20c88]
Event: 0.387 Thread 0x000072490c158f10  723       3       java.lang.invoke.MemberName::isResolved (13 bytes)
Event: 0.387 Thread 0x000072490c158f10 nmethod 723 0x00007248f4b20e90 code [0x00007248f4b21020, 0x00007248f4b21188]
Event: 0.387 Thread 0x000072490c158f10  721       1       jdk.internal.util.ClassFileDumper::isEnabled (5 bytes)
Event: 0.387 Thread 0x000072490c158f10 nmethod 721 0x00007248fc4fbb10 code [0x00007248fc4fbca0, 0x00007248fc4fbd68]
Event: 0.388 Thread 0x000072490c158f10  728       3       java.lang.invoke.MethodType::insertParameterTypes (121 bytes)
Event: 0.388 Thread 0x000072490c158f10 nmethod 728 0x00007248f4b21210 code [0x00007248f4b21500, 0x00007248f4b223f0]
Event: 0.388 Thread 0x000072490c158f10  730       3       jdk.internal.org.objectweb.asm.SymbolTable::addConstantNameAndType (137 bytes)
Event: 0.388 Thread 0x000072490c158f10 nmethod 730 0x00007248f4b22990 code [0x00007248f4b22be0, 0x00007248f4b23308]
Event: 0.388 Thread 0x000072490c158f10  735       3       java.util.Arrays::copyOf (10 bytes)
Event: 0.388 Thread 0x000072490c158f10 nmethod 735 0x00007248f4b23710 code [0x00007248f4b238c0, 0x00007248f4b23a10]
Event: 0.388 Thread 0x000072490c158f10  731       3       jdk.internal.org.objectweb.asm.SymbolTable$Entry::<init> (20 bytes)
Event: 0.388 Thread 0x000072490c158f10 nmethod 731 0x00007248f4b23b10 code [0x00007248f4b23cc0, 0x00007248f4b23e18]
Event: 0.388 Thread 0x000072490c157850  736       4       java.lang.StringLatin1::indexOf (37 bytes)
Event: 0.389 Thread 0x000072490c157850 nmethod 736 0x00007248fc4fdc10 code [0x00007248fc4fdda0, 0x00007248fc4fdfb0]
Event: 0.389 Thread 0x000072490c157850  737       4       java.lang.String::indexOf (37 bytes)

GC Heap History (0 events):
No events

Dll operation events (14 events):
Event: 0.004 Loaded shared library /home/wangjing/.jdks/openjdk-21.0.2/lib/libjava.so
Event: 0.064 Loaded shared library /home/wangjing/.jdks/openjdk-21.0.2/lib/libjsvml.so
Event: 0.107 Loaded shared library /home/wangjing/.jdks/openjdk-21.0.2/lib/libzip.so
Event: 0.111 Loaded shared library /home/wangjing/.jdks/openjdk-21.0.2/lib/libinstrument.so
Event: 0.114 Loaded shared library /home/wangjing/.jdks/openjdk-21.0.2/lib/libnio.so
Event: 0.119 Loaded shared library /home/wangjing/.jdks/openjdk-21.0.2/lib/libzip.so
Event: 0.159 Loaded shared library /home/wangjing/.jdks/openjdk-21.0.2/lib/libnet.so
Event: 0.167 Loaded shared library /home/wangjing/.jdks/openjdk-21.0.2/lib/libextnet.so
Event: 0.174 Loaded shared library /home/wangjing/.jdks/openjdk-21.0.2/lib/libjimage.so
Event: 0.232 Loaded shared library /home/wangjing/.javacpp/cache/javacpp-1.5.7-linux-x86_64.jar/org/bytedeco/javacpp/linux-x86_64/libjnijavacpp.so
Event: 0.354 Loaded shared library /home/wangjing/.javacpp/cache/llvm-13.0.1-1.5.7-linux-x86_64.jar/org/bytedeco/llvm/linux-x86_64/libLLVM-13.so
Event: 0.357 Loaded shared library /home/wangjing/.javacpp/cache/llvm-13.0.1-1.5.7-linux-x86_64.jar/org/bytedeco/llvm/linux-x86_64/libLTO.so.13
Event: 0.359 Loaded shared library /home/wangjing/.javacpp/cache/llvm-13.0.1-1.5.7-linux-x86_64.jar/org/bytedeco/llvm/linux-x86_64/libRemarks.so.13
Event: 0.360 Loaded shared library /home/wangjing/.javacpp/cache/llvm-13.0.1-1.5.7-linux-x86_64.jar/org/bytedeco/llvm/linux-x86_64/libjniLLVM.so

Deoptimization events (20 events):
Event: 0.206 Thread 0x000072490c029e70 Uncommon trap: trap_request=0xffffff45 fr.pc=0x00007248fc4d4508 relative=0x0000000000000ac8
Event: 0.206 Thread 0x000072490c029e70 Uncommon trap: reason=unstable_if action=reinterpret pc=0x00007248fc4d4508 method=java.util.HashMap.putVal(ILjava/lang/Object;Ljava/lang/Object;ZZ)Ljava/lang/Object; @ 181 c2
Event: 0.206 Thread 0x000072490c029e70 DEOPT PACKING pc=0x00007248fc4d4508 sp=0x0000724912bfccf0
Event: 0.206 Thread 0x000072490c029e70 DEOPT UNPACKING pc=0x00007248fbf8f619 sp=0x0000724912bfcca0 mode 2
Event: 0.225 Thread 0x000072490c029e70 Uncommon trap: trap_request=0xffffff45 fr.pc=0x00007248fc4da4ac relative=0x000000000000018c
Event: 0.225 Thread 0x000072490c029e70 Uncommon trap: reason=unstable_if action=reinterpret pc=0x00007248fc4da4ac method=jdk.internal.util.ArraysSupport.vectorizedHashCode(Ljava/lang/Object;IIII)I @ 2 c2
Event: 0.225 Thread 0x000072490c029e70 DEOPT PACKING pc=0x00007248fc4da4ac sp=0x0000724912bfc3c0
Event: 0.225 Thread 0x000072490c029e70 DEOPT UNPACKING pc=0x00007248fbf8f619 sp=0x0000724912bfc390 mode 2
Event: 0.252 Thread 0x000072490c029e70 DEOPT PACKING pc=0x00007248f4a38a74 sp=0x0000724912bfa2d0
Event: 0.252 Thread 0x000072490c029e70 DEOPT UNPACKING pc=0x00007248fbf9014f sp=0x0000724912bf9710 mode 0
Event: 0.259 Thread 0x000072490c029e70 DEOPT PACKING pc=0x00007248f4a1f2d5 sp=0x0000724912bf9f60
Event: 0.259 Thread 0x000072490c029e70 DEOPT UNPACKING pc=0x00007248fbf9014f sp=0x0000724912bf93e8 mode 0
Event: 0.274 Thread 0x000072490c029e70 Uncommon trap: trap_request=0xffffff45 fr.pc=0x00007248fc4e63ec relative=0x000000000000006c
Event: 0.274 Thread 0x000072490c029e70 Uncommon trap: reason=unstable_if action=reinterpret pc=0x00007248fc4e63ec method=java.lang.String.isLatin1()Z @ 10 c2
Event: 0.274 Thread 0x000072490c029e70 DEOPT PACKING pc=0x00007248fc4e63ec sp=0x0000724912bfe260
Event: 0.274 Thread 0x000072490c029e70 DEOPT UNPACKING pc=0x00007248fbf8f619 sp=0x0000724912bfe210 mode 2
Event: 0.343 Thread 0x000072490c029e70 Uncommon trap: trap_request=0xffffff6e fr.pc=0x00007248fc4ec818 relative=0x0000000000000458
Event: 0.343 Thread 0x000072490c029e70 Uncommon trap: reason=loop_limit_check action=maybe_recompile pc=0x00007248fc4ec818 method=java.lang.StringLatin1.indexOf([BI[BII)I @ 37 c2
Event: 0.343 Thread 0x000072490c029e70 DEOPT PACKING pc=0x00007248fc4ec818 sp=0x0000724912bfd900
Event: 0.343 Thread 0x000072490c029e70 DEOPT UNPACKING pc=0x00007248fbf8f619 sp=0x0000724912bfd880 mode 2

Classes loaded (20 events):
Event: 0.292 Loading class java/lang/IndexOutOfBoundsException
Event: 0.292 Loading class java/lang/IndexOutOfBoundsException done
Event: 0.325 Loading class java/util/BitSet
Event: 0.325 Loading class java/util/BitSet done
Event: 0.327 Loading class java/util/LinkedList
Event: 0.327 Loading class java/util/AbstractSequentialList
Event: 0.327 Loading class java/util/AbstractSequentialList done
Event: 0.327 Loading class java/util/LinkedList done
Event: 0.328 Loading class java/util/LinkedList$ListItr
Event: 0.328 Loading class java/util/LinkedList$ListItr done
Event: 0.328 Loading class java/util/LinkedList$Node
Event: 0.328 Loading class java/util/LinkedList$Node done
Event: 0.334 Loading class java/util/jar/JarFile$ThreadTrackHolder
Event: 0.334 Loading class java/util/jar/JarFile$ThreadTrackHolder done
Event: 0.334 Loading class jdk/internal/misc/ThreadTracker
Event: 0.334 Loading class jdk/internal/misc/ThreadTracker done
Event: 0.334 Loading class jdk/internal/misc/ThreadTracker$ThreadRef
Event: 0.334 Loading class jdk/internal/misc/ThreadTracker$ThreadRef done
Event: 0.334 Loading class sun/security/util/ManifestEntryVerifier
Event: 0.334 Loading class sun/security/util/ManifestEntryVerifier done

Classes unloaded (0 events):
No events

Classes redefined (0 events):
No events

Internal exceptions (9 events):
Event: 0.130 Thread 0x000072490c029e70 Implicit null exception at 0x00007248fc4d1663 to 0x00007248fc4d17c4
Event: 0.130 Thread 0x000072490c029e70 Exception <a 'java/lang/NoSuchMethodError'{0x00000007165f8aa0}: 'void java.lang.invoke.DirectMethodHandle$Holder.invokeStatic(java.lang.Object, java.lang.Object, java.lang.Object)'> (0x00000007165f8aa0) 
thrown [open/src/hotspot/share/interpreter/linkResolver.cpp, line 772]
Event: 0.138 Thread 0x000072490c029e70 Exception <a 'java/lang/NoSuchMethodError'{0x000000071626df18}: 'java.lang.Object java.lang.invoke.Invokers$Holder.invokeExact_MT(java.lang.Object, java.lang.Object, java.lang.Object, java.lang.Object, java.lang.Object)'> (0x000000071626df18) 
thrown [open/src/hotspot/share/interpreter/linkResolver.cpp, line 772]
Event: 0.164 Thread 0x000072490c029e70 Exception <a 'java/lang/NoSuchMethodError'{0x00000007162e13d8}: 'int java.lang.invoke.DirectMethodHandle$Holder.invokeStaticInit(java.lang.Object, java.lang.Object, java.lang.Object, java.lang.Object)'> (0x00000007162e13d8) 
thrown [open/src/hotspot/share/interpreter/linkResolver.cpp, line 772]
Event: 0.165 Thread 0x000072490c029e70 Exception <a 'java/lang/NoSuchMethodError'{0x0000000716327970}: 'java.lang.Object java.lang.invoke.DirectMethodHandle$Holder.invokeInterface(java.lang.Object, java.lang.Object)'> (0x0000000716327970) 
thrown [open/src/hotspot/share/interpreter/linkResolver.cpp, line 772]
Event: 0.165 Thread 0x000072490c029e70 Exception <a 'java/lang/IncompatibleClassChangeError'{0x000000071632abd8}: Found class java.lang.Object, but interface was expected> (0x000000071632abd8) 
thrown [open/src/hotspot/share/interpreter/linkResolver.cpp, line 840]
Event: 0.165 Thread 0x000072490c029e70 Exception <a 'java/lang/NoSuchMethodError'{0x000000071632d6b8}: 'void java.lang.invoke.DirectMethodHandle$Holder.invokeStatic(java.lang.Object, java.lang.Object)'> (0x000000071632d6b8) 
thrown [open/src/hotspot/share/interpreter/linkResolver.cpp, line 772]
Event: 0.165 Thread 0x000072490c029e70 Exception <a 'java/lang/NoSuchMethodError'{0x0000000716330970}: 'void java.lang.invoke.DirectMethodHandle$Holder.invokeStaticInit(java.lang.Object, java.lang.Object)'> (0x0000000716330970) 
thrown [open/src/hotspot/share/interpreter/linkResolver.cpp, line 772]
Event: 0.166 Thread 0x000072490c029e70 Exception <a 'java/lang/NoSuchMethodError'{0x0000000716335d80}: 'int java.lang.invoke.DirectMethodHandle$Holder.invokeStaticInit(java.lang.Object, java.lang.Object)'> (0x0000000716335d80) 
thrown [open/src/hotspot/share/interpreter/linkResolver.cpp, line 772]

ZGC Phase Switch (0 events):
No events

VM Operations (2 events):
Event: 0.283 Executing VM operation: HandshakeAllThreads (Deoptimize)
Event: 0.283 Executing VM operation: HandshakeAllThreads (Deoptimize) done

Events (20 events):
Event: 0.044 Thread 0x000072490c151650 Thread added: 0x000072490c151650
Event: 0.044 Protecting memory [0x00007248f02ce000,0x00007248f02d2000] with protection modes 0
Event: 0.044 Thread 0x000072490c153130 Thread added: 0x000072490c153130
Event: 0.045 Protecting memory [0x00007248f01ce000,0x00007248f01d2000] with protection modes 0
Event: 0.045 Thread 0x000072490c154770 Thread added: 0x000072490c154770
Event: 0.045 Protecting memory [0x00007248f00ce000,0x00007248f00d2000] with protection modes 0
Event: 0.047 Thread 0x000072490c155d10 Thread added: 0x000072490c155d10
Event: 0.048 Protecting memory [0x00007248e1f00000,0x00007248e1f04000] with protection modes 0
Event: 0.063 Thread 0x000072490c157850 Thread added: 0x000072490c157850
Event: 0.063 Protecting memory [0x00007248e1500000,0x00007248e1504000] with protection modes 0
Event: 0.065 Thread 0x000072490c158f10 Thread added: 0x000072490c158f10
Event: 0.070 Protecting memory [0x00007248e1400000,0x00007248e1404000] with protection modes 0
Event: 0.080 Thread 0x000072490c173220 Thread added: 0x000072490c173220
Event: 0.080 Protecting memory [0x00007248e1230000,0x00007248e1234000] with protection modes 0
Event: 0.141 Thread 0x000072490c203090 Thread added: 0x000072490c203090
Event: 0.144 Thread 0x000072490c2050f0 Thread added: 0x000072490c2050f0
Event: 0.151 Protecting memory [0x00007248e1030000,0x00007248e1034000] with protection modes 0
Event: 0.154 Protecting memory [0x00007248e1130000,0x00007248e1134000] with protection modes 0
Event: 0.156 Thread 0x000072490c20bac0 Thread added: 0x000072490c20bac0
Event: 0.158 Protecting memory [0x00007248e0f30000,0x00007248e0f34000] with protection modes 0


Dynamic libraries:
706c00000-716600000 rw-p 00000000 00:00 0 
716600000-7ffe00000 ---p 00000000 00:00 0 
7ffe00000-7fff08000 rw-p 00ce5000 08:03 2903295                          /home/wangjing/.jdks/openjdk-21.0.2/lib/server/classes.jsa
7fff08000-800000000 rw-p 00000000 00:00 0 
59e441b02000-59e441b03000 r-xp 00000000 08:03 2902800                    /home/wangjing/.jdks/openjdk-21.0.2/bin/java
59e441b04000-59e441b05000 r--p 00001000 08:03 2902800                    /home/wangjing/.jdks/openjdk-21.0.2/bin/java
59e441b05000-59e441b06000 rw-p 00002000 08:03 2902800                    /home/wangjing/.jdks/openjdk-21.0.2/bin/java
59e441dac000-59e441df2000 rw-p 00000000 00:00 0                          [heap]
724861400000-724861d26000 r--p 00000000 08:03 3025897                    /home/wangjing/.javacpp/cache/llvm-13.0.1-1.5.7-linux-x86_64.jar/org/bytedeco/llvm/linux-x86_64/libLLVM-13.so
724861d26000-7248656e9000 r-xp 00926000 08:03 3025897                    /home/wangjing/.javacpp/cache/llvm-13.0.1-1.5.7-linux-x86_64.jar/org/bytedeco/llvm/linux-x86_64/libLLVM-13.so
7248656e9000-72486793e000 r--p 042e9000 08:03 3025897                    /home/wangjing/.javacpp/cache/llvm-13.0.1-1.5.7-linux-x86_64.jar/org/bytedeco/llvm/linux-x86_64/libLLVM-13.so
72486793e000-724867e53000 r--p 0653d000 08:03 3025897                    /home/wangjing/.javacpp/cache/llvm-13.0.1-1.5.7-linux-x86_64.jar/org/bytedeco/llvm/linux-x86_64/libLLVM-13.so
724867e53000-724867e5e000 rw-p 06a52000 08:03 3025897                    /home/wangjing/.javacpp/cache/llvm-13.0.1-1.5.7-linux-x86_64.jar/org/bytedeco/llvm/linux-x86_64/libLLVM-13.so
724867e5e000-724867ed4000 rw-p 00000000 00:00 0 
724868000000-72486818a000 rw-p 00000000 00:00 0 
72486818a000-72486c000000 ---p 00000000 00:00 0 
724870000000-724870021000 rw-p 00000000 00:00 0 
724870021000-724874000000 ---p 00000000 00:00 0 
724874000000-72487414c000 rw-p 00000000 00:00 0 
72487414c000-724878000000 ---p 00000000 00:00 0 
724878000000-724878021000 rw-p 00000000 00:00 0 
724878021000-72487c000000 ---p 00000000 00:00 0 
72487c000000-72487c021000 rw-p 00000000 00:00 0 
72487c021000-724880000000 ---p 00000000 00:00 0 
724880000000-724880021000 rw-p 00000000 00:00 0 
724880021000-724884000000 ---p 00000000 00:00 0 
724884000000-724884021000 rw-p 00000000 00:00 0 
724884021000-724888000000 ---p 00000000 00:00 0 
724888000000-724888021000 rw-p 00000000 00:00 0 
724888021000-72488c000000 ---p 00000000 00:00 0 
72488e62d000-72488f1b0000 rw-p 00000000 00:00 0 
72488f1b0000-72488f400000 ---p 00000000 00:00 0 
72488f400000-72488f5c0000 rw-p 00000000 00:00 0 
72488f5c0000-724893000000 ---p 00000000 00:00 0 
724893000000-724893ca6000 rw-p 00001000 08:03 2903295                    /home/wangjing/.jdks/openjdk-21.0.2/lib/server/classes.jsa
724893ca6000-724894000000 ---p 00000000 00:00 0 
724894000000-724894030000 rw-p 00000000 00:00 0 
724894030000-724894070000 rw-p 00000000 00:00 0 
724894070000-724894080000 ---p 00000000 00:00 0 
724894080000-724894090000 rw-p 00000000 00:00 0 
724894090000-7248d4000000 ---p 00000000 00:00 0 
7248d4000000-7248d4021000 rw-p 00000000 00:00 0 
7248d4021000-7248d8000000 ---p 00000000 00:00 0 
7248d8000000-7248d8021000 rw-p 00000000 00:00 0 
7248d8021000-7248dc000000 ---p 00000000 00:00 0 
7248dc000000-7248dc021000 rw-p 00000000 00:00 0 
7248dc021000-7248e0000000 ---p 00000000 00:00 0 
7248e0532000-7248e0afa000 rw-p 00000000 00:00 0 
7248e0afa000-7248e0b5f000 r--p 00000000 08:03 3025902                    /home/wangjing/.javacpp/cache/llvm-13.0.1-1.5.7-linux-x86_64.jar/org/bytedeco/llvm/linux-x86_64/libjniLLVM.so
7248e0b5f000-7248e0bcd000 r-xp 00065000 08:03 3025902                    /home/wangjing/.javacpp/cache/llvm-13.0.1-1.5.7-linux-x86_64.jar/org/bytedeco/llvm/linux-x86_64/libjniLLVM.so
7248e0bcd000-7248e0bf8000 r--p 000d3000 08:03 3025902                    /home/wangjing/.javacpp/cache/llvm-13.0.1-1.5.7-linux-x86_64.jar/org/bytedeco/llvm/linux-x86_64/libjniLLVM.so
7248e0bf8000-7248e0bfb000 r--p 000fd000 08:03 3025902                    /home/wangjing/.javacpp/cache/llvm-13.0.1-1.5.7-linux-x86_64.jar/org/bytedeco/llvm/linux-x86_64/libjniLLVM.so
7248e0bfb000-7248e0bfe000 rw-p 00100000 08:03 3025902                    /home/wangjing/.javacpp/cache/llvm-13.0.1-1.5.7-linux-x86_64.jar/org/bytedeco/llvm/linux-x86_64/libjniLLVM.so
7248e0bfe000-7248e0c00000 rw-p 00000000 00:00 0 
7248e0c00000-7248e0c9a000 r--p 00000000 08:03 917771                     /usr/lib/x86_64-linux-gnu/libstdc++.so.6.0.30
7248e0c9a000-7248e0dab000 r-xp 0009a000 08:03 917771                     /usr/lib/x86_64-linux-gnu/libstdc++.so.6.0.30
7248e0dab000-7248e0e1a000 r--p 001ab000 08:03 917771                     /usr/lib/x86_64-linux-gnu/libstdc++.so.6.0.30
7248e0e1a000-7248e0e1b000 ---p 0021a000 08:03 917771                     /usr/lib/x86_64-linux-gnu/libstdc++.so.6.0.30
7248e0e1b000-7248e0e26000 r--p 0021a000 08:03 917771                     /usr/lib/x86_64-linux-gnu/libstdc++.so.6.0.30
7248e0e26000-7248e0e29000 rw-p 00225000 08:03 917771                     /usr/lib/x86_64-linux-gnu/libstdc++.so.6.0.30
7248e0e29000-7248e0e2c000 rw-p 00000000 00:00 0 
7248e0e49000-7248e0f30000 rw-p 00000000 00:00 0 
7248e0f30000-7248e0f34000 ---p 00000000 00:00 0 
7248e0f34000-7248e1030000 rw-p 00000000 00:00 0 
7248e1030000-7248e1034000 ---p 00000000 00:00 0 
7248e1034000-7248e1130000 rw-p 00000000 00:00 0 
7248e1130000-7248e1134000 ---p 00000000 00:00 0 
7248e1134000-7248e1230000 rw-p 00000000 00:00 0 
7248e1230000-7248e1234000 ---p 00000000 00:00 0 
7248e1234000-7248e1330000 rw-p 00000000 00:00 0 
7248e1330000-7248e13fe000 r-xp 00000000 08:03 2903269                    /home/wangjing/.jdks/openjdk-21.0.2/lib/libjsvml.so
7248e13fe000-7248e13ff000 r--p 000cd000 08:03 2903269                    /home/wangjing/.jdks/openjdk-21.0.2/lib/libjsvml.so
7248e13ff000-7248e1400000 rw-p 000ce000 08:03 2903269                    /home/wangjing/.jdks/openjdk-21.0.2/lib/libjsvml.so
7248e1400000-7248e1404000 ---p 00000000 00:00 0 
7248e1404000-7248e1500000 rw-p 00000000 00:00 0 
7248e1500000-7248e1504000 ---p 00000000 00:00 0 
7248e1504000-7248e1600000 rw-p 00000000 00:00 0 
7248e1600000-7248e1e78000 r--p 00000000 08:03 918099                     /usr/lib/locale/locale-archive
7248e1f00000-7248e1f04000 ---p 00000000 00:00 0 
7248e1f04000-7248e4000000 rw-p 00000000 00:00 0 
7248e4000000-7248e4021000 rw-p 00000000 00:00 0 
7248e4021000-7248e8000000 ---p 00000000 00:00 0 
7248e8000000-7248e8021000 rw-p 00000000 00:00 0 
7248e8021000-7248ec000000 ---p 00000000 00:00 0 
7248ec000000-7248ec021000 rw-p 00000000 00:00 0 
7248ec021000-7248f0000000 ---p 00000000 00:00 0 
7248f00ae000-7248f00b1000 r--p 00000000 08:03 919532                     /usr/lib/x86_64-linux-gnu/libgcc_s.so.1
7248f00b1000-7248f00c8000 r-xp 00003000 08:03 919532                     /usr/lib/x86_64-linux-gnu/libgcc_s.so.1
7248f00c8000-7248f00cc000 r--p 0001a000 08:03 919532                     /usr/lib/x86_64-linux-gnu/libgcc_s.so.1
7248f00cc000-7248f00cd000 r--p 0001d000 08:03 919532                     /usr/lib/x86_64-linux-gnu/libgcc_s.so.1
7248f00cd000-7248f00ce000 rw-p 0001e000 08:03 919532                     /usr/lib/x86_64-linux-gnu/libgcc_s.so.1
7248f00ce000-7248f00d2000 ---p 00000000 00:00 0 
7248f00d2000-7248f01ce000 rw-p 00000000 00:00 0 
7248f01ce000-7248f01d2000 ---p 00000000 00:00 0 
7248f01d2000-7248f02ce000 rw-p 00000000 00:00 0 
7248f02ce000-7248f02d2000 ---p 00000000 00:00 0 
7248f02d2000-7248f03ce000 rw-p 00000000 00:00 0 
7248f03ce000-7248f03d2000 ---p 00000000 00:00 0 
7248f03d2000-7248f04ce000 rw-p 00000000 00:00 0 
7248f04ce000-7248f04cf000 ---p 00000000 00:00 0 
7248f04cf000-7248f05cf000 rw-p 00000000 00:00 0 
7248f05cf000-7248f05d0000 ---p 00000000 00:00 0 
7248f05d0000-7248f07ac000 rw-p 00000000 00:00 0 
7248f07ac000-7248f07ad000 ---p 00000000 00:00 0 
7248f07ad000-7248f08ad000 rw-p 00000000 00:00 0 
7248f08ad000-7248f08ae000 ---p 00000000 00:00 0 
7248f08ae000-7248f0f98000 rw-p 00000000 00:00 0 
7248f0f98000-7248f49f8000 ---p 00000000 00:00 0 
7248f49f8000-7248f4a00000 rw-p 00000000 00:00 0 
7248f4a00000-7248f4c70000 rwxp 00000000 00:00 0 
7248f4c70000-7248fbf38000 ---p 00000000 00:00 0 
7248fbf38000-7248fc1a8000 rwxp 00000000 00:00 0 
7248fc1a8000-7248fc4c7000 ---p 00000000 00:00 0 
7248fc4c7000-7248fc737000 rwxp 00000000 00:00 0 
7248fc737000-724903a00000 ---p 00000000 00:00 0 
724903a00000-72490becf000 r--s 00000000 08:03 2903286                    /home/wangjing/.jdks/openjdk-21.0.2/lib/modules
72490bedb000-72490bee2000 r--p 00000000 08:03 3025898                    /home/wangjing/.javacpp/cache/llvm-13.0.1-1.5.7-linux-x86_64.jar/org/bytedeco/llvm/linux-x86_64/libLTO.so.13
72490bee2000-72490beea000 r-xp 00007000 08:03 3025898                    /home/wangjing/.javacpp/cache/llvm-13.0.1-1.5.7-linux-x86_64.jar/org/bytedeco/llvm/linux-x86_64/libLTO.so.13
72490beea000-72490beec000 r--p 0000f000 08:03 3025898                    /home/wangjing/.javacpp/cache/llvm-13.0.1-1.5.7-linux-x86_64.jar/org/bytedeco/llvm/linux-x86_64/libLTO.so.13
72490beec000-72490beed000 r--p 00010000 08:03 3025898                    /home/wangjing/.javacpp/cache/llvm-13.0.1-1.5.7-linux-x86_64.jar/org/bytedeco/llvm/linux-x86_64/libLTO.so.13
72490beed000-72490beee000 rw-p 00011000 08:03 3025898                    /home/wangjing/.javacpp/cache/llvm-13.0.1-1.5.7-linux-x86_64.jar/org/bytedeco/llvm/linux-x86_64/libLTO.so.13
72490beee000-72490bef2000 r--p 00000000 08:03 3025878                    /home/wangjing/.javacpp/cache/javacpp-1.5.7-linux-x86_64.jar/org/bytedeco/javacpp/linux-x86_64/libjnijavacpp.so
72490bef2000-72490bef9000 r-xp 00004000 08:03 3025878                    /home/wangjing/.javacpp/cache/javacpp-1.5.7-linux-x86_64.jar/org/bytedeco/javacpp/linux-x86_64/libjnijavacpp.so
72490bef9000-72490befd000 r--p 0000b000 08:03 3025878                    /home/wangjing/.javacpp/cache/javacpp-1.5.7-linux-x86_64.jar/org/bytedeco/javacpp/linux-x86_64/libjnijavacpp.so
72490befd000-72490befe000 r--p 0000e000 08:03 3025878                    /home/wangjing/.javacpp/cache/javacpp-1.5.7-linux-x86_64.jar/org/bytedeco/javacpp/linux-x86_64/libjnijavacpp.so
72490befe000-72490beff000 rw-p 0000f000 08:03 3025878                    /home/wangjing/.javacpp/cache/javacpp-1.5.7-linux-x86_64.jar/org/bytedeco/javacpp/linux-x86_64/libjnijavacpp.so
72490beff000-72490bf00000 ---p 00000000 00:00 0 
72490bf00000-72490c000000 rw-p 00000000 00:00 0 
72490c000000-72490c3c3000 rw-p 00000000 00:00 0 
72490c3c3000-724910000000 ---p 00000000 00:00 0 
724910007000-72491000e000 r--s 00000000 08:03 1577451                    /usr/lib/x86_64-linux-gnu/gconv/gconv-modules.cache
72491000e000-72491004f000 rw-p 00000000 00:00 0 
72491004f000-724910050000 ---p 00000000 00:00 0 
724910050000-724910150000 rw-p 00000000 00:00 0 
724910150000-724910151000 ---p 00000000 00:00 0 
724910151000-724910311000 rw-p 00000000 00:00 0 
724910311000-724910a5d000 ---p 00000000 00:00 0 
724910a5d000-724910adb000 rw-p 00000000 00:00 0 
724910adb000-724911227000 ---p 00000000 00:00 0 
724911227000-72491142f000 rw-p 00000000 00:00 0 
72491142f000-724911515000 ---p 00000000 00:00 0 
724911515000-72491151a000 rw-p 00000000 00:00 0 
72491151a000-724911600000 ---p 00000000 00:00 0 
724911600000-724912912000 r-xp 00000000 08:03 2903298                    /home/wangjing/.jdks/openjdk-21.0.2/lib/server/libjvm.so
724912912000-724912913000 ---p 01312000 08:03 2903298                    /home/wangjing/.jdks/openjdk-21.0.2/lib/server/libjvm.so
724912913000-7249129e0000 r--p 01312000 08:03 2903298                    /home/wangjing/.jdks/openjdk-21.0.2/lib/server/libjvm.so
7249129e0000-724912a0e000 rw-p 013df000 08:03 2903298                    /home/wangjing/.jdks/openjdk-21.0.2/lib/server/libjvm.so
724912a0e000-724912a74000 rw-p 00000000 00:00 0 
724912a76000-724912a77000 r--p 00000000 08:03 3025900                    /home/wangjing/.javacpp/cache/llvm-13.0.1-1.5.7-linux-x86_64.jar/org/bytedeco/llvm/linux-x86_64/libRemarks.so.13
724912a77000-724912a78000 r-xp 00001000 08:03 3025900                    /home/wangjing/.javacpp/cache/llvm-13.0.1-1.5.7-linux-x86_64.jar/org/bytedeco/llvm/linux-x86_64/libRemarks.so.13
724912a78000-724912a79000 r--p 00002000 08:03 3025900                    /home/wangjing/.javacpp/cache/llvm-13.0.1-1.5.7-linux-x86_64.jar/org/bytedeco/llvm/linux-x86_64/libRemarks.so.13
724912a79000-724912a7a000 r--p 00002000 08:03 3025900                    /home/wangjing/.javacpp/cache/llvm-13.0.1-1.5.7-linux-x86_64.jar/org/bytedeco/llvm/linux-x86_64/libRemarks.so.13
724912a7a000-724912a7b000 rw-p 00003000 08:03 3025900                    /home/wangjing/.javacpp/cache/llvm-13.0.1-1.5.7-linux-x86_64.jar/org/bytedeco/llvm/linux-x86_64/libRemarks.so.13
724912a7b000-724912a87000 r-xp 00000000 08:03 2903276                    /home/wangjing/.jdks/openjdk-21.0.2/lib/libnet.so
724912a87000-724912a88000 r--p 0000b000 08:03 2903276                    /home/wangjing/.jdks/openjdk-21.0.2/lib/libnet.so
724912a88000-724912a89000 rw-p 0000c000 08:03 2903276                    /home/wangjing/.jdks/openjdk-21.0.2/lib/libnet.so
724912a89000-724912a9d000 r-xp 00000000 08:03 2903277                    /home/wangjing/.jdks/openjdk-21.0.2/lib/libnio.so
724912a9d000-724912a9e000 r--p 00013000 08:03 2903277                    /home/wangjing/.jdks/openjdk-21.0.2/lib/libnio.so
724912a9e000-724912a9f000 rw-p 00014000 08:03 2903277                    /home/wangjing/.jdks/openjdk-21.0.2/lib/libnio.so
724912a9f000-724912aa6000 r-xp 00000000 08:03 2903285                    /home/wangjing/.jdks/openjdk-21.0.2/lib/libzip.so
724912aa6000-724912aa7000 ---p 00007000 08:03 2903285                    /home/wangjing/.jdks/openjdk-21.0.2/lib/libzip.so
724912aa7000-724912aa8000 r--p 00007000 08:03 2903285                    /home/wangjing/.jdks/openjdk-21.0.2/lib/libzip.so
724912aa8000-724912aa9000 rw-p 00008000 08:03 2903285                    /home/wangjing/.jdks/openjdk-21.0.2/lib/libzip.so
724912aa9000-724912aae000 rw-p 00000000 00:00 0 
724912aae000-724912ab5000 ---p 00000000 00:00 0 
724912ab5000-724912abd000 rw-s 00000000 08:03 131132                     /tmp/hsperfdata_wangjing/34690
724912abd000-724912add000 r-xp 00000000 08:03 2903261                    /home/wangjing/.jdks/openjdk-21.0.2/lib/libjava.so
724912add000-724912ade000 ---p 00020000 08:03 2903261                    /home/wangjing/.jdks/openjdk-21.0.2/lib/libjava.so
724912ade000-724912adf000 r--p 00020000 08:03 2903261                    /home/wangjing/.jdks/openjdk-21.0.2/lib/libjava.so
724912adf000-724912ae0000 rw-p 00021000 08:03 2903261                    /home/wangjing/.jdks/openjdk-21.0.2/lib/libjava.so
724912ae0000-724912ae1000 rw-p 00000000 00:00 0 
724912ae1000-724912afc000 r-xp 00000000 08:03 2903265                    /home/wangjing/.jdks/openjdk-21.0.2/lib/libjimage.so
724912afc000-724912afd000 ---p 0001b000 08:03 2903265                    /home/wangjing/.jdks/openjdk-21.0.2/lib/libjimage.so
724912afd000-724912aff000 r--p 0001b000 08:03 2903265                    /home/wangjing/.jdks/openjdk-21.0.2/lib/libjimage.so
724912aff000-724912b00000 rw-p 0001d000 08:03 2903265                    /home/wangjing/.jdks/openjdk-21.0.2/lib/libjimage.so
724912b00000-724912b04000 ---p 00000000 00:00 0 
724912b04000-724912c00000 rw-p 00000000 00:00 0 
724912c00000-724912c28000 r--p 00000000 08:03 918327                     /usr/lib/x86_64-linux-gnu/libc.so.6
724912c28000-724912dbd000 r-xp 00028000 08:03 918327                     /usr/lib/x86_64-linux-gnu/libc.so.6
724912dbd000-724912e15000 r--p 001bd000 08:03 918327                     /usr/lib/x86_64-linux-gnu/libc.so.6
724912e15000-724912e16000 ---p 00215000 08:03 918327                     /usr/lib/x86_64-linux-gnu/libc.so.6
724912e16000-724912e1a000 r--p 00215000 08:03 918327                     /usr/lib/x86_64-linux-gnu/libc.so.6
724912e1a000-724912e1c000 rw-p 00219000 08:03 918327                     /usr/lib/x86_64-linux-gnu/libc.so.6
724912e1c000-724912e29000 rw-p 00000000 00:00 0 
724912e2c000-724912e2e000 r-xp 00000000 08:03 2903254                    /home/wangjing/.jdks/openjdk-21.0.2/lib/libextnet.so
724912e2e000-724912e2f000 r--p 00001000 08:03 2903254                    /home/wangjing/.jdks/openjdk-21.0.2/lib/libextnet.so
724912e2f000-724912e30000 rw-p 00002000 08:03 2903254                    /home/wangjing/.jdks/openjdk-21.0.2/lib/libextnet.so
724912e30000-724912e3e000 r--p 00000000 08:03 918405                     /usr/lib/x86_64-linux-gnu/libm.so.6
724912e3e000-724912eba000 r-xp 0000e000 08:03 918405                     /usr/lib/x86_64-linux-gnu/libm.so.6
724912eba000-724912f15000 r--p 0008a000 08:03 918405                     /usr/lib/x86_64-linux-gnu/libm.so.6
724912f15000-724912f16000 r--p 000e4000 08:03 918405                     /usr/lib/x86_64-linux-gnu/libm.so.6
724912f16000-724912f17000 rw-p 000e5000 08:03 918405                     /usr/lib/x86_64-linux-gnu/libm.so.6
724912f17000-724912f18000 r--p 00000000 08:03 918629                     /usr/lib/x86_64-linux-gnu/librt.so.1
724912f18000-724912f19000 r-xp 00001000 08:03 918629                     /usr/lib/x86_64-linux-gnu/librt.so.1
724912f19000-724912f1a000 r--p 00002000 08:03 918629                     /usr/lib/x86_64-linux-gnu/librt.so.1
724912f1a000-724912f1b000 r--p 00002000 08:03 918629                     /usr/lib/x86_64-linux-gnu/librt.so.1
724912f1b000-724912f1c000 rw-p 00003000 08:03 918629                     /usr/lib/x86_64-linux-gnu/librt.so.1
724912f1c000-724912f20000 rw-p 00000000 00:00 0 
724912f20000-724912f21000 r--p 00000000 08:03 918333                     /usr/lib/x86_64-linux-gnu/libdl.so.2
724912f21000-724912f22000 r-xp 00001000 08:03 918333                     /usr/lib/x86_64-linux-gnu/libdl.so.2
724912f22000-724912f23000 r--p 00002000 08:03 918333                     /usr/lib/x86_64-linux-gnu/libdl.so.2
724912f23000-724912f24000 r--p 00002000 08:03 918333                     /usr/lib/x86_64-linux-gnu/libdl.so.2
724912f24000-724912f25000 rw-p 00003000 08:03 918333                     /usr/lib/x86_64-linux-gnu/libdl.so.2
724912f25000-724912f26000 r--p 00000000 08:03 918461                     /usr/lib/x86_64-linux-gnu/libpthread.so.0
724912f26000-724912f27000 r-xp 00001000 08:03 918461                     /usr/lib/x86_64-linux-gnu/libpthread.so.0
724912f27000-724912f28000 r--p 00002000 08:03 918461                     /usr/lib/x86_64-linux-gnu/libpthread.so.0
724912f28000-724912f29000 r--p 00002000 08:03 918461                     /usr/lib/x86_64-linux-gnu/libpthread.so.0
724912f29000-724912f2a000 rw-p 00003000 08:03 918461                     /usr/lib/x86_64-linux-gnu/libpthread.so.0
724912f2a000-724912f38000 r-xp 00000000 08:03 2903266                    /home/wangjing/.jdks/openjdk-21.0.2/lib/libjli.so
724912f38000-724912f39000 ---p 0000e000 08:03 2903266                    /home/wangjing/.jdks/openjdk-21.0.2/lib/libjli.so
724912f39000-724912f3a000 r--p 0000e000 08:03 2903266                    /home/wangjing/.jdks/openjdk-21.0.2/lib/libjli.so
724912f3a000-724912f3b000 rw-p 0000f000 08:03 2903266                    /home/wangjing/.jdks/openjdk-21.0.2/lib/libjli.so
724912f3b000-724912f3d000 r--p 00000000 08:03 917955                     /usr/lib/x86_64-linux-gnu/libz.so.1.2.11
724912f3d000-724912f4e000 r-xp 00002000 08:03 917955                     /usr/lib/x86_64-linux-gnu/libz.so.1.2.11
724912f4e000-724912f54000 r--p 00013000 08:03 917955                     /usr/lib/x86_64-linux-gnu/libz.so.1.2.11
724912f54000-724912f55000 ---p 00019000 08:03 917955                     /usr/lib/x86_64-linux-gnu/libz.so.1.2.11
724912f55000-724912f56000 r--p 00019000 08:03 917955                     /usr/lib/x86_64-linux-gnu/libz.so.1.2.11
724912f56000-724912f57000 rw-p 0001a000 08:03 917955                     /usr/lib/x86_64-linux-gnu/libz.so.1.2.11
724912f5a000-724912f64000 r-xp 00000000 08:03 2903256                    /home/wangjing/.jdks/openjdk-21.0.2/lib/libinstrument.so
724912f64000-724912f65000 ---p 0000a000 08:03 2903256                    /home/wangjing/.jdks/openjdk-21.0.2/lib/libinstrument.so
724912f65000-724912f66000 r--p 0000a000 08:03 2903256                    /home/wangjing/.jdks/openjdk-21.0.2/lib/libinstrument.so
724912f66000-724912f67000 rw-p 0000b000 08:03 2903256                    /home/wangjing/.jdks/openjdk-21.0.2/lib/libinstrument.so
724912f67000-724912f68000 ---p 00000000 00:00 0 
724912f68000-724912f69000 r--p 00000000 00:00 0 
724912f69000-724912f6b000 rw-p 00000000 00:00 0 
724912f6b000-724912f6d000 r--p 00000000 08:03 917666                     /usr/lib/x86_64-linux-gnu/ld-linux-x86-64.so.2
724912f6d000-724912f97000 r-xp 00002000 08:03 917666                     /usr/lib/x86_64-linux-gnu/ld-linux-x86-64.so.2
724912f97000-724912fa2000 r--p 0002c000 08:03 917666                     /usr/lib/x86_64-linux-gnu/ld-linux-x86-64.so.2
724912fa2000-724912fa3000 ---p 00000000 00:00 0 
724912fa3000-724912fa5000 r--p 00037000 08:03 917666                     /usr/lib/x86_64-linux-gnu/ld-linux-x86-64.so.2
724912fa5000-724912fa7000 rw-p 00039000 08:03 917666                     /usr/lib/x86_64-linux-gnu/ld-linux-x86-64.so.2
7ffd3655f000-7ffd36580000 rw-p 00000000 00:00 0                          [stack]
7ffd3659c000-7ffd365a0000 r--p 00000000 00:00 0                          [vvar]
7ffd365a0000-7ffd365a2000 r-xp 00000000 00:00 0                          [vdso]
ffffffffff600000-ffffffffff601000 --xp 00000000 00:00 0                  [vsyscall]
Total number of mappings: 235


VM Arguments:
jvm_args: -javaagent:/opt/idea/idea-IU-233.14475.28/lib/idea_rt.jar=46537:/opt/idea/idea-IU-233.14475.28/bin -Dfile.encoding=UTF-8 -Dsun.stdout.encoding=UTF-8 -Dsun.stderr.encoding=UTF-8 
java_command: Main ./tests/test1.sysy output.ll
java_class_path (initial): /home/wangjing/Lab/target/classes:/usr/local/lib/javacpp-1.5.7.jar:/usr/local/lib/llvm-13.0.1-1.5.7.jar:/usr/local/lib/antlr-4.9.1-complete.jar:/usr/local/lib/javacpp-1.5.7-linux-x86_64.jar:/usr/local/lib/llvm-platform-13.0.1-1.5.7.jar:/usr/local/lib/llvm-13.0.1-1.5.7-linux-x86_64.jar
Launcher Type: SUN_STANDARD

[Global flags]
     intx CICompilerCount                          = 2                                         {product} {ergonomic}
     uint ConcGCThreads                            = 1                                         {product} {ergonomic}
     uint G1ConcRefinementThreads                  = 2                                         {product} {ergonomic}
   size_t G1HeapRegionSize                         = 2097152                                   {product} {ergonomic}
    uintx GCDrainStackTargetSize                   = 64                                        {product} {ergonomic}
   size_t InitialHeapSize                          = 262144000                                 {product} {ergonomic}
   size_t MarkStackSize                            = 4194304                                   {product} {ergonomic}
   size_t MaxHeapSize                              = 4181721088                                {product} {ergonomic}
   size_t MaxNewSize                               = 2508193792                                {product} {ergonomic}
   size_t MinHeapDeltaBytes                        = 2097152                                   {product} {ergonomic}
   size_t MinHeapSize                              = 8388608                                   {product} {ergonomic}
    uintx NonNMethodCodeHeapSize                   = 5826188                                {pd product} {ergonomic}
    uintx NonProfiledCodeHeapSize                  = 122916026                              {pd product} {ergonomic}
    uintx ProfiledCodeHeapSize                     = 122916026                              {pd product} {ergonomic}
    uintx ReservedCodeCacheSize                    = 251658240                              {pd product} {ergonomic}
     bool SegmentedCodeCache                       = true                                      {product} {ergonomic}
   size_t SoftMaxHeapSize                          = 4181721088                             {manageable} {ergonomic}
     bool UseCompressedOops                        = true                           {product lp64_product} {ergonomic}
     bool UseG1GC                                  = true                                      {product} {ergonomic}

Logging:
Log output configuration:
 #0: stdout all=warning uptime,level,tags foldmultilines=false
 #1: stderr all=off uptime,level,tags foldmultilines=false

Environment Variables:
PATH=/usr/local/sbin:/usr/local/bin:/usr/sbin:/usr/bin:/sbin:/bin:/usr/games:/usr/local/games:/snap/bin:/snap/bin
USERNAME=wangjing
SHELL=/bin/bash
DISPLAY=:0
LANG=en_US.UTF-8
LC_NUMERIC=zh_CN.UTF-8
LC_TIME=zh_CN.UTF-8

Active Locale:
LC_ALL=LC_CTYPE=en_US.UTF-8;LC_NUMERIC=zh_CN.UTF-8;LC_TIME=zh_CN.UTF-8;LC_COLLATE=en_US.UTF-8;LC_MONETARY=zh_CN.UTF-8;LC_MESSAGES=en_US.UTF-8;LC_PAPER=zh_CN.UTF-8;LC_NAME=zh_CN.UTF-8;LC_ADDRESS=zh_CN.UTF-8;LC_TELEPHONE=zh_CN.UTF-8;LC_MEASUREMENT=zh_CN.UTF-8;LC_IDENTIFICATION=zh_CN.UTF-8
LC_COLLATE=en_US.UTF-8
LC_CTYPE=en_US.UTF-8
LC_MESSAGES=en_US.UTF-8
LC_MONETARY=zh_CN.UTF-8
LC_NUMERIC=zh_CN.UTF-8
LC_TIME=zh_CN.UTF-8

Signal Handlers:
   SIGSEGV: crash_handler in libjvm.so, mask=11100100010111111101111111111110, flags=SA_RESTART|SA_SIGINFO, unblocked
    SIGBUS: crash_handler in libjvm.so, mask=11100100010111111101111111111110, flags=SA_RESTART|SA_SIGINFO, unblocked
    SIGFPE: crash_handler in libjvm.so, mask=11100100010111111101111111111110, flags=SA_RESTART|SA_SIGINFO, unblocked
   SIGPIPE: javaSignalHandler in libjvm.so, mask=11100100010111111101111111111110, flags=SA_RESTART|SA_SIGINFO, blocked
   SIGXFSZ: javaSignalHandler in libjvm.so, mask=11100100010111111101111111111110, flags=SA_RESTART|SA_SIGINFO, blocked
    SIGILL: crash_handler in libjvm.so, mask=11100100010111111101111111111110, flags=SA_RESTART|SA_SIGINFO, unblocked
   SIGUSR2: SR_handler in libjvm.so, mask=00100000000000000000000000000000, flags=SA_RESTART|SA_SIGINFO, blocked
    SIGHUP: UserHandler in libjvm.so, mask=11100100010111111101111111111110, flags=SA_RESTART|SA_SIGINFO, blocked
    SIGINT: UserHandler in libjvm.so, mask=11100100010111111101111111111110, flags=SA_RESTART|SA_SIGINFO, blocked
   SIGTERM: UserHandler in libjvm.so, mask=11100100010111111101111111111110, flags=SA_RESTART|SA_SIGINFO, blocked
   SIGQUIT: UserHandler in libjvm.so, mask=11100100010111111101111111111110, flags=SA_RESTART|SA_SIGINFO, blocked
   SIGTRAP: crash_handler in libjvm.so, mask=11100100010111111101111111111110, flags=SA_RESTART|SA_SIGINFO, unblocked


Periodic native trim disabled

---------------  S Y S T E M  ---------------

OS:
DISTRIB_ID=Ubuntu
DISTRIB_RELEASE=22.04
DISTRIB_CODENAME=jammy
DISTRIB_DESCRIPTION="Ubuntu 22.04.4 LTS"
uname: Linux 6.5.0-35-generic #35~22.04.1-Ubuntu SMP PREEMPT_DYNAMIC Tue May  7 09:00:52 UTC 2 x86_64
OS uptime: 0 days 6:03 hours
libc: glibc 2.35 NPTL 2.35 
rlimit (soft/hard): STACK 8192k/infinity , CORE 0k/infinity , NPROC 63495/63495 , NOFILE 1048576/1048576 , AS infinity/infinity , CPU infinity/infinity , DATA infinity/infinity , FSIZE infinity/infinity , MEMLOCK 2041424k/2041424k
load average: 0.95 0.82 0.77

/proc/meminfo:
MemTotal:       16331420 kB
MemFree:         2261096 kB
MemAvailable:    9481896 kB
Buffers:          196232 kB
Cached:          7150752 kB
SwapCached:            0 kB
Active:          7778784 kB
Inactive:        5061144 kB
Active(anon):    5566904 kB
Inactive(anon):        0 kB
Active(file):    2211880 kB
Inactive(file):  5061144 kB
Unevictable:           0 kB
Mlocked:               0 kB
SwapTotal:       2097148 kB
SwapFree:        2097148 kB
Zswap:                 0 kB
Zswapped:              0 kB
Dirty:               212 kB
Writeback:             0 kB
AnonPages:       5493084 kB
Mapped:          1416816 kB
Shmem:             73960 kB
KReclaimable:     285068 kB
Slab:             466484 kB
SReclaimable:     285068 kB
SUnreclaim:       181416 kB
KernelStack:       16356 kB
PageTables:        38824 kB
SecPageTables:         0 kB
NFS_Unstable:          0 kB
Bounce:                0 kB
WritebackTmp:          0 kB
CommitLimit:    10262856 kB
Committed_AS:    9289304 kB
VmallocTotal:   34359738367 kB
VmallocUsed:       45904 kB
VmallocChunk:          0 kB
Percpu:           110592 kB
HardwareCorrupted:     0 kB
AnonHugePages:         0 kB
ShmemHugePages:        0 kB
ShmemPmdMapped:        0 kB
FileHugePages:         0 kB
FilePmdMapped:         0 kB
Unaccepted:            0 kB
HugePages_Total:       0
HugePages_Free:        0
HugePages_Rsvd:        0
HugePages_Surp:        0
Hugepagesize:       2048 kB
Hugetlb:               0 kB
DirectMap4k:      159552 kB
DirectMap2M:     5083136 kB
DirectMap1G:    13631488 kB

/sys/kernel/mm/transparent_hugepage/enabled: always [madvise] never
/sys/kernel/mm/transparent_hugepage/defrag (defrag/compaction efforts parameter): always defer defer+madvise [madvise] never

Process Memory:
Virtual Size: 6887720K (peak: 6887720K)
Resident Set Size: 114768K (peak: 114768K) (anon: 63596K, file: 51172K, shmem: 0K)
Swapped out: 0K
C-Heap outstanding allocations: 32872K, retained: 2203K
glibc malloc tunables: (default)

/proc/sys/kernel/threads-max (system-wide limit on the number of threads): 126990
/proc/sys/vm/max_map_count (maximum number of memory map areas a process may have): 65530
/proc/sys/kernel/pid_max (system-wide limit on number of process identifiers): 4194304

container (cgroup) information:
container_type: cgroupv2
cpu_cpuset_cpus: not supported
cpu_memory_nodes: not supported
active_processor_count: 2
cpu_quota: not supported
cpu_period: not supported
cpu_shares: not supported
memory_limit_in_bytes: unlimited
memory_and_swap_limit_in_bytes: unlimited
memory_soft_limit_in_bytes: unlimited
memory_usage_in_bytes: 5700440 k
memory_max_usage_in_bytes: not supported
memory_swap_current_in_bytes: unlimited
memory_swap_max_limit_in_bytes: unlimited
maximum number of tasks: 19048
current number of tasks: 167

VMWare virtualization detected
Steal ticks since vm start: 0
Steal ticks percentage since vm start:  0.000

CPU: total 2 (initial active 2) (1 cores per cpu, 1 threads per core) family 25 model 116 stepping 1 microcode 0xffffffff, cx8, cmov, fxsr, mmx, sse, sse2, sse3, ssse3, sse4a, sse4.1, sse4.2, popcnt, lzcnt, tsc, tscinvbit, avx, avx2, aes, erms, clmul, bmi1, bmi2, adx, avx512f, avx512dq, avx512cd, avx512bw, avx512vl, sha, fma, vzeroupper, avx512_vpopcntdq, avx512_vpclmulqdq, avx512_vaes, avx512_vnni, clflush, clflushopt, avx512_vbmi2, avx512_vbmi, hv, rdtscp, rdpid, gfni, avx512_bitalg, f16c, avx512_ifma
CPU Model and flags from /proc/cpuinfo:
model name	: AMD Ryzen 7 7840HS with Radeon 780M Graphics
flags		: fpu vme de pse tsc msr pae mce cx8 apic sep mtrr pge mca cmov pat pse36 clflush mmx fxsr sse sse2 syscall nx mmxext pdpe1gb rdtscp lm constant_tsc rep_good nopl tsc_reliable nonstop_tsc cpuid extd_apicid tsc_known_freq pni pclmulqdq ssse3 fma cx16 sse4_1 sse4_2 x2apic movbe popcnt aes xsave avx f16c rdrand hypervisor lahf_lm cr8_legacy abm sse4a misalignsse 3dnowprefetch osvw topoext ibpb vmmcall fsgsbase bmi1 avx2 smep bmi2 erms invpcid avx512f avx512dq rdseed adx smap avx512ifma clflushopt clwb avx512cd sha_ni avx512bw avx512vl xsaveopt xsavec xgetbv1 xsaves avx512_bf16 clzero arat avx512vbmi umip avx512_vbmi2 gfni vaes vpclmulqdq avx512_vnni avx512_bitalg avx512_vpopcntdq rdpid overflow_recov succor

Online cpus: 0-1
Offline cpus: 2-127
BIOS frequency limitation: <Not Available>
Frequency switch latency (ns): <Not Available>
Available cpu frequencies: <Not Available>
Current governor: <Not Available>
Core performance/turbo boost: <Not Available>

Memory: 4k page, physical 16331420k(9481896k free), swap 2097148k(2097148k free)
Page Sizes: 4k

vm_info: OpenJDK 64-Bit Server VM (21.0.2+13-58) for linux-amd64 JRE (21.0.2+13-58), built on 2024-01-05T18:32:24Z by "mach5one" with gcc 11.2.0

END.
