#
# A fatal error has been detected by the Java Runtime Environment:
#
#  SIGSEGV (0xb) at pc=0x00007952da02c882, pid=34958, tid=34965
#
# JRE version: OpenJDK Runtime Environment (21.0.2+13) (build 21.0.2+13-58)
# Java VM: OpenJDK 64-Bit Server VM (21.0.2+13-58, mixed mode, sharing, tiered, compressed oops, compressed class ptrs, g1 gc, linux-amd64)
# Problematic frame:
# C  [libLLVM-13.so+0xc2c882]  LLVMBuildLoad+0x12
#
# Core dump will be written. Default location: Core dumps may be processed with "/usr/share/apport/apport -p%p -s%s -c%c -d%d -P%P -u%u -g%g -- %E" (or dumping to /home/wangjing/Lab/core.34958)
#
# If you would like to submit a bug report, please visit:
#   https://bugreport.java.com/bugreport/crash.jsp
# The crash happened outside the Java Virtual Machine in native code.
# See problematic frame for where to report the bug.
#

---------------  S U M M A R Y ------------

Command Line: -agentlib:jdwp=transport=dt_socket,address=127.0.0.1:43037,suspend=y,server=n -javaagent:/opt/idea/idea-IU-233.14475.28/plugins/java/lib/rt/debugger-agent.jar -Dfile.encoding=UTF-8 -Dsun.stdout.encoding=UTF-8 -Dsun.stderr.encoding=UTF-8 Main ./tests/test1.sysy output.ll

Host: AMD Ryzen 7 7840HS with Radeon 780M Graphics, 2 cores, 15G, Ubuntu 22.04.4 LTS
Time: Thu May 30 14:52:22 2024 CST elapsed time: 27.547859 seconds (0d 0h 0m 27s)

---------------  T H R E A D  ---------------

Current thread (0x000079538002caa0):  JavaThread "main"             [_thread_in_native, id=34965, stack(0x0000795385d00000,0x0000795385e00000) (1024K)]

Stack: [0x0000795385d00000,0x0000795385e00000],  sp=0x0000795385dfd3b0,  free space=1012k
Native frames: (J=compiled Java code, j=interpreted, Vv=VM code, C=native code)
C  [libLLVM-13.so+0xc2c882]  LLVMBuildLoad+0x12
Java frames: (J=compiled Java code, j=interpreted, Vv=VM code)
j  org.bytedeco.llvm.global.LLVM.LLVMBuildLoad(Lorg/bytedeco/llvm/LLVM/LLVMBuilderRef;Lorg/bytedeco/llvm/LLVM/LLVMValueRef;Ljava/lang/String;)Lorg/bytedeco/llvm/LLVM/LLVMValueRef;+0
j  MyVisitor.visitLVal(LSysYParser$LValContext;)Lorg/bytedeco/llvm/LLVM/LLVMValueRef;+31
j  MyVisitor.visitLVal(LSysYParser$LValContext;)Ljava/lang/Object;+2
j  SysYParser$LValContext.accept(Lorg/antlr/v4/runtime/tree/ParseTreeVisitor;)Ljava/lang/Object;+12
j  org.antlr.v4.runtime.tree.AbstractParseTreeVisitor.visitChildren(Lorg/antlr/v4/runtime/tree/RuleNode;)Ljava/lang/Object;+46
j  SysYParserBaseVisitor.visitExp2(LSysYParser$Exp2Context;)Ljava/lang/Object;+2
j  MyVisitor.visitExp2(LSysYParser$Exp2Context;)Lorg/bytedeco/llvm/LLVM/LLVMValueRef;+2
j  MyVisitor.visitExp2(LSysYParser$Exp2Context;)Ljava/lang/Object;+2
j  SysYParser$Exp2Context.accept(Lorg/antlr/v4/runtime/tree/ParseTreeVisitor;)Ljava/lang/Object;+12
j  org.antlr.v4.runtime.tree.AbstractParseTreeVisitor.visitChildren(Lorg/antlr/v4/runtime/tree/RuleNode;)Ljava/lang/Object;+46
j  SysYParserBaseVisitor.visitCond1(LSysYParser$Cond1Context;)Ljava/lang/Object;+2
j  MyVisitor.visitCond1(LSysYParser$Cond1Context;)Lorg/bytedeco/llvm/LLVM/LLVMValueRef;+2
j  MyVisitor.visitCond1(LSysYParser$Cond1Context;)Ljava/lang/Object;+2
j  SysYParser$Cond1Context.accept(Lorg/antlr/v4/runtime/tree/ParseTreeVisitor;)Ljava/lang/Object;+12
j  org.antlr.v4.runtime.tree.AbstractParseTreeVisitor.visit(Lorg/antlr/v4/runtime/tree/ParseTree;)Ljava/lang/Object;+2
j  MyVisitor.visit(Lorg/antlr/v4/runtime/tree/ParseTree;)Lorg/bytedeco/llvm/LLVM/LLVMValueRef;+2
j  MyVisitor.visitCom(LSysYParser$ComContext;)Lorg/bytedeco/llvm/LLVM/LLVMValueRef;+6
j  MyVisitor.visitCom(LSysYParser$ComContext;)Ljava/lang/Object;+2
j  SysYParser$ComContext.accept(Lorg/antlr/v4/runtime/tree/ParseTreeVisitor;)Ljava/lang/Object;+12
j  org.antlr.v4.runtime.tree.AbstractParseTreeVisitor.visit(Lorg/antlr/v4/runtime/tree/ParseTree;)Ljava/lang/Object;+2
j  MyVisitor.visit(Lorg/antlr/v4/runtime/tree/ParseTree;)Lorg/bytedeco/llvm/LLVM/LLVMValueRef;+2
j  MyVisitor.visitOr(LSysYParser$OrContext;)Lorg/bytedeco/llvm/LLVM/LLVMValueRef;+135
j  MyVisitor.visitOr(LSysYParser$OrContext;)Ljava/lang/Object;+2
j  SysYParser$OrContext.accept(Lorg/antlr/v4/runtime/tree/ParseTreeVisitor;)Ljava/lang/Object;+12
j  org.antlr.v4.runtime.tree.AbstractParseTreeVisitor.visit(Lorg/antlr/v4/runtime/tree/ParseTree;)Ljava/lang/Object;+2
j  MyVisitor.visit(Lorg/antlr/v4/runtime/tree/ParseTree;)Lorg/bytedeco/llvm/LLVM/LLVMValueRef;+2
j  MyVisitor.visitIfStmt(LSysYParser$IfStmtContext;)Lorg/bytedeco/llvm/LLVM/LLVMValueRef;+51
j  MyVisitor.visitIfStmt(LSysYParser$IfStmtContext;)Ljava/lang/Object;+2
j  SysYParser$IfStmtContext.accept(Lorg/antlr/v4/runtime/tree/ParseTreeVisitor;)Ljava/lang/Object;+12
j  org.antlr.v4.runtime.tree.AbstractParseTreeVisitor.visitChildren(Lorg/antlr/v4/runtime/tree/RuleNode;)Ljava/lang/Object;+46
j  SysYParserBaseVisitor.visitBlockItem(LSysYParser$BlockItemContext;)Ljava/lang/Object;+2
j  SysYParser$BlockItemContext.accept(Lorg/antlr/v4/runtime/tree/ParseTreeVisitor;)Ljava/lang/Object;+12
j  org.antlr.v4.runtime.tree.AbstractParseTreeVisitor.visit(Lorg/antlr/v4/runtime/tree/ParseTree;)Ljava/lang/Object;+2
j  MyVisitor.visit(Lorg/antlr/v4/runtime/tree/ParseTree;)Lorg/bytedeco/llvm/LLVM/LLVMValueRef;+2
j  MyVisitor.visitBlock(LSysYParser$BlockContext;)Lorg/bytedeco/llvm/LLVM/LLVMValueRef;+99
j  MyVisitor.visitFuncDef(LSysYParser$FuncDefContext;)Lorg/bytedeco/llvm/LLVM/LLVMValueRef;+274
j  MyVisitor.visitFuncDef(LSysYParser$FuncDefContext;)Ljava/lang/Object;+2
j  SysYParser$FuncDefContext.accept(Lorg/antlr/v4/runtime/tree/ParseTreeVisitor;)Ljava/lang/Object;+12
j  org.antlr.v4.runtime.tree.AbstractParseTreeVisitor.visitChildren(Lorg/antlr/v4/runtime/tree/RuleNode;)Ljava/lang/Object;+46
j  SysYParserBaseVisitor.visitCompUnit(LSysYParser$CompUnitContext;)Ljava/lang/Object;+2
j  MyVisitor.visitCompUnit(LSysYParser$CompUnitContext;)Lorg/bytedeco/llvm/LLVM/LLVMValueRef;+2
j  MyVisitor.visitProgram(LSysYParser$ProgramContext;)Lorg/bytedeco/llvm/LLVM/LLVMValueRef;+48
j  MyVisitor.visitProgram(LSysYParser$ProgramContext;)Ljava/lang/Object;+2
j  SysYParser$ProgramContext.accept(Lorg/antlr/v4/runtime/tree/ParseTreeVisitor;)Ljava/lang/Object;+12
j  org.antlr.v4.runtime.tree.AbstractParseTreeVisitor.visit(Lorg/antlr/v4/runtime/tree/ParseTree;)Ljava/lang/Object;+2
j  MyVisitor.visit(Lorg/antlr/v4/runtime/tree/ParseTree;)Lorg/bytedeco/llvm/LLVM/LLVMValueRef;+2
j  Main.main([Ljava/lang/String;)V+73
v  ~StubRoutines::call_stub 0x000079536f538cc6

siginfo: si_signo: 11 (SIGSEGV), si_code: 1 (SEGV_MAPERR), si_addr: 0x0000000000000000

Registers:
RAX=0x00007952e0025ea0, RBX=0x0000000000000000, RCX=0x000079538002ca62, RDX=0x00007952e0025ea0
RSP=0x0000795385dfd3b0, RBP=0x0000795380401bd0, RSI=0x0000000000000000, RDI=0x0000795380401bd0
R8 =0x000000071647fb10, R9 =0x0000000000000002, R10=0x00000000000003d8, R11=0x0000000000000000
R12=0x0000000000000000, R13=0x0000000000000000, R14=0x00007952e0025ea0, R15=0x000079538002caa0
RIP=0x00007952da02c882, EFLAGS=0x0000000000010202, CSGSFS=0x002b000000000033, ERR=0x0000000000000004
  TRAPNO=0x000000000000000e


Register to memory mapping:

RAX=0x00007952e0025ea0 points into unknown readable memory: 0x00007955792e0062 | 62 00 2e 79 55 79 00 00
RBX=0x0 is null
RCX=0x000079538002ca62 points into unknown readable memory: 3a 2f 76 61 72 2f
RDX=0x00007952e0025ea0 points into unknown readable memory: 0x00007955792e0062 | 62 00 2e 79 55 79 00 00
RSP=0x0000795385dfd3b0 is pointing into the stack for thread: 0x000079538002caa0
RBP=0x0000795380401bd0 points into unknown readable memory: 0x0000795380401be0 | e0 1b 40 80 53 79 00 00
RSI=0x0 is null
RDI=0x0000795380401bd0 points into unknown readable memory: 0x0000795380401be0 | e0 1b 40 80 53 79 00 00
R8 =
[error occurred during error reporting (printing register info), id 0xb, SIGSEGV (0xb) at pc=0x0000795384f98ab3]
R9 =0x0000000000000002 is an unknown value
R10=0x00000000000003d8 is an unknown value
R11=0x0 is null
R12=0x0 is null
R13=0x0 is null
R14=0x00007952e0025ea0 points into unknown readable memory: 0x00007955792e0062 | 62 00 2e 79 55 79 00 00
R15=0x000079538002caa0 is a thread

Top of Stack: (sp=0x0000795385dfd3b0)
0x0000795385dfd3b0:   000079538002caa0 0000000000000000
0x0000795385dfd3c0:   0000000000000000 0000795380147360
0x0000795385dfd3d0:   0000000000000002 0000000000000001
0x0000795385dfd3e0:   00007952e0025ea0 0000795380147360
0x0000795385dfd3f0:   0000795385dfd4f8 000079538002caa0
0x0000795385dfd400:   000079538002ce58 000079530af66fa1
0x0000795385dfd410:   0000000000000000 000079538002ce58
0x0000795385dfd420:   0000000000000000 0000795380401bd0
0x0000795385dfd430:   00007952e0025ea0 000079530af7d8dc
0x0000795385dfd440:   000079530054ef98 0000795385dfd4d8
0x0000795385dfd450:   0000000000000000 000079530054ef98
0x0000795385dfd460:   0000795385dfd508 000079536f547c0d
0x0000795385dfd470:   0000795385dfd4d8 000079536f54780d
0x0000795385dfd480:   0000795385dfd4e8 000079536f5477d8
0x0000795385dfd490:   0000795385dfd490 000079530054ef98
0x0000795385dfd4a0:   0000000000000006 00007953005870e0
0x0000795385dfd4b0:   0000000000000000 00000007158fbee8
0x0000795385dfd4c0:   000079530054ef98 0000000000000000
0x0000795385dfd4d0:   0000795385dfd4f8 0000795385dfd558
0x0000795385dfd4e0:   000079536f540cb5 00000007158fbee8
0x0000795385dfd4f0:   000079536f543e5a 000000071647fad0
0x0000795385dfd500:   0000000000000000 00000007158122a0
0x0000795385dfd510:   0000795385dfd510 0000795300516127
0x0000795385dfd520:   0000000000000004 000079530051e658
0x0000795385dfd530:   0000000000000000 0000000715800160
0x0000795385dfd540:   0000795300516158 0000795385dfd4f8
0x0000795385dfd550:   0000795385dfd570 0000795385dfd5c8
0x0000795385dfd560:   000079536f540cb5 0000000000000000
0x0000795385dfd570:   0000000715811ce8 00000007158006e0
0x0000795385dfd580:   0000795385dfd580 00007953005162aa
0x0000795385dfd590:   0000000000000003 000079530051e658
0x0000795385dfd5a0:   0000000000000000 0000000715800160 

Instructions: (pc=0x00007952da02c882)
0x00007952da02c782:   89 c4 4c 8d 4c 24 40 e8 92 57 09 00 48 8b 7d 50
0x00007952da02c792:   48 8b 4d 30 4c 89 e6 48 8d 54 24 10 4c 8b 45 38
0x00007952da02c7a2:   48 8b 07 ff 50 10 48 8b 5d 00 8b 6d 08 5a 59 48
0x00007952da02c7b2:   c1 e5 04 48 01 dd 48 39 eb 74 1a 0f 1f 00 48 8b
0x00007952da02c7c2:   53 08 8b 33 4c 89 e7 48 83 c3 10 e8 6e 16 0e 00
0x00007952da02c7d2:   48 39 dd 75 e9 48 83 c4 68 4c 89 e0 5b 5d 41 5c
0x00007952da02c7e2:   41 5d 41 5e 41 5f c3 0f 1f 80 00 00 00 00 41 54
0x00007952da02c7f2:   b8 01 01 00 00 55 48 89 fd 48 89 f7 53 48 83 ec
0x00007952da02c802:   30 48 8b 75 30 66 89 44 24 20 e8 ef 24 09 00 48
0x00007952da02c812:   8b 7d 50 48 8b 4d 30 48 89 e2 49 89 c4 4c 8b 45
0x00007952da02c822:   38 48 8b 07 4c 89 e6 ff 50 10 48 8b 5d 00 8b 6d
0x00007952da02c832:   08 48 c1 e5 04 48 01 dd 48 39 eb 74 18 90 48 8b
0x00007952da02c842:   53 08 8b 33 4c 89 e7 48 83 c3 10 e8 ee 15 0e 00
0x00007952da02c852:   48 39 dd 75 e9 48 83 c4 30 4c 89 e0 5b 5d 41 5c
0x00007952da02c862:   c3 66 2e 0f 1f 84 00 00 00 00 00 0f 1f 00 41 56
0x00007952da02c872:   41 55 49 89 f5 41 54 55 48 89 fd 53 48 83 ec 60
0x00007952da02c882:   48 8b 06 80 3a 00 be 01 01 00 00 4c 8b 70 18 66
0x00007952da02c892:   89 74 24 20 74 09 48 89 14 24 c6 44 24 20 03 48
0x00007952da02c8a2:   8b 7d 30 e8 d6 15 fc ff 48 89 c7 e8 4e 47 0e 00
0x00007952da02c8b2:   4c 89 f6 48 89 c7 e8 b3 46 01 00 be 01 00 00 00
0x00007952da02c8c2:   bf 40 00 00 00 89 c3 b8 01 01 00 00 66 89 44 24
0x00007952da02c8d2:   50 e8 a8 0a 13 00 48 8d 4c 24 30 41 89 d9 45 31
0x00007952da02c8e2:   c0 48 83 ec 08 48 89 c7 4c 89 ea 4c 89 f6 6a 00
0x00007952da02c8f2:   49 89 c4 e8 26 5d 09 00 48 8b 7d 50 48 8b 4d 30
0x00007952da02c902:   4c 89 e6 48 8d 54 24 10 4c 8b 45 38 48 8b 07 ff
0x00007952da02c912:   50 10 48 8b 5d 00 8b 6d 08 5a 59 48 c1 e5 04 48
0x00007952da02c922:   01 dd 48 39 eb 74 1e 0f 1f 80 00 00 00 00 48 8b
0x00007952da02c932:   53 08 8b 33 4c 89 e7 48 83 c3 10 e8 fe 14 0e 00
0x00007952da02c942:   48 39 dd 75 e9 48 83 c4 60 4c 89 e0 5b 5d 41 5c
0x00007952da02c952:   41 5d 41 5e c3 66 0f 1f 84 00 00 00 00 00 41 56
0x00007952da02c962:   49 89 d6 41 55 49 89 f5 be 01 01 00 00 41 54 55
0x00007952da02c972:   48 89 fd 53 48 83 ec 60 80 39 00 66 89 74 24 20 


Stack slot to memory mapping:

stack at sp + 0 slots: 0x000079538002caa0 is a thread
stack at sp + 1 slots: 0x0 is null
stack at sp + 2 slots: 0x0 is null
stack at sp + 3 slots: 0x0000795380147360 points into unknown readable memory: 0x000000071647fb00 | 00 fb 47 16 07 00 00 00
stack at sp + 4 slots: 0x0000000000000002 is an unknown value
stack at sp + 5 slots: 0x0000000000000001 is an unknown value
stack at sp + 6 slots: 0x00007952e0025ea0 points into unknown readable memory: 0x00007955792e0062 | 62 00 2e 79 55 79 00 00
stack at sp + 7 slots: 0x0000795380147360 points into unknown readable memory: 0x000000071647fb00 | 00 fb 47 16 07 00 00 00


---------------  P R O C E S S  ---------------

Threads class SMR info:
_java_thread_list=0x0000795380222c60, length=14, elements={
0x000079538002caa0, 0x0000795380152840, 0x0000795380153e90, 0x0000795380155970,
0x0000795380156fb0, 0x0000795380158550, 0x000079538015a090, 0x000079538015b750,
0x000079538017d090, 0x00007953801c2340, 0x00007953801d6090, 0x00007952e40a9e00,
0x00007953801ea6d0, 0x0000795380222040
}

Java Threads: ( => current thread )
=>0x000079538002caa0 JavaThread "main"                              [_thread_in_native, id=34965, stack(0x0000795385d00000,0x0000795385e00000) (1024K)]
  0x0000795380152840 JavaThread "Reference Handler"          daemon [_thread_blocked, id=34983, stack(0x0000795360d3d000,0x0000795360e3d000) (1024K)]
  0x0000795380153e90 JavaThread "Finalizer"                  daemon [_thread_blocked, id=34984, stack(0x0000795360c3d000,0x0000795360d3d000) (1024K)]
  0x0000795380155970 JavaThread "Signal Dispatcher"          daemon [_thread_blocked, id=34985, stack(0x0000795360b3d000,0x0000795360c3d000) (1024K)]
  0x0000795380156fb0 JavaThread "Service Thread"             daemon [_thread_blocked, id=34986, stack(0x0000795360a3d000,0x0000795360b3d000) (1024K)]
  0x0000795380158550 JavaThread "Monitor Deflation Thread"   daemon [_thread_blocked, id=34987, stack(0x000079536093d000,0x0000795360a3d000) (1024K)]
  0x000079538015a090 JavaThread "C2 CompilerThread0"         daemon [_thread_blocked, id=34988, stack(0x000079536083d000,0x000079536093d000) (1024K)]
  0x000079538015b750 JavaThread "C1 CompilerThread0"         daemon [_thread_blocked, id=34989, stack(0x000079536073d000,0x000079536083d000) (1024K)]
  0x000079538017d090 JavaThread "Common-Cleaner"             daemon [_thread_blocked, id=34991, stack(0x000079536056d000,0x000079536066d000) (1024K)]
  0x00007953801c2340 JavaThread "JDWP Transport Listener: dt_socket" daemon [_thread_blocked, id=34993, stack(0x000079536046d000,0x000079536056d000) (1024K)]
  0x00007953801d6090 JavaThread "JDWP Event Helper Thread"   daemon [_thread_blocked, id=34995, stack(0x000079536036d000,0x000079536046d000) (1024K)]
  0x00007952e40a9e00 JavaThread "JDWP Command Reader"        daemon [_thread_in_native, id=34996, stack(0x000079536026d000,0x000079536036d000) (1024K)]
  0x00007953801ea6d0 JavaThread "Notification Thread"        daemon [_thread_blocked, id=34998, stack(0x000079536016d000,0x000079536026d000) (1024K)]
  0x0000795380222040 JavaThread "JavaCPP Deallocator"        daemon [_thread_blocked, id=34999, stack(0x000079536006d000,0x000079536016d000) (1024K)]
Total: 14

Other Threads:
  0x0000795380145e40 VMThread "VM Thread"                           [id=34981, stack(0x0000795360e3e000,0x0000795360f3e000) (1024K)]
  0x000079538012bdd0 WatcherThread "VM Periodic Task Thread"        [id=34980, stack(0x0000795360f3f000,0x000079536103f000) (1024K)]
  0x00007953800955f0 WorkerThread "GC Thread#0"                     [id=34968, stack(0x0000795384328000,0x0000795384428000) (1024K)]
  0x00007952f8006610 WorkerThread "GC Thread#1"                     [id=35006, stack(0x000079530ab00000,0x000079530ac00000) (1024K)]
  0x00007953800a64f0 ConcurrentGCThread "G1 Main Marker"            [id=34969, stack(0x0000795384227000,0x0000795384327000) (1024K)]
  0x00007953800a7490 WorkerThread "G1 Conc#0"                       [id=34970, stack(0x0000795384126000,0x0000795384226000) (1024K)]
  0x0000795380119340 ConcurrentGCThread "G1 Refine#0"               [id=34973, stack(0x0000795377900000,0x0000795377a00000) (1024K)]
  0x000079538011a2f0 ConcurrentGCThread "G1 Service"                [id=34975, stack(0x000079536111c000,0x000079536121c000) (1024K)]
Total: 8

Threads with active compile tasks:
Total: 0

VM state: not at safepoint (normal execution)

VM Mutex/Monitor currently owned by a thread: None

Heap address: 0x0000000706c00000, size: 3988 MB, Compressed Oops mode: Zero based, Oop shift amount: 3

CDS archive(s) mapped at: [0x000079530b000000-0x000079530bca6000-0x000079530bca6000), size 13262848, SharedBaseAddress: 0x000079530b000000, ArchiveRelocationMode: 1.
Compressed class space mapped at: 0x000079530c000000-0x000079534c000000, reserved size: 1073741824
Narrow klass base: 0x000079530b000000, Narrow klass shift: 0, Narrow klass range: 0x100000000

GC Precious Log:
 CardTable entry size: 512
 Card Set container configuration: InlinePtr #cards 4 size 8 Array Of Cards #cards 16 size 48 Howl #buckets 8 coarsen threshold 3686 Howl Bitmap #cards 512 size 80 coarsen threshold 460 Card regions per heap region 1 cards per card region 4096
 CPUs: 2 total, 2 available
 Memory: 15948M
 Large Page Support: Disabled
 NUMA Support: Disabled
 Compressed Oops: Enabled (Zero based)
 Heap Region Size: 2M
 Heap Min Capacity: 8M
 Heap Initial Capacity: 250M
 Heap Max Capacity: 3988M
 Pre-touch: Disabled
 Parallel Workers: 2
 Concurrent Workers: 1
 Concurrent Refinement Workers: 2
 Periodic GC: Disabled

Heap:
 garbage-first heap   total 258048K, used 2744K [0x0000000706c00000, 0x0000000800000000)
  region size 2048K, 2 young (4096K), 1 survivors (2048K)
 Metaspace       used 3683K, committed 3904K, reserved 1114112K
  class space    used 410K, committed 512K, reserved 1048576K

Heap Regions: E=young(eden), S=young(survivor), O=old, HS=humongous(starts), HC=humongous(continues), CS=collection set, F=free, TAMS=top-at-mark-start, PB=parsable bottom
|   0|0x0000000706c00000, 0x0000000706c00000, 0x0000000706e00000|  0%| F|  |TAMS 0x0000000706c00000| PB 0x0000000706c00000| Untracked 
|   1|0x0000000706e00000, 0x0000000706e00000, 0x0000000707000000|  0%| F|  |TAMS 0x0000000706e00000| PB 0x0000000706e00000| Untracked 
|   2|0x0000000707000000, 0x0000000707000000, 0x0000000707200000|  0%| F|  |TAMS 0x0000000707000000| PB 0x0000000707000000| Untracked 
|   3|0x0000000707200000, 0x0000000707200000, 0x0000000707400000|  0%| F|  |TAMS 0x0000000707200000| PB 0x0000000707200000| Untracked 
|   4|0x0000000707400000, 0x0000000707400000, 0x0000000707600000|  0%| F|  |TAMS 0x0000000707400000| PB 0x0000000707400000| Untracked 
|   5|0x0000000707600000, 0x0000000707600000, 0x0000000707800000|  0%| F|  |TAMS 0x0000000707600000| PB 0x0000000707600000| Untracked 
|   6|0x0000000707800000, 0x0000000707800000, 0x0000000707a00000|  0%| F|  |TAMS 0x0000000707800000| PB 0x0000000707800000| Untracked 
|   7|0x0000000707a00000, 0x0000000707a00000, 0x0000000707c00000|  0%| F|  |TAMS 0x0000000707a00000| PB 0x0000000707a00000| Untracked 
|   8|0x0000000707c00000, 0x0000000707c00000, 0x0000000707e00000|  0%| F|  |TAMS 0x0000000707c00000| PB 0x0000000707c00000| Untracked 
|   9|0x0000000707e00000, 0x0000000707e00000, 0x0000000708000000|  0%| F|  |TAMS 0x0000000707e00000| PB 0x0000000707e00000| Untracked 
|  10|0x0000000708000000, 0x0000000708000000, 0x0000000708200000|  0%| F|  |TAMS 0x0000000708000000| PB 0x0000000708000000| Untracked 
|  11|0x0000000708200000, 0x0000000708200000, 0x0000000708400000|  0%| F|  |TAMS 0x0000000708200000| PB 0x0000000708200000| Untracked 
|  12|0x0000000708400000, 0x0000000708400000, 0x0000000708600000|  0%| F|  |TAMS 0x0000000708400000| PB 0x0000000708400000| Untracked 
|  13|0x0000000708600000, 0x0000000708600000, 0x0000000708800000|  0%| F|  |TAMS 0x0000000708600000| PB 0x0000000708600000| Untracked 
|  14|0x0000000708800000, 0x0000000708800000, 0x0000000708a00000|  0%| F|  |TAMS 0x0000000708800000| PB 0x0000000708800000| Untracked 
|  15|0x0000000708a00000, 0x0000000708a00000, 0x0000000708c00000|  0%| F|  |TAMS 0x0000000708a00000| PB 0x0000000708a00000| Untracked 
|  16|0x0000000708c00000, 0x0000000708c00000, 0x0000000708e00000|  0%| F|  |TAMS 0x0000000708c00000| PB 0x0000000708c00000| Untracked 
|  17|0x0000000708e00000, 0x0000000708e00000, 0x0000000709000000|  0%| F|  |TAMS 0x0000000708e00000| PB 0x0000000708e00000| Untracked 
|  18|0x0000000709000000, 0x0000000709000000, 0x0000000709200000|  0%| F|  |TAMS 0x0000000709000000| PB 0x0000000709000000| Untracked 
|  19|0x0000000709200000, 0x0000000709200000, 0x0000000709400000|  0%| F|  |TAMS 0x0000000709200000| PB 0x0000000709200000| Untracked 
|  20|0x0000000709400000, 0x0000000709400000, 0x0000000709600000|  0%| F|  |TAMS 0x0000000709400000| PB 0x0000000709400000| Untracked 
|  21|0x0000000709600000, 0x0000000709600000, 0x0000000709800000|  0%| F|  |TAMS 0x0000000709600000| PB 0x0000000709600000| Untracked 
|  22|0x0000000709800000, 0x0000000709800000, 0x0000000709a00000|  0%| F|  |TAMS 0x0000000709800000| PB 0x0000000709800000| Untracked 
|  23|0x0000000709a00000, 0x0000000709a00000, 0x0000000709c00000|  0%| F|  |TAMS 0x0000000709a00000| PB 0x0000000709a00000| Untracked 
|  24|0x0000000709c00000, 0x0000000709c00000, 0x0000000709e00000|  0%| F|  |TAMS 0x0000000709c00000| PB 0x0000000709c00000| Untracked 
|  25|0x0000000709e00000, 0x0000000709e00000, 0x000000070a000000|  0%| F|  |TAMS 0x0000000709e00000| PB 0x0000000709e00000| Untracked 
|  26|0x000000070a000000, 0x000000070a000000, 0x000000070a200000|  0%| F|  |TAMS 0x000000070a000000| PB 0x000000070a000000| Untracked 
|  27|0x000000070a200000, 0x000000070a200000, 0x000000070a400000|  0%| F|  |TAMS 0x000000070a200000| PB 0x000000070a200000| Untracked 
|  28|0x000000070a400000, 0x000000070a400000, 0x000000070a600000|  0%| F|  |TAMS 0x000000070a400000| PB 0x000000070a400000| Untracked 
|  29|0x000000070a600000, 0x000000070a600000, 0x000000070a800000|  0%| F|  |TAMS 0x000000070a600000| PB 0x000000070a600000| Untracked 
|  30|0x000000070a800000, 0x000000070a800000, 0x000000070aa00000|  0%| F|  |TAMS 0x000000070a800000| PB 0x000000070a800000| Untracked 
|  31|0x000000070aa00000, 0x000000070aa00000, 0x000000070ac00000|  0%| F|  |TAMS 0x000000070aa00000| PB 0x000000070aa00000| Untracked 
|  32|0x000000070ac00000, 0x000000070ac00000, 0x000000070ae00000|  0%| F|  |TAMS 0x000000070ac00000| PB 0x000000070ac00000| Untracked 
|  33|0x000000070ae00000, 0x000000070ae00000, 0x000000070b000000|  0%| F|  |TAMS 0x000000070ae00000| PB 0x000000070ae00000| Untracked 
|  34|0x000000070b000000, 0x000000070b000000, 0x000000070b200000|  0%| F|  |TAMS 0x000000070b000000| PB 0x000000070b000000| Untracked 
|  35|0x000000070b200000, 0x000000070b200000, 0x000000070b400000|  0%| F|  |TAMS 0x000000070b200000| PB 0x000000070b200000| Untracked 
|  36|0x000000070b400000, 0x000000070b400000, 0x000000070b600000|  0%| F|  |TAMS 0x000000070b400000| PB 0x000000070b400000| Untracked 
|  37|0x000000070b600000, 0x000000070b600000, 0x000000070b800000|  0%| F|  |TAMS 0x000000070b600000| PB 0x000000070b600000| Untracked 
|  38|0x000000070b800000, 0x000000070b800000, 0x000000070ba00000|  0%| F|  |TAMS 0x000000070b800000| PB 0x000000070b800000| Untracked 
|  39|0x000000070ba00000, 0x000000070ba00000, 0x000000070bc00000|  0%| F|  |TAMS 0x000000070ba00000| PB 0x000000070ba00000| Untracked 
|  40|0x000000070bc00000, 0x000000070bc00000, 0x000000070be00000|  0%| F|  |TAMS 0x000000070bc00000| PB 0x000000070bc00000| Untracked 
|  41|0x000000070be00000, 0x000000070be00000, 0x000000070c000000|  0%| F|  |TAMS 0x000000070be00000| PB 0x000000070be00000| Untracked 
|  42|0x000000070c000000, 0x000000070c000000, 0x000000070c200000|  0%| F|  |TAMS 0x000000070c000000| PB 0x000000070c000000| Untracked 
|  43|0x000000070c200000, 0x000000070c200000, 0x000000070c400000|  0%| F|  |TAMS 0x000000070c200000| PB 0x000000070c200000| Untracked 
|  44|0x000000070c400000, 0x000000070c400000, 0x000000070c600000|  0%| F|  |TAMS 0x000000070c400000| PB 0x000000070c400000| Untracked 
|  45|0x000000070c600000, 0x000000070c600000, 0x000000070c800000|  0%| F|  |TAMS 0x000000070c600000| PB 0x000000070c600000| Untracked 
|  46|0x000000070c800000, 0x000000070c800000, 0x000000070ca00000|  0%| F|  |TAMS 0x000000070c800000| PB 0x000000070c800000| Untracked 
|  47|0x000000070ca00000, 0x000000070ca00000, 0x000000070cc00000|  0%| F|  |TAMS 0x000000070ca00000| PB 0x000000070ca00000| Untracked 
|  48|0x000000070cc00000, 0x000000070cc00000, 0x000000070ce00000|  0%| F|  |TAMS 0x000000070cc00000| PB 0x000000070cc00000| Untracked 
|  49|0x000000070ce00000, 0x000000070ce00000, 0x000000070d000000|  0%| F|  |TAMS 0x000000070ce00000| PB 0x000000070ce00000| Untracked 
|  50|0x000000070d000000, 0x000000070d000000, 0x000000070d200000|  0%| F|  |TAMS 0x000000070d000000| PB 0x000000070d000000| Untracked 
|  51|0x000000070d200000, 0x000000070d200000, 0x000000070d400000|  0%| F|  |TAMS 0x000000070d200000| PB 0x000000070d200000| Untracked 
|  52|0x000000070d400000, 0x000000070d400000, 0x000000070d600000|  0%| F|  |TAMS 0x000000070d400000| PB 0x000000070d400000| Untracked 
|  53|0x000000070d600000, 0x000000070d600000, 0x000000070d800000|  0%| F|  |TAMS 0x000000070d600000| PB 0x000000070d600000| Untracked 
|  54|0x000000070d800000, 0x000000070d800000, 0x000000070da00000|  0%| F|  |TAMS 0x000000070d800000| PB 0x000000070d800000| Untracked 
|  55|0x000000070da00000, 0x000000070da00000, 0x000000070dc00000|  0%| F|  |TAMS 0x000000070da00000| PB 0x000000070da00000| Untracked 
|  56|0x000000070dc00000, 0x000000070dc00000, 0x000000070de00000|  0%| F|  |TAMS 0x000000070dc00000| PB 0x000000070dc00000| Untracked 
|  57|0x000000070de00000, 0x000000070de00000, 0x000000070e000000|  0%| F|  |TAMS 0x000000070de00000| PB 0x000000070de00000| Untracked 
|  58|0x000000070e000000, 0x000000070e000000, 0x000000070e200000|  0%| F|  |TAMS 0x000000070e000000| PB 0x000000070e000000| Untracked 
|  59|0x000000070e200000, 0x000000070e200000, 0x000000070e400000|  0%| F|  |TAMS 0x000000070e200000| PB 0x000000070e200000| Untracked 
|  60|0x000000070e400000, 0x000000070e400000, 0x000000070e600000|  0%| F|  |TAMS 0x000000070e400000| PB 0x000000070e400000| Untracked 
|  61|0x000000070e600000, 0x000000070e600000, 0x000000070e800000|  0%| F|  |TAMS 0x000000070e600000| PB 0x000000070e600000| Untracked 
|  62|0x000000070e800000, 0x000000070e800000, 0x000000070ea00000|  0%| F|  |TAMS 0x000000070e800000| PB 0x000000070e800000| Untracked 
|  63|0x000000070ea00000, 0x000000070ea00000, 0x000000070ec00000|  0%| F|  |TAMS 0x000000070ea00000| PB 0x000000070ea00000| Untracked 
|  64|0x000000070ec00000, 0x000000070ec00000, 0x000000070ee00000|  0%| F|  |TAMS 0x000000070ec00000| PB 0x000000070ec00000| Untracked 
|  65|0x000000070ee00000, 0x000000070ee00000, 0x000000070f000000|  0%| F|  |TAMS 0x000000070ee00000| PB 0x000000070ee00000| Untracked 
|  66|0x000000070f000000, 0x000000070f000000, 0x000000070f200000|  0%| F|  |TAMS 0x000000070f000000| PB 0x000000070f000000| Untracked 
|  67|0x000000070f200000, 0x000000070f200000, 0x000000070f400000|  0%| F|  |TAMS 0x000000070f200000| PB 0x000000070f200000| Untracked 
|  68|0x000000070f400000, 0x000000070f400000, 0x000000070f600000|  0%| F|  |TAMS 0x000000070f400000| PB 0x000000070f400000| Untracked 
|  69|0x000000070f600000, 0x000000070f600000, 0x000000070f800000|  0%| F|  |TAMS 0x000000070f600000| PB 0x000000070f600000| Untracked 
|  70|0x000000070f800000, 0x000000070f800000, 0x000000070fa00000|  0%| F|  |TAMS 0x000000070f800000| PB 0x000000070f800000| Untracked 
|  71|0x000000070fa00000, 0x000000070fa00000, 0x000000070fc00000|  0%| F|  |TAMS 0x000000070fa00000| PB 0x000000070fa00000| Untracked 
|  72|0x000000070fc00000, 0x000000070fc00000, 0x000000070fe00000|  0%| F|  |TAMS 0x000000070fc00000| PB 0x000000070fc00000| Untracked 
|  73|0x000000070fe00000, 0x000000070fe00000, 0x0000000710000000|  0%| F|  |TAMS 0x000000070fe00000| PB 0x000000070fe00000| Untracked 
|  74|0x0000000710000000, 0x0000000710000000, 0x0000000710200000|  0%| F|  |TAMS 0x0000000710000000| PB 0x0000000710000000| Untracked 
|  75|0x0000000710200000, 0x0000000710200000, 0x0000000710400000|  0%| F|  |TAMS 0x0000000710200000| PB 0x0000000710200000| Untracked 
|  76|0x0000000710400000, 0x0000000710400000, 0x0000000710600000|  0%| F|  |TAMS 0x0000000710400000| PB 0x0000000710400000| Untracked 
|  77|0x0000000710600000, 0x0000000710600000, 0x0000000710800000|  0%| F|  |TAMS 0x0000000710600000| PB 0x0000000710600000| Untracked 
|  78|0x0000000710800000, 0x0000000710800000, 0x0000000710a00000|  0%| F|  |TAMS 0x0000000710800000| PB 0x0000000710800000| Untracked 
|  79|0x0000000710a00000, 0x0000000710a00000, 0x0000000710c00000|  0%| F|  |TAMS 0x0000000710a00000| PB 0x0000000710a00000| Untracked 
|  80|0x0000000710c00000, 0x0000000710c00000, 0x0000000710e00000|  0%| F|  |TAMS 0x0000000710c00000| PB 0x0000000710c00000| Untracked 
|  81|0x0000000710e00000, 0x0000000710e00000, 0x0000000711000000|  0%| F|  |TAMS 0x0000000710e00000| PB 0x0000000710e00000| Untracked 
|  82|0x0000000711000000, 0x0000000711000000, 0x0000000711200000|  0%| F|  |TAMS 0x0000000711000000| PB 0x0000000711000000| Untracked 
|  83|0x0000000711200000, 0x0000000711200000, 0x0000000711400000|  0%| F|  |TAMS 0x0000000711200000| PB 0x0000000711200000| Untracked 
|  84|0x0000000711400000, 0x0000000711400000, 0x0000000711600000|  0%| F|  |TAMS 0x0000000711400000| PB 0x0000000711400000| Untracked 
|  85|0x0000000711600000, 0x0000000711600000, 0x0000000711800000|  0%| F|  |TAMS 0x0000000711600000| PB 0x0000000711600000| Untracked 
|  86|0x0000000711800000, 0x0000000711800000, 0x0000000711a00000|  0%| F|  |TAMS 0x0000000711800000| PB 0x0000000711800000| Untracked 
|  87|0x0000000711a00000, 0x0000000711a00000, 0x0000000711c00000|  0%| F|  |TAMS 0x0000000711a00000| PB 0x0000000711a00000| Untracked 
|  88|0x0000000711c00000, 0x0000000711c00000, 0x0000000711e00000|  0%| F|  |TAMS 0x0000000711c00000| PB 0x0000000711c00000| Untracked 
|  89|0x0000000711e00000, 0x0000000711e00000, 0x0000000712000000|  0%| F|  |TAMS 0x0000000711e00000| PB 0x0000000711e00000| Untracked 
|  90|0x0000000712000000, 0x0000000712000000, 0x0000000712200000|  0%| F|  |TAMS 0x0000000712000000| PB 0x0000000712000000| Untracked 
|  91|0x0000000712200000, 0x0000000712200000, 0x0000000712400000|  0%| F|  |TAMS 0x0000000712200000| PB 0x0000000712200000| Untracked 
|  92|0x0000000712400000, 0x0000000712400000, 0x0000000712600000|  0%| F|  |TAMS 0x0000000712400000| PB 0x0000000712400000| Untracked 
|  93|0x0000000712600000, 0x0000000712600000, 0x0000000712800000|  0%| F|  |TAMS 0x0000000712600000| PB 0x0000000712600000| Untracked 
|  94|0x0000000712800000, 0x0000000712800000, 0x0000000712a00000|  0%| F|  |TAMS 0x0000000712800000| PB 0x0000000712800000| Untracked 
|  95|0x0000000712a00000, 0x0000000712a00000, 0x0000000712c00000|  0%| F|  |TAMS 0x0000000712a00000| PB 0x0000000712a00000| Untracked 
|  96|0x0000000712c00000, 0x0000000712c00000, 0x0000000712e00000|  0%| F|  |TAMS 0x0000000712c00000| PB 0x0000000712c00000| Untracked 
|  97|0x0000000712e00000, 0x0000000712e00000, 0x0000000713000000|  0%| F|  |TAMS 0x0000000712e00000| PB 0x0000000712e00000| Untracked 
|  98|0x0000000713000000, 0x0000000713000000, 0x0000000713200000|  0%| F|  |TAMS 0x0000000713000000| PB 0x0000000713000000| Untracked 
|  99|0x0000000713200000, 0x0000000713200000, 0x0000000713400000|  0%| F|  |TAMS 0x0000000713200000| PB 0x0000000713200000| Untracked 
| 100|0x0000000713400000, 0x0000000713400000, 0x0000000713600000|  0%| F|  |TAMS 0x0000000713400000| PB 0x0000000713400000| Untracked 
| 101|0x0000000713600000, 0x0000000713600000, 0x0000000713800000|  0%| F|  |TAMS 0x0000000713600000| PB 0x0000000713600000| Untracked 
| 102|0x0000000713800000, 0x0000000713800000, 0x0000000713a00000|  0%| F|  |TAMS 0x0000000713800000| PB 0x0000000713800000| Untracked 
| 103|0x0000000713a00000, 0x0000000713a00000, 0x0000000713c00000|  0%| F|  |TAMS 0x0000000713a00000| PB 0x0000000713a00000| Untracked 
| 104|0x0000000713c00000, 0x0000000713c00000, 0x0000000713e00000|  0%| F|  |TAMS 0x0000000713c00000| PB 0x0000000713c00000| Untracked 
| 105|0x0000000713e00000, 0x0000000713e00000, 0x0000000714000000|  0%| F|  |TAMS 0x0000000713e00000| PB 0x0000000713e00000| Untracked 
| 106|0x0000000714000000, 0x0000000714000000, 0x0000000714200000|  0%| F|  |TAMS 0x0000000714000000| PB 0x0000000714000000| Untracked 
| 107|0x0000000714200000, 0x0000000714200000, 0x0000000714400000|  0%| F|  |TAMS 0x0000000714200000| PB 0x0000000714200000| Untracked 
| 108|0x0000000714400000, 0x0000000714400000, 0x0000000714600000|  0%| F|  |TAMS 0x0000000714400000| PB 0x0000000714400000| Untracked 
| 109|0x0000000714600000, 0x0000000714600000, 0x0000000714800000|  0%| F|  |TAMS 0x0000000714600000| PB 0x0000000714600000| Untracked 
| 110|0x0000000714800000, 0x0000000714800000, 0x0000000714a00000|  0%| F|  |TAMS 0x0000000714800000| PB 0x0000000714800000| Untracked 
| 111|0x0000000714a00000, 0x0000000714a00000, 0x0000000714c00000|  0%| F|  |TAMS 0x0000000714a00000| PB 0x0000000714a00000| Untracked 
| 112|0x0000000714c00000, 0x0000000714c00000, 0x0000000714e00000|  0%| F|  |TAMS 0x0000000714c00000| PB 0x0000000714c00000| Untracked 
| 113|0x0000000714e00000, 0x0000000714e00000, 0x0000000715000000|  0%| F|  |TAMS 0x0000000714e00000| PB 0x0000000714e00000| Untracked 
| 114|0x0000000715000000, 0x0000000715000000, 0x0000000715200000|  0%| F|  |TAMS 0x0000000715000000| PB 0x0000000715000000| Untracked 
| 115|0x0000000715200000, 0x0000000715200000, 0x0000000715400000|  0%| F|  |TAMS 0x0000000715200000| PB 0x0000000715200000| Untracked 
| 116|0x0000000715400000, 0x0000000715400000, 0x0000000715600000|  0%| F|  |TAMS 0x0000000715400000| PB 0x0000000715400000| Untracked 
| 117|0x0000000715600000, 0x0000000715600000, 0x0000000715800000|  0%| F|  |TAMS 0x0000000715600000| PB 0x0000000715600000| Untracked 
| 118|0x0000000715800000, 0x00000007159a6a58, 0x0000000715a00000| 82%| S|CS|TAMS 0x0000000715800000| PB 0x0000000715800000| Complete 
| 119|0x0000000715a00000, 0x0000000715a00000, 0x0000000715c00000|  0%| F|  |TAMS 0x0000000715a00000| PB 0x0000000715a00000| Untracked 
| 120|0x0000000715c00000, 0x0000000715c00000, 0x0000000715e00000|  0%| F|  |TAMS 0x0000000715c00000| PB 0x0000000715c00000| Untracked 
| 121|0x0000000715e00000, 0x0000000715e00000, 0x0000000716000000|  0%| F|  |TAMS 0x0000000715e00000| PB 0x0000000715e00000| Untracked 
| 122|0x0000000716000000, 0x0000000716000000, 0x0000000716200000|  0%| F|  |TAMS 0x0000000716000000| PB 0x0000000716000000| Untracked 
| 123|0x0000000716200000, 0x0000000716200000, 0x0000000716400000|  0%| F|  |TAMS 0x0000000716200000| PB 0x0000000716200000| Untracked 
| 124|0x0000000716400000, 0x0000000716494cc0, 0x0000000716600000| 29%| E|  |TAMS 0x0000000716400000| PB 0x0000000716400000| Complete 
|1993|0x00000007ffe00000, 0x00000007fff07778, 0x0000000800000000| 51%| O|  |TAMS 0x00000007ffe00000| PB 0x00000007ffe00000| Untracked 

Card table byte_map: [0x000079536706c000,0x0000795367836000] _byte_map_base: 0x0000795363836000

Marking Bits: (CMBitMap*) 0x0000795380096110
 Bits: [0x000079536321c000, 0x000079536706c000)

Polling page: 0x00007953861e2000

Metaspace:

Usage:
  Non-class:      3.20 MB used.
      Class:    410.63 KB used.
       Both:      3.60 MB used.

Virtual space:
  Non-class space:       64.00 MB reserved,       3.31 MB (  5%) committed,  1 nodes.
      Class space:        1.00 GB reserved,     512.00 KB ( <1%) committed,  1 nodes.
             Both:        1.06 GB reserved,       3.81 MB ( <1%) committed. 

Chunk freelists:
   Non-Class:  10.29 MB
       Class:  15.47 MB
        Both:  25.76 MB

MaxMetaspaceSize: unlimited
CompressedClassSpaceSize: 1.00 GB
Initial GC threshold: 21.00 MB
Current GC threshold: 21.00 MB
CDS: on
 - commit_granule_bytes: 65536.
 - commit_granule_words: 8192.
 - virtual_space_node_default_size: 8388608.
 - enlarge_chunks_in_place: 1.
 - use_allocation_guard: 0.


Internal statistics:

num_allocs_failed_limit: 0.
num_arena_births: 66.
num_arena_deaths: 0.
num_vsnodes_births: 2.
num_vsnodes_deaths: 0.
num_space_committed: 61.
num_space_uncommitted: 0.
num_chunks_returned_to_freelist: 0.
num_chunks_taken_from_freelist: 135.
num_chunk_merges: 0.
num_chunk_splits: 111.
num_chunks_enlarged: 91.
num_inconsistent_stats: 0.

CodeHeap 'non-profiled nmethods': size=120036Kb used=223Kb max_used=223Kb free=119812Kb
 bounds [0x000079536fac7000, 0x000079536fd37000, 0x0000795377000000]
CodeHeap 'profiled nmethods': size=120032Kb used=1172Kb max_used=1172Kb free=118859Kb
 bounds [0x0000795368000000, 0x0000795368270000, 0x000079536f538000]
CodeHeap 'non-nmethods': size=5692Kb used=1523Kb max_used=1536Kb free=4168Kb
 bounds [0x000079536f538000, 0x000079536f7a8000, 0x000079536fac7000]
 total_blobs=1188 nmethods=715 adapters=379
 compilation: enabled
              stopped_count=0, restarted_count=0
 full_count=0

Compilation events (20 events):
Event: 11.823 Thread 0x000079538015b750  703       3       java.lang.invoke.LambdaForm$Name::useCount (51 bytes)
Event: 11.823 Thread 0x000079538015b750 nmethod 703 0x000079536811f390 code [0x000079536811f540, 0x000079536811f7a8]
Event: 11.823 Thread 0x000079538015b750  702       3       jdk.internal.org.objectweb.asm.ByteVector::<init> (13 bytes)
Event: 11.823 Thread 0x000079538015b750 nmethod 702 0x000079536811f890 code [0x000079536811fa40, 0x000079536811fca8]
Event: 11.824 Thread 0x000079538015b750  705       3       java.lang.invoke.MemberName::<init> (50 bytes)
Event: 11.825 Thread 0x000079538015b750 nmethod 705 0x000079536811fd90 code [0x000079536811ff80, 0x00007953681202a8]
Event: 11.827 Thread 0x000079538015b750  706       3       java.lang.invoke.MemberName::isResolved (13 bytes)
Event: 11.827 Thread 0x000079538015b750 nmethod 706 0x0000795368120410 code [0x00007953681205a0, 0x0000795368120708]
Event: 11.827 Thread 0x000079538015b750  707       3       java.lang.invoke.MemberName::isStatic (8 bytes)
Event: 11.827 Thread 0x000079538015b750 nmethod 707 0x0000795368120790 code [0x0000795368120920, 0x0000795368120ae0]
Event: 11.828 Thread 0x000079538015b750  708       3       java.lang.invoke.LambdaForm$NamedFunction::returnType (11 bytes)
Event: 11.828 Thread 0x000079538015b750 nmethod 708 0x0000795368120b90 code [0x0000795368120da0, 0x0000795368121338]
Event: 11.828 Thread 0x000079538015b750  710       3       jdk.internal.org.objectweb.asm.MethodWriter::visitMethodInsn (191 bytes)
Event: 11.829 Thread 0x000079538015b750 nmethod 710 0x0000795368121610 code [0x0000795368121840, 0x0000795368121fd8]
Event: 11.829 Thread 0x000079538015b750  711       3       jdk.internal.org.objectweb.asm.Frame::getAbstractTypeFromDescriptor (415 bytes)
Event: 11.831 Thread 0x000079538015b750 nmethod 711 0x0000795368122310 code [0x00007953681226c0, 0x0000795368124288]
Event: 11.835 Thread 0x000079538015b750  714       3       java.lang.invoke.LambdaForm::uncustomize (57 bytes)
Event: 11.836 Thread 0x000079538015b750 nmethod 714 0x0000795368124c10 code [0x0000795368124de0, 0x0000795368125100]
Event: 11.836 Thread 0x000079538015b750  715       1       java.lang.invoke.DirectMethodHandle::internalMemberName (5 bytes)
Event: 11.836 Thread 0x000079538015b750 nmethod 715 0x000079536fafeb10 code [0x000079536fafeca0, 0x000079536fafed68]

GC Heap History (2 events):
Event: 11.803 GC heap before
{Heap before GC invocations=0 (full 0):
 garbage-first heap   total 258048K, used 13341K [0x0000000706c00000, 0x0000000800000000)
  region size 2048K, 6 young (12288K), 0 survivors (0K)
 Metaspace       used 3641K, committed 3840K, reserved 1114112K
  class space    used 406K, committed 512K, reserved 1048576K
}
Event: 11.814 GC heap after
{Heap after GC invocations=1 (full 0):
 garbage-first heap   total 258048K, used 2744K [0x0000000706c00000, 0x0000000800000000)
  region size 2048K, 1 young (2048K), 1 survivors (2048K)
 Metaspace       used 3641K, committed 3840K, reserved 1114112K
  class space    used 406K, committed 512K, reserved 1048576K
}

Dll operation events (13 events):
Event: 0.005 Loaded shared library /home/wangjing/.jdks/openjdk-21.0.2/lib/libjava.so
Event: 0.005 Loaded shared library /home/wangjing/.jdks/openjdk-21.0.2/lib/libzip.so
Event: 0.047 Loaded shared library /home/wangjing/.jdks/openjdk-21.0.2/lib/libjsvml.so
Event: 0.198 Loaded shared library /home/wangjing/.jdks/openjdk-21.0.2/lib/libinstrument.so
Event: 0.275 Loaded shared library /home/wangjing/.jdks/openjdk-21.0.2/lib/libnio.so
Event: 0.304 Loaded shared library /home/wangjing/.jdks/openjdk-21.0.2/lib/libzip.so
Event: 0.348 Loaded shared library /home/wangjing/.jdks/openjdk-21.0.2/lib/libjimage.so
Event: 0.407 Loaded shared library /home/wangjing/.javacpp/cache/javacpp-1.5.7-linux-x86_64.jar/org/bytedeco/javacpp/linux-x86_64/libjnijavacpp.so
Event: 0.434 Loaded shared library /home/wangjing/.jdks/openjdk-21.0.2/lib/libnet.so
Event: 0.568 Loaded shared library /home/wangjing/.javacpp/cache/llvm-13.0.1-1.5.7-linux-x86_64.jar/org/bytedeco/llvm/linux-x86_64/libLLVM-13.so
Event: 0.572 Loaded shared library /home/wangjing/.javacpp/cache/llvm-13.0.1-1.5.7-linux-x86_64.jar/org/bytedeco/llvm/linux-x86_64/libLTO.so.13
Event: 0.581 Loaded shared library /home/wangjing/.javacpp/cache/llvm-13.0.1-1.5.7-linux-x86_64.jar/org/bytedeco/llvm/linux-x86_64/libRemarks.so.13
Event: 0.582 Loaded shared library /home/wangjing/.javacpp/cache/llvm-13.0.1-1.5.7-linux-x86_64.jar/org/bytedeco/llvm/linux-x86_64/libjniLLVM.so

Deoptimization events (20 events):
Event: 0.544 Thread 0x000079538002caa0 DEOPT PACKING pc=0x00007953680a0d54 sp=0x0000795385dfd770
Event: 0.544 Thread 0x000079538002caa0 DEOPT UNPACKING pc=0x000079536f59014f sp=0x0000795385dfccd8 mode 1
Event: 0.544 Thread 0x000079538002caa0 DEOPT PACKING pc=0x000079536809ac5c sp=0x0000795385dfd4a0
Event: 0.544 Thread 0x000079538002caa0 DEOPT UNPACKING pc=0x000079536f59014f sp=0x0000795385dfc9a0 mode 1
Event: 0.544 Thread 0x000079538002caa0 DEOPT PACKING pc=0x000079536809ac5c sp=0x0000795385dfd4a0
Event: 0.544 Thread 0x000079538002caa0 DEOPT UNPACKING pc=0x000079536f59014f sp=0x0000795385dfc9a0 mode 1
Event: 0.544 Thread 0x000079538002caa0 DEOPT PACKING pc=0x000079536809ac5c sp=0x0000795385dfd4a0
Event: 0.544 Thread 0x000079538002caa0 DEOPT UNPACKING pc=0x000079536f59014f sp=0x0000795385dfc9a0 mode 1
Event: 0.544 Thread 0x000079538002caa0 DEOPT PACKING pc=0x000079536809ac5c sp=0x0000795385dfd4a0
Event: 0.544 Thread 0x000079538002caa0 DEOPT UNPACKING pc=0x000079536f59014f sp=0x0000795385dfc9a0 mode 1
Event: 0.544 Thread 0x000079538002caa0 DEOPT PACKING pc=0x000079536809ac5c sp=0x0000795385dfd4a0
Event: 0.544 Thread 0x000079538002caa0 DEOPT UNPACKING pc=0x000079536f59014f sp=0x0000795385dfc9a0 mode 1
Event: 0.544 Thread 0x000079538002caa0 DEOPT PACKING pc=0x000079536809ac5c sp=0x0000795385dfd4a0
Event: 0.544 Thread 0x000079538002caa0 DEOPT UNPACKING pc=0x000079536f59014f sp=0x0000795385dfc9a0 mode 1
Event: 0.544 Thread 0x000079538002caa0 DEOPT PACKING pc=0x000079536809ac5c sp=0x0000795385dfd4a0
Event: 0.544 Thread 0x000079538002caa0 DEOPT UNPACKING pc=0x000079536f59014f sp=0x0000795385dfc9a0 mode 1
Event: 0.544 Thread 0x000079538002caa0 DEOPT PACKING pc=0x000079536809ac5c sp=0x0000795385dfd4a0
Event: 0.544 Thread 0x000079538002caa0 DEOPT UNPACKING pc=0x000079536f59014f sp=0x0000795385dfc9a0 mode 1
Event: 0.544 Thread 0x000079538002caa0 DEOPT PACKING pc=0x000079536809ac5c sp=0x0000795385dfd4a0
Event: 0.544 Thread 0x000079538002caa0 DEOPT UNPACKING pc=0x000079536f59014f sp=0x0000795385dfc9a0 mode 1

Classes loaded (20 events):
Event: 0.596 Loading class org/bytedeco/llvm/LLVM/LLVMPassManagerBuilderRef
Event: 0.596 Loading class org/bytedeco/llvm/LLVM/LLVMPassManagerBuilderRef done
Event: 0.596 Loading class org/bytedeco/llvm/LLVM/LLVMPassBuilderOptionsRef
Event: 0.596 Loading class org/bytedeco/llvm/LLVM/LLVMPassBuilderOptionsRef done
Event: 0.596 Loading class org/bytedeco/llvm/LLVM/Pass
Event: 0.596 Loading class org/bytedeco/llvm/LLVM/Pass done
Event: 0.596 Loading class org/bytedeco/llvm/LLVM/LLVMNamedMDNodeRef
Event: 0.596 Loading class org/bytedeco/llvm/LLVM/LLVMNamedMDNodeRef done
Event: 0.597 Loading class org/bytedeco/llvm/LLVM/LLVMUseRef
Event: 0.597 Loading class org/bytedeco/llvm/LLVM/LLVMUseRef done
Event: 0.597 Loading class Scope
Event: 0.597 Loading class Scope done
Event: 0.598 Loading class org/bytedeco/javacpp/PointerScope
Event: 0.598 Loading class org/bytedeco/javacpp/PointerScope done
Event: 0.599 Loading class org/bytedeco/javacpp/PointerScope$1
Event: 0.599 Loading class org/bytedeco/javacpp/PointerScope$1 done
Event: 0.868 Loading class com/intellij/rt/debugger/BatchEvaluatorServer
Event: 0.868 Loading class com/intellij/rt/debugger/BatchEvaluatorServer done
Event: 0.925 Loading class java/io/DataOutputStream
Event: 0.925 Loading class java/io/DataOutputStream done

Classes unloaded (0 events):
No events

Classes redefined (0 events):
No events

Internal exceptions (8 events):
Event: 0.203 Thread 0x000079538002caa0 Exception <a 'java/lang/NoSuchMethodError'{0x0000000716594228}: 'void java.lang.invoke.DirectMethodHandle$Holder.invokeStatic(java.lang.Object, java.lang.Object, java.lang.Object)'> (0x0000000716594228) 
thrown [open/src/hotspot/share/interpreter/linkResolver.cpp, line 772]
Event: 0.225 Thread 0x000079538002caa0 Exception <a 'java/lang/NoSuchMethodError'{0x00000007165ab5c0}: 'java.lang.Object java.lang.invoke.Invokers$Holder.invokeExact_MT(java.lang.Object, java.lang.Object, java.lang.Object, java.lang.Object, java.lang.Object)'> (0x00000007165ab5c0) 
thrown [open/src/hotspot/share/interpreter/linkResolver.cpp, line 772]
Event: 0.334 Thread 0x000079538002caa0 Exception <a 'java/lang/NoSuchMethodError'{0x000000071638f158}: 'int java.lang.invoke.DirectMethodHandle$Holder.invokeStaticInit(java.lang.Object, java.lang.Object, java.lang.Object, java.lang.Object)'> (0x000000071638f158) 
thrown [open/src/hotspot/share/interpreter/linkResolver.cpp, line 772]
Event: 0.335 Thread 0x000079538002caa0 Exception <a 'java/lang/NoSuchMethodError'{0x0000000716397ce0}: 'java.lang.Object java.lang.invoke.DirectMethodHandle$Holder.invokeInterface(java.lang.Object, java.lang.Object)'> (0x0000000716397ce0) 
thrown [open/src/hotspot/share/interpreter/linkResolver.cpp, line 772]
Event: 0.336 Thread 0x000079538002caa0 Exception <a 'java/lang/IncompatibleClassChangeError'{0x000000071639af48}: Found class java.lang.Object, but interface was expected> (0x000000071639af48) 
thrown [open/src/hotspot/share/interpreter/linkResolver.cpp, line 840]
Event: 0.336 Thread 0x000079538002caa0 Exception <a 'java/lang/NoSuchMethodError'{0x000000071639e100}: 'void java.lang.invoke.DirectMethodHandle$Holder.invokeStatic(java.lang.Object, java.lang.Object)'> (0x000000071639e100) 
thrown [open/src/hotspot/share/interpreter/linkResolver.cpp, line 772]
Event: 0.337 Thread 0x000079538002caa0 Exception <a 'java/lang/NoSuchMethodError'{0x00000007163a19f8}: 'void java.lang.invoke.DirectMethodHandle$Holder.invokeStaticInit(java.lang.Object, java.lang.Object)'> (0x00000007163a19f8) 
thrown [open/src/hotspot/share/interpreter/linkResolver.cpp, line 772]
Event: 0.342 Thread 0x000079538002caa0 Exception <a 'java/lang/NoSuchMethodError'{0x00000007163a9568}: 'int java.lang.invoke.DirectMethodHandle$Holder.invokeStaticInit(java.lang.Object, java.lang.Object)'> (0x00000007163a9568) 
thrown [open/src/hotspot/share/interpreter/linkResolver.cpp, line 772]

ZGC Phase Switch (0 events):
No events

VM Operations (20 events):
Event: 26.837 Executing VM operation: get/set locals
Event: 26.837 Executing VM operation: get/set locals done
Event: 26.837 Executing VM operation: get/set locals
Event: 26.837 Executing VM operation: get/set locals done
Event: 26.837 Executing VM operation: get/set locals
Event: 26.837 Executing VM operation: get/set locals done
Event: 26.837 Executing VM operation: get/set locals
Event: 26.837 Executing VM operation: get/set locals done
Event: 26.837 Executing VM operation: get/set locals
Event: 26.837 Executing VM operation: get/set locals done
Event: 26.837 Executing VM operation: get/set locals
Event: 26.837 Executing VM operation: get/set locals done
Event: 27.546 Executing VM operation: ChangeSingleStep
Event: 27.546 Executing VM operation: ChangeSingleStep done
Event: 27.547 Executing VM operation: ChangeSingleStep
Event: 27.547 Executing VM operation: ChangeSingleStep done
Event: 27.547 Executing VM operation: ChangeSingleStep
Event: 27.547 Executing VM operation: ChangeSingleStep done
Event: 27.547 Executing VM operation: ChangeSingleStep
Event: 27.547 Executing VM operation: ChangeSingleStep done

Events (20 events):
Event: 0.034 Thread 0x0000795380156fb0 Thread added: 0x0000795380156fb0
Event: 0.034 Protecting memory [0x0000795360a3d000,0x0000795360a41000] with protection modes 0
Event: 0.034 Thread 0x0000795380158550 Thread added: 0x0000795380158550
Event: 0.034 Thread 0x000079538015a090 Thread added: 0x000079538015a090
Event: 0.034 Protecting memory [0x000079536083d000,0x0000795360841000] with protection modes 0
Event: 0.034 Protecting memory [0x000079536093d000,0x0000795360941000] with protection modes 0
Event: 0.035 Thread 0x000079538015b750 Thread added: 0x000079538015b750
Event: 0.035 Protecting memory [0x000079536073d000,0x0000795360741000] with protection modes 0
Event: 0.059 Thread 0x000079538017d090 Thread added: 0x000079538017d090
Event: 0.061 Protecting memory [0x000079536056d000,0x0000795360571000] with protection modes 0
Event: 0.105 Thread 0x00007953801c2340 Thread added: 0x00007953801c2340
Event: 0.105 Protecting memory [0x000079536046d000,0x0000795360471000] with protection modes 0
Event: 0.108 Thread 0x00007953801d6090 Thread added: 0x00007953801d6090
Event: 0.108 Protecting memory [0x000079536036d000,0x0000795360371000] with protection modes 0
Event: 0.109 Thread 0x00007952e40a9e00 Thread added: 0x00007952e40a9e00
Event: 0.109 Protecting memory [0x000079536026d000,0x0000795360271000] with protection modes 0
Event: 0.257 Thread 0x00007953801ea6d0 Thread added: 0x00007953801ea6d0
Event: 0.257 Protecting memory [0x000079536016d000,0x0000795360171000] with protection modes 0
Event: 0.329 Thread 0x0000795380222040 Thread added: 0x0000795380222040
Event: 0.329 Protecting memory [0x000079536006d000,0x0000795360071000] with protection modes 0


Dynamic libraries:
706c00000-716600000 rw-p 00000000 00:00 0 
716600000-7ffe00000 ---p 00000000 00:00 0 
7ffe00000-7fff08000 rw-p 00ce5000 08:03 2903295                          /home/wangjing/.jdks/openjdk-21.0.2/lib/server/classes.jsa
7fff08000-800000000 rw-p 00000000 00:00 0 
569f669db000-569f669dc000 r-xp 00000000 08:03 2902800                    /home/wangjing/.jdks/openjdk-21.0.2/bin/java
569f669dd000-569f669de000 r--p 00001000 08:03 2902800                    /home/wangjing/.jdks/openjdk-21.0.2/bin/java
569f669de000-569f669df000 rw-p 00002000 08:03 2902800                    /home/wangjing/.jdks/openjdk-21.0.2/bin/java
569f6878a000-569f687d0000 rw-p 00000000 00:00 0                          [heap]
7952d9400000-7952d9d26000 r--p 00000000 08:03 3025897                    /home/wangjing/.javacpp/cache/llvm-13.0.1-1.5.7-linux-x86_64.jar/org/bytedeco/llvm/linux-x86_64/libLLVM-13.so
7952d9d26000-7952dd6e9000 r-xp 00926000 08:03 3025897                    /home/wangjing/.javacpp/cache/llvm-13.0.1-1.5.7-linux-x86_64.jar/org/bytedeco/llvm/linux-x86_64/libLLVM-13.so
7952dd6e9000-7952df93e000 r--p 042e9000 08:03 3025897                    /home/wangjing/.javacpp/cache/llvm-13.0.1-1.5.7-linux-x86_64.jar/org/bytedeco/llvm/linux-x86_64/libLLVM-13.so
7952df93e000-7952dfe53000 r--p 0653d000 08:03 3025897                    /home/wangjing/.javacpp/cache/llvm-13.0.1-1.5.7-linux-x86_64.jar/org/bytedeco/llvm/linux-x86_64/libLLVM-13.so
7952dfe53000-7952dfe5e000 rw-p 06a52000 08:03 3025897                    /home/wangjing/.javacpp/cache/llvm-13.0.1-1.5.7-linux-x86_64.jar/org/bytedeco/llvm/linux-x86_64/libLLVM-13.so
7952dfe5e000-7952dfed4000 rw-p 00000000 00:00 0 
7952e0000000-7952e0151000 rw-p 00000000 00:00 0 
7952e0151000-7952e4000000 ---p 00000000 00:00 0 
7952e4000000-7952e418d000 rw-p 00000000 00:00 0 
7952e418d000-7952e8000000 ---p 00000000 00:00 0 
7952e8000000-7952e8021000 rw-p 00000000 00:00 0 
7952e8021000-7952ec000000 ---p 00000000 00:00 0 
7952ec000000-7952ec021000 rw-p 00000000 00:00 0 
7952ec021000-7952f0000000 ---p 00000000 00:00 0 
7952f0000000-7952f0021000 rw-p 00000000 00:00 0 
7952f0021000-7952f4000000 ---p 00000000 00:00 0 
7952f4000000-7952f4021000 rw-p 00000000 00:00 0 
7952f4021000-7952f8000000 ---p 00000000 00:00 0 
7952f8000000-7952f8021000 rw-p 00000000 00:00 0 
7952f8021000-7952fc000000 ---p 00000000 00:00 0 
7952fc000000-7952fc021000 rw-p 00000000 00:00 0 
7952fc021000-795300000000 ---p 00000000 00:00 0 
795300000000-795300190000 rw-p 00000000 00:00 0 
795300190000-795300400000 ---p 00000000 00:00 0 
795300400000-7953005c0000 rw-p 00000000 00:00 0 
7953005c0000-795304000000 ---p 00000000 00:00 0 
795304000000-795304021000 rw-p 00000000 00:00 0 
795304021000-795308000000 ---p 00000000 00:00 0 
795309a7d000-79530aaff000 rw-p 00000000 00:00 0 
79530aaff000-79530ab00000 ---p 00000000 00:00 0 
79530ab00000-79530ac00000 rw-p 00000000 00:00 0 
79530ac00000-79530ac9a000 r--p 00000000 08:03 917771                     /usr/lib/x86_64-linux-gnu/libstdc++.so.6.0.30
79530ac9a000-79530adab000 r-xp 0009a000 08:03 917771                     /usr/lib/x86_64-linux-gnu/libstdc++.so.6.0.30
79530adab000-79530ae1a000 r--p 001ab000 08:03 917771                     /usr/lib/x86_64-linux-gnu/libstdc++.so.6.0.30
79530ae1a000-79530ae1b000 ---p 0021a000 08:03 917771                     /usr/lib/x86_64-linux-gnu/libstdc++.so.6.0.30
79530ae1b000-79530ae26000 r--p 0021a000 08:03 917771                     /usr/lib/x86_64-linux-gnu/libstdc++.so.6.0.30
79530ae26000-79530ae29000 rw-p 00225000 08:03 917771                     /usr/lib/x86_64-linux-gnu/libstdc++.so.6.0.30
79530ae29000-79530ae2c000 rw-p 00000000 00:00 0 
79530aefa000-79530af5f000 r--p 00000000 08:03 3025902                    /home/wangjing/.javacpp/cache/llvm-13.0.1-1.5.7-linux-x86_64.jar/org/bytedeco/llvm/linux-x86_64/libjniLLVM.so
79530af5f000-79530afcd000 r-xp 00065000 08:03 3025902                    /home/wangjing/.javacpp/cache/llvm-13.0.1-1.5.7-linux-x86_64.jar/org/bytedeco/llvm/linux-x86_64/libjniLLVM.so
79530afcd000-79530aff8000 r--p 000d3000 08:03 3025902                    /home/wangjing/.javacpp/cache/llvm-13.0.1-1.5.7-linux-x86_64.jar/org/bytedeco/llvm/linux-x86_64/libjniLLVM.so
79530aff8000-79530affb000 r--p 000fd000 08:03 3025902                    /home/wangjing/.javacpp/cache/llvm-13.0.1-1.5.7-linux-x86_64.jar/org/bytedeco/llvm/linux-x86_64/libjniLLVM.so
79530affb000-79530affe000 rw-p 00100000 08:03 3025902                    /home/wangjing/.javacpp/cache/llvm-13.0.1-1.5.7-linux-x86_64.jar/org/bytedeco/llvm/linux-x86_64/libjniLLVM.so
79530affe000-79530b000000 rw-p 00000000 00:00 0 
79530b000000-79530bca6000 rw-p 00001000 08:03 2903295                    /home/wangjing/.jdks/openjdk-21.0.2/lib/server/classes.jsa
79530bca6000-79530c000000 ---p 00000000 00:00 0 
79530c000000-79530c030000 rw-p 00000000 00:00 0 
79530c030000-79530c070000 rw-p 00000000 00:00 0 
79530c070000-79530c080000 ---p 00000000 00:00 0 
79530c080000-79530c090000 rw-p 00000000 00:00 0 
79530c090000-79534c000000 ---p 00000000 00:00 0 
79534c000000-79534c021000 rw-p 00000000 00:00 0 
79534c021000-795350000000 ---p 00000000 00:00 0 
795350000000-795350021000 rw-p 00000000 00:00 0 
795350021000-795354000000 ---p 00000000 00:00 0 
795354000000-795354021000 rw-p 00000000 00:00 0 
795354021000-795358000000 ---p 00000000 00:00 0 
795358000000-795358021000 rw-p 00000000 00:00 0 
795358021000-79535c000000 ---p 00000000 00:00 0 
79535c000000-79535c021000 rw-p 00000000 00:00 0 
79535c021000-795360000000 ---p 00000000 00:00 0 
79536006d000-795360071000 ---p 00000000 00:00 0 
795360071000-79536016d000 rw-p 00000000 00:00 0 
79536016d000-795360171000 ---p 00000000 00:00 0 
795360171000-79536026d000 rw-p 00000000 00:00 0 
79536026d000-795360271000 ---p 00000000 00:00 0 
795360271000-79536036d000 rw-p 00000000 00:00 0 
79536036d000-795360371000 ---p 00000000 00:00 0 
795360371000-79536046d000 rw-p 00000000 00:00 0 
79536046d000-795360471000 ---p 00000000 00:00 0 
795360471000-79536056d000 rw-p 00000000 00:00 0 
79536056d000-795360571000 ---p 00000000 00:00 0 
795360571000-79536066d000 rw-p 00000000 00:00 0 
79536066d000-79536073b000 r-xp 00000000 08:03 2903269                    /home/wangjing/.jdks/openjdk-21.0.2/lib/libjsvml.so
79536073b000-79536073c000 r--p 000cd000 08:03 2903269                    /home/wangjing/.jdks/openjdk-21.0.2/lib/libjsvml.so
79536073c000-79536073d000 rw-p 000ce000 08:03 2903269                    /home/wangjing/.jdks/openjdk-21.0.2/lib/libjsvml.so
79536073d000-795360741000 ---p 00000000 00:00 0 
795360741000-79536083d000 rw-p 00000000 00:00 0 
79536083d000-795360841000 ---p 00000000 00:00 0 
795360841000-79536093d000 rw-p 00000000 00:00 0 
79536093d000-795360941000 ---p 00000000 00:00 0 
795360941000-795360a3d000 rw-p 00000000 00:00 0 
795360a3d000-795360a41000 ---p 00000000 00:00 0 
795360a41000-795360b3d000 rw-p 00000000 00:00 0 
795360b3d000-795360b41000 ---p 00000000 00:00 0 
795360b41000-795360c3d000 rw-p 00000000 00:00 0 
795360c3d000-795360c41000 ---p 00000000 00:00 0 
795360c41000-795360d3d000 rw-p 00000000 00:00 0 
795360d3d000-795360d41000 ---p 00000000 00:00 0 
795360d41000-795360e3d000 rw-p 00000000 00:00 0 
795360e3d000-795360e3e000 ---p 00000000 00:00 0 
795360e3e000-795360f3e000 rw-p 00000000 00:00 0 
795360f3e000-795360f3f000 ---p 00000000 00:00 0 
795360f3f000-79536111b000 rw-p 00000000 00:00 0 
79536111b000-79536111c000 ---p 00000000 00:00 0 
79536111c000-795363604000 rw-p 00000000 00:00 0 
795363604000-795367064000 ---p 00000000 00:00 0 
795367064000-7953670e9000 rw-p 00000000 00:00 0 
7953670e9000-795367835000 ---p 00000000 00:00 0 
795367835000-7953678b3000 rw-p 00000000 00:00 0 
7953678b3000-795367fff000 ---p 00000000 00:00 0 
795367fff000-795368000000 rw-p 00000000 00:00 0 
795368000000-795368270000 rwxp 00000000 00:00 0 
795368270000-79536f538000 ---p 00000000 00:00 0 
79536f538000-79536f7a8000 rwxp 00000000 00:00 0 
79536f7a8000-79536fac7000 ---p 00000000 00:00 0 
79536fac7000-79536fd37000 rwxp 00000000 00:00 0 
79536fd37000-795377000000 ---p 00000000 00:00 0 
795377000000-795377878000 r--p 00000000 08:03 918099                     /usr/lib/locale/locale-archive
79537789e000-7953778a1000 r--p 00000000 08:03 919532                     /usr/lib/x86_64-linux-gnu/libgcc_s.so.1
7953778a1000-7953778b8000 r-xp 00003000 08:03 919532                     /usr/lib/x86_64-linux-gnu/libgcc_s.so.1
7953778b8000-7953778bc000 r--p 0001a000 08:03 919532                     /usr/lib/x86_64-linux-gnu/libgcc_s.so.1
7953778bc000-7953778bd000 r--p 0001d000 08:03 919532                     /usr/lib/x86_64-linux-gnu/libgcc_s.so.1
7953778bd000-7953778be000 rw-p 0001e000 08:03 919532                     /usr/lib/x86_64-linux-gnu/libgcc_s.so.1
7953778be000-7953778ff000 rw-p 00000000 00:00 0 
7953778ff000-795377900000 ---p 00000000 00:00 0 
795377900000-795377a00000 rw-p 00000000 00:00 0 
795377a00000-79537fecf000 r--s 00000000 08:03 2903286                    /home/wangjing/.jdks/openjdk-21.0.2/lib/modules
79537fedb000-79537fee2000 r--p 00000000 08:03 3025898                    /home/wangjing/.javacpp/cache/llvm-13.0.1-1.5.7-linux-x86_64.jar/org/bytedeco/llvm/linux-x86_64/libLTO.so.13
79537fee2000-79537feea000 r-xp 00007000 08:03 3025898                    /home/wangjing/.javacpp/cache/llvm-13.0.1-1.5.7-linux-x86_64.jar/org/bytedeco/llvm/linux-x86_64/libLTO.so.13
79537feea000-79537feec000 r--p 0000f000 08:03 3025898                    /home/wangjing/.javacpp/cache/llvm-13.0.1-1.5.7-linux-x86_64.jar/org/bytedeco/llvm/linux-x86_64/libLTO.so.13
79537feec000-79537feed000 r--p 00010000 08:03 3025898                    /home/wangjing/.javacpp/cache/llvm-13.0.1-1.5.7-linux-x86_64.jar/org/bytedeco/llvm/linux-x86_64/libLTO.so.13
79537feed000-79537feee000 rw-p 00011000 08:03 3025898                    /home/wangjing/.javacpp/cache/llvm-13.0.1-1.5.7-linux-x86_64.jar/org/bytedeco/llvm/linux-x86_64/libLTO.so.13
79537feee000-79537fef2000 r--p 00000000 08:03 3025878                    /home/wangjing/.javacpp/cache/javacpp-1.5.7-linux-x86_64.jar/org/bytedeco/javacpp/linux-x86_64/libjnijavacpp.so
79537fef2000-79537fef9000 r-xp 00004000 08:03 3025878                    /home/wangjing/.javacpp/cache/javacpp-1.5.7-linux-x86_64.jar/org/bytedeco/javacpp/linux-x86_64/libjnijavacpp.so
79537fef9000-79537fefd000 r--p 0000b000 08:03 3025878                    /home/wangjing/.javacpp/cache/javacpp-1.5.7-linux-x86_64.jar/org/bytedeco/javacpp/linux-x86_64/libjnijavacpp.so
79537fefd000-79537fefe000 r--p 0000e000 08:03 3025878                    /home/wangjing/.javacpp/cache/javacpp-1.5.7-linux-x86_64.jar/org/bytedeco/javacpp/linux-x86_64/libjnijavacpp.so
79537fefe000-79537feff000 rw-p 0000f000 08:03 3025878                    /home/wangjing/.javacpp/cache/javacpp-1.5.7-linux-x86_64.jar/org/bytedeco/javacpp/linux-x86_64/libjnijavacpp.so
79537feff000-795380000000 rw-p 00000000 00:00 0 
795380000000-79538040a000 rw-p 00000000 00:00 0 
79538040a000-795384000000 ---p 00000000 00:00 0 
795384009000-79538400a000 r--p 00000000 08:03 3025900                    /home/wangjing/.javacpp/cache/llvm-13.0.1-1.5.7-linux-x86_64.jar/org/bytedeco/llvm/linux-x86_64/libRemarks.so.13
79538400a000-79538400b000 r-xp 00001000 08:03 3025900                    /home/wangjing/.javacpp/cache/llvm-13.0.1-1.5.7-linux-x86_64.jar/org/bytedeco/llvm/linux-x86_64/libRemarks.so.13
79538400b000-79538400c000 r--p 00002000 08:03 3025900                    /home/wangjing/.javacpp/cache/llvm-13.0.1-1.5.7-linux-x86_64.jar/org/bytedeco/llvm/linux-x86_64/libRemarks.so.13
79538400c000-79538400d000 r--p 00002000 08:03 3025900                    /home/wangjing/.javacpp/cache/llvm-13.0.1-1.5.7-linux-x86_64.jar/org/bytedeco/llvm/linux-x86_64/libRemarks.so.13
79538400d000-79538400e000 rw-p 00003000 08:03 3025900                    /home/wangjing/.javacpp/cache/llvm-13.0.1-1.5.7-linux-x86_64.jar/org/bytedeco/llvm/linux-x86_64/libRemarks.so.13
79538400e000-795384022000 r-xp 00000000 08:03 2903277                    /home/wangjing/.jdks/openjdk-21.0.2/lib/libnio.so
795384022000-795384023000 r--p 00013000 08:03 2903277                    /home/wangjing/.jdks/openjdk-21.0.2/lib/libnio.so
795384023000-795384024000 rw-p 00014000 08:03 2903277                    /home/wangjing/.jdks/openjdk-21.0.2/lib/libnio.so
795384024000-795384125000 rw-p 00000000 00:00 0 
795384125000-795384126000 ---p 00000000 00:00 0 
795384126000-795384226000 rw-p 00000000 00:00 0 
795384226000-795384227000 ---p 00000000 00:00 0 
795384227000-795384327000 rw-p 00000000 00:00 0 
795384327000-795384328000 ---p 00000000 00:00 0 
795384328000-79538462f000 rw-p 00000000 00:00 0 
79538462f000-795384715000 ---p 00000000 00:00 0 
795384715000-79538471a000 rw-p 00000000 00:00 0 
79538471a000-795384800000 ---p 00000000 00:00 0 
795384800000-795385b12000 r-xp 00000000 08:03 2903298                    /home/wangjing/.jdks/openjdk-21.0.2/lib/server/libjvm.so
795385b12000-795385b13000 ---p 01312000 08:03 2903298                    /home/wangjing/.jdks/openjdk-21.0.2/lib/server/libjvm.so
795385b13000-795385be0000 r--p 01312000 08:03 2903298                    /home/wangjing/.jdks/openjdk-21.0.2/lib/server/libjvm.so
795385be0000-795385c0e000 rw-p 013df000 08:03 2903298                    /home/wangjing/.jdks/openjdk-21.0.2/lib/server/libjvm.so
795385c0e000-795385c74000 rw-p 00000000 00:00 0 
795385c78000-795385c84000 r-xp 00000000 08:03 2903276                    /home/wangjing/.jdks/openjdk-21.0.2/lib/libnet.so
795385c84000-795385c85000 r--p 0000b000 08:03 2903276                    /home/wangjing/.jdks/openjdk-21.0.2/lib/libnet.so
795385c85000-795385c86000 rw-p 0000c000 08:03 2903276                    /home/wangjing/.jdks/openjdk-21.0.2/lib/libnet.so
795385c86000-795385c8b000 r-xp 00000000 08:03 2903253                    /home/wangjing/.jdks/openjdk-21.0.2/lib/libdt_socket.so
795385c8b000-795385c8c000 r--p 00004000 08:03 2903253                    /home/wangjing/.jdks/openjdk-21.0.2/lib/libdt_socket.so
795385c8c000-795385c8d000 rw-p 00005000 08:03 2903253                    /home/wangjing/.jdks/openjdk-21.0.2/lib/libdt_socket.so
795385c8d000-795385cd5000 rw-p 00000000 00:00 0 
795385cd5000-795385cdc000 ---p 00000000 00:00 0 
795385cdc000-795385cfc000 r-xp 00000000 08:03 2903261                    /home/wangjing/.jdks/openjdk-21.0.2/lib/libjava.so
795385cfc000-795385cfd000 ---p 00020000 08:03 2903261                    /home/wangjing/.jdks/openjdk-21.0.2/lib/libjava.so
795385cfd000-795385cfe000 r--p 00020000 08:03 2903261                    /home/wangjing/.jdks/openjdk-21.0.2/lib/libjava.so
795385cfe000-795385cff000 rw-p 00021000 08:03 2903261                    /home/wangjing/.jdks/openjdk-21.0.2/lib/libjava.so
795385cff000-795385d00000 rw-p 00000000 00:00 0 
795385d00000-795385d04000 ---p 00000000 00:00 0 
795385d04000-795385e00000 rw-p 00000000 00:00 0 
795385e00000-795385e28000 r--p 00000000 08:03 918327                     /usr/lib/x86_64-linux-gnu/libc.so.6
795385e28000-795385fbd000 r-xp 00028000 08:03 918327                     /usr/lib/x86_64-linux-gnu/libc.so.6
795385fbd000-795386015000 r--p 001bd000 08:03 918327                     /usr/lib/x86_64-linux-gnu/libc.so.6
795386015000-795386016000 ---p 00215000 08:03 918327                     /usr/lib/x86_64-linux-gnu/libc.so.6
795386016000-79538601a000 r--p 00215000 08:03 918327                     /usr/lib/x86_64-linux-gnu/libc.so.6
79538601a000-79538601c000 rw-p 00219000 08:03 918327                     /usr/lib/x86_64-linux-gnu/libc.so.6
79538601c000-795386029000 rw-p 00000000 00:00 0 
79538602a000-795386031000 r--s 00000000 08:03 1577451                    /usr/lib/x86_64-linux-gnu/gconv/gconv-modules.cache
795386031000-795386037000 r--s 000f8000 08:03 1311711                    /opt/idea/idea-IU-233.14475.28/plugins/java/lib/rt/debugger-agent.jar
795386037000-79538603e000 r-xp 00000000 08:03 2903285                    /home/wangjing/.jdks/openjdk-21.0.2/lib/libzip.so
79538603e000-79538603f000 ---p 00007000 08:03 2903285                    /home/wangjing/.jdks/openjdk-21.0.2/lib/libzip.so
79538603f000-795386040000 r--p 00007000 08:03 2903285                    /home/wangjing/.jdks/openjdk-21.0.2/lib/libzip.so
795386040000-795386041000 rw-p 00008000 08:03 2903285                    /home/wangjing/.jdks/openjdk-21.0.2/lib/libzip.so
795386041000-795386049000 rw-s 00000000 08:03 131132                     /tmp/hsperfdata_wangjing/34958
795386049000-795386089000 r-xp 00000000 08:03 2903264                    /home/wangjing/.jdks/openjdk-21.0.2/lib/libjdwp.so
795386089000-79538608a000 r--p 0003f000 08:03 2903264                    /home/wangjing/.jdks/openjdk-21.0.2/lib/libjdwp.so
79538608a000-79538608b000 rw-p 00040000 08:03 2903264                    /home/wangjing/.jdks/openjdk-21.0.2/lib/libjdwp.so
79538608b000-79538608c000 rw-p 00000000 00:00 0 
79538608c000-7953860a7000 r-xp 00000000 08:03 2903265                    /home/wangjing/.jdks/openjdk-21.0.2/lib/libjimage.so
7953860a7000-7953860a8000 ---p 0001b000 08:03 2903265                    /home/wangjing/.jdks/openjdk-21.0.2/lib/libjimage.so
7953860a8000-7953860aa000 r--p 0001b000 08:03 2903265                    /home/wangjing/.jdks/openjdk-21.0.2/lib/libjimage.so
7953860aa000-7953860ab000 rw-p 0001d000 08:03 2903265                    /home/wangjing/.jdks/openjdk-21.0.2/lib/libjimage.so
7953860ab000-7953860b9000 r--p 00000000 08:03 918405                     /usr/lib/x86_64-linux-gnu/libm.so.6
7953860b9000-795386135000 r-xp 0000e000 08:03 918405                     /usr/lib/x86_64-linux-gnu/libm.so.6
795386135000-795386190000 r--p 0008a000 08:03 918405                     /usr/lib/x86_64-linux-gnu/libm.so.6
795386190000-795386191000 r--p 000e4000 08:03 918405                     /usr/lib/x86_64-linux-gnu/libm.so.6
795386191000-795386192000 rw-p 000e5000 08:03 918405                     /usr/lib/x86_64-linux-gnu/libm.so.6
795386192000-795386193000 r--p 00000000 08:03 918629                     /usr/lib/x86_64-linux-gnu/librt.so.1
795386193000-795386194000 r-xp 00001000 08:03 918629                     /usr/lib/x86_64-linux-gnu/librt.so.1
795386194000-795386195000 r--p 00002000 08:03 918629                     /usr/lib/x86_64-linux-gnu/librt.so.1
795386195000-795386196000 r--p 00002000 08:03 918629                     /usr/lib/x86_64-linux-gnu/librt.so.1
795386196000-795386197000 rw-p 00003000 08:03 918629                     /usr/lib/x86_64-linux-gnu/librt.so.1
795386197000-79538619b000 rw-p 00000000 00:00 0 
79538619b000-79538619c000 r--p 00000000 08:03 918333                     /usr/lib/x86_64-linux-gnu/libdl.so.2
79538619c000-79538619d000 r-xp 00001000 08:03 918333                     /usr/lib/x86_64-linux-gnu/libdl.so.2
79538619d000-79538619e000 r--p 00002000 08:03 918333                     /usr/lib/x86_64-linux-gnu/libdl.so.2
79538619e000-79538619f000 r--p 00002000 08:03 918333                     /usr/lib/x86_64-linux-gnu/libdl.so.2
79538619f000-7953861a0000 rw-p 00003000 08:03 918333                     /usr/lib/x86_64-linux-gnu/libdl.so.2
7953861a0000-7953861a1000 r--p 00000000 08:03 918461                     /usr/lib/x86_64-linux-gnu/libpthread.so.0
7953861a1000-7953861a2000 r-xp 00001000 08:03 918461                     /usr/lib/x86_64-linux-gnu/libpthread.so.0
7953861a2000-7953861a3000 r--p 00002000 08:03 918461                     /usr/lib/x86_64-linux-gnu/libpthread.so.0
7953861a3000-7953861a4000 r--p 00002000 08:03 918461                     /usr/lib/x86_64-linux-gnu/libpthread.so.0
7953861a4000-7953861a5000 rw-p 00003000 08:03 918461                     /usr/lib/x86_64-linux-gnu/libpthread.so.0
7953861a5000-7953861b3000 r-xp 00000000 08:03 2903266                    /home/wangjing/.jdks/openjdk-21.0.2/lib/libjli.so
7953861b3000-7953861b4000 ---p 0000e000 08:03 2903266                    /home/wangjing/.jdks/openjdk-21.0.2/lib/libjli.so
7953861b4000-7953861b5000 r--p 0000e000 08:03 2903266                    /home/wangjing/.jdks/openjdk-21.0.2/lib/libjli.so
7953861b5000-7953861b6000 rw-p 0000f000 08:03 2903266                    /home/wangjing/.jdks/openjdk-21.0.2/lib/libjli.so
7953861b6000-7953861b8000 r--p 00000000 08:03 917955                     /usr/lib/x86_64-linux-gnu/libz.so.1.2.11
7953861b8000-7953861c9000 r-xp 00002000 08:03 917955                     /usr/lib/x86_64-linux-gnu/libz.so.1.2.11
7953861c9000-7953861cf000 r--p 00013000 08:03 917955                     /usr/lib/x86_64-linux-gnu/libz.so.1.2.11
7953861cf000-7953861d0000 ---p 00019000 08:03 917955                     /usr/lib/x86_64-linux-gnu/libz.so.1.2.11
7953861d0000-7953861d1000 r--p 00019000 08:03 917955                     /usr/lib/x86_64-linux-gnu/libz.so.1.2.11
7953861d1000-7953861d2000 rw-p 0001a000 08:03 917955                     /usr/lib/x86_64-linux-gnu/libz.so.1.2.11
7953861d5000-7953861df000 r-xp 00000000 08:03 2903256                    /home/wangjing/.jdks/openjdk-21.0.2/lib/libinstrument.so
7953861df000-7953861e0000 ---p 0000a000 08:03 2903256                    /home/wangjing/.jdks/openjdk-21.0.2/lib/libinstrument.so
7953861e0000-7953861e1000 r--p 0000a000 08:03 2903256                    /home/wangjing/.jdks/openjdk-21.0.2/lib/libinstrument.so
7953861e1000-7953861e2000 rw-p 0000b000 08:03 2903256                    /home/wangjing/.jdks/openjdk-21.0.2/lib/libinstrument.so
7953861e2000-7953861e3000 ---p 00000000 00:00 0 
7953861e3000-7953861e4000 r--p 00000000 00:00 0 
7953861e4000-7953861e6000 rw-p 00000000 00:00 0 
7953861e6000-7953861e8000 r--p 00000000 08:03 917666                     /usr/lib/x86_64-linux-gnu/ld-linux-x86-64.so.2
7953861e8000-795386212000 r-xp 00002000 08:03 917666                     /usr/lib/x86_64-linux-gnu/ld-linux-x86-64.so.2
795386212000-79538621d000 r--p 0002c000 08:03 917666                     /usr/lib/x86_64-linux-gnu/ld-linux-x86-64.so.2
79538621d000-79538621e000 ---p 00000000 00:00 0 
79538621e000-795386220000 r--p 00037000 08:03 917666                     /usr/lib/x86_64-linux-gnu/ld-linux-x86-64.so.2
795386220000-795386222000 rw-p 00039000 08:03 917666                     /usr/lib/x86_64-linux-gnu/ld-linux-x86-64.so.2
7ffd9af67000-7ffd9af88000 rw-p 00000000 00:00 0                          [stack]
7ffd9afd2000-7ffd9afd6000 r--p 00000000 00:00 0                          [vvar]
7ffd9afd6000-7ffd9afd8000 r-xp 00000000 00:00 0                          [vdso]
ffffffffff600000-ffffffffff601000 --xp 00000000 00:00 0                  [vsyscall]
Total number of mappings: 247


VM Arguments:
jvm_args: -agentlib:jdwp=transport=dt_socket,address=127.0.0.1:43037,suspend=y,server=n -javaagent:/opt/idea/idea-IU-233.14475.28/plugins/java/lib/rt/debugger-agent.jar -Dfile.encoding=UTF-8 -Dsun.stdout.encoding=UTF-8 -Dsun.stderr.encoding=UTF-8 
java_command: Main ./tests/test1.sysy output.ll
java_class_path (initial): /home/wangjing/Lab/target/classes:/usr/local/lib/javacpp-1.5.7.jar:/usr/local/lib/llvm-13.0.1-1.5.7.jar:/usr/local/lib/antlr-4.9.1-complete.jar:/usr/local/lib/javacpp-1.5.7-linux-x86_64.jar:/usr/local/lib/llvm-platform-13.0.1-1.5.7.jar:/usr/local/lib/llvm-13.0.1-1.5.7-linux-x86_64.jar:/opt/idea/idea-IU-233.14475.28/lib/idea_rt.jar
Launcher Type: SUN_STANDARD

[Global flags]
     intx CICompilerCount                          = 2                                         {product} {ergonomic}
     uint ConcGCThreads                            = 1                                         {product} {ergonomic}
     uint G1ConcRefinementThreads                  = 2                                         {product} {ergonomic}
   size_t G1HeapRegionSize                         = 2097152                                   {product} {ergonomic}
    uintx GCDrainStackTargetSize                   = 64                                        {product} {ergonomic}
   size_t InitialHeapSize                          = 262144000                                 {product} {ergonomic}
   size_t MarkStackSize                            = 4194304                                   {product} {ergonomic}
   size_t MaxHeapSize                              = 4181721088                                {product} {ergonomic}
   size_t MaxNewSize                               = 2508193792                                {product} {ergonomic}
   size_t MinHeapDeltaBytes                        = 2097152                                   {product} {ergonomic}
   size_t MinHeapSize                              = 8388608                                   {product} {ergonomic}
    uintx NonNMethodCodeHeapSize                   = 5826188                                {pd product} {ergonomic}
    uintx NonProfiledCodeHeapSize                  = 122916026                              {pd product} {ergonomic}
    uintx ProfiledCodeHeapSize                     = 122916026                              {pd product} {ergonomic}
    uintx ReservedCodeCacheSize                    = 251658240                              {pd product} {ergonomic}
     bool SegmentedCodeCache                       = true                                      {product} {ergonomic}
   size_t SoftMaxHeapSize                          = 4181721088                             {manageable} {ergonomic}
     bool UseCompressedOops                        = true                           {product lp64_product} {ergonomic}
     bool UseG1GC                                  = true                                      {product} {ergonomic}

Logging:
Log output configuration:
 #0: stdout all=warning uptime,level,tags foldmultilines=false
 #1: stderr all=off uptime,level,tags foldmultilines=false

Environment Variables:
PATH=/usr/local/sbin:/usr/local/bin:/usr/sbin:/usr/bin:/sbin:/bin:/usr/games:/usr/local/games:/snap/bin:/snap/bin
USERNAME=wangjing
SHELL=/bin/bash
DISPLAY=:0
LANG=en_US.UTF-8
LC_NUMERIC=zh_CN.UTF-8
LC_TIME=zh_CN.UTF-8

Active Locale:
LC_ALL=LC_CTYPE=en_US.UTF-8;LC_NUMERIC=zh_CN.UTF-8;LC_TIME=zh_CN.UTF-8;LC_COLLATE=en_US.UTF-8;LC_MONETARY=zh_CN.UTF-8;LC_MESSAGES=en_US.UTF-8;LC_PAPER=zh_CN.UTF-8;LC_NAME=zh_CN.UTF-8;LC_ADDRESS=zh_CN.UTF-8;LC_TELEPHONE=zh_CN.UTF-8;LC_MEASUREMENT=zh_CN.UTF-8;LC_IDENTIFICATION=zh_CN.UTF-8
LC_COLLATE=en_US.UTF-8
LC_CTYPE=en_US.UTF-8
LC_MESSAGES=en_US.UTF-8
LC_MONETARY=zh_CN.UTF-8
LC_NUMERIC=zh_CN.UTF-8
LC_TIME=zh_CN.UTF-8

Signal Handlers:
   SIGSEGV: crash_handler in libjvm.so, mask=11100100010111111101111111111110, flags=SA_RESTART|SA_SIGINFO, unblocked
    SIGBUS: crash_handler in libjvm.so, mask=11100100010111111101111111111110, flags=SA_RESTART|SA_SIGINFO, unblocked
    SIGFPE: crash_handler in libjvm.so, mask=11100100010111111101111111111110, flags=SA_RESTART|SA_SIGINFO, unblocked
   SIGPIPE: javaSignalHandler in libjvm.so, mask=11100100010111111101111111111110, flags=SA_RESTART|SA_SIGINFO, blocked
   SIGXFSZ: javaSignalHandler in libjvm.so, mask=11100100010111111101111111111110, flags=SA_RESTART|SA_SIGINFO, blocked
    SIGILL: crash_handler in libjvm.so, mask=11100100010111111101111111111110, flags=SA_RESTART|SA_SIGINFO, unblocked
   SIGUSR2: SR_handler in libjvm.so, mask=00100000000000000000000000000000, flags=SA_RESTART|SA_SIGINFO, blocked
    SIGHUP: UserHandler in libjvm.so, mask=11100100010111111101111111111110, flags=SA_RESTART|SA_SIGINFO, blocked
    SIGINT: UserHandler in libjvm.so, mask=11100100010111111101111111111110, flags=SA_RESTART|SA_SIGINFO, blocked
   SIGTERM: UserHandler in libjvm.so, mask=11100100010111111101111111111110, flags=SA_RESTART|SA_SIGINFO, blocked
   SIGQUIT: UserHandler in libjvm.so, mask=11100100010111111101111111111110, flags=SA_RESTART|SA_SIGINFO, blocked
   SIGTRAP: crash_handler in libjvm.so, mask=11100100010111111101111111111110, flags=SA_RESTART|SA_SIGINFO, unblocked


Periodic native trim disabled

---------------  S Y S T E M  ---------------

OS:
DISTRIB_ID=Ubuntu
DISTRIB_RELEASE=22.04
DISTRIB_CODENAME=jammy
DISTRIB_DESCRIPTION="Ubuntu 22.04.4 LTS"
uname: Linux 6.5.0-35-generic #35~22.04.1-Ubuntu SMP PREEMPT_DYNAMIC Tue May  7 09:00:52 UTC 2 x86_64
OS uptime: 0 days 6:05 hours
libc: glibc 2.35 NPTL 2.35 
rlimit (soft/hard): STACK 8192k/infinity , CORE 0k/infinity , NPROC 63495/63495 , NOFILE 1048576/1048576 , AS infinity/infinity , CPU infinity/infinity , DATA infinity/infinity , FSIZE infinity/infinity , MEMLOCK 2041424k/2041424k
load average: 1.65 1.13 0.89

/proc/meminfo:
MemTotal:       16331420 kB
MemFree:         2178788 kB
MemAvailable:    9400524 kB
Buffers:          196336 kB
Cached:          7151380 kB
SwapCached:            0 kB
Active:          7847180 kB
Inactive:        5061876 kB
Active(anon):    5635300 kB
Inactive(anon):        0 kB
Active(file):    2211880 kB
Inactive(file):  5061876 kB
Unevictable:           0 kB
Mlocked:               0 kB
SwapTotal:       2097148 kB
SwapFree:        2097148 kB
Zswap:                 0 kB
Zswapped:              0 kB
Dirty:               100 kB
Writeback:             0 kB
AnonPages:       5561488 kB
Mapped:          1417600 kB
Shmem:             73960 kB
KReclaimable:     285272 kB
Slab:             466744 kB
SReclaimable:     285272 kB
SUnreclaim:       181472 kB
KernelStack:       16736 kB
PageTables:        38968 kB
SecPageTables:         0 kB
NFS_Unstable:          0 kB
Bounce:                0 kB
WritebackTmp:          0 kB
CommitLimit:    10262856 kB
Committed_AS:    9327920 kB
VmallocTotal:   34359738367 kB
VmallocUsed:       46288 kB
VmallocChunk:          0 kB
Percpu:           110592 kB
HardwareCorrupted:     0 kB
AnonHugePages:         0 kB
ShmemHugePages:        0 kB
ShmemPmdMapped:        0 kB
FileHugePages:         0 kB
FilePmdMapped:         0 kB
Unaccepted:            0 kB
HugePages_Total:       0
HugePages_Free:        0
HugePages_Rsvd:        0
HugePages_Surp:        0
Hugepagesize:       2048 kB
Hugetlb:               0 kB
DirectMap4k:      159552 kB
DirectMap2M:     5083136 kB
DirectMap1G:    13631488 kB

/sys/kernel/mm/transparent_hugepage/enabled: always [madvise] never
/sys/kernel/mm/transparent_hugepage/defrag (defrag/compaction efforts parameter): always defer defer+madvise [madvise] never

Process Memory:
Virtual Size: 6891100K (peak: 6891100K)
Resident Set Size: 120584K (peak: 120584K) (anon: 68700K, file: 51884K, shmem: 0K)
Swapped out: 0K
C-Heap outstanding allocations: 31568K, retained: 3475K
glibc malloc tunables: (default)

/proc/sys/kernel/threads-max (system-wide limit on the number of threads): 126990
/proc/sys/vm/max_map_count (maximum number of memory map areas a process may have): 65530
/proc/sys/kernel/pid_max (system-wide limit on number of process identifiers): 4194304

container (cgroup) information:
container_type: cgroupv2
cpu_cpuset_cpus: not supported
cpu_memory_nodes: not supported
active_processor_count: 2
cpu_quota: not supported
cpu_period: not supported
cpu_shares: not supported
memory_limit_in_bytes: unlimited
memory_and_swap_limit_in_bytes: unlimited
memory_soft_limit_in_bytes: unlimited
memory_usage_in_bytes: 5769676 k
memory_max_usage_in_bytes: not supported
memory_swap_current_in_bytes: unlimited
memory_swap_max_limit_in_bytes: unlimited
maximum number of tasks: 19048
current number of tasks: 179

VMWare virtualization detected
Steal ticks since vm start: 0
Steal ticks percentage since vm start:  0.000

CPU: total 2 (initial active 2) (1 cores per cpu, 1 threads per core) family 25 model 116 stepping 1 microcode 0xffffffff, cx8, cmov, fxsr, mmx, sse, sse2, sse3, ssse3, sse4a, sse4.1, sse4.2, popcnt, lzcnt, tsc, tscinvbit, avx, avx2, aes, erms, clmul, bmi1, bmi2, adx, avx512f, avx512dq, avx512cd, avx512bw, avx512vl, sha, fma, vzeroupper, avx512_vpopcntdq, avx512_vpclmulqdq, avx512_vaes, avx512_vnni, clflush, clflushopt, avx512_vbmi2, avx512_vbmi, hv, rdtscp, rdpid, gfni, avx512_bitalg, f16c, avx512_ifma
CPU Model and flags from /proc/cpuinfo:
model name	: AMD Ryzen 7 7840HS with Radeon 780M Graphics
flags		: fpu vme de pse tsc msr pae mce cx8 apic sep mtrr pge mca cmov pat pse36 clflush mmx fxsr sse sse2 syscall nx mmxext pdpe1gb rdtscp lm constant_tsc rep_good nopl tsc_reliable nonstop_tsc cpuid extd_apicid tsc_known_freq pni pclmulqdq ssse3 fma cx16 sse4_1 sse4_2 x2apic movbe popcnt aes xsave avx f16c rdrand hypervisor lahf_lm cr8_legacy abm sse4a misalignsse 3dnowprefetch osvw topoext ibpb vmmcall fsgsbase bmi1 avx2 smep bmi2 erms invpcid avx512f avx512dq rdseed adx smap avx512ifma clflushopt clwb avx512cd sha_ni avx512bw avx512vl xsaveopt xsavec xgetbv1 xsaves avx512_bf16 clzero arat avx512vbmi umip avx512_vbmi2 gfni vaes vpclmulqdq avx512_vnni avx512_bitalg avx512_vpopcntdq rdpid overflow_recov succor

Online cpus: 0-1
Offline cpus: 2-127
BIOS frequency limitation: <Not Available>
Frequency switch latency (ns): <Not Available>
Available cpu frequencies: <Not Available>
Current governor: <Not Available>
Core performance/turbo boost: <Not Available>

Memory: 4k page, physical 16331420k(9400524k free), swap 2097148k(2097148k free)
Page Sizes: 4k

vm_info: OpenJDK 64-Bit Server VM (21.0.2+13-58) for linux-amd64 JRE (21.0.2+13-58), built on 2024-01-05T18:32:24Z by "mach5one" with gcc 11.2.0

END.
