#
# A fatal error has been detected by the Java Runtime Environment:
#
#  SIGSEGV (0xb) at pc=0x000077b5c5fede80, pid=31709, tid=31711
#
# JRE version: OpenJDK Runtime Environment (21.0.2+13) (build 21.0.2+13-58)
# Java VM: OpenJDK 64-Bit Server VM (21.0.2+13-58, mixed mode, sharing, tiered, compressed oops, compressed class ptrs, g1 gc, linux-amd64)
# Problematic frame:
# C  [libLLVM-13.so+0xbede80]  llvm::BasicBlock::getModule() const+0x0
#
# Core dump will be written. Default location: Core dumps may be processed with "/usr/share/apport/apport -p%p -s%s -c%c -d%d -P%P -u%u -g%g -- %E" (or dumping to /home/wangjing/Lab/core.31709)
#
# If you would like to submit a bug report, please visit:
#   https://bugreport.java.com/bugreport/crash.jsp
# The crash happened outside the Java Virtual Machine in native code.
# See problematic frame for where to report the bug.
#

---------------  S U M M A R Y ------------

Command Line: -javaagent:/opt/idea/idea-IU-233.14475.28/lib/idea_rt.jar=40807:/opt/idea/idea-IU-233.14475.28/bin -Dfile.encoding=UTF-8 -Dsun.stdout.encoding=UTF-8 -Dsun.stderr.encoding=UTF-8 Main ./tests/test1.sysy output.ll

Host: AMD Ryzen 7 7840HS with Radeon 780M Graphics, 2 cores, 15G, Ubuntu 22.04.4 LTS
Time: Thu May 30 14:02:48 2024 CST elapsed time: 0.378642 seconds (0d 0h 0m 0s)

---------------  T H R E A D  ---------------

Current thread (0x000077b670029e70):  JavaThread "main"             [_thread_in_native, id=31711, stack(0x000077b675100000,0x000077b675200000) (1024K)]

Stack: [0x000077b675100000,0x000077b675200000],  sp=0x000077b6751fd8f8,  free space=1014k
Native frames: (J=compiled Java code, j=interpreted, Vv=VM code, C=native code)
C  [libLLVM-13.so+0xbede80]  llvm::BasicBlock::getModule() const+0x0
Java frames: (J=compiled Java code, j=interpreted, Vv=VM code)
j  org.bytedeco.llvm.global.LLVM.LLVMBuildLoad(Lorg/bytedeco/llvm/LLVM/LLVMBuilderRef;Lorg/bytedeco/llvm/LLVM/LLVMValueRef;Ljava/lang/String;)Lorg/bytedeco/llvm/LLVM/LLVMValueRef;+0
j  MyVisitor.visitLVal(LSysYParser$LValContext;)Lorg/bytedeco/llvm/LLVM/LLVMValueRef;+31
j  MyVisitor.visitLVal(LSysYParser$LValContext;)Ljava/lang/Object;+2
j  SysYParser$LValContext.accept(Lorg/antlr/v4/runtime/tree/ParseTreeVisitor;)Ljava/lang/Object;+12
j  org.antlr.v4.runtime.tree.AbstractParseTreeVisitor.visitChildren(Lorg/antlr/v4/runtime/tree/RuleNode;)Ljava/lang/Object;+46
j  SysYParserBaseVisitor.visitExp2(LSysYParser$Exp2Context;)Ljava/lang/Object;+2
j  MyVisitor.visitExp2(LSysYParser$Exp2Context;)Lorg/bytedeco/llvm/LLVM/LLVMValueRef;+2
j  MyVisitor.visitExp2(LSysYParser$Exp2Context;)Ljava/lang/Object;+2
j  SysYParser$Exp2Context.accept(Lorg/antlr/v4/runtime/tree/ParseTreeVisitor;)Ljava/lang/Object;+12
j  org.antlr.v4.runtime.tree.AbstractParseTreeVisitor.visitChildren(Lorg/antlr/v4/runtime/tree/RuleNode;)Ljava/lang/Object;+46
j  SysYParserBaseVisitor.visitConstExp(LSysYParser$ConstExpContext;)Ljava/lang/Object;+2
j  SysYParser$ConstExpContext.accept(Lorg/antlr/v4/runtime/tree/ParseTreeVisitor;)Ljava/lang/Object;+12
j  org.antlr.v4.runtime.tree.AbstractParseTreeVisitor.visitChildren(Lorg/antlr/v4/runtime/tree/RuleNode;)Ljava/lang/Object;+46
j  SysYParserBaseVisitor.visitConstInitVal(LSysYParser$ConstInitValContext;)Ljava/lang/Object;+2
j  SysYParser$ConstInitValContext.accept(Lorg/antlr/v4/runtime/tree/ParseTreeVisitor;)Ljava/lang/Object;+12
j  org.antlr.v4.runtime.tree.AbstractParseTreeVisitor.visit(Lorg/antlr/v4/runtime/tree/ParseTree;)Ljava/lang/Object;+2
j  MyVisitor.visit(Lorg/antlr/v4/runtime/tree/ParseTree;)Lorg/bytedeco/llvm/LLVM/LLVMValueRef;+2
j  MyVisitor.visitConstDef(LSysYParser$ConstDefContext;)Lorg/bytedeco/llvm/LLVM/LLVMValueRef;+52
j  MyVisitor.visitConstDef(LSysYParser$ConstDefContext;)Ljava/lang/Object;+2
j  SysYParser$ConstDefContext.accept(Lorg/antlr/v4/runtime/tree/ParseTreeVisitor;)Ljava/lang/Object;+12
j  org.antlr.v4.runtime.tree.AbstractParseTreeVisitor.visitChildren(Lorg/antlr/v4/runtime/tree/RuleNode;)Ljava/lang/Object;+46
j  SysYParserBaseVisitor.visitConstDecl(LSysYParser$ConstDeclContext;)Ljava/lang/Object;+2
j  SysYParser$ConstDeclContext.accept(Lorg/antlr/v4/runtime/tree/ParseTreeVisitor;)Ljava/lang/Object;+12
j  org.antlr.v4.runtime.tree.AbstractParseTreeVisitor.visitChildren(Lorg/antlr/v4/runtime/tree/RuleNode;)Ljava/lang/Object;+46
j  SysYParserBaseVisitor.visitDecl(LSysYParser$DeclContext;)Ljava/lang/Object;+2
j  SysYParser$DeclContext.accept(Lorg/antlr/v4/runtime/tree/ParseTreeVisitor;)Ljava/lang/Object;+12
j  org.antlr.v4.runtime.tree.AbstractParseTreeVisitor.visitChildren(Lorg/antlr/v4/runtime/tree/RuleNode;)Ljava/lang/Object;+46
j  SysYParserBaseVisitor.visitCompUnit(LSysYParser$CompUnitContext;)Ljava/lang/Object;+2
j  MyVisitor.visitCompUnit(LSysYParser$CompUnitContext;)Lorg/bytedeco/llvm/LLVM/LLVMValueRef;+2
j  MyVisitor.visitProgram(LSysYParser$ProgramContext;)Lorg/bytedeco/llvm/LLVM/LLVMValueRef;+48
j  MyVisitor.visitProgram(LSysYParser$ProgramContext;)Ljava/lang/Object;+2
j  SysYParser$ProgramContext.accept(Lorg/antlr/v4/runtime/tree/ParseTreeVisitor;)Ljava/lang/Object;+12
j  org.antlr.v4.runtime.tree.AbstractParseTreeVisitor.visit(Lorg/antlr/v4/runtime/tree/ParseTree;)Ljava/lang/Object;+2
j  MyVisitor.visit(Lorg/antlr/v4/runtime/tree/ParseTree;)Lorg/bytedeco/llvm/LLVM/LLVMValueRef;+2
j  Main.main([Ljava/lang/String;)V+73
v  ~StubRoutines::call_stub 0x000077b65ff38cc6

siginfo: si_signo: 11 (SIGSEGV), si_code: 1 (SEGV_MAPERR), si_addr: 0x0000000000000038

Registers:
RAX=0x000077b6703d3210, RBX=0x000077b6703d4650, RCX=0x000077b670029e78, RDX=0x000077b6703d2ae0
RSP=0x000077b6751fd8f8, RBP=0x000077b6703d2950, RSI=0x0000000000000101, RDI=0x0000000000000000
R8 =0x0000000715cd28f0, R9 =0x0000000000000002, R10=0x000077b5c5451700, R11=0x000077b5c602c870
R12=0x000077b6751fda50, R13=0x000077b6703d4650, R14=0x000077b6703d0a18, R15=0x000077b670029e70
RIP=0x000077b5c5fede80, EFLAGS=0x0000000000010206, CSGSFS=0x002b000000000033, ERR=0x0000000000000004
  TRAPNO=0x000000000000000e


Register to memory mapping:

RAX=0x000077b6703d3210 points into unknown readable memory: 0x000077b6703d0290 | 90 02 3d 70 b6 77 00 00
RBX=0x000077b6703d4650 points into unknown readable memory: 0x000077b6703d3210 | 10 32 3d 70 b6 77 00 00
RCX=0x000077b670029e78 points into unknown readable memory: 0x0000000000000000 | 00 00 00 00 00 00 00 00
RDX=0x000077b6703d2ae0 points into unknown readable memory: 0x000077b10b5a0078 | 78 00 5a 0b b1 77 00 00
RSP=0x000077b6751fd8f8 is pointing into the stack for thread: 0x000077b670029e70
RBP=0x000077b6703d2950 points into unknown readable memory: 0x000077b6703d2960 | 60 29 3d 70 b6 77 00 00
RSI=0x0000000000000101 is an unknown value
RDI=0x0 is null
R8 =0x0000000715cd28f0 is pointing into object: [B 
{0x0000000715cd28e0} - klass: {type array byte}
 - length: 1
R9 =0x0000000000000002 is an unknown value
R10=0x000077b5c5451700: <offset 0x0000000000051700> in /home/wangjing/.javacpp/cache/llvm-13.0.1-1.5.7-linux-x86_64.jar/org/bytedeco/llvm/linux-x86_64/libLLVM-13.so at 0x000077b5c5400000
R11=0x000077b5c602c870: LLVMBuildLoad+0x0000000000000000 in /home/wangjing/.javacpp/cache/llvm-13.0.1-1.5.7-linux-x86_64.jar/org/bytedeco/llvm/linux-x86_64/libLLVM-13.so at 0x000077b5c5400000
R12=0x000077b6751fda50 is pointing into the stack for thread: 0x000077b670029e70
R13=0x000077b6703d4650 points into unknown readable memory: 0x000077b6703d3210 | 10 32 3d 70 b6 77 00 00
R14=0x000077b6703d0a18 points into unknown readable memory: 0x000077b6703d0290 | 90 02 3d 70 b6 77 00 00
R15=0x000077b670029e70 is a thread

Top of Stack: (sp=0x000077b6751fd8f8)
0x000077b6751fd8f8:   000077b5c602c8aa 000077b6703d2ae0
0x000077b6751fd908:   0000000000000000 0000000000000000
0x000077b6751fd918:   0000000000000000 0000000000000103
0x000077b6751fd928:   0000000000000000 0000000000000000
0x000077b6751fd938:   0000000000000000 000077b6751fda48
0x000077b6751fd948:   000077b670029e70 000077b67002a228
0x000077b6751fd958:   000077b644766fa1 000077b6703d4650
0x000077b6751fd968:   000077b67002a228 000077b6751fda50
0x000077b6751fd978:   000077b6703d2950 000077b6703d2ae0
0x000077b6751fd988:   000077b64477d8dc 000077b5f3556f98
0x000077b6751fd998:   000077b6751fda28 0000000000000000
0x000077b6751fd9a8:   000077b5f3556f98 000077b6751fda58
0x000077b6751fd9b8:   000077b65ff44a80 000077b6751fda28
0x000077b6751fd9c8:   000077b65ff44757 0000000000000000
0x000077b6751fd9d8:   000077b65ff4471f 000077b6751fd9e0
0x000077b6751fd9e8:   000077b5f3556f98 0000000000000006
0x000077b6751fd9f8:   000077b5f358a588 0000000000000000
0x000077b6751fda08:   0000000715fb6648 000077b5f3556f98
0x000077b6751fda18:   0000000000000000 000077b6751fda48
0x000077b6751fda28:   000077b6751fdaa8 000077b65ff402d8
0x000077b6751fda38:   0000000715fb6648 000077b65ff41f9a
0x000077b6751fda48:   0000000715cd2728 0000000715cd23b8
0x000077b6751fda58:   0000000715cd0de8 000077b6751fda60
0x000077b6751fda68:   000077b5f351b167 0000000000000004
0x000077b6751fda78:   000077b5f3522fa8 0000000000000000
0x000077b6751fda88:   0000000715f2d870 000077b5f351b198
0x000077b6751fda98:   000077b6751fda48 000077b6751fdac0
0x000077b6751fdaa8:   000077b6751fdb18 000077b65ff402d8
0x000077b6751fdab8:   0000000715cd23b8 0000000715ee5370
0x000077b6751fdac8:   0000000715f30b08 000077b6751fdad0
0x000077b6751fdad8:   000077b5f351b2ea 0000000000000003
0x000077b6751fdae8:   000077b5f3522fa8 0000000000000000 

Instructions: (pc=0x000077b5c5fede80)
0x000077b5c5fedd80:   ff 66 0f ef c0 48 89 02 48 89 50 08 41 0f 11 45
0x000077b5c5fedd90:   00 e8 5a 4b 17 00 4c 39 f3 75 c5 4d 8b 6c 24 30
0x000077b5c5fedda0:   4c 39 ed 74 3b 0f 1f 00 4c 89 eb 48 89 ef 4d 8b
0x000077b5c5feddb0:   6d 08 4c 8d 73 e8 4c 89 f6 e8 42 fd ff ff 48 8b
0x000077b5c5feddc0:   03 48 8b 53 08 66 0f ef c9 4c 89 f7 48 89 02 48
0x000077b5c5feddd0:   89 50 08 0f 11 0b e8 15 4b 17 00 4c 39 ed 75 c8
0x000077b5c5fedde0:   48 83 c4 08 4c 89 e7 5b 5d 41 5c 41 5d 41 5e 41
0x000077b5c5feddf0:   5f e9 fa 48 17 00 66 2e 0f 1f 84 00 00 00 00 00
0x000077b5c5fede00:   48 8d 4b e8 48 89 c8 48 29 d0 e9 11 ff ff ff 90
0x000077b5c5fede10:   48 8b 07 48 8b 38 e8 45 13 16 00 31 d2 be 01 00
0x000077b5c5fede20:   00 00 48 89 c7 e8 b6 2a 02 00 48 89 c3 49 8b 44
0x000077b5c5fede30:   24 08 48 85 c0 0f 84 a2 fe ff ff 0f 1f 44 00 00
0x000077b5c5fede40:   48 8b 68 18 31 d2 48 89 df 48 8b 75 00 e8 ae bc
0x000077b5c5fede50:   02 00 48 89 ef 48 89 c6 e8 63 65 17 00 48 89 ef
0x000077b5c5fede60:   e8 4b 81 02 00 49 8b 44 24 08 48 85 c0 75 d1 e9
0x000077b5c5fede70:   69 fe ff ff 66 2e 0f 1f 84 00 00 00 00 00 66 90
0x000077b5c5fede80:   48 8b 47 38 48 8b 40 28 c3 0f 1f 80 00 00 00 00
0x000077b5c5fede90:   48 8b 47 28 48 83 c7 28 48 39 f8 74 2b 48 85 c0
0x000077b5c5fedea0:   0f 84 9e 9d d3 ff 4c 8d 40 e8 0f b6 40 f8 83 e8
0x000077b5c5fedeb0:   1b 83 f8 0b b8 00 00 00 00 4c 0f 43 c0 4c 89 c0
0x000077b5c5fedec0:   c3 0f 1f 80 00 00 00 00 45 31 c0 eb f0 0f 1f 00
0x000077b5c5feded0:   48 8b 47 28 48 8d 57 28 48 39 d0 0f 84 af 00 00
0x000077b5c5fedee0:   00 48 85 c0 0f 84 64 9d d3 ff 45 31 c0 80 78 f8
0x000077b5c5fedef0:   1b 75 23 48 8b 57 30 48 8d 48 e8 48 85 d2 74 09
0x000077b5c5fedf00:   48 83 ea 18 48 39 d1 74 0d 48 8b 50 10 45 31 c0
0x000077b5c5fedf10:   48 39 42 30 75 0a 4c 89 c0 c3 66 0f 1f 44 00 00
0x000077b5c5fedf20:   4c 8b 00 4d 85 c0 74 ee 8b 50 fc 49 8d 48 e8 81
0x000077b5c5fedf30:   e2 ff ff ff 07 74 3e 89 d2 48 f7 da 48 c1 e2 05
0x000077b5c5fedf40:   48 8b 44 10 e8 48 85 c0 74 2b 48 39 c1 75 41 41
0x000077b5c5fedf50:   80 78 f8 4b 75 1f 49 8b 40 10 4c 39 40 30 74 30
0x000077b5c5fedf60:   49 8b 48 c8 4d 8b 00 4d 85 c0 74 aa 49 83 e8 18
0x000077b5c5fedf70:   4c 39 c1 75 1b 45 31 c0 80 79 10 52 75 98 0f b7 


Stack slot to memory mapping:

stack at sp + 0 slots: 0x000077b5c602c8aa: LLVMBuildLoad+0x000000000000003a in /home/wangjing/.javacpp/cache/llvm-13.0.1-1.5.7-linux-x86_64.jar/org/bytedeco/llvm/linux-x86_64/libLLVM-13.so at 0x000077b5c5400000
stack at sp + 1 slots: 0x000077b6703d2ae0 points into unknown readable memory: 0x000077b10b5a0078 | 78 00 5a 0b b1 77 00 00
stack at sp + 2 slots: 0x0 is null
stack at sp + 3 slots: 0x0 is null
stack at sp + 4 slots: 0x0 is null
stack at sp + 5 slots: 0x0000000000000103 is an unknown value
stack at sp + 6 slots: 0x0 is null
stack at sp + 7 slots: 0x0 is null


---------------  P R O C E S S  ---------------

Threads class SMR info:
_java_thread_list=0x000077b670224780, length=12, elements={
0x000077b670029e70, 0x000077b670150000, 0x000077b670151650, 0x000077b670153130,
0x000077b670154770, 0x000077b670155d10, 0x000077b670157850, 0x000077b670158f10,
0x000077b670193090, 0x000077b67021b0d0, 0x000077b67021d130, 0x000077b670223b00
}

Java Threads: ( => current thread )
=>0x000077b670029e70 JavaThread "main"                              [_thread_in_native, id=31711, stack(0x000077b675100000,0x000077b675200000) (1024K)]
  0x000077b670150000 JavaThread "Reference Handler"          daemon [_thread_blocked, id=31732, stack(0x000077b645f00000,0x000077b646000000) (1024K)]
  0x000077b670151650 JavaThread "Finalizer"                  daemon [_thread_blocked, id=31733, stack(0x000077b645500000,0x000077b645600000) (1024K)]
  0x000077b670153130 JavaThread "Signal Dispatcher"          daemon [_thread_blocked, id=31734, stack(0x000077b645400000,0x000077b645500000) (1024K)]
  0x000077b670154770 JavaThread "Service Thread"             daemon [_thread_blocked, id=31735, stack(0x000077b645300000,0x000077b645400000) (1024K)]
  0x000077b670155d10 JavaThread "Monitor Deflation Thread"   daemon [_thread_blocked, id=31736, stack(0x000077b645200000,0x000077b645300000) (1024K)]
  0x000077b670157850 JavaThread "C2 CompilerThread0"         daemon [_thread_blocked, id=31737, stack(0x000077b645100000,0x000077b645200000) (1024K)]
  0x000077b670158f10 JavaThread "C1 CompilerThread0"         daemon [_thread_blocked, id=31738, stack(0x000077b645000000,0x000077b645100000) (1024K)]
  0x000077b670193090 JavaThread "Common-Cleaner"             daemon [_thread_blocked, id=31739, stack(0x000077b644e30000,0x000077b644f30000) (1024K)]
  0x000077b67021b0d0 JavaThread "Monitor Ctrl-Break"         daemon [_thread_in_native, id=31740, stack(0x000077b644d30000,0x000077b644e30000) (1024K)]
  0x000077b67021d130 JavaThread "Notification Thread"        daemon [_thread_blocked, id=31741, stack(0x000077b644c30000,0x000077b644d30000) (1024K)]
  0x000077b670223b00 JavaThread "JavaCPP Deallocator"        daemon [_thread_blocked, id=31743, stack(0x000077b644b30000,0x000077b644c30000) (1024K)]
Total: 12

Other Threads:
  0x000077b670141830 VMThread "VM Thread"                           [id=31731, stack(0x000077b654008000,0x000077b654108000) (1024K)]
  0x000077b670127870 WatcherThread "VM Periodic Task Thread"        [id=31730, stack(0x000077b654109000,0x000077b654209000) (1024K)]
  0x000077b670091090 WorkerThread "GC Thread#0"                     [id=31716, stack(0x000077b67445e000,0x000077b67455e000) (1024K)]
  0x000077b6700a1f90 ConcurrentGCThread "G1 Main Marker"            [id=31717, stack(0x000077b67435d000,0x000077b67445d000) (1024K)]
  0x000077b6700a2f30 WorkerThread "G1 Conc#0"                       [id=31718, stack(0x000077b67425c000,0x000077b67435c000) (1024K)]
  0x000077b670114de0 ConcurrentGCThread "G1 Refine#0"               [id=31719, stack(0x000077b66ff00000,0x000077b670000000) (1024K)]
  0x000077b670115d90 ConcurrentGCThread "G1 Service"                [id=31720, stack(0x000077b6542e6000,0x000077b6543e6000) (1024K)]
Total: 7

Threads with active compile tasks:
Total: 0

VM state: not at safepoint (normal execution)

VM Mutex/Monitor currently owned by a thread: None

Heap address: 0x0000000706c00000, size: 3988 MB, Compressed Oops mode: Zero based, Oop shift amount: 3

CDS archive(s) mapped at: [0x000077b5f7000000-0x000077b5f7ca6000-0x000077b5f7ca6000), size 13262848, SharedBaseAddress: 0x000077b5f7000000, ArchiveRelocationMode: 1.
Compressed class space mapped at: 0x000077b5f8000000-0x000077b638000000, reserved size: 1073741824
Narrow klass base: 0x000077b5f7000000, Narrow klass shift: 0, Narrow klass range: 0x100000000

GC Precious Log:
 CardTable entry size: 512
 Card Set container configuration: InlinePtr #cards 4 size 8 Array Of Cards #cards 16 size 48 Howl #buckets 8 coarsen threshold 3686 Howl Bitmap #cards 512 size 80 coarsen threshold 460 Card regions per heap region 1 cards per card region 4096
 CPUs: 2 total, 2 available
 Memory: 15948M
 Large Page Support: Disabled
 NUMA Support: Disabled
 Compressed Oops: Enabled (Zero based)
 Heap Region Size: 2M
 Heap Min Capacity: 8M
 Heap Initial Capacity: 250M
 Heap Max Capacity: 3988M
 Pre-touch: Disabled
 Parallel Workers: 2
 Concurrent Workers: 1
 Concurrent Refinement Workers: 2
 Periodic GC: Disabled

Heap:
 garbage-first heap   total 258048K, used 7197K [0x0000000706c00000, 0x0000000800000000)
  region size 2048K, 5 young (10240K), 0 survivors (0K)
 Metaspace       used 3854K, committed 4032K, reserved 1114112K
  class space    used 420K, committed 512K, reserved 1048576K

Heap Regions: E=young(eden), S=young(survivor), O=old, HS=humongous(starts), HC=humongous(continues), CS=collection set, F=free, TAMS=top-at-mark-start, PB=parsable bottom
|   0|0x0000000706c00000, 0x0000000706c00000, 0x0000000706e00000|  0%| F|  |TAMS 0x0000000706c00000| PB 0x0000000706c00000| Untracked 
|   1|0x0000000706e00000, 0x0000000706e00000, 0x0000000707000000|  0%| F|  |TAMS 0x0000000706e00000| PB 0x0000000706e00000| Untracked 
|   2|0x0000000707000000, 0x0000000707000000, 0x0000000707200000|  0%| F|  |TAMS 0x0000000707000000| PB 0x0000000707000000| Untracked 
|   3|0x0000000707200000, 0x0000000707200000, 0x0000000707400000|  0%| F|  |TAMS 0x0000000707200000| PB 0x0000000707200000| Untracked 
|   4|0x0000000707400000, 0x0000000707400000, 0x0000000707600000|  0%| F|  |TAMS 0x0000000707400000| PB 0x0000000707400000| Untracked 
|   5|0x0000000707600000, 0x0000000707600000, 0x0000000707800000|  0%| F|  |TAMS 0x0000000707600000| PB 0x0000000707600000| Untracked 
|   6|0x0000000707800000, 0x0000000707800000, 0x0000000707a00000|  0%| F|  |TAMS 0x0000000707800000| PB 0x0000000707800000| Untracked 
|   7|0x0000000707a00000, 0x0000000707a00000, 0x0000000707c00000|  0%| F|  |TAMS 0x0000000707a00000| PB 0x0000000707a00000| Untracked 
|   8|0x0000000707c00000, 0x0000000707c00000, 0x0000000707e00000|  0%| F|  |TAMS 0x0000000707c00000| PB 0x0000000707c00000| Untracked 
|   9|0x0000000707e00000, 0x0000000707e00000, 0x0000000708000000|  0%| F|  |TAMS 0x0000000707e00000| PB 0x0000000707e00000| Untracked 
|  10|0x0000000708000000, 0x0000000708000000, 0x0000000708200000|  0%| F|  |TAMS 0x0000000708000000| PB 0x0000000708000000| Untracked 
|  11|0x0000000708200000, 0x0000000708200000, 0x0000000708400000|  0%| F|  |TAMS 0x0000000708200000| PB 0x0000000708200000| Untracked 
|  12|0x0000000708400000, 0x0000000708400000, 0x0000000708600000|  0%| F|  |TAMS 0x0000000708400000| PB 0x0000000708400000| Untracked 
|  13|0x0000000708600000, 0x0000000708600000, 0x0000000708800000|  0%| F|  |TAMS 0x0000000708600000| PB 0x0000000708600000| Untracked 
|  14|0x0000000708800000, 0x0000000708800000, 0x0000000708a00000|  0%| F|  |TAMS 0x0000000708800000| PB 0x0000000708800000| Untracked 
|  15|0x0000000708a00000, 0x0000000708a00000, 0x0000000708c00000|  0%| F|  |TAMS 0x0000000708a00000| PB 0x0000000708a00000| Untracked 
|  16|0x0000000708c00000, 0x0000000708c00000, 0x0000000708e00000|  0%| F|  |TAMS 0x0000000708c00000| PB 0x0000000708c00000| Untracked 
|  17|0x0000000708e00000, 0x0000000708e00000, 0x0000000709000000|  0%| F|  |TAMS 0x0000000708e00000| PB 0x0000000708e00000| Untracked 
|  18|0x0000000709000000, 0x0000000709000000, 0x0000000709200000|  0%| F|  |TAMS 0x0000000709000000| PB 0x0000000709000000| Untracked 
|  19|0x0000000709200000, 0x0000000709200000, 0x0000000709400000|  0%| F|  |TAMS 0x0000000709200000| PB 0x0000000709200000| Untracked 
|  20|0x0000000709400000, 0x0000000709400000, 0x0000000709600000|  0%| F|  |TAMS 0x0000000709400000| PB 0x0000000709400000| Untracked 
|  21|0x0000000709600000, 0x0000000709600000, 0x0000000709800000|  0%| F|  |TAMS 0x0000000709600000| PB 0x0000000709600000| Untracked 
|  22|0x0000000709800000, 0x0000000709800000, 0x0000000709a00000|  0%| F|  |TAMS 0x0000000709800000| PB 0x0000000709800000| Untracked 
|  23|0x0000000709a00000, 0x0000000709a00000, 0x0000000709c00000|  0%| F|  |TAMS 0x0000000709a00000| PB 0x0000000709a00000| Untracked 
|  24|0x0000000709c00000, 0x0000000709c00000, 0x0000000709e00000|  0%| F|  |TAMS 0x0000000709c00000| PB 0x0000000709c00000| Untracked 
|  25|0x0000000709e00000, 0x0000000709e00000, 0x000000070a000000|  0%| F|  |TAMS 0x0000000709e00000| PB 0x0000000709e00000| Untracked 
|  26|0x000000070a000000, 0x000000070a000000, 0x000000070a200000|  0%| F|  |TAMS 0x000000070a000000| PB 0x000000070a000000| Untracked 
|  27|0x000000070a200000, 0x000000070a200000, 0x000000070a400000|  0%| F|  |TAMS 0x000000070a200000| PB 0x000000070a200000| Untracked 
|  28|0x000000070a400000, 0x000000070a400000, 0x000000070a600000|  0%| F|  |TAMS 0x000000070a400000| PB 0x000000070a400000| Untracked 
|  29|0x000000070a600000, 0x000000070a600000, 0x000000070a800000|  0%| F|  |TAMS 0x000000070a600000| PB 0x000000070a600000| Untracked 
|  30|0x000000070a800000, 0x000000070a800000, 0x000000070aa00000|  0%| F|  |TAMS 0x000000070a800000| PB 0x000000070a800000| Untracked 
|  31|0x000000070aa00000, 0x000000070aa00000, 0x000000070ac00000|  0%| F|  |TAMS 0x000000070aa00000| PB 0x000000070aa00000| Untracked 
|  32|0x000000070ac00000, 0x000000070ac00000, 0x000000070ae00000|  0%| F|  |TAMS 0x000000070ac00000| PB 0x000000070ac00000| Untracked 
|  33|0x000000070ae00000, 0x000000070ae00000, 0x000000070b000000|  0%| F|  |TAMS 0x000000070ae00000| PB 0x000000070ae00000| Untracked 
|  34|0x000000070b000000, 0x000000070b000000, 0x000000070b200000|  0%| F|  |TAMS 0x000000070b000000| PB 0x000000070b000000| Untracked 
|  35|0x000000070b200000, 0x000000070b200000, 0x000000070b400000|  0%| F|  |TAMS 0x000000070b200000| PB 0x000000070b200000| Untracked 
|  36|0x000000070b400000, 0x000000070b400000, 0x000000070b600000|  0%| F|  |TAMS 0x000000070b400000| PB 0x000000070b400000| Untracked 
|  37|0x000000070b600000, 0x000000070b600000, 0x000000070b800000|  0%| F|  |TAMS 0x000000070b600000| PB 0x000000070b600000| Untracked 
|  38|0x000000070b800000, 0x000000070b800000, 0x000000070ba00000|  0%| F|  |TAMS 0x000000070b800000| PB 0x000000070b800000| Untracked 
|  39|0x000000070ba00000, 0x000000070ba00000, 0x000000070bc00000|  0%| F|  |TAMS 0x000000070ba00000| PB 0x000000070ba00000| Untracked 
|  40|0x000000070bc00000, 0x000000070bc00000, 0x000000070be00000|  0%| F|  |TAMS 0x000000070bc00000| PB 0x000000070bc00000| Untracked 
|  41|0x000000070be00000, 0x000000070be00000, 0x000000070c000000|  0%| F|  |TAMS 0x000000070be00000| PB 0x000000070be00000| Untracked 
|  42|0x000000070c000000, 0x000000070c000000, 0x000000070c200000|  0%| F|  |TAMS 0x000000070c000000| PB 0x000000070c000000| Untracked 
|  43|0x000000070c200000, 0x000000070c200000, 0x000000070c400000|  0%| F|  |TAMS 0x000000070c200000| PB 0x000000070c200000| Untracked 
|  44|0x000000070c400000, 0x000000070c400000, 0x000000070c600000|  0%| F|  |TAMS 0x000000070c400000| PB 0x000000070c400000| Untracked 
|  45|0x000000070c600000, 0x000000070c600000, 0x000000070c800000|  0%| F|  |TAMS 0x000000070c600000| PB 0x000000070c600000| Untracked 
|  46|0x000000070c800000, 0x000000070c800000, 0x000000070ca00000|  0%| F|  |TAMS 0x000000070c800000| PB 0x000000070c800000| Untracked 
|  47|0x000000070ca00000, 0x000000070ca00000, 0x000000070cc00000|  0%| F|  |TAMS 0x000000070ca00000| PB 0x000000070ca00000| Untracked 
|  48|0x000000070cc00000, 0x000000070cc00000, 0x000000070ce00000|  0%| F|  |TAMS 0x000000070cc00000| PB 0x000000070cc00000| Untracked 
|  49|0x000000070ce00000, 0x000000070ce00000, 0x000000070d000000|  0%| F|  |TAMS 0x000000070ce00000| PB 0x000000070ce00000| Untracked 
|  50|0x000000070d000000, 0x000000070d000000, 0x000000070d200000|  0%| F|  |TAMS 0x000000070d000000| PB 0x000000070d000000| Untracked 
|  51|0x000000070d200000, 0x000000070d200000, 0x000000070d400000|  0%| F|  |TAMS 0x000000070d200000| PB 0x000000070d200000| Untracked 
|  52|0x000000070d400000, 0x000000070d400000, 0x000000070d600000|  0%| F|  |TAMS 0x000000070d400000| PB 0x000000070d400000| Untracked 
|  53|0x000000070d600000, 0x000000070d600000, 0x000000070d800000|  0%| F|  |TAMS 0x000000070d600000| PB 0x000000070d600000| Untracked 
|  54|0x000000070d800000, 0x000000070d800000, 0x000000070da00000|  0%| F|  |TAMS 0x000000070d800000| PB 0x000000070d800000| Untracked 
|  55|0x000000070da00000, 0x000000070da00000, 0x000000070dc00000|  0%| F|  |TAMS 0x000000070da00000| PB 0x000000070da00000| Untracked 
|  56|0x000000070dc00000, 0x000000070dc00000, 0x000000070de00000|  0%| F|  |TAMS 0x000000070dc00000| PB 0x000000070dc00000| Untracked 
|  57|0x000000070de00000, 0x000000070de00000, 0x000000070e000000|  0%| F|  |TAMS 0x000000070de00000| PB 0x000000070de00000| Untracked 
|  58|0x000000070e000000, 0x000000070e000000, 0x000000070e200000|  0%| F|  |TAMS 0x000000070e000000| PB 0x000000070e000000| Untracked 
|  59|0x000000070e200000, 0x000000070e200000, 0x000000070e400000|  0%| F|  |TAMS 0x000000070e200000| PB 0x000000070e200000| Untracked 
|  60|0x000000070e400000, 0x000000070e400000, 0x000000070e600000|  0%| F|  |TAMS 0x000000070e400000| PB 0x000000070e400000| Untracked 
|  61|0x000000070e600000, 0x000000070e600000, 0x000000070e800000|  0%| F|  |TAMS 0x000000070e600000| PB 0x000000070e600000| Untracked 
|  62|0x000000070e800000, 0x000000070e800000, 0x000000070ea00000|  0%| F|  |TAMS 0x000000070e800000| PB 0x000000070e800000| Untracked 
|  63|0x000000070ea00000, 0x000000070ea00000, 0x000000070ec00000|  0%| F|  |TAMS 0x000000070ea00000| PB 0x000000070ea00000| Untracked 
|  64|0x000000070ec00000, 0x000000070ec00000, 0x000000070ee00000|  0%| F|  |TAMS 0x000000070ec00000| PB 0x000000070ec00000| Untracked 
|  65|0x000000070ee00000, 0x000000070ee00000, 0x000000070f000000|  0%| F|  |TAMS 0x000000070ee00000| PB 0x000000070ee00000| Untracked 
|  66|0x000000070f000000, 0x000000070f000000, 0x000000070f200000|  0%| F|  |TAMS 0x000000070f000000| PB 0x000000070f000000| Untracked 
|  67|0x000000070f200000, 0x000000070f200000, 0x000000070f400000|  0%| F|  |TAMS 0x000000070f200000| PB 0x000000070f200000| Untracked 
|  68|0x000000070f400000, 0x000000070f400000, 0x000000070f600000|  0%| F|  |TAMS 0x000000070f400000| PB 0x000000070f400000| Untracked 
|  69|0x000000070f600000, 0x000000070f600000, 0x000000070f800000|  0%| F|  |TAMS 0x000000070f600000| PB 0x000000070f600000| Untracked 
|  70|0x000000070f800000, 0x000000070f800000, 0x000000070fa00000|  0%| F|  |TAMS 0x000000070f800000| PB 0x000000070f800000| Untracked 
|  71|0x000000070fa00000, 0x000000070fa00000, 0x000000070fc00000|  0%| F|  |TAMS 0x000000070fa00000| PB 0x000000070fa00000| Untracked 
|  72|0x000000070fc00000, 0x000000070fc00000, 0x000000070fe00000|  0%| F|  |TAMS 0x000000070fc00000| PB 0x000000070fc00000| Untracked 
|  73|0x000000070fe00000, 0x000000070fe00000, 0x0000000710000000|  0%| F|  |TAMS 0x000000070fe00000| PB 0x000000070fe00000| Untracked 
|  74|0x0000000710000000, 0x0000000710000000, 0x0000000710200000|  0%| F|  |TAMS 0x0000000710000000| PB 0x0000000710000000| Untracked 
|  75|0x0000000710200000, 0x0000000710200000, 0x0000000710400000|  0%| F|  |TAMS 0x0000000710200000| PB 0x0000000710200000| Untracked 
|  76|0x0000000710400000, 0x0000000710400000, 0x0000000710600000|  0%| F|  |TAMS 0x0000000710400000| PB 0x0000000710400000| Untracked 
|  77|0x0000000710600000, 0x0000000710600000, 0x0000000710800000|  0%| F|  |TAMS 0x0000000710600000| PB 0x0000000710600000| Untracked 
|  78|0x0000000710800000, 0x0000000710800000, 0x0000000710a00000|  0%| F|  |TAMS 0x0000000710800000| PB 0x0000000710800000| Untracked 
|  79|0x0000000710a00000, 0x0000000710a00000, 0x0000000710c00000|  0%| F|  |TAMS 0x0000000710a00000| PB 0x0000000710a00000| Untracked 
|  80|0x0000000710c00000, 0x0000000710c00000, 0x0000000710e00000|  0%| F|  |TAMS 0x0000000710c00000| PB 0x0000000710c00000| Untracked 
|  81|0x0000000710e00000, 0x0000000710e00000, 0x0000000711000000|  0%| F|  |TAMS 0x0000000710e00000| PB 0x0000000710e00000| Untracked 
|  82|0x0000000711000000, 0x0000000711000000, 0x0000000711200000|  0%| F|  |TAMS 0x0000000711000000| PB 0x0000000711000000| Untracked 
|  83|0x0000000711200000, 0x0000000711200000, 0x0000000711400000|  0%| F|  |TAMS 0x0000000711200000| PB 0x0000000711200000| Untracked 
|  84|0x0000000711400000, 0x0000000711400000, 0x0000000711600000|  0%| F|  |TAMS 0x0000000711400000| PB 0x0000000711400000| Untracked 
|  85|0x0000000711600000, 0x0000000711600000, 0x0000000711800000|  0%| F|  |TAMS 0x0000000711600000| PB 0x0000000711600000| Untracked 
|  86|0x0000000711800000, 0x0000000711800000, 0x0000000711a00000|  0%| F|  |TAMS 0x0000000711800000| PB 0x0000000711800000| Untracked 
|  87|0x0000000711a00000, 0x0000000711a00000, 0x0000000711c00000|  0%| F|  |TAMS 0x0000000711a00000| PB 0x0000000711a00000| Untracked 
|  88|0x0000000711c00000, 0x0000000711c00000, 0x0000000711e00000|  0%| F|  |TAMS 0x0000000711c00000| PB 0x0000000711c00000| Untracked 
|  89|0x0000000711e00000, 0x0000000711e00000, 0x0000000712000000|  0%| F|  |TAMS 0x0000000711e00000| PB 0x0000000711e00000| Untracked 
|  90|0x0000000712000000, 0x0000000712000000, 0x0000000712200000|  0%| F|  |TAMS 0x0000000712000000| PB 0x0000000712000000| Untracked 
|  91|0x0000000712200000, 0x0000000712200000, 0x0000000712400000|  0%| F|  |TAMS 0x0000000712200000| PB 0x0000000712200000| Untracked 
|  92|0x0000000712400000, 0x0000000712400000, 0x0000000712600000|  0%| F|  |TAMS 0x0000000712400000| PB 0x0000000712400000| Untracked 
|  93|0x0000000712600000, 0x0000000712600000, 0x0000000712800000|  0%| F|  |TAMS 0x0000000712600000| PB 0x0000000712600000| Untracked 
|  94|0x0000000712800000, 0x0000000712800000, 0x0000000712a00000|  0%| F|  |TAMS 0x0000000712800000| PB 0x0000000712800000| Untracked 
|  95|0x0000000712a00000, 0x0000000712a00000, 0x0000000712c00000|  0%| F|  |TAMS 0x0000000712a00000| PB 0x0000000712a00000| Untracked 
|  96|0x0000000712c00000, 0x0000000712c00000, 0x0000000712e00000|  0%| F|  |TAMS 0x0000000712c00000| PB 0x0000000712c00000| Untracked 
|  97|0x0000000712e00000, 0x0000000712e00000, 0x0000000713000000|  0%| F|  |TAMS 0x0000000712e00000| PB 0x0000000712e00000| Untracked 
|  98|0x0000000713000000, 0x0000000713000000, 0x0000000713200000|  0%| F|  |TAMS 0x0000000713000000| PB 0x0000000713000000| Untracked 
|  99|0x0000000713200000, 0x0000000713200000, 0x0000000713400000|  0%| F|  |TAMS 0x0000000713200000| PB 0x0000000713200000| Untracked 
| 100|0x0000000713400000, 0x0000000713400000, 0x0000000713600000|  0%| F|  |TAMS 0x0000000713400000| PB 0x0000000713400000| Untracked 
| 101|0x0000000713600000, 0x0000000713600000, 0x0000000713800000|  0%| F|  |TAMS 0x0000000713600000| PB 0x0000000713600000| Untracked 
| 102|0x0000000713800000, 0x0000000713800000, 0x0000000713a00000|  0%| F|  |TAMS 0x0000000713800000| PB 0x0000000713800000| Untracked 
| 103|0x0000000713a00000, 0x0000000713a00000, 0x0000000713c00000|  0%| F|  |TAMS 0x0000000713a00000| PB 0x0000000713a00000| Untracked 
| 104|0x0000000713c00000, 0x0000000713c00000, 0x0000000713e00000|  0%| F|  |TAMS 0x0000000713c00000| PB 0x0000000713c00000| Untracked 
| 105|0x0000000713e00000, 0x0000000713e00000, 0x0000000714000000|  0%| F|  |TAMS 0x0000000713e00000| PB 0x0000000713e00000| Untracked 
| 106|0x0000000714000000, 0x0000000714000000, 0x0000000714200000|  0%| F|  |TAMS 0x0000000714000000| PB 0x0000000714000000| Untracked 
| 107|0x0000000714200000, 0x0000000714200000, 0x0000000714400000|  0%| F|  |TAMS 0x0000000714200000| PB 0x0000000714200000| Untracked 
| 108|0x0000000714400000, 0x0000000714400000, 0x0000000714600000|  0%| F|  |TAMS 0x0000000714400000| PB 0x0000000714400000| Untracked 
| 109|0x0000000714600000, 0x0000000714600000, 0x0000000714800000|  0%| F|  |TAMS 0x0000000714600000| PB 0x0000000714600000| Untracked 
| 110|0x0000000714800000, 0x0000000714800000, 0x0000000714a00000|  0%| F|  |TAMS 0x0000000714800000| PB 0x0000000714800000| Untracked 
| 111|0x0000000714a00000, 0x0000000714a00000, 0x0000000714c00000|  0%| F|  |TAMS 0x0000000714a00000| PB 0x0000000714a00000| Untracked 
| 112|0x0000000714c00000, 0x0000000714c00000, 0x0000000714e00000|  0%| F|  |TAMS 0x0000000714c00000| PB 0x0000000714c00000| Untracked 
| 113|0x0000000714e00000, 0x0000000714e00000, 0x0000000715000000|  0%| F|  |TAMS 0x0000000714e00000| PB 0x0000000714e00000| Untracked 
| 114|0x0000000715000000, 0x0000000715000000, 0x0000000715200000|  0%| F|  |TAMS 0x0000000715000000| PB 0x0000000715000000| Untracked 
| 115|0x0000000715200000, 0x0000000715200000, 0x0000000715400000|  0%| F|  |TAMS 0x0000000715200000| PB 0x0000000715200000| Untracked 
| 116|0x0000000715400000, 0x0000000715400000, 0x0000000715600000|  0%| F|  |TAMS 0x0000000715400000| PB 0x0000000715400000| Untracked 
| 117|0x0000000715600000, 0x0000000715600000, 0x0000000715800000|  0%| F|  |TAMS 0x0000000715600000| PB 0x0000000715600000| Untracked 
| 118|0x0000000715800000, 0x0000000715800000, 0x0000000715a00000|  0%| F|  |TAMS 0x0000000715800000| PB 0x0000000715800000| Untracked 
| 119|0x0000000715a00000, 0x0000000715a00000, 0x0000000715c00000|  0%| F|  |TAMS 0x0000000715a00000| PB 0x0000000715a00000| Untracked 
| 120|0x0000000715c00000, 0x0000000715cf6820, 0x0000000715e00000| 48%| E|  |TAMS 0x0000000715c00000| PB 0x0000000715c00000| Complete 
| 121|0x0000000715e00000, 0x0000000716000000, 0x0000000716000000|100%| E|CS|TAMS 0x0000000715e00000| PB 0x0000000715e00000| Complete 
| 122|0x0000000716000000, 0x0000000716200000, 0x0000000716200000|100%| E|CS|TAMS 0x0000000716000000| PB 0x0000000716000000| Complete 
| 123|0x0000000716200000, 0x0000000716400000, 0x0000000716400000|100%| E|CS|TAMS 0x0000000716200000| PB 0x0000000716200000| Complete 
| 124|0x0000000716400000, 0x0000000716600000, 0x0000000716600000|100%| E|  |TAMS 0x0000000716400000| PB 0x0000000716400000| Complete 
|1993|0x00000007ffe00000, 0x00000007fff07778, 0x0000000800000000| 51%| O|  |TAMS 0x00000007ffe00000| PB 0x00000007ffe00000| Untracked 

Card table byte_map: [0x000077b658236000,0x000077b658a00000] _byte_map_base: 0x000077b654a00000

Marking Bits: (CMBitMap*) 0x000077b670091bb0
 Bits: [0x000077b6543e6000, 0x000077b658236000)

Polling page: 0x000077b676ac7000

Metaspace:

Usage:
  Non-class:      3.35 MB used.
      Class:    420.10 KB used.
       Both:      3.76 MB used.

Virtual space:
  Non-class space:       64.00 MB reserved,       3.44 MB (  5%) committed,  1 nodes.
      Class space:        1.00 GB reserved,     512.00 KB ( <1%) committed,  1 nodes.
             Both:        1.06 GB reserved,       3.94 MB ( <1%) committed. 

Chunk freelists:
   Non-Class:  10.33 MB
       Class:  15.48 MB
        Both:  25.81 MB

MaxMetaspaceSize: unlimited
CompressedClassSpaceSize: 1.00 GB
Initial GC threshold: 21.00 MB
Current GC threshold: 21.00 MB
CDS: on
 - commit_granule_bytes: 65536.
 - commit_granule_words: 8192.
 - virtual_space_node_default_size: 8388608.
 - enlarge_chunks_in_place: 1.
 - use_allocation_guard: 0.


Internal statistics:

num_allocs_failed_limit: 0.
num_arena_births: 36.
num_arena_deaths: 0.
num_vsnodes_births: 2.
num_vsnodes_deaths: 0.
num_space_committed: 63.
num_space_uncommitted: 0.
num_chunks_returned_to_freelist: 0.
num_chunks_taken_from_freelist: 108.
num_chunk_merges: 0.
num_chunk_splits: 88.
num_chunks_enlarged: 74.
num_inconsistent_stats: 0.

CodeHeap 'non-profiled nmethods': size=120036Kb used=212Kb max_used=212Kb free=119823Kb
 bounds [0x000077b6604c7000, 0x000077b660737000, 0x000077b667a00000]
CodeHeap 'profiled nmethods': size=120032Kb used=1375Kb max_used=1375Kb free=118656Kb
 bounds [0x000077b658a00000, 0x000077b658c70000, 0x000077b65ff38000]
CodeHeap 'non-nmethods': size=5692Kb used=1464Kb max_used=1479Kb free=4227Kb
 bounds [0x000077b65ff38000, 0x000077b6601a8000, 0x000077b6604c7000]
 total_blobs=1217 nmethods=749 adapters=374
 compilation: enabled
              stopped_count=0, restarted_count=0
 full_count=0

Compilation events (20 events):
Event: 0.373 Thread 0x000077b670158f10  741   !   3       java.util.jar.JarFile::getManifestFromReference (197 bytes)
Event: 0.374 Thread 0x000077b670158f10 nmethod 741 0x000077b658b50b10 code [0x000077b658b50e20, 0x000077b658b522e0]
Event: 0.374 Thread 0x000077b670158f10  742  s    3       java.util.jar.JarFile::getInputStream (88 bytes)
Event: 0.374 Thread 0x000077b670157850  737 %     4       java.lang.StringCoding::countPositives @ 7 (33 bytes)
Event: 0.374 Thread 0x000077b670158f10 nmethod 742 0x000077b658b52a10 code [0x000077b658b52c80, 0x000077b658b53478]
Event: 0.374 Thread 0x000077b670158f10  743       3       java.util.jar.JarFile::getManifest (5 bytes)
Event: 0.374 Thread 0x000077b670158f10 nmethod 743 0x000077b658b53690 code [0x000077b658b53840, 0x000077b658b53978]
Event: 0.374 Thread 0x000077b670158f10  745       3       java.lang.Module::isNamed (13 bytes)
Event: 0.374 Thread 0x000077b670158f10 nmethod 745 0x000077b658b53a10 code [0x000077b658b53ba0, 0x000077b658b53d08]
Event: 0.374 Thread 0x000077b670158f10  744       3       java.lang.String::equalsIgnoreCase (45 bytes)
Event: 0.374 Thread 0x000077b670158f10 nmethod 744 0x000077b658b53d90 code [0x000077b658b53f80, 0x000077b658b544c0]
Event: 0.375 Thread 0x000077b670157850 nmethod 737% 0x000077b6604fbb90 code [0x000077b6604fbd20, 0x000077b6604fbf68]
Event: 0.376 Thread 0x000077b670158f10  746       3       java.lang.Record::<init> (5 bytes)
Event: 0.376 Thread 0x000077b670158f10 nmethod 746 0x000077b658b54690 code [0x000077b658b54820, 0x000077b658b54980]
Event: 0.376 Thread 0x000077b670158f10  747       3       java.lang.ClassLoader::definePackage (85 bytes)
Event: 0.377 Thread 0x000077b670158f10 nmethod 747 0x000077b658b54a10 code [0x000077b658b54ce0, 0x000077b658b55b88]
Event: 0.377 Thread 0x000077b670158f10  749       3       sun.net.util.URLUtil::urlNoFragString (143 bytes)
Event: 0.377 Thread 0x000077b670158f10 nmethod 749 0x000077b658b56010 code [0x000077b658b56340, 0x000077b658b572d8]
Event: 0.377 Thread 0x000077b670158f10  748       3       java.lang.Package::isSealed (26 bytes)
Event: 0.377 Thread 0x000077b670158f10 nmethod 748 0x000077b658b57890 code [0x000077b658b57a40, 0x000077b658b57d40]

GC Heap History (0 events):
No events

Dll operation events (14 events):
Event: 0.004 Loaded shared library /home/wangjing/.jdks/openjdk-21.0.2/lib/libjava.so
Event: 0.035 Loaded shared library /home/wangjing/.jdks/openjdk-21.0.2/lib/libjsvml.so
Event: 0.086 Loaded shared library /home/wangjing/.jdks/openjdk-21.0.2/lib/libzip.so
Event: 0.090 Loaded shared library /home/wangjing/.jdks/openjdk-21.0.2/lib/libinstrument.so
Event: 0.092 Loaded shared library /home/wangjing/.jdks/openjdk-21.0.2/lib/libnio.so
Event: 0.095 Loaded shared library /home/wangjing/.jdks/openjdk-21.0.2/lib/libzip.so
Event: 0.128 Loaded shared library /home/wangjing/.jdks/openjdk-21.0.2/lib/libnet.so
Event: 0.134 Loaded shared library /home/wangjing/.jdks/openjdk-21.0.2/lib/libextnet.so
Event: 0.159 Loaded shared library /home/wangjing/.jdks/openjdk-21.0.2/lib/libjimage.so
Event: 0.208 Loaded shared library /home/wangjing/.javacpp/cache/javacpp-1.5.7-linux-x86_64.jar/org/bytedeco/javacpp/linux-x86_64/libjnijavacpp.so
Event: 0.329 Loaded shared library /home/wangjing/.javacpp/cache/llvm-13.0.1-1.5.7-linux-x86_64.jar/org/bytedeco/llvm/linux-x86_64/libLLVM-13.so
Event: 0.350 Loaded shared library /home/wangjing/.javacpp/cache/llvm-13.0.1-1.5.7-linux-x86_64.jar/org/bytedeco/llvm/linux-x86_64/libLTO.so.13
Event: 0.353 Loaded shared library /home/wangjing/.javacpp/cache/llvm-13.0.1-1.5.7-linux-x86_64.jar/org/bytedeco/llvm/linux-x86_64/libRemarks.so.13
Event: 0.354 Loaded shared library /home/wangjing/.javacpp/cache/llvm-13.0.1-1.5.7-linux-x86_64.jar/org/bytedeco/llvm/linux-x86_64/libjniLLVM.so

Deoptimization events (20 events):
Event: 0.179 Thread 0x000077b670029e70 Uncommon trap: trap_request=0xffffff45 fr.pc=0x000077b6604d3c24 relative=0x0000000000000ae4
Event: 0.179 Thread 0x000077b670029e70 Uncommon trap: reason=unstable_if action=reinterpret pc=0x000077b6604d3c24 method=java.util.HashMap.putVal(ILjava/lang/Object;Ljava/lang/Object;ZZ)Ljava/lang/Object; @ 181 c2
Event: 0.179 Thread 0x000077b670029e70 DEOPT PACKING pc=0x000077b6604d3c24 sp=0x000077b6751fcce0
Event: 0.179 Thread 0x000077b670029e70 DEOPT UNPACKING pc=0x000077b65ff8f619 sp=0x000077b6751fcca0 mode 2
Event: 0.201 Thread 0x000077b670029e70 Uncommon trap: trap_request=0xffffff45 fr.pc=0x000077b6604da8ac relative=0x000000000000018c
Event: 0.201 Thread 0x000077b670029e70 Uncommon trap: reason=unstable_if action=reinterpret pc=0x000077b6604da8ac method=jdk.internal.util.ArraysSupport.vectorizedHashCode(Ljava/lang/Object;IIII)I @ 2 c2
Event: 0.201 Thread 0x000077b670029e70 DEOPT PACKING pc=0x000077b6604da8ac sp=0x000077b6751fc3c0
Event: 0.201 Thread 0x000077b670029e70 DEOPT UNPACKING pc=0x000077b65ff8f619 sp=0x000077b6751fc390 mode 2
Event: 0.229 Thread 0x000077b670029e70 DEOPT PACKING pc=0x000077b658a2d8f4 sp=0x000077b6751fa2d0
Event: 0.229 Thread 0x000077b670029e70 DEOPT UNPACKING pc=0x000077b65ff9014f sp=0x000077b6751f9710 mode 0
Event: 0.241 Thread 0x000077b670029e70 DEOPT PACKING pc=0x000077b658a245d5 sp=0x000077b6751f9f10
Event: 0.241 Thread 0x000077b670029e70 DEOPT UNPACKING pc=0x000077b65ff9014f sp=0x000077b6751f9398 mode 0
Event: 0.248 Thread 0x000077b670029e70 Uncommon trap: trap_request=0xffffff45 fr.pc=0x000077b6604dbf6c relative=0x000000000000006c
Event: 0.248 Thread 0x000077b670029e70 Uncommon trap: reason=unstable_if action=reinterpret pc=0x000077b6604dbf6c method=java.lang.String.isLatin1()Z @ 10 c2
Event: 0.248 Thread 0x000077b670029e70 DEOPT PACKING pc=0x000077b6604dbf6c sp=0x000077b6751fe260
Event: 0.248 Thread 0x000077b670029e70 DEOPT UNPACKING pc=0x000077b65ff8f619 sp=0x000077b6751fe210 mode 2
Event: 0.314 Thread 0x000077b670029e70 Uncommon trap: trap_request=0xffffff6e fr.pc=0x000077b6604eb898 relative=0x0000000000000458
Event: 0.314 Thread 0x000077b670029e70 Uncommon trap: reason=loop_limit_check action=maybe_recompile pc=0x000077b6604eb898 method=java.lang.StringLatin1.indexOf([BI[BII)I @ 37 c2
Event: 0.314 Thread 0x000077b670029e70 DEOPT PACKING pc=0x000077b6604eb898 sp=0x000077b6751fd930
Event: 0.314 Thread 0x000077b670029e70 DEOPT UNPACKING pc=0x000077b65ff8f619 sp=0x000077b6751fd8b0 mode 2

Classes loaded (20 events):
Event: 0.291 Loading class java/util/LinkedList
Event: 0.291 Loading class java/util/AbstractSequentialList
Event: 0.291 Loading class java/util/AbstractSequentialList done
Event: 0.291 Loading class java/util/LinkedList done
Event: 0.291 Loading class java/util/LinkedList$ListItr
Event: 0.291 Loading class java/util/LinkedList$ListItr done
Event: 0.291 Loading class java/util/LinkedList$Node
Event: 0.291 Loading class java/util/LinkedList$Node done
Event: 0.302 Loading class java/util/jar/JarFile$ThreadTrackHolder
Event: 0.302 Loading class java/util/jar/JarFile$ThreadTrackHolder done
Event: 0.302 Loading class jdk/internal/misc/ThreadTracker
Event: 0.302 Loading class jdk/internal/misc/ThreadTracker done
Event: 0.302 Loading class jdk/internal/misc/ThreadTracker$ThreadRef
Event: 0.302 Loading class jdk/internal/misc/ThreadTracker$ThreadRef done
Event: 0.302 Loading class sun/security/util/ManifestEntryVerifier
Event: 0.303 Loading class sun/security/util/ManifestEntryVerifier done
Event: 0.345 Loading class jdk/internal/foreign/MemorySessionImpl
Event: 0.345 Loading class java/lang/foreign/MemorySegment$Scope
Event: 0.345 Loading class java/lang/foreign/MemorySegment$Scope done
Event: 0.345 Loading class jdk/internal/foreign/MemorySessionImpl done

Classes unloaded (0 events):
No events

Classes redefined (0 events):
No events

Internal exceptions (9 events):
Event: 0.108 Thread 0x000077b670029e70 Implicit null exception at 0x000077b6604d1063 to 0x000077b6604d11c4
Event: 0.109 Thread 0x000077b670029e70 Exception <a 'java/lang/NoSuchMethodError'{0x00000007165f8aa0}: 'void java.lang.invoke.DirectMethodHandle$Holder.invokeStatic(java.lang.Object, java.lang.Object, java.lang.Object)'> (0x00000007165f8aa0) 
thrown [open/src/hotspot/share/interpreter/linkResolver.cpp, line 772]
Event: 0.115 Thread 0x000077b670029e70 Exception <a 'java/lang/NoSuchMethodError'{0x000000071626df18}: 'java.lang.Object java.lang.invoke.Invokers$Holder.invokeExact_MT(java.lang.Object, java.lang.Object, java.lang.Object, java.lang.Object, java.lang.Object)'> (0x000000071626df18) 
thrown [open/src/hotspot/share/interpreter/linkResolver.cpp, line 772]
Event: 0.145 Thread 0x000077b670029e70 Exception <a 'java/lang/NoSuchMethodError'{0x000000071631ee88}: 'int java.lang.invoke.DirectMethodHandle$Holder.invokeStaticInit(java.lang.Object, java.lang.Object, java.lang.Object, java.lang.Object)'> (0x000000071631ee88) 
thrown [open/src/hotspot/share/interpreter/linkResolver.cpp, line 772]
Event: 0.146 Thread 0x000077b67021b0d0 Exception <a 'java/lang/NoSuchMethodError'{0x00000007162a2ec8}: 'void java.lang.invoke.DirectMethodHandle$Holder.invokeStatic(java.lang.Object, java.lang.Object)'> (0x00000007162a2ec8) 
thrown [open/src/hotspot/share/interpreter/linkResolver.cpp, line 772]
Event: 0.149 Thread 0x000077b670029e70 Exception <a 'java/lang/NoSuchMethodError'{0x0000000716327cf0}: 'java.lang.Object java.lang.invoke.DirectMethodHandle$Holder.invokeInterface(java.lang.Object, java.lang.Object)'> (0x0000000716327cf0) 
thrown [open/src/hotspot/share/interpreter/linkResolver.cpp, line 772]
Event: 0.150 Thread 0x000077b670029e70 Exception <a 'java/lang/IncompatibleClassChangeError'{0x000000071632af58}: Found class java.lang.Object, but interface was expected> (0x000000071632af58) 
thrown [open/src/hotspot/share/interpreter/linkResolver.cpp, line 840]
Event: 0.150 Thread 0x000077b670029e70 Exception <a 'java/lang/NoSuchMethodError'{0x000000071632d9a0}: 'void java.lang.invoke.DirectMethodHandle$Holder.invokeStaticInit(java.lang.Object, java.lang.Object)'> (0x000000071632d9a0) 
thrown [open/src/hotspot/share/interpreter/linkResolver.cpp, line 772]
Event: 0.152 Thread 0x000077b670029e70 Exception <a 'java/lang/NoSuchMethodError'{0x0000000716332eb0}: 'int java.lang.invoke.DirectMethodHandle$Holder.invokeStaticInit(java.lang.Object, java.lang.Object)'> (0x0000000716332eb0) 
thrown [open/src/hotspot/share/interpreter/linkResolver.cpp, line 772]

ZGC Phase Switch (0 events):
No events

VM Operations (6 events):
Event: 0.058 Executing VM operation: HandshakeAllThreads (Deoptimize)
Event: 0.058 Executing VM operation: HandshakeAllThreads (Deoptimize) done
Event: 0.150 Executing VM operation: HandshakeAllThreads (Deoptimize)
Event: 0.151 Executing VM operation: HandshakeAllThreads (Deoptimize) done
Event: 0.254 Executing VM operation: HandshakeAllThreads (Deoptimize)
Event: 0.254 Executing VM operation: HandshakeAllThreads (Deoptimize) done

Events (20 events):
Event: 0.033 Thread 0x000077b670151650 Thread added: 0x000077b670151650
Event: 0.033 Protecting memory [0x000077b645500000,0x000077b645504000] with protection modes 0
Event: 0.034 Thread 0x000077b670153130 Thread added: 0x000077b670153130
Event: 0.034 Protecting memory [0x000077b645400000,0x000077b645404000] with protection modes 0
Event: 0.034 Thread 0x000077b670154770 Thread added: 0x000077b670154770
Event: 0.034 Protecting memory [0x000077b645300000,0x000077b645304000] with protection modes 0
Event: 0.034 Thread 0x000077b670155d10 Thread added: 0x000077b670155d10
Event: 0.034 Protecting memory [0x000077b645200000,0x000077b645204000] with protection modes 0
Event: 0.034 Thread 0x000077b670157850 Thread added: 0x000077b670157850
Event: 0.034 Protecting memory [0x000077b645100000,0x000077b645104000] with protection modes 0
Event: 0.036 Thread 0x000077b670158f10 Thread added: 0x000077b670158f10
Event: 0.036 Protecting memory [0x000077b645000000,0x000077b645004000] with protection modes 0
Event: 0.050 Thread 0x000077b670193090 Thread added: 0x000077b670193090
Event: 0.052 Protecting memory [0x000077b644e30000,0x000077b644e34000] with protection modes 0
Event: 0.120 Thread 0x000077b67021b0d0 Thread added: 0x000077b67021b0d0
Event: 0.120 Protecting memory [0x000077b644d30000,0x000077b644d34000] with protection modes 0
Event: 0.120 Thread 0x000077b67021d130 Thread added: 0x000077b67021d130
Event: 0.121 Protecting memory [0x000077b644c30000,0x000077b644c34000] with protection modes 0
Event: 0.131 Thread 0x000077b670223b00 Thread added: 0x000077b670223b00
Event: 0.134 Protecting memory [0x000077b644b30000,0x000077b644b34000] with protection modes 0


Dynamic libraries:
706c00000-716600000 rw-p 00000000 00:00 0 
716600000-7ffe00000 ---p 00000000 00:00 0 
7ffe00000-7fff08000 rw-p 00ce5000 08:03 2903295                          /home/wangjing/.jdks/openjdk-21.0.2/lib/server/classes.jsa
7fff08000-800000000 rw-p 00000000 00:00 0 
5df594f1a000-5df594f1b000 r-xp 00000000 08:03 2902800                    /home/wangjing/.jdks/openjdk-21.0.2/bin/java
5df594f1c000-5df594f1d000 r--p 00001000 08:03 2902800                    /home/wangjing/.jdks/openjdk-21.0.2/bin/java
5df594f1d000-5df594f1e000 rw-p 00002000 08:03 2902800                    /home/wangjing/.jdks/openjdk-21.0.2/bin/java
5df5954e6000-5df59552c000 rw-p 00000000 00:00 0                          [heap]
77b5c5400000-77b5c5d26000 r--p 00000000 08:03 3025897                    /home/wangjing/.javacpp/cache/llvm-13.0.1-1.5.7-linux-x86_64.jar/org/bytedeco/llvm/linux-x86_64/libLLVM-13.so
77b5c5d26000-77b5c96e9000 r-xp 00926000 08:03 3025897                    /home/wangjing/.javacpp/cache/llvm-13.0.1-1.5.7-linux-x86_64.jar/org/bytedeco/llvm/linux-x86_64/libLLVM-13.so
77b5c96e9000-77b5cb93e000 r--p 042e9000 08:03 3025897                    /home/wangjing/.javacpp/cache/llvm-13.0.1-1.5.7-linux-x86_64.jar/org/bytedeco/llvm/linux-x86_64/libLLVM-13.so
77b5cb93e000-77b5cbe53000 r--p 0653d000 08:03 3025897                    /home/wangjing/.javacpp/cache/llvm-13.0.1-1.5.7-linux-x86_64.jar/org/bytedeco/llvm/linux-x86_64/libLLVM-13.so
77b5cbe53000-77b5cbe5e000 rw-p 06a52000 08:03 3025897                    /home/wangjing/.javacpp/cache/llvm-13.0.1-1.5.7-linux-x86_64.jar/org/bytedeco/llvm/linux-x86_64/libLLVM-13.so
77b5cbe5e000-77b5cbed4000 rw-p 00000000 00:00 0 
77b5cc000000-77b5cc45c000 rw-p 00000000 00:00 0 
77b5cc45c000-77b5d0000000 ---p 00000000 00:00 0 
77b5d4000000-77b5d4021000 rw-p 00000000 00:00 0 
77b5d4021000-77b5d8000000 ---p 00000000 00:00 0 
77b5d8000000-77b5d8288000 rw-p 00000000 00:00 0 
77b5d8288000-77b5dc000000 ---p 00000000 00:00 0 
77b5dc000000-77b5dc021000 rw-p 00000000 00:00 0 
77b5dc021000-77b5e0000000 ---p 00000000 00:00 0 
77b5e0000000-77b5e0021000 rw-p 00000000 00:00 0 
77b5e0021000-77b5e4000000 ---p 00000000 00:00 0 
77b5e4000000-77b5e4021000 rw-p 00000000 00:00 0 
77b5e4021000-77b5e8000000 ---p 00000000 00:00 0 
77b5e8000000-77b5e8021000 rw-p 00000000 00:00 0 
77b5e8021000-77b5ec000000 ---p 00000000 00:00 0 
77b5ec000000-77b5ec021000 rw-p 00000000 00:00 0 
77b5ec021000-77b5f0000000 ---p 00000000 00:00 0 
77b5f262d000-77b5f31c0000 rw-p 00000000 00:00 0 
77b5f31c0000-77b5f3400000 ---p 00000000 00:00 0 
77b5f3400000-77b5f35b0000 rw-p 00000000 00:00 0 
77b5f35b0000-77b5f7000000 ---p 00000000 00:00 0 
77b5f7000000-77b5f7ca6000 rw-p 00001000 08:03 2903295                    /home/wangjing/.jdks/openjdk-21.0.2/lib/server/classes.jsa
77b5f7ca6000-77b5f8000000 ---p 00000000 00:00 0 
77b5f8000000-77b5f8030000 rw-p 00000000 00:00 0 
77b5f8030000-77b5f8070000 rw-p 00000000 00:00 0 
77b5f8070000-77b5f8080000 ---p 00000000 00:00 0 
77b5f8080000-77b5f8090000 rw-p 00000000 00:00 0 
77b5f8090000-77b638000000 ---p 00000000 00:00 0 
77b638000000-77b638021000 rw-p 00000000 00:00 0 
77b638021000-77b63c000000 ---p 00000000 00:00 0 
77b63c000000-77b63c021000 rw-p 00000000 00:00 0 
77b63c021000-77b640000000 ---p 00000000 00:00 0 
77b640000000-77b640021000 rw-p 00000000 00:00 0 
77b640021000-77b644000000 ---p 00000000 00:00 0 
77b644132000-77b6446fa000 rw-p 00000000 00:00 0 
77b6446fa000-77b64475f000 r--p 00000000 08:03 3025902                    /home/wangjing/.javacpp/cache/llvm-13.0.1-1.5.7-linux-x86_64.jar/org/bytedeco/llvm/linux-x86_64/libjniLLVM.so
77b64475f000-77b6447cd000 r-xp 00065000 08:03 3025902                    /home/wangjing/.javacpp/cache/llvm-13.0.1-1.5.7-linux-x86_64.jar/org/bytedeco/llvm/linux-x86_64/libjniLLVM.so
77b6447cd000-77b6447f8000 r--p 000d3000 08:03 3025902                    /home/wangjing/.javacpp/cache/llvm-13.0.1-1.5.7-linux-x86_64.jar/org/bytedeco/llvm/linux-x86_64/libjniLLVM.so
77b6447f8000-77b6447fb000 r--p 000fd000 08:03 3025902                    /home/wangjing/.javacpp/cache/llvm-13.0.1-1.5.7-linux-x86_64.jar/org/bytedeco/llvm/linux-x86_64/libjniLLVM.so
77b6447fb000-77b6447fe000 rw-p 00100000 08:03 3025902                    /home/wangjing/.javacpp/cache/llvm-13.0.1-1.5.7-linux-x86_64.jar/org/bytedeco/llvm/linux-x86_64/libjniLLVM.so
77b6447fe000-77b644800000 rw-p 00000000 00:00 0 
77b644800000-77b64489a000 r--p 00000000 08:03 917771                     /usr/lib/x86_64-linux-gnu/libstdc++.so.6.0.30
77b64489a000-77b6449ab000 r-xp 0009a000 08:03 917771                     /usr/lib/x86_64-linux-gnu/libstdc++.so.6.0.30
77b6449ab000-77b644a1a000 r--p 001ab000 08:03 917771                     /usr/lib/x86_64-linux-gnu/libstdc++.so.6.0.30
77b644a1a000-77b644a1b000 ---p 0021a000 08:03 917771                     /usr/lib/x86_64-linux-gnu/libstdc++.so.6.0.30
77b644a1b000-77b644a26000 r--p 0021a000 08:03 917771                     /usr/lib/x86_64-linux-gnu/libstdc++.so.6.0.30
77b644a26000-77b644a29000 rw-p 00225000 08:03 917771                     /usr/lib/x86_64-linux-gnu/libstdc++.so.6.0.30
77b644a29000-77b644a2c000 rw-p 00000000 00:00 0 
77b644a49000-77b644b30000 rw-p 00000000 00:00 0 
77b644b30000-77b644b34000 ---p 00000000 00:00 0 
77b644b34000-77b644c30000 rw-p 00000000 00:00 0 
77b644c30000-77b644c34000 ---p 00000000 00:00 0 
77b644c34000-77b644d30000 rw-p 00000000 00:00 0 
77b644d30000-77b644d34000 ---p 00000000 00:00 0 
77b644d34000-77b644e30000 rw-p 00000000 00:00 0 
77b644e30000-77b644e34000 ---p 00000000 00:00 0 
77b644e34000-77b644f30000 rw-p 00000000 00:00 0 
77b644f30000-77b644ffe000 r-xp 00000000 08:03 2903269                    /home/wangjing/.jdks/openjdk-21.0.2/lib/libjsvml.so
77b644ffe000-77b644fff000 r--p 000cd000 08:03 2903269                    /home/wangjing/.jdks/openjdk-21.0.2/lib/libjsvml.so
77b644fff000-77b645000000 rw-p 000ce000 08:03 2903269                    /home/wangjing/.jdks/openjdk-21.0.2/lib/libjsvml.so
77b645000000-77b645004000 ---p 00000000 00:00 0 
77b645004000-77b645100000 rw-p 00000000 00:00 0 
77b645100000-77b645104000 ---p 00000000 00:00 0 
77b645104000-77b645200000 rw-p 00000000 00:00 0 
77b645200000-77b645204000 ---p 00000000 00:00 0 
77b645204000-77b645300000 rw-p 00000000 00:00 0 
77b645300000-77b645304000 ---p 00000000 00:00 0 
77b645304000-77b645400000 rw-p 00000000 00:00 0 
77b645400000-77b645404000 ---p 00000000 00:00 0 
77b645404000-77b645500000 rw-p 00000000 00:00 0 
77b645500000-77b645504000 ---p 00000000 00:00 0 
77b645504000-77b645600000 rw-p 00000000 00:00 0 
77b645600000-77b645e78000 r--p 00000000 08:03 918099                     /usr/lib/locale/locale-archive
77b645f00000-77b645f04000 ---p 00000000 00:00 0 
77b645f04000-77b648000000 rw-p 00000000 00:00 0 
77b648000000-77b648021000 rw-p 00000000 00:00 0 
77b648021000-77b64c000000 ---p 00000000 00:00 0 
77b64c000000-77b64c021000 rw-p 00000000 00:00 0 
77b64c021000-77b650000000 ---p 00000000 00:00 0 
77b650000000-77b650021000 rw-p 00000000 00:00 0 
77b650021000-77b654000000 ---p 00000000 00:00 0 
77b654007000-77b654008000 ---p 00000000 00:00 0 
77b654008000-77b654108000 rw-p 00000000 00:00 0 
77b654108000-77b654109000 ---p 00000000 00:00 0 
77b654109000-77b6542e5000 rw-p 00000000 00:00 0 
77b6542e5000-77b6542e6000 ---p 00000000 00:00 0 
77b6542e6000-77b6547ce000 rw-p 00000000 00:00 0 
77b6547ce000-77b65822e000 ---p 00000000 00:00 0 
77b65822e000-77b6582b3000 rw-p 00000000 00:00 0 
77b6582b3000-77b6589ff000 ---p 00000000 00:00 0 
77b6589ff000-77b658a00000 rw-p 00000000 00:00 0 
77b658a00000-77b658c70000 rwxp 00000000 00:00 0 
77b658c70000-77b65ff38000 ---p 00000000 00:00 0 
77b65ff38000-77b6601a8000 rwxp 00000000 00:00 0 
77b6601a8000-77b6604c7000 ---p 00000000 00:00 0 
77b6604c7000-77b660737000 rwxp 00000000 00:00 0 
77b660737000-77b667a00000 ---p 00000000 00:00 0 
77b667a00000-77b66fecf000 r--s 00000000 08:03 2903286                    /home/wangjing/.jdks/openjdk-21.0.2/lib/modules
77b66fedf000-77b66fee2000 r--p 00000000 08:03 919532                     /usr/lib/x86_64-linux-gnu/libgcc_s.so.1
77b66fee2000-77b66fef9000 r-xp 00003000 08:03 919532                     /usr/lib/x86_64-linux-gnu/libgcc_s.so.1
77b66fef9000-77b66fefd000 r--p 0001a000 08:03 919532                     /usr/lib/x86_64-linux-gnu/libgcc_s.so.1
77b66fefd000-77b66fefe000 r--p 0001d000 08:03 919532                     /usr/lib/x86_64-linux-gnu/libgcc_s.so.1
77b66fefe000-77b66feff000 rw-p 0001e000 08:03 919532                     /usr/lib/x86_64-linux-gnu/libgcc_s.so.1
77b66feff000-77b66ff00000 ---p 00000000 00:00 0 
77b66ff00000-77b670000000 rw-p 00000000 00:00 0 
77b670000000-77b6703d7000 rw-p 00000000 00:00 0 
77b6703d7000-77b674000000 ---p 00000000 00:00 0 
77b67400a000-77b674011000 r--s 00000000 08:03 1577451                    /usr/lib/x86_64-linux-gnu/gconv/gconv-modules.cache
77b674011000-77b674018000 r--p 00000000 08:03 3025898                    /home/wangjing/.javacpp/cache/llvm-13.0.1-1.5.7-linux-x86_64.jar/org/bytedeco/llvm/linux-x86_64/libLTO.so.13
77b674018000-77b674020000 r-xp 00007000 08:03 3025898                    /home/wangjing/.javacpp/cache/llvm-13.0.1-1.5.7-linux-x86_64.jar/org/bytedeco/llvm/linux-x86_64/libLTO.so.13
77b674020000-77b674022000 r--p 0000f000 08:03 3025898                    /home/wangjing/.javacpp/cache/llvm-13.0.1-1.5.7-linux-x86_64.jar/org/bytedeco/llvm/linux-x86_64/libLTO.so.13
77b674022000-77b674023000 r--p 00010000 08:03 3025898                    /home/wangjing/.javacpp/cache/llvm-13.0.1-1.5.7-linux-x86_64.jar/org/bytedeco/llvm/linux-x86_64/libLTO.so.13
77b674023000-77b674024000 rw-p 00011000 08:03 3025898                    /home/wangjing/.javacpp/cache/llvm-13.0.1-1.5.7-linux-x86_64.jar/org/bytedeco/llvm/linux-x86_64/libLTO.so.13
77b674024000-77b674028000 r--p 00000000 08:03 3025878                    /home/wangjing/.javacpp/cache/javacpp-1.5.7-linux-x86_64.jar/org/bytedeco/javacpp/linux-x86_64/libjnijavacpp.so
77b674028000-77b67402f000 r-xp 00004000 08:03 3025878                    /home/wangjing/.javacpp/cache/javacpp-1.5.7-linux-x86_64.jar/org/bytedeco/javacpp/linux-x86_64/libjnijavacpp.so
77b67402f000-77b674033000 r--p 0000b000 08:03 3025878                    /home/wangjing/.javacpp/cache/javacpp-1.5.7-linux-x86_64.jar/org/bytedeco/javacpp/linux-x86_64/libjnijavacpp.so
77b674033000-77b674034000 r--p 0000e000 08:03 3025878                    /home/wangjing/.javacpp/cache/javacpp-1.5.7-linux-x86_64.jar/org/bytedeco/javacpp/linux-x86_64/libjnijavacpp.so
77b674034000-77b674035000 rw-p 0000f000 08:03 3025878                    /home/wangjing/.javacpp/cache/javacpp-1.5.7-linux-x86_64.jar/org/bytedeco/javacpp/linux-x86_64/libjnijavacpp.so
77b674035000-77b674041000 r-xp 00000000 08:03 2903276                    /home/wangjing/.jdks/openjdk-21.0.2/lib/libnet.so
77b674041000-77b674042000 r--p 0000b000 08:03 2903276                    /home/wangjing/.jdks/openjdk-21.0.2/lib/libnet.so
77b674042000-77b674043000 rw-p 0000c000 08:03 2903276                    /home/wangjing/.jdks/openjdk-21.0.2/lib/libnet.so
77b674043000-77b674057000 r-xp 00000000 08:03 2903277                    /home/wangjing/.jdks/openjdk-21.0.2/lib/libnio.so
77b674057000-77b674058000 r--p 00013000 08:03 2903277                    /home/wangjing/.jdks/openjdk-21.0.2/lib/libnio.so
77b674058000-77b674059000 rw-p 00014000 08:03 2903277                    /home/wangjing/.jdks/openjdk-21.0.2/lib/libnio.so
77b674059000-77b67425b000 rw-p 00000000 00:00 0 
77b67425b000-77b67425c000 ---p 00000000 00:00 0 
77b67425c000-77b67435c000 rw-p 00000000 00:00 0 
77b67435c000-77b67435d000 ---p 00000000 00:00 0 
77b67435d000-77b67445d000 rw-p 00000000 00:00 0 
77b67445d000-77b67445e000 ---p 00000000 00:00 0 
77b67445e000-77b6745db000 rw-p 00000000 00:00 0 
77b6745db000-77b674d27000 ---p 00000000 00:00 0 
77b674d27000-77b674f2f000 rw-p 00000000 00:00 0 
77b674f2f000-77b675015000 ---p 00000000 00:00 0 
77b675015000-77b67501a000 rw-p 00000000 00:00 0 
77b67501a000-77b675100000 ---p 00000000 00:00 0 
77b675100000-77b675104000 ---p 00000000 00:00 0 
77b675104000-77b675200000 rw-p 00000000 00:00 0 
77b675200000-77b676512000 r-xp 00000000 08:03 2903298                    /home/wangjing/.jdks/openjdk-21.0.2/lib/server/libjvm.so
77b676512000-77b676513000 ---p 01312000 08:03 2903298                    /home/wangjing/.jdks/openjdk-21.0.2/lib/server/libjvm.so
77b676513000-77b6765e0000 r--p 01312000 08:03 2903298                    /home/wangjing/.jdks/openjdk-21.0.2/lib/server/libjvm.so
77b6765e0000-77b67660e000 rw-p 013df000 08:03 2903298                    /home/wangjing/.jdks/openjdk-21.0.2/lib/server/libjvm.so
77b67660e000-77b676674000 rw-p 00000000 00:00 0 
77b676676000-77b676677000 r--p 00000000 08:03 3025900                    /home/wangjing/.javacpp/cache/llvm-13.0.1-1.5.7-linux-x86_64.jar/org/bytedeco/llvm/linux-x86_64/libRemarks.so.13
77b676677000-77b676678000 r-xp 00001000 08:03 3025900                    /home/wangjing/.javacpp/cache/llvm-13.0.1-1.5.7-linux-x86_64.jar/org/bytedeco/llvm/linux-x86_64/libRemarks.so.13
77b676678000-77b676679000 r--p 00002000 08:03 3025900                    /home/wangjing/.javacpp/cache/llvm-13.0.1-1.5.7-linux-x86_64.jar/org/bytedeco/llvm/linux-x86_64/libRemarks.so.13
77b676679000-77b67667a000 r--p 00002000 08:03 3025900                    /home/wangjing/.javacpp/cache/llvm-13.0.1-1.5.7-linux-x86_64.jar/org/bytedeco/llvm/linux-x86_64/libRemarks.so.13
77b67667a000-77b67667b000 rw-p 00003000 08:03 3025900                    /home/wangjing/.javacpp/cache/llvm-13.0.1-1.5.7-linux-x86_64.jar/org/bytedeco/llvm/linux-x86_64/libRemarks.so.13
77b67667b000-77b67667d000 r-xp 00000000 08:03 2903254                    /home/wangjing/.jdks/openjdk-21.0.2/lib/libextnet.so
77b67667d000-77b67667e000 r--p 00001000 08:03 2903254                    /home/wangjing/.jdks/openjdk-21.0.2/lib/libextnet.so
77b67667e000-77b67667f000 rw-p 00002000 08:03 2903254                    /home/wangjing/.jdks/openjdk-21.0.2/lib/libextnet.so
77b67667f000-77b676686000 r-xp 00000000 08:03 2903285                    /home/wangjing/.jdks/openjdk-21.0.2/lib/libzip.so
77b676686000-77b676687000 ---p 00007000 08:03 2903285                    /home/wangjing/.jdks/openjdk-21.0.2/lib/libzip.so
77b676687000-77b676688000 r--p 00007000 08:03 2903285                    /home/wangjing/.jdks/openjdk-21.0.2/lib/libzip.so
77b676688000-77b676689000 rw-p 00008000 08:03 2903285                    /home/wangjing/.jdks/openjdk-21.0.2/lib/libzip.so
77b676689000-77b676712000 rw-p 00000000 00:00 0 
77b676712000-77b676719000 ---p 00000000 00:00 0 
77b676719000-77b676727000 r--p 00000000 08:03 918405                     /usr/lib/x86_64-linux-gnu/libm.so.6
77b676727000-77b6767a3000 r-xp 0000e000 08:03 918405                     /usr/lib/x86_64-linux-gnu/libm.so.6
77b6767a3000-77b6767fe000 r--p 0008a000 08:03 918405                     /usr/lib/x86_64-linux-gnu/libm.so.6
77b6767fe000-77b6767ff000 r--p 000e4000 08:03 918405                     /usr/lib/x86_64-linux-gnu/libm.so.6
77b6767ff000-77b676800000 rw-p 000e5000 08:03 918405                     /usr/lib/x86_64-linux-gnu/libm.so.6
77b676800000-77b676828000 r--p 00000000 08:03 918327                     /usr/lib/x86_64-linux-gnu/libc.so.6
77b676828000-77b6769bd000 r-xp 00028000 08:03 918327                     /usr/lib/x86_64-linux-gnu/libc.so.6
77b6769bd000-77b676a15000 r--p 001bd000 08:03 918327                     /usr/lib/x86_64-linux-gnu/libc.so.6
77b676a15000-77b676a16000 ---p 00215000 08:03 918327                     /usr/lib/x86_64-linux-gnu/libc.so.6
77b676a16000-77b676a1a000 r--p 00215000 08:03 918327                     /usr/lib/x86_64-linux-gnu/libc.so.6
77b676a1a000-77b676a1c000 rw-p 00219000 08:03 918327                     /usr/lib/x86_64-linux-gnu/libc.so.6
77b676a1c000-77b676a29000 rw-p 00000000 00:00 0 
77b676a2c000-77b676a34000 rw-s 00000000 08:03 131140                     /tmp/hsperfdata_wangjing/31709
77b676a34000-77b676a54000 r-xp 00000000 08:03 2903261                    /home/wangjing/.jdks/openjdk-21.0.2/lib/libjava.so
77b676a54000-77b676a55000 ---p 00020000 08:03 2903261                    /home/wangjing/.jdks/openjdk-21.0.2/lib/libjava.so
77b676a55000-77b676a56000 r--p 00020000 08:03 2903261                    /home/wangjing/.jdks/openjdk-21.0.2/lib/libjava.so
77b676a56000-77b676a57000 rw-p 00021000 08:03 2903261                    /home/wangjing/.jdks/openjdk-21.0.2/lib/libjava.so
77b676a57000-77b676a58000 rw-p 00000000 00:00 0 
77b676a58000-77b676a73000 r-xp 00000000 08:03 2903265                    /home/wangjing/.jdks/openjdk-21.0.2/lib/libjimage.so
77b676a73000-77b676a74000 ---p 0001b000 08:03 2903265                    /home/wangjing/.jdks/openjdk-21.0.2/lib/libjimage.so
77b676a74000-77b676a76000 r--p 0001b000 08:03 2903265                    /home/wangjing/.jdks/openjdk-21.0.2/lib/libjimage.so
77b676a76000-77b676a77000 rw-p 0001d000 08:03 2903265                    /home/wangjing/.jdks/openjdk-21.0.2/lib/libjimage.so
77b676a77000-77b676a78000 r--p 00000000 08:03 918629                     /usr/lib/x86_64-linux-gnu/librt.so.1
77b676a78000-77b676a79000 r-xp 00001000 08:03 918629                     /usr/lib/x86_64-linux-gnu/librt.so.1
77b676a79000-77b676a7a000 r--p 00002000 08:03 918629                     /usr/lib/x86_64-linux-gnu/librt.so.1
77b676a7a000-77b676a7b000 r--p 00002000 08:03 918629                     /usr/lib/x86_64-linux-gnu/librt.so.1
77b676a7b000-77b676a7c000 rw-p 00003000 08:03 918629                     /usr/lib/x86_64-linux-gnu/librt.so.1
77b676a7c000-77b676a80000 rw-p 00000000 00:00 0 
77b676a80000-77b676a81000 r--p 00000000 08:03 918333                     /usr/lib/x86_64-linux-gnu/libdl.so.2
77b676a81000-77b676a82000 r-xp 00001000 08:03 918333                     /usr/lib/x86_64-linux-gnu/libdl.so.2
77b676a82000-77b676a83000 r--p 00002000 08:03 918333                     /usr/lib/x86_64-linux-gnu/libdl.so.2
77b676a83000-77b676a84000 r--p 00002000 08:03 918333                     /usr/lib/x86_64-linux-gnu/libdl.so.2
77b676a84000-77b676a85000 rw-p 00003000 08:03 918333                     /usr/lib/x86_64-linux-gnu/libdl.so.2
77b676a85000-77b676a86000 r--p 00000000 08:03 918461                     /usr/lib/x86_64-linux-gnu/libpthread.so.0
77b676a86000-77b676a87000 r-xp 00001000 08:03 918461                     /usr/lib/x86_64-linux-gnu/libpthread.so.0
77b676a87000-77b676a88000 r--p 00002000 08:03 918461                     /usr/lib/x86_64-linux-gnu/libpthread.so.0
77b676a88000-77b676a89000 r--p 00002000 08:03 918461                     /usr/lib/x86_64-linux-gnu/libpthread.so.0
77b676a89000-77b676a8a000 rw-p 00003000 08:03 918461                     /usr/lib/x86_64-linux-gnu/libpthread.so.0
77b676a8a000-77b676a98000 r-xp 00000000 08:03 2903266                    /home/wangjing/.jdks/openjdk-21.0.2/lib/libjli.so
77b676a98000-77b676a99000 ---p 0000e000 08:03 2903266                    /home/wangjing/.jdks/openjdk-21.0.2/lib/libjli.so
77b676a99000-77b676a9a000 r--p 0000e000 08:03 2903266                    /home/wangjing/.jdks/openjdk-21.0.2/lib/libjli.so
77b676a9a000-77b676a9b000 rw-p 0000f000 08:03 2903266                    /home/wangjing/.jdks/openjdk-21.0.2/lib/libjli.so
77b676a9b000-77b676a9d000 r--p 00000000 08:03 917955                     /usr/lib/x86_64-linux-gnu/libz.so.1.2.11
77b676a9d000-77b676aae000 r-xp 00002000 08:03 917955                     /usr/lib/x86_64-linux-gnu/libz.so.1.2.11
77b676aae000-77b676ab4000 r--p 00013000 08:03 917955                     /usr/lib/x86_64-linux-gnu/libz.so.1.2.11
77b676ab4000-77b676ab5000 ---p 00019000 08:03 917955                     /usr/lib/x86_64-linux-gnu/libz.so.1.2.11
77b676ab5000-77b676ab6000 r--p 00019000 08:03 917955                     /usr/lib/x86_64-linux-gnu/libz.so.1.2.11
77b676ab6000-77b676ab7000 rw-p 0001a000 08:03 917955                     /usr/lib/x86_64-linux-gnu/libz.so.1.2.11
77b676aba000-77b676ac4000 r-xp 00000000 08:03 2903256                    /home/wangjing/.jdks/openjdk-21.0.2/lib/libinstrument.so
77b676ac4000-77b676ac5000 ---p 0000a000 08:03 2903256                    /home/wangjing/.jdks/openjdk-21.0.2/lib/libinstrument.so
77b676ac5000-77b676ac6000 r--p 0000a000 08:03 2903256                    /home/wangjing/.jdks/openjdk-21.0.2/lib/libinstrument.so
77b676ac6000-77b676ac7000 rw-p 0000b000 08:03 2903256                    /home/wangjing/.jdks/openjdk-21.0.2/lib/libinstrument.so
77b676ac7000-77b676ac8000 ---p 00000000 00:00 0 
77b676ac8000-77b676ac9000 r--p 00000000 00:00 0 
77b676ac9000-77b676acb000 rw-p 00000000 00:00 0 
77b676acb000-77b676acd000 r--p 00000000 08:03 917666                     /usr/lib/x86_64-linux-gnu/ld-linux-x86-64.so.2
77b676acd000-77b676af7000 r-xp 00002000 08:03 917666                     /usr/lib/x86_64-linux-gnu/ld-linux-x86-64.so.2
77b676af7000-77b676b02000 r--p 0002c000 08:03 917666                     /usr/lib/x86_64-linux-gnu/ld-linux-x86-64.so.2
77b676b02000-77b676b03000 ---p 00000000 00:00 0 
77b676b03000-77b676b05000 r--p 00037000 08:03 917666                     /usr/lib/x86_64-linux-gnu/ld-linux-x86-64.so.2
77b676b05000-77b676b07000 rw-p 00039000 08:03 917666                     /usr/lib/x86_64-linux-gnu/ld-linux-x86-64.so.2
7ffe4eaa2000-7ffe4eac3000 rw-p 00000000 00:00 0                          [stack]
7ffe4eb38000-7ffe4eb3c000 r--p 00000000 00:00 0                          [vvar]
7ffe4eb3c000-7ffe4eb3e000 r-xp 00000000 00:00 0                          [vdso]
ffffffffff600000-ffffffffff601000 --xp 00000000 00:00 0                  [vsyscall]
Total number of mappings: 235


VM Arguments:
jvm_args: -javaagent:/opt/idea/idea-IU-233.14475.28/lib/idea_rt.jar=40807:/opt/idea/idea-IU-233.14475.28/bin -Dfile.encoding=UTF-8 -Dsun.stdout.encoding=UTF-8 -Dsun.stderr.encoding=UTF-8 
java_command: Main ./tests/test1.sysy output.ll
java_class_path (initial): /home/wangjing/Lab/target/classes:/usr/local/lib/javacpp-1.5.7.jar:/usr/local/lib/llvm-13.0.1-1.5.7.jar:/usr/local/lib/antlr-4.9.1-complete.jar:/usr/local/lib/javacpp-1.5.7-linux-x86_64.jar:/usr/local/lib/llvm-platform-13.0.1-1.5.7.jar:/usr/local/lib/llvm-13.0.1-1.5.7-linux-x86_64.jar
Launcher Type: SUN_STANDARD

[Global flags]
     intx CICompilerCount                          = 2                                         {product} {ergonomic}
     uint ConcGCThreads                            = 1                                         {product} {ergonomic}
     uint G1ConcRefinementThreads                  = 2                                         {product} {ergonomic}
   size_t G1HeapRegionSize                         = 2097152                                   {product} {ergonomic}
    uintx GCDrainStackTargetSize                   = 64                                        {product} {ergonomic}
   size_t InitialHeapSize                          = 262144000                                 {product} {ergonomic}
   size_t MarkStackSize                            = 4194304                                   {product} {ergonomic}
   size_t MaxHeapSize                              = 4181721088                                {product} {ergonomic}
   size_t MaxNewSize                               = 2508193792                                {product} {ergonomic}
   size_t MinHeapDeltaBytes                        = 2097152                                   {product} {ergonomic}
   size_t MinHeapSize                              = 8388608                                   {product} {ergonomic}
    uintx NonNMethodCodeHeapSize                   = 5826188                                {pd product} {ergonomic}
    uintx NonProfiledCodeHeapSize                  = 122916026                              {pd product} {ergonomic}
    uintx ProfiledCodeHeapSize                     = 122916026                              {pd product} {ergonomic}
    uintx ReservedCodeCacheSize                    = 251658240                              {pd product} {ergonomic}
     bool SegmentedCodeCache                       = true                                      {product} {ergonomic}
   size_t SoftMaxHeapSize                          = 4181721088                             {manageable} {ergonomic}
     bool UseCompressedOops                        = true                           {product lp64_product} {ergonomic}
     bool UseG1GC                                  = true                                      {product} {ergonomic}

Logging:
Log output configuration:
 #0: stdout all=warning uptime,level,tags foldmultilines=false
 #1: stderr all=off uptime,level,tags foldmultilines=false

Environment Variables:
PATH=/usr/local/sbin:/usr/local/bin:/usr/sbin:/usr/bin:/sbin:/bin:/usr/games:/usr/local/games:/snap/bin:/snap/bin
USERNAME=wangjing
SHELL=/bin/bash
DISPLAY=:0
LANG=en_US.UTF-8
LC_NUMERIC=zh_CN.UTF-8
LC_TIME=zh_CN.UTF-8

Active Locale:
LC_ALL=LC_CTYPE=en_US.UTF-8;LC_NUMERIC=zh_CN.UTF-8;LC_TIME=zh_CN.UTF-8;LC_COLLATE=en_US.UTF-8;LC_MONETARY=zh_CN.UTF-8;LC_MESSAGES=en_US.UTF-8;LC_PAPER=zh_CN.UTF-8;LC_NAME=zh_CN.UTF-8;LC_ADDRESS=zh_CN.UTF-8;LC_TELEPHONE=zh_CN.UTF-8;LC_MEASUREMENT=zh_CN.UTF-8;LC_IDENTIFICATION=zh_CN.UTF-8
LC_COLLATE=en_US.UTF-8
LC_CTYPE=en_US.UTF-8
LC_MESSAGES=en_US.UTF-8
LC_MONETARY=zh_CN.UTF-8
LC_NUMERIC=zh_CN.UTF-8
LC_TIME=zh_CN.UTF-8

Signal Handlers:
   SIGSEGV: crash_handler in libjvm.so, mask=11100100010111111101111111111110, flags=SA_RESTART|SA_SIGINFO, unblocked
    SIGBUS: crash_handler in libjvm.so, mask=11100100010111111101111111111110, flags=SA_RESTART|SA_SIGINFO, unblocked
    SIGFPE: crash_handler in libjvm.so, mask=11100100010111111101111111111110, flags=SA_RESTART|SA_SIGINFO, unblocked
   SIGPIPE: javaSignalHandler in libjvm.so, mask=11100100010111111101111111111110, flags=SA_RESTART|SA_SIGINFO, blocked
   SIGXFSZ: javaSignalHandler in libjvm.so, mask=11100100010111111101111111111110, flags=SA_RESTART|SA_SIGINFO, blocked
    SIGILL: crash_handler in libjvm.so, mask=11100100010111111101111111111110, flags=SA_RESTART|SA_SIGINFO, unblocked
   SIGUSR2: SR_handler in libjvm.so, mask=00100000000000000000000000000000, flags=SA_RESTART|SA_SIGINFO, blocked
    SIGHUP: UserHandler in libjvm.so, mask=11100100010111111101111111111110, flags=SA_RESTART|SA_SIGINFO, blocked
    SIGINT: UserHandler in libjvm.so, mask=11100100010111111101111111111110, flags=SA_RESTART|SA_SIGINFO, blocked
   SIGTERM: UserHandler in libjvm.so, mask=11100100010111111101111111111110, flags=SA_RESTART|SA_SIGINFO, blocked
   SIGQUIT: UserHandler in libjvm.so, mask=11100100010111111101111111111110, flags=SA_RESTART|SA_SIGINFO, blocked
   SIGTRAP: crash_handler in libjvm.so, mask=11100100010111111101111111111110, flags=SA_RESTART|SA_SIGINFO, unblocked


Periodic native trim disabled

---------------  S Y S T E M  ---------------

OS:
DISTRIB_ID=Ubuntu
DISTRIB_RELEASE=22.04
DISTRIB_CODENAME=jammy
DISTRIB_DESCRIPTION="Ubuntu 22.04.4 LTS"
uname: Linux 6.5.0-35-generic #35~22.04.1-Ubuntu SMP PREEMPT_DYNAMIC Tue May  7 09:00:52 UTC 2 x86_64
OS uptime: 0 days 5:15 hours
libc: glibc 2.35 NPTL 2.35 
rlimit (soft/hard): STACK 8192k/infinity , CORE 0k/infinity , NPROC 63495/63495 , NOFILE 1048576/1048576 , AS infinity/infinity , CPU infinity/infinity , DATA infinity/infinity , FSIZE infinity/infinity , MEMLOCK 2041424k/2041424k
load average: 0.73 0.76 0.68

/proc/meminfo:
MemTotal:       16331420 kB
MemFree:         2280644 kB
MemAvailable:    9492904 kB
Buffers:          192208 kB
Cached:          7148884 kB
SwapCached:            0 kB
Active:          7821108 kB
Inactive:        5053048 kB
Active(anon):    5609456 kB
Inactive(anon):        0 kB
Active(file):    2211652 kB
Inactive(file):  5053048 kB
Unevictable:           0 kB
Mlocked:               0 kB
SwapTotal:       2097148 kB
SwapFree:        2097148 kB
Zswap:                 0 kB
Zswapped:              0 kB
Dirty:              4244 kB
Writeback:            24 kB
AnonPages:       5533088 kB
Mapped:          1429184 kB
Shmem:             76392 kB
KReclaimable:     284852 kB
Slab:             465756 kB
SReclaimable:     284852 kB
SUnreclaim:       180904 kB
KernelStack:       16476 kB
PageTables:        38892 kB
SecPageTables:         0 kB
NFS_Unstable:          0 kB
Bounce:                0 kB
WritebackTmp:          0 kB
CommitLimit:    10262856 kB
Committed_AS:    9361068 kB
VmallocTotal:   34359738367 kB
VmallocUsed:       46104 kB
VmallocChunk:          0 kB
Percpu:           110592 kB
HardwareCorrupted:     0 kB
AnonHugePages:         0 kB
ShmemHugePages:        0 kB
ShmemPmdMapped:        0 kB
FileHugePages:         0 kB
FilePmdMapped:         0 kB
Unaccepted:            0 kB
HugePages_Total:       0
HugePages_Free:        0
HugePages_Rsvd:        0
HugePages_Surp:        0
Hugepagesize:       2048 kB
Hugetlb:               0 kB
DirectMap4k:      159552 kB
DirectMap2M:     5083136 kB
DirectMap1G:    13631488 kB

/sys/kernel/mm/transparent_hugepage/enabled: always [madvise] never
/sys/kernel/mm/transparent_hugepage/defrag (defrag/compaction efforts parameter): always defer defer+madvise [madvise] never

Process Memory:
Virtual Size: 6887720K (peak: 6887720K)
Resident Set Size: 118652K (peak: 118652K) (anon: 67568K, file: 51084K, shmem: 0K)
Swapped out: 0K
C-Heap outstanding allocations: 36984K, retained: 2319K
glibc malloc tunables: (default)

/proc/sys/kernel/threads-max (system-wide limit on the number of threads): 126990
/proc/sys/vm/max_map_count (maximum number of memory map areas a process may have): 65530
/proc/sys/kernel/pid_max (system-wide limit on number of process identifiers): 4194304

container (cgroup) information:
container_type: cgroupv2
cpu_cpuset_cpus: not supported
cpu_memory_nodes: not supported
active_processor_count: 2
cpu_quota: not supported
cpu_period: not supported
cpu_shares: not supported
memory_limit_in_bytes: unlimited
memory_and_swap_limit_in_bytes: unlimited
memory_soft_limit_in_bytes: unlimited
memory_usage_in_bytes: 5676012 k
memory_max_usage_in_bytes: not supported
memory_swap_current_in_bytes: unlimited
memory_swap_max_limit_in_bytes: unlimited
maximum number of tasks: 19048
current number of tasks: 164

VMWare virtualization detected
Steal ticks since vm start: 0
Steal ticks percentage since vm start:  0.000

CPU: total 2 (initial active 2) (1 cores per cpu, 1 threads per core) family 25 model 116 stepping 1 microcode 0xffffffff, cx8, cmov, fxsr, mmx, sse, sse2, sse3, ssse3, sse4a, sse4.1, sse4.2, popcnt, lzcnt, tsc, tscinvbit, avx, avx2, aes, erms, clmul, bmi1, bmi2, adx, avx512f, avx512dq, avx512cd, avx512bw, avx512vl, sha, fma, vzeroupper, avx512_vpopcntdq, avx512_vpclmulqdq, avx512_vaes, avx512_vnni, clflush, clflushopt, avx512_vbmi2, avx512_vbmi, hv, rdtscp, rdpid, gfni, avx512_bitalg, f16c, avx512_ifma
CPU Model and flags from /proc/cpuinfo:
model name	: AMD Ryzen 7 7840HS with Radeon 780M Graphics
flags		: fpu vme de pse tsc msr pae mce cx8 apic sep mtrr pge mca cmov pat pse36 clflush mmx fxsr sse sse2 syscall nx mmxext pdpe1gb rdtscp lm constant_tsc rep_good nopl tsc_reliable nonstop_tsc cpuid extd_apicid tsc_known_freq pni pclmulqdq ssse3 fma cx16 sse4_1 sse4_2 x2apic movbe popcnt aes xsave avx f16c rdrand hypervisor lahf_lm cr8_legacy abm sse4a misalignsse 3dnowprefetch osvw topoext ibpb vmmcall fsgsbase bmi1 avx2 smep bmi2 erms invpcid avx512f avx512dq rdseed adx smap avx512ifma clflushopt clwb avx512cd sha_ni avx512bw avx512vl xsaveopt xsavec xgetbv1 xsaves avx512_bf16 clzero arat avx512vbmi umip avx512_vbmi2 gfni vaes vpclmulqdq avx512_vnni avx512_bitalg avx512_vpopcntdq rdpid overflow_recov succor

Online cpus: 0-1
Offline cpus: 2-127
BIOS frequency limitation: <Not Available>
Frequency switch latency (ns): <Not Available>
Available cpu frequencies: <Not Available>
Current governor: <Not Available>
Core performance/turbo boost: <Not Available>

Memory: 4k page, physical 16331420k(9492652k free), swap 2097148k(2097148k free)
Page Sizes: 4k

vm_info: OpenJDK 64-Bit Server VM (21.0.2+13-58) for linux-amd64 JRE (21.0.2+13-58), built on 2024-01-05T18:32:24Z by "mach5one" with gcc 11.2.0

END.
