#
# A fatal error has been detected by the Java Runtime Environment:
#
#  SIGSEGV (0xb) at pc=0x00007ede8dfede80, pid=31817, tid=31818
#
# JRE version: OpenJDK Runtime Environment (21.0.2+13) (build 21.0.2+13-58)
# Java VM: OpenJDK 64-Bit Server VM (21.0.2+13-58, mixed mode, sharing, tiered, compressed oops, compressed class ptrs, g1 gc, linux-amd64)
# Problematic frame:
# C  [libLLVM-13.so+0xbede80]  llvm::BasicBlock::getModule() const+0x0
#
# Core dump will be written. Default location: Core dumps may be processed with "/usr/share/apport/apport -p%p -s%s -c%c -d%d -P%P -u%u -g%g -- %E" (or dumping to /home/wangjing/Lab/core.31817)
#
# If you would like to submit a bug report, please visit:
#   https://bugreport.java.com/bugreport/crash.jsp
# The crash happened outside the Java Virtual Machine in native code.
# See problematic frame for where to report the bug.
#

---------------  S U M M A R Y ------------

Command Line: -agentlib:jdwp=transport=dt_socket,address=127.0.0.1:57983,suspend=y,server=n -javaagent:/opt/idea/idea-IU-233.14475.28/plugins/java/lib/rt/debugger-agent.jar -Dfile.encoding=UTF-8 -Dsun.stdout.encoding=UTF-8 -Dsun.stderr.encoding=UTF-8 Main ./tests/test1.sysy output.ll

Host: AMD Ryzen 7 7840HS with Radeon 780M Graphics, 2 cores, 15G, Ubuntu 22.04.4 LTS
Time: Thu May 30 14:03:32 2024 CST elapsed time: 7.401281 seconds (0d 0h 0m 7s)

---------------  T H R E A D  ---------------

Current thread (0x00007edf3402caa0):  JavaThread "main"             [_thread_in_native, id=31818, stack(0x00007edf38100000,0x00007edf38200000) (1024K)]

Stack: [0x00007edf38100000,0x00007edf38200000],  sp=0x00007edf381fd8f8,  free space=1014k
Native frames: (J=compiled Java code, j=interpreted, Vv=VM code, C=native code)
C  [libLLVM-13.so+0xbede80]  llvm::BasicBlock::getModule() const+0x0
Java frames: (J=compiled Java code, j=interpreted, Vv=VM code)
j  org.bytedeco.llvm.global.LLVM.LLVMBuildLoad(Lorg/bytedeco/llvm/LLVM/LLVMBuilderRef;Lorg/bytedeco/llvm/LLVM/LLVMValueRef;Ljava/lang/String;)Lorg/bytedeco/llvm/LLVM/LLVMValueRef;+0
j  MyVisitor.visitLVal(LSysYParser$LValContext;)Lorg/bytedeco/llvm/LLVM/LLVMValueRef;+31
j  MyVisitor.visitLVal(LSysYParser$LValContext;)Ljava/lang/Object;+2
j  SysYParser$LValContext.accept(Lorg/antlr/v4/runtime/tree/ParseTreeVisitor;)Ljava/lang/Object;+12
j  org.antlr.v4.runtime.tree.AbstractParseTreeVisitor.visitChildren(Lorg/antlr/v4/runtime/tree/RuleNode;)Ljava/lang/Object;+46
j  SysYParserBaseVisitor.visitExp2(LSysYParser$Exp2Context;)Ljava/lang/Object;+2
j  MyVisitor.visitExp2(LSysYParser$Exp2Context;)Lorg/bytedeco/llvm/LLVM/LLVMValueRef;+2
j  MyVisitor.visitExp2(LSysYParser$Exp2Context;)Ljava/lang/Object;+2
j  SysYParser$Exp2Context.accept(Lorg/antlr/v4/runtime/tree/ParseTreeVisitor;)Ljava/lang/Object;+12
j  org.antlr.v4.runtime.tree.AbstractParseTreeVisitor.visitChildren(Lorg/antlr/v4/runtime/tree/RuleNode;)Ljava/lang/Object;+46
j  SysYParserBaseVisitor.visitConstExp(LSysYParser$ConstExpContext;)Ljava/lang/Object;+2
j  SysYParser$ConstExpContext.accept(Lorg/antlr/v4/runtime/tree/ParseTreeVisitor;)Ljava/lang/Object;+12
j  org.antlr.v4.runtime.tree.AbstractParseTreeVisitor.visitChildren(Lorg/antlr/v4/runtime/tree/RuleNode;)Ljava/lang/Object;+46
j  SysYParserBaseVisitor.visitConstInitVal(LSysYParser$ConstInitValContext;)Ljava/lang/Object;+2
j  SysYParser$ConstInitValContext.accept(Lorg/antlr/v4/runtime/tree/ParseTreeVisitor;)Ljava/lang/Object;+12
j  org.antlr.v4.runtime.tree.AbstractParseTreeVisitor.visit(Lorg/antlr/v4/runtime/tree/ParseTree;)Ljava/lang/Object;+2
j  MyVisitor.visit(Lorg/antlr/v4/runtime/tree/ParseTree;)Lorg/bytedeco/llvm/LLVM/LLVMValueRef;+2
j  MyVisitor.visitConstDef(LSysYParser$ConstDefContext;)Lorg/bytedeco/llvm/LLVM/LLVMValueRef;+52
j  MyVisitor.visitConstDef(LSysYParser$ConstDefContext;)Ljava/lang/Object;+2
j  SysYParser$ConstDefContext.accept(Lorg/antlr/v4/runtime/tree/ParseTreeVisitor;)Ljava/lang/Object;+12
j  org.antlr.v4.runtime.tree.AbstractParseTreeVisitor.visitChildren(Lorg/antlr/v4/runtime/tree/RuleNode;)Ljava/lang/Object;+46
j  SysYParserBaseVisitor.visitConstDecl(LSysYParser$ConstDeclContext;)Ljava/lang/Object;+2
j  SysYParser$ConstDeclContext.accept(Lorg/antlr/v4/runtime/tree/ParseTreeVisitor;)Ljava/lang/Object;+12
j  org.antlr.v4.runtime.tree.AbstractParseTreeVisitor.visitChildren(Lorg/antlr/v4/runtime/tree/RuleNode;)Ljava/lang/Object;+46
j  SysYParserBaseVisitor.visitDecl(LSysYParser$DeclContext;)Ljava/lang/Object;+2
j  SysYParser$DeclContext.accept(Lorg/antlr/v4/runtime/tree/ParseTreeVisitor;)Ljava/lang/Object;+12
j  org.antlr.v4.runtime.tree.AbstractParseTreeVisitor.visitChildren(Lorg/antlr/v4/runtime/tree/RuleNode;)Ljava/lang/Object;+46
j  SysYParserBaseVisitor.visitCompUnit(LSysYParser$CompUnitContext;)Ljava/lang/Object;+2
j  MyVisitor.visitCompUnit(LSysYParser$CompUnitContext;)Lorg/bytedeco/llvm/LLVM/LLVMValueRef;+2
j  MyVisitor.visitProgram(LSysYParser$ProgramContext;)Lorg/bytedeco/llvm/LLVM/LLVMValueRef;+48
j  MyVisitor.visitProgram(LSysYParser$ProgramContext;)Ljava/lang/Object;+2
j  SysYParser$ProgramContext.accept(Lorg/antlr/v4/runtime/tree/ParseTreeVisitor;)Ljava/lang/Object;+12
j  org.antlr.v4.runtime.tree.AbstractParseTreeVisitor.visit(Lorg/antlr/v4/runtime/tree/ParseTree;)Ljava/lang/Object;+2
j  MyVisitor.visit(Lorg/antlr/v4/runtime/tree/ParseTree;)Lorg/bytedeco/llvm/LLVM/LLVMValueRef;+2
j  Main.main([Ljava/lang/String;)V+73
v  ~StubRoutines::call_stub 0x00007edf23538cc6

siginfo: si_signo: 11 (SIGSEGV), si_code: 1 (SEGV_MAPERR), si_addr: 0x0000000000000038

Registers:
RAX=0x00007edf3443aed0, RBX=0x00007edf3443c310, RCX=0x00007edf3402ca78, RDX=0x00007ede940f6390
RSP=0x00007edf381fd8f8, RBP=0x00007edf3443a3b0, RSI=0x0000000000000101, RDI=0x0000000000000000
R8 =0x0000000715bd8bf0, R9 =0x0000000000000002, R10=0x00007ede8d451700, R11=0x00007ede8e02c870
R12=0x00007edf381fda50, R13=0x00007edf3443c310, R14=0x00007edf34438318, R15=0x00007edf3402caa0
RIP=0x00007ede8dfede80, EFLAGS=0x0000000000010206, CSGSFS=0x002b000000000033, ERR=0x0000000000000004
  TRAPNO=0x000000000000000e


Register to memory mapping:

RAX=0x00007edf3443aed0 points into unknown readable memory: 0x00007edf34437b90 | 90 7b 43 34 df 7e 00 00
RBX=0x00007edf3443c310 points into unknown readable memory: 0x00007edf3443aed0 | d0 ae 43 34 df 7e 00 00
RCX=0x00007edf3402ca78 points into unknown readable memory: 0x6761726f7453706f | 6f 70 53 74 6f 72 61 67
RDX=0x00007ede940f6390 points into unknown readable memory: 0x00007ed94de90078 | 78 00 e9 4d d9 7e 00 00
RSP=0x00007edf381fd8f8 is pointing into the stack for thread: 0x00007edf3402caa0
RBP=0x00007edf3443a3b0 points into unknown readable memory: 0x00007edf3443a3c0 | c0 a3 43 34 df 7e 00 00
RSI=0x0000000000000101 is an unknown value
RDI=0x0 is null
R8 =
[error occurred during error reporting (printing register info), id 0xb, SIGSEGV (0xb) at pc=0x00007edf38998ab3]
R9 =0x0000000000000002 is an unknown value
R10=0x00007ede8d451700: <offset 0x0000000000051700> in /home/wangjing/.javacpp/cache/llvm-13.0.1-1.5.7-linux-x86_64.jar/org/bytedeco/llvm/linux-x86_64/libLLVM-13.so at 0x00007ede8d400000
R11=0x00007ede8e02c870: LLVMBuildLoad+0x0000000000000000 in /home/wangjing/.javacpp/cache/llvm-13.0.1-1.5.7-linux-x86_64.jar/org/bytedeco/llvm/linux-x86_64/libLLVM-13.so at 0x00007ede8d400000
R12=0x00007edf381fda50 is pointing into the stack for thread: 0x00007edf3402caa0
R13=0x00007edf3443c310 points into unknown readable memory: 0x00007edf3443aed0 | d0 ae 43 34 df 7e 00 00
R14=0x00007edf34438318 points into unknown readable memory: 0x00007edf34437b90 | 90 7b 43 34 df 7e 00 00
R15=0x00007edf3402caa0 is a thread

Top of Stack: (sp=0x00007edf381fd8f8)
0x00007edf381fd8f8:   00007ede8e02c8aa 00007ede940f6390
0x00007edf381fd908:   0000000000000000 0000000000000000
0x00007edf381fd918:   0000000000000000 0000000000000103
0x00007edf381fd928:   0000000000000000 0000000000000000
0x00007edf381fd938:   0000000000000000 00007edf381fda48
0x00007edf381fd948:   00007edf3402caa0 00007edf3402ce58
0x00007edf381fd958:   00007edebe566fa1 00007edf3443c310
0x00007edf381fd968:   00007edf3402ce58 00007edf381fda50
0x00007edf381fd978:   00007edf3443a3b0 00007ede940f6390
0x00007edf381fd988:   00007edebe57d8dc 00007edeb4556f98
0x00007edf381fd998:   00007edf381fda28 0000000000000000
0x00007edf381fd9a8:   00007edeb4556f98 00007edf381fda58
0x00007edf381fd9b8:   00007edf23547c0d 00007edf381fda28
0x00007edf381fd9c8:   00007edf2354780d 0000000000000000
0x00007edf381fd9d8:   00007edf235477d8 00007edf381fd9e0
0x00007edf381fd9e8:   00007edeb4556f98 0000000000000006
0x00007edf381fd9f8:   00007edeb458e840 0000000000000000
0x00007edf381fda08:   0000000715d71b50 00007edeb4556f98
0x00007edf381fda18:   0000000000000000 00007edf381fda48
0x00007edf381fda28:   00007edf381fdaa8 00007edf23540cb5
0x00007edf381fda38:   0000000715d71b50 00007edf23543e5a
0x00007edf381fda48:   0000000715bd8a28 0000000715bb6a08
0x00007edf381fda58:   0000000715bb4e40 00007edf381fda60
0x00007edf381fda68:   00007edeb451c8cf 0000000000000004
0x00007edf381fda78:   00007edeb4524e10 0000000000000000
0x00007edf381fda88:   0000000715d33cb8 00007edeb451c900
0x00007edf381fda98:   00007edf381fda48 00007edf381fdac0
0x00007edf381fdaa8:   00007edf381fdb18 00007edf23540cb5
0x00007edf381fdab8:   0000000715bb6a08 0000000715cdf730
0x00007edf381fdac8:   0000000715d3a948 00007edf381fdad0
0x00007edf381fdad8:   00007edeb451ca52 0000000000000003
0x00007edf381fdae8:   00007edeb4524e10 0000000000000000 

Instructions: (pc=0x00007ede8dfede80)
0x00007ede8dfedd80:   ff 66 0f ef c0 48 89 02 48 89 50 08 41 0f 11 45
0x00007ede8dfedd90:   00 e8 5a 4b 17 00 4c 39 f3 75 c5 4d 8b 6c 24 30
0x00007ede8dfedda0:   4c 39 ed 74 3b 0f 1f 00 4c 89 eb 48 89 ef 4d 8b
0x00007ede8dfeddb0:   6d 08 4c 8d 73 e8 4c 89 f6 e8 42 fd ff ff 48 8b
0x00007ede8dfeddc0:   03 48 8b 53 08 66 0f ef c9 4c 89 f7 48 89 02 48
0x00007ede8dfeddd0:   89 50 08 0f 11 0b e8 15 4b 17 00 4c 39 ed 75 c8
0x00007ede8dfedde0:   48 83 c4 08 4c 89 e7 5b 5d 41 5c 41 5d 41 5e 41
0x00007ede8dfeddf0:   5f e9 fa 48 17 00 66 2e 0f 1f 84 00 00 00 00 00
0x00007ede8dfede00:   48 8d 4b e8 48 89 c8 48 29 d0 e9 11 ff ff ff 90
0x00007ede8dfede10:   48 8b 07 48 8b 38 e8 45 13 16 00 31 d2 be 01 00
0x00007ede8dfede20:   00 00 48 89 c7 e8 b6 2a 02 00 48 89 c3 49 8b 44
0x00007ede8dfede30:   24 08 48 85 c0 0f 84 a2 fe ff ff 0f 1f 44 00 00
0x00007ede8dfede40:   48 8b 68 18 31 d2 48 89 df 48 8b 75 00 e8 ae bc
0x00007ede8dfede50:   02 00 48 89 ef 48 89 c6 e8 63 65 17 00 48 89 ef
0x00007ede8dfede60:   e8 4b 81 02 00 49 8b 44 24 08 48 85 c0 75 d1 e9
0x00007ede8dfede70:   69 fe ff ff 66 2e 0f 1f 84 00 00 00 00 00 66 90
0x00007ede8dfede80:   48 8b 47 38 48 8b 40 28 c3 0f 1f 80 00 00 00 00
0x00007ede8dfede90:   48 8b 47 28 48 83 c7 28 48 39 f8 74 2b 48 85 c0
0x00007ede8dfedea0:   0f 84 9e 9d d3 ff 4c 8d 40 e8 0f b6 40 f8 83 e8
0x00007ede8dfedeb0:   1b 83 f8 0b b8 00 00 00 00 4c 0f 43 c0 4c 89 c0
0x00007ede8dfedec0:   c3 0f 1f 80 00 00 00 00 45 31 c0 eb f0 0f 1f 00
0x00007ede8dfeded0:   48 8b 47 28 48 8d 57 28 48 39 d0 0f 84 af 00 00
0x00007ede8dfedee0:   00 48 85 c0 0f 84 64 9d d3 ff 45 31 c0 80 78 f8
0x00007ede8dfedef0:   1b 75 23 48 8b 57 30 48 8d 48 e8 48 85 d2 74 09
0x00007ede8dfedf00:   48 83 ea 18 48 39 d1 74 0d 48 8b 50 10 45 31 c0
0x00007ede8dfedf10:   48 39 42 30 75 0a 4c 89 c0 c3 66 0f 1f 44 00 00
0x00007ede8dfedf20:   4c 8b 00 4d 85 c0 74 ee 8b 50 fc 49 8d 48 e8 81
0x00007ede8dfedf30:   e2 ff ff ff 07 74 3e 89 d2 48 f7 da 48 c1 e2 05
0x00007ede8dfedf40:   48 8b 44 10 e8 48 85 c0 74 2b 48 39 c1 75 41 41
0x00007ede8dfedf50:   80 78 f8 4b 75 1f 49 8b 40 10 4c 39 40 30 74 30
0x00007ede8dfedf60:   49 8b 48 c8 4d 8b 00 4d 85 c0 74 aa 49 83 e8 18
0x00007ede8dfedf70:   4c 39 c1 75 1b 45 31 c0 80 79 10 52 75 98 0f b7 


Stack slot to memory mapping:

stack at sp + 0 slots: 0x00007ede8e02c8aa: LLVMBuildLoad+0x000000000000003a in /home/wangjing/.javacpp/cache/llvm-13.0.1-1.5.7-linux-x86_64.jar/org/bytedeco/llvm/linux-x86_64/libLLVM-13.so at 0x00007ede8d400000
stack at sp + 1 slots: 0x00007ede940f6390 points into unknown readable memory: 0x00007ed94de90078 | 78 00 e9 4d d9 7e 00 00
stack at sp + 2 slots: 0x0 is null
stack at sp + 3 slots: 0x0 is null
stack at sp + 4 slots: 0x0 is null
stack at sp + 5 slots: 0x0000000000000103 is an unknown value
stack at sp + 6 slots: 0x0 is null
stack at sp + 7 slots: 0x0 is null


---------------  P R O C E S S  ---------------

Threads class SMR info:
_java_thread_list=0x00007edf3425bc30, length=14, elements={
0x00007edf3402caa0, 0x00007edf34152840, 0x00007edf34153e90, 0x00007edf34155970,
0x00007edf34156fb0, 0x00007edf34158550, 0x00007edf3415a090, 0x00007edf3415b750,
0x00007edf341a5bb0, 0x00007edf341f32c0, 0x00007edf342070c0, 0x00007ede980576a0,
0x00007edf34223310, 0x00007edf3425aee0
}

Java Threads: ( => current thread )
=>0x00007edf3402caa0 JavaThread "main"                              [_thread_in_native, id=31818, stack(0x00007edf38100000,0x00007edf38200000) (1024K)]
  0x00007edf34152840 JavaThread "Reference Handler"          daemon [_thread_blocked, id=31834, stack(0x00007edf14636000,0x00007edf14736000) (1024K)]
  0x00007edf34153e90 JavaThread "Finalizer"                  daemon [_thread_blocked, id=31835, stack(0x00007edf14536000,0x00007edf14636000) (1024K)]
  0x00007edf34155970 JavaThread "Signal Dispatcher"          daemon [_thread_blocked, id=31836, stack(0x00007edf14436000,0x00007edf14536000) (1024K)]
  0x00007edf34156fb0 JavaThread "Service Thread"             daemon [_thread_blocked, id=31837, stack(0x00007edf14336000,0x00007edf14436000) (1024K)]
  0x00007edf34158550 JavaThread "Monitor Deflation Thread"   daemon [_thread_blocked, id=31838, stack(0x00007edf14236000,0x00007edf14336000) (1024K)]
  0x00007edf3415a090 JavaThread "C2 CompilerThread0"         daemon [_thread_blocked, id=31839, stack(0x00007edf14136000,0x00007edf14236000) (1024K)]
  0x00007edf3415b750 JavaThread "C1 CompilerThread0"         daemon [_thread_blocked, id=31840, stack(0x00007edf14036000,0x00007edf14136000) (1024K)]
  0x00007edf341a5bb0 JavaThread "Common-Cleaner"             daemon [_thread_blocked, id=31842, stack(0x00007edebee30000,0x00007edebef30000) (1024K)]
  0x00007edf341f32c0 JavaThread "JDWP Transport Listener: dt_socket" daemon [_thread_blocked, id=31844, stack(0x00007edebed30000,0x00007edebee30000) (1024K)]
  0x00007edf342070c0 JavaThread "JDWP Event Helper Thread"   daemon [_thread_blocked, id=31845, stack(0x00007edebec30000,0x00007edebed30000) (1024K)]
  0x00007ede980576a0 JavaThread "JDWP Command Reader"        daemon [_thread_in_native, id=31847, stack(0x00007edebeb30000,0x00007edebec30000) (1024K)]
  0x00007edf34223310 JavaThread "Notification Thread"        daemon [_thread_blocked, id=31849, stack(0x00007edebea30000,0x00007edebeb30000) (1024K)]
  0x00007edf3425aee0 JavaThread "JavaCPP Deallocator"        daemon [_thread_blocked, id=31852, stack(0x00007edebe930000,0x00007edebea30000) (1024K)]
Total: 14

Other Threads:
  0x00007edf34145e40 VMThread "VM Thread"                           [id=31827, stack(0x00007edf14737000,0x00007edf14837000) (1024K)]
  0x00007edf3412bdd0 WatcherThread "VM Periodic Task Thread"        [id=31826, stack(0x00007edf14838000,0x00007edf14938000) (1024K)]
  0x00007edf340955f0 WorkerThread "GC Thread#0"                     [id=31819, stack(0x00007edf1701b000,0x00007edf1711b000) (1024K)]
  0x00007edf340a64f0 ConcurrentGCThread "G1 Main Marker"            [id=31820, stack(0x00007edf16f1a000,0x00007edf1701a000) (1024K)]
  0x00007edf340a7490 WorkerThread "G1 Conc#0"                       [id=31821, stack(0x00007edf16e19000,0x00007edf16f19000) (1024K)]
  0x00007edf34119340 ConcurrentGCThread "G1 Refine#0"               [id=31822, stack(0x00007edf14b16000,0x00007edf14c16000) (1024K)]
  0x00007edf3411a2f0 ConcurrentGCThread "G1 Service"                [id=31823, stack(0x00007edf14a15000,0x00007edf14b15000) (1024K)]
Total: 7

Threads with active compile tasks:
Total: 0

VM state: not at safepoint (normal execution)

VM Mutex/Monitor currently owned by a thread: None

Heap address: 0x0000000706c00000, size: 3988 MB, Compressed Oops mode: Zero based, Oop shift amount: 3

CDS archive(s) mapped at: [0x00007edebf000000-0x00007edebfca6000-0x00007edebfca6000), size 13262848, SharedBaseAddress: 0x00007edebf000000, ArchiveRelocationMode: 1.
Compressed class space mapped at: 0x00007edec0000000-0x00007edf00000000, reserved size: 1073741824
Narrow klass base: 0x00007edebf000000, Narrow klass shift: 0, Narrow klass range: 0x100000000

GC Precious Log:
 CardTable entry size: 512
 Card Set container configuration: InlinePtr #cards 4 size 8 Array Of Cards #cards 16 size 48 Howl #buckets 8 coarsen threshold 3686 Howl Bitmap #cards 512 size 80 coarsen threshold 460 Card regions per heap region 1 cards per card region 4096
 CPUs: 2 total, 2 available
 Memory: 15948M
 Large Page Support: Disabled
 NUMA Support: Disabled
 Compressed Oops: Enabled (Zero based)
 Heap Region Size: 2M
 Heap Min Capacity: 8M
 Heap Initial Capacity: 250M
 Heap Max Capacity: 3988M
 Pre-touch: Disabled
 Parallel Workers: 2
 Concurrent Workers: 1
 Concurrent Refinement Workers: 2
 Periodic GC: Disabled

Heap:
 garbage-first heap   total 258048K, used 9245K [0x0000000706c00000, 0x0000000800000000)
  region size 2048K, 6 young (12288K), 0 survivors (0K)
 Metaspace       used 3719K, committed 3904K, reserved 1114112K
  class space    used 401K, committed 512K, reserved 1048576K

Heap Regions: E=young(eden), S=young(survivor), O=old, HS=humongous(starts), HC=humongous(continues), CS=collection set, F=free, TAMS=top-at-mark-start, PB=parsable bottom
|   0|0x0000000706c00000, 0x0000000706c00000, 0x0000000706e00000|  0%| F|  |TAMS 0x0000000706c00000| PB 0x0000000706c00000| Untracked 
|   1|0x0000000706e00000, 0x0000000706e00000, 0x0000000707000000|  0%| F|  |TAMS 0x0000000706e00000| PB 0x0000000706e00000| Untracked 
|   2|0x0000000707000000, 0x0000000707000000, 0x0000000707200000|  0%| F|  |TAMS 0x0000000707000000| PB 0x0000000707000000| Untracked 
|   3|0x0000000707200000, 0x0000000707200000, 0x0000000707400000|  0%| F|  |TAMS 0x0000000707200000| PB 0x0000000707200000| Untracked 
|   4|0x0000000707400000, 0x0000000707400000, 0x0000000707600000|  0%| F|  |TAMS 0x0000000707400000| PB 0x0000000707400000| Untracked 
|   5|0x0000000707600000, 0x0000000707600000, 0x0000000707800000|  0%| F|  |TAMS 0x0000000707600000| PB 0x0000000707600000| Untracked 
|   6|0x0000000707800000, 0x0000000707800000, 0x0000000707a00000|  0%| F|  |TAMS 0x0000000707800000| PB 0x0000000707800000| Untracked 
|   7|0x0000000707a00000, 0x0000000707a00000, 0x0000000707c00000|  0%| F|  |TAMS 0x0000000707a00000| PB 0x0000000707a00000| Untracked 
|   8|0x0000000707c00000, 0x0000000707c00000, 0x0000000707e00000|  0%| F|  |TAMS 0x0000000707c00000| PB 0x0000000707c00000| Untracked 
|   9|0x0000000707e00000, 0x0000000707e00000, 0x0000000708000000|  0%| F|  |TAMS 0x0000000707e00000| PB 0x0000000707e00000| Untracked 
|  10|0x0000000708000000, 0x0000000708000000, 0x0000000708200000|  0%| F|  |TAMS 0x0000000708000000| PB 0x0000000708000000| Untracked 
|  11|0x0000000708200000, 0x0000000708200000, 0x0000000708400000|  0%| F|  |TAMS 0x0000000708200000| PB 0x0000000708200000| Untracked 
|  12|0x0000000708400000, 0x0000000708400000, 0x0000000708600000|  0%| F|  |TAMS 0x0000000708400000| PB 0x0000000708400000| Untracked 
|  13|0x0000000708600000, 0x0000000708600000, 0x0000000708800000|  0%| F|  |TAMS 0x0000000708600000| PB 0x0000000708600000| Untracked 
|  14|0x0000000708800000, 0x0000000708800000, 0x0000000708a00000|  0%| F|  |TAMS 0x0000000708800000| PB 0x0000000708800000| Untracked 
|  15|0x0000000708a00000, 0x0000000708a00000, 0x0000000708c00000|  0%| F|  |TAMS 0x0000000708a00000| PB 0x0000000708a00000| Untracked 
|  16|0x0000000708c00000, 0x0000000708c00000, 0x0000000708e00000|  0%| F|  |TAMS 0x0000000708c00000| PB 0x0000000708c00000| Untracked 
|  17|0x0000000708e00000, 0x0000000708e00000, 0x0000000709000000|  0%| F|  |TAMS 0x0000000708e00000| PB 0x0000000708e00000| Untracked 
|  18|0x0000000709000000, 0x0000000709000000, 0x0000000709200000|  0%| F|  |TAMS 0x0000000709000000| PB 0x0000000709000000| Untracked 
|  19|0x0000000709200000, 0x0000000709200000, 0x0000000709400000|  0%| F|  |TAMS 0x0000000709200000| PB 0x0000000709200000| Untracked 
|  20|0x0000000709400000, 0x0000000709400000, 0x0000000709600000|  0%| F|  |TAMS 0x0000000709400000| PB 0x0000000709400000| Untracked 
|  21|0x0000000709600000, 0x0000000709600000, 0x0000000709800000|  0%| F|  |TAMS 0x0000000709600000| PB 0x0000000709600000| Untracked 
|  22|0x0000000709800000, 0x0000000709800000, 0x0000000709a00000|  0%| F|  |TAMS 0x0000000709800000| PB 0x0000000709800000| Untracked 
|  23|0x0000000709a00000, 0x0000000709a00000, 0x0000000709c00000|  0%| F|  |TAMS 0x0000000709a00000| PB 0x0000000709a00000| Untracked 
|  24|0x0000000709c00000, 0x0000000709c00000, 0x0000000709e00000|  0%| F|  |TAMS 0x0000000709c00000| PB 0x0000000709c00000| Untracked 
|  25|0x0000000709e00000, 0x0000000709e00000, 0x000000070a000000|  0%| F|  |TAMS 0x0000000709e00000| PB 0x0000000709e00000| Untracked 
|  26|0x000000070a000000, 0x000000070a000000, 0x000000070a200000|  0%| F|  |TAMS 0x000000070a000000| PB 0x000000070a000000| Untracked 
|  27|0x000000070a200000, 0x000000070a200000, 0x000000070a400000|  0%| F|  |TAMS 0x000000070a200000| PB 0x000000070a200000| Untracked 
|  28|0x000000070a400000, 0x000000070a400000, 0x000000070a600000|  0%| F|  |TAMS 0x000000070a400000| PB 0x000000070a400000| Untracked 
|  29|0x000000070a600000, 0x000000070a600000, 0x000000070a800000|  0%| F|  |TAMS 0x000000070a600000| PB 0x000000070a600000| Untracked 
|  30|0x000000070a800000, 0x000000070a800000, 0x000000070aa00000|  0%| F|  |TAMS 0x000000070a800000| PB 0x000000070a800000| Untracked 
|  31|0x000000070aa00000, 0x000000070aa00000, 0x000000070ac00000|  0%| F|  |TAMS 0x000000070aa00000| PB 0x000000070aa00000| Untracked 
|  32|0x000000070ac00000, 0x000000070ac00000, 0x000000070ae00000|  0%| F|  |TAMS 0x000000070ac00000| PB 0x000000070ac00000| Untracked 
|  33|0x000000070ae00000, 0x000000070ae00000, 0x000000070b000000|  0%| F|  |TAMS 0x000000070ae00000| PB 0x000000070ae00000| Untracked 
|  34|0x000000070b000000, 0x000000070b000000, 0x000000070b200000|  0%| F|  |TAMS 0x000000070b000000| PB 0x000000070b000000| Untracked 
|  35|0x000000070b200000, 0x000000070b200000, 0x000000070b400000|  0%| F|  |TAMS 0x000000070b200000| PB 0x000000070b200000| Untracked 
|  36|0x000000070b400000, 0x000000070b400000, 0x000000070b600000|  0%| F|  |TAMS 0x000000070b400000| PB 0x000000070b400000| Untracked 
|  37|0x000000070b600000, 0x000000070b600000, 0x000000070b800000|  0%| F|  |TAMS 0x000000070b600000| PB 0x000000070b600000| Untracked 
|  38|0x000000070b800000, 0x000000070b800000, 0x000000070ba00000|  0%| F|  |TAMS 0x000000070b800000| PB 0x000000070b800000| Untracked 
|  39|0x000000070ba00000, 0x000000070ba00000, 0x000000070bc00000|  0%| F|  |TAMS 0x000000070ba00000| PB 0x000000070ba00000| Untracked 
|  40|0x000000070bc00000, 0x000000070bc00000, 0x000000070be00000|  0%| F|  |TAMS 0x000000070bc00000| PB 0x000000070bc00000| Untracked 
|  41|0x000000070be00000, 0x000000070be00000, 0x000000070c000000|  0%| F|  |TAMS 0x000000070be00000| PB 0x000000070be00000| Untracked 
|  42|0x000000070c000000, 0x000000070c000000, 0x000000070c200000|  0%| F|  |TAMS 0x000000070c000000| PB 0x000000070c000000| Untracked 
|  43|0x000000070c200000, 0x000000070c200000, 0x000000070c400000|  0%| F|  |TAMS 0x000000070c200000| PB 0x000000070c200000| Untracked 
|  44|0x000000070c400000, 0x000000070c400000, 0x000000070c600000|  0%| F|  |TAMS 0x000000070c400000| PB 0x000000070c400000| Untracked 
|  45|0x000000070c600000, 0x000000070c600000, 0x000000070c800000|  0%| F|  |TAMS 0x000000070c600000| PB 0x000000070c600000| Untracked 
|  46|0x000000070c800000, 0x000000070c800000, 0x000000070ca00000|  0%| F|  |TAMS 0x000000070c800000| PB 0x000000070c800000| Untracked 
|  47|0x000000070ca00000, 0x000000070ca00000, 0x000000070cc00000|  0%| F|  |TAMS 0x000000070ca00000| PB 0x000000070ca00000| Untracked 
|  48|0x000000070cc00000, 0x000000070cc00000, 0x000000070ce00000|  0%| F|  |TAMS 0x000000070cc00000| PB 0x000000070cc00000| Untracked 
|  49|0x000000070ce00000, 0x000000070ce00000, 0x000000070d000000|  0%| F|  |TAMS 0x000000070ce00000| PB 0x000000070ce00000| Untracked 
|  50|0x000000070d000000, 0x000000070d000000, 0x000000070d200000|  0%| F|  |TAMS 0x000000070d000000| PB 0x000000070d000000| Untracked 
|  51|0x000000070d200000, 0x000000070d200000, 0x000000070d400000|  0%| F|  |TAMS 0x000000070d200000| PB 0x000000070d200000| Untracked 
|  52|0x000000070d400000, 0x000000070d400000, 0x000000070d600000|  0%| F|  |TAMS 0x000000070d400000| PB 0x000000070d400000| Untracked 
|  53|0x000000070d600000, 0x000000070d600000, 0x000000070d800000|  0%| F|  |TAMS 0x000000070d600000| PB 0x000000070d600000| Untracked 
|  54|0x000000070d800000, 0x000000070d800000, 0x000000070da00000|  0%| F|  |TAMS 0x000000070d800000| PB 0x000000070d800000| Untracked 
|  55|0x000000070da00000, 0x000000070da00000, 0x000000070dc00000|  0%| F|  |TAMS 0x000000070da00000| PB 0x000000070da00000| Untracked 
|  56|0x000000070dc00000, 0x000000070dc00000, 0x000000070de00000|  0%| F|  |TAMS 0x000000070dc00000| PB 0x000000070dc00000| Untracked 
|  57|0x000000070de00000, 0x000000070de00000, 0x000000070e000000|  0%| F|  |TAMS 0x000000070de00000| PB 0x000000070de00000| Untracked 
|  58|0x000000070e000000, 0x000000070e000000, 0x000000070e200000|  0%| F|  |TAMS 0x000000070e000000| PB 0x000000070e000000| Untracked 
|  59|0x000000070e200000, 0x000000070e200000, 0x000000070e400000|  0%| F|  |TAMS 0x000000070e200000| PB 0x000000070e200000| Untracked 
|  60|0x000000070e400000, 0x000000070e400000, 0x000000070e600000|  0%| F|  |TAMS 0x000000070e400000| PB 0x000000070e400000| Untracked 
|  61|0x000000070e600000, 0x000000070e600000, 0x000000070e800000|  0%| F|  |TAMS 0x000000070e600000| PB 0x000000070e600000| Untracked 
|  62|0x000000070e800000, 0x000000070e800000, 0x000000070ea00000|  0%| F|  |TAMS 0x000000070e800000| PB 0x000000070e800000| Untracked 
|  63|0x000000070ea00000, 0x000000070ea00000, 0x000000070ec00000|  0%| F|  |TAMS 0x000000070ea00000| PB 0x000000070ea00000| Untracked 
|  64|0x000000070ec00000, 0x000000070ec00000, 0x000000070ee00000|  0%| F|  |TAMS 0x000000070ec00000| PB 0x000000070ec00000| Untracked 
|  65|0x000000070ee00000, 0x000000070ee00000, 0x000000070f000000|  0%| F|  |TAMS 0x000000070ee00000| PB 0x000000070ee00000| Untracked 
|  66|0x000000070f000000, 0x000000070f000000, 0x000000070f200000|  0%| F|  |TAMS 0x000000070f000000| PB 0x000000070f000000| Untracked 
|  67|0x000000070f200000, 0x000000070f200000, 0x000000070f400000|  0%| F|  |TAMS 0x000000070f200000| PB 0x000000070f200000| Untracked 
|  68|0x000000070f400000, 0x000000070f400000, 0x000000070f600000|  0%| F|  |TAMS 0x000000070f400000| PB 0x000000070f400000| Untracked 
|  69|0x000000070f600000, 0x000000070f600000, 0x000000070f800000|  0%| F|  |TAMS 0x000000070f600000| PB 0x000000070f600000| Untracked 
|  70|0x000000070f800000, 0x000000070f800000, 0x000000070fa00000|  0%| F|  |TAMS 0x000000070f800000| PB 0x000000070f800000| Untracked 
|  71|0x000000070fa00000, 0x000000070fa00000, 0x000000070fc00000|  0%| F|  |TAMS 0x000000070fa00000| PB 0x000000070fa00000| Untracked 
|  72|0x000000070fc00000, 0x000000070fc00000, 0x000000070fe00000|  0%| F|  |TAMS 0x000000070fc00000| PB 0x000000070fc00000| Untracked 
|  73|0x000000070fe00000, 0x000000070fe00000, 0x0000000710000000|  0%| F|  |TAMS 0x000000070fe00000| PB 0x000000070fe00000| Untracked 
|  74|0x0000000710000000, 0x0000000710000000, 0x0000000710200000|  0%| F|  |TAMS 0x0000000710000000| PB 0x0000000710000000| Untracked 
|  75|0x0000000710200000, 0x0000000710200000, 0x0000000710400000|  0%| F|  |TAMS 0x0000000710200000| PB 0x0000000710200000| Untracked 
|  76|0x0000000710400000, 0x0000000710400000, 0x0000000710600000|  0%| F|  |TAMS 0x0000000710400000| PB 0x0000000710400000| Untracked 
|  77|0x0000000710600000, 0x0000000710600000, 0x0000000710800000|  0%| F|  |TAMS 0x0000000710600000| PB 0x0000000710600000| Untracked 
|  78|0x0000000710800000, 0x0000000710800000, 0x0000000710a00000|  0%| F|  |TAMS 0x0000000710800000| PB 0x0000000710800000| Untracked 
|  79|0x0000000710a00000, 0x0000000710a00000, 0x0000000710c00000|  0%| F|  |TAMS 0x0000000710a00000| PB 0x0000000710a00000| Untracked 
|  80|0x0000000710c00000, 0x0000000710c00000, 0x0000000710e00000|  0%| F|  |TAMS 0x0000000710c00000| PB 0x0000000710c00000| Untracked 
|  81|0x0000000710e00000, 0x0000000710e00000, 0x0000000711000000|  0%| F|  |TAMS 0x0000000710e00000| PB 0x0000000710e00000| Untracked 
|  82|0x0000000711000000, 0x0000000711000000, 0x0000000711200000|  0%| F|  |TAMS 0x0000000711000000| PB 0x0000000711000000| Untracked 
|  83|0x0000000711200000, 0x0000000711200000, 0x0000000711400000|  0%| F|  |TAMS 0x0000000711200000| PB 0x0000000711200000| Untracked 
|  84|0x0000000711400000, 0x0000000711400000, 0x0000000711600000|  0%| F|  |TAMS 0x0000000711400000| PB 0x0000000711400000| Untracked 
|  85|0x0000000711600000, 0x0000000711600000, 0x0000000711800000|  0%| F|  |TAMS 0x0000000711600000| PB 0x0000000711600000| Untracked 
|  86|0x0000000711800000, 0x0000000711800000, 0x0000000711a00000|  0%| F|  |TAMS 0x0000000711800000| PB 0x0000000711800000| Untracked 
|  87|0x0000000711a00000, 0x0000000711a00000, 0x0000000711c00000|  0%| F|  |TAMS 0x0000000711a00000| PB 0x0000000711a00000| Untracked 
|  88|0x0000000711c00000, 0x0000000711c00000, 0x0000000711e00000|  0%| F|  |TAMS 0x0000000711c00000| PB 0x0000000711c00000| Untracked 
|  89|0x0000000711e00000, 0x0000000711e00000, 0x0000000712000000|  0%| F|  |TAMS 0x0000000711e00000| PB 0x0000000711e00000| Untracked 
|  90|0x0000000712000000, 0x0000000712000000, 0x0000000712200000|  0%| F|  |TAMS 0x0000000712000000| PB 0x0000000712000000| Untracked 
|  91|0x0000000712200000, 0x0000000712200000, 0x0000000712400000|  0%| F|  |TAMS 0x0000000712200000| PB 0x0000000712200000| Untracked 
|  92|0x0000000712400000, 0x0000000712400000, 0x0000000712600000|  0%| F|  |TAMS 0x0000000712400000| PB 0x0000000712400000| Untracked 
|  93|0x0000000712600000, 0x0000000712600000, 0x0000000712800000|  0%| F|  |TAMS 0x0000000712600000| PB 0x0000000712600000| Untracked 
|  94|0x0000000712800000, 0x0000000712800000, 0x0000000712a00000|  0%| F|  |TAMS 0x0000000712800000| PB 0x0000000712800000| Untracked 
|  95|0x0000000712a00000, 0x0000000712a00000, 0x0000000712c00000|  0%| F|  |TAMS 0x0000000712a00000| PB 0x0000000712a00000| Untracked 
|  96|0x0000000712c00000, 0x0000000712c00000, 0x0000000712e00000|  0%| F|  |TAMS 0x0000000712c00000| PB 0x0000000712c00000| Untracked 
|  97|0x0000000712e00000, 0x0000000712e00000, 0x0000000713000000|  0%| F|  |TAMS 0x0000000712e00000| PB 0x0000000712e00000| Untracked 
|  98|0x0000000713000000, 0x0000000713000000, 0x0000000713200000|  0%| F|  |TAMS 0x0000000713000000| PB 0x0000000713000000| Untracked 
|  99|0x0000000713200000, 0x0000000713200000, 0x0000000713400000|  0%| F|  |TAMS 0x0000000713200000| PB 0x0000000713200000| Untracked 
| 100|0x0000000713400000, 0x0000000713400000, 0x0000000713600000|  0%| F|  |TAMS 0x0000000713400000| PB 0x0000000713400000| Untracked 
| 101|0x0000000713600000, 0x0000000713600000, 0x0000000713800000|  0%| F|  |TAMS 0x0000000713600000| PB 0x0000000713600000| Untracked 
| 102|0x0000000713800000, 0x0000000713800000, 0x0000000713a00000|  0%| F|  |TAMS 0x0000000713800000| PB 0x0000000713800000| Untracked 
| 103|0x0000000713a00000, 0x0000000713a00000, 0x0000000713c00000|  0%| F|  |TAMS 0x0000000713a00000| PB 0x0000000713a00000| Untracked 
| 104|0x0000000713c00000, 0x0000000713c00000, 0x0000000713e00000|  0%| F|  |TAMS 0x0000000713c00000| PB 0x0000000713c00000| Untracked 
| 105|0x0000000713e00000, 0x0000000713e00000, 0x0000000714000000|  0%| F|  |TAMS 0x0000000713e00000| PB 0x0000000713e00000| Untracked 
| 106|0x0000000714000000, 0x0000000714000000, 0x0000000714200000|  0%| F|  |TAMS 0x0000000714000000| PB 0x0000000714000000| Untracked 
| 107|0x0000000714200000, 0x0000000714200000, 0x0000000714400000|  0%| F|  |TAMS 0x0000000714200000| PB 0x0000000714200000| Untracked 
| 108|0x0000000714400000, 0x0000000714400000, 0x0000000714600000|  0%| F|  |TAMS 0x0000000714400000| PB 0x0000000714400000| Untracked 
| 109|0x0000000714600000, 0x0000000714600000, 0x0000000714800000|  0%| F|  |TAMS 0x0000000714600000| PB 0x0000000714600000| Untracked 
| 110|0x0000000714800000, 0x0000000714800000, 0x0000000714a00000|  0%| F|  |TAMS 0x0000000714800000| PB 0x0000000714800000| Untracked 
| 111|0x0000000714a00000, 0x0000000714a00000, 0x0000000714c00000|  0%| F|  |TAMS 0x0000000714a00000| PB 0x0000000714a00000| Untracked 
| 112|0x0000000714c00000, 0x0000000714c00000, 0x0000000714e00000|  0%| F|  |TAMS 0x0000000714c00000| PB 0x0000000714c00000| Untracked 
| 113|0x0000000714e00000, 0x0000000714e00000, 0x0000000715000000|  0%| F|  |TAMS 0x0000000714e00000| PB 0x0000000714e00000| Untracked 
| 114|0x0000000715000000, 0x0000000715000000, 0x0000000715200000|  0%| F|  |TAMS 0x0000000715000000| PB 0x0000000715000000| Untracked 
| 115|0x0000000715200000, 0x0000000715200000, 0x0000000715400000|  0%| F|  |TAMS 0x0000000715200000| PB 0x0000000715200000| Untracked 
| 116|0x0000000715400000, 0x0000000715400000, 0x0000000715600000|  0%| F|  |TAMS 0x0000000715400000| PB 0x0000000715400000| Untracked 
| 117|0x0000000715600000, 0x0000000715600000, 0x0000000715800000|  0%| F|  |TAMS 0x0000000715600000| PB 0x0000000715600000| Untracked 
| 118|0x0000000715800000, 0x0000000715800000, 0x0000000715a00000|  0%| F|  |TAMS 0x0000000715800000| PB 0x0000000715800000| Untracked 
| 119|0x0000000715a00000, 0x0000000715c00000, 0x0000000715c00000|100%| E|  |TAMS 0x0000000715a00000| PB 0x0000000715a00000| Complete 
| 120|0x0000000715c00000, 0x0000000715e00000, 0x0000000715e00000|100%| E|  |TAMS 0x0000000715c00000| PB 0x0000000715c00000| Complete 
| 121|0x0000000715e00000, 0x0000000716000000, 0x0000000716000000|100%| E|CS|TAMS 0x0000000715e00000| PB 0x0000000715e00000| Complete 
| 122|0x0000000716000000, 0x0000000716200000, 0x0000000716200000|100%| E|CS|TAMS 0x0000000716000000| PB 0x0000000716000000| Complete 
| 123|0x0000000716200000, 0x0000000716400000, 0x0000000716400000|100%| E|CS|TAMS 0x0000000716200000| PB 0x0000000716200000| Complete 
| 124|0x0000000716400000, 0x0000000716600000, 0x0000000716600000|100%| E|CS|TAMS 0x0000000716400000| PB 0x0000000716400000| Complete 
|1993|0x00000007ffe00000, 0x00000007fff07778, 0x0000000800000000| 51%| O|  |TAMS 0x00000007ffe00000| PB 0x00000007ffe00000| Untracked 

Card table byte_map: [0x00007edf1af6b000,0x00007edf1b735000] _byte_map_base: 0x00007edf17735000

Marking Bits: (CMBitMap*) 0x00007edf34096110
 Bits: [0x00007edf1711b000, 0x00007edf1af6b000)

Polling page: 0x00007edf39a74000

Metaspace:

Usage:
  Non-class:      3.24 MB used.
      Class:    401.20 KB used.
       Both:      3.63 MB used.

Virtual space:
  Non-class space:       64.00 MB reserved,       3.31 MB (  5%) committed,  1 nodes.
      Class space:        1.00 GB reserved,     512.00 KB ( <1%) committed,  1 nodes.
             Both:        1.06 GB reserved,       3.81 MB ( <1%) committed. 

Chunk freelists:
   Non-Class:  10.30 MB
       Class:  15.48 MB
        Both:  25.78 MB

MaxMetaspaceSize: unlimited
CompressedClassSpaceSize: 1.00 GB
Initial GC threshold: 21.00 MB
Current GC threshold: 21.00 MB
CDS: on
 - commit_granule_bytes: 65536.
 - commit_granule_words: 8192.
 - virtual_space_node_default_size: 8388608.
 - enlarge_chunks_in_place: 1.
 - use_allocation_guard: 0.


Internal statistics:

num_allocs_failed_limit: 0.
num_arena_births: 36.
num_arena_deaths: 0.
num_vsnodes_births: 2.
num_vsnodes_deaths: 0.
num_space_committed: 61.
num_space_uncommitted: 0.
num_chunks_returned_to_freelist: 0.
num_chunks_taken_from_freelist: 105.
num_chunk_merges: 0.
num_chunk_splits: 89.
num_chunks_enlarged: 78.
num_inconsistent_stats: 0.

CodeHeap 'non-profiled nmethods': size=120036Kb used=216Kb max_used=216Kb free=119820Kb
 bounds [0x00007edf23ac7000, 0x00007edf23d37000, 0x00007edf2b000000]
CodeHeap 'profiled nmethods': size=120032Kb used=1424Kb max_used=1424Kb free=118607Kb
 bounds [0x00007edf1c000000, 0x00007edf1c270000, 0x00007edf23538000]
CodeHeap 'non-nmethods': size=5692Kb used=1514Kb max_used=1525Kb free=4177Kb
 bounds [0x00007edf23538000, 0x00007edf237a8000, 0x00007edf23ac7000]
 total_blobs=1218 nmethods=751 adapters=373
 compilation: enabled
              stopped_count=0, restarted_count=0
 full_count=0

Compilation events (20 events):
Event: 0.565 Thread 0x00007edf3415a090 nmethod 748 0x00007edf23afc190 code [0x00007edf23afc340, 0x00007edf23afc6d8]
Event: 0.567 Thread 0x00007edf3415b750 nmethod 740 0x00007edf1c14d210 code [0x00007edf1c14e620, 0x00007edf1c15ae80]
Event: 0.567 Thread 0x00007edf3415b750  741   !   3       java.util.zip.ZipFile$Source::readFullyAt (74 bytes)
Event: 0.567 Thread 0x00007edf3415b750 nmethod 741 0x00007edf1c160390 code [0x00007edf1c160580, 0x00007edf1c160a20]
Event: 0.567 Thread 0x00007edf3415b750  743       3       java.io.UnixFileSystem::trimSeparator (33 bytes)
Event: 0.568 Thread 0x00007edf3415b750 nmethod 743 0x00007edf1c160d10 code [0x00007edf1c160f20, 0x00007edf1c161678]
Event: 0.568 Thread 0x00007edf3415b750  746   !   3       jdk.internal.ref.PhantomCleanable::insert (53 bytes)
Event: 0.568 Thread 0x00007edf3415b750 nmethod 746 0x00007edf1c161990 code [0x00007edf1c161b40, 0x00007edf1c161ef8]
Event: 0.568 Thread 0x00007edf3415b750  745       3       java.util.jar.Attributes::getValue (9 bytes)
Event: 0.568 Thread 0x00007edf3415b750 nmethod 745 0x00007edf1c162090 code [0x00007edf1c162240, 0x00007edf1c162578]
Event: 0.568 Thread 0x00007edf3415b750  742       3       java.lang.Thread::interrupted (7 bytes)
Event: 0.568 Thread 0x00007edf3415b750 nmethod 742 0x00007edf1c162690 code [0x00007edf1c162840, 0x00007edf1c162ab0]
Event: 0.568 Thread 0x00007edf3415b750  747       1       java.util.zip.ZipEntry::getName (5 bytes)
Event: 0.568 Thread 0x00007edf3415b750 nmethod 747 0x00007edf23afca10 code [0x00007edf23afcba0, 0x00007edf23afcc68]
Event: 0.947 Thread 0x00007edf3415b750  749       3       java.lang.invoke.MethodTypeForm::canonicalizeAll (63 bytes)
Event: 0.947 Thread 0x00007edf3415b750 nmethod 749 0x00007edf1c162b90 code [0x00007edf1c162d80, 0x00007edf1c1633d8]
Event: 0.947 Thread 0x00007edf3415b750  750       3       java.lang.invoke.MethodType$ConcurrentWeakInternSet$WeakEntry::<init> (15 bytes)
Event: 0.948 Thread 0x00007edf3415b750 nmethod 750 0x00007edf1c163590 code [0x00007edf1c163760, 0x00007edf1c163b90]
Event: 0.948 Thread 0x00007edf3415b750  751       3       java.lang.invoke.MemberName::isResolved (13 bytes)
Event: 0.948 Thread 0x00007edf3415b750 nmethod 751 0x00007edf1c163d10 code [0x00007edf1c163ea0, 0x00007edf1c164008]

GC Heap History (0 events):
No events

Dll operation events (13 events):
Event: 0.002 Loaded shared library /home/wangjing/.jdks/openjdk-21.0.2/lib/libjava.so
Event: 0.002 Loaded shared library /home/wangjing/.jdks/openjdk-21.0.2/lib/libzip.so
Event: 0.040 Loaded shared library /home/wangjing/.jdks/openjdk-21.0.2/lib/libjsvml.so
Event: 0.135 Loaded shared library /home/wangjing/.jdks/openjdk-21.0.2/lib/libinstrument.so
Event: 0.155 Loaded shared library /home/wangjing/.jdks/openjdk-21.0.2/lib/libnio.so
Event: 0.173 Loaded shared library /home/wangjing/.jdks/openjdk-21.0.2/lib/libzip.so
Event: 0.252 Loaded shared library /home/wangjing/.jdks/openjdk-21.0.2/lib/libjimage.so
Event: 0.315 Loaded shared library /home/wangjing/.javacpp/cache/javacpp-1.5.7-linux-x86_64.jar/org/bytedeco/javacpp/linux-x86_64/libjnijavacpp.so
Event: 0.327 Loaded shared library /home/wangjing/.jdks/openjdk-21.0.2/lib/libnet.so
Event: 0.512 Loaded shared library /home/wangjing/.javacpp/cache/llvm-13.0.1-1.5.7-linux-x86_64.jar/org/bytedeco/llvm/linux-x86_64/libLLVM-13.so
Event: 0.524 Loaded shared library /home/wangjing/.javacpp/cache/llvm-13.0.1-1.5.7-linux-x86_64.jar/org/bytedeco/llvm/linux-x86_64/libLTO.so.13
Event: 0.529 Loaded shared library /home/wangjing/.javacpp/cache/llvm-13.0.1-1.5.7-linux-x86_64.jar/org/bytedeco/llvm/linux-x86_64/libRemarks.so.13
Event: 0.533 Loaded shared library /home/wangjing/.javacpp/cache/llvm-13.0.1-1.5.7-linux-x86_64.jar/org/bytedeco/llvm/linux-x86_64/libjniLLVM.so

Deoptimization events (20 events):
Event: 0.498 Thread 0x00007edf3402caa0 DEOPT PACKING pc=0x00007edf1c0ad554 sp=0x00007edf381fd770
Event: 0.498 Thread 0x00007edf3402caa0 DEOPT UNPACKING pc=0x00007edf2359014f sp=0x00007edf381fccd8 mode 1
Event: 0.499 Thread 0x00007edf3402caa0 DEOPT PACKING pc=0x00007edf1c0b31dc sp=0x00007edf381fd4a0
Event: 0.499 Thread 0x00007edf3402caa0 DEOPT UNPACKING pc=0x00007edf2359014f sp=0x00007edf381fc9a0 mode 1
Event: 0.499 Thread 0x00007edf3402caa0 DEOPT PACKING pc=0x00007edf1c0b31dc sp=0x00007edf381fd4a0
Event: 0.499 Thread 0x00007edf3402caa0 DEOPT UNPACKING pc=0x00007edf2359014f sp=0x00007edf381fc9a0 mode 1
Event: 0.499 Thread 0x00007edf3402caa0 DEOPT PACKING pc=0x00007edf1c0b31dc sp=0x00007edf381fd4a0
Event: 0.499 Thread 0x00007edf3402caa0 DEOPT UNPACKING pc=0x00007edf2359014f sp=0x00007edf381fc9a0 mode 1
Event: 0.499 Thread 0x00007edf3402caa0 DEOPT PACKING pc=0x00007edf1c0b31dc sp=0x00007edf381fd4a0
Event: 0.499 Thread 0x00007edf3402caa0 DEOPT UNPACKING pc=0x00007edf2359014f sp=0x00007edf381fc9a0 mode 1
Event: 0.499 Thread 0x00007edf3402caa0 DEOPT PACKING pc=0x00007edf1c0b31dc sp=0x00007edf381fd4a0
Event: 0.499 Thread 0x00007edf3402caa0 DEOPT UNPACKING pc=0x00007edf2359014f sp=0x00007edf381fc9a0 mode 1
Event: 0.499 Thread 0x00007edf3402caa0 DEOPT PACKING pc=0x00007edf1c0b31dc sp=0x00007edf381fd4a0
Event: 0.499 Thread 0x00007edf3402caa0 DEOPT UNPACKING pc=0x00007edf2359014f sp=0x00007edf381fc9a0 mode 1
Event: 0.500 Thread 0x00007edf3402caa0 DEOPT PACKING pc=0x00007edf1c0b31dc sp=0x00007edf381fd4a0
Event: 0.500 Thread 0x00007edf3402caa0 DEOPT UNPACKING pc=0x00007edf2359014f sp=0x00007edf381fc9a0 mode 1
Event: 0.500 Thread 0x00007edf3402caa0 DEOPT PACKING pc=0x00007edf1c0b31dc sp=0x00007edf381fd4a0
Event: 0.500 Thread 0x00007edf3402caa0 DEOPT UNPACKING pc=0x00007edf2359014f sp=0x00007edf381fc9a0 mode 1
Event: 0.500 Thread 0x00007edf3402caa0 DEOPT PACKING pc=0x00007edf1c0b31dc sp=0x00007edf381fd4a0
Event: 0.500 Thread 0x00007edf3402caa0 DEOPT UNPACKING pc=0x00007edf2359014f sp=0x00007edf381fc9a0 mode 1

Classes loaded (20 events):
Event: 0.565 Loading class org/bytedeco/llvm/LLVM/LLVMObjectFileRef
Event: 0.565 Loading class org/bytedeco/llvm/LLVM/LLVMObjectFileRef done
Event: 0.565 Loading class org/bytedeco/llvm/LLVM/LLVMTargetRef
Event: 0.565 Loading class org/bytedeco/llvm/LLVM/LLVMTargetRef done
Event: 0.566 Loading class org/bytedeco/llvm/LLVM/LLVMPassManagerBuilderRef
Event: 0.566 Loading class org/bytedeco/llvm/LLVM/LLVMPassManagerBuilderRef done
Event: 0.566 Loading class org/bytedeco/llvm/LLVM/LLVMPassBuilderOptionsRef
Event: 0.566 Loading class org/bytedeco/llvm/LLVM/LLVMPassBuilderOptionsRef done
Event: 0.566 Loading class org/bytedeco/llvm/LLVM/Pass
Event: 0.566 Loading class org/bytedeco/llvm/LLVM/Pass done
Event: 0.566 Loading class org/bytedeco/llvm/LLVM/LLVMNamedMDNodeRef
Event: 0.566 Loading class org/bytedeco/llvm/LLVM/LLVMNamedMDNodeRef done
Event: 0.566 Loading class org/bytedeco/llvm/LLVM/LLVMUseRef
Event: 0.566 Loading class org/bytedeco/llvm/LLVM/LLVMUseRef done
Event: 0.568 Loading class Scope
Event: 0.568 Loading class Scope done
Event: 0.837 Loading class com/intellij/rt/debugger/BatchEvaluatorServer
Event: 0.837 Loading class com/intellij/rt/debugger/BatchEvaluatorServer done
Event: 0.945 Loading class java/io/DataOutputStream
Event: 0.945 Loading class java/io/DataOutputStream done

Classes unloaded (0 events):
No events

Classes redefined (0 events):
No events

Internal exceptions (8 events):
Event: 0.137 Thread 0x00007edf3402caa0 Exception <a 'java/lang/NoSuchMethodError'{0x0000000716556aa8}: 'void java.lang.invoke.DirectMethodHandle$Holder.invokeStatic(java.lang.Object, java.lang.Object, java.lang.Object)'> (0x0000000716556aa8) 
thrown [open/src/hotspot/share/interpreter/linkResolver.cpp, line 772]
Event: 0.142 Thread 0x00007edf3402caa0 Exception <a 'java/lang/NoSuchMethodError'{0x000000071656de40}: 'java.lang.Object java.lang.invoke.Invokers$Holder.invokeExact_MT(java.lang.Object, java.lang.Object, java.lang.Object, java.lang.Object, java.lang.Object)'> (0x000000071656de40) 
thrown [open/src/hotspot/share/interpreter/linkResolver.cpp, line 772]
Event: 0.221 Thread 0x00007edf3402caa0 Exception <a 'java/lang/NoSuchMethodError'{0x000000071638f158}: 'int java.lang.invoke.DirectMethodHandle$Holder.invokeStaticInit(java.lang.Object, java.lang.Object, java.lang.Object, java.lang.Object)'> (0x000000071638f158) 
thrown [open/src/hotspot/share/interpreter/linkResolver.cpp, line 772]
Event: 0.225 Thread 0x00007edf3402caa0 Exception <a 'java/lang/NoSuchMethodError'{0x0000000716397ce0}: 'java.lang.Object java.lang.invoke.DirectMethodHandle$Holder.invokeInterface(java.lang.Object, java.lang.Object)'> (0x0000000716397ce0) 
thrown [open/src/hotspot/share/interpreter/linkResolver.cpp, line 772]
Event: 0.225 Thread 0x00007edf3402caa0 Exception <a 'java/lang/IncompatibleClassChangeError'{0x000000071639af48}: Found class java.lang.Object, but interface was expected> (0x000000071639af48) 
thrown [open/src/hotspot/share/interpreter/linkResolver.cpp, line 840]
Event: 0.226 Thread 0x00007edf3402caa0 Exception <a 'java/lang/NoSuchMethodError'{0x000000071639e100}: 'void java.lang.invoke.DirectMethodHandle$Holder.invokeStatic(java.lang.Object, java.lang.Object)'> (0x000000071639e100) 
thrown [open/src/hotspot/share/interpreter/linkResolver.cpp, line 772]
Event: 0.226 Thread 0x00007edf3402caa0 Exception <a 'java/lang/NoSuchMethodError'{0x00000007163a19f8}: 'void java.lang.invoke.DirectMethodHandle$Holder.invokeStaticInit(java.lang.Object, java.lang.Object)'> (0x00000007163a19f8) 
thrown [open/src/hotspot/share/interpreter/linkResolver.cpp, line 772]
Event: 0.233 Thread 0x00007edf3402caa0 Exception <a 'java/lang/NoSuchMethodError'{0x00000007163aa548}: 'int java.lang.invoke.DirectMethodHandle$Holder.invokeStaticInit(java.lang.Object, java.lang.Object)'> (0x00000007163aa548) 
thrown [open/src/hotspot/share/interpreter/linkResolver.cpp, line 772]

ZGC Phase Switch (0 events):
No events

VM Operations (20 events):
Event: 5.701 Executing VM operation: get/set locals
Event: 5.701 Executing VM operation: get/set locals done
Event: 5.701 Executing VM operation: get/set locals
Event: 5.701 Executing VM operation: get/set locals done
Event: 5.716 Executing VM operation: get/set locals
Event: 5.716 Executing VM operation: get/set locals done
Event: 5.830 Executing VM operation: get/set locals
Event: 5.830 Executing VM operation: get/set locals done
Event: 5.830 Executing VM operation: get/set locals
Event: 5.830 Executing VM operation: get/set locals done
Event: 5.830 Executing VM operation: get/set locals
Event: 5.830 Executing VM operation: get/set locals done
Event: 7.398 Executing VM operation: ChangeSingleStep
Event: 7.398 Executing VM operation: ChangeSingleStep done
Event: 7.399 Executing VM operation: ChangeSingleStep
Event: 7.399 Executing VM operation: ChangeSingleStep done
Event: 7.399 Executing VM operation: ChangeSingleStep
Event: 7.399 Executing VM operation: ChangeSingleStep done
Event: 7.400 Executing VM operation: ChangeSingleStep
Event: 7.400 Executing VM operation: ChangeSingleStep done

Events (20 events):
Event: 0.030 Thread 0x00007edf34156fb0 Thread added: 0x00007edf34156fb0
Event: 0.030 Protecting memory [0x00007edf14336000,0x00007edf1433a000] with protection modes 0
Event: 0.030 Thread 0x00007edf34158550 Thread added: 0x00007edf34158550
Event: 0.030 Protecting memory [0x00007edf14236000,0x00007edf1423a000] with protection modes 0
Event: 0.030 Thread 0x00007edf3415a090 Thread added: 0x00007edf3415a090
Event: 0.030 Protecting memory [0x00007edf14136000,0x00007edf1413a000] with protection modes 0
Event: 0.031 Thread 0x00007edf3415b750 Thread added: 0x00007edf3415b750
Event: 0.031 Protecting memory [0x00007edf14036000,0x00007edf1403a000] with protection modes 0
Event: 0.043 Thread 0x00007edf341a5bb0 Thread added: 0x00007edf341a5bb0
Event: 0.044 Protecting memory [0x00007edebee30000,0x00007edebee34000] with protection modes 0
Event: 0.061 Thread 0x00007edf341f32c0 Thread added: 0x00007edf341f32c0
Event: 0.061 Protecting memory [0x00007edebed30000,0x00007edebed34000] with protection modes 0
Event: 0.061 Thread 0x00007edf342070c0 Thread added: 0x00007edf342070c0
Event: 0.062 Protecting memory [0x00007edebec30000,0x00007edebec34000] with protection modes 0
Event: 0.062 Thread 0x00007ede980576a0 Thread added: 0x00007ede980576a0
Event: 0.062 Protecting memory [0x00007edebeb30000,0x00007edebeb34000] with protection modes 0
Event: 0.150 Thread 0x00007edf34223310 Thread added: 0x00007edf34223310
Event: 0.163 Protecting memory [0x00007edebea30000,0x00007edebea34000] with protection modes 0
Event: 0.210 Thread 0x00007edf3425aee0 Thread added: 0x00007edf3425aee0
Event: 0.210 Protecting memory [0x00007edebe930000,0x00007edebe934000] with protection modes 0


Dynamic libraries:
706c00000-716600000 rw-p 00000000 00:00 0 
716600000-7ffe00000 ---p 00000000 00:00 0 
7ffe00000-7fff08000 rw-p 00ce5000 08:03 2903295                          /home/wangjing/.jdks/openjdk-21.0.2/lib/server/classes.jsa
7fff08000-800000000 rw-p 00000000 00:00 0 
62bdaded3000-62bdaded4000 r-xp 00000000 08:03 2902800                    /home/wangjing/.jdks/openjdk-21.0.2/bin/java
62bdaded5000-62bdaded6000 r--p 00001000 08:03 2902800                    /home/wangjing/.jdks/openjdk-21.0.2/bin/java
62bdaded6000-62bdaded7000 rw-p 00002000 08:03 2902800                    /home/wangjing/.jdks/openjdk-21.0.2/bin/java
62bdaed7f000-62bdaedc5000 rw-p 00000000 00:00 0                          [heap]
7ede8d400000-7ede8dd26000 r--p 00000000 08:03 3025897                    /home/wangjing/.javacpp/cache/llvm-13.0.1-1.5.7-linux-x86_64.jar/org/bytedeco/llvm/linux-x86_64/libLLVM-13.so
7ede8dd26000-7ede916e9000 r-xp 00926000 08:03 3025897                    /home/wangjing/.javacpp/cache/llvm-13.0.1-1.5.7-linux-x86_64.jar/org/bytedeco/llvm/linux-x86_64/libLLVM-13.so
7ede916e9000-7ede9393e000 r--p 042e9000 08:03 3025897                    /home/wangjing/.javacpp/cache/llvm-13.0.1-1.5.7-linux-x86_64.jar/org/bytedeco/llvm/linux-x86_64/libLLVM-13.so
7ede9393e000-7ede93e53000 r--p 0653d000 08:03 3025897                    /home/wangjing/.javacpp/cache/llvm-13.0.1-1.5.7-linux-x86_64.jar/org/bytedeco/llvm/linux-x86_64/libLLVM-13.so
7ede93e53000-7ede93e5e000 rw-p 06a52000 08:03 3025897                    /home/wangjing/.javacpp/cache/llvm-13.0.1-1.5.7-linux-x86_64.jar/org/bytedeco/llvm/linux-x86_64/libLLVM-13.so
7ede93e5e000-7ede93ed4000 rw-p 00000000 00:00 0 
7ede94000000-7ede94224000 rw-p 00000000 00:00 0 
7ede94224000-7ede98000000 ---p 00000000 00:00 0 
7ede98000000-7ede98547000 rw-p 00000000 00:00 0 
7ede98547000-7ede9c000000 ---p 00000000 00:00 0 
7ede9c000000-7ede9c021000 rw-p 00000000 00:00 0 
7ede9c021000-7edea0000000 ---p 00000000 00:00 0 
7edea0000000-7edea0021000 rw-p 00000000 00:00 0 
7edea0021000-7edea4000000 ---p 00000000 00:00 0 
7edea4000000-7edea4021000 rw-p 00000000 00:00 0 
7edea4021000-7edea8000000 ---p 00000000 00:00 0 
7edea8000000-7edea8021000 rw-p 00000000 00:00 0 
7edea8021000-7edeac000000 ---p 00000000 00:00 0 
7edeac000000-7edeac021000 rw-p 00000000 00:00 0 
7edeac021000-7edeb0000000 ---p 00000000 00:00 0 
7edeb0000000-7edeb0021000 rw-p 00000000 00:00 0 
7edeb0021000-7edeb4000000 ---p 00000000 00:00 0 
7edeb4000000-7edeb4190000 rw-p 00000000 00:00 0 
7edeb4190000-7edeb4400000 ---p 00000000 00:00 0 
7edeb4400000-7edeb45c0000 rw-p 00000000 00:00 0 
7edeb45c0000-7edeb8000000 ---p 00000000 00:00 0 
7edeb8000000-7edeb8021000 rw-p 00000000 00:00 0 
7edeb8021000-7edebc000000 ---p 00000000 00:00 0 
7edebd55f000-7edebe4fa000 rw-p 00000000 00:00 0 
7edebe4fa000-7edebe55f000 r--p 00000000 08:03 3025902                    /home/wangjing/.javacpp/cache/llvm-13.0.1-1.5.7-linux-x86_64.jar/org/bytedeco/llvm/linux-x86_64/libjniLLVM.so
7edebe55f000-7edebe5cd000 r-xp 00065000 08:03 3025902                    /home/wangjing/.javacpp/cache/llvm-13.0.1-1.5.7-linux-x86_64.jar/org/bytedeco/llvm/linux-x86_64/libjniLLVM.so
7edebe5cd000-7edebe5f8000 r--p 000d3000 08:03 3025902                    /home/wangjing/.javacpp/cache/llvm-13.0.1-1.5.7-linux-x86_64.jar/org/bytedeco/llvm/linux-x86_64/libjniLLVM.so
7edebe5f8000-7edebe5fb000 r--p 000fd000 08:03 3025902                    /home/wangjing/.javacpp/cache/llvm-13.0.1-1.5.7-linux-x86_64.jar/org/bytedeco/llvm/linux-x86_64/libjniLLVM.so
7edebe5fb000-7edebe5fe000 rw-p 00100000 08:03 3025902                    /home/wangjing/.javacpp/cache/llvm-13.0.1-1.5.7-linux-x86_64.jar/org/bytedeco/llvm/linux-x86_64/libjniLLVM.so
7edebe5fe000-7edebe600000 rw-p 00000000 00:00 0 
7edebe600000-7edebe69a000 r--p 00000000 08:03 917771                     /usr/lib/x86_64-linux-gnu/libstdc++.so.6.0.30
7edebe69a000-7edebe7ab000 r-xp 0009a000 08:03 917771                     /usr/lib/x86_64-linux-gnu/libstdc++.so.6.0.30
7edebe7ab000-7edebe81a000 r--p 001ab000 08:03 917771                     /usr/lib/x86_64-linux-gnu/libstdc++.so.6.0.30
7edebe81a000-7edebe81b000 ---p 0021a000 08:03 917771                     /usr/lib/x86_64-linux-gnu/libstdc++.so.6.0.30
7edebe81b000-7edebe826000 r--p 0021a000 08:03 917771                     /usr/lib/x86_64-linux-gnu/libstdc++.so.6.0.30
7edebe826000-7edebe829000 rw-p 00225000 08:03 917771                     /usr/lib/x86_64-linux-gnu/libstdc++.so.6.0.30
7edebe829000-7edebe82c000 rw-p 00000000 00:00 0 
7edebe836000-7edebe91d000 rw-p 00000000 00:00 0 
7edebe91d000-7edebe924000 r--p 00000000 08:03 3025898                    /home/wangjing/.javacpp/cache/llvm-13.0.1-1.5.7-linux-x86_64.jar/org/bytedeco/llvm/linux-x86_64/libLTO.so.13
7edebe924000-7edebe92c000 r-xp 00007000 08:03 3025898                    /home/wangjing/.javacpp/cache/llvm-13.0.1-1.5.7-linux-x86_64.jar/org/bytedeco/llvm/linux-x86_64/libLTO.so.13
7edebe92c000-7edebe92e000 r--p 0000f000 08:03 3025898                    /home/wangjing/.javacpp/cache/llvm-13.0.1-1.5.7-linux-x86_64.jar/org/bytedeco/llvm/linux-x86_64/libLTO.so.13
7edebe92e000-7edebe92f000 r--p 00010000 08:03 3025898                    /home/wangjing/.javacpp/cache/llvm-13.0.1-1.5.7-linux-x86_64.jar/org/bytedeco/llvm/linux-x86_64/libLTO.so.13
7edebe92f000-7edebe930000 rw-p 00011000 08:03 3025898                    /home/wangjing/.javacpp/cache/llvm-13.0.1-1.5.7-linux-x86_64.jar/org/bytedeco/llvm/linux-x86_64/libLTO.so.13
7edebe930000-7edebe934000 ---p 00000000 00:00 0 
7edebe934000-7edebea30000 rw-p 00000000 00:00 0 
7edebea30000-7edebea34000 ---p 00000000 00:00 0 
7edebea34000-7edebeb30000 rw-p 00000000 00:00 0 
7edebeb30000-7edebeb34000 ---p 00000000 00:00 0 
7edebeb34000-7edebec30000 rw-p 00000000 00:00 0 
7edebec30000-7edebec34000 ---p 00000000 00:00 0 
7edebec34000-7edebed30000 rw-p 00000000 00:00 0 
7edebed30000-7edebed34000 ---p 00000000 00:00 0 
7edebed34000-7edebee30000 rw-p 00000000 00:00 0 
7edebee30000-7edebee34000 ---p 00000000 00:00 0 
7edebee34000-7edebef30000 rw-p 00000000 00:00 0 
7edebef30000-7edebeffe000 r-xp 00000000 08:03 2903269                    /home/wangjing/.jdks/openjdk-21.0.2/lib/libjsvml.so
7edebeffe000-7edebefff000 r--p 000cd000 08:03 2903269                    /home/wangjing/.jdks/openjdk-21.0.2/lib/libjsvml.so
7edebefff000-7edebf000000 rw-p 000ce000 08:03 2903269                    /home/wangjing/.jdks/openjdk-21.0.2/lib/libjsvml.so
7edebf000000-7edebfca6000 rw-p 00001000 08:03 2903295                    /home/wangjing/.jdks/openjdk-21.0.2/lib/server/classes.jsa
7edebfca6000-7edec0000000 ---p 00000000 00:00 0 
7edec0000000-7edec0030000 rw-p 00000000 00:00 0 
7edec0030000-7edec0070000 rw-p 00000000 00:00 0 
7edec0070000-7edec0080000 ---p 00000000 00:00 0 
7edec0080000-7edec0090000 rw-p 00000000 00:00 0 
7edec0090000-7edf00000000 ---p 00000000 00:00 0 
7edf00000000-7edf00021000 rw-p 00000000 00:00 0 
7edf00021000-7edf04000000 ---p 00000000 00:00 0 
7edf04000000-7edf04021000 rw-p 00000000 00:00 0 
7edf04021000-7edf08000000 ---p 00000000 00:00 0 
7edf08000000-7edf08021000 rw-p 00000000 00:00 0 
7edf08021000-7edf0c000000 ---p 00000000 00:00 0 
7edf0c000000-7edf0c021000 rw-p 00000000 00:00 0 
7edf0c021000-7edf10000000 ---p 00000000 00:00 0 
7edf10000000-7edf10021000 rw-p 00000000 00:00 0 
7edf10021000-7edf14000000 ---p 00000000 00:00 0 
7edf14004000-7edf14007000 r--p 00000000 08:03 919532                     /usr/lib/x86_64-linux-gnu/libgcc_s.so.1
7edf14007000-7edf1401e000 r-xp 00003000 08:03 919532                     /usr/lib/x86_64-linux-gnu/libgcc_s.so.1
7edf1401e000-7edf14022000 r--p 0001a000 08:03 919532                     /usr/lib/x86_64-linux-gnu/libgcc_s.so.1
7edf14022000-7edf14023000 r--p 0001d000 08:03 919532                     /usr/lib/x86_64-linux-gnu/libgcc_s.so.1
7edf14023000-7edf14024000 rw-p 0001e000 08:03 919532                     /usr/lib/x86_64-linux-gnu/libgcc_s.so.1
7edf14036000-7edf1403a000 ---p 00000000 00:00 0 
7edf1403a000-7edf14136000 rw-p 00000000 00:00 0 
7edf14136000-7edf1413a000 ---p 00000000 00:00 0 
7edf1413a000-7edf14236000 rw-p 00000000 00:00 0 
7edf14236000-7edf1423a000 ---p 00000000 00:00 0 
7edf1423a000-7edf14336000 rw-p 00000000 00:00 0 
7edf14336000-7edf1433a000 ---p 00000000 00:00 0 
7edf1433a000-7edf14436000 rw-p 00000000 00:00 0 
7edf14436000-7edf1443a000 ---p 00000000 00:00 0 
7edf1443a000-7edf14536000 rw-p 00000000 00:00 0 
7edf14536000-7edf1453a000 ---p 00000000 00:00 0 
7edf1453a000-7edf14636000 rw-p 00000000 00:00 0 
7edf14636000-7edf1463a000 ---p 00000000 00:00 0 
7edf1463a000-7edf14736000 rw-p 00000000 00:00 0 
7edf14736000-7edf14737000 ---p 00000000 00:00 0 
7edf14737000-7edf14837000 rw-p 00000000 00:00 0 
7edf14837000-7edf14838000 ---p 00000000 00:00 0 
7edf14838000-7edf14a14000 rw-p 00000000 00:00 0 
7edf14a14000-7edf14a15000 ---p 00000000 00:00 0 
7edf14a15000-7edf14b15000 rw-p 00000000 00:00 0 
7edf14b15000-7edf14b16000 ---p 00000000 00:00 0 
7edf14b16000-7edf16e18000 rw-p 00000000 00:00 0 
7edf16e18000-7edf16e19000 ---p 00000000 00:00 0 
7edf16e19000-7edf16f19000 rw-p 00000000 00:00 0 
7edf16f19000-7edf16f1a000 ---p 00000000 00:00 0 
7edf16f1a000-7edf1701a000 rw-p 00000000 00:00 0 
7edf1701a000-7edf1701b000 ---p 00000000 00:00 0 
7edf1701b000-7edf17503000 rw-p 00000000 00:00 0 
7edf17503000-7edf1af63000 ---p 00000000 00:00 0 
7edf1af63000-7edf1afe8000 rw-p 00000000 00:00 0 
7edf1afe8000-7edf1b734000 ---p 00000000 00:00 0 
7edf1b734000-7edf1b7b2000 rw-p 00000000 00:00 0 
7edf1b7b2000-7edf1befe000 ---p 00000000 00:00 0 
7edf1befe000-7edf1c000000 rw-p 00000000 00:00 0 
7edf1c000000-7edf1c270000 rwxp 00000000 00:00 0 
7edf1c270000-7edf23538000 ---p 00000000 00:00 0 
7edf23538000-7edf237a8000 rwxp 00000000 00:00 0 
7edf237a8000-7edf23ac7000 ---p 00000000 00:00 0 
7edf23ac7000-7edf23d37000 rwxp 00000000 00:00 0 
7edf23d37000-7edf2b000000 ---p 00000000 00:00 0 
7edf2b000000-7edf2b878000 r--p 00000000 08:03 918099                     /usr/lib/locale/locale-archive
7edf2b87d000-7edf2b87e000 r--p 00000000 08:03 3025900                    /home/wangjing/.javacpp/cache/llvm-13.0.1-1.5.7-linux-x86_64.jar/org/bytedeco/llvm/linux-x86_64/libRemarks.so.13
7edf2b87e000-7edf2b87f000 r-xp 00001000 08:03 3025900                    /home/wangjing/.javacpp/cache/llvm-13.0.1-1.5.7-linux-x86_64.jar/org/bytedeco/llvm/linux-x86_64/libRemarks.so.13
7edf2b87f000-7edf2b880000 r--p 00002000 08:03 3025900                    /home/wangjing/.javacpp/cache/llvm-13.0.1-1.5.7-linux-x86_64.jar/org/bytedeco/llvm/linux-x86_64/libRemarks.so.13
7edf2b880000-7edf2b881000 r--p 00002000 08:03 3025900                    /home/wangjing/.javacpp/cache/llvm-13.0.1-1.5.7-linux-x86_64.jar/org/bytedeco/llvm/linux-x86_64/libRemarks.so.13
7edf2b881000-7edf2b882000 rw-p 00003000 08:03 3025900                    /home/wangjing/.javacpp/cache/llvm-13.0.1-1.5.7-linux-x86_64.jar/org/bytedeco/llvm/linux-x86_64/libRemarks.so.13
7edf2b882000-7edf2b886000 r--p 00000000 08:03 3025878                    /home/wangjing/.javacpp/cache/javacpp-1.5.7-linux-x86_64.jar/org/bytedeco/javacpp/linux-x86_64/libjnijavacpp.so
7edf2b886000-7edf2b88d000 r-xp 00004000 08:03 3025878                    /home/wangjing/.javacpp/cache/javacpp-1.5.7-linux-x86_64.jar/org/bytedeco/javacpp/linux-x86_64/libjnijavacpp.so
7edf2b88d000-7edf2b891000 r--p 0000b000 08:03 3025878                    /home/wangjing/.javacpp/cache/javacpp-1.5.7-linux-x86_64.jar/org/bytedeco/javacpp/linux-x86_64/libjnijavacpp.so
7edf2b891000-7edf2b892000 r--p 0000e000 08:03 3025878                    /home/wangjing/.javacpp/cache/javacpp-1.5.7-linux-x86_64.jar/org/bytedeco/javacpp/linux-x86_64/libjnijavacpp.so
7edf2b892000-7edf2b893000 rw-p 0000f000 08:03 3025878                    /home/wangjing/.javacpp/cache/javacpp-1.5.7-linux-x86_64.jar/org/bytedeco/javacpp/linux-x86_64/libjnijavacpp.so
7edf2b893000-7edf2b89f000 r-xp 00000000 08:03 2903276                    /home/wangjing/.jdks/openjdk-21.0.2/lib/libnet.so
7edf2b89f000-7edf2b8a0000 r--p 0000b000 08:03 2903276                    /home/wangjing/.jdks/openjdk-21.0.2/lib/libnet.so
7edf2b8a0000-7edf2b8a1000 rw-p 0000c000 08:03 2903276                    /home/wangjing/.jdks/openjdk-21.0.2/lib/libnet.so
7edf2b8a1000-7edf2b8b5000 r-xp 00000000 08:03 2903277                    /home/wangjing/.jdks/openjdk-21.0.2/lib/libnio.so
7edf2b8b5000-7edf2b8b6000 r--p 00013000 08:03 2903277                    /home/wangjing/.jdks/openjdk-21.0.2/lib/libnio.so
7edf2b8b6000-7edf2b8b7000 rw-p 00014000 08:03 2903277                    /home/wangjing/.jdks/openjdk-21.0.2/lib/libnio.so
7edf2b8b7000-7edf2b8bc000 r-xp 00000000 08:03 2903253                    /home/wangjing/.jdks/openjdk-21.0.2/lib/libdt_socket.so
7edf2b8bc000-7edf2b8bd000 r--p 00004000 08:03 2903253                    /home/wangjing/.jdks/openjdk-21.0.2/lib/libdt_socket.so
7edf2b8bd000-7edf2b8be000 rw-p 00005000 08:03 2903253                    /home/wangjing/.jdks/openjdk-21.0.2/lib/libdt_socket.so
7edf2b8be000-7edf2ba00000 rw-p 00000000 00:00 0 
7edf2ba00000-7edf33ecf000 r--s 00000000 08:03 2903286                    /home/wangjing/.jdks/openjdk-21.0.2/lib/modules
7edf33ed2000-7edf33f1a000 rw-p 00000000 00:00 0 
7edf33f1a000-7edf34000000 ---p 00000000 00:00 0 
7edf34000000-7edf34440000 rw-p 00000000 00:00 0 
7edf34440000-7edf38000000 ---p 00000000 00:00 0 
7edf38002000-7edf38009000 r--s 00000000 08:03 1577451                    /usr/lib/x86_64-linux-gnu/gconv/gconv-modules.cache
7edf38009000-7edf3800e000 rw-p 00000000 00:00 0 
7edf3800e000-7edf380f4000 ---p 00000000 00:00 0 
7edf380f4000-7edf380f9000 rw-p 00000000 00:00 0 
7edf380f9000-7edf38100000 ---p 00000000 00:00 0 
7edf38100000-7edf38104000 ---p 00000000 00:00 0 
7edf38104000-7edf38200000 rw-p 00000000 00:00 0 
7edf38200000-7edf39512000 r-xp 00000000 08:03 2903298                    /home/wangjing/.jdks/openjdk-21.0.2/lib/server/libjvm.so
7edf39512000-7edf39513000 ---p 01312000 08:03 2903298                    /home/wangjing/.jdks/openjdk-21.0.2/lib/server/libjvm.so
7edf39513000-7edf395e0000 r--p 01312000 08:03 2903298                    /home/wangjing/.jdks/openjdk-21.0.2/lib/server/libjvm.so
7edf395e0000-7edf3960e000 rw-p 013df000 08:03 2903298                    /home/wangjing/.jdks/openjdk-21.0.2/lib/server/libjvm.so
7edf3960e000-7edf39674000 rw-p 00000000 00:00 0 
7edf39676000-7edf3967c000 r--s 000f8000 08:03 1311711                    /opt/idea/idea-IU-233.14475.28/plugins/java/lib/rt/debugger-agent.jar
7edf3967c000-7edf39683000 r-xp 00000000 08:03 2903285                    /home/wangjing/.jdks/openjdk-21.0.2/lib/libzip.so
7edf39683000-7edf39684000 ---p 00007000 08:03 2903285                    /home/wangjing/.jdks/openjdk-21.0.2/lib/libzip.so
7edf39684000-7edf39685000 r--p 00007000 08:03 2903285                    /home/wangjing/.jdks/openjdk-21.0.2/lib/libzip.so
7edf39685000-7edf39686000 rw-p 00008000 08:03 2903285                    /home/wangjing/.jdks/openjdk-21.0.2/lib/libzip.so
7edf39686000-7edf3968e000 rw-s 00000000 08:03 131140                     /tmp/hsperfdata_wangjing/31817
7edf3968e000-7edf396ae000 r-xp 00000000 08:03 2903261                    /home/wangjing/.jdks/openjdk-21.0.2/lib/libjava.so
7edf396ae000-7edf396af000 ---p 00020000 08:03 2903261                    /home/wangjing/.jdks/openjdk-21.0.2/lib/libjava.so
7edf396af000-7edf396b0000 r--p 00020000 08:03 2903261                    /home/wangjing/.jdks/openjdk-21.0.2/lib/libjava.so
7edf396b0000-7edf396b1000 rw-p 00021000 08:03 2903261                    /home/wangjing/.jdks/openjdk-21.0.2/lib/libjava.so
7edf396b1000-7edf396b2000 rw-p 00000000 00:00 0 
7edf396b2000-7edf396f2000 r-xp 00000000 08:03 2903264                    /home/wangjing/.jdks/openjdk-21.0.2/lib/libjdwp.so
7edf396f2000-7edf396f3000 r--p 0003f000 08:03 2903264                    /home/wangjing/.jdks/openjdk-21.0.2/lib/libjdwp.so
7edf396f3000-7edf396f4000 rw-p 00040000 08:03 2903264                    /home/wangjing/.jdks/openjdk-21.0.2/lib/libjdwp.so
7edf396f4000-7edf396f5000 rw-p 00000000 00:00 0 
7edf396f5000-7edf39710000 r-xp 00000000 08:03 2903265                    /home/wangjing/.jdks/openjdk-21.0.2/lib/libjimage.so
7edf39710000-7edf39711000 ---p 0001b000 08:03 2903265                    /home/wangjing/.jdks/openjdk-21.0.2/lib/libjimage.so
7edf39711000-7edf39713000 r--p 0001b000 08:03 2903265                    /home/wangjing/.jdks/openjdk-21.0.2/lib/libjimage.so
7edf39713000-7edf39714000 rw-p 0001d000 08:03 2903265                    /home/wangjing/.jdks/openjdk-21.0.2/lib/libjimage.so
7edf39714000-7edf39722000 r--p 00000000 08:03 918405                     /usr/lib/x86_64-linux-gnu/libm.so.6
7edf39722000-7edf3979e000 r-xp 0000e000 08:03 918405                     /usr/lib/x86_64-linux-gnu/libm.so.6
7edf3979e000-7edf397f9000 r--p 0008a000 08:03 918405                     /usr/lib/x86_64-linux-gnu/libm.so.6
7edf397f9000-7edf397fa000 r--p 000e4000 08:03 918405                     /usr/lib/x86_64-linux-gnu/libm.so.6
7edf397fa000-7edf397fb000 rw-p 000e5000 08:03 918405                     /usr/lib/x86_64-linux-gnu/libm.so.6
7edf397fb000-7edf397fc000 r--p 00000000 08:03 918629                     /usr/lib/x86_64-linux-gnu/librt.so.1
7edf397fc000-7edf397fd000 r-xp 00001000 08:03 918629                     /usr/lib/x86_64-linux-gnu/librt.so.1
7edf397fd000-7edf397fe000 r--p 00002000 08:03 918629                     /usr/lib/x86_64-linux-gnu/librt.so.1
7edf397fe000-7edf397ff000 r--p 00002000 08:03 918629                     /usr/lib/x86_64-linux-gnu/librt.so.1
7edf397ff000-7edf39800000 rw-p 00003000 08:03 918629                     /usr/lib/x86_64-linux-gnu/librt.so.1
7edf39800000-7edf39828000 r--p 00000000 08:03 918327                     /usr/lib/x86_64-linux-gnu/libc.so.6
7edf39828000-7edf399bd000 r-xp 00028000 08:03 918327                     /usr/lib/x86_64-linux-gnu/libc.so.6
7edf399bd000-7edf39a15000 r--p 001bd000 08:03 918327                     /usr/lib/x86_64-linux-gnu/libc.so.6
7edf39a15000-7edf39a16000 ---p 00215000 08:03 918327                     /usr/lib/x86_64-linux-gnu/libc.so.6
7edf39a16000-7edf39a1a000 r--p 00215000 08:03 918327                     /usr/lib/x86_64-linux-gnu/libc.so.6
7edf39a1a000-7edf39a1c000 rw-p 00219000 08:03 918327                     /usr/lib/x86_64-linux-gnu/libc.so.6
7edf39a1c000-7edf39a29000 rw-p 00000000 00:00 0 
7edf39a29000-7edf39a2d000 rw-p 00000000 00:00 0 
7edf39a2d000-7edf39a2e000 r--p 00000000 08:03 918333                     /usr/lib/x86_64-linux-gnu/libdl.so.2
7edf39a2e000-7edf39a2f000 r-xp 00001000 08:03 918333                     /usr/lib/x86_64-linux-gnu/libdl.so.2
7edf39a2f000-7edf39a30000 r--p 00002000 08:03 918333                     /usr/lib/x86_64-linux-gnu/libdl.so.2
7edf39a30000-7edf39a31000 r--p 00002000 08:03 918333                     /usr/lib/x86_64-linux-gnu/libdl.so.2
7edf39a31000-7edf39a32000 rw-p 00003000 08:03 918333                     /usr/lib/x86_64-linux-gnu/libdl.so.2
7edf39a32000-7edf39a33000 r--p 00000000 08:03 918461                     /usr/lib/x86_64-linux-gnu/libpthread.so.0
7edf39a33000-7edf39a34000 r-xp 00001000 08:03 918461                     /usr/lib/x86_64-linux-gnu/libpthread.so.0
7edf39a34000-7edf39a35000 r--p 00002000 08:03 918461                     /usr/lib/x86_64-linux-gnu/libpthread.so.0
7edf39a35000-7edf39a36000 r--p 00002000 08:03 918461                     /usr/lib/x86_64-linux-gnu/libpthread.so.0
7edf39a36000-7edf39a37000 rw-p 00003000 08:03 918461                     /usr/lib/x86_64-linux-gnu/libpthread.so.0
7edf39a37000-7edf39a45000 r-xp 00000000 08:03 2903266                    /home/wangjing/.jdks/openjdk-21.0.2/lib/libjli.so
7edf39a45000-7edf39a46000 ---p 0000e000 08:03 2903266                    /home/wangjing/.jdks/openjdk-21.0.2/lib/libjli.so
7edf39a46000-7edf39a47000 r--p 0000e000 08:03 2903266                    /home/wangjing/.jdks/openjdk-21.0.2/lib/libjli.so
7edf39a47000-7edf39a48000 rw-p 0000f000 08:03 2903266                    /home/wangjing/.jdks/openjdk-21.0.2/lib/libjli.so
7edf39a48000-7edf39a4a000 r--p 00000000 08:03 917955                     /usr/lib/x86_64-linux-gnu/libz.so.1.2.11
7edf39a4a000-7edf39a5b000 r-xp 00002000 08:03 917955                     /usr/lib/x86_64-linux-gnu/libz.so.1.2.11
7edf39a5b000-7edf39a61000 r--p 00013000 08:03 917955                     /usr/lib/x86_64-linux-gnu/libz.so.1.2.11
7edf39a61000-7edf39a62000 ---p 00019000 08:03 917955                     /usr/lib/x86_64-linux-gnu/libz.so.1.2.11
7edf39a62000-7edf39a63000 r--p 00019000 08:03 917955                     /usr/lib/x86_64-linux-gnu/libz.so.1.2.11
7edf39a63000-7edf39a64000 rw-p 0001a000 08:03 917955                     /usr/lib/x86_64-linux-gnu/libz.so.1.2.11
7edf39a67000-7edf39a71000 r-xp 00000000 08:03 2903256                    /home/wangjing/.jdks/openjdk-21.0.2/lib/libinstrument.so
7edf39a71000-7edf39a72000 ---p 0000a000 08:03 2903256                    /home/wangjing/.jdks/openjdk-21.0.2/lib/libinstrument.so
7edf39a72000-7edf39a73000 r--p 0000a000 08:03 2903256                    /home/wangjing/.jdks/openjdk-21.0.2/lib/libinstrument.so
7edf39a73000-7edf39a74000 rw-p 0000b000 08:03 2903256                    /home/wangjing/.jdks/openjdk-21.0.2/lib/libinstrument.so
7edf39a74000-7edf39a75000 ---p 00000000 00:00 0 
7edf39a75000-7edf39a76000 r--p 00000000 00:00 0 
7edf39a76000-7edf39a78000 rw-p 00000000 00:00 0 
7edf39a78000-7edf39a7a000 r--p 00000000 08:03 917666                     /usr/lib/x86_64-linux-gnu/ld-linux-x86-64.so.2
7edf39a7a000-7edf39aa4000 r-xp 00002000 08:03 917666                     /usr/lib/x86_64-linux-gnu/ld-linux-x86-64.so.2
7edf39aa4000-7edf39aaf000 r--p 0002c000 08:03 917666                     /usr/lib/x86_64-linux-gnu/ld-linux-x86-64.so.2
7edf39aaf000-7edf39ab0000 ---p 00000000 00:00 0 
7edf39ab0000-7edf39ab2000 r--p 00037000 08:03 917666                     /usr/lib/x86_64-linux-gnu/ld-linux-x86-64.so.2
7edf39ab2000-7edf39ab4000 rw-p 00039000 08:03 917666                     /usr/lib/x86_64-linux-gnu/ld-linux-x86-64.so.2
7ffea760e000-7ffea762f000 rw-p 00000000 00:00 0                          [stack]
7ffea7661000-7ffea7665000 r--p 00000000 00:00 0                          [vvar]
7ffea7665000-7ffea7667000 r-xp 00000000 00:00 0                          [vdso]
ffffffffff600000-ffffffffff601000 --xp 00000000 00:00 0                  [vsyscall]
Total number of mappings: 245


VM Arguments:
jvm_args: -agentlib:jdwp=transport=dt_socket,address=127.0.0.1:57983,suspend=y,server=n -javaagent:/opt/idea/idea-IU-233.14475.28/plugins/java/lib/rt/debugger-agent.jar -Dfile.encoding=UTF-8 -Dsun.stdout.encoding=UTF-8 -Dsun.stderr.encoding=UTF-8 
java_command: Main ./tests/test1.sysy output.ll
java_class_path (initial): /home/wangjing/Lab/target/classes:/usr/local/lib/javacpp-1.5.7.jar:/usr/local/lib/llvm-13.0.1-1.5.7.jar:/usr/local/lib/antlr-4.9.1-complete.jar:/usr/local/lib/javacpp-1.5.7-linux-x86_64.jar:/usr/local/lib/llvm-platform-13.0.1-1.5.7.jar:/usr/local/lib/llvm-13.0.1-1.5.7-linux-x86_64.jar:/opt/idea/idea-IU-233.14475.28/lib/idea_rt.jar
Launcher Type: SUN_STANDARD

[Global flags]
     intx CICompilerCount                          = 2                                         {product} {ergonomic}
     uint ConcGCThreads                            = 1                                         {product} {ergonomic}
     uint G1ConcRefinementThreads                  = 2                                         {product} {ergonomic}
   size_t G1HeapRegionSize                         = 2097152                                   {product} {ergonomic}
    uintx GCDrainStackTargetSize                   = 64                                        {product} {ergonomic}
   size_t InitialHeapSize                          = 262144000                                 {product} {ergonomic}
   size_t MarkStackSize                            = 4194304                                   {product} {ergonomic}
   size_t MaxHeapSize                              = 4181721088                                {product} {ergonomic}
   size_t MaxNewSize                               = 2508193792                                {product} {ergonomic}
   size_t MinHeapDeltaBytes                        = 2097152                                   {product} {ergonomic}
   size_t MinHeapSize                              = 8388608                                   {product} {ergonomic}
    uintx NonNMethodCodeHeapSize                   = 5826188                                {pd product} {ergonomic}
    uintx NonProfiledCodeHeapSize                  = 122916026                              {pd product} {ergonomic}
    uintx ProfiledCodeHeapSize                     = 122916026                              {pd product} {ergonomic}
    uintx ReservedCodeCacheSize                    = 251658240                              {pd product} {ergonomic}
     bool SegmentedCodeCache                       = true                                      {product} {ergonomic}
   size_t SoftMaxHeapSize                          = 4181721088                             {manageable} {ergonomic}
     bool UseCompressedOops                        = true                           {product lp64_product} {ergonomic}
     bool UseG1GC                                  = true                                      {product} {ergonomic}

Logging:
Log output configuration:
 #0: stdout all=warning uptime,level,tags foldmultilines=false
 #1: stderr all=off uptime,level,tags foldmultilines=false

Environment Variables:
PATH=/usr/local/sbin:/usr/local/bin:/usr/sbin:/usr/bin:/sbin:/bin:/usr/games:/usr/local/games:/snap/bin:/snap/bin
USERNAME=wangjing
SHELL=/bin/bash
DISPLAY=:0
LANG=en_US.UTF-8
LC_NUMERIC=zh_CN.UTF-8
LC_TIME=zh_CN.UTF-8

Active Locale:
LC_ALL=LC_CTYPE=en_US.UTF-8;LC_NUMERIC=zh_CN.UTF-8;LC_TIME=zh_CN.UTF-8;LC_COLLATE=en_US.UTF-8;LC_MONETARY=zh_CN.UTF-8;LC_MESSAGES=en_US.UTF-8;LC_PAPER=zh_CN.UTF-8;LC_NAME=zh_CN.UTF-8;LC_ADDRESS=zh_CN.UTF-8;LC_TELEPHONE=zh_CN.UTF-8;LC_MEASUREMENT=zh_CN.UTF-8;LC_IDENTIFICATION=zh_CN.UTF-8
LC_COLLATE=en_US.UTF-8
LC_CTYPE=en_US.UTF-8
LC_MESSAGES=en_US.UTF-8
LC_MONETARY=zh_CN.UTF-8
LC_NUMERIC=zh_CN.UTF-8
LC_TIME=zh_CN.UTF-8

Signal Handlers:
   SIGSEGV: crash_handler in libjvm.so, mask=11100100010111111101111111111110, flags=SA_RESTART|SA_SIGINFO, unblocked
    SIGBUS: crash_handler in libjvm.so, mask=11100100010111111101111111111110, flags=SA_RESTART|SA_SIGINFO, unblocked
    SIGFPE: crash_handler in libjvm.so, mask=11100100010111111101111111111110, flags=SA_RESTART|SA_SIGINFO, unblocked
   SIGPIPE: javaSignalHandler in libjvm.so, mask=11100100010111111101111111111110, flags=SA_RESTART|SA_SIGINFO, blocked
   SIGXFSZ: javaSignalHandler in libjvm.so, mask=11100100010111111101111111111110, flags=SA_RESTART|SA_SIGINFO, blocked
    SIGILL: crash_handler in libjvm.so, mask=11100100010111111101111111111110, flags=SA_RESTART|SA_SIGINFO, unblocked
   SIGUSR2: SR_handler in libjvm.so, mask=00100000000000000000000000000000, flags=SA_RESTART|SA_SIGINFO, blocked
    SIGHUP: UserHandler in libjvm.so, mask=11100100010111111101111111111110, flags=SA_RESTART|SA_SIGINFO, blocked
    SIGINT: UserHandler in libjvm.so, mask=11100100010111111101111111111110, flags=SA_RESTART|SA_SIGINFO, blocked
   SIGTERM: UserHandler in libjvm.so, mask=11100100010111111101111111111110, flags=SA_RESTART|SA_SIGINFO, blocked
   SIGQUIT: UserHandler in libjvm.so, mask=11100100010111111101111111111110, flags=SA_RESTART|SA_SIGINFO, blocked
   SIGTRAP: crash_handler in libjvm.so, mask=11100100010111111101111111111110, flags=SA_RESTART|SA_SIGINFO, unblocked


Periodic native trim disabled

---------------  S Y S T E M  ---------------

OS:
DISTRIB_ID=Ubuntu
DISTRIB_RELEASE=22.04
DISTRIB_CODENAME=jammy
DISTRIB_DESCRIPTION="Ubuntu 22.04.4 LTS"
uname: Linux 6.5.0-35-generic #35~22.04.1-Ubuntu SMP PREEMPT_DYNAMIC Tue May  7 09:00:52 UTC 2 x86_64
OS uptime: 0 days 5:16 hours
libc: glibc 2.35 NPTL 2.35 
rlimit (soft/hard): STACK 8192k/infinity , CORE 0k/infinity , NPROC 63495/63495 , NOFILE 1048576/1048576 , AS infinity/infinity , CPU infinity/infinity , DATA infinity/infinity , FSIZE infinity/infinity , MEMLOCK 2041424k/2041424k
load average: 0.95 0.83 0.72

/proc/meminfo:
MemTotal:       16331420 kB
MemFree:         2206744 kB
MemAvailable:    9419364 kB
Buffers:          192260 kB
Cached:          7149204 kB
SwapCached:            0 kB
Active:          7892036 kB
Inactive:        5053420 kB
Active(anon):    5680384 kB
Inactive(anon):        0 kB
Active(file):    2211652 kB
Inactive(file):  5053420 kB
Unevictable:           0 kB
Mlocked:               0 kB
SwapTotal:       2097148 kB
SwapFree:        2097148 kB
Zswap:                 0 kB
Zswapped:              0 kB
Dirty:               736 kB
Writeback:             0 kB
AnonPages:       5604016 kB
Mapped:          1429776 kB
Shmem:             76392 kB
KReclaimable:     284840 kB
Slab:             465796 kB
SReclaimable:     284840 kB
SUnreclaim:       180956 kB
KernelStack:       16640 kB
PageTables:        39116 kB
SecPageTables:         0 kB
NFS_Unstable:          0 kB
Bounce:                0 kB
WritebackTmp:          0 kB
CommitLimit:    10262856 kB
Committed_AS:    9399364 kB
VmallocTotal:   34359738367 kB
VmallocUsed:       46232 kB
VmallocChunk:          0 kB
Percpu:           110592 kB
HardwareCorrupted:     0 kB
AnonHugePages:         0 kB
ShmemHugePages:        0 kB
ShmemPmdMapped:        0 kB
FileHugePages:         0 kB
FilePmdMapped:         0 kB
Unaccepted:            0 kB
HugePages_Total:       0
HugePages_Free:        0
HugePages_Rsvd:        0
HugePages_Surp:        0
Hugepagesize:       2048 kB
Hugetlb:               0 kB
DirectMap4k:      159552 kB
DirectMap2M:     5083136 kB
DirectMap1G:    13631488 kB

/sys/kernel/mm/transparent_hugepage/enabled: always [madvise] never
/sys/kernel/mm/transparent_hugepage/defrag (defrag/compaction efforts parameter): always defer defer+madvise [madvise] never

Process Memory:
Virtual Size: 6890072K (peak: 6890072K)
Resident Set Size: 123364K (peak: 123364K) (anon: 71800K, file: 51564K, shmem: 0K)
Swapped out: 0K
C-Heap outstanding allocations: 31461K, retained: 8778K
glibc malloc tunables: (default)

/proc/sys/kernel/threads-max (system-wide limit on the number of threads): 126990
/proc/sys/vm/max_map_count (maximum number of memory map areas a process may have): 65530
/proc/sys/kernel/pid_max (system-wide limit on number of process identifiers): 4194304

container (cgroup) information:
container_type: cgroupv2
cpu_cpuset_cpus: not supported
cpu_memory_nodes: not supported
active_processor_count: 2
cpu_quota: not supported
cpu_period: not supported
cpu_shares: not supported
memory_limit_in_bytes: unlimited
memory_and_swap_limit_in_bytes: unlimited
memory_soft_limit_in_bytes: unlimited
memory_usage_in_bytes: 5747228 k
memory_max_usage_in_bytes: not supported
memory_swap_current_in_bytes: unlimited
memory_swap_max_limit_in_bytes: unlimited
maximum number of tasks: 19048
current number of tasks: 173

VMWare virtualization detected
Steal ticks since vm start: 0
Steal ticks percentage since vm start:  0.000

CPU: total 2 (initial active 2) (1 cores per cpu, 1 threads per core) family 25 model 116 stepping 1 microcode 0xffffffff, cx8, cmov, fxsr, mmx, sse, sse2, sse3, ssse3, sse4a, sse4.1, sse4.2, popcnt, lzcnt, tsc, tscinvbit, avx, avx2, aes, erms, clmul, bmi1, bmi2, adx, avx512f, avx512dq, avx512cd, avx512bw, avx512vl, sha, fma, vzeroupper, avx512_vpopcntdq, avx512_vpclmulqdq, avx512_vaes, avx512_vnni, clflush, clflushopt, avx512_vbmi2, avx512_vbmi, hv, rdtscp, rdpid, gfni, avx512_bitalg, f16c, avx512_ifma
CPU Model and flags from /proc/cpuinfo:
model name	: AMD Ryzen 7 7840HS with Radeon 780M Graphics
flags		: fpu vme de pse tsc msr pae mce cx8 apic sep mtrr pge mca cmov pat pse36 clflush mmx fxsr sse sse2 syscall nx mmxext pdpe1gb rdtscp lm constant_tsc rep_good nopl tsc_reliable nonstop_tsc cpuid extd_apicid tsc_known_freq pni pclmulqdq ssse3 fma cx16 sse4_1 sse4_2 x2apic movbe popcnt aes xsave avx f16c rdrand hypervisor lahf_lm cr8_legacy abm sse4a misalignsse 3dnowprefetch osvw topoext ibpb vmmcall fsgsbase bmi1 avx2 smep bmi2 erms invpcid avx512f avx512dq rdseed adx smap avx512ifma clflushopt clwb avx512cd sha_ni avx512bw avx512vl xsaveopt xsavec xgetbv1 xsaves avx512_bf16 clzero arat avx512vbmi umip avx512_vbmi2 gfni vaes vpclmulqdq avx512_vnni avx512_bitalg avx512_vpopcntdq rdpid overflow_recov succor

Online cpus: 0-1
Offline cpus: 2-127
BIOS frequency limitation: <Not Available>
Frequency switch latency (ns): <Not Available>
Available cpu frequencies: <Not Available>
Current governor: <Not Available>
Core performance/turbo boost: <Not Available>

Memory: 4k page, physical 16331420k(9419364k free), swap 2097148k(2097148k free)
Page Sizes: 4k

vm_info: OpenJDK 64-Bit Server VM (21.0.2+13-58) for linux-amd64 JRE (21.0.2+13-58), built on 2024-01-05T18:32:24Z by "mach5one" with gcc 11.2.0

END.
