#
# A fatal error has been detected by the Java Runtime Environment:
#
#  SIGSEGV (0xb) at pc=0x00007ce90a0bde5a, pid=8104, tid=8108
#
# JRE version: OpenJDK Runtime Environment (21.0.2+13) (build 21.0.2+13-58)
# Java VM: OpenJDK 64-Bit Server VM (21.0.2+13-58, mixed mode, sharing, tiered, compressed oops, compressed class ptrs, g1 gc, linux-amd64)
# Problematic frame:
# C  [libLLVM-13.so+0xcbde5a]  llvm::CallInst::init(llvm::FunctionType*, llvm::Value*, llvm::ArrayRef<llvm::Value*>, llvm::ArrayRef<llvm::OperandBundleDefT<llvm::Value*> >, llvm::Twine const&)+0x8a
#
# Core dump will be written. Default location: Core dumps may be processed with "/usr/share/apport/apport -p%p -s%s -c%c -d%d -P%P -u%u -g%g -- %E" (or dumping to /home/wangjing/Lab/core.8104)
#
# If you would like to submit a bug report, please visit:
#   https://bugreport.java.com/bugreport/crash.jsp
# The crash happened outside the Java Virtual Machine in native code.
# See problematic frame for where to report the bug.
#

---------------  S U M M A R Y ------------

Command Line: -agentlib:jdwp=transport=dt_socket,address=127.0.0.1:43171,suspend=y,server=n -javaagent:/opt/idea/idea-IU-233.14475.28/plugins/java/lib/rt/debugger-agent.jar -Dfile.encoding=UTF-8 -Dsun.stdout.encoding=UTF-8 -Dsun.stderr.encoding=UTF-8 Main ./tests/test1.sysy out.txt

Host: AMD Ryzen 7 7840HS with Radeon 780M Graphics, 2 cores, 15G, Ubuntu 22.04.4 LTS
Time: Tue May 28 15:50:52 2024 CST elapsed time: 16.045919 seconds (0d 0h 0m 16s)

---------------  T H R E A D  ---------------

Current thread (0x00007ce9b402caa0):  JavaThread "main"             [_thread_in_native, id=8108, stack(0x00007ce9b9900000,0x00007ce9b9a00000) (1024K)]

Stack: [0x00007ce9b9900000,0x00007ce9b9a00000],  sp=0x00007ce9b99fdbc0,  free space=1014k
Native frames: (J=compiled Java code, j=interpreted, Vv=VM code, C=native code)
C  [libLLVM-13.so+0xcbde5a]  llvm::CallInst::init(llvm::FunctionType*, llvm::Value*, llvm::ArrayRef<llvm::Value*>, llvm::ArrayRef<llvm::OperandBundleDefT<llvm::Value*> >, llvm::Twine const&)+0x8a
Java frames: (J=compiled Java code, j=interpreted, Vv=VM code)
j  org.bytedeco.llvm.global.LLVM.LLVMBuildCall(Lorg/bytedeco/llvm/LLVM/LLVMBuilderRef;Lorg/bytedeco/llvm/LLVM/LLVMValueRef;Lorg/bytedeco/javacpp/PointerPointer;ILjava/lang/String;)Lorg/bytedeco/llvm/LLVM/LLVMValueRef;+0
j  MyVisitor.visitFunCall(LSysYParser$FunCallContext;)Lorg/bytedeco/llvm/LLVM/LLVMValueRef;+99
j  MyVisitor.visitFunCall(LSysYParser$FunCallContext;)Ljava/lang/Object;+2
j  SysYParser$FunCallContext.accept(Lorg/antlr/v4/runtime/tree/ParseTreeVisitor;)Ljava/lang/Object;+12
j  org.antlr.v4.runtime.tree.AbstractParseTreeVisitor.visit(Lorg/antlr/v4/runtime/tree/ParseTree;)Ljava/lang/Object;+2
j  MyVisitor.visit(Lorg/antlr/v4/runtime/tree/ParseTree;)Lorg/bytedeco/llvm/LLVM/LLVMValueRef;+2
j  MyVisitor.visitStmt5(LSysYParser$Stmt5Context;)Lorg/bytedeco/llvm/LLVM/LLVMValueRef;+5
j  MyVisitor.visitStmt5(LSysYParser$Stmt5Context;)Ljava/lang/Object;+2
j  SysYParser$Stmt5Context.accept(Lorg/antlr/v4/runtime/tree/ParseTreeVisitor;)Ljava/lang/Object;+12
j  org.antlr.v4.runtime.tree.AbstractParseTreeVisitor.visitChildren(Lorg/antlr/v4/runtime/tree/RuleNode;)Ljava/lang/Object;+46
j  SysYParserBaseVisitor.visitBlockItem(LSysYParser$BlockItemContext;)Ljava/lang/Object;+2
j  SysYParser$BlockItemContext.accept(Lorg/antlr/v4/runtime/tree/ParseTreeVisitor;)Ljava/lang/Object;+12
j  org.antlr.v4.runtime.tree.AbstractParseTreeVisitor.visit(Lorg/antlr/v4/runtime/tree/ParseTree;)Ljava/lang/Object;+2
j  MyVisitor.visit(Lorg/antlr/v4/runtime/tree/ParseTree;)Lorg/bytedeco/llvm/LLVM/LLVMValueRef;+2
j  MyVisitor.visitBlock(LSysYParser$BlockContext;)Lorg/bytedeco/llvm/LLVM/LLVMValueRef;+92
j  MyVisitor.visitFuncDef(LSysYParser$FuncDefContext;)Lorg/bytedeco/llvm/LLVM/LLVMValueRef;+254
j  MyVisitor.visitFuncDef(LSysYParser$FuncDefContext;)Ljava/lang/Object;+2
j  SysYParser$FuncDefContext.accept(Lorg/antlr/v4/runtime/tree/ParseTreeVisitor;)Ljava/lang/Object;+12
j  org.antlr.v4.runtime.tree.AbstractParseTreeVisitor.visitChildren(Lorg/antlr/v4/runtime/tree/RuleNode;)Ljava/lang/Object;+46
j  SysYParserBaseVisitor.visitCompUnit(LSysYParser$CompUnitContext;)Ljava/lang/Object;+2
j  MyVisitor.visitCompUnit(LSysYParser$CompUnitContext;)Lorg/bytedeco/llvm/LLVM/LLVMValueRef;+2
j  MyVisitor.visitProgram(LSysYParser$ProgramContext;)Lorg/bytedeco/llvm/LLVM/LLVMValueRef;+48
j  MyVisitor.visitProgram(LSysYParser$ProgramContext;)Ljava/lang/Object;+2
j  SysYParser$ProgramContext.accept(Lorg/antlr/v4/runtime/tree/ParseTreeVisitor;)Ljava/lang/Object;+12
j  org.antlr.v4.runtime.tree.AbstractParseTreeVisitor.visit(Lorg/antlr/v4/runtime/tree/ParseTree;)Ljava/lang/Object;+2
j  MyVisitor.visit(Lorg/antlr/v4/runtime/tree/ParseTree;)Lorg/bytedeco/llvm/LLVM/LLVMValueRef;+2
j  Main.main([Ljava/lang/String;)V+73
v  ~StubRoutines::call_stub 0x00007ce9a3f38cc6

siginfo: si_signo: 11 (SIGSEGV), si_code: 1 (SEGV_MAPERR), si_addr: 0x000000000000201d

Registers:
RAX=0x00007ce9b43f24a0, RBX=0x00007ce9b43eb250, RCX=0x000000000000200d, RDX=0x00007ce9b43f2128
RSP=0x00007ce9b99fdbc0, RBP=0x00007ce9b43f24e0, RSI=0x00007ce9b43eb248, RDI=0x0000000000000001
R8 =0x0000000000000001, R9 =0x00007ce91c06e990, R10=0x0000000000000000, R11=0x0000000000000000
R12=0x00007ce9b99fdc60, R13=0x00007ce9b43f24a8, R14=0x0000000000000000, R15=0x0000000000000000
RIP=0x00007ce90a0bde5a, EFLAGS=0x0000000000010202, CSGSFS=0x002b000000000033, ERR=0x0000000000000006
  TRAPNO=0x000000000000000e


Register to memory mapping:

RAX=0x00007ce9b43f24a0 points into unknown readable memory: 0x00007ce9b43eb248 | 48 b2 3e b4 e9 7c 00 00
RBX=0x00007ce9b43eb250 points into unknown readable memory: 0x000000000000200d | 0d 20 00 00 00 00 00 00
RCX=0x000000000000200d is an unknown value
RDX=0x00007ce9b43f2128 points into unknown readable memory: 0x00007ce9b43ed590 | 90 d5 3e b4 e9 7c 00 00
RSP=0x00007ce9b99fdbc0 is pointing into the stack for thread: 0x00007ce9b402caa0
RBP=0x00007ce9b43f24e0 points into unknown readable memory: 0x00007ce9b43eb248 | 48 b2 3e b4 e9 7c 00 00
RSI=0x00007ce9b43eb248 points into unknown readable memory: 0x00007ce9b43ea8c0 | c0 a8 3e b4 e9 7c 00 00
RDI=0x0000000000000001 is an unknown value
R8 =0x0000000000000001 is an unknown value
R9 =0x00007ce91c06e990 points into unknown readable memory: 0x00007ce9b43eb248 | 48 b2 3e b4 e9 7c 00 00
R10=0x0 is null
R11=0x0 is null
R12=0x00007ce9b99fdc60 is pointing into the stack for thread: 0x00007ce9b402caa0
R13=0x00007ce9b43f24a8 points into unknown readable memory: 0x000000000000200d | 0d 20 00 00 00 00 00 00
R14=0x0 is null
R15=0x0 is null

Top of Stack: (sp=0x00007ce9b99fdbc0)
0x00007ce9b99fdbc0:   0000000000000002 00007ce9b43ea8e0
0x00007ce9b99fdbd0:   00007ce9b99fdc60 00007ce9b43f24e0
0x00007ce9b99fdbe0:   0000000000000000 00007ce90a02fe78
0x00007ce9b99fdbf0:   0000000000000000 0000000000000000
0x00007ce9b99fdc00:   00007ce91c06e990 00007ce9b43ed560
0x00007ce9b99fdc10:   00007ce9b43f2128 0000000000000001
0x00007ce9b99fdc20:   00007ce9b43f2128 0000000000000000
0x00007ce9b99fdc30:   00007ce918003900 0000000000000000
0x00007ce9b99fdc40:   cafebabecafebabe 0000000000000000
0x00007ce9b99fdc50:   0000000000000103 0000000000000000
0x00007ce9b99fdc60:   0000000000000000 0000000000000000
0x00007ce9b99fdc70:   0000000000000000 0000000000000000
0x00007ce9b99fdc80:   00007ce91c060101 00007ce91c06e990
0x00007ce9b99fdc90:   00007ce9b402ce58 00007ce9b43f2128
0x00007ce9b99fdca0:   00007ce9b402ce58 00007ce9b99fddc8
0x00007ce9b99fdcb0:   00007ce9b43ea8e0 00007ce91c06e990
0x00007ce9b99fdcc0:   00007ce918003900 00007ce988d824ca
0x00007ce9b99fdcd0:   00007ce93754ccf8 00000001b402caa0
0x00007ce9b99fdce0:   00007ce9b99fdd48 00007ce93754ccf8
0x00007ce9b99fdcf0:   00007ce9b99fdd90 0000000000000000
0x00007ce9b99fdd00:   00007ce93754ccf0 00007ce9b99fddd0
0x00007ce9b99fdd10:   00007ce9b402caa0 00007ce9a3f47c0d
0x00007ce9b99fdd20:   00007ce9b99fddb0 0000000000000000
0x00007ce9b99fdd30:   00007ce9b99fdd90 00007ce9a3f4781b
0x00007ce9b99fdd40:   00007ce9a3f477d8 00007ce9b99fdd48
0x00007ce9b99fdd50:   00007ce93754ccf0 0000000000000008
0x00007ce9b99fdd60:   00007ce937582cd8 0000000000000000
0x00007ce9b99fdd70:   0000000715dd01f0 00007ce93754ccf8
0x00007ce9b99fdd80:   0000000000000000 00007ce9b99fddb0
0x00007ce9b99fdd90:   00007ce9b99fde20 00007ce9a3f40cb5
0x00007ce9b99fdda0:   0000000715dd01f0 00007ce9a3f43e5a
0x00007ce9b99fddb0:   0000000715bc8068 0000000000000001 

Instructions: (pc=0x00007ce90a0bde5a)
0x00007ce90a0bdd5a:   fb 48 83 ec 08 e8 cc f5 09 00 48 8d 2c 10 31 c0
0x00007ce90a0bdd6a:   80 7b 17 00 79 08 48 89 df e8 b8 f5 09 00 48 29
0x00007ce90a0bdd7a:   c5 48 89 e8 48 c1 f8 04 85 c0 74 2a 48 8b 53 e0
0x00007ce90a0bdd8a:   b8 01 00 00 00 48 85 d2 74 0d 80 7a 10 00 75 07
0x00007ce90a0bdd9a:   83 7a 24 06 0f 95 c0 48 83 c4 08 5b 5d c3 0f 1f
0x00007ce90a0bddaa:   84 00 00 00 00 00 48 83 c4 08 31 c0 5b 5d c3 0f
0x00007ce90a0bddba:   1f 80 00 00 00 00 31 c0 c3 66 2e 0f 1f 84 00 00
0x00007ce90a0bddca:   00 00 00 0f 1f 00 41 55 41 54 4d 89 cc 49 89 c9
0x00007ce90a0bddda:   4a 8d 0c c5 00 00 00 00 55 48 89 fd 53 48 89 fb
0x00007ce90a0bddea:   48 83 ec 08 8b 47 14 48 89 77 48 48 89 cf 4c 8b
0x00007ce90a0bddfa:   54 24 30 4c 8b 5c 24 38 48 c1 ff 03 25 ff ff ff
0x00007ce90a0bde0a:   07 48 c1 e0 05 48 29 c3 48 85 c9 7e 5d 48 89 d8
0x00007ce90a0bde1a:   66 0f 1f 44 00 00 48 83 38 00 49 8b 31 74 14 48
0x00007ce90a0bde2a:   8b 48 08 48 8b 58 10 48 89 0b 48 85 c9 74 04 48
0x00007ce90a0bde3a:   89 59 10 48 89 30 48 85 f6 74 21 48 8b 4e 08 48
0x00007ce90a0bde4a:   8d 5e 08 48 89 48 08 48 85 c9 74 08 4c 8d 68 08
0x00007ce90a0bde5a:   4c 89 69 10 48 89 58 10 48 89 46 08 49 83 c1 08
0x00007ce90a0bde6a:   48 83 c0 20 48 83 ef 01 75 ac 48 83 7d e0 00 74
0x00007ce90a0bde7a:   14 48 8b 45 e8 48 8b 4d f0 48 89 01 48 85 c0 74
0x00007ce90a0bde8a:   04 48 89 48 10 48 89 55 e0 48 85 d2 74 25 48 8b
0x00007ce90a0bde9a:   42 08 48 8d 4a 08 48 89 45 e8 48 85 c0 74 08 48
0x00007ce90a0bdeaa:   8d 75 e8 48 89 70 10 48 8d 45 e0 48 89 4d f0 48
0x00007ce90a0bdeba:   89 42 08 48 89 ef 4c 89 d6 4c 89 da 44 89 c1 e8
0x00007ce90a0bdeca:   12 f5 ff ff 48 83 c4 08 4c 89 e6 48 89 ef 5b 5d
0x00007ce90a0bdeda:   41 5c 41 5d e9 3d 46 0a 00 66 2e 0f 1f 84 00 00
0x00007ce90a0bdeea:   00 00 00 0f 1f 00 49 89 f0 48 83 7f e0 00 48 89
0x00007ce90a0bdefa:   ce 4c 89 47 48 74 14 48 8b 47 e8 48 8b 4f f0 48
0x00007ce90a0bdf0a:   89 01 48 85 c0 74 04 48 89 48 10 48 89 57 e0 48
0x00007ce90a0bdf1a:   85 d2 74 25 48 8b 42 08 48 8d 4a 08 48 89 47 e8
0x00007ce90a0bdf2a:   48 85 c0 74 08 4c 8d 47 e8 4c 89 40 10 48 8d 47
0x00007ce90a0bdf3a:   e0 48 89 4f f0 48 89 42 08 e9 d8 45 0a 00 0f 1f
0x00007ce90a0bdf4a:   84 00 00 00 00 00 41 56 4c 8d 77 e0 4d 89 c1 41 


Stack slot to memory mapping:

stack at sp + 0 slots: 0x0000000000000002 is an unknown value
stack at sp + 1 slots: 0x00007ce9b43ea8e0 points into unknown readable memory: 0x00007ce9b43ea8f0 | f0 a8 3e b4 e9 7c 00 00
stack at sp + 2 slots: 0x00007ce9b99fdc60 is pointing into the stack for thread: 0x00007ce9b402caa0
stack at sp + 3 slots: 0x00007ce9b43f24e0 points into unknown readable memory: 0x00007ce9b43eb248 | 48 b2 3e b4 e9 7c 00 00
stack at sp + 4 slots: 0x0 is null
stack at sp + 5 slots: 0x00007ce90a02fe78: LLVMBuildCall+0x0000000000000188 in /home/wangjing/.javacpp/cache/llvm-13.0.1-1.5.7-linux-x86_64.jar/org/bytedeco/llvm/linux-x86_64/libLLVM-13.so at 0x00007ce909400000
stack at sp + 6 slots: 0x0 is null
stack at sp + 7 slots: 0x0 is null


---------------  P R O C E S S  ---------------

Threads class SMR info:
_java_thread_list=0x00007ce9b42133b0, length=14, elements={
0x00007ce9b402caa0, 0x00007ce9b4152840, 0x00007ce9b4153e90, 0x00007ce9b4155970,
0x00007ce9b4156fb0, 0x00007ce9b4158550, 0x00007ce9b415a090, 0x00007ce9b415b750,
0x00007ce9b41750d0, 0x00007ce9b41b25c0, 0x00007ce9b41c6310, 0x00007ce9100a9360,
0x00007ce9b41da350, 0x00007ce9b42127e0
}

Java Threads: ( => current thread )
=>0x00007ce9b402caa0 JavaThread "main"                              [_thread_in_native, id=8108, stack(0x00007ce9b9900000,0x00007ce9b9a00000) (1024K)]
  0x00007ce9b4152840 JavaThread "Reference Handler"          daemon [_thread_blocked, id=8128, stack(0x00007ce989dff000,0x00007ce989eff000) (1024K)]
  0x00007ce9b4153e90 JavaThread "Finalizer"                  daemon [_thread_blocked, id=8129, stack(0x00007ce989cff000,0x00007ce989dff000) (1024K)]
  0x00007ce9b4155970 JavaThread "Signal Dispatcher"          daemon [_thread_blocked, id=8130, stack(0x00007ce989bff000,0x00007ce989cff000) (1024K)]
  0x00007ce9b4156fb0 JavaThread "Service Thread"             daemon [_thread_blocked, id=8131, stack(0x00007ce989aff000,0x00007ce989bff000) (1024K)]
  0x00007ce9b4158550 JavaThread "Monitor Deflation Thread"   daemon [_thread_blocked, id=8132, stack(0x00007ce9899ff000,0x00007ce989aff000) (1024K)]
  0x00007ce9b415a090 JavaThread "C2 CompilerThread0"         daemon [_thread_blocked, id=8133, stack(0x00007ce9898ff000,0x00007ce9899ff000) (1024K)]
  0x00007ce9b415b750 JavaThread "C1 CompilerThread0"         daemon [_thread_blocked, id=8134, stack(0x00007ce9897ff000,0x00007ce9898ff000) (1024K)]
  0x00007ce9b41750d0 JavaThread "Common-Cleaner"             daemon [_thread_blocked, id=8135, stack(0x00007ce98962f000,0x00007ce98972f000) (1024K)]
  0x00007ce9b41b25c0 JavaThread "JDWP Transport Listener: dt_socket" daemon [_thread_blocked, id=8136, stack(0x00007ce98952f000,0x00007ce98962f000) (1024K)]
  0x00007ce9b41c6310 JavaThread "JDWP Event Helper Thread"   daemon [_thread_blocked, id=8138, stack(0x00007ce98942f000,0x00007ce98952f000) (1024K)]
  0x00007ce9100a9360 JavaThread "JDWP Command Reader"        daemon [_thread_in_native, id=8139, stack(0x00007ce98932f000,0x00007ce98942f000) (1024K)]
  0x00007ce9b41da350 JavaThread "Notification Thread"        daemon [_thread_blocked, id=8144, stack(0x00007ce98922f000,0x00007ce98932f000) (1024K)]
  0x00007ce9b42127e0 JavaThread "JavaCPP Deallocator"        daemon [_thread_blocked, id=8145, stack(0x00007ce98912f000,0x00007ce98922f000) (1024K)]
Total: 14

Other Threads:
  0x00007ce9b4145e40 VMThread "VM Thread"                           [id=8120, stack(0x00007ce989f00000,0x00007ce98a000000) (1024K)]
  0x00007ce9b412bdd0 WatcherThread "VM Periodic Task Thread"        [id=8119, stack(0x00007ce998008000,0x00007ce998108000) (1024K)]
  0x00007ce9b40955f0 WorkerThread "GC Thread#0"                     [id=8110, stack(0x00007ce9b835e000,0x00007ce9b845e000) (1024K)]
  0x00007ce9b40a64f0 ConcurrentGCThread "G1 Main Marker"            [id=8111, stack(0x00007ce9b825d000,0x00007ce9b835d000) (1024K)]
  0x00007ce9b40a7490 WorkerThread "G1 Conc#0"                       [id=8112, stack(0x00007ce9b815c000,0x00007ce9b825c000) (1024K)]
  0x00007ce9b4119340 ConcurrentGCThread "G1 Refine#0"               [id=8113, stack(0x00007ce9982e6000,0x00007ce9983e6000) (1024K)]
  0x00007ce9b411a2f0 ConcurrentGCThread "G1 Service"                [id=8115, stack(0x00007ce9981e5000,0x00007ce9982e5000) (1024K)]
Total: 7

Threads with active compile tasks:
Total: 0

VM state: not at safepoint (normal execution)

VM Mutex/Monitor currently owned by a thread: None

Heap address: 0x0000000706c00000, size: 3988 MB, Compressed Oops mode: Zero based, Oop shift amount: 3

CDS archive(s) mapped at: [0x00007ce93b000000-0x00007ce93bca6000-0x00007ce93bca6000), size 13262848, SharedBaseAddress: 0x00007ce93b000000, ArchiveRelocationMode: 1.
Compressed class space mapped at: 0x00007ce93c000000-0x00007ce97c000000, reserved size: 1073741824
Narrow klass base: 0x00007ce93b000000, Narrow klass shift: 0, Narrow klass range: 0x100000000

GC Precious Log:
 CardTable entry size: 512
 Card Set container configuration: InlinePtr #cards 4 size 8 Array Of Cards #cards 16 size 48 Howl #buckets 8 coarsen threshold 3686 Howl Bitmap #cards 512 size 80 coarsen threshold 460 Card regions per heap region 1 cards per card region 4096
 CPUs: 2 total, 2 available
 Memory: 15948M
 Large Page Support: Disabled
 NUMA Support: Disabled
 Compressed Oops: Enabled (Zero based)
 Heap Region Size: 2M
 Heap Min Capacity: 8M
 Heap Initial Capacity: 250M
 Heap Max Capacity: 3988M
 Pre-touch: Disabled
 Parallel Workers: 2
 Concurrent Workers: 1
 Concurrent Refinement Workers: 2
 Periodic GC: Disabled

Heap:
 garbage-first heap   total 258048K, used 11293K [0x0000000706c00000, 0x0000000800000000)
  region size 2048K, 6 young (12288K), 0 survivors (0K)
 Metaspace       used 3691K, committed 3904K, reserved 1114112K
  class space    used 396K, committed 512K, reserved 1048576K

Heap Regions: E=young(eden), S=young(survivor), O=old, HS=humongous(starts), HC=humongous(continues), CS=collection set, F=free, TAMS=top-at-mark-start, PB=parsable bottom
|   0|0x0000000706c00000, 0x0000000706c00000, 0x0000000706e00000|  0%| F|  |TAMS 0x0000000706c00000| PB 0x0000000706c00000| Untracked 
|   1|0x0000000706e00000, 0x0000000706e00000, 0x0000000707000000|  0%| F|  |TAMS 0x0000000706e00000| PB 0x0000000706e00000| Untracked 
|   2|0x0000000707000000, 0x0000000707000000, 0x0000000707200000|  0%| F|  |TAMS 0x0000000707000000| PB 0x0000000707000000| Untracked 
|   3|0x0000000707200000, 0x0000000707200000, 0x0000000707400000|  0%| F|  |TAMS 0x0000000707200000| PB 0x0000000707200000| Untracked 
|   4|0x0000000707400000, 0x0000000707400000, 0x0000000707600000|  0%| F|  |TAMS 0x0000000707400000| PB 0x0000000707400000| Untracked 
|   5|0x0000000707600000, 0x0000000707600000, 0x0000000707800000|  0%| F|  |TAMS 0x0000000707600000| PB 0x0000000707600000| Untracked 
|   6|0x0000000707800000, 0x0000000707800000, 0x0000000707a00000|  0%| F|  |TAMS 0x0000000707800000| PB 0x0000000707800000| Untracked 
|   7|0x0000000707a00000, 0x0000000707a00000, 0x0000000707c00000|  0%| F|  |TAMS 0x0000000707a00000| PB 0x0000000707a00000| Untracked 
|   8|0x0000000707c00000, 0x0000000707c00000, 0x0000000707e00000|  0%| F|  |TAMS 0x0000000707c00000| PB 0x0000000707c00000| Untracked 
|   9|0x0000000707e00000, 0x0000000707e00000, 0x0000000708000000|  0%| F|  |TAMS 0x0000000707e00000| PB 0x0000000707e00000| Untracked 
|  10|0x0000000708000000, 0x0000000708000000, 0x0000000708200000|  0%| F|  |TAMS 0x0000000708000000| PB 0x0000000708000000| Untracked 
|  11|0x0000000708200000, 0x0000000708200000, 0x0000000708400000|  0%| F|  |TAMS 0x0000000708200000| PB 0x0000000708200000| Untracked 
|  12|0x0000000708400000, 0x0000000708400000, 0x0000000708600000|  0%| F|  |TAMS 0x0000000708400000| PB 0x0000000708400000| Untracked 
|  13|0x0000000708600000, 0x0000000708600000, 0x0000000708800000|  0%| F|  |TAMS 0x0000000708600000| PB 0x0000000708600000| Untracked 
|  14|0x0000000708800000, 0x0000000708800000, 0x0000000708a00000|  0%| F|  |TAMS 0x0000000708800000| PB 0x0000000708800000| Untracked 
|  15|0x0000000708a00000, 0x0000000708a00000, 0x0000000708c00000|  0%| F|  |TAMS 0x0000000708a00000| PB 0x0000000708a00000| Untracked 
|  16|0x0000000708c00000, 0x0000000708c00000, 0x0000000708e00000|  0%| F|  |TAMS 0x0000000708c00000| PB 0x0000000708c00000| Untracked 
|  17|0x0000000708e00000, 0x0000000708e00000, 0x0000000709000000|  0%| F|  |TAMS 0x0000000708e00000| PB 0x0000000708e00000| Untracked 
|  18|0x0000000709000000, 0x0000000709000000, 0x0000000709200000|  0%| F|  |TAMS 0x0000000709000000| PB 0x0000000709000000| Untracked 
|  19|0x0000000709200000, 0x0000000709200000, 0x0000000709400000|  0%| F|  |TAMS 0x0000000709200000| PB 0x0000000709200000| Untracked 
|  20|0x0000000709400000, 0x0000000709400000, 0x0000000709600000|  0%| F|  |TAMS 0x0000000709400000| PB 0x0000000709400000| Untracked 
|  21|0x0000000709600000, 0x0000000709600000, 0x0000000709800000|  0%| F|  |TAMS 0x0000000709600000| PB 0x0000000709600000| Untracked 
|  22|0x0000000709800000, 0x0000000709800000, 0x0000000709a00000|  0%| F|  |TAMS 0x0000000709800000| PB 0x0000000709800000| Untracked 
|  23|0x0000000709a00000, 0x0000000709a00000, 0x0000000709c00000|  0%| F|  |TAMS 0x0000000709a00000| PB 0x0000000709a00000| Untracked 
|  24|0x0000000709c00000, 0x0000000709c00000, 0x0000000709e00000|  0%| F|  |TAMS 0x0000000709c00000| PB 0x0000000709c00000| Untracked 
|  25|0x0000000709e00000, 0x0000000709e00000, 0x000000070a000000|  0%| F|  |TAMS 0x0000000709e00000| PB 0x0000000709e00000| Untracked 
|  26|0x000000070a000000, 0x000000070a000000, 0x000000070a200000|  0%| F|  |TAMS 0x000000070a000000| PB 0x000000070a000000| Untracked 
|  27|0x000000070a200000, 0x000000070a200000, 0x000000070a400000|  0%| F|  |TAMS 0x000000070a200000| PB 0x000000070a200000| Untracked 
|  28|0x000000070a400000, 0x000000070a400000, 0x000000070a600000|  0%| F|  |TAMS 0x000000070a400000| PB 0x000000070a400000| Untracked 
|  29|0x000000070a600000, 0x000000070a600000, 0x000000070a800000|  0%| F|  |TAMS 0x000000070a600000| PB 0x000000070a600000| Untracked 
|  30|0x000000070a800000, 0x000000070a800000, 0x000000070aa00000|  0%| F|  |TAMS 0x000000070a800000| PB 0x000000070a800000| Untracked 
|  31|0x000000070aa00000, 0x000000070aa00000, 0x000000070ac00000|  0%| F|  |TAMS 0x000000070aa00000| PB 0x000000070aa00000| Untracked 
|  32|0x000000070ac00000, 0x000000070ac00000, 0x000000070ae00000|  0%| F|  |TAMS 0x000000070ac00000| PB 0x000000070ac00000| Untracked 
|  33|0x000000070ae00000, 0x000000070ae00000, 0x000000070b000000|  0%| F|  |TAMS 0x000000070ae00000| PB 0x000000070ae00000| Untracked 
|  34|0x000000070b000000, 0x000000070b000000, 0x000000070b200000|  0%| F|  |TAMS 0x000000070b000000| PB 0x000000070b000000| Untracked 
|  35|0x000000070b200000, 0x000000070b200000, 0x000000070b400000|  0%| F|  |TAMS 0x000000070b200000| PB 0x000000070b200000| Untracked 
|  36|0x000000070b400000, 0x000000070b400000, 0x000000070b600000|  0%| F|  |TAMS 0x000000070b400000| PB 0x000000070b400000| Untracked 
|  37|0x000000070b600000, 0x000000070b600000, 0x000000070b800000|  0%| F|  |TAMS 0x000000070b600000| PB 0x000000070b600000| Untracked 
|  38|0x000000070b800000, 0x000000070b800000, 0x000000070ba00000|  0%| F|  |TAMS 0x000000070b800000| PB 0x000000070b800000| Untracked 
|  39|0x000000070ba00000, 0x000000070ba00000, 0x000000070bc00000|  0%| F|  |TAMS 0x000000070ba00000| PB 0x000000070ba00000| Untracked 
|  40|0x000000070bc00000, 0x000000070bc00000, 0x000000070be00000|  0%| F|  |TAMS 0x000000070bc00000| PB 0x000000070bc00000| Untracked 
|  41|0x000000070be00000, 0x000000070be00000, 0x000000070c000000|  0%| F|  |TAMS 0x000000070be00000| PB 0x000000070be00000| Untracked 
|  42|0x000000070c000000, 0x000000070c000000, 0x000000070c200000|  0%| F|  |TAMS 0x000000070c000000| PB 0x000000070c000000| Untracked 
|  43|0x000000070c200000, 0x000000070c200000, 0x000000070c400000|  0%| F|  |TAMS 0x000000070c200000| PB 0x000000070c200000| Untracked 
|  44|0x000000070c400000, 0x000000070c400000, 0x000000070c600000|  0%| F|  |TAMS 0x000000070c400000| PB 0x000000070c400000| Untracked 
|  45|0x000000070c600000, 0x000000070c600000, 0x000000070c800000|  0%| F|  |TAMS 0x000000070c600000| PB 0x000000070c600000| Untracked 
|  46|0x000000070c800000, 0x000000070c800000, 0x000000070ca00000|  0%| F|  |TAMS 0x000000070c800000| PB 0x000000070c800000| Untracked 
|  47|0x000000070ca00000, 0x000000070ca00000, 0x000000070cc00000|  0%| F|  |TAMS 0x000000070ca00000| PB 0x000000070ca00000| Untracked 
|  48|0x000000070cc00000, 0x000000070cc00000, 0x000000070ce00000|  0%| F|  |TAMS 0x000000070cc00000| PB 0x000000070cc00000| Untracked 
|  49|0x000000070ce00000, 0x000000070ce00000, 0x000000070d000000|  0%| F|  |TAMS 0x000000070ce00000| PB 0x000000070ce00000| Untracked 
|  50|0x000000070d000000, 0x000000070d000000, 0x000000070d200000|  0%| F|  |TAMS 0x000000070d000000| PB 0x000000070d000000| Untracked 
|  51|0x000000070d200000, 0x000000070d200000, 0x000000070d400000|  0%| F|  |TAMS 0x000000070d200000| PB 0x000000070d200000| Untracked 
|  52|0x000000070d400000, 0x000000070d400000, 0x000000070d600000|  0%| F|  |TAMS 0x000000070d400000| PB 0x000000070d400000| Untracked 
|  53|0x000000070d600000, 0x000000070d600000, 0x000000070d800000|  0%| F|  |TAMS 0x000000070d600000| PB 0x000000070d600000| Untracked 
|  54|0x000000070d800000, 0x000000070d800000, 0x000000070da00000|  0%| F|  |TAMS 0x000000070d800000| PB 0x000000070d800000| Untracked 
|  55|0x000000070da00000, 0x000000070da00000, 0x000000070dc00000|  0%| F|  |TAMS 0x000000070da00000| PB 0x000000070da00000| Untracked 
|  56|0x000000070dc00000, 0x000000070dc00000, 0x000000070de00000|  0%| F|  |TAMS 0x000000070dc00000| PB 0x000000070dc00000| Untracked 
|  57|0x000000070de00000, 0x000000070de00000, 0x000000070e000000|  0%| F|  |TAMS 0x000000070de00000| PB 0x000000070de00000| Untracked 
|  58|0x000000070e000000, 0x000000070e000000, 0x000000070e200000|  0%| F|  |TAMS 0x000000070e000000| PB 0x000000070e000000| Untracked 
|  59|0x000000070e200000, 0x000000070e200000, 0x000000070e400000|  0%| F|  |TAMS 0x000000070e200000| PB 0x000000070e200000| Untracked 
|  60|0x000000070e400000, 0x000000070e400000, 0x000000070e600000|  0%| F|  |TAMS 0x000000070e400000| PB 0x000000070e400000| Untracked 
|  61|0x000000070e600000, 0x000000070e600000, 0x000000070e800000|  0%| F|  |TAMS 0x000000070e600000| PB 0x000000070e600000| Untracked 
|  62|0x000000070e800000, 0x000000070e800000, 0x000000070ea00000|  0%| F|  |TAMS 0x000000070e800000| PB 0x000000070e800000| Untracked 
|  63|0x000000070ea00000, 0x000000070ea00000, 0x000000070ec00000|  0%| F|  |TAMS 0x000000070ea00000| PB 0x000000070ea00000| Untracked 
|  64|0x000000070ec00000, 0x000000070ec00000, 0x000000070ee00000|  0%| F|  |TAMS 0x000000070ec00000| PB 0x000000070ec00000| Untracked 
|  65|0x000000070ee00000, 0x000000070ee00000, 0x000000070f000000|  0%| F|  |TAMS 0x000000070ee00000| PB 0x000000070ee00000| Untracked 
|  66|0x000000070f000000, 0x000000070f000000, 0x000000070f200000|  0%| F|  |TAMS 0x000000070f000000| PB 0x000000070f000000| Untracked 
|  67|0x000000070f200000, 0x000000070f200000, 0x000000070f400000|  0%| F|  |TAMS 0x000000070f200000| PB 0x000000070f200000| Untracked 
|  68|0x000000070f400000, 0x000000070f400000, 0x000000070f600000|  0%| F|  |TAMS 0x000000070f400000| PB 0x000000070f400000| Untracked 
|  69|0x000000070f600000, 0x000000070f600000, 0x000000070f800000|  0%| F|  |TAMS 0x000000070f600000| PB 0x000000070f600000| Untracked 
|  70|0x000000070f800000, 0x000000070f800000, 0x000000070fa00000|  0%| F|  |TAMS 0x000000070f800000| PB 0x000000070f800000| Untracked 
|  71|0x000000070fa00000, 0x000000070fa00000, 0x000000070fc00000|  0%| F|  |TAMS 0x000000070fa00000| PB 0x000000070fa00000| Untracked 
|  72|0x000000070fc00000, 0x000000070fc00000, 0x000000070fe00000|  0%| F|  |TAMS 0x000000070fc00000| PB 0x000000070fc00000| Untracked 
|  73|0x000000070fe00000, 0x000000070fe00000, 0x0000000710000000|  0%| F|  |TAMS 0x000000070fe00000| PB 0x000000070fe00000| Untracked 
|  74|0x0000000710000000, 0x0000000710000000, 0x0000000710200000|  0%| F|  |TAMS 0x0000000710000000| PB 0x0000000710000000| Untracked 
|  75|0x0000000710200000, 0x0000000710200000, 0x0000000710400000|  0%| F|  |TAMS 0x0000000710200000| PB 0x0000000710200000| Untracked 
|  76|0x0000000710400000, 0x0000000710400000, 0x0000000710600000|  0%| F|  |TAMS 0x0000000710400000| PB 0x0000000710400000| Untracked 
|  77|0x0000000710600000, 0x0000000710600000, 0x0000000710800000|  0%| F|  |TAMS 0x0000000710600000| PB 0x0000000710600000| Untracked 
|  78|0x0000000710800000, 0x0000000710800000, 0x0000000710a00000|  0%| F|  |TAMS 0x0000000710800000| PB 0x0000000710800000| Untracked 
|  79|0x0000000710a00000, 0x0000000710a00000, 0x0000000710c00000|  0%| F|  |TAMS 0x0000000710a00000| PB 0x0000000710a00000| Untracked 
|  80|0x0000000710c00000, 0x0000000710c00000, 0x0000000710e00000|  0%| F|  |TAMS 0x0000000710c00000| PB 0x0000000710c00000| Untracked 
|  81|0x0000000710e00000, 0x0000000710e00000, 0x0000000711000000|  0%| F|  |TAMS 0x0000000710e00000| PB 0x0000000710e00000| Untracked 
|  82|0x0000000711000000, 0x0000000711000000, 0x0000000711200000|  0%| F|  |TAMS 0x0000000711000000| PB 0x0000000711000000| Untracked 
|  83|0x0000000711200000, 0x0000000711200000, 0x0000000711400000|  0%| F|  |TAMS 0x0000000711200000| PB 0x0000000711200000| Untracked 
|  84|0x0000000711400000, 0x0000000711400000, 0x0000000711600000|  0%| F|  |TAMS 0x0000000711400000| PB 0x0000000711400000| Untracked 
|  85|0x0000000711600000, 0x0000000711600000, 0x0000000711800000|  0%| F|  |TAMS 0x0000000711600000| PB 0x0000000711600000| Untracked 
|  86|0x0000000711800000, 0x0000000711800000, 0x0000000711a00000|  0%| F|  |TAMS 0x0000000711800000| PB 0x0000000711800000| Untracked 
|  87|0x0000000711a00000, 0x0000000711a00000, 0x0000000711c00000|  0%| F|  |TAMS 0x0000000711a00000| PB 0x0000000711a00000| Untracked 
|  88|0x0000000711c00000, 0x0000000711c00000, 0x0000000711e00000|  0%| F|  |TAMS 0x0000000711c00000| PB 0x0000000711c00000| Untracked 
|  89|0x0000000711e00000, 0x0000000711e00000, 0x0000000712000000|  0%| F|  |TAMS 0x0000000711e00000| PB 0x0000000711e00000| Untracked 
|  90|0x0000000712000000, 0x0000000712000000, 0x0000000712200000|  0%| F|  |TAMS 0x0000000712000000| PB 0x0000000712000000| Untracked 
|  91|0x0000000712200000, 0x0000000712200000, 0x0000000712400000|  0%| F|  |TAMS 0x0000000712200000| PB 0x0000000712200000| Untracked 
|  92|0x0000000712400000, 0x0000000712400000, 0x0000000712600000|  0%| F|  |TAMS 0x0000000712400000| PB 0x0000000712400000| Untracked 
|  93|0x0000000712600000, 0x0000000712600000, 0x0000000712800000|  0%| F|  |TAMS 0x0000000712600000| PB 0x0000000712600000| Untracked 
|  94|0x0000000712800000, 0x0000000712800000, 0x0000000712a00000|  0%| F|  |TAMS 0x0000000712800000| PB 0x0000000712800000| Untracked 
|  95|0x0000000712a00000, 0x0000000712a00000, 0x0000000712c00000|  0%| F|  |TAMS 0x0000000712a00000| PB 0x0000000712a00000| Untracked 
|  96|0x0000000712c00000, 0x0000000712c00000, 0x0000000712e00000|  0%| F|  |TAMS 0x0000000712c00000| PB 0x0000000712c00000| Untracked 
|  97|0x0000000712e00000, 0x0000000712e00000, 0x0000000713000000|  0%| F|  |TAMS 0x0000000712e00000| PB 0x0000000712e00000| Untracked 
|  98|0x0000000713000000, 0x0000000713000000, 0x0000000713200000|  0%| F|  |TAMS 0x0000000713000000| PB 0x0000000713000000| Untracked 
|  99|0x0000000713200000, 0x0000000713200000, 0x0000000713400000|  0%| F|  |TAMS 0x0000000713200000| PB 0x0000000713200000| Untracked 
| 100|0x0000000713400000, 0x0000000713400000, 0x0000000713600000|  0%| F|  |TAMS 0x0000000713400000| PB 0x0000000713400000| Untracked 
| 101|0x0000000713600000, 0x0000000713600000, 0x0000000713800000|  0%| F|  |TAMS 0x0000000713600000| PB 0x0000000713600000| Untracked 
| 102|0x0000000713800000, 0x0000000713800000, 0x0000000713a00000|  0%| F|  |TAMS 0x0000000713800000| PB 0x0000000713800000| Untracked 
| 103|0x0000000713a00000, 0x0000000713a00000, 0x0000000713c00000|  0%| F|  |TAMS 0x0000000713a00000| PB 0x0000000713a00000| Untracked 
| 104|0x0000000713c00000, 0x0000000713c00000, 0x0000000713e00000|  0%| F|  |TAMS 0x0000000713c00000| PB 0x0000000713c00000| Untracked 
| 105|0x0000000713e00000, 0x0000000713e00000, 0x0000000714000000|  0%| F|  |TAMS 0x0000000713e00000| PB 0x0000000713e00000| Untracked 
| 106|0x0000000714000000, 0x0000000714000000, 0x0000000714200000|  0%| F|  |TAMS 0x0000000714000000| PB 0x0000000714000000| Untracked 
| 107|0x0000000714200000, 0x0000000714200000, 0x0000000714400000|  0%| F|  |TAMS 0x0000000714200000| PB 0x0000000714200000| Untracked 
| 108|0x0000000714400000, 0x0000000714400000, 0x0000000714600000|  0%| F|  |TAMS 0x0000000714400000| PB 0x0000000714400000| Untracked 
| 109|0x0000000714600000, 0x0000000714600000, 0x0000000714800000|  0%| F|  |TAMS 0x0000000714600000| PB 0x0000000714600000| Untracked 
| 110|0x0000000714800000, 0x0000000714800000, 0x0000000714a00000|  0%| F|  |TAMS 0x0000000714800000| PB 0x0000000714800000| Untracked 
| 111|0x0000000714a00000, 0x0000000714a00000, 0x0000000714c00000|  0%| F|  |TAMS 0x0000000714a00000| PB 0x0000000714a00000| Untracked 
| 112|0x0000000714c00000, 0x0000000714c00000, 0x0000000714e00000|  0%| F|  |TAMS 0x0000000714c00000| PB 0x0000000714c00000| Untracked 
| 113|0x0000000714e00000, 0x0000000714e00000, 0x0000000715000000|  0%| F|  |TAMS 0x0000000714e00000| PB 0x0000000714e00000| Untracked 
| 114|0x0000000715000000, 0x0000000715000000, 0x0000000715200000|  0%| F|  |TAMS 0x0000000715000000| PB 0x0000000715000000| Untracked 
| 115|0x0000000715200000, 0x0000000715200000, 0x0000000715400000|  0%| F|  |TAMS 0x0000000715200000| PB 0x0000000715200000| Untracked 
| 116|0x0000000715400000, 0x0000000715400000, 0x0000000715600000|  0%| F|  |TAMS 0x0000000715400000| PB 0x0000000715400000| Untracked 
| 117|0x0000000715600000, 0x0000000715600000, 0x0000000715800000|  0%| F|  |TAMS 0x0000000715600000| PB 0x0000000715600000| Untracked 
| 118|0x0000000715800000, 0x0000000715800000, 0x0000000715a00000|  0%| F|  |TAMS 0x0000000715800000| PB 0x0000000715800000| Untracked 
| 119|0x0000000715a00000, 0x0000000715bd1120, 0x0000000715c00000| 90%| E|  |TAMS 0x0000000715a00000| PB 0x0000000715a00000| Complete 
| 120|0x0000000715c00000, 0x0000000715e00000, 0x0000000715e00000|100%| E|CS|TAMS 0x0000000715c00000| PB 0x0000000715c00000| Complete 
| 121|0x0000000715e00000, 0x0000000716000000, 0x0000000716000000|100%| E|CS|TAMS 0x0000000715e00000| PB 0x0000000715e00000| Complete 
| 122|0x0000000716000000, 0x0000000716200000, 0x0000000716200000|100%| E|CS|TAMS 0x0000000716000000| PB 0x0000000716000000| Complete 
| 123|0x0000000716200000, 0x0000000716400000, 0x0000000716400000|100%| E|CS|TAMS 0x0000000716200000| PB 0x0000000716200000| Complete 
| 124|0x0000000716400000, 0x0000000716600000, 0x0000000716600000|100%| E|CS|TAMS 0x0000000716400000| PB 0x0000000716400000| Complete 
|1993|0x00000007ffe00000, 0x00000007fff07778, 0x0000000800000000| 51%| O|  |TAMS 0x00000007ffe00000| PB 0x00000007ffe00000| Untracked 

Card table byte_map: [0x00007ce99c236000,0x00007ce99ca00000] _byte_map_base: 0x00007ce998a00000

Marking Bits: (CMBitMap*) 0x00007ce9b4096110
 Bits: [0x00007ce9983e6000, 0x00007ce99c236000)

Polling page: 0x00007ce9bb2b0000

Metaspace:

Usage:
  Non-class:      3.22 MB used.
      Class:    396.91 KB used.
       Both:      3.60 MB used.

Virtual space:
  Non-class space:       64.00 MB reserved,       3.31 MB (  5%) committed,  1 nodes.
      Class space:        1.00 GB reserved,     512.00 KB ( <1%) committed,  1 nodes.
             Both:        1.06 GB reserved,       3.81 MB ( <1%) committed. 

Chunk freelists:
   Non-Class:  10.33 MB
       Class:  15.48 MB
        Both:  25.81 MB

MaxMetaspaceSize: unlimited
CompressedClassSpaceSize: 1.00 GB
Initial GC threshold: 21.00 MB
Current GC threshold: 21.00 MB
CDS: on
 - commit_granule_bytes: 65536.
 - commit_granule_words: 8192.
 - virtual_space_node_default_size: 8388608.
 - enlarge_chunks_in_place: 1.
 - use_allocation_guard: 0.


Internal statistics:

num_allocs_failed_limit: 0.
num_arena_births: 38.
num_arena_deaths: 0.
num_vsnodes_births: 2.
num_vsnodes_deaths: 0.
num_space_committed: 61.
num_space_uncommitted: 0.
num_chunks_returned_to_freelist: 0.
num_chunks_taken_from_freelist: 106.
num_chunk_merges: 0.
num_chunk_splits: 91.
num_chunks_enlarged: 78.
num_inconsistent_stats: 0.

CodeHeap 'non-profiled nmethods': size=120036Kb used=212Kb max_used=212Kb free=119823Kb
 bounds [0x00007ce9a44c7000, 0x00007ce9a4737000, 0x00007ce9aba00000]
CodeHeap 'profiled nmethods': size=120032Kb used=1410Kb max_used=1410Kb free=118621Kb
 bounds [0x00007ce99ca00000, 0x00007ce99cc70000, 0x00007ce9a3f38000]
CodeHeap 'non-nmethods': size=5692Kb used=1514Kb max_used=1525Kb free=4177Kb
 bounds [0x00007ce9a3f38000, 0x00007ce9a41a8000, 0x00007ce9a44c7000]
 total_blobs=1210 nmethods=743 adapters=373
 compilation: enabled
              stopped_count=0, restarted_count=0
 full_count=0

Compilation events (20 events):
Event: 0.755 Thread 0x00007ce9b415b750  732       3       java.util.jar.Attributes::getValue (9 bytes)
Event: 0.755 Thread 0x00007ce9b415b750 nmethod 732 0x00007ce99cb5d790 code [0x00007ce99cb5d940, 0x00007ce99cb5dc78]
Event: 0.757 Thread 0x00007ce9b415a090  736       4       java.lang.StringBuilder::append (8 bytes)
Event: 0.760 Thread 0x00007ce9b415a090 nmethod 736 0x00007ce9a44fa910 code [0x00007ce9a44faae0, 0x00007ce9a44fb320]
Event: 0.762 Thread 0x00007ce9b415b750  735   !   3       jdk.internal.ref.PhantomCleanable::insert (53 bytes)
Event: 0.762 Thread 0x00007ce9b415b750 nmethod 735 0x00007ce99cb5dd90 code [0x00007ce99cb5df40, 0x00007ce99cb5e2f8]
Event: 0.762 Thread 0x00007ce9b415b750  733       3       java.util.jar.Attributes::get (11 bytes)
Event: 0.762 Thread 0x00007ce9b415b750 nmethod 733 0x00007ce99cb5e490 code [0x00007ce99cb5e640, 0x00007ce99cb5e828]
Event: 0.762 Thread 0x00007ce9b415b750  734       1       java.util.zip.ZipEntry::getName (5 bytes)
Event: 0.763 Thread 0x00007ce9b415b750 nmethod 734 0x00007ce9a44fb790 code [0x00007ce9a44fb920, 0x00007ce9a44fb9e8]
Event: 1.024 Thread 0x00007ce9b415b750  737       3       java.lang.invoke.MethodTypeForm::canonicalizeAll (63 bytes)
Event: 1.024 Thread 0x00007ce9b415b750 nmethod 737 0x00007ce99cb5e910 code [0x00007ce99cb5eb00, 0x00007ce99cb5f158]
Event: 1.025 Thread 0x00007ce9b415b750  738       3       java.lang.invoke.MethodType$ConcurrentWeakInternSet$WeakEntry::<init> (15 bytes)
Event: 1.025 Thread 0x00007ce9b415b750 nmethod 738 0x00007ce99cb5f310 code [0x00007ce99cb5f4e0, 0x00007ce99cb5f910]
Event: 4.339 Thread 0x00007ce9b415b750  742       3       java.lang.invoke.MemberName::isResolved (13 bytes)
Event: 4.339 Thread 0x00007ce9b415b750 nmethod 742 0x00007ce99cb5fa90 code [0x00007ce99cb5fc20, 0x00007ce99cb5fd88]
Event: 4.339 Thread 0x00007ce9b415b750  740       3       java.lang.Character::charCount (12 bytes)
Event: 4.339 Thread 0x00007ce9b415b750 nmethod 740 0x00007ce99cb5fe10 code [0x00007ce99cb5ffa0, 0x00007ce99cb60100]
Event: 4.340 Thread 0x00007ce9b415b750  741       3       java.lang.ThreadLocal$ThreadLocalMap::getEntry (42 bytes)
Event: 4.342 Thread 0x00007ce9b415b750 nmethod 741 0x00007ce99cb60190 code [0x00007ce99cb60360, 0x00007ce99cb60738]

GC Heap History (0 events):
No events

Dll operation events (13 events):
Event: 0.003 Loaded shared library /home/wangjing/.jdks/openjdk-21.0.2/lib/libjava.so
Event: 0.003 Loaded shared library /home/wangjing/.jdks/openjdk-21.0.2/lib/libzip.so
Event: 0.051 Loaded shared library /home/wangjing/.jdks/openjdk-21.0.2/lib/libjsvml.so
Event: 0.187 Loaded shared library /home/wangjing/.jdks/openjdk-21.0.2/lib/libinstrument.so
Event: 0.228 Loaded shared library /home/wangjing/.jdks/openjdk-21.0.2/lib/libnio.so
Event: 0.247 Loaded shared library /home/wangjing/.jdks/openjdk-21.0.2/lib/libzip.so
Event: 0.315 Loaded shared library /home/wangjing/.jdks/openjdk-21.0.2/lib/libjimage.so
Event: 0.442 Loaded shared library /home/wangjing/.javacpp/cache/javacpp-1.5.7-linux-x86_64.jar/org/bytedeco/javacpp/linux-x86_64/libjnijavacpp.so
Event: 0.460 Loaded shared library /home/wangjing/.jdks/openjdk-21.0.2/lib/libnet.so
Event: 0.707 Loaded shared library /home/wangjing/.javacpp/cache/llvm-13.0.1-1.5.7-linux-x86_64.jar/org/bytedeco/llvm/linux-x86_64/libLLVM-13.so
Event: 0.722 Loaded shared library /home/wangjing/.javacpp/cache/llvm-13.0.1-1.5.7-linux-x86_64.jar/org/bytedeco/llvm/linux-x86_64/libLTO.so.13
Event: 0.726 Loaded shared library /home/wangjing/.javacpp/cache/llvm-13.0.1-1.5.7-linux-x86_64.jar/org/bytedeco/llvm/linux-x86_64/libRemarks.so.13
Event: 0.730 Loaded shared library /home/wangjing/.javacpp/cache/llvm-13.0.1-1.5.7-linux-x86_64.jar/org/bytedeco/llvm/linux-x86_64/libjniLLVM.so

Deoptimization events (20 events):
Event: 0.685 Thread 0x00007ce9b402caa0 DEOPT PACKING pc=0x00007ce99cab1f54 sp=0x00007ce9b99fd5d0
Event: 0.685 Thread 0x00007ce9b402caa0 DEOPT UNPACKING pc=0x00007ce9a3f9014f sp=0x00007ce9b99fcb38 mode 1
Event: 0.688 Thread 0x00007ce9b402caa0 DEOPT PACKING pc=0x00007ce99cab875c sp=0x00007ce9b99fd300
Event: 0.688 Thread 0x00007ce9b402caa0 DEOPT UNPACKING pc=0x00007ce9a3f9014f sp=0x00007ce9b99fc800 mode 1
Event: 0.688 Thread 0x00007ce9b402caa0 DEOPT PACKING pc=0x00007ce99cab875c sp=0x00007ce9b99fd300
Event: 0.688 Thread 0x00007ce9b402caa0 DEOPT UNPACKING pc=0x00007ce9a3f9014f sp=0x00007ce9b99fc800 mode 1
Event: 0.688 Thread 0x00007ce9b402caa0 DEOPT PACKING pc=0x00007ce99cab875c sp=0x00007ce9b99fd300
Event: 0.688 Thread 0x00007ce9b402caa0 DEOPT UNPACKING pc=0x00007ce9a3f9014f sp=0x00007ce9b99fc800 mode 1
Event: 0.688 Thread 0x00007ce9b402caa0 DEOPT PACKING pc=0x00007ce99cab875c sp=0x00007ce9b99fd300
Event: 0.688 Thread 0x00007ce9b402caa0 DEOPT UNPACKING pc=0x00007ce9a3f9014f sp=0x00007ce9b99fc800 mode 1
Event: 0.688 Thread 0x00007ce9b402caa0 DEOPT PACKING pc=0x00007ce99cab875c sp=0x00007ce9b99fd300
Event: 0.688 Thread 0x00007ce9b402caa0 DEOPT UNPACKING pc=0x00007ce9a3f9014f sp=0x00007ce9b99fc800 mode 1
Event: 0.688 Thread 0x00007ce9b402caa0 DEOPT PACKING pc=0x00007ce99cab875c sp=0x00007ce9b99fd300
Event: 0.688 Thread 0x00007ce9b402caa0 DEOPT UNPACKING pc=0x00007ce9a3f9014f sp=0x00007ce9b99fc800 mode 1
Event: 0.688 Thread 0x00007ce9b402caa0 DEOPT PACKING pc=0x00007ce99cab875c sp=0x00007ce9b99fd300
Event: 0.688 Thread 0x00007ce9b402caa0 DEOPT UNPACKING pc=0x00007ce9a3f9014f sp=0x00007ce9b99fc800 mode 1
Event: 0.688 Thread 0x00007ce9b402caa0 DEOPT PACKING pc=0x00007ce99cab875c sp=0x00007ce9b99fd300
Event: 0.688 Thread 0x00007ce9b402caa0 DEOPT UNPACKING pc=0x00007ce9a3f9014f sp=0x00007ce9b99fc800 mode 1
Event: 0.688 Thread 0x00007ce9b402caa0 DEOPT PACKING pc=0x00007ce99cab875c sp=0x00007ce9b99fd300
Event: 0.688 Thread 0x00007ce9b402caa0 DEOPT UNPACKING pc=0x00007ce9a3f9014f sp=0x00007ce9b99fc800 mode 1

Classes loaded (20 events):
Event: 0.761 Loading class org/bytedeco/llvm/LLVM/LLVMPassBuilderOptionsRef
Event: 0.761 Loading class org/bytedeco/llvm/LLVM/LLVMPassBuilderOptionsRef done
Event: 0.761 Loading class org/bytedeco/llvm/LLVM/Pass
Event: 0.761 Loading class org/bytedeco/llvm/LLVM/Pass done
Event: 0.761 Loading class org/bytedeco/llvm/LLVM/LLVMNamedMDNodeRef
Event: 0.761 Loading class org/bytedeco/llvm/LLVM/LLVMNamedMDNodeRef done
Event: 0.761 Loading class org/bytedeco/llvm/LLVM/LLVMUseRef
Event: 0.761 Loading class org/bytedeco/llvm/LLVM/LLVMUseRef done
Event: 0.762 Loading class Scope
Event: 0.762 Loading class Scope done
Event: 0.963 Loading class com/intellij/rt/debugger/BatchEvaluatorServer
Event: 0.963 Loading class com/intellij/rt/debugger/BatchEvaluatorServer done
Event: 1.023 Loading class java/io/DataOutputStream
Event: 1.023 Loading class java/io/DataOutputStream done
Event: 4.337 Loading class org/bytedeco/javacpp/PointerScope
Event: 4.337 Loading class org/bytedeco/javacpp/PointerScope done
Event: 4.337 Loading class org/bytedeco/javacpp/PointerScope$1
Event: 4.337 Loading class org/bytedeco/javacpp/PointerScope$1 done
Event: 4.339 Loading class Type
Event: 4.339 Loading class Type done

Classes unloaded (0 events):
No events

Classes redefined (0 events):
No events

Internal exceptions (8 events):
Event: 0.187 Thread 0x00007ce9b402caa0 Exception <a 'java/lang/NoSuchMethodError'{0x0000000716594220}: 'void java.lang.invoke.DirectMethodHandle$Holder.invokeStatic(java.lang.Object, java.lang.Object, java.lang.Object)'> (0x0000000716594220) 
thrown [open/src/hotspot/share/interpreter/linkResolver.cpp, line 772]
Event: 0.198 Thread 0x00007ce9b402caa0 Exception <a 'java/lang/NoSuchMethodError'{0x00000007165ab5b8}: 'java.lang.Object java.lang.invoke.Invokers$Holder.invokeExact_MT(java.lang.Object, java.lang.Object, java.lang.Object, java.lang.Object, java.lang.Object)'> (0x00000007165ab5b8) 
thrown [open/src/hotspot/share/interpreter/linkResolver.cpp, line 772]
Event: 0.294 Thread 0x00007ce9b402caa0 Exception <a 'java/lang/NoSuchMethodError'{0x000000071638f158}: 'int java.lang.invoke.DirectMethodHandle$Holder.invokeStaticInit(java.lang.Object, java.lang.Object, java.lang.Object, java.lang.Object)'> (0x000000071638f158) 
thrown [open/src/hotspot/share/interpreter/linkResolver.cpp, line 772]
Event: 0.296 Thread 0x00007ce9b402caa0 Exception <a 'java/lang/NoSuchMethodError'{0x0000000716397ce0}: 'java.lang.Object java.lang.invoke.DirectMethodHandle$Holder.invokeInterface(java.lang.Object, java.lang.Object)'> (0x0000000716397ce0) 
thrown [open/src/hotspot/share/interpreter/linkResolver.cpp, line 772]
Event: 0.297 Thread 0x00007ce9b402caa0 Exception <a 'java/lang/IncompatibleClassChangeError'{0x000000071639af48}: Found class java.lang.Object, but interface was expected> (0x000000071639af48) 
thrown [open/src/hotspot/share/interpreter/linkResolver.cpp, line 840]
Event: 0.297 Thread 0x00007ce9b402caa0 Exception <a 'java/lang/NoSuchMethodError'{0x000000071639e100}: 'void java.lang.invoke.DirectMethodHandle$Holder.invokeStatic(java.lang.Object, java.lang.Object)'> (0x000000071639e100) 
thrown [open/src/hotspot/share/interpreter/linkResolver.cpp, line 772]
Event: 0.298 Thread 0x00007ce9b402caa0 Exception <a 'java/lang/NoSuchMethodError'{0x00000007163a19f8}: 'void java.lang.invoke.DirectMethodHandle$Holder.invokeStaticInit(java.lang.Object, java.lang.Object)'> (0x00000007163a19f8) 
thrown [open/src/hotspot/share/interpreter/linkResolver.cpp, line 772]
Event: 0.299 Thread 0x00007ce9b402caa0 Exception <a 'java/lang/NoSuchMethodError'{0x00000007163a9528}: 'int java.lang.invoke.DirectMethodHandle$Holder.invokeStaticInit(java.lang.Object, java.lang.Object)'> (0x00000007163a9528) 
thrown [open/src/hotspot/share/interpreter/linkResolver.cpp, line 772]

ZGC Phase Switch (0 events):
No events

VM Operations (20 events):
Event: 16.043 Executing VM operation: ChangeSingleStep
Event: 16.043 Executing VM operation: ChangeSingleStep done
Event: 16.043 Executing VM operation: ChangeSingleStep
Event: 16.043 Executing VM operation: ChangeSingleStep done
Event: 16.043 Executing VM operation: ChangeSingleStep
Event: 16.043 Executing VM operation: ChangeSingleStep done
Event: 16.043 Executing VM operation: ChangeSingleStep
Event: 16.043 Executing VM operation: ChangeSingleStep done
Event: 16.043 Executing VM operation: ChangeSingleStep
Event: 16.043 Executing VM operation: ChangeSingleStep done
Event: 16.043 Executing VM operation: ChangeSingleStep
Event: 16.043 Executing VM operation: ChangeSingleStep done
Event: 16.044 Executing VM operation: ChangeSingleStep
Event: 16.044 Executing VM operation: ChangeSingleStep done
Event: 16.044 Executing VM operation: ChangeSingleStep
Event: 16.044 Executing VM operation: ChangeSingleStep done
Event: 16.044 Executing VM operation: ChangeSingleStep
Event: 16.044 Executing VM operation: ChangeSingleStep done
Event: 16.044 Executing VM operation: ChangeSingleStep
Event: 16.044 Executing VM operation: ChangeSingleStep done

Events (20 events):
Event: 0.033 Thread 0x00007ce9b4156fb0 Thread added: 0x00007ce9b4156fb0
Event: 0.033 Protecting memory [0x00007ce989aff000,0x00007ce989b03000] with protection modes 0
Event: 0.034 Thread 0x00007ce9b4158550 Thread added: 0x00007ce9b4158550
Event: 0.034 Protecting memory [0x00007ce9899ff000,0x00007ce989a03000] with protection modes 0
Event: 0.036 Thread 0x00007ce9b415a090 Thread added: 0x00007ce9b415a090
Event: 0.036 Protecting memory [0x00007ce9898ff000,0x00007ce989903000] with protection modes 0
Event: 0.038 Thread 0x00007ce9b415b750 Thread added: 0x00007ce9b415b750
Event: 0.038 Protecting memory [0x00007ce9897ff000,0x00007ce989803000] with protection modes 0
Event: 0.061 Thread 0x00007ce9b41750d0 Thread added: 0x00007ce9b41750d0
Event: 0.062 Protecting memory [0x00007ce98962f000,0x00007ce989633000] with protection modes 0
Event: 0.086 Thread 0x00007ce9b41b25c0 Thread added: 0x00007ce9b41b25c0
Event: 0.087 Protecting memory [0x00007ce98952f000,0x00007ce989533000] with protection modes 0
Event: 0.087 Thread 0x00007ce9b41c6310 Thread added: 0x00007ce9b41c6310
Event: 0.087 Protecting memory [0x00007ce98942f000,0x00007ce989433000] with protection modes 0
Event: 0.087 Thread 0x00007ce9100a9360 Thread added: 0x00007ce9100a9360
Event: 0.087 Protecting memory [0x00007ce98932f000,0x00007ce989333000] with protection modes 0
Event: 0.220 Thread 0x00007ce9b41da350 Thread added: 0x00007ce9b41da350
Event: 0.220 Protecting memory [0x00007ce98922f000,0x00007ce989233000] with protection modes 0
Event: 0.286 Thread 0x00007ce9b42127e0 Thread added: 0x00007ce9b42127e0
Event: 0.291 Protecting memory [0x00007ce98912f000,0x00007ce989133000] with protection modes 0


Dynamic libraries:
706c00000-716600000 rw-p 00000000 00:00 0 
716600000-7ffe00000 ---p 00000000 00:00 0 
7ffe00000-7fff08000 rw-p 00ce5000 08:03 2903295                          /home/wangjing/.jdks/openjdk-21.0.2/lib/server/classes.jsa
7fff08000-800000000 rw-p 00000000 00:00 0 
617670ae1000-617670ae2000 r-xp 00000000 08:03 2902800                    /home/wangjing/.jdks/openjdk-21.0.2/bin/java
617670ae3000-617670ae4000 r--p 00001000 08:03 2902800                    /home/wangjing/.jdks/openjdk-21.0.2/bin/java
617670ae4000-617670ae5000 rw-p 00002000 08:03 2902800                    /home/wangjing/.jdks/openjdk-21.0.2/bin/java
617670af6000-617670b3c000 rw-p 00000000 00:00 0                          [heap]
7ce909400000-7ce909d26000 r--p 00000000 08:03 3025897                    /home/wangjing/.javacpp/cache/llvm-13.0.1-1.5.7-linux-x86_64.jar/org/bytedeco/llvm/linux-x86_64/libLLVM-13.so
7ce909d26000-7ce90d6e9000 r-xp 00926000 08:03 3025897                    /home/wangjing/.javacpp/cache/llvm-13.0.1-1.5.7-linux-x86_64.jar/org/bytedeco/llvm/linux-x86_64/libLLVM-13.so
7ce90d6e9000-7ce90f93e000 r--p 042e9000 08:03 3025897                    /home/wangjing/.javacpp/cache/llvm-13.0.1-1.5.7-linux-x86_64.jar/org/bytedeco/llvm/linux-x86_64/libLLVM-13.so
7ce90f93e000-7ce90fe53000 r--p 0653d000 08:03 3025897                    /home/wangjing/.javacpp/cache/llvm-13.0.1-1.5.7-linux-x86_64.jar/org/bytedeco/llvm/linux-x86_64/libLLVM-13.so
7ce90fe53000-7ce90fe5e000 rw-p 06a52000 08:03 3025897                    /home/wangjing/.javacpp/cache/llvm-13.0.1-1.5.7-linux-x86_64.jar/org/bytedeco/llvm/linux-x86_64/libLLVM-13.so
7ce90fe5e000-7ce90fed4000 rw-p 00000000 00:00 0 
7ce910000000-7ce9105dd000 rw-p 00000000 00:00 0 
7ce9105dd000-7ce914000000 ---p 00000000 00:00 0 
7ce918000000-7ce918021000 rw-p 00000000 00:00 0 
7ce918021000-7ce91c000000 ---p 00000000 00:00 0 
7ce91c000000-7ce91c197000 rw-p 00000000 00:00 0 
7ce91c197000-7ce920000000 ---p 00000000 00:00 0 
7ce920000000-7ce920021000 rw-p 00000000 00:00 0 
7ce920021000-7ce924000000 ---p 00000000 00:00 0 
7ce924000000-7ce924021000 rw-p 00000000 00:00 0 
7ce924021000-7ce928000000 ---p 00000000 00:00 0 
7ce928000000-7ce928021000 rw-p 00000000 00:00 0 
7ce928021000-7ce92c000000 ---p 00000000 00:00 0 
7ce92c000000-7ce92c021000 rw-p 00000000 00:00 0 
7ce92c021000-7ce930000000 ---p 00000000 00:00 0 
7ce930000000-7ce930021000 rw-p 00000000 00:00 0 
7ce930021000-7ce934000000 ---p 00000000 00:00 0 
7ce93662d000-7ce9371a0000 rw-p 00000000 00:00 0 
7ce9371a0000-7ce937400000 ---p 00000000 00:00 0 
7ce937400000-7ce9375b0000 rw-p 00000000 00:00 0 
7ce9375b0000-7ce93b000000 ---p 00000000 00:00 0 
7ce93b000000-7ce93bca6000 rw-p 00001000 08:03 2903295                    /home/wangjing/.jdks/openjdk-21.0.2/lib/server/classes.jsa
7ce93bca6000-7ce93c000000 ---p 00000000 00:00 0 
7ce93c000000-7ce93c030000 rw-p 00000000 00:00 0 
7ce93c030000-7ce93c070000 rw-p 00000000 00:00 0 
7ce93c070000-7ce93c080000 ---p 00000000 00:00 0 
7ce93c080000-7ce93c090000 rw-p 00000000 00:00 0 
7ce93c090000-7ce97c000000 ---p 00000000 00:00 0 
7ce97c000000-7ce97c021000 rw-p 00000000 00:00 0 
7ce97c021000-7ce980000000 ---p 00000000 00:00 0 
7ce980000000-7ce980021000 rw-p 00000000 00:00 0 
7ce980021000-7ce984000000 ---p 00000000 00:00 0 
7ce984000000-7ce984021000 rw-p 00000000 00:00 0 
7ce984021000-7ce988000000 ---p 00000000 00:00 0 
7ce988732000-7ce988cfa000 rw-p 00000000 00:00 0 
7ce988cfa000-7ce988d5f000 r--p 00000000 08:03 3025902                    /home/wangjing/.javacpp/cache/llvm-13.0.1-1.5.7-linux-x86_64.jar/org/bytedeco/llvm/linux-x86_64/libjniLLVM.so
7ce988d5f000-7ce988dcd000 r-xp 00065000 08:03 3025902                    /home/wangjing/.javacpp/cache/llvm-13.0.1-1.5.7-linux-x86_64.jar/org/bytedeco/llvm/linux-x86_64/libjniLLVM.so
7ce988dcd000-7ce988df8000 r--p 000d3000 08:03 3025902                    /home/wangjing/.javacpp/cache/llvm-13.0.1-1.5.7-linux-x86_64.jar/org/bytedeco/llvm/linux-x86_64/libjniLLVM.so
7ce988df8000-7ce988dfb000 r--p 000fd000 08:03 3025902                    /home/wangjing/.javacpp/cache/llvm-13.0.1-1.5.7-linux-x86_64.jar/org/bytedeco/llvm/linux-x86_64/libjniLLVM.so
7ce988dfb000-7ce988dfe000 rw-p 00100000 08:03 3025902                    /home/wangjing/.javacpp/cache/llvm-13.0.1-1.5.7-linux-x86_64.jar/org/bytedeco/llvm/linux-x86_64/libjniLLVM.so
7ce988dfe000-7ce988e00000 rw-p 00000000 00:00 0 
7ce988e00000-7ce988e9a000 r--p 00000000 08:03 917771                     /usr/lib/x86_64-linux-gnu/libstdc++.so.6.0.30
7ce988e9a000-7ce988fab000 r-xp 0009a000 08:03 917771                     /usr/lib/x86_64-linux-gnu/libstdc++.so.6.0.30
7ce988fab000-7ce98901a000 r--p 001ab000 08:03 917771                     /usr/lib/x86_64-linux-gnu/libstdc++.so.6.0.30
7ce98901a000-7ce98901b000 ---p 0021a000 08:03 917771                     /usr/lib/x86_64-linux-gnu/libstdc++.so.6.0.30
7ce98901b000-7ce989026000 r--p 0021a000 08:03 917771                     /usr/lib/x86_64-linux-gnu/libstdc++.so.6.0.30
7ce989026000-7ce989029000 rw-p 00225000 08:03 917771                     /usr/lib/x86_64-linux-gnu/libstdc++.so.6.0.30
7ce989029000-7ce98902c000 rw-p 00000000 00:00 0 
7ce989048000-7ce98912f000 rw-p 00000000 00:00 0 
7ce98912f000-7ce989133000 ---p 00000000 00:00 0 
7ce989133000-7ce98922f000 rw-p 00000000 00:00 0 
7ce98922f000-7ce989233000 ---p 00000000 00:00 0 
7ce989233000-7ce98932f000 rw-p 00000000 00:00 0 
7ce98932f000-7ce989333000 ---p 00000000 00:00 0 
7ce989333000-7ce98942f000 rw-p 00000000 00:00 0 
7ce98942f000-7ce989433000 ---p 00000000 00:00 0 
7ce989433000-7ce98952f000 rw-p 00000000 00:00 0 
7ce98952f000-7ce989533000 ---p 00000000 00:00 0 
7ce989533000-7ce98962f000 rw-p 00000000 00:00 0 
7ce98962f000-7ce989633000 ---p 00000000 00:00 0 
7ce989633000-7ce98972f000 rw-p 00000000 00:00 0 
7ce98972f000-7ce9897fd000 r-xp 00000000 08:03 2903269                    /home/wangjing/.jdks/openjdk-21.0.2/lib/libjsvml.so
7ce9897fd000-7ce9897fe000 r--p 000cd000 08:03 2903269                    /home/wangjing/.jdks/openjdk-21.0.2/lib/libjsvml.so
7ce9897fe000-7ce9897ff000 rw-p 000ce000 08:03 2903269                    /home/wangjing/.jdks/openjdk-21.0.2/lib/libjsvml.so
7ce9897ff000-7ce989803000 ---p 00000000 00:00 0 
7ce989803000-7ce9898ff000 rw-p 00000000 00:00 0 
7ce9898ff000-7ce989903000 ---p 00000000 00:00 0 
7ce989903000-7ce9899ff000 rw-p 00000000 00:00 0 
7ce9899ff000-7ce989a03000 ---p 00000000 00:00 0 
7ce989a03000-7ce989aff000 rw-p 00000000 00:00 0 
7ce989aff000-7ce989b03000 ---p 00000000 00:00 0 
7ce989b03000-7ce989bff000 rw-p 00000000 00:00 0 
7ce989bff000-7ce989c03000 ---p 00000000 00:00 0 
7ce989c03000-7ce989cff000 rw-p 00000000 00:00 0 
7ce989cff000-7ce989d03000 ---p 00000000 00:00 0 
7ce989d03000-7ce989dff000 rw-p 00000000 00:00 0 
7ce989dff000-7ce989e03000 ---p 00000000 00:00 0 
7ce989e03000-7ce989eff000 rw-p 00000000 00:00 0 
7ce989eff000-7ce989f00000 ---p 00000000 00:00 0 
7ce989f00000-7ce98c000000 rw-p 00000000 00:00 0 
7ce98c000000-7ce98c021000 rw-p 00000000 00:00 0 
7ce98c021000-7ce990000000 ---p 00000000 00:00 0 
7ce990000000-7ce990021000 rw-p 00000000 00:00 0 
7ce990021000-7ce994000000 ---p 00000000 00:00 0 
7ce994000000-7ce994021000 rw-p 00000000 00:00 0 
7ce994021000-7ce998000000 ---p 00000000 00:00 0 
7ce998007000-7ce998008000 ---p 00000000 00:00 0 
7ce998008000-7ce9981e4000 rw-p 00000000 00:00 0 
7ce9981e4000-7ce9981e5000 ---p 00000000 00:00 0 
7ce9981e5000-7ce9982e5000 rw-p 00000000 00:00 0 
7ce9982e5000-7ce9982e6000 ---p 00000000 00:00 0 
7ce9982e6000-7ce9987ce000 rw-p 00000000 00:00 0 
7ce9987ce000-7ce99c22e000 ---p 00000000 00:00 0 
7ce99c22e000-7ce99c2b3000 rw-p 00000000 00:00 0 
7ce99c2b3000-7ce99c9ff000 ---p 00000000 00:00 0 
7ce99c9ff000-7ce99ca00000 rw-p 00000000 00:00 0 
7ce99ca00000-7ce99cc70000 rwxp 00000000 00:00 0 
7ce99cc70000-7ce9a3f38000 ---p 00000000 00:00 0 
7ce9a3f38000-7ce9a41a8000 rwxp 00000000 00:00 0 
7ce9a41a8000-7ce9a44c7000 ---p 00000000 00:00 0 
7ce9a44c7000-7ce9a4737000 rwxp 00000000 00:00 0 
7ce9a4737000-7ce9aba00000 ---p 00000000 00:00 0 
7ce9aba00000-7ce9b3ecf000 r--s 00000000 08:03 2903286                    /home/wangjing/.jdks/openjdk-21.0.2/lib/modules
7ce9b3eff000-7ce9b4000000 rw-p 00000000 00:00 0 
7ce9b4000000-7ce9b43f5000 rw-p 00000000 00:00 0 
7ce9b43f5000-7ce9b8000000 ---p 00000000 00:00 0 
7ce9b8004000-7ce9b800b000 r--p 00000000 08:03 3025898                    /home/wangjing/.javacpp/cache/llvm-13.0.1-1.5.7-linux-x86_64.jar/org/bytedeco/llvm/linux-x86_64/libLTO.so.13
7ce9b800b000-7ce9b8013000 r-xp 00007000 08:03 3025898                    /home/wangjing/.javacpp/cache/llvm-13.0.1-1.5.7-linux-x86_64.jar/org/bytedeco/llvm/linux-x86_64/libLTO.so.13
7ce9b8013000-7ce9b8015000 r--p 0000f000 08:03 3025898                    /home/wangjing/.javacpp/cache/llvm-13.0.1-1.5.7-linux-x86_64.jar/org/bytedeco/llvm/linux-x86_64/libLTO.so.13
7ce9b8015000-7ce9b8016000 r--p 00010000 08:03 3025898                    /home/wangjing/.javacpp/cache/llvm-13.0.1-1.5.7-linux-x86_64.jar/org/bytedeco/llvm/linux-x86_64/libLTO.so.13
7ce9b8016000-7ce9b8017000 rw-p 00011000 08:03 3025898                    /home/wangjing/.javacpp/cache/llvm-13.0.1-1.5.7-linux-x86_64.jar/org/bytedeco/llvm/linux-x86_64/libLTO.so.13
7ce9b8017000-7ce9b801a000 r--p 00000000 08:03 919532                     /usr/lib/x86_64-linux-gnu/libgcc_s.so.1
7ce9b801a000-7ce9b8031000 r-xp 00003000 08:03 919532                     /usr/lib/x86_64-linux-gnu/libgcc_s.so.1
7ce9b8031000-7ce9b8035000 r--p 0001a000 08:03 919532                     /usr/lib/x86_64-linux-gnu/libgcc_s.so.1
7ce9b8035000-7ce9b8036000 r--p 0001d000 08:03 919532                     /usr/lib/x86_64-linux-gnu/libgcc_s.so.1
7ce9b8036000-7ce9b8037000 rw-p 0001e000 08:03 919532                     /usr/lib/x86_64-linux-gnu/libgcc_s.so.1
7ce9b8044000-7ce9b8045000 r--p 00000000 08:03 3025900                    /home/wangjing/.javacpp/cache/llvm-13.0.1-1.5.7-linux-x86_64.jar/org/bytedeco/llvm/linux-x86_64/libRemarks.so.13
7ce9b8045000-7ce9b8046000 r-xp 00001000 08:03 3025900                    /home/wangjing/.javacpp/cache/llvm-13.0.1-1.5.7-linux-x86_64.jar/org/bytedeco/llvm/linux-x86_64/libRemarks.so.13
7ce9b8046000-7ce9b8047000 r--p 00002000 08:03 3025900                    /home/wangjing/.javacpp/cache/llvm-13.0.1-1.5.7-linux-x86_64.jar/org/bytedeco/llvm/linux-x86_64/libRemarks.so.13
7ce9b8047000-7ce9b8048000 r--p 00002000 08:03 3025900                    /home/wangjing/.javacpp/cache/llvm-13.0.1-1.5.7-linux-x86_64.jar/org/bytedeco/llvm/linux-x86_64/libRemarks.so.13
7ce9b8048000-7ce9b8049000 rw-p 00003000 08:03 3025900                    /home/wangjing/.javacpp/cache/llvm-13.0.1-1.5.7-linux-x86_64.jar/org/bytedeco/llvm/linux-x86_64/libRemarks.so.13
7ce9b8049000-7ce9b804d000 r--p 00000000 08:03 3025878                    /home/wangjing/.javacpp/cache/javacpp-1.5.7-linux-x86_64.jar/org/bytedeco/javacpp/linux-x86_64/libjnijavacpp.so
7ce9b804d000-7ce9b8054000 r-xp 00004000 08:03 3025878                    /home/wangjing/.javacpp/cache/javacpp-1.5.7-linux-x86_64.jar/org/bytedeco/javacpp/linux-x86_64/libjnijavacpp.so
7ce9b8054000-7ce9b8058000 r--p 0000b000 08:03 3025878                    /home/wangjing/.javacpp/cache/javacpp-1.5.7-linux-x86_64.jar/org/bytedeco/javacpp/linux-x86_64/libjnijavacpp.so
7ce9b8058000-7ce9b8059000 r--p 0000e000 08:03 3025878                    /home/wangjing/.javacpp/cache/javacpp-1.5.7-linux-x86_64.jar/org/bytedeco/javacpp/linux-x86_64/libjnijavacpp.so
7ce9b8059000-7ce9b805a000 rw-p 0000f000 08:03 3025878                    /home/wangjing/.javacpp/cache/javacpp-1.5.7-linux-x86_64.jar/org/bytedeco/javacpp/linux-x86_64/libjnijavacpp.so
7ce9b805a000-7ce9b815b000 rw-p 00000000 00:00 0 
7ce9b815b000-7ce9b815c000 ---p 00000000 00:00 0 
7ce9b815c000-7ce9b825c000 rw-p 00000000 00:00 0 
7ce9b825c000-7ce9b825d000 ---p 00000000 00:00 0 
7ce9b825d000-7ce9b835d000 rw-p 00000000 00:00 0 
7ce9b835d000-7ce9b835e000 ---p 00000000 00:00 0 
7ce9b835e000-7ce9b84db000 rw-p 00000000 00:00 0 
7ce9b84db000-7ce9b8c27000 ---p 00000000 00:00 0 
7ce9b8c27000-7ce9b8e2f000 rw-p 00000000 00:00 0 
7ce9b8e2f000-7ce9b8f15000 ---p 00000000 00:00 0 
7ce9b8f15000-7ce9b8f1a000 rw-p 00000000 00:00 0 
7ce9b8f1a000-7ce9b9000000 ---p 00000000 00:00 0 
7ce9b9000000-7ce9b9878000 r--p 00000000 08:03 917748                     /usr/lib/locale/locale-archive
7ce9b987c000-7ce9b9900000 rw-p 00000000 00:00 0 
7ce9b9900000-7ce9b9904000 ---p 00000000 00:00 0 
7ce9b9904000-7ce9b9a00000 rw-p 00000000 00:00 0 
7ce9b9a00000-7ce9bad12000 r-xp 00000000 08:03 2903298                    /home/wangjing/.jdks/openjdk-21.0.2/lib/server/libjvm.so
7ce9bad12000-7ce9bad13000 ---p 01312000 08:03 2903298                    /home/wangjing/.jdks/openjdk-21.0.2/lib/server/libjvm.so
7ce9bad13000-7ce9bade0000 r--p 01312000 08:03 2903298                    /home/wangjing/.jdks/openjdk-21.0.2/lib/server/libjvm.so
7ce9bade0000-7ce9bae0e000 rw-p 013df000 08:03 2903298                    /home/wangjing/.jdks/openjdk-21.0.2/lib/server/libjvm.so
7ce9bae0e000-7ce9bae74000 rw-p 00000000 00:00 0 
7ce9bae74000-7ce9bae80000 r-xp 00000000 08:03 2903276                    /home/wangjing/.jdks/openjdk-21.0.2/lib/libnet.so
7ce9bae80000-7ce9bae81000 r--p 0000b000 08:03 2903276                    /home/wangjing/.jdks/openjdk-21.0.2/lib/libnet.so
7ce9bae81000-7ce9bae82000 rw-p 0000c000 08:03 2903276                    /home/wangjing/.jdks/openjdk-21.0.2/lib/libnet.so
7ce9bae82000-7ce9bae96000 r-xp 00000000 08:03 2903277                    /home/wangjing/.jdks/openjdk-21.0.2/lib/libnio.so
7ce9bae96000-7ce9bae97000 r--p 00013000 08:03 2903277                    /home/wangjing/.jdks/openjdk-21.0.2/lib/libnio.so
7ce9bae97000-7ce9bae98000 rw-p 00014000 08:03 2903277                    /home/wangjing/.jdks/openjdk-21.0.2/lib/libnio.so
7ce9bae98000-7ce9bae9d000 r-xp 00000000 08:03 2903253                    /home/wangjing/.jdks/openjdk-21.0.2/lib/libdt_socket.so
7ce9bae9d000-7ce9bae9e000 r--p 00004000 08:03 2903253                    /home/wangjing/.jdks/openjdk-21.0.2/lib/libdt_socket.so
7ce9bae9e000-7ce9bae9f000 rw-p 00005000 08:03 2903253                    /home/wangjing/.jdks/openjdk-21.0.2/lib/libdt_socket.so
7ce9bae9f000-7ce9baea6000 r--s 00000000 08:03 1577262                    /usr/lib/x86_64-linux-gnu/gconv/gconv-modules.cache
7ce9baea6000-7ce9baeab000 rw-p 00000000 00:00 0 
7ce9baeab000-7ce9baeb2000 ---p 00000000 00:00 0 
7ce9baeb2000-7ce9baed2000 r-xp 00000000 08:03 2903261                    /home/wangjing/.jdks/openjdk-21.0.2/lib/libjava.so
7ce9baed2000-7ce9baed3000 ---p 00020000 08:03 2903261                    /home/wangjing/.jdks/openjdk-21.0.2/lib/libjava.so
7ce9baed3000-7ce9baed4000 r--p 00020000 08:03 2903261                    /home/wangjing/.jdks/openjdk-21.0.2/lib/libjava.so
7ce9baed4000-7ce9baed5000 rw-p 00021000 08:03 2903261                    /home/wangjing/.jdks/openjdk-21.0.2/lib/libjava.so
7ce9baed5000-7ce9baed6000 rw-p 00000000 00:00 0 
7ce9baed6000-7ce9baf16000 r-xp 00000000 08:03 2903264                    /home/wangjing/.jdks/openjdk-21.0.2/lib/libjdwp.so
7ce9baf16000-7ce9baf17000 r--p 0003f000 08:03 2903264                    /home/wangjing/.jdks/openjdk-21.0.2/lib/libjdwp.so
7ce9baf17000-7ce9baf18000 rw-p 00040000 08:03 2903264                    /home/wangjing/.jdks/openjdk-21.0.2/lib/libjdwp.so
7ce9baf18000-7ce9baf19000 rw-p 00000000 00:00 0 
7ce9baf19000-7ce9baf27000 r--p 00000000 08:03 920662                     /usr/lib/x86_64-linux-gnu/libm.so.6
7ce9baf27000-7ce9bafa3000 r-xp 0000e000 08:03 920662                     /usr/lib/x86_64-linux-gnu/libm.so.6
7ce9bafa3000-7ce9baffe000 r--p 0008a000 08:03 920662                     /usr/lib/x86_64-linux-gnu/libm.so.6
7ce9baffe000-7ce9bafff000 r--p 000e4000 08:03 920662                     /usr/lib/x86_64-linux-gnu/libm.so.6
7ce9bafff000-7ce9bb000000 rw-p 000e5000 08:03 920662                     /usr/lib/x86_64-linux-gnu/libm.so.6
7ce9bb000000-7ce9bb028000 r--p 00000000 08:03 920659                     /usr/lib/x86_64-linux-gnu/libc.so.6
7ce9bb028000-7ce9bb1bd000 r-xp 00028000 08:03 920659                     /usr/lib/x86_64-linux-gnu/libc.so.6
7ce9bb1bd000-7ce9bb215000 r--p 001bd000 08:03 920659                     /usr/lib/x86_64-linux-gnu/libc.so.6
7ce9bb215000-7ce9bb216000 ---p 00215000 08:03 920659                     /usr/lib/x86_64-linux-gnu/libc.so.6
7ce9bb216000-7ce9bb21a000 r--p 00215000 08:03 920659                     /usr/lib/x86_64-linux-gnu/libc.so.6
7ce9bb21a000-7ce9bb21c000 rw-p 00219000 08:03 920659                     /usr/lib/x86_64-linux-gnu/libc.so.6
7ce9bb21c000-7ce9bb229000 rw-p 00000000 00:00 0 
7ce9bb229000-7ce9bb22f000 r--s 000f8000 08:03 1311711                    /opt/idea/idea-IU-233.14475.28/plugins/java/lib/rt/debugger-agent.jar
7ce9bb22f000-7ce9bb236000 r-xp 00000000 08:03 2903285                    /home/wangjing/.jdks/openjdk-21.0.2/lib/libzip.so
7ce9bb236000-7ce9bb237000 ---p 00007000 08:03 2903285                    /home/wangjing/.jdks/openjdk-21.0.2/lib/libzip.so
7ce9bb237000-7ce9bb238000 r--p 00007000 08:03 2903285                    /home/wangjing/.jdks/openjdk-21.0.2/lib/libzip.so
7ce9bb238000-7ce9bb239000 rw-p 00008000 08:03 2903285                    /home/wangjing/.jdks/openjdk-21.0.2/lib/libzip.so
7ce9bb239000-7ce9bb241000 rw-s 00000000 08:03 131112                     /tmp/hsperfdata_wangjing/8104
7ce9bb241000-7ce9bb25c000 r-xp 00000000 08:03 2903265                    /home/wangjing/.jdks/openjdk-21.0.2/lib/libjimage.so
7ce9bb25c000-7ce9bb25d000 ---p 0001b000 08:03 2903265                    /home/wangjing/.jdks/openjdk-21.0.2/lib/libjimage.so
7ce9bb25d000-7ce9bb25f000 r--p 0001b000 08:03 2903265                    /home/wangjing/.jdks/openjdk-21.0.2/lib/libjimage.so
7ce9bb25f000-7ce9bb260000 rw-p 0001d000 08:03 2903265                    /home/wangjing/.jdks/openjdk-21.0.2/lib/libjimage.so
7ce9bb260000-7ce9bb261000 r--p 00000000 08:03 920673                     /usr/lib/x86_64-linux-gnu/librt.so.1
7ce9bb261000-7ce9bb262000 r-xp 00001000 08:03 920673                     /usr/lib/x86_64-linux-gnu/librt.so.1
7ce9bb262000-7ce9bb263000 r--p 00002000 08:03 920673                     /usr/lib/x86_64-linux-gnu/librt.so.1
7ce9bb263000-7ce9bb264000 r--p 00002000 08:03 920673                     /usr/lib/x86_64-linux-gnu/librt.so.1
7ce9bb264000-7ce9bb265000 rw-p 00003000 08:03 920673                     /usr/lib/x86_64-linux-gnu/librt.so.1
7ce9bb265000-7ce9bb269000 rw-p 00000000 00:00 0 
7ce9bb269000-7ce9bb26a000 r--p 00000000 08:03 920661                     /usr/lib/x86_64-linux-gnu/libdl.so.2
7ce9bb26a000-7ce9bb26b000 r-xp 00001000 08:03 920661                     /usr/lib/x86_64-linux-gnu/libdl.so.2
7ce9bb26b000-7ce9bb26c000 r--p 00002000 08:03 920661                     /usr/lib/x86_64-linux-gnu/libdl.so.2
7ce9bb26c000-7ce9bb26d000 r--p 00002000 08:03 920661                     /usr/lib/x86_64-linux-gnu/libdl.so.2
7ce9bb26d000-7ce9bb26e000 rw-p 00003000 08:03 920661                     /usr/lib/x86_64-linux-gnu/libdl.so.2
7ce9bb26e000-7ce9bb26f000 r--p 00000000 08:03 920671                     /usr/lib/x86_64-linux-gnu/libpthread.so.0
7ce9bb26f000-7ce9bb270000 r-xp 00001000 08:03 920671                     /usr/lib/x86_64-linux-gnu/libpthread.so.0
7ce9bb270000-7ce9bb271000 r--p 00002000 08:03 920671                     /usr/lib/x86_64-linux-gnu/libpthread.so.0
7ce9bb271000-7ce9bb272000 r--p 00002000 08:03 920671                     /usr/lib/x86_64-linux-gnu/libpthread.so.0
7ce9bb272000-7ce9bb273000 rw-p 00003000 08:03 920671                     /usr/lib/x86_64-linux-gnu/libpthread.so.0
7ce9bb273000-7ce9bb281000 r-xp 00000000 08:03 2903266                    /home/wangjing/.jdks/openjdk-21.0.2/lib/libjli.so
7ce9bb281000-7ce9bb282000 ---p 0000e000 08:03 2903266                    /home/wangjing/.jdks/openjdk-21.0.2/lib/libjli.so
7ce9bb282000-7ce9bb283000 r--p 0000e000 08:03 2903266                    /home/wangjing/.jdks/openjdk-21.0.2/lib/libjli.so
7ce9bb283000-7ce9bb284000 rw-p 0000f000 08:03 2903266                    /home/wangjing/.jdks/openjdk-21.0.2/lib/libjli.so
7ce9bb284000-7ce9bb286000 r--p 00000000 08:03 917955                     /usr/lib/x86_64-linux-gnu/libz.so.1.2.11
7ce9bb286000-7ce9bb297000 r-xp 00002000 08:03 917955                     /usr/lib/x86_64-linux-gnu/libz.so.1.2.11
7ce9bb297000-7ce9bb29d000 r--p 00013000 08:03 917955                     /usr/lib/x86_64-linux-gnu/libz.so.1.2.11
7ce9bb29d000-7ce9bb29e000 ---p 00019000 08:03 917955                     /usr/lib/x86_64-linux-gnu/libz.so.1.2.11
7ce9bb29e000-7ce9bb29f000 r--p 00019000 08:03 917955                     /usr/lib/x86_64-linux-gnu/libz.so.1.2.11
7ce9bb29f000-7ce9bb2a0000 rw-p 0001a000 08:03 917955                     /usr/lib/x86_64-linux-gnu/libz.so.1.2.11
7ce9bb2a3000-7ce9bb2ad000 r-xp 00000000 08:03 2903256                    /home/wangjing/.jdks/openjdk-21.0.2/lib/libinstrument.so
7ce9bb2ad000-7ce9bb2ae000 ---p 0000a000 08:03 2903256                    /home/wangjing/.jdks/openjdk-21.0.2/lib/libinstrument.so
7ce9bb2ae000-7ce9bb2af000 r--p 0000a000 08:03 2903256                    /home/wangjing/.jdks/openjdk-21.0.2/lib/libinstrument.so
7ce9bb2af000-7ce9bb2b0000 rw-p 0000b000 08:03 2903256                    /home/wangjing/.jdks/openjdk-21.0.2/lib/libinstrument.so
7ce9bb2b0000-7ce9bb2b1000 ---p 00000000 00:00 0 
7ce9bb2b1000-7ce9bb2b2000 r--p 00000000 00:00 0 
7ce9bb2b2000-7ce9bb2b4000 rw-p 00000000 00:00 0 
7ce9bb2b4000-7ce9bb2b6000 r--p 00000000 08:03 920656                     /usr/lib/x86_64-linux-gnu/ld-linux-x86-64.so.2
7ce9bb2b6000-7ce9bb2e0000 r-xp 00002000 08:03 920656                     /usr/lib/x86_64-linux-gnu/ld-linux-x86-64.so.2
7ce9bb2e0000-7ce9bb2eb000 r--p 0002c000 08:03 920656                     /usr/lib/x86_64-linux-gnu/ld-linux-x86-64.so.2
7ce9bb2eb000-7ce9bb2ec000 ---p 00000000 00:00 0 
7ce9bb2ec000-7ce9bb2ee000 r--p 00037000 08:03 920656                     /usr/lib/x86_64-linux-gnu/ld-linux-x86-64.so.2
7ce9bb2ee000-7ce9bb2f0000 rw-p 00039000 08:03 920656                     /usr/lib/x86_64-linux-gnu/ld-linux-x86-64.so.2
7ffc2a08d000-7ffc2a0ae000 rw-p 00000000 00:00 0                          [stack]
7ffc2a15d000-7ffc2a161000 r--p 00000000 00:00 0                          [vvar]
7ffc2a161000-7ffc2a163000 r-xp 00000000 00:00 0                          [vdso]
ffffffffff600000-ffffffffff601000 --xp 00000000 00:00 0                  [vsyscall]
Total number of mappings: 246


VM Arguments:
jvm_args: -agentlib:jdwp=transport=dt_socket,address=127.0.0.1:43171,suspend=y,server=n -javaagent:/opt/idea/idea-IU-233.14475.28/plugins/java/lib/rt/debugger-agent.jar -Dfile.encoding=UTF-8 -Dsun.stdout.encoding=UTF-8 -Dsun.stderr.encoding=UTF-8 
java_command: Main ./tests/test1.sysy out.txt
java_class_path (initial): /home/wangjing/Lab/target/classes:/usr/local/lib/javacpp-1.5.7.jar:/usr/local/lib/llvm-13.0.1-1.5.7.jar:/usr/local/lib/antlr-4.9.1-complete.jar:/usr/local/lib/javacpp-1.5.7-linux-x86_64.jar:/usr/local/lib/llvm-platform-13.0.1-1.5.7.jar:/usr/local/lib/llvm-13.0.1-1.5.7-linux-x86_64.jar:/opt/idea/idea-IU-233.14475.28/lib/idea_rt.jar
Launcher Type: SUN_STANDARD

[Global flags]
     intx CICompilerCount                          = 2                                         {product} {ergonomic}
     uint ConcGCThreads                            = 1                                         {product} {ergonomic}
     uint G1ConcRefinementThreads                  = 2                                         {product} {ergonomic}
   size_t G1HeapRegionSize                         = 2097152                                   {product} {ergonomic}
    uintx GCDrainStackTargetSize                   = 64                                        {product} {ergonomic}
   size_t InitialHeapSize                          = 262144000                                 {product} {ergonomic}
   size_t MarkStackSize                            = 4194304                                   {product} {ergonomic}
   size_t MaxHeapSize                              = 4181721088                                {product} {ergonomic}
   size_t MaxNewSize                               = 2508193792                                {product} {ergonomic}
   size_t MinHeapDeltaBytes                        = 2097152                                   {product} {ergonomic}
   size_t MinHeapSize                              = 8388608                                   {product} {ergonomic}
    uintx NonNMethodCodeHeapSize                   = 5826188                                {pd product} {ergonomic}
    uintx NonProfiledCodeHeapSize                  = 122916026                              {pd product} {ergonomic}
    uintx ProfiledCodeHeapSize                     = 122916026                              {pd product} {ergonomic}
    uintx ReservedCodeCacheSize                    = 251658240                              {pd product} {ergonomic}
     bool SegmentedCodeCache                       = true                                      {product} {ergonomic}
   size_t SoftMaxHeapSize                          = 4181721088                             {manageable} {ergonomic}
     bool UseCompressedOops                        = true                           {product lp64_product} {ergonomic}
     bool UseG1GC                                  = true                                      {product} {ergonomic}

Logging:
Log output configuration:
 #0: stdout all=warning uptime,level,tags foldmultilines=false
 #1: stderr all=off uptime,level,tags foldmultilines=false

Environment Variables:
PATH=/usr/local/sbin:/usr/local/bin:/usr/sbin:/usr/bin:/sbin:/bin:/usr/games:/usr/local/games:/snap/bin:/snap/bin
USERNAME=wangjing
SHELL=/bin/bash
DISPLAY=:0
LANG=en_US.UTF-8
LC_NUMERIC=zh_CN.UTF-8
LC_TIME=zh_CN.UTF-8

Active Locale:
LC_ALL=LC_CTYPE=en_US.UTF-8;LC_NUMERIC=zh_CN.UTF-8;LC_TIME=zh_CN.UTF-8;LC_COLLATE=en_US.UTF-8;LC_MONETARY=zh_CN.UTF-8;LC_MESSAGES=en_US.UTF-8;LC_PAPER=zh_CN.UTF-8;LC_NAME=zh_CN.UTF-8;LC_ADDRESS=zh_CN.UTF-8;LC_TELEPHONE=zh_CN.UTF-8;LC_MEASUREMENT=zh_CN.UTF-8;LC_IDENTIFICATION=zh_CN.UTF-8
LC_COLLATE=en_US.UTF-8
LC_CTYPE=en_US.UTF-8
LC_MESSAGES=en_US.UTF-8
LC_MONETARY=zh_CN.UTF-8
LC_NUMERIC=zh_CN.UTF-8
LC_TIME=zh_CN.UTF-8

Signal Handlers:
   SIGSEGV: crash_handler in libjvm.so, mask=11100100010111111101111111111110, flags=SA_RESTART|SA_SIGINFO, unblocked
    SIGBUS: crash_handler in libjvm.so, mask=11100100010111111101111111111110, flags=SA_RESTART|SA_SIGINFO, unblocked
    SIGFPE: crash_handler in libjvm.so, mask=11100100010111111101111111111110, flags=SA_RESTART|SA_SIGINFO, unblocked
   SIGPIPE: javaSignalHandler in libjvm.so, mask=11100100010111111101111111111110, flags=SA_RESTART|SA_SIGINFO, blocked
   SIGXFSZ: javaSignalHandler in libjvm.so, mask=11100100010111111101111111111110, flags=SA_RESTART|SA_SIGINFO, blocked
    SIGILL: crash_handler in libjvm.so, mask=11100100010111111101111111111110, flags=SA_RESTART|SA_SIGINFO, unblocked
   SIGUSR2: SR_handler in libjvm.so, mask=00100000000000000000000000000000, flags=SA_RESTART|SA_SIGINFO, blocked
    SIGHUP: UserHandler in libjvm.so, mask=11100100010111111101111111111110, flags=SA_RESTART|SA_SIGINFO, blocked
    SIGINT: UserHandler in libjvm.so, mask=11100100010111111101111111111110, flags=SA_RESTART|SA_SIGINFO, blocked
   SIGTERM: UserHandler in libjvm.so, mask=11100100010111111101111111111110, flags=SA_RESTART|SA_SIGINFO, blocked
   SIGQUIT: UserHandler in libjvm.so, mask=11100100010111111101111111111110, flags=SA_RESTART|SA_SIGINFO, blocked
   SIGTRAP: crash_handler in libjvm.so, mask=11100100010111111101111111111110, flags=SA_RESTART|SA_SIGINFO, unblocked


Periodic native trim disabled

---------------  S Y S T E M  ---------------

OS:
DISTRIB_ID=Ubuntu
DISTRIB_RELEASE=22.04
DISTRIB_CODENAME=jammy
DISTRIB_DESCRIPTION="Ubuntu 22.04.4 LTS"
uname: Linux 6.5.0-35-generic #35~22.04.1-Ubuntu SMP PREEMPT_DYNAMIC Tue May  7 09:00:52 UTC 2 x86_64
OS uptime: 0 days 1:38 hours
libc: glibc 2.35 NPTL 2.35 
rlimit (soft/hard): STACK 8192k/infinity , CORE 0k/infinity , NPROC 63495/63495 , NOFILE 1048576/1048576 , AS infinity/infinity , CPU infinity/infinity , DATA infinity/infinity , FSIZE infinity/infinity , MEMLOCK 2041432k/2041432k
load average: 1.96 1.70 1.46

/proc/meminfo:
MemTotal:       16331456 kB
MemFree:         6641996 kB
MemAvailable:   10243720 kB
Buffers:           90184 kB
Cached:          3779232 kB
SwapCached:            0 kB
Active:          7046344 kB
Inactive:        1702076 kB
Active(anon):    4964032 kB
Inactive(anon):        0 kB
Active(file):    2082312 kB
Inactive(file):  1702076 kB
Unevictable:           0 kB
Mlocked:               0 kB
SwapTotal:       2097148 kB
SwapFree:        2097148 kB
Zswap:                 0 kB
Zswapped:              0 kB
Dirty:               408 kB
Writeback:             0 kB
AnonPages:       4879036 kB
Mapped:          1411628 kB
Shmem:             85028 kB
KReclaimable:     140328 kB
Slab:             299756 kB
SReclaimable:     140328 kB
SUnreclaim:       159428 kB
KernelStack:       16736 kB
PageTables:        37152 kB
SecPageTables:         0 kB
NFS_Unstable:          0 kB
Bounce:                0 kB
WritebackTmp:          0 kB
CommitLimit:    10262876 kB
Committed_AS:    8740012 kB
VmallocTotal:   34359738367 kB
VmallocUsed:       46068 kB
VmallocChunk:          0 kB
Percpu:           105984 kB
HardwareCorrupted:     0 kB
AnonHugePages:         0 kB
ShmemHugePages:        0 kB
ShmemPmdMapped:        0 kB
FileHugePages:         0 kB
FilePmdMapped:         0 kB
Unaccepted:            0 kB
HugePages_Total:       0
HugePages_Free:        0
HugePages_Rsvd:        0
HugePages_Surp:        0
Hugepagesize:       2048 kB
Hugetlb:               0 kB
DirectMap4k:      147264 kB
DirectMap2M:     5095424 kB
DirectMap1G:    13631488 kB

/sys/kernel/mm/transparent_hugepage/enabled: always [madvise] never
/sys/kernel/mm/transparent_hugepage/defrag (defrag/compaction efforts parameter): always defer defer+madvise [madvise] never

Process Memory:
Virtual Size: 6890072K (peak: 6890072K)
Resident Set Size: 122932K (peak: 122932K) (anon: 71284K, file: 51648K, shmem: 0K)
Swapped out: 0K
C-Heap outstanding allocations: 31484K, retained: 8195K
glibc malloc tunables: (default)

/proc/sys/kernel/threads-max (system-wide limit on the number of threads): 126991
/proc/sys/vm/max_map_count (maximum number of memory map areas a process may have): 65530
/proc/sys/kernel/pid_max (system-wide limit on number of process identifiers): 4194304

container (cgroup) information:
container_type: cgroupv2
cpu_cpuset_cpus: not supported
cpu_memory_nodes: not supported
active_processor_count: 2
cpu_quota: not supported
cpu_period: not supported
cpu_shares: not supported
memory_limit_in_bytes: unlimited
memory_and_swap_limit_in_bytes: unlimited
memory_soft_limit_in_bytes: unlimited
memory_usage_in_bytes: 5028564 k
memory_max_usage_in_bytes: not supported
memory_swap_current_in_bytes: unlimited
memory_swap_max_limit_in_bytes: unlimited
maximum number of tasks: 19048
current number of tasks: 177

VMWare virtualization detected
Steal ticks since vm start: 0
Steal ticks percentage since vm start:  0.000

CPU: total 2 (initial active 2) (1 cores per cpu, 1 threads per core) family 25 model 116 stepping 1 microcode 0xffffffff, cx8, cmov, fxsr, mmx, sse, sse2, sse3, ssse3, sse4a, sse4.1, sse4.2, popcnt, lzcnt, tsc, tscinvbit, avx, avx2, aes, erms, clmul, bmi1, bmi2, adx, avx512f, avx512dq, avx512cd, avx512bw, avx512vl, sha, fma, vzeroupper, avx512_vpopcntdq, avx512_vpclmulqdq, avx512_vaes, avx512_vnni, clflush, clflushopt, avx512_vbmi2, avx512_vbmi, hv, rdtscp, rdpid, gfni, avx512_bitalg, f16c, avx512_ifma
CPU Model and flags from /proc/cpuinfo:
model name	: AMD Ryzen 7 7840HS with Radeon 780M Graphics
flags		: fpu vme de pse tsc msr pae mce cx8 apic sep mtrr pge mca cmov pat pse36 clflush mmx fxsr sse sse2 syscall nx mmxext pdpe1gb rdtscp lm constant_tsc rep_good nopl tsc_reliable nonstop_tsc cpuid extd_apicid tsc_known_freq pni pclmulqdq ssse3 fma cx16 sse4_1 sse4_2 x2apic movbe popcnt aes xsave avx f16c rdrand hypervisor lahf_lm cr8_legacy abm sse4a misalignsse 3dnowprefetch osvw topoext ibpb vmmcall fsgsbase bmi1 avx2 smep bmi2 erms invpcid avx512f avx512dq rdseed adx smap avx512ifma clflushopt clwb avx512cd sha_ni avx512bw avx512vl xsaveopt xsavec xgetbv1 xsaves avx512_bf16 clzero arat avx512vbmi umip avx512_vbmi2 gfni vaes vpclmulqdq avx512_vnni avx512_bitalg avx512_vpopcntdq rdpid overflow_recov succor

Online cpus: 0-1
Offline cpus: 2-127
BIOS frequency limitation: <Not Available>
Frequency switch latency (ns): <Not Available>
Available cpu frequencies: <Not Available>
Current governor: <Not Available>
Core performance/turbo boost: <Not Available>

Memory: 4k page, physical 16331456k(10243720k free), swap 2097148k(2097148k free)
Page Sizes: 4k

vm_info: OpenJDK 64-Bit Server VM (21.0.2+13-58) for linux-amd64 JRE (21.0.2+13-58), built on 2024-01-05T18:32:24Z by "mach5one" with gcc 11.2.0

END.
