#
# A fatal error has been detected by the Java Runtime Environment:
#
#  SIGSEGV (0xb) at pc=0x00007c8d6202c882, pid=35048, tid=35049
#
# JRE version: OpenJDK Runtime Environment (21.0.2+13) (build 21.0.2+13-58)
# Java VM: OpenJDK 64-Bit Server VM (21.0.2+13-58, mixed mode, sharing, tiered, compressed oops, compressed class ptrs, g1 gc, linux-amd64)
# Problematic frame:
# C  [libLLVM-13.so+0xc2c882]  LLVMBuildLoad+0x12
#
# Core dump will be written. Default location: Core dumps may be processed with "/usr/share/apport/apport -p%p -s%s -c%c -d%d -P%P -u%u -g%g -- %E" (or dumping to /home/wangjing/Lab/core.35048)
#
# If you would like to submit a bug report, please visit:
#   https://bugreport.java.com/bugreport/crash.jsp
# The crash happened outside the Java Virtual Machine in native code.
# See problematic frame for where to report the bug.
#

---------------  S U M M A R Y ------------

Command Line: -agentlib:jdwp=transport=dt_socket,address=127.0.0.1:33307,suspend=y,server=n -javaagent:/opt/idea/idea-IU-233.14475.28/plugins/java/lib/rt/debugger-agent.jar -Dfile.encoding=UTF-8 -Dsun.stdout.encoding=UTF-8 -Dsun.stderr.encoding=UTF-8 Main ./tests/test1.sysy output.ll

Host: AMD Ryzen 7 7840HS with Radeon 780M Graphics, 2 cores, 15G, Ubuntu 22.04.4 LTS
Time: Thu May 30 14:53:53 2024 CST elapsed time: 45.018896 seconds (0d 0h 0m 45s)

---------------  T H R E A D  ---------------

Current thread (0x00007c8e0c02caa0):  JavaThread "main"             [_thread_in_native, id=35049, stack(0x00007c8e14f00000,0x00007c8e15000000) (1024K)]

Stack: [0x00007c8e14f00000,0x00007c8e15000000],  sp=0x00007c8e14ffd3b0,  free space=1012k
Native frames: (J=compiled Java code, j=interpreted, Vv=VM code, C=native code)
C  [libLLVM-13.so+0xc2c882]  LLVMBuildLoad+0x12
Java frames: (J=compiled Java code, j=interpreted, Vv=VM code)
j  org.bytedeco.llvm.global.LLVM.LLVMBuildLoad(Lorg/bytedeco/llvm/LLVM/LLVMBuilderRef;Lorg/bytedeco/llvm/LLVM/LLVMValueRef;Ljava/lang/String;)Lorg/bytedeco/llvm/LLVM/LLVMValueRef;+0
j  MyVisitor.visitLVal(LSysYParser$LValContext;)Lorg/bytedeco/llvm/LLVM/LLVMValueRef;+31
j  MyVisitor.visitLVal(LSysYParser$LValContext;)Ljava/lang/Object;+2
j  SysYParser$LValContext.accept(Lorg/antlr/v4/runtime/tree/ParseTreeVisitor;)Ljava/lang/Object;+12
j  org.antlr.v4.runtime.tree.AbstractParseTreeVisitor.visitChildren(Lorg/antlr/v4/runtime/tree/RuleNode;)Ljava/lang/Object;+46
j  SysYParserBaseVisitor.visitExp2(LSysYParser$Exp2Context;)Ljava/lang/Object;+2
j  MyVisitor.visitExp2(LSysYParser$Exp2Context;)Lorg/bytedeco/llvm/LLVM/LLVMValueRef;+2
j  MyVisitor.visitExp2(LSysYParser$Exp2Context;)Ljava/lang/Object;+2
j  SysYParser$Exp2Context.accept(Lorg/antlr/v4/runtime/tree/ParseTreeVisitor;)Ljava/lang/Object;+12
j  org.antlr.v4.runtime.tree.AbstractParseTreeVisitor.visitChildren(Lorg/antlr/v4/runtime/tree/RuleNode;)Ljava/lang/Object;+46
j  SysYParserBaseVisitor.visitCond1(LSysYParser$Cond1Context;)Ljava/lang/Object;+2
j  MyVisitor.visitCond1(LSysYParser$Cond1Context;)Lorg/bytedeco/llvm/LLVM/LLVMValueRef;+2
j  MyVisitor.visitCond1(LSysYParser$Cond1Context;)Ljava/lang/Object;+2
j  SysYParser$Cond1Context.accept(Lorg/antlr/v4/runtime/tree/ParseTreeVisitor;)Ljava/lang/Object;+12
j  org.antlr.v4.runtime.tree.AbstractParseTreeVisitor.visit(Lorg/antlr/v4/runtime/tree/ParseTree;)Ljava/lang/Object;+2
j  MyVisitor.visit(Lorg/antlr/v4/runtime/tree/ParseTree;)Lorg/bytedeco/llvm/LLVM/LLVMValueRef;+2
j  MyVisitor.visitCom(LSysYParser$ComContext;)Lorg/bytedeco/llvm/LLVM/LLVMValueRef;+6
j  MyVisitor.visitCom(LSysYParser$ComContext;)Ljava/lang/Object;+2
j  SysYParser$ComContext.accept(Lorg/antlr/v4/runtime/tree/ParseTreeVisitor;)Ljava/lang/Object;+12
j  org.antlr.v4.runtime.tree.AbstractParseTreeVisitor.visit(Lorg/antlr/v4/runtime/tree/ParseTree;)Ljava/lang/Object;+2
j  MyVisitor.visit(Lorg/antlr/v4/runtime/tree/ParseTree;)Lorg/bytedeco/llvm/LLVM/LLVMValueRef;+2
j  MyVisitor.visitOr(LSysYParser$OrContext;)Lorg/bytedeco/llvm/LLVM/LLVMValueRef;+135
j  MyVisitor.visitOr(LSysYParser$OrContext;)Ljava/lang/Object;+2
j  SysYParser$OrContext.accept(Lorg/antlr/v4/runtime/tree/ParseTreeVisitor;)Ljava/lang/Object;+12
j  org.antlr.v4.runtime.tree.AbstractParseTreeVisitor.visit(Lorg/antlr/v4/runtime/tree/ParseTree;)Ljava/lang/Object;+2
j  MyVisitor.visit(Lorg/antlr/v4/runtime/tree/ParseTree;)Lorg/bytedeco/llvm/LLVM/LLVMValueRef;+2
j  MyVisitor.visitIfStmt(LSysYParser$IfStmtContext;)Lorg/bytedeco/llvm/LLVM/LLVMValueRef;+51
j  MyVisitor.visitIfStmt(LSysYParser$IfStmtContext;)Ljava/lang/Object;+2
j  SysYParser$IfStmtContext.accept(Lorg/antlr/v4/runtime/tree/ParseTreeVisitor;)Ljava/lang/Object;+12
j  org.antlr.v4.runtime.tree.AbstractParseTreeVisitor.visitChildren(Lorg/antlr/v4/runtime/tree/RuleNode;)Ljava/lang/Object;+46
j  SysYParserBaseVisitor.visitBlockItem(LSysYParser$BlockItemContext;)Ljava/lang/Object;+2
j  SysYParser$BlockItemContext.accept(Lorg/antlr/v4/runtime/tree/ParseTreeVisitor;)Ljava/lang/Object;+12
j  org.antlr.v4.runtime.tree.AbstractParseTreeVisitor.visit(Lorg/antlr/v4/runtime/tree/ParseTree;)Ljava/lang/Object;+2
j  MyVisitor.visit(Lorg/antlr/v4/runtime/tree/ParseTree;)Lorg/bytedeco/llvm/LLVM/LLVMValueRef;+2
j  MyVisitor.visitBlock(LSysYParser$BlockContext;)Lorg/bytedeco/llvm/LLVM/LLVMValueRef;+99
j  MyVisitor.visitFuncDef(LSysYParser$FuncDefContext;)Lorg/bytedeco/llvm/LLVM/LLVMValueRef;+274
j  MyVisitor.visitFuncDef(LSysYParser$FuncDefContext;)Ljava/lang/Object;+2
j  SysYParser$FuncDefContext.accept(Lorg/antlr/v4/runtime/tree/ParseTreeVisitor;)Ljava/lang/Object;+12
j  org.antlr.v4.runtime.tree.AbstractParseTreeVisitor.visitChildren(Lorg/antlr/v4/runtime/tree/RuleNode;)Ljava/lang/Object;+46
j  SysYParserBaseVisitor.visitCompUnit(LSysYParser$CompUnitContext;)Ljava/lang/Object;+2
j  MyVisitor.visitCompUnit(LSysYParser$CompUnitContext;)Lorg/bytedeco/llvm/LLVM/LLVMValueRef;+2
j  MyVisitor.visitProgram(LSysYParser$ProgramContext;)Lorg/bytedeco/llvm/LLVM/LLVMValueRef;+48
j  MyVisitor.visitProgram(LSysYParser$ProgramContext;)Ljava/lang/Object;+2
j  SysYParser$ProgramContext.accept(Lorg/antlr/v4/runtime/tree/ParseTreeVisitor;)Ljava/lang/Object;+12
j  org.antlr.v4.runtime.tree.AbstractParseTreeVisitor.visit(Lorg/antlr/v4/runtime/tree/ParseTree;)Ljava/lang/Object;+2
j  MyVisitor.visit(Lorg/antlr/v4/runtime/tree/ParseTree;)Lorg/bytedeco/llvm/LLVM/LLVMValueRef;+2
j  Main.main([Ljava/lang/String;)V+73
v  ~StubRoutines::call_stub 0x00007c8dfbf38cc6

siginfo: si_signo: 11 (SIGSEGV), si_code: 1 (SEGV_MAPERR), si_addr: 0x0000000000000000

Registers:
RAX=0x00007c8d7403a780, RBX=0x0000000000000000, RCX=0x00007c8e0c02ca62, RDX=0x00007c8d7403a780
RSP=0x00007c8e14ffd3b0, RBP=0x00007c8e0c420f10, RSI=0x0000000000000000, RDI=0x00007c8e0c420f10
R8 =0x000000071647cfa8, R9 =0x0000000000000002, R10=0x00000000000003d8, R11=0x0000000000000000
R12=0x0000000000000000, R13=0x0000000000000000, R14=0x00007c8d7403a780, R15=0x00007c8e0c02caa0
RIP=0x00007c8d6202c882, EFLAGS=0x0000000000010202, CSGSFS=0x002b000000000033, ERR=0x0000000000000004
  TRAPNO=0x000000000000000e


Register to memory mapping:

RAX=0x00007c8d7403a780 points into unknown readable memory: 0x00007c8abcd40062 | 62 00 d4 bc 8a 7c 00 00
RBX=0x0 is null
RCX=0x00007c8e0c02ca62 points into unknown readable memory: 3a 2f 76 61 72 2f
RDX=0x00007c8d7403a780 points into unknown readable memory: 0x00007c8abcd40062 | 62 00 d4 bc 8a 7c 00 00
RSP=0x00007c8e14ffd3b0 is pointing into the stack for thread: 0x00007c8e0c02caa0
RBP=0x00007c8e0c420f10 points into unknown readable memory: 0x00007c8e0c420f20 | 20 0f 42 0c 8e 7c 00 00
RSI=0x0 is null
RDI=0x00007c8e0c420f10 points into unknown readable memory: 0x00007c8e0c420f20 | 20 0f 42 0c 8e 7c 00 00
R8 =
[error occurred during error reporting (printing register info), id 0xb, SIGSEGV (0xb) at pc=0x00007c8e14198ab3]
R9 =0x0000000000000002 is an unknown value
R10=0x00000000000003d8 is an unknown value
R11=0x0 is null
R12=0x0 is null
R13=0x0 is null
R14=0x00007c8d7403a780 points into unknown readable memory: 0x00007c8abcd40062 | 62 00 d4 bc 8a 7c 00 00
R15=0x00007c8e0c02caa0 is a thread

Top of Stack: (sp=0x00007c8e14ffd3b0)
0x00007c8e14ffd3b0:   00007c8e0c02caa0 0000000000000000
0x00007c8e14ffd3c0:   0000000000000000 00007c8e0c147360
0x00007c8e14ffd3d0:   0000000000000002 0000000000000001
0x00007c8e14ffd3e0:   00007c8d7403a780 00007c8e0c147360
0x00007c8e14ffd3f0:   00007c8e14ffd4f8 00007c8e0c02caa0
0x00007c8e14ffd400:   00007c8e0c02ce58 00007c8e10527fa1
0x00007c8e14ffd410:   0000000000000000 00007c8e0c02ce58
0x00007c8e14ffd420:   0000000000000000 00007c8e0c420f10
0x00007c8e14ffd430:   00007c8d7403a780 00007c8e1053e8dc
0x00007c8e14ffd440:   00007c8d8f54ef98 00007c8e14ffd4d8
0x00007c8e14ffd450:   0000000000000000 00007c8d8f54ef98
0x00007c8e14ffd460:   00007c8e14ffd508 00007c8dfbf47c0d
0x00007c8e14ffd470:   00007c8e14ffd4d8 00007c8dfbf4780d
0x00007c8e14ffd480:   00007c8e14ffd4e8 00007c8dfbf477d8
0x00007c8e14ffd490:   00007c8e14ffd490 00007c8d8f54ef98
0x00007c8e14ffd4a0:   0000000000000006 00007c8d8f5858e0
0x00007c8e14ffd4b0:   0000000000000000 000000071593c600
0x00007c8e14ffd4c0:   00007c8d8f54ef98 0000000000000000
0x00007c8e14ffd4d0:   00007c8e14ffd4f8 00007c8e14ffd558
0x00007c8e14ffd4e0:   00007c8dfbf40cb5 000000071593c600
0x00007c8e14ffd4f0:   00007c8dfbf43e5a 000000071647cf68
0x00007c8e14ffd500:   0000000000000000 0000000715832330
0x00007c8e14ffd510:   00007c8e14ffd510 00007c8d8f5142f7
0x00007c8e14ffd520:   0000000000000004 00007c8d8f51c838
0x00007c8e14ffd530:   0000000000000000 0000000715800160
0x00007c8e14ffd540:   00007c8d8f514328 00007c8e14ffd4f8
0x00007c8e14ffd550:   00007c8e14ffd570 00007c8e14ffd5c8
0x00007c8e14ffd560:   00007c8dfbf40cb5 0000000000000000
0x00007c8e14ffd570:   0000000715831d78 0000000715800790
0x00007c8e14ffd580:   00007c8e14ffd580 00007c8d8f51447a
0x00007c8e14ffd590:   0000000000000003 00007c8d8f51c838
0x00007c8e14ffd5a0:   0000000000000000 0000000715800160 

Instructions: (pc=0x00007c8d6202c882)
0x00007c8d6202c782:   89 c4 4c 8d 4c 24 40 e8 92 57 09 00 48 8b 7d 50
0x00007c8d6202c792:   48 8b 4d 30 4c 89 e6 48 8d 54 24 10 4c 8b 45 38
0x00007c8d6202c7a2:   48 8b 07 ff 50 10 48 8b 5d 00 8b 6d 08 5a 59 48
0x00007c8d6202c7b2:   c1 e5 04 48 01 dd 48 39 eb 74 1a 0f 1f 00 48 8b
0x00007c8d6202c7c2:   53 08 8b 33 4c 89 e7 48 83 c3 10 e8 6e 16 0e 00
0x00007c8d6202c7d2:   48 39 dd 75 e9 48 83 c4 68 4c 89 e0 5b 5d 41 5c
0x00007c8d6202c7e2:   41 5d 41 5e 41 5f c3 0f 1f 80 00 00 00 00 41 54
0x00007c8d6202c7f2:   b8 01 01 00 00 55 48 89 fd 48 89 f7 53 48 83 ec
0x00007c8d6202c802:   30 48 8b 75 30 66 89 44 24 20 e8 ef 24 09 00 48
0x00007c8d6202c812:   8b 7d 50 48 8b 4d 30 48 89 e2 49 89 c4 4c 8b 45
0x00007c8d6202c822:   38 48 8b 07 4c 89 e6 ff 50 10 48 8b 5d 00 8b 6d
0x00007c8d6202c832:   08 48 c1 e5 04 48 01 dd 48 39 eb 74 18 90 48 8b
0x00007c8d6202c842:   53 08 8b 33 4c 89 e7 48 83 c3 10 e8 ee 15 0e 00
0x00007c8d6202c852:   48 39 dd 75 e9 48 83 c4 30 4c 89 e0 5b 5d 41 5c
0x00007c8d6202c862:   c3 66 2e 0f 1f 84 00 00 00 00 00 0f 1f 00 41 56
0x00007c8d6202c872:   41 55 49 89 f5 41 54 55 48 89 fd 53 48 83 ec 60
0x00007c8d6202c882:   48 8b 06 80 3a 00 be 01 01 00 00 4c 8b 70 18 66
0x00007c8d6202c892:   89 74 24 20 74 09 48 89 14 24 c6 44 24 20 03 48
0x00007c8d6202c8a2:   8b 7d 30 e8 d6 15 fc ff 48 89 c7 e8 4e 47 0e 00
0x00007c8d6202c8b2:   4c 89 f6 48 89 c7 e8 b3 46 01 00 be 01 00 00 00
0x00007c8d6202c8c2:   bf 40 00 00 00 89 c3 b8 01 01 00 00 66 89 44 24
0x00007c8d6202c8d2:   50 e8 a8 0a 13 00 48 8d 4c 24 30 41 89 d9 45 31
0x00007c8d6202c8e2:   c0 48 83 ec 08 48 89 c7 4c 89 ea 4c 89 f6 6a 00
0x00007c8d6202c8f2:   49 89 c4 e8 26 5d 09 00 48 8b 7d 50 48 8b 4d 30
0x00007c8d6202c902:   4c 89 e6 48 8d 54 24 10 4c 8b 45 38 48 8b 07 ff
0x00007c8d6202c912:   50 10 48 8b 5d 00 8b 6d 08 5a 59 48 c1 e5 04 48
0x00007c8d6202c922:   01 dd 48 39 eb 74 1e 0f 1f 80 00 00 00 00 48 8b
0x00007c8d6202c932:   53 08 8b 33 4c 89 e7 48 83 c3 10 e8 fe 14 0e 00
0x00007c8d6202c942:   48 39 dd 75 e9 48 83 c4 60 4c 89 e0 5b 5d 41 5c
0x00007c8d6202c952:   41 5d 41 5e c3 66 0f 1f 84 00 00 00 00 00 41 56
0x00007c8d6202c962:   49 89 d6 41 55 49 89 f5 be 01 01 00 00 41 54 55
0x00007c8d6202c972:   48 89 fd 53 48 83 ec 60 80 39 00 66 89 74 24 20 


Stack slot to memory mapping:

stack at sp + 0 slots: 0x00007c8e0c02caa0 is a thread
stack at sp + 1 slots: 0x0 is null
stack at sp + 2 slots: 0x0 is null
stack at sp + 3 slots: 0x00007c8e0c147360 points into unknown readable memory: 0x000000071647cf98 | 98 cf 47 16 07 00 00 00
stack at sp + 4 slots: 0x0000000000000002 is an unknown value
stack at sp + 5 slots: 0x0000000000000001 is an unknown value
stack at sp + 6 slots: 0x00007c8d7403a780 points into unknown readable memory: 0x00007c8abcd40062 | 62 00 d4 bc 8a 7c 00 00
stack at sp + 7 slots: 0x00007c8e0c147360 points into unknown readable memory: 0x000000071647cf98 | 98 cf 47 16 07 00 00 00


---------------  P R O C E S S  ---------------

Threads class SMR info:
_java_thread_list=0x00007c8e0c234380, length=14, elements={
0x00007c8e0c02caa0, 0x00007c8e0c152840, 0x00007c8e0c153e90, 0x00007c8e0c155970,
0x00007c8e0c156fb0, 0x00007c8e0c158550, 0x00007c8e0c15a090, 0x00007c8e0c15b750,
0x00007c8e0c195550, 0x00007c8e0c1d55a0, 0x00007c8e0c1e92f0, 0x00007c8d680da9b0,
0x00007c8e0c1fd370, 0x00007c8e0c234da0
}

Java Threads: ( => current thread )
=>0x00007c8e0c02caa0 JavaThread "main"                              [_thread_in_native, id=35049, stack(0x00007c8e14f00000,0x00007c8e15000000) (1024K)]
  0x00007c8e0c152840 JavaThread "Reference Handler"          daemon [_thread_blocked, id=35072, stack(0x00007c8e112f5000,0x00007c8e113f5000) (1024K)]
  0x00007c8e0c153e90 JavaThread "Finalizer"                  daemon [_thread_blocked, id=35073, stack(0x00007c8e111f5000,0x00007c8e112f5000) (1024K)]
  0x00007c8e0c155970 JavaThread "Signal Dispatcher"          daemon [_thread_blocked, id=35074, stack(0x00007c8e110f5000,0x00007c8e111f5000) (1024K)]
  0x00007c8e0c156fb0 JavaThread "Service Thread"             daemon [_thread_blocked, id=35075, stack(0x00007c8e10ff5000,0x00007c8e110f5000) (1024K)]
  0x00007c8e0c158550 JavaThread "Monitor Deflation Thread"   daemon [_thread_blocked, id=35076, stack(0x00007c8e10ef5000,0x00007c8e10ff5000) (1024K)]
  0x00007c8e0c15a090 JavaThread "C2 CompilerThread0"         daemon [_thread_blocked, id=35077, stack(0x00007c8e10df5000,0x00007c8e10ef5000) (1024K)]
  0x00007c8e0c15b750 JavaThread "C1 CompilerThread0"         daemon [_thread_blocked, id=35078, stack(0x00007c8e10cf5000,0x00007c8e10df5000) (1024K)]
  0x00007c8e0c195550 JavaThread "Common-Cleaner"             daemon [_thread_blocked, id=35081, stack(0x00007c8e10b25000,0x00007c8e10c25000) (1024K)]
  0x00007c8e0c1d55a0 JavaThread "JDWP Transport Listener: dt_socket" daemon [_thread_blocked, id=35082, stack(0x00007c8e10a25000,0x00007c8e10b25000) (1024K)]
  0x00007c8e0c1e92f0 JavaThread "JDWP Event Helper Thread"   daemon [_thread_blocked, id=35084, stack(0x00007c8e10925000,0x00007c8e10a25000) (1024K)]
  0x00007c8d680da9b0 JavaThread "JDWP Command Reader"        daemon [_thread_in_native, id=35085, stack(0x00007c8e10825000,0x00007c8e10925000) (1024K)]
  0x00007c8e0c1fd370 JavaThread "Notification Thread"        daemon [_thread_blocked, id=35088, stack(0x00007c8e10725000,0x00007c8e10825000) (1024K)]
  0x00007c8e0c234da0 JavaThread "JavaCPP Deallocator"        daemon [_thread_blocked, id=35089, stack(0x00007c8e10617000,0x00007c8e10717000) (1024K)]
Total: 14

Other Threads:
  0x00007c8e0c145e40 VMThread "VM Thread"                           [id=35071, stack(0x00007c8e113f6000,0x00007c8e114f6000) (1024K)]
  0x00007c8e0c12bdd0 WatcherThread "VM Periodic Task Thread"        [id=35066, stack(0x00007c8e114f7000,0x00007c8e115f7000) (1024K)]
  0x00007c8e0c0955f0 WorkerThread "GC Thread#0"                     [id=35056, stack(0x00007c8e11c7f000,0x00007c8e11d7f000) (1024K)]
  0x00007c8d880065c0 WorkerThread "GC Thread#1"                     [id=35090, stack(0x00007c8e10100000,0x00007c8e10200000) (1024K)]
  0x00007c8e0c0a64f0 ConcurrentGCThread "G1 Main Marker"            [id=35057, stack(0x00007c8e11b7e000,0x00007c8e11c7e000) (1024K)]
  0x00007c8e0c0a7490 WorkerThread "G1 Conc#0"                       [id=35058, stack(0x00007c8e11a7d000,0x00007c8e11b7d000) (1024K)]
  0x00007c8e0c119340 ConcurrentGCThread "G1 Refine#0"               [id=35059, stack(0x00007c8e1177a000,0x00007c8e1187a000) (1024K)]
  0x00007c8e0c11a2f0 ConcurrentGCThread "G1 Service"                [id=35060, stack(0x00007c8e11679000,0x00007c8e11779000) (1024K)]
Total: 8

Threads with active compile tasks:
Total: 0

VM state: not at safepoint (normal execution)

VM Mutex/Monitor currently owned by a thread: None

Heap address: 0x0000000706c00000, size: 3988 MB, Compressed Oops mode: Zero based, Oop shift amount: 3

CDS archive(s) mapped at: [0x00007c8d93000000-0x00007c8d93ca6000-0x00007c8d93ca6000), size 13262848, SharedBaseAddress: 0x00007c8d93000000, ArchiveRelocationMode: 1.
Compressed class space mapped at: 0x00007c8d94000000-0x00007c8dd4000000, reserved size: 1073741824
Narrow klass base: 0x00007c8d93000000, Narrow klass shift: 0, Narrow klass range: 0x100000000

GC Precious Log:
 CardTable entry size: 512
 Card Set container configuration: InlinePtr #cards 4 size 8 Array Of Cards #cards 16 size 48 Howl #buckets 8 coarsen threshold 3686 Howl Bitmap #cards 512 size 80 coarsen threshold 460 Card regions per heap region 1 cards per card region 4096
 CPUs: 2 total, 2 available
 Memory: 15948M
 Large Page Support: Disabled
 NUMA Support: Disabled
 Compressed Oops: Enabled (Zero based)
 Heap Region Size: 2M
 Heap Min Capacity: 8M
 Heap Initial Capacity: 250M
 Heap Max Capacity: 3988M
 Pre-touch: Disabled
 Parallel Workers: 2
 Concurrent Workers: 1
 Concurrent Refinement Workers: 2
 Periodic GC: Disabled

Heap:
 garbage-first heap   total 258048K, used 2734K [0x0000000706c00000, 0x0000000800000000)
  region size 2048K, 2 young (4096K), 1 survivors (2048K)
 Metaspace       used 3711K, committed 3904K, reserved 1114112K
  class space    used 410K, committed 512K, reserved 1048576K

Heap Regions: E=young(eden), S=young(survivor), O=old, HS=humongous(starts), HC=humongous(continues), CS=collection set, F=free, TAMS=top-at-mark-start, PB=parsable bottom
|   0|0x0000000706c00000, 0x0000000706c00000, 0x0000000706e00000|  0%| F|  |TAMS 0x0000000706c00000| PB 0x0000000706c00000| Untracked 
|   1|0x0000000706e00000, 0x0000000706e00000, 0x0000000707000000|  0%| F|  |TAMS 0x0000000706e00000| PB 0x0000000706e00000| Untracked 
|   2|0x0000000707000000, 0x0000000707000000, 0x0000000707200000|  0%| F|  |TAMS 0x0000000707000000| PB 0x0000000707000000| Untracked 
|   3|0x0000000707200000, 0x0000000707200000, 0x0000000707400000|  0%| F|  |TAMS 0x0000000707200000| PB 0x0000000707200000| Untracked 
|   4|0x0000000707400000, 0x0000000707400000, 0x0000000707600000|  0%| F|  |TAMS 0x0000000707400000| PB 0x0000000707400000| Untracked 
|   5|0x0000000707600000, 0x0000000707600000, 0x0000000707800000|  0%| F|  |TAMS 0x0000000707600000| PB 0x0000000707600000| Untracked 
|   6|0x0000000707800000, 0x0000000707800000, 0x0000000707a00000|  0%| F|  |TAMS 0x0000000707800000| PB 0x0000000707800000| Untracked 
|   7|0x0000000707a00000, 0x0000000707a00000, 0x0000000707c00000|  0%| F|  |TAMS 0x0000000707a00000| PB 0x0000000707a00000| Untracked 
|   8|0x0000000707c00000, 0x0000000707c00000, 0x0000000707e00000|  0%| F|  |TAMS 0x0000000707c00000| PB 0x0000000707c00000| Untracked 
|   9|0x0000000707e00000, 0x0000000707e00000, 0x0000000708000000|  0%| F|  |TAMS 0x0000000707e00000| PB 0x0000000707e00000| Untracked 
|  10|0x0000000708000000, 0x0000000708000000, 0x0000000708200000|  0%| F|  |TAMS 0x0000000708000000| PB 0x0000000708000000| Untracked 
|  11|0x0000000708200000, 0x0000000708200000, 0x0000000708400000|  0%| F|  |TAMS 0x0000000708200000| PB 0x0000000708200000| Untracked 
|  12|0x0000000708400000, 0x0000000708400000, 0x0000000708600000|  0%| F|  |TAMS 0x0000000708400000| PB 0x0000000708400000| Untracked 
|  13|0x0000000708600000, 0x0000000708600000, 0x0000000708800000|  0%| F|  |TAMS 0x0000000708600000| PB 0x0000000708600000| Untracked 
|  14|0x0000000708800000, 0x0000000708800000, 0x0000000708a00000|  0%| F|  |TAMS 0x0000000708800000| PB 0x0000000708800000| Untracked 
|  15|0x0000000708a00000, 0x0000000708a00000, 0x0000000708c00000|  0%| F|  |TAMS 0x0000000708a00000| PB 0x0000000708a00000| Untracked 
|  16|0x0000000708c00000, 0x0000000708c00000, 0x0000000708e00000|  0%| F|  |TAMS 0x0000000708c00000| PB 0x0000000708c00000| Untracked 
|  17|0x0000000708e00000, 0x0000000708e00000, 0x0000000709000000|  0%| F|  |TAMS 0x0000000708e00000| PB 0x0000000708e00000| Untracked 
|  18|0x0000000709000000, 0x0000000709000000, 0x0000000709200000|  0%| F|  |TAMS 0x0000000709000000| PB 0x0000000709000000| Untracked 
|  19|0x0000000709200000, 0x0000000709200000, 0x0000000709400000|  0%| F|  |TAMS 0x0000000709200000| PB 0x0000000709200000| Untracked 
|  20|0x0000000709400000, 0x0000000709400000, 0x0000000709600000|  0%| F|  |TAMS 0x0000000709400000| PB 0x0000000709400000| Untracked 
|  21|0x0000000709600000, 0x0000000709600000, 0x0000000709800000|  0%| F|  |TAMS 0x0000000709600000| PB 0x0000000709600000| Untracked 
|  22|0x0000000709800000, 0x0000000709800000, 0x0000000709a00000|  0%| F|  |TAMS 0x0000000709800000| PB 0x0000000709800000| Untracked 
|  23|0x0000000709a00000, 0x0000000709a00000, 0x0000000709c00000|  0%| F|  |TAMS 0x0000000709a00000| PB 0x0000000709a00000| Untracked 
|  24|0x0000000709c00000, 0x0000000709c00000, 0x0000000709e00000|  0%| F|  |TAMS 0x0000000709c00000| PB 0x0000000709c00000| Untracked 
|  25|0x0000000709e00000, 0x0000000709e00000, 0x000000070a000000|  0%| F|  |TAMS 0x0000000709e00000| PB 0x0000000709e00000| Untracked 
|  26|0x000000070a000000, 0x000000070a000000, 0x000000070a200000|  0%| F|  |TAMS 0x000000070a000000| PB 0x000000070a000000| Untracked 
|  27|0x000000070a200000, 0x000000070a200000, 0x000000070a400000|  0%| F|  |TAMS 0x000000070a200000| PB 0x000000070a200000| Untracked 
|  28|0x000000070a400000, 0x000000070a400000, 0x000000070a600000|  0%| F|  |TAMS 0x000000070a400000| PB 0x000000070a400000| Untracked 
|  29|0x000000070a600000, 0x000000070a600000, 0x000000070a800000|  0%| F|  |TAMS 0x000000070a600000| PB 0x000000070a600000| Untracked 
|  30|0x000000070a800000, 0x000000070a800000, 0x000000070aa00000|  0%| F|  |TAMS 0x000000070a800000| PB 0x000000070a800000| Untracked 
|  31|0x000000070aa00000, 0x000000070aa00000, 0x000000070ac00000|  0%| F|  |TAMS 0x000000070aa00000| PB 0x000000070aa00000| Untracked 
|  32|0x000000070ac00000, 0x000000070ac00000, 0x000000070ae00000|  0%| F|  |TAMS 0x000000070ac00000| PB 0x000000070ac00000| Untracked 
|  33|0x000000070ae00000, 0x000000070ae00000, 0x000000070b000000|  0%| F|  |TAMS 0x000000070ae00000| PB 0x000000070ae00000| Untracked 
|  34|0x000000070b000000, 0x000000070b000000, 0x000000070b200000|  0%| F|  |TAMS 0x000000070b000000| PB 0x000000070b000000| Untracked 
|  35|0x000000070b200000, 0x000000070b200000, 0x000000070b400000|  0%| F|  |TAMS 0x000000070b200000| PB 0x000000070b200000| Untracked 
|  36|0x000000070b400000, 0x000000070b400000, 0x000000070b600000|  0%| F|  |TAMS 0x000000070b400000| PB 0x000000070b400000| Untracked 
|  37|0x000000070b600000, 0x000000070b600000, 0x000000070b800000|  0%| F|  |TAMS 0x000000070b600000| PB 0x000000070b600000| Untracked 
|  38|0x000000070b800000, 0x000000070b800000, 0x000000070ba00000|  0%| F|  |TAMS 0x000000070b800000| PB 0x000000070b800000| Untracked 
|  39|0x000000070ba00000, 0x000000070ba00000, 0x000000070bc00000|  0%| F|  |TAMS 0x000000070ba00000| PB 0x000000070ba00000| Untracked 
|  40|0x000000070bc00000, 0x000000070bc00000, 0x000000070be00000|  0%| F|  |TAMS 0x000000070bc00000| PB 0x000000070bc00000| Untracked 
|  41|0x000000070be00000, 0x000000070be00000, 0x000000070c000000|  0%| F|  |TAMS 0x000000070be00000| PB 0x000000070be00000| Untracked 
|  42|0x000000070c000000, 0x000000070c000000, 0x000000070c200000|  0%| F|  |TAMS 0x000000070c000000| PB 0x000000070c000000| Untracked 
|  43|0x000000070c200000, 0x000000070c200000, 0x000000070c400000|  0%| F|  |TAMS 0x000000070c200000| PB 0x000000070c200000| Untracked 
|  44|0x000000070c400000, 0x000000070c400000, 0x000000070c600000|  0%| F|  |TAMS 0x000000070c400000| PB 0x000000070c400000| Untracked 
|  45|0x000000070c600000, 0x000000070c600000, 0x000000070c800000|  0%| F|  |TAMS 0x000000070c600000| PB 0x000000070c600000| Untracked 
|  46|0x000000070c800000, 0x000000070c800000, 0x000000070ca00000|  0%| F|  |TAMS 0x000000070c800000| PB 0x000000070c800000| Untracked 
|  47|0x000000070ca00000, 0x000000070ca00000, 0x000000070cc00000|  0%| F|  |TAMS 0x000000070ca00000| PB 0x000000070ca00000| Untracked 
|  48|0x000000070cc00000, 0x000000070cc00000, 0x000000070ce00000|  0%| F|  |TAMS 0x000000070cc00000| PB 0x000000070cc00000| Untracked 
|  49|0x000000070ce00000, 0x000000070ce00000, 0x000000070d000000|  0%| F|  |TAMS 0x000000070ce00000| PB 0x000000070ce00000| Untracked 
|  50|0x000000070d000000, 0x000000070d000000, 0x000000070d200000|  0%| F|  |TAMS 0x000000070d000000| PB 0x000000070d000000| Untracked 
|  51|0x000000070d200000, 0x000000070d200000, 0x000000070d400000|  0%| F|  |TAMS 0x000000070d200000| PB 0x000000070d200000| Untracked 
|  52|0x000000070d400000, 0x000000070d400000, 0x000000070d600000|  0%| F|  |TAMS 0x000000070d400000| PB 0x000000070d400000| Untracked 
|  53|0x000000070d600000, 0x000000070d600000, 0x000000070d800000|  0%| F|  |TAMS 0x000000070d600000| PB 0x000000070d600000| Untracked 
|  54|0x000000070d800000, 0x000000070d800000, 0x000000070da00000|  0%| F|  |TAMS 0x000000070d800000| PB 0x000000070d800000| Untracked 
|  55|0x000000070da00000, 0x000000070da00000, 0x000000070dc00000|  0%| F|  |TAMS 0x000000070da00000| PB 0x000000070da00000| Untracked 
|  56|0x000000070dc00000, 0x000000070dc00000, 0x000000070de00000|  0%| F|  |TAMS 0x000000070dc00000| PB 0x000000070dc00000| Untracked 
|  57|0x000000070de00000, 0x000000070de00000, 0x000000070e000000|  0%| F|  |TAMS 0x000000070de00000| PB 0x000000070de00000| Untracked 
|  58|0x000000070e000000, 0x000000070e000000, 0x000000070e200000|  0%| F|  |TAMS 0x000000070e000000| PB 0x000000070e000000| Untracked 
|  59|0x000000070e200000, 0x000000070e200000, 0x000000070e400000|  0%| F|  |TAMS 0x000000070e200000| PB 0x000000070e200000| Untracked 
|  60|0x000000070e400000, 0x000000070e400000, 0x000000070e600000|  0%| F|  |TAMS 0x000000070e400000| PB 0x000000070e400000| Untracked 
|  61|0x000000070e600000, 0x000000070e600000, 0x000000070e800000|  0%| F|  |TAMS 0x000000070e600000| PB 0x000000070e600000| Untracked 
|  62|0x000000070e800000, 0x000000070e800000, 0x000000070ea00000|  0%| F|  |TAMS 0x000000070e800000| PB 0x000000070e800000| Untracked 
|  63|0x000000070ea00000, 0x000000070ea00000, 0x000000070ec00000|  0%| F|  |TAMS 0x000000070ea00000| PB 0x000000070ea00000| Untracked 
|  64|0x000000070ec00000, 0x000000070ec00000, 0x000000070ee00000|  0%| F|  |TAMS 0x000000070ec00000| PB 0x000000070ec00000| Untracked 
|  65|0x000000070ee00000, 0x000000070ee00000, 0x000000070f000000|  0%| F|  |TAMS 0x000000070ee00000| PB 0x000000070ee00000| Untracked 
|  66|0x000000070f000000, 0x000000070f000000, 0x000000070f200000|  0%| F|  |TAMS 0x000000070f000000| PB 0x000000070f000000| Untracked 
|  67|0x000000070f200000, 0x000000070f200000, 0x000000070f400000|  0%| F|  |TAMS 0x000000070f200000| PB 0x000000070f200000| Untracked 
|  68|0x000000070f400000, 0x000000070f400000, 0x000000070f600000|  0%| F|  |TAMS 0x000000070f400000| PB 0x000000070f400000| Untracked 
|  69|0x000000070f600000, 0x000000070f600000, 0x000000070f800000|  0%| F|  |TAMS 0x000000070f600000| PB 0x000000070f600000| Untracked 
|  70|0x000000070f800000, 0x000000070f800000, 0x000000070fa00000|  0%| F|  |TAMS 0x000000070f800000| PB 0x000000070f800000| Untracked 
|  71|0x000000070fa00000, 0x000000070fa00000, 0x000000070fc00000|  0%| F|  |TAMS 0x000000070fa00000| PB 0x000000070fa00000| Untracked 
|  72|0x000000070fc00000, 0x000000070fc00000, 0x000000070fe00000|  0%| F|  |TAMS 0x000000070fc00000| PB 0x000000070fc00000| Untracked 
|  73|0x000000070fe00000, 0x000000070fe00000, 0x0000000710000000|  0%| F|  |TAMS 0x000000070fe00000| PB 0x000000070fe00000| Untracked 
|  74|0x0000000710000000, 0x0000000710000000, 0x0000000710200000|  0%| F|  |TAMS 0x0000000710000000| PB 0x0000000710000000| Untracked 
|  75|0x0000000710200000, 0x0000000710200000, 0x0000000710400000|  0%| F|  |TAMS 0x0000000710200000| PB 0x0000000710200000| Untracked 
|  76|0x0000000710400000, 0x0000000710400000, 0x0000000710600000|  0%| F|  |TAMS 0x0000000710400000| PB 0x0000000710400000| Untracked 
|  77|0x0000000710600000, 0x0000000710600000, 0x0000000710800000|  0%| F|  |TAMS 0x0000000710600000| PB 0x0000000710600000| Untracked 
|  78|0x0000000710800000, 0x0000000710800000, 0x0000000710a00000|  0%| F|  |TAMS 0x0000000710800000| PB 0x0000000710800000| Untracked 
|  79|0x0000000710a00000, 0x0000000710a00000, 0x0000000710c00000|  0%| F|  |TAMS 0x0000000710a00000| PB 0x0000000710a00000| Untracked 
|  80|0x0000000710c00000, 0x0000000710c00000, 0x0000000710e00000|  0%| F|  |TAMS 0x0000000710c00000| PB 0x0000000710c00000| Untracked 
|  81|0x0000000710e00000, 0x0000000710e00000, 0x0000000711000000|  0%| F|  |TAMS 0x0000000710e00000| PB 0x0000000710e00000| Untracked 
|  82|0x0000000711000000, 0x0000000711000000, 0x0000000711200000|  0%| F|  |TAMS 0x0000000711000000| PB 0x0000000711000000| Untracked 
|  83|0x0000000711200000, 0x0000000711200000, 0x0000000711400000|  0%| F|  |TAMS 0x0000000711200000| PB 0x0000000711200000| Untracked 
|  84|0x0000000711400000, 0x0000000711400000, 0x0000000711600000|  0%| F|  |TAMS 0x0000000711400000| PB 0x0000000711400000| Untracked 
|  85|0x0000000711600000, 0x0000000711600000, 0x0000000711800000|  0%| F|  |TAMS 0x0000000711600000| PB 0x0000000711600000| Untracked 
|  86|0x0000000711800000, 0x0000000711800000, 0x0000000711a00000|  0%| F|  |TAMS 0x0000000711800000| PB 0x0000000711800000| Untracked 
|  87|0x0000000711a00000, 0x0000000711a00000, 0x0000000711c00000|  0%| F|  |TAMS 0x0000000711a00000| PB 0x0000000711a00000| Untracked 
|  88|0x0000000711c00000, 0x0000000711c00000, 0x0000000711e00000|  0%| F|  |TAMS 0x0000000711c00000| PB 0x0000000711c00000| Untracked 
|  89|0x0000000711e00000, 0x0000000711e00000, 0x0000000712000000|  0%| F|  |TAMS 0x0000000711e00000| PB 0x0000000711e00000| Untracked 
|  90|0x0000000712000000, 0x0000000712000000, 0x0000000712200000|  0%| F|  |TAMS 0x0000000712000000| PB 0x0000000712000000| Untracked 
|  91|0x0000000712200000, 0x0000000712200000, 0x0000000712400000|  0%| F|  |TAMS 0x0000000712200000| PB 0x0000000712200000| Untracked 
|  92|0x0000000712400000, 0x0000000712400000, 0x0000000712600000|  0%| F|  |TAMS 0x0000000712400000| PB 0x0000000712400000| Untracked 
|  93|0x0000000712600000, 0x0000000712600000, 0x0000000712800000|  0%| F|  |TAMS 0x0000000712600000| PB 0x0000000712600000| Untracked 
|  94|0x0000000712800000, 0x0000000712800000, 0x0000000712a00000|  0%| F|  |TAMS 0x0000000712800000| PB 0x0000000712800000| Untracked 
|  95|0x0000000712a00000, 0x0000000712a00000, 0x0000000712c00000|  0%| F|  |TAMS 0x0000000712a00000| PB 0x0000000712a00000| Untracked 
|  96|0x0000000712c00000, 0x0000000712c00000, 0x0000000712e00000|  0%| F|  |TAMS 0x0000000712c00000| PB 0x0000000712c00000| Untracked 
|  97|0x0000000712e00000, 0x0000000712e00000, 0x0000000713000000|  0%| F|  |TAMS 0x0000000712e00000| PB 0x0000000712e00000| Untracked 
|  98|0x0000000713000000, 0x0000000713000000, 0x0000000713200000|  0%| F|  |TAMS 0x0000000713000000| PB 0x0000000713000000| Untracked 
|  99|0x0000000713200000, 0x0000000713200000, 0x0000000713400000|  0%| F|  |TAMS 0x0000000713200000| PB 0x0000000713200000| Untracked 
| 100|0x0000000713400000, 0x0000000713400000, 0x0000000713600000|  0%| F|  |TAMS 0x0000000713400000| PB 0x0000000713400000| Untracked 
| 101|0x0000000713600000, 0x0000000713600000, 0x0000000713800000|  0%| F|  |TAMS 0x0000000713600000| PB 0x0000000713600000| Untracked 
| 102|0x0000000713800000, 0x0000000713800000, 0x0000000713a00000|  0%| F|  |TAMS 0x0000000713800000| PB 0x0000000713800000| Untracked 
| 103|0x0000000713a00000, 0x0000000713a00000, 0x0000000713c00000|  0%| F|  |TAMS 0x0000000713a00000| PB 0x0000000713a00000| Untracked 
| 104|0x0000000713c00000, 0x0000000713c00000, 0x0000000713e00000|  0%| F|  |TAMS 0x0000000713c00000| PB 0x0000000713c00000| Untracked 
| 105|0x0000000713e00000, 0x0000000713e00000, 0x0000000714000000|  0%| F|  |TAMS 0x0000000713e00000| PB 0x0000000713e00000| Untracked 
| 106|0x0000000714000000, 0x0000000714000000, 0x0000000714200000|  0%| F|  |TAMS 0x0000000714000000| PB 0x0000000714000000| Untracked 
| 107|0x0000000714200000, 0x0000000714200000, 0x0000000714400000|  0%| F|  |TAMS 0x0000000714200000| PB 0x0000000714200000| Untracked 
| 108|0x0000000714400000, 0x0000000714400000, 0x0000000714600000|  0%| F|  |TAMS 0x0000000714400000| PB 0x0000000714400000| Untracked 
| 109|0x0000000714600000, 0x0000000714600000, 0x0000000714800000|  0%| F|  |TAMS 0x0000000714600000| PB 0x0000000714600000| Untracked 
| 110|0x0000000714800000, 0x0000000714800000, 0x0000000714a00000|  0%| F|  |TAMS 0x0000000714800000| PB 0x0000000714800000| Untracked 
| 111|0x0000000714a00000, 0x0000000714a00000, 0x0000000714c00000|  0%| F|  |TAMS 0x0000000714a00000| PB 0x0000000714a00000| Untracked 
| 112|0x0000000714c00000, 0x0000000714c00000, 0x0000000714e00000|  0%| F|  |TAMS 0x0000000714c00000| PB 0x0000000714c00000| Untracked 
| 113|0x0000000714e00000, 0x0000000714e00000, 0x0000000715000000|  0%| F|  |TAMS 0x0000000714e00000| PB 0x0000000714e00000| Untracked 
| 114|0x0000000715000000, 0x0000000715000000, 0x0000000715200000|  0%| F|  |TAMS 0x0000000715000000| PB 0x0000000715000000| Untracked 
| 115|0x0000000715200000, 0x0000000715200000, 0x0000000715400000|  0%| F|  |TAMS 0x0000000715200000| PB 0x0000000715200000| Untracked 
| 116|0x0000000715400000, 0x0000000715400000, 0x0000000715600000|  0%| F|  |TAMS 0x0000000715400000| PB 0x0000000715400000| Untracked 
| 117|0x0000000715600000, 0x0000000715600000, 0x0000000715800000|  0%| F|  |TAMS 0x0000000715600000| PB 0x0000000715600000| Untracked 
| 118|0x0000000715800000, 0x00000007159a43e8, 0x0000000715a00000| 82%| S|CS|TAMS 0x0000000715800000| PB 0x0000000715800000| Complete 
| 119|0x0000000715a00000, 0x0000000715a00000, 0x0000000715c00000|  0%| F|  |TAMS 0x0000000715a00000| PB 0x0000000715a00000| Untracked 
| 120|0x0000000715c00000, 0x0000000715c00000, 0x0000000715e00000|  0%| F|  |TAMS 0x0000000715c00000| PB 0x0000000715c00000| Untracked 
| 121|0x0000000715e00000, 0x0000000715e00000, 0x0000000716000000|  0%| F|  |TAMS 0x0000000715e00000| PB 0x0000000715e00000| Untracked 
| 122|0x0000000716000000, 0x0000000716000000, 0x0000000716200000|  0%| F|  |TAMS 0x0000000716000000| PB 0x0000000716000000| Untracked 
| 123|0x0000000716200000, 0x0000000716200000, 0x0000000716400000|  0%| F|  |TAMS 0x0000000716200000| PB 0x0000000716200000| Untracked 
| 124|0x0000000716400000, 0x0000000716494da8, 0x0000000716600000| 29%| E|  |TAMS 0x0000000716400000| PB 0x0000000716400000| Complete 
|1993|0x00000007ffe00000, 0x00000007fff07778, 0x0000000800000000| 51%| O|  |TAMS 0x00000007ffe00000| PB 0x00000007ffe00000| Untracked 

Card table byte_map: [0x00007c8e11d7f000,0x00007c8e12549000] _byte_map_base: 0x00007c8e0e549000

Marking Bits: (CMBitMap*) 0x00007c8e0c096110
 Bits: [0x00007c8df0bb0000, 0x00007c8df4a00000)

Polling page: 0x00007c8e153eb000

Metaspace:

Usage:
  Non-class:      3.22 MB used.
      Class:    410.63 KB used.
       Both:      3.62 MB used.

Virtual space:
  Non-class space:       64.00 MB reserved,       3.31 MB (  5%) committed,  1 nodes.
      Class space:        1.00 GB reserved,     512.00 KB ( <1%) committed,  1 nodes.
             Both:        1.06 GB reserved,       3.81 MB ( <1%) committed. 

Chunk freelists:
   Non-Class:  10.30 MB
       Class:  15.47 MB
        Both:  25.77 MB

MaxMetaspaceSize: unlimited
CompressedClassSpaceSize: 1.00 GB
Initial GC threshold: 21.00 MB
Current GC threshold: 21.00 MB
CDS: on
 - commit_granule_bytes: 65536.
 - commit_granule_words: 8192.
 - virtual_space_node_default_size: 8388608.
 - enlarge_chunks_in_place: 1.
 - use_allocation_guard: 0.


Internal statistics:

num_allocs_failed_limit: 0.
num_arena_births: 66.
num_arena_deaths: 0.
num_vsnodes_births: 2.
num_vsnodes_deaths: 0.
num_space_committed: 61.
num_space_uncommitted: 0.
num_chunks_returned_to_freelist: 0.
num_chunks_taken_from_freelist: 134.
num_chunk_merges: 0.
num_chunk_splits: 111.
num_chunks_enlarged: 90.
num_inconsistent_stats: 0.

CodeHeap 'non-profiled nmethods': size=120036Kb used=241Kb max_used=241Kb free=119794Kb
 bounds [0x00007c8dfc4c7000, 0x00007c8dfc737000, 0x00007c8e03a00000]
CodeHeap 'profiled nmethods': size=120032Kb used=1256Kb max_used=1256Kb free=118775Kb
 bounds [0x00007c8df4a00000, 0x00007c8df4c70000, 0x00007c8dfbf38000]
CodeHeap 'non-nmethods': size=5692Kb used=1523Kb max_used=1533Kb free=4168Kb
 bounds [0x00007c8dfbf38000, 0x00007c8dfc1a8000, 0x00007c8dfc4c7000]
 total_blobs=1240 nmethods=767 adapters=379
 compilation: enabled
              stopped_count=0, restarted_count=0
 full_count=0

Compilation events (20 events):
Event: 0.560 Thread 0x00007c8e0c15b750  754       3       java.lang.invoke.LambdaForm$Name::useCount (51 bytes)
Event: 0.560 Thread 0x00007c8e0c15b750 nmethod 754 0x00007c8df4b35790 code [0x00007c8df4b35940, 0x00007c8df4b35ba8]
Event: 0.560 Thread 0x00007c8e0c15b750  753       3       jdk.internal.org.objectweb.asm.ByteVector::<init> (13 bytes)
Event: 0.560 Thread 0x00007c8e0c15b750 nmethod 753 0x00007c8df4b35c90 code [0x00007c8df4b35e40, 0x00007c8df4b360a8]
Event: 0.560 Thread 0x00007c8e0c15a090  755       4       java.util.concurrent.ConcurrentHashMap::get (162 bytes)
Event: 0.562 Thread 0x00007c8e0c15a090 nmethod 755 0x00007c8dfc502290 code [0x00007c8dfc502440, 0x00007c8dfc502858]
Event: 0.563 Thread 0x00007c8e0c15b750  757       1       java.util.concurrent.locks.AbstractOwnableSynchronizer::setExclusiveOwnerThread (6 bytes)
Event: 0.563 Thread 0x00007c8e0c15b750 nmethod 757 0x00007c8dfc502b10 code [0x00007c8dfc502ca0, 0x00007c8dfc502db0]
Event: 0.563 Thread 0x00007c8e0c15b750  760       3       java.lang.invoke.MemberName::getMethodOrFieldType (72 bytes)
Event: 0.563 Thread 0x00007c8e0c15b750 nmethod 760 0x00007c8df4b36190 code [0x00007c8df4b364e0, 0x00007c8df4b372c8]
Event: 0.563 Thread 0x00007c8e0c15b750  758       1       java.util.concurrent.locks.AbstractOwnableSynchronizer::getExclusiveOwnerThread (5 bytes)
Event: 0.563 Thread 0x00007c8e0c15b750 nmethod 758 0x00007c8dfc502e10 code [0x00007c8dfc502fa0, 0x00007c8dfc503068]
Event: 0.563 Thread 0x00007c8e0c15b750  761       3       jdk.internal.org.objectweb.asm.MethodWriter::visitMethodInsn (191 bytes)
Event: 0.563 Thread 0x00007c8e0c15b750 nmethod 761 0x00007c8df4b37810 code [0x00007c8df4b37a40, 0x00007c8df4b381d8]
Event: 0.563 Thread 0x00007c8e0c15b750  762       3       jdk.internal.org.objectweb.asm.SymbolTable::addConstantMethodref (24 bytes)
Event: 0.564 Thread 0x00007c8e0c15b750 nmethod 762 0x00007c8df4b38510 code [0x00007c8df4b386c0, 0x00007c8df4b38888]
Event: 0.564 Thread 0x00007c8e0c15b750  765       1       java.lang.invoke.DirectMethodHandle::internalMemberName (5 bytes)
Event: 0.564 Thread 0x00007c8e0c15b750 nmethod 765 0x00007c8dfc503110 code [0x00007c8dfc5032a0, 0x00007c8dfc503368]
Event: 0.729 Thread 0x00007c8e0c15b750  766       3       sun.invoke.util.VerifyAccess::isTypeVisible (118 bytes)
Event: 0.730 Thread 0x00007c8e0c15b750 nmethod 766 0x00007c8df4b38990 code [0x00007c8df4b38ca0, 0x00007c8df4b39ca8]

GC Heap History (2 events):
Event: 0.552 GC heap before
{Heap before GC invocations=0 (full 0):
 garbage-first heap   total 258048K, used 13341K [0x0000000706c00000, 0x0000000800000000)
  region size 2048K, 6 young (12288K), 0 survivors (0K)
 Metaspace       used 3672K, committed 3904K, reserved 1114112K
  class space    used 408K, committed 512K, reserved 1048576K
}
Event: 0.558 GC heap after
{Heap after GC invocations=1 (full 0):
 garbage-first heap   total 258048K, used 2734K [0x0000000706c00000, 0x0000000800000000)
  region size 2048K, 1 young (2048K), 1 survivors (2048K)
 Metaspace       used 3672K, committed 3904K, reserved 1114112K
  class space    used 408K, committed 512K, reserved 1048576K
}

Dll operation events (13 events):
Event: 0.004 Loaded shared library /home/wangjing/.jdks/openjdk-21.0.2/lib/libjava.so
Event: 0.004 Loaded shared library /home/wangjing/.jdks/openjdk-21.0.2/lib/libzip.so
Event: 0.057 Loaded shared library /home/wangjing/.jdks/openjdk-21.0.2/lib/libjsvml.so
Event: 0.187 Loaded shared library /home/wangjing/.jdks/openjdk-21.0.2/lib/libinstrument.so
Event: 0.224 Loaded shared library /home/wangjing/.jdks/openjdk-21.0.2/lib/libnio.so
Event: 0.235 Loaded shared library /home/wangjing/.jdks/openjdk-21.0.2/lib/libzip.so
Event: 0.280 Loaded shared library /home/wangjing/.jdks/openjdk-21.0.2/lib/libjimage.so
Event: 0.334 Loaded shared library /home/wangjing/.javacpp/cache/javacpp-1.5.7-linux-x86_64.jar/org/bytedeco/javacpp/linux-x86_64/libjnijavacpp.so
Event: 0.356 Loaded shared library /home/wangjing/.jdks/openjdk-21.0.2/lib/libnet.so
Event: 0.512 Loaded shared library /home/wangjing/.javacpp/cache/llvm-13.0.1-1.5.7-linux-x86_64.jar/org/bytedeco/llvm/linux-x86_64/libLLVM-13.so
Event: 0.517 Loaded shared library /home/wangjing/.javacpp/cache/llvm-13.0.1-1.5.7-linux-x86_64.jar/org/bytedeco/llvm/linux-x86_64/libLTO.so.13
Event: 0.522 Loaded shared library /home/wangjing/.javacpp/cache/llvm-13.0.1-1.5.7-linux-x86_64.jar/org/bytedeco/llvm/linux-x86_64/libRemarks.so.13
Event: 0.523 Loaded shared library /home/wangjing/.javacpp/cache/llvm-13.0.1-1.5.7-linux-x86_64.jar/org/bytedeco/llvm/linux-x86_64/libjniLLVM.so

Deoptimization events (20 events):
Event: 0.495 Thread 0x00007c8e0c02caa0 DEOPT PACKING pc=0x00007c8df4aafed4 sp=0x00007c8e14ffd770
Event: 0.495 Thread 0x00007c8e0c02caa0 DEOPT UNPACKING pc=0x00007c8dfbf9014f sp=0x00007c8e14ffccd8 mode 1
Event: 0.495 Thread 0x00007c8e0c02caa0 DEOPT PACKING pc=0x00007c8df4aa71dc sp=0x00007c8e14ffd4a0
Event: 0.495 Thread 0x00007c8e0c02caa0 DEOPT UNPACKING pc=0x00007c8dfbf9014f sp=0x00007c8e14ffc9a0 mode 1
Event: 0.495 Thread 0x00007c8e0c02caa0 DEOPT PACKING pc=0x00007c8df4aa71dc sp=0x00007c8e14ffd4a0
Event: 0.495 Thread 0x00007c8e0c02caa0 DEOPT UNPACKING pc=0x00007c8dfbf9014f sp=0x00007c8e14ffc9a0 mode 1
Event: 0.495 Thread 0x00007c8e0c02caa0 DEOPT PACKING pc=0x00007c8df4aa71dc sp=0x00007c8e14ffd4a0
Event: 0.495 Thread 0x00007c8e0c02caa0 DEOPT UNPACKING pc=0x00007c8dfbf9014f sp=0x00007c8e14ffc9a0 mode 1
Event: 0.495 Thread 0x00007c8e0c02caa0 DEOPT PACKING pc=0x00007c8df4aa71dc sp=0x00007c8e14ffd4a0
Event: 0.495 Thread 0x00007c8e0c02caa0 DEOPT UNPACKING pc=0x00007c8dfbf9014f sp=0x00007c8e14ffc9a0 mode 1
Event: 0.495 Thread 0x00007c8e0c02caa0 DEOPT PACKING pc=0x00007c8df4aa71dc sp=0x00007c8e14ffd4a0
Event: 0.495 Thread 0x00007c8e0c02caa0 DEOPT UNPACKING pc=0x00007c8dfbf9014f sp=0x00007c8e14ffc9a0 mode 1
Event: 0.495 Thread 0x00007c8e0c02caa0 DEOPT PACKING pc=0x00007c8df4aa71dc sp=0x00007c8e14ffd4a0
Event: 0.495 Thread 0x00007c8e0c02caa0 DEOPT UNPACKING pc=0x00007c8dfbf9014f sp=0x00007c8e14ffc9a0 mode 1
Event: 0.495 Thread 0x00007c8e0c02caa0 DEOPT PACKING pc=0x00007c8df4aa71dc sp=0x00007c8e14ffd4a0
Event: 0.495 Thread 0x00007c8e0c02caa0 DEOPT UNPACKING pc=0x00007c8dfbf9014f sp=0x00007c8e14ffc9a0 mode 1
Event: 0.495 Thread 0x00007c8e0c02caa0 DEOPT PACKING pc=0x00007c8df4aa71dc sp=0x00007c8e14ffd4a0
Event: 0.495 Thread 0x00007c8e0c02caa0 DEOPT UNPACKING pc=0x00007c8dfbf9014f sp=0x00007c8e14ffc9a0 mode 1
Event: 0.495 Thread 0x00007c8e0c02caa0 DEOPT PACKING pc=0x00007c8df4aa71dc sp=0x00007c8e14ffd4a0
Event: 0.495 Thread 0x00007c8e0c02caa0 DEOPT UNPACKING pc=0x00007c8dfbf9014f sp=0x00007c8e14ffc9a0 mode 1

Classes loaded (20 events):
Event: 0.540 Loading class org/bytedeco/llvm/LLVM/LLVMPassManagerBuilderRef
Event: 0.540 Loading class org/bytedeco/llvm/LLVM/LLVMPassManagerBuilderRef done
Event: 0.540 Loading class org/bytedeco/llvm/LLVM/LLVMPassBuilderOptionsRef
Event: 0.540 Loading class org/bytedeco/llvm/LLVM/LLVMPassBuilderOptionsRef done
Event: 0.540 Loading class org/bytedeco/llvm/LLVM/Pass
Event: 0.540 Loading class org/bytedeco/llvm/LLVM/Pass done
Event: 0.540 Loading class org/bytedeco/llvm/LLVM/LLVMNamedMDNodeRef
Event: 0.540 Loading class org/bytedeco/llvm/LLVM/LLVMNamedMDNodeRef done
Event: 0.540 Loading class org/bytedeco/llvm/LLVM/LLVMUseRef
Event: 0.540 Loading class org/bytedeco/llvm/LLVM/LLVMUseRef done
Event: 0.541 Loading class Scope
Event: 0.541 Loading class Scope done
Event: 0.543 Loading class org/bytedeco/javacpp/PointerScope
Event: 0.543 Loading class org/bytedeco/javacpp/PointerScope done
Event: 0.543 Loading class org/bytedeco/javacpp/PointerScope$1
Event: 0.543 Loading class org/bytedeco/javacpp/PointerScope$1 done
Event: 0.668 Loading class com/intellij/rt/debugger/BatchEvaluatorServer
Event: 0.668 Loading class com/intellij/rt/debugger/BatchEvaluatorServer done
Event: 0.728 Loading class java/io/DataOutputStream
Event: 0.728 Loading class java/io/DataOutputStream done

Classes unloaded (0 events):
No events

Classes redefined (0 events):
No events

Internal exceptions (9 events):
Event: 0.187 Thread 0x00007c8e0c02caa0 Implicit null exception at 0x00007c8dfc4d1ae3 to 0x00007c8dfc4d1c50
Event: 0.187 Thread 0x00007c8e0c02caa0 Exception <a 'java/lang/NoSuchMethodError'{0x0000000716594220}: 'void java.lang.invoke.DirectMethodHandle$Holder.invokeStatic(java.lang.Object, java.lang.Object, java.lang.Object)'> (0x0000000716594220) 
thrown [open/src/hotspot/share/interpreter/linkResolver.cpp, line 772]
Event: 0.194 Thread 0x00007c8e0c02caa0 Exception <a 'java/lang/NoSuchMethodError'{0x00000007165ab5b8}: 'java.lang.Object java.lang.invoke.Invokers$Holder.invokeExact_MT(java.lang.Object, java.lang.Object, java.lang.Object, java.lang.Object, java.lang.Object)'> (0x00000007165ab5b8) 
thrown [open/src/hotspot/share/interpreter/linkResolver.cpp, line 772]
Event: 0.262 Thread 0x00007c8e0c02caa0 Exception <a 'java/lang/NoSuchMethodError'{0x000000071638f158}: 'int java.lang.invoke.DirectMethodHandle$Holder.invokeStaticInit(java.lang.Object, java.lang.Object, java.lang.Object, java.lang.Object)'> (0x000000071638f158) 
thrown [open/src/hotspot/share/interpreter/linkResolver.cpp, line 772]
Event: 0.264 Thread 0x00007c8e0c02caa0 Exception <a 'java/lang/NoSuchMethodError'{0x0000000716397ce0}: 'java.lang.Object java.lang.invoke.DirectMethodHandle$Holder.invokeInterface(java.lang.Object, java.lang.Object)'> (0x0000000716397ce0) 
thrown [open/src/hotspot/share/interpreter/linkResolver.cpp, line 772]
Event: 0.265 Thread 0x00007c8e0c02caa0 Exception <a 'java/lang/IncompatibleClassChangeError'{0x000000071639af48}: Found class java.lang.Object, but interface was expected> (0x000000071639af48) 
thrown [open/src/hotspot/share/interpreter/linkResolver.cpp, line 840]
Event: 0.266 Thread 0x00007c8e0c02caa0 Exception <a 'java/lang/NoSuchMethodError'{0x000000071639e100}: 'void java.lang.invoke.DirectMethodHandle$Holder.invokeStatic(java.lang.Object, java.lang.Object)'> (0x000000071639e100) 
thrown [open/src/hotspot/share/interpreter/linkResolver.cpp, line 772]
Event: 0.266 Thread 0x00007c8e0c02caa0 Exception <a 'java/lang/NoSuchMethodError'{0x00000007163a19f8}: 'void java.lang.invoke.DirectMethodHandle$Holder.invokeStaticInit(java.lang.Object, java.lang.Object)'> (0x00000007163a19f8) 
thrown [open/src/hotspot/share/interpreter/linkResolver.cpp, line 772]
Event: 0.267 Thread 0x00007c8e0c02caa0 Exception <a 'java/lang/NoSuchMethodError'{0x00000007163aa548}: 'int java.lang.invoke.DirectMethodHandle$Holder.invokeStaticInit(java.lang.Object, java.lang.Object)'> (0x00000007163aa548) 
thrown [open/src/hotspot/share/interpreter/linkResolver.cpp, line 772]

ZGC Phase Switch (0 events):
No events

VM Operations (20 events):
Event: 43.155 Executing VM operation: get/set locals
Event: 43.155 Executing VM operation: get/set locals done
Event: 43.155 Executing VM operation: get/set locals
Event: 43.155 Executing VM operation: get/set locals done
Event: 43.155 Executing VM operation: get/set locals
Event: 43.155 Executing VM operation: get/set locals done
Event: 43.155 Executing VM operation: get/set locals
Event: 43.155 Executing VM operation: get/set locals done
Event: 43.156 Executing VM operation: get/set locals
Event: 43.156 Executing VM operation: get/set locals done
Event: 43.156 Executing VM operation: get/set locals
Event: 43.156 Executing VM operation: get/set locals done
Event: 43.156 Executing VM operation: get/set locals
Event: 43.156 Executing VM operation: get/set locals done
Event: 43.156 Executing VM operation: get/set locals
Event: 43.156 Executing VM operation: get/set locals done
Event: 43.156 Executing VM operation: get/set locals
Event: 43.156 Executing VM operation: get/set locals done
Event: 43.156 Executing VM operation: get/set locals
Event: 43.157 Executing VM operation: get/set locals done

Events (20 events):
Event: 0.038 Thread 0x00007c8e0c156fb0 Thread added: 0x00007c8e0c156fb0
Event: 0.038 Protecting memory [0x00007c8e10ff5000,0x00007c8e10ff9000] with protection modes 0
Event: 0.038 Thread 0x00007c8e0c158550 Thread added: 0x00007c8e0c158550
Event: 0.039 Protecting memory [0x00007c8e10ef5000,0x00007c8e10ef9000] with protection modes 0
Event: 0.039 Thread 0x00007c8e0c15a090 Thread added: 0x00007c8e0c15a090
Event: 0.039 Protecting memory [0x00007c8e10df5000,0x00007c8e10df9000] with protection modes 0
Event: 0.041 Thread 0x00007c8e0c15b750 Thread added: 0x00007c8e0c15b750
Event: 0.042 Protecting memory [0x00007c8e10cf5000,0x00007c8e10cf9000] with protection modes 0
Event: 0.086 Thread 0x00007c8e0c195550 Thread added: 0x00007c8e0c195550
Event: 0.088 Protecting memory [0x00007c8e10b25000,0x00007c8e10b29000] with protection modes 0
Event: 0.125 Thread 0x00007c8e0c1d55a0 Thread added: 0x00007c8e0c1d55a0
Event: 0.125 Protecting memory [0x00007c8e10a25000,0x00007c8e10a29000] with protection modes 0
Event: 0.126 Thread 0x00007c8e0c1e92f0 Thread added: 0x00007c8e0c1e92f0
Event: 0.126 Protecting memory [0x00007c8e10925000,0x00007c8e10929000] with protection modes 0
Event: 0.131 Thread 0x00007c8d680da9b0 Thread added: 0x00007c8d680da9b0
Event: 0.131 Protecting memory [0x00007c8e10825000,0x00007c8e10829000] with protection modes 0
Event: 0.219 Thread 0x00007c8e0c1fd370 Thread added: 0x00007c8e0c1fd370
Event: 0.219 Protecting memory [0x00007c8e10725000,0x00007c8e10729000] with protection modes 0
Event: 0.255 Thread 0x00007c8e0c234da0 Thread added: 0x00007c8e0c234da0
Event: 0.261 Protecting memory [0x00007c8e10617000,0x00007c8e1061b000] with protection modes 0


Dynamic libraries:
706c00000-716600000 rw-p 00000000 00:00 0 
716600000-7ffe00000 ---p 00000000 00:00 0 
7ffe00000-7fff08000 rw-p 00ce5000 08:03 2903295                          /home/wangjing/.jdks/openjdk-21.0.2/lib/server/classes.jsa
7fff08000-800000000 rw-p 00000000 00:00 0 
5a7ed8db5000-5a7ed8db6000 r-xp 00000000 08:03 2902800                    /home/wangjing/.jdks/openjdk-21.0.2/bin/java
5a7ed8db7000-5a7ed8db8000 r--p 00001000 08:03 2902800                    /home/wangjing/.jdks/openjdk-21.0.2/bin/java
5a7ed8db8000-5a7ed8db9000 rw-p 00002000 08:03 2902800                    /home/wangjing/.jdks/openjdk-21.0.2/bin/java
5a7ed9db3000-5a7ed9df9000 rw-p 00000000 00:00 0                          [heap]
7c8d61400000-7c8d61d26000 r--p 00000000 08:03 3025897                    /home/wangjing/.javacpp/cache/llvm-13.0.1-1.5.7-linux-x86_64.jar/org/bytedeco/llvm/linux-x86_64/libLLVM-13.so
7c8d61d26000-7c8d656e9000 r-xp 00926000 08:03 3025897                    /home/wangjing/.javacpp/cache/llvm-13.0.1-1.5.7-linux-x86_64.jar/org/bytedeco/llvm/linux-x86_64/libLLVM-13.so
7c8d656e9000-7c8d6793e000 r--p 042e9000 08:03 3025897                    /home/wangjing/.javacpp/cache/llvm-13.0.1-1.5.7-linux-x86_64.jar/org/bytedeco/llvm/linux-x86_64/libLLVM-13.so
7c8d6793e000-7c8d67e53000 r--p 0653d000 08:03 3025897                    /home/wangjing/.javacpp/cache/llvm-13.0.1-1.5.7-linux-x86_64.jar/org/bytedeco/llvm/linux-x86_64/libLLVM-13.so
7c8d67e53000-7c8d67e5e000 rw-p 06a52000 08:03 3025897                    /home/wangjing/.javacpp/cache/llvm-13.0.1-1.5.7-linux-x86_64.jar/org/bytedeco/llvm/linux-x86_64/libLLVM-13.so
7c8d67e5e000-7c8d67ed4000 rw-p 00000000 00:00 0 
7c8d68000000-7c8d68171000 rw-p 00000000 00:00 0 
7c8d68171000-7c8d6c000000 ---p 00000000 00:00 0 
7c8d70000000-7c8d70021000 rw-p 00000000 00:00 0 
7c8d70021000-7c8d74000000 ---p 00000000 00:00 0 
7c8d74000000-7c8d7414b000 rw-p 00000000 00:00 0 
7c8d7414b000-7c8d78000000 ---p 00000000 00:00 0 
7c8d78000000-7c8d78021000 rw-p 00000000 00:00 0 
7c8d78021000-7c8d7c000000 ---p 00000000 00:00 0 
7c8d7c000000-7c8d7c021000 rw-p 00000000 00:00 0 
7c8d7c021000-7c8d80000000 ---p 00000000 00:00 0 
7c8d80000000-7c8d80021000 rw-p 00000000 00:00 0 
7c8d80021000-7c8d84000000 ---p 00000000 00:00 0 
7c8d84000000-7c8d84021000 rw-p 00000000 00:00 0 
7c8d84021000-7c8d88000000 ---p 00000000 00:00 0 
7c8d88000000-7c8d88021000 rw-p 00000000 00:00 0 
7c8d88021000-7c8d8c000000 ---p 00000000 00:00 0 
7c8d8f000000-7c8d8f190000 rw-p 00000000 00:00 0 
7c8d8f190000-7c8d8f400000 ---p 00000000 00:00 0 
7c8d8f400000-7c8d8f5c0000 rw-p 00000000 00:00 0 
7c8d8f5c0000-7c8d93000000 ---p 00000000 00:00 0 
7c8d93000000-7c8d93ca6000 rw-p 00001000 08:03 2903295                    /home/wangjing/.jdks/openjdk-21.0.2/lib/server/classes.jsa
7c8d93ca6000-7c8d94000000 ---p 00000000 00:00 0 
7c8d94000000-7c8d94030000 rw-p 00000000 00:00 0 
7c8d94030000-7c8d94070000 rw-p 00000000 00:00 0 
7c8d94070000-7c8d94080000 ---p 00000000 00:00 0 
7c8d94080000-7c8d94090000 rw-p 00000000 00:00 0 
7c8d94090000-7c8dd4000000 ---p 00000000 00:00 0 
7c8dd4000000-7c8dd4021000 rw-p 00000000 00:00 0 
7c8dd4021000-7c8dd8000000 ---p 00000000 00:00 0 
7c8dd8000000-7c8dd8021000 rw-p 00000000 00:00 0 
7c8dd8021000-7c8ddc000000 ---p 00000000 00:00 0 
7c8ddc000000-7c8ddc021000 rw-p 00000000 00:00 0 
7c8ddc021000-7c8de0000000 ---p 00000000 00:00 0 
7c8de162d000-7c8de4000000 rw-p 00000000 00:00 0 
7c8de4000000-7c8de4021000 rw-p 00000000 00:00 0 
7c8de4021000-7c8de8000000 ---p 00000000 00:00 0 
7c8de8000000-7c8de8021000 rw-p 00000000 00:00 0 
7c8de8021000-7c8dec000000 ---p 00000000 00:00 0 
7c8dec000000-7c8dec021000 rw-p 00000000 00:00 0 
7c8dec021000-7c8df0000000 ---p 00000000 00:00 0 
7c8df05e8000-7c8df0f98000 rw-p 00000000 00:00 0 
7c8df0f98000-7c8df49f8000 ---p 00000000 00:00 0 
7c8df49f8000-7c8df4a00000 rw-p 00000000 00:00 0 
7c8df4a00000-7c8df4c70000 rwxp 00000000 00:00 0 
7c8df4c70000-7c8dfbf38000 ---p 00000000 00:00 0 
7c8dfbf38000-7c8dfc1a8000 rwxp 00000000 00:00 0 
7c8dfc1a8000-7c8dfc4c7000 ---p 00000000 00:00 0 
7c8dfc4c7000-7c8dfc737000 rwxp 00000000 00:00 0 
7c8dfc737000-7c8e03a00000 ---p 00000000 00:00 0 
7c8e03a00000-7c8e0becf000 r--s 00000000 08:03 2903286                    /home/wangjing/.jdks/openjdk-21.0.2/lib/modules
7c8e0c000000-7c8e0c432000 rw-p 00000000 00:00 0 
7c8e0c432000-7c8e10000000 ---p 00000000 00:00 0 
7c8e10018000-7c8e100ff000 rw-p 00000000 00:00 0 
7c8e100ff000-7c8e10100000 ---p 00000000 00:00 0 
7c8e10100000-7c8e10200000 rw-p 00000000 00:00 0 
7c8e10200000-7c8e1029a000 r--p 00000000 08:03 917771                     /usr/lib/x86_64-linux-gnu/libstdc++.so.6.0.30
7c8e1029a000-7c8e103ab000 r-xp 0009a000 08:03 917771                     /usr/lib/x86_64-linux-gnu/libstdc++.so.6.0.30
7c8e103ab000-7c8e1041a000 r--p 001ab000 08:03 917771                     /usr/lib/x86_64-linux-gnu/libstdc++.so.6.0.30
7c8e1041a000-7c8e1041b000 ---p 0021a000 08:03 917771                     /usr/lib/x86_64-linux-gnu/libstdc++.so.6.0.30
7c8e1041b000-7c8e10426000 r--p 0021a000 08:03 917771                     /usr/lib/x86_64-linux-gnu/libstdc++.so.6.0.30
7c8e10426000-7c8e10429000 rw-p 00225000 08:03 917771                     /usr/lib/x86_64-linux-gnu/libstdc++.so.6.0.30
7c8e10429000-7c8e1042c000 rw-p 00000000 00:00 0 
7c8e104bb000-7c8e10520000 r--p 00000000 08:03 3025902                    /home/wangjing/.javacpp/cache/llvm-13.0.1-1.5.7-linux-x86_64.jar/org/bytedeco/llvm/linux-x86_64/libjniLLVM.so
7c8e10520000-7c8e1058e000 r-xp 00065000 08:03 3025902                    /home/wangjing/.javacpp/cache/llvm-13.0.1-1.5.7-linux-x86_64.jar/org/bytedeco/llvm/linux-x86_64/libjniLLVM.so
7c8e1058e000-7c8e105b9000 r--p 000d3000 08:03 3025902                    /home/wangjing/.javacpp/cache/llvm-13.0.1-1.5.7-linux-x86_64.jar/org/bytedeco/llvm/linux-x86_64/libjniLLVM.so
7c8e105b9000-7c8e105bc000 r--p 000fd000 08:03 3025902                    /home/wangjing/.javacpp/cache/llvm-13.0.1-1.5.7-linux-x86_64.jar/org/bytedeco/llvm/linux-x86_64/libjniLLVM.so
7c8e105bc000-7c8e105bf000 rw-p 00100000 08:03 3025902                    /home/wangjing/.javacpp/cache/llvm-13.0.1-1.5.7-linux-x86_64.jar/org/bytedeco/llvm/linux-x86_64/libjniLLVM.so
7c8e105bf000-7c8e105c1000 rw-p 00000000 00:00 0 
7c8e105c1000-7c8e105c8000 r--p 00000000 08:03 3025898                    /home/wangjing/.javacpp/cache/llvm-13.0.1-1.5.7-linux-x86_64.jar/org/bytedeco/llvm/linux-x86_64/libLTO.so.13
7c8e105c8000-7c8e105d0000 r-xp 00007000 08:03 3025898                    /home/wangjing/.javacpp/cache/llvm-13.0.1-1.5.7-linux-x86_64.jar/org/bytedeco/llvm/linux-x86_64/libLTO.so.13
7c8e105d0000-7c8e105d2000 r--p 0000f000 08:03 3025898                    /home/wangjing/.javacpp/cache/llvm-13.0.1-1.5.7-linux-x86_64.jar/org/bytedeco/llvm/linux-x86_64/libLTO.so.13
7c8e105d2000-7c8e105d3000 r--p 00010000 08:03 3025898                    /home/wangjing/.javacpp/cache/llvm-13.0.1-1.5.7-linux-x86_64.jar/org/bytedeco/llvm/linux-x86_64/libLTO.so.13
7c8e105d3000-7c8e105d4000 rw-p 00011000 08:03 3025898                    /home/wangjing/.javacpp/cache/llvm-13.0.1-1.5.7-linux-x86_64.jar/org/bytedeco/llvm/linux-x86_64/libLTO.so.13
7c8e105d4000-7c8e105d7000 r--p 00000000 08:03 919532                     /usr/lib/x86_64-linux-gnu/libgcc_s.so.1
7c8e105d7000-7c8e105ee000 r-xp 00003000 08:03 919532                     /usr/lib/x86_64-linux-gnu/libgcc_s.so.1
7c8e105ee000-7c8e105f2000 r--p 0001a000 08:03 919532                     /usr/lib/x86_64-linux-gnu/libgcc_s.so.1
7c8e105f2000-7c8e105f3000 r--p 0001d000 08:03 919532                     /usr/lib/x86_64-linux-gnu/libgcc_s.so.1
7c8e105f3000-7c8e105f4000 rw-p 0001e000 08:03 919532                     /usr/lib/x86_64-linux-gnu/libgcc_s.so.1
7c8e10606000-7c8e1060a000 r--p 00000000 08:03 3025878                    /home/wangjing/.javacpp/cache/javacpp-1.5.7-linux-x86_64.jar/org/bytedeco/javacpp/linux-x86_64/libjnijavacpp.so
7c8e1060a000-7c8e10611000 r-xp 00004000 08:03 3025878                    /home/wangjing/.javacpp/cache/javacpp-1.5.7-linux-x86_64.jar/org/bytedeco/javacpp/linux-x86_64/libjnijavacpp.so
7c8e10611000-7c8e10615000 r--p 0000b000 08:03 3025878                    /home/wangjing/.javacpp/cache/javacpp-1.5.7-linux-x86_64.jar/org/bytedeco/javacpp/linux-x86_64/libjnijavacpp.so
7c8e10615000-7c8e10616000 r--p 0000e000 08:03 3025878                    /home/wangjing/.javacpp/cache/javacpp-1.5.7-linux-x86_64.jar/org/bytedeco/javacpp/linux-x86_64/libjnijavacpp.so
7c8e10616000-7c8e10617000 rw-p 0000f000 08:03 3025878                    /home/wangjing/.javacpp/cache/javacpp-1.5.7-linux-x86_64.jar/org/bytedeco/javacpp/linux-x86_64/libjnijavacpp.so
7c8e10617000-7c8e1061b000 ---p 00000000 00:00 0 
7c8e1061b000-7c8e10717000 rw-p 00000000 00:00 0 
7c8e10717000-7c8e10723000 r-xp 00000000 08:03 2903276                    /home/wangjing/.jdks/openjdk-21.0.2/lib/libnet.so
7c8e10723000-7c8e10724000 r--p 0000b000 08:03 2903276                    /home/wangjing/.jdks/openjdk-21.0.2/lib/libnet.so
7c8e10724000-7c8e10725000 rw-p 0000c000 08:03 2903276                    /home/wangjing/.jdks/openjdk-21.0.2/lib/libnet.so
7c8e10725000-7c8e10729000 ---p 00000000 00:00 0 
7c8e10729000-7c8e10825000 rw-p 00000000 00:00 0 
7c8e10825000-7c8e10829000 ---p 00000000 00:00 0 
7c8e10829000-7c8e10925000 rw-p 00000000 00:00 0 
7c8e10925000-7c8e10929000 ---p 00000000 00:00 0 
7c8e10929000-7c8e10a25000 rw-p 00000000 00:00 0 
7c8e10a25000-7c8e10a29000 ---p 00000000 00:00 0 
7c8e10a29000-7c8e10b25000 rw-p 00000000 00:00 0 
7c8e10b25000-7c8e10b29000 ---p 00000000 00:00 0 
7c8e10b29000-7c8e10c25000 rw-p 00000000 00:00 0 
7c8e10c25000-7c8e10cf3000 r-xp 00000000 08:03 2903269                    /home/wangjing/.jdks/openjdk-21.0.2/lib/libjsvml.so
7c8e10cf3000-7c8e10cf4000 r--p 000cd000 08:03 2903269                    /home/wangjing/.jdks/openjdk-21.0.2/lib/libjsvml.so
7c8e10cf4000-7c8e10cf5000 rw-p 000ce000 08:03 2903269                    /home/wangjing/.jdks/openjdk-21.0.2/lib/libjsvml.so
7c8e10cf5000-7c8e10cf9000 ---p 00000000 00:00 0 
7c8e10cf9000-7c8e10df5000 rw-p 00000000 00:00 0 
7c8e10df5000-7c8e10df9000 ---p 00000000 00:00 0 
7c8e10df9000-7c8e10ef5000 rw-p 00000000 00:00 0 
7c8e10ef5000-7c8e10ef9000 ---p 00000000 00:00 0 
7c8e10ef9000-7c8e10ff5000 rw-p 00000000 00:00 0 
7c8e10ff5000-7c8e10ff9000 ---p 00000000 00:00 0 
7c8e10ff9000-7c8e110f5000 rw-p 00000000 00:00 0 
7c8e110f5000-7c8e110f9000 ---p 00000000 00:00 0 
7c8e110f9000-7c8e111f5000 rw-p 00000000 00:00 0 
7c8e111f5000-7c8e111f9000 ---p 00000000 00:00 0 
7c8e111f9000-7c8e112f5000 rw-p 00000000 00:00 0 
7c8e112f5000-7c8e112f9000 ---p 00000000 00:00 0 
7c8e112f9000-7c8e113f5000 rw-p 00000000 00:00 0 
7c8e113f5000-7c8e113f6000 ---p 00000000 00:00 0 
7c8e113f6000-7c8e114f6000 rw-p 00000000 00:00 0 
7c8e114f6000-7c8e114f7000 ---p 00000000 00:00 0 
7c8e114f7000-7c8e11678000 rw-p 00000000 00:00 0 
7c8e11678000-7c8e11679000 ---p 00000000 00:00 0 
7c8e11679000-7c8e11779000 rw-p 00000000 00:00 0 
7c8e11779000-7c8e1177a000 ---p 00000000 00:00 0 
7c8e1177a000-7c8e11a7c000 rw-p 00000000 00:00 0 
7c8e11a7c000-7c8e11a7d000 ---p 00000000 00:00 0 
7c8e11a7d000-7c8e11b7d000 rw-p 00000000 00:00 0 
7c8e11b7d000-7c8e11b7e000 ---p 00000000 00:00 0 
7c8e11b7e000-7c8e11c7e000 rw-p 00000000 00:00 0 
7c8e11c7e000-7c8e11c7f000 ---p 00000000 00:00 0 
7c8e11c7f000-7c8e11dfc000 rw-p 00000000 00:00 0 
7c8e11dfc000-7c8e12548000 ---p 00000000 00:00 0 
7c8e12548000-7c8e125c6000 rw-p 00000000 00:00 0 
7c8e125c6000-7c8e12d12000 ---p 00000000 00:00 0 
7c8e12d12000-7c8e12f1a000 rw-p 00000000 00:00 0 
7c8e12f1a000-7c8e13000000 ---p 00000000 00:00 0 
7c8e13000000-7c8e13878000 r--p 00000000 08:03 918099                     /usr/lib/locale/locale-archive
7c8e13879000-7c8e1391a000 rw-p 00000000 00:00 0 
7c8e1391a000-7c8e13a00000 ---p 00000000 00:00 0 
7c8e13a00000-7c8e14d12000 r-xp 00000000 08:03 2903298                    /home/wangjing/.jdks/openjdk-21.0.2/lib/server/libjvm.so
7c8e14d12000-7c8e14d13000 ---p 01312000 08:03 2903298                    /home/wangjing/.jdks/openjdk-21.0.2/lib/server/libjvm.so
7c8e14d13000-7c8e14de0000 r--p 01312000 08:03 2903298                    /home/wangjing/.jdks/openjdk-21.0.2/lib/server/libjvm.so
7c8e14de0000-7c8e14e0e000 rw-p 013df000 08:03 2903298                    /home/wangjing/.jdks/openjdk-21.0.2/lib/server/libjvm.so
7c8e14e0e000-7c8e14e74000 rw-p 00000000 00:00 0 
7c8e14e75000-7c8e14e89000 r-xp 00000000 08:03 2903277                    /home/wangjing/.jdks/openjdk-21.0.2/lib/libnio.so
7c8e14e89000-7c8e14e8a000 r--p 00013000 08:03 2903277                    /home/wangjing/.jdks/openjdk-21.0.2/lib/libnio.so
7c8e14e8a000-7c8e14e8b000 rw-p 00014000 08:03 2903277                    /home/wangjing/.jdks/openjdk-21.0.2/lib/libnio.so
7c8e14e8b000-7c8e14e90000 r-xp 00000000 08:03 2903253                    /home/wangjing/.jdks/openjdk-21.0.2/lib/libdt_socket.so
7c8e14e90000-7c8e14e91000 r--p 00004000 08:03 2903253                    /home/wangjing/.jdks/openjdk-21.0.2/lib/libdt_socket.so
7c8e14e91000-7c8e14e92000 rw-p 00005000 08:03 2903253                    /home/wangjing/.jdks/openjdk-21.0.2/lib/libdt_socket.so
7c8e14e92000-7c8e14e99000 r--s 00000000 08:03 1577451                    /usr/lib/x86_64-linux-gnu/gconv/gconv-modules.cache
7c8e14e99000-7c8e14ee1000 rw-p 00000000 00:00 0 
7c8e14ee1000-7c8e14ee8000 ---p 00000000 00:00 0 
7c8e14ee8000-7c8e14eee000 r--s 000f8000 08:03 1311711                    /opt/idea/idea-IU-233.14475.28/plugins/java/lib/rt/debugger-agent.jar
7c8e14eee000-7c8e14ef5000 r-xp 00000000 08:03 2903285                    /home/wangjing/.jdks/openjdk-21.0.2/lib/libzip.so
7c8e14ef5000-7c8e14ef6000 ---p 00007000 08:03 2903285                    /home/wangjing/.jdks/openjdk-21.0.2/lib/libzip.so
7c8e14ef6000-7c8e14ef7000 r--p 00007000 08:03 2903285                    /home/wangjing/.jdks/openjdk-21.0.2/lib/libzip.so
7c8e14ef7000-7c8e14ef8000 rw-p 00008000 08:03 2903285                    /home/wangjing/.jdks/openjdk-21.0.2/lib/libzip.so
7c8e14ef8000-7c8e14f00000 rw-s 00000000 08:03 131132                     /tmp/hsperfdata_wangjing/35048
7c8e14f00000-7c8e14f04000 ---p 00000000 00:00 0 
7c8e14f04000-7c8e15000000 rw-p 00000000 00:00 0 
7c8e15000000-7c8e15028000 r--p 00000000 08:03 918327                     /usr/lib/x86_64-linux-gnu/libc.so.6
7c8e15028000-7c8e151bd000 r-xp 00028000 08:03 918327                     /usr/lib/x86_64-linux-gnu/libc.so.6
7c8e151bd000-7c8e15215000 r--p 001bd000 08:03 918327                     /usr/lib/x86_64-linux-gnu/libc.so.6
7c8e15215000-7c8e15216000 ---p 00215000 08:03 918327                     /usr/lib/x86_64-linux-gnu/libc.so.6
7c8e15216000-7c8e1521a000 r--p 00215000 08:03 918327                     /usr/lib/x86_64-linux-gnu/libc.so.6
7c8e1521a000-7c8e1521c000 rw-p 00219000 08:03 918327                     /usr/lib/x86_64-linux-gnu/libc.so.6
7c8e1521c000-7c8e15229000 rw-p 00000000 00:00 0 
7c8e15229000-7c8e1522a000 r--p 00000000 08:03 3025900                    /home/wangjing/.javacpp/cache/llvm-13.0.1-1.5.7-linux-x86_64.jar/org/bytedeco/llvm/linux-x86_64/libRemarks.so.13
7c8e1522a000-7c8e1522b000 r-xp 00001000 08:03 3025900                    /home/wangjing/.javacpp/cache/llvm-13.0.1-1.5.7-linux-x86_64.jar/org/bytedeco/llvm/linux-x86_64/libRemarks.so.13
7c8e1522b000-7c8e1522c000 r--p 00002000 08:03 3025900                    /home/wangjing/.javacpp/cache/llvm-13.0.1-1.5.7-linux-x86_64.jar/org/bytedeco/llvm/linux-x86_64/libRemarks.so.13
7c8e1522c000-7c8e1522d000 r--p 00002000 08:03 3025900                    /home/wangjing/.javacpp/cache/llvm-13.0.1-1.5.7-linux-x86_64.jar/org/bytedeco/llvm/linux-x86_64/libRemarks.so.13
7c8e1522d000-7c8e1522e000 rw-p 00003000 08:03 3025900                    /home/wangjing/.javacpp/cache/llvm-13.0.1-1.5.7-linux-x86_64.jar/org/bytedeco/llvm/linux-x86_64/libRemarks.so.13
7c8e1522e000-7c8e1524e000 r-xp 00000000 08:03 2903261                    /home/wangjing/.jdks/openjdk-21.0.2/lib/libjava.so
7c8e1524e000-7c8e1524f000 ---p 00020000 08:03 2903261                    /home/wangjing/.jdks/openjdk-21.0.2/lib/libjava.so
7c8e1524f000-7c8e15250000 r--p 00020000 08:03 2903261                    /home/wangjing/.jdks/openjdk-21.0.2/lib/libjava.so
7c8e15250000-7c8e15251000 rw-p 00021000 08:03 2903261                    /home/wangjing/.jdks/openjdk-21.0.2/lib/libjava.so
7c8e15251000-7c8e15252000 rw-p 00000000 00:00 0 
7c8e15252000-7c8e15292000 r-xp 00000000 08:03 2903264                    /home/wangjing/.jdks/openjdk-21.0.2/lib/libjdwp.so
7c8e15292000-7c8e15293000 r--p 0003f000 08:03 2903264                    /home/wangjing/.jdks/openjdk-21.0.2/lib/libjdwp.so
7c8e15293000-7c8e15294000 rw-p 00040000 08:03 2903264                    /home/wangjing/.jdks/openjdk-21.0.2/lib/libjdwp.so
7c8e15294000-7c8e15295000 rw-p 00000000 00:00 0 
7c8e15295000-7c8e152b0000 r-xp 00000000 08:03 2903265                    /home/wangjing/.jdks/openjdk-21.0.2/lib/libjimage.so
7c8e152b0000-7c8e152b1000 ---p 0001b000 08:03 2903265                    /home/wangjing/.jdks/openjdk-21.0.2/lib/libjimage.so
7c8e152b1000-7c8e152b3000 r--p 0001b000 08:03 2903265                    /home/wangjing/.jdks/openjdk-21.0.2/lib/libjimage.so
7c8e152b3000-7c8e152b4000 rw-p 0001d000 08:03 2903265                    /home/wangjing/.jdks/openjdk-21.0.2/lib/libjimage.so
7c8e152b4000-7c8e152c2000 r--p 00000000 08:03 918405                     /usr/lib/x86_64-linux-gnu/libm.so.6
7c8e152c2000-7c8e1533e000 r-xp 0000e000 08:03 918405                     /usr/lib/x86_64-linux-gnu/libm.so.6
7c8e1533e000-7c8e15399000 r--p 0008a000 08:03 918405                     /usr/lib/x86_64-linux-gnu/libm.so.6
7c8e15399000-7c8e1539a000 r--p 000e4000 08:03 918405                     /usr/lib/x86_64-linux-gnu/libm.so.6
7c8e1539a000-7c8e1539b000 rw-p 000e5000 08:03 918405                     /usr/lib/x86_64-linux-gnu/libm.so.6
7c8e1539b000-7c8e1539c000 r--p 00000000 08:03 918629                     /usr/lib/x86_64-linux-gnu/librt.so.1
7c8e1539c000-7c8e1539d000 r-xp 00001000 08:03 918629                     /usr/lib/x86_64-linux-gnu/librt.so.1
7c8e1539d000-7c8e1539e000 r--p 00002000 08:03 918629                     /usr/lib/x86_64-linux-gnu/librt.so.1
7c8e1539e000-7c8e1539f000 r--p 00002000 08:03 918629                     /usr/lib/x86_64-linux-gnu/librt.so.1
7c8e1539f000-7c8e153a0000 rw-p 00003000 08:03 918629                     /usr/lib/x86_64-linux-gnu/librt.so.1
7c8e153a0000-7c8e153a4000 rw-p 00000000 00:00 0 
7c8e153a4000-7c8e153a5000 r--p 00000000 08:03 918333                     /usr/lib/x86_64-linux-gnu/libdl.so.2
7c8e153a5000-7c8e153a6000 r-xp 00001000 08:03 918333                     /usr/lib/x86_64-linux-gnu/libdl.so.2
7c8e153a6000-7c8e153a7000 r--p 00002000 08:03 918333                     /usr/lib/x86_64-linux-gnu/libdl.so.2
7c8e153a7000-7c8e153a8000 r--p 00002000 08:03 918333                     /usr/lib/x86_64-linux-gnu/libdl.so.2
7c8e153a8000-7c8e153a9000 rw-p 00003000 08:03 918333                     /usr/lib/x86_64-linux-gnu/libdl.so.2
7c8e153a9000-7c8e153aa000 r--p 00000000 08:03 918461                     /usr/lib/x86_64-linux-gnu/libpthread.so.0
7c8e153aa000-7c8e153ab000 r-xp 00001000 08:03 918461                     /usr/lib/x86_64-linux-gnu/libpthread.so.0
7c8e153ab000-7c8e153ac000 r--p 00002000 08:03 918461                     /usr/lib/x86_64-linux-gnu/libpthread.so.0
7c8e153ac000-7c8e153ad000 r--p 00002000 08:03 918461                     /usr/lib/x86_64-linux-gnu/libpthread.so.0
7c8e153ad000-7c8e153ae000 rw-p 00003000 08:03 918461                     /usr/lib/x86_64-linux-gnu/libpthread.so.0
7c8e153ae000-7c8e153bc000 r-xp 00000000 08:03 2903266                    /home/wangjing/.jdks/openjdk-21.0.2/lib/libjli.so
7c8e153bc000-7c8e153bd000 ---p 0000e000 08:03 2903266                    /home/wangjing/.jdks/openjdk-21.0.2/lib/libjli.so
7c8e153bd000-7c8e153be000 r--p 0000e000 08:03 2903266                    /home/wangjing/.jdks/openjdk-21.0.2/lib/libjli.so
7c8e153be000-7c8e153bf000 rw-p 0000f000 08:03 2903266                    /home/wangjing/.jdks/openjdk-21.0.2/lib/libjli.so
7c8e153bf000-7c8e153c1000 r--p 00000000 08:03 917955                     /usr/lib/x86_64-linux-gnu/libz.so.1.2.11
7c8e153c1000-7c8e153d2000 r-xp 00002000 08:03 917955                     /usr/lib/x86_64-linux-gnu/libz.so.1.2.11
7c8e153d2000-7c8e153d8000 r--p 00013000 08:03 917955                     /usr/lib/x86_64-linux-gnu/libz.so.1.2.11
7c8e153d8000-7c8e153d9000 ---p 00019000 08:03 917955                     /usr/lib/x86_64-linux-gnu/libz.so.1.2.11
7c8e153d9000-7c8e153da000 r--p 00019000 08:03 917955                     /usr/lib/x86_64-linux-gnu/libz.so.1.2.11
7c8e153da000-7c8e153db000 rw-p 0001a000 08:03 917955                     /usr/lib/x86_64-linux-gnu/libz.so.1.2.11
7c8e153de000-7c8e153e8000 r-xp 00000000 08:03 2903256                    /home/wangjing/.jdks/openjdk-21.0.2/lib/libinstrument.so
7c8e153e8000-7c8e153e9000 ---p 0000a000 08:03 2903256                    /home/wangjing/.jdks/openjdk-21.0.2/lib/libinstrument.so
7c8e153e9000-7c8e153ea000 r--p 0000a000 08:03 2903256                    /home/wangjing/.jdks/openjdk-21.0.2/lib/libinstrument.so
7c8e153ea000-7c8e153eb000 rw-p 0000b000 08:03 2903256                    /home/wangjing/.jdks/openjdk-21.0.2/lib/libinstrument.so
7c8e153eb000-7c8e153ec000 ---p 00000000 00:00 0 
7c8e153ec000-7c8e153ed000 r--p 00000000 00:00 0 
7c8e153ed000-7c8e153ef000 rw-p 00000000 00:00 0 
7c8e153ef000-7c8e153f1000 r--p 00000000 08:03 917666                     /usr/lib/x86_64-linux-gnu/ld-linux-x86-64.so.2
7c8e153f1000-7c8e1541b000 r-xp 00002000 08:03 917666                     /usr/lib/x86_64-linux-gnu/ld-linux-x86-64.so.2
7c8e1541b000-7c8e15426000 r--p 0002c000 08:03 917666                     /usr/lib/x86_64-linux-gnu/ld-linux-x86-64.so.2
7c8e15426000-7c8e15427000 ---p 00000000 00:00 0 
7c8e15427000-7c8e15429000 r--p 00037000 08:03 917666                     /usr/lib/x86_64-linux-gnu/ld-linux-x86-64.so.2
7c8e15429000-7c8e1542b000 rw-p 00039000 08:03 917666                     /usr/lib/x86_64-linux-gnu/ld-linux-x86-64.so.2
7ffe8048b000-7ffe804ac000 rw-p 00000000 00:00 0                          [stack]
7ffe80589000-7ffe8058d000 r--p 00000000 00:00 0                          [vvar]
7ffe8058d000-7ffe8058f000 r-xp 00000000 00:00 0                          [vdso]
ffffffffff600000-ffffffffff601000 --xp 00000000 00:00 0                  [vsyscall]
Total number of mappings: 246


VM Arguments:
jvm_args: -agentlib:jdwp=transport=dt_socket,address=127.0.0.1:33307,suspend=y,server=n -javaagent:/opt/idea/idea-IU-233.14475.28/plugins/java/lib/rt/debugger-agent.jar -Dfile.encoding=UTF-8 -Dsun.stdout.encoding=UTF-8 -Dsun.stderr.encoding=UTF-8 
java_command: Main ./tests/test1.sysy output.ll
java_class_path (initial): /home/wangjing/Lab/target/classes:/usr/local/lib/javacpp-1.5.7.jar:/usr/local/lib/llvm-13.0.1-1.5.7.jar:/usr/local/lib/antlr-4.9.1-complete.jar:/usr/local/lib/javacpp-1.5.7-linux-x86_64.jar:/usr/local/lib/llvm-platform-13.0.1-1.5.7.jar:/usr/local/lib/llvm-13.0.1-1.5.7-linux-x86_64.jar:/opt/idea/idea-IU-233.14475.28/lib/idea_rt.jar
Launcher Type: SUN_STANDARD

[Global flags]
     intx CICompilerCount                          = 2                                         {product} {ergonomic}
     uint ConcGCThreads                            = 1                                         {product} {ergonomic}
     uint G1ConcRefinementThreads                  = 2                                         {product} {ergonomic}
   size_t G1HeapRegionSize                         = 2097152                                   {product} {ergonomic}
    uintx GCDrainStackTargetSize                   = 64                                        {product} {ergonomic}
   size_t InitialHeapSize                          = 262144000                                 {product} {ergonomic}
   size_t MarkStackSize                            = 4194304                                   {product} {ergonomic}
   size_t MaxHeapSize                              = 4181721088                                {product} {ergonomic}
   size_t MaxNewSize                               = 2508193792                                {product} {ergonomic}
   size_t MinHeapDeltaBytes                        = 2097152                                   {product} {ergonomic}
   size_t MinHeapSize                              = 8388608                                   {product} {ergonomic}
    uintx NonNMethodCodeHeapSize                   = 5826188                                {pd product} {ergonomic}
    uintx NonProfiledCodeHeapSize                  = 122916026                              {pd product} {ergonomic}
    uintx ProfiledCodeHeapSize                     = 122916026                              {pd product} {ergonomic}
    uintx ReservedCodeCacheSize                    = 251658240                              {pd product} {ergonomic}
     bool SegmentedCodeCache                       = true                                      {product} {ergonomic}
   size_t SoftMaxHeapSize                          = 4181721088                             {manageable} {ergonomic}
     bool UseCompressedOops                        = true                           {product lp64_product} {ergonomic}
     bool UseG1GC                                  = true                                      {product} {ergonomic}

Logging:
Log output configuration:
 #0: stdout all=warning uptime,level,tags foldmultilines=false
 #1: stderr all=off uptime,level,tags foldmultilines=false

Environment Variables:
PATH=/usr/local/sbin:/usr/local/bin:/usr/sbin:/usr/bin:/sbin:/bin:/usr/games:/usr/local/games:/snap/bin:/snap/bin
USERNAME=wangjing
SHELL=/bin/bash
DISPLAY=:0
LANG=en_US.UTF-8
LC_NUMERIC=zh_CN.UTF-8
LC_TIME=zh_CN.UTF-8

Active Locale:
LC_ALL=LC_CTYPE=en_US.UTF-8;LC_NUMERIC=zh_CN.UTF-8;LC_TIME=zh_CN.UTF-8;LC_COLLATE=en_US.UTF-8;LC_MONETARY=zh_CN.UTF-8;LC_MESSAGES=en_US.UTF-8;LC_PAPER=zh_CN.UTF-8;LC_NAME=zh_CN.UTF-8;LC_ADDRESS=zh_CN.UTF-8;LC_TELEPHONE=zh_CN.UTF-8;LC_MEASUREMENT=zh_CN.UTF-8;LC_IDENTIFICATION=zh_CN.UTF-8
LC_COLLATE=en_US.UTF-8
LC_CTYPE=en_US.UTF-8
LC_MESSAGES=en_US.UTF-8
LC_MONETARY=zh_CN.UTF-8
LC_NUMERIC=zh_CN.UTF-8
LC_TIME=zh_CN.UTF-8

Signal Handlers:
   SIGSEGV: crash_handler in libjvm.so, mask=11100100010111111101111111111110, flags=SA_RESTART|SA_SIGINFO, unblocked
    SIGBUS: crash_handler in libjvm.so, mask=11100100010111111101111111111110, flags=SA_RESTART|SA_SIGINFO, unblocked
    SIGFPE: crash_handler in libjvm.so, mask=11100100010111111101111111111110, flags=SA_RESTART|SA_SIGINFO, unblocked
   SIGPIPE: javaSignalHandler in libjvm.so, mask=11100100010111111101111111111110, flags=SA_RESTART|SA_SIGINFO, blocked
   SIGXFSZ: javaSignalHandler in libjvm.so, mask=11100100010111111101111111111110, flags=SA_RESTART|SA_SIGINFO, blocked
    SIGILL: crash_handler in libjvm.so, mask=11100100010111111101111111111110, flags=SA_RESTART|SA_SIGINFO, unblocked
   SIGUSR2: SR_handler in libjvm.so, mask=00100000000000000000000000000000, flags=SA_RESTART|SA_SIGINFO, blocked
    SIGHUP: UserHandler in libjvm.so, mask=11100100010111111101111111111110, flags=SA_RESTART|SA_SIGINFO, blocked
    SIGINT: UserHandler in libjvm.so, mask=11100100010111111101111111111110, flags=SA_RESTART|SA_SIGINFO, blocked
   SIGTERM: UserHandler in libjvm.so, mask=11100100010111111101111111111110, flags=SA_RESTART|SA_SIGINFO, blocked
   SIGQUIT: UserHandler in libjvm.so, mask=11100100010111111101111111111110, flags=SA_RESTART|SA_SIGINFO, blocked
   SIGTRAP: crash_handler in libjvm.so, mask=11100100010111111101111111111110, flags=SA_RESTART|SA_SIGINFO, unblocked


Periodic native trim disabled

---------------  S Y S T E M  ---------------

OS:
DISTRIB_ID=Ubuntu
DISTRIB_RELEASE=22.04
DISTRIB_CODENAME=jammy
DISTRIB_DESCRIPTION="Ubuntu 22.04.4 LTS"
uname: Linux 6.5.0-35-generic #35~22.04.1-Ubuntu SMP PREEMPT_DYNAMIC Tue May  7 09:00:52 UTC 2 x86_64
OS uptime: 0 days 6:06 hours
libc: glibc 2.35 NPTL 2.35 
rlimit (soft/hard): STACK 8192k/infinity , CORE 0k/infinity , NPROC 63495/63495 , NOFILE 1048576/1048576 , AS infinity/infinity , CPU infinity/infinity , DATA infinity/infinity , FSIZE infinity/infinity , MEMLOCK 2041424k/2041424k
load average: 1.00 1.06 0.90

/proc/meminfo:
MemTotal:       16331420 kB
MemFree:         2159748 kB
MemAvailable:    9381684 kB
Buffers:          196472 kB
Cached:          7151652 kB
SwapCached:            0 kB
Active:          7848608 kB
Inactive:        5062276 kB
Active(anon):    5636728 kB
Inactive(anon):        0 kB
Active(file):    2211880 kB
Inactive(file):  5062276 kB
Unevictable:           0 kB
Mlocked:               0 kB
SwapTotal:       2097148 kB
SwapFree:        2097148 kB
Zswap:                 0 kB
Zswapped:              0 kB
Dirty:               248 kB
Writeback:             0 kB
AnonPages:       5562804 kB
Mapped:          1417544 kB
Shmem:             73960 kB
KReclaimable:     285072 kB
Slab:             466376 kB
SReclaimable:     285072 kB
SUnreclaim:       181304 kB
KernelStack:       16752 kB
PageTables:        38948 kB
SecPageTables:         0 kB
NFS_Unstable:          0 kB
Bounce:                0 kB
WritebackTmp:          0 kB
CommitLimit:    10262856 kB
Committed_AS:    9328704 kB
VmallocTotal:   34359738367 kB
VmallocUsed:       46304 kB
VmallocChunk:          0 kB
Percpu:           110592 kB
HardwareCorrupted:     0 kB
AnonHugePages:         0 kB
ShmemHugePages:        0 kB
ShmemPmdMapped:        0 kB
FileHugePages:         0 kB
FilePmdMapped:         0 kB
Unaccepted:            0 kB
HugePages_Total:       0
HugePages_Free:        0
HugePages_Rsvd:        0
HugePages_Surp:        0
Hugepagesize:       2048 kB
Hugetlb:               0 kB
DirectMap4k:      159552 kB
DirectMap2M:     5083136 kB
DirectMap1G:    13631488 kB

/sys/kernel/mm/transparent_hugepage/enabled: always [madvise] never
/sys/kernel/mm/transparent_hugepage/defrag (defrag/compaction efforts parameter): always defer defer+madvise [madvise] never

Process Memory:
Virtual Size: 6891100K (peak: 6891100K)
Resident Set Size: 120864K (peak: 120864K) (anon: 68992K, file: 51872K, shmem: 0K)
Swapped out: 0K
C-Heap outstanding allocations: 31586K, retained: 3801K
glibc malloc tunables: (default)

/proc/sys/kernel/threads-max (system-wide limit on the number of threads): 126990
/proc/sys/vm/max_map_count (maximum number of memory map areas a process may have): 65530
/proc/sys/kernel/pid_max (system-wide limit on number of process identifiers): 4194304

container (cgroup) information:
container_type: cgroupv2
cpu_cpuset_cpus: not supported
cpu_memory_nodes: not supported
active_processor_count: 2
cpu_quota: not supported
cpu_period: not supported
cpu_shares: not supported
memory_limit_in_bytes: unlimited
memory_and_swap_limit_in_bytes: unlimited
memory_soft_limit_in_bytes: unlimited
memory_usage_in_bytes: 5771276 k
memory_max_usage_in_bytes: not supported
memory_swap_current_in_bytes: unlimited
memory_swap_max_limit_in_bytes: unlimited
maximum number of tasks: 19048
current number of tasks: 180

VMWare virtualization detected
Steal ticks since vm start: 0
Steal ticks percentage since vm start:  0.000

CPU: total 2 (initial active 2) (1 cores per cpu, 1 threads per core) family 25 model 116 stepping 1 microcode 0xffffffff, cx8, cmov, fxsr, mmx, sse, sse2, sse3, ssse3, sse4a, sse4.1, sse4.2, popcnt, lzcnt, tsc, tscinvbit, avx, avx2, aes, erms, clmul, bmi1, bmi2, adx, avx512f, avx512dq, avx512cd, avx512bw, avx512vl, sha, fma, vzeroupper, avx512_vpopcntdq, avx512_vpclmulqdq, avx512_vaes, avx512_vnni, clflush, clflushopt, avx512_vbmi2, avx512_vbmi, hv, rdtscp, rdpid, gfni, avx512_bitalg, f16c, avx512_ifma
CPU Model and flags from /proc/cpuinfo:
model name	: AMD Ryzen 7 7840HS with Radeon 780M Graphics
flags		: fpu vme de pse tsc msr pae mce cx8 apic sep mtrr pge mca cmov pat pse36 clflush mmx fxsr sse sse2 syscall nx mmxext pdpe1gb rdtscp lm constant_tsc rep_good nopl tsc_reliable nonstop_tsc cpuid extd_apicid tsc_known_freq pni pclmulqdq ssse3 fma cx16 sse4_1 sse4_2 x2apic movbe popcnt aes xsave avx f16c rdrand hypervisor lahf_lm cr8_legacy abm sse4a misalignsse 3dnowprefetch osvw topoext ibpb vmmcall fsgsbase bmi1 avx2 smep bmi2 erms invpcid avx512f avx512dq rdseed adx smap avx512ifma clflushopt clwb avx512cd sha_ni avx512bw avx512vl xsaveopt xsavec xgetbv1 xsaves avx512_bf16 clzero arat avx512vbmi umip avx512_vbmi2 gfni vaes vpclmulqdq avx512_vnni avx512_bitalg avx512_vpopcntdq rdpid overflow_recov succor

Online cpus: 0-1
Offline cpus: 2-127
BIOS frequency limitation: <Not Available>
Frequency switch latency (ns): <Not Available>
Available cpu frequencies: <Not Available>
Current governor: <Not Available>
Core performance/turbo boost: <Not Available>

Memory: 4k page, physical 16331420k(9381684k free), swap 2097148k(2097148k free)
Page Sizes: 4k

vm_info: OpenJDK 64-Bit Server VM (21.0.2+13-58) for linux-amd64 JRE (21.0.2+13-58), built on 2024-01-05T18:32:24Z by "mach5one" with gcc 11.2.0

END.
