#
# A fatal error has been detected by the Java Runtime Environment:
#
#  SIGSEGV (0xb) at pc=0x00007f656dfede80, pid=32533, tid=32534
#
# JRE version: OpenJDK Runtime Environment (21.0.2+13) (build 21.0.2+13-58)
# Java VM: OpenJDK 64-Bit Server VM (21.0.2+13-58, mixed mode, sharing, tiered, compressed oops, compressed class ptrs, g1 gc, linux-amd64)
# Problematic frame:
# C  [libLLVM-13.so+0xbede80]  llvm::BasicBlock::getModule() const+0x0
#
# Core dump will be written. Default location: Core dumps may be processed with "/usr/share/apport/apport -p%p -s%s -c%c -d%d -P%P -u%u -g%g -- %E" (or dumping to /home/wangjing/Lab/core.32533)
#
# If you would like to submit a bug report, please visit:
#   https://bugreport.java.com/bugreport/crash.jsp
# The crash happened outside the Java Virtual Machine in native code.
# See problematic frame for where to report the bug.
#

---------------  S U M M A R Y ------------

Command Line: -agentlib:jdwp=transport=dt_socket,address=127.0.0.1:41313,suspend=y,server=n -javaagent:/opt/idea/idea-IU-233.14475.28/plugins/java/lib/rt/debugger-agent.jar -Dfile.encoding=UTF-8 -Dsun.stdout.encoding=UTF-8 -Dsun.stderr.encoding=UTF-8 Main ./tests/test1.sysy output.ll

Host: AMD Ryzen 7 7840HS with Radeon 780M Graphics, 2 cores, 15G, Ubuntu 22.04.4 LTS
Time: Thu May 30 14:19:56 2024 CST elapsed time: 183.671557 seconds (0d 0h 3m 3s)

---------------  T H R E A D  ---------------

Current thread (0x00007f661402caa0):  JavaThread "main"             [_thread_in_native, id=32534, stack(0x00007f661a100000,0x00007f661a200000) (1024K)]

Stack: [0x00007f661a100000,0x00007f661a200000],  sp=0x00007f661a1fd8f8,  free space=1014k
Native frames: (J=compiled Java code, j=interpreted, Vv=VM code, C=native code)
C  [libLLVM-13.so+0xbede80]  llvm::BasicBlock::getModule() const+0x0
Java frames: (J=compiled Java code, j=interpreted, Vv=VM code)
j  org.bytedeco.llvm.global.LLVM.LLVMBuildLoad(Lorg/bytedeco/llvm/LLVM/LLVMBuilderRef;Lorg/bytedeco/llvm/LLVM/LLVMValueRef;Ljava/lang/String;)Lorg/bytedeco/llvm/LLVM/LLVMValueRef;+0
j  MyVisitor.visitLVal(LSysYParser$LValContext;)Lorg/bytedeco/llvm/LLVM/LLVMValueRef;+31
j  MyVisitor.visitLVal(LSysYParser$LValContext;)Ljava/lang/Object;+2
j  SysYParser$LValContext.accept(Lorg/antlr/v4/runtime/tree/ParseTreeVisitor;)Ljava/lang/Object;+12
j  org.antlr.v4.runtime.tree.AbstractParseTreeVisitor.visitChildren(Lorg/antlr/v4/runtime/tree/RuleNode;)Ljava/lang/Object;+46
j  SysYParserBaseVisitor.visitExp2(LSysYParser$Exp2Context;)Ljava/lang/Object;+2
j  MyVisitor.visitExp2(LSysYParser$Exp2Context;)Lorg/bytedeco/llvm/LLVM/LLVMValueRef;+2
j  MyVisitor.visitExp2(LSysYParser$Exp2Context;)Ljava/lang/Object;+2
j  SysYParser$Exp2Context.accept(Lorg/antlr/v4/runtime/tree/ParseTreeVisitor;)Ljava/lang/Object;+12
j  org.antlr.v4.runtime.tree.AbstractParseTreeVisitor.visitChildren(Lorg/antlr/v4/runtime/tree/RuleNode;)Ljava/lang/Object;+46
j  SysYParserBaseVisitor.visitConstExp(LSysYParser$ConstExpContext;)Ljava/lang/Object;+2
j  SysYParser$ConstExpContext.accept(Lorg/antlr/v4/runtime/tree/ParseTreeVisitor;)Ljava/lang/Object;+12
j  org.antlr.v4.runtime.tree.AbstractParseTreeVisitor.visitChildren(Lorg/antlr/v4/runtime/tree/RuleNode;)Ljava/lang/Object;+46
j  SysYParserBaseVisitor.visitConstInitVal(LSysYParser$ConstInitValContext;)Ljava/lang/Object;+2
j  SysYParser$ConstInitValContext.accept(Lorg/antlr/v4/runtime/tree/ParseTreeVisitor;)Ljava/lang/Object;+12
j  org.antlr.v4.runtime.tree.AbstractParseTreeVisitor.visit(Lorg/antlr/v4/runtime/tree/ParseTree;)Ljava/lang/Object;+2
j  MyVisitor.visit(Lorg/antlr/v4/runtime/tree/ParseTree;)Lorg/bytedeco/llvm/LLVM/LLVMValueRef;+2
j  MyVisitor.visitConstDef(LSysYParser$ConstDefContext;)Lorg/bytedeco/llvm/LLVM/LLVMValueRef;+40
j  MyVisitor.visitConstDef(LSysYParser$ConstDefContext;)Ljava/lang/Object;+2
j  SysYParser$ConstDefContext.accept(Lorg/antlr/v4/runtime/tree/ParseTreeVisitor;)Ljava/lang/Object;+12
j  org.antlr.v4.runtime.tree.AbstractParseTreeVisitor.visitChildren(Lorg/antlr/v4/runtime/tree/RuleNode;)Ljava/lang/Object;+46
j  SysYParserBaseVisitor.visitConstDecl(LSysYParser$ConstDeclContext;)Ljava/lang/Object;+2
j  SysYParser$ConstDeclContext.accept(Lorg/antlr/v4/runtime/tree/ParseTreeVisitor;)Ljava/lang/Object;+12
j  org.antlr.v4.runtime.tree.AbstractParseTreeVisitor.visitChildren(Lorg/antlr/v4/runtime/tree/RuleNode;)Ljava/lang/Object;+46
j  SysYParserBaseVisitor.visitDecl(LSysYParser$DeclContext;)Ljava/lang/Object;+2
j  SysYParser$DeclContext.accept(Lorg/antlr/v4/runtime/tree/ParseTreeVisitor;)Ljava/lang/Object;+12
j  org.antlr.v4.runtime.tree.AbstractParseTreeVisitor.visitChildren(Lorg/antlr/v4/runtime/tree/RuleNode;)Ljava/lang/Object;+46
j  SysYParserBaseVisitor.visitCompUnit(LSysYParser$CompUnitContext;)Ljava/lang/Object;+2
j  MyVisitor.visitCompUnit(LSysYParser$CompUnitContext;)Lorg/bytedeco/llvm/LLVM/LLVMValueRef;+2
j  MyVisitor.visitProgram(LSysYParser$ProgramContext;)Lorg/bytedeco/llvm/LLVM/LLVMValueRef;+48
j  MyVisitor.visitProgram(LSysYParser$ProgramContext;)Ljava/lang/Object;+2
j  SysYParser$ProgramContext.accept(Lorg/antlr/v4/runtime/tree/ParseTreeVisitor;)Ljava/lang/Object;+12
j  org.antlr.v4.runtime.tree.AbstractParseTreeVisitor.visit(Lorg/antlr/v4/runtime/tree/ParseTree;)Ljava/lang/Object;+2
j  MyVisitor.visit(Lorg/antlr/v4/runtime/tree/ParseTree;)Lorg/bytedeco/llvm/LLVM/LLVMValueRef;+2
j  Main.main([Ljava/lang/String;)V+73
v  ~StubRoutines::call_stub 0x00007f6603f38cc6

siginfo: si_signo: 11 (SIGSEGV), si_code: 1 (SEGV_MAPERR), si_addr: 0x0000000000000038

Registers:
RAX=0x00007f66141abbb0, RBX=0x00007f66142c66f0, RCX=0x00007f661402ca78, RDX=0x00007f65740a9400
RSP=0x00007f661a1fd8f8, RBP=0x00007f6614477d70, RSI=0x0000000000000101, RDI=0x0000000000000000
R8 =0x0000000715bca8d0, R9 =0x0000000000000002, R10=0x00007f656d451700, R11=0x00007f656e02c870
R12=0x00007f661a1fda50, R13=0x00007f66142c66f0, R14=0x00007f6614475e08, R15=0x00007f661402caa0
RIP=0x00007f656dfede80, EFLAGS=0x0000000000010206, CSGSFS=0x002b000000000033, ERR=0x0000000000000004
  TRAPNO=0x000000000000000e


Register to memory mapping:

RAX=0x00007f66141abbb0 points into unknown readable memory: 0x00007f6614475680 | 80 56 47 14 66 7f 00 00
RBX=0x00007f66142c66f0 points into unknown readable memory: 0x00007f66141abbb0 | b0 bb 1a 14 66 7f 00 00
RCX=0x00007f661402ca78 points into unknown readable memory: 0x6761726f7453706f | 6f 70 53 74 6f 72 61 67
RDX=0x00007f65740a9400 points into unknown readable memory: 0x00007f6276570078 | 78 00 57 76 62 7f 00 00
RSP=0x00007f661a1fd8f8 is pointing into the stack for thread: 0x00007f661402caa0
RBP=0x00007f6614477d70 points into unknown readable memory: 0x00007f6614477d80 | 80 7d 47 14 66 7f 00 00
RSI=0x0000000000000101 is an unknown value
RDI=0x0 is null
R8 =
[error occurred during error reporting (printing register info), id 0xb, SIGSEGV (0xb) at pc=0x00007f6619398a1e]
R9 =0x0000000000000002 is an unknown value
R10=0x00007f656d451700: <offset 0x0000000000051700> in /home/wangjing/.javacpp/cache/llvm-13.0.1-1.5.7-linux-x86_64.jar/org/bytedeco/llvm/linux-x86_64/libLLVM-13.so at 0x00007f656d400000
R11=0x00007f656e02c870: LLVMBuildLoad+0x0000000000000000 in /home/wangjing/.javacpp/cache/llvm-13.0.1-1.5.7-linux-x86_64.jar/org/bytedeco/llvm/linux-x86_64/libLLVM-13.so at 0x00007f656d400000
R12=0x00007f661a1fda50 is pointing into the stack for thread: 0x00007f661402caa0
R13=0x00007f66142c66f0 points into unknown readable memory: 0x00007f66141abbb0 | b0 bb 1a 14 66 7f 00 00
R14=0x00007f6614475e08 points into unknown readable memory: 0x00007f6614475680 | 80 56 47 14 66 7f 00 00
R15=0x00007f661402caa0 is a thread

Top of Stack: (sp=0x00007f661a1fd8f8)
0x00007f661a1fd8f8:   00007f656e02c8aa 00007f65740a9400
0x00007f661a1fd908:   0000000000000000 0000000000000000
0x00007f661a1fd918:   0000000000000000 0000000000000103
0x00007f661a1fd928:   0000000000000000 0000000000000000
0x00007f661a1fd938:   0000000000000000 00007f661a1fda48
0x00007f661a1fd948:   00007f661402caa0 00007f661402ce58
0x00007f661a1fd958:   00007f65f4166fa1 00007f66142c66f0
0x00007f661a1fd968:   00007f661402ce58 00007f661a1fda50
0x00007f661a1fd978:   00007f6614477d70 00007f65740a9400
0x00007f661a1fd988:   00007f65f417d8dc 00007f659454ef98
0x00007f661a1fd998:   00007f661a1fda28 0000000000000000
0x00007f661a1fd9a8:   00007f659454ef98 00007f661a1fda58
0x00007f661a1fd9b8:   00007f6603f47c0d 00007f661a1fda28
0x00007f661a1fd9c8:   00007f6603f4780d 0000000000000000
0x00007f661a1fd9d8:   00007f6603f477d8 00007f661a1fd9e0
0x00007f661a1fd9e8:   00007f659454ef98 0000000000000006
0x00007f661a1fd9f8:   00007f659451ff58 0000000000000000
0x00007f661a1fda08:   0000000715de3bf0 00007f659454ef98
0x00007f661a1fda18:   0000000000000000 00007f661a1fda48
0x00007f661a1fda28:   00007f661a1fdaa8 00007f6603f40cb5
0x00007f661a1fda38:   0000000715de3bf0 00007f6603f43e5a
0x00007f661a1fda48:   0000000715bca708 0000000715bbb560
0x00007f661a1fda58:   0000000715b9e050 00007f661a1fda60
0x00007f661a1fda68:   00007f6594513ee7 0000000000000004
0x00007f661a1fda78:   00007f659451cb20 0000000000000000
0x00007f661a1fda88:   0000000715d1ec58 00007f6594513f18
0x00007f661a1fda98:   00007f661a1fda48 00007f661a1fdac0
0x00007f661a1fdaa8:   00007f661a1fdb18 00007f6603f40cb5
0x00007f661a1fdab8:   0000000715bbb560 0000000715cde7a8
0x00007f661a1fdac8:   0000000715d25650 00007f661a1fdad0
0x00007f661a1fdad8:   00007f659451406a 0000000000000003
0x00007f661a1fdae8:   00007f659451cb20 0000000000000000 

Instructions: (pc=0x00007f656dfede80)
0x00007f656dfedd80:   ff 66 0f ef c0 48 89 02 48 89 50 08 41 0f 11 45
0x00007f656dfedd90:   00 e8 5a 4b 17 00 4c 39 f3 75 c5 4d 8b 6c 24 30
0x00007f656dfedda0:   4c 39 ed 74 3b 0f 1f 00 4c 89 eb 48 89 ef 4d 8b
0x00007f656dfeddb0:   6d 08 4c 8d 73 e8 4c 89 f6 e8 42 fd ff ff 48 8b
0x00007f656dfeddc0:   03 48 8b 53 08 66 0f ef c9 4c 89 f7 48 89 02 48
0x00007f656dfeddd0:   89 50 08 0f 11 0b e8 15 4b 17 00 4c 39 ed 75 c8
0x00007f656dfedde0:   48 83 c4 08 4c 89 e7 5b 5d 41 5c 41 5d 41 5e 41
0x00007f656dfeddf0:   5f e9 fa 48 17 00 66 2e 0f 1f 84 00 00 00 00 00
0x00007f656dfede00:   48 8d 4b e8 48 89 c8 48 29 d0 e9 11 ff ff ff 90
0x00007f656dfede10:   48 8b 07 48 8b 38 e8 45 13 16 00 31 d2 be 01 00
0x00007f656dfede20:   00 00 48 89 c7 e8 b6 2a 02 00 48 89 c3 49 8b 44
0x00007f656dfede30:   24 08 48 85 c0 0f 84 a2 fe ff ff 0f 1f 44 00 00
0x00007f656dfede40:   48 8b 68 18 31 d2 48 89 df 48 8b 75 00 e8 ae bc
0x00007f656dfede50:   02 00 48 89 ef 48 89 c6 e8 63 65 17 00 48 89 ef
0x00007f656dfede60:   e8 4b 81 02 00 49 8b 44 24 08 48 85 c0 75 d1 e9
0x00007f656dfede70:   69 fe ff ff 66 2e 0f 1f 84 00 00 00 00 00 66 90
0x00007f656dfede80:   48 8b 47 38 48 8b 40 28 c3 0f 1f 80 00 00 00 00
0x00007f656dfede90:   48 8b 47 28 48 83 c7 28 48 39 f8 74 2b 48 85 c0
0x00007f656dfedea0:   0f 84 9e 9d d3 ff 4c 8d 40 e8 0f b6 40 f8 83 e8
0x00007f656dfedeb0:   1b 83 f8 0b b8 00 00 00 00 4c 0f 43 c0 4c 89 c0
0x00007f656dfedec0:   c3 0f 1f 80 00 00 00 00 45 31 c0 eb f0 0f 1f 00
0x00007f656dfeded0:   48 8b 47 28 48 8d 57 28 48 39 d0 0f 84 af 00 00
0x00007f656dfedee0:   00 48 85 c0 0f 84 64 9d d3 ff 45 31 c0 80 78 f8
0x00007f656dfedef0:   1b 75 23 48 8b 57 30 48 8d 48 e8 48 85 d2 74 09
0x00007f656dfedf00:   48 83 ea 18 48 39 d1 74 0d 48 8b 50 10 45 31 c0
0x00007f656dfedf10:   48 39 42 30 75 0a 4c 89 c0 c3 66 0f 1f 44 00 00
0x00007f656dfedf20:   4c 8b 00 4d 85 c0 74 ee 8b 50 fc 49 8d 48 e8 81
0x00007f656dfedf30:   e2 ff ff ff 07 74 3e 89 d2 48 f7 da 48 c1 e2 05
0x00007f656dfedf40:   48 8b 44 10 e8 48 85 c0 74 2b 48 39 c1 75 41 41
0x00007f656dfedf50:   80 78 f8 4b 75 1f 49 8b 40 10 4c 39 40 30 74 30
0x00007f656dfedf60:   49 8b 48 c8 4d 8b 00 4d 85 c0 74 aa 49 83 e8 18
0x00007f656dfedf70:   4c 39 c1 75 1b 45 31 c0 80 79 10 52 75 98 0f b7 


Stack slot to memory mapping:

stack at sp + 0 slots: 0x00007f656e02c8aa: LLVMBuildLoad+0x000000000000003a in /home/wangjing/.javacpp/cache/llvm-13.0.1-1.5.7-linux-x86_64.jar/org/bytedeco/llvm/linux-x86_64/libLLVM-13.so at 0x00007f656d400000
stack at sp + 1 slots: 0x00007f65740a9400 points into unknown readable memory: 0x00007f6276570078 | 78 00 57 76 62 7f 00 00
stack at sp + 2 slots: 0x0 is null
stack at sp + 3 slots: 0x0 is null
stack at sp + 4 slots: 0x0 is null
stack at sp + 5 slots: 0x0000000000000103 is an unknown value
stack at sp + 6 slots: 0x0 is null
stack at sp + 7 slots: 0x0 is null


---------------  P R O C E S S  ---------------

Threads class SMR info:
_java_thread_list=0x00007f6580005e20, length=12, elements={
0x00007f661402caa0, 0x00007f6614152840, 0x00007f6614153e90, 0x00007f6614155970,
0x00007f6614156fb0, 0x00007f6614158550, 0x00007f661415a090, 0x00007f661415b750,
0x00007f6614175eb0, 0x00007f66141d6da0, 0x00007f66141eaf20, 0x00007f66142231b0
}

Java Threads: ( => current thread )
=>0x00007f661402caa0 JavaThread "main"                              [_thread_in_native, id=32534, stack(0x00007f661a100000,0x00007f661a200000) (1024K)]
  0x00007f6614152840 JavaThread "Reference Handler"          daemon [_thread_blocked, id=32544, stack(0x00007f65f5192000,0x00007f65f5292000) (1024K)]
  0x00007f6614153e90 JavaThread "Finalizer"                  daemon [_thread_blocked, id=32545, stack(0x00007f65f5092000,0x00007f65f5192000) (1024K)]
  0x00007f6614155970 JavaThread "Signal Dispatcher"          daemon [_thread_blocked, id=32546, stack(0x00007f65f4f92000,0x00007f65f5092000) (1024K)]
  0x00007f6614156fb0 JavaThread "Service Thread"             daemon [_thread_blocked, id=32548, stack(0x00007f65f4e92000,0x00007f65f4f92000) (1024K)]
  0x00007f6614158550 JavaThread "Monitor Deflation Thread"   daemon [_thread_blocked, id=32549, stack(0x00007f65f4d92000,0x00007f65f4e92000) (1024K)]
  0x00007f661415a090 JavaThread "C2 CompilerThread0"         daemon [_thread_blocked, id=32550, stack(0x00007f65f4c92000,0x00007f65f4d92000) (1024K)]
  0x00007f661415b750 JavaThread "C1 CompilerThread0"         daemon [_thread_blocked, id=32551, stack(0x00007f65f4b92000,0x00007f65f4c92000) (1024K)]
  0x00007f6614175eb0 JavaThread "Common-Cleaner"             daemon [_thread_blocked, id=32552, stack(0x00007f65f49c2000,0x00007f65f4ac2000) (1024K)]
  0x00007f66141d6da0 JavaThread "JDWP Event Helper Thread"   daemon [_thread_blocked, id=32556, stack(0x00007f65f47c2000,0x00007f65f48c2000) (1024K)]
  0x00007f66141eaf20 JavaThread "Notification Thread"        daemon [_thread_blocked, id=32559, stack(0x00007f65f45c2000,0x00007f65f46c2000) (1024K)]
  0x00007f66142231b0 JavaThread "JavaCPP Deallocator"        daemon [_thread_blocked, id=32562, stack(0x00007f65f44c2000,0x00007f65f45c2000) (1024K)]
Total: 12

Other Threads:
  0x00007f6614145e40 VMThread "VM Thread"                           [id=32542, stack(0x00007f65f5293000,0x00007f65f5393000) (1024K)]
  0x00007f661412bdd0 WatcherThread "VM Periodic Task Thread"        [id=32541, stack(0x00007f65f5394000,0x00007f65f5494000) (1024K)]
  0x00007f66140955f0 WorkerThread "GC Thread#0"                     [id=32535, stack(0x00007f65f7b1c000,0x00007f65f7c1c000) (1024K)]
  0x00007f66140a64f0 ConcurrentGCThread "G1 Main Marker"            [id=32536, stack(0x00007f65f7a1b000,0x00007f65f7b1b000) (1024K)]
  0x00007f66140a7490 WorkerThread "G1 Conc#0"                       [id=32537, stack(0x00007f65f791a000,0x00007f65f7a1a000) (1024K)]
  0x00007f6614119340 ConcurrentGCThread "G1 Refine#0"               [id=32538, stack(0x00007f65f5617000,0x00007f65f5717000) (1024K)]
  0x00007f661411a2f0 ConcurrentGCThread "G1 Service"                [id=32539, stack(0x00007f65f5516000,0x00007f65f5616000) (1024K)]
Total: 7

Threads with active compile tasks:
Total: 0

VM state: not at safepoint (normal execution)

VM Mutex/Monitor currently owned by a thread: None

Heap address: 0x0000000706c00000, size: 3988 MB, Compressed Oops mode: Zero based, Oop shift amount: 3

CDS archive(s) mapped at: [0x00007f659f000000-0x00007f659fca6000-0x00007f659fca6000), size 13262848, SharedBaseAddress: 0x00007f659f000000, ArchiveRelocationMode: 1.
Compressed class space mapped at: 0x00007f65a0000000-0x00007f65e0000000, reserved size: 1073741824
Narrow klass base: 0x00007f659f000000, Narrow klass shift: 0, Narrow klass range: 0x100000000

GC Precious Log:
 CardTable entry size: 512
 Card Set container configuration: InlinePtr #cards 4 size 8 Array Of Cards #cards 16 size 48 Howl #buckets 8 coarsen threshold 3686 Howl Bitmap #cards 512 size 80 coarsen threshold 460 Card regions per heap region 1 cards per card region 4096
 CPUs: 2 total, 2 available
 Memory: 15948M
 Large Page Support: Disabled
 NUMA Support: Disabled
 Compressed Oops: Enabled (Zero based)
 Heap Region Size: 2M
 Heap Min Capacity: 8M
 Heap Initial Capacity: 250M
 Heap Max Capacity: 3988M
 Pre-touch: Disabled
 Parallel Workers: 2
 Concurrent Workers: 1
 Concurrent Refinement Workers: 2
 Periodic GC: Disabled

Heap:
 garbage-first heap   total 258048K, used 11293K [0x0000000706c00000, 0x0000000800000000)
  region size 2048K, 6 young (12288K), 0 survivors (0K)
 Metaspace       used 3616K, committed 3776K, reserved 1114112K
  class space    used 398K, committed 512K, reserved 1048576K

Heap Regions: E=young(eden), S=young(survivor), O=old, HS=humongous(starts), HC=humongous(continues), CS=collection set, F=free, TAMS=top-at-mark-start, PB=parsable bottom
|   0|0x0000000706c00000, 0x0000000706c00000, 0x0000000706e00000|  0%| F|  |TAMS 0x0000000706c00000| PB 0x0000000706c00000| Untracked 
|   1|0x0000000706e00000, 0x0000000706e00000, 0x0000000707000000|  0%| F|  |TAMS 0x0000000706e00000| PB 0x0000000706e00000| Untracked 
|   2|0x0000000707000000, 0x0000000707000000, 0x0000000707200000|  0%| F|  |TAMS 0x0000000707000000| PB 0x0000000707000000| Untracked 
|   3|0x0000000707200000, 0x0000000707200000, 0x0000000707400000|  0%| F|  |TAMS 0x0000000707200000| PB 0x0000000707200000| Untracked 
|   4|0x0000000707400000, 0x0000000707400000, 0x0000000707600000|  0%| F|  |TAMS 0x0000000707400000| PB 0x0000000707400000| Untracked 
|   5|0x0000000707600000, 0x0000000707600000, 0x0000000707800000|  0%| F|  |TAMS 0x0000000707600000| PB 0x0000000707600000| Untracked 
|   6|0x0000000707800000, 0x0000000707800000, 0x0000000707a00000|  0%| F|  |TAMS 0x0000000707800000| PB 0x0000000707800000| Untracked 
|   7|0x0000000707a00000, 0x0000000707a00000, 0x0000000707c00000|  0%| F|  |TAMS 0x0000000707a00000| PB 0x0000000707a00000| Untracked 
|   8|0x0000000707c00000, 0x0000000707c00000, 0x0000000707e00000|  0%| F|  |TAMS 0x0000000707c00000| PB 0x0000000707c00000| Untracked 
|   9|0x0000000707e00000, 0x0000000707e00000, 0x0000000708000000|  0%| F|  |TAMS 0x0000000707e00000| PB 0x0000000707e00000| Untracked 
|  10|0x0000000708000000, 0x0000000708000000, 0x0000000708200000|  0%| F|  |TAMS 0x0000000708000000| PB 0x0000000708000000| Untracked 
|  11|0x0000000708200000, 0x0000000708200000, 0x0000000708400000|  0%| F|  |TAMS 0x0000000708200000| PB 0x0000000708200000| Untracked 
|  12|0x0000000708400000, 0x0000000708400000, 0x0000000708600000|  0%| F|  |TAMS 0x0000000708400000| PB 0x0000000708400000| Untracked 
|  13|0x0000000708600000, 0x0000000708600000, 0x0000000708800000|  0%| F|  |TAMS 0x0000000708600000| PB 0x0000000708600000| Untracked 
|  14|0x0000000708800000, 0x0000000708800000, 0x0000000708a00000|  0%| F|  |TAMS 0x0000000708800000| PB 0x0000000708800000| Untracked 
|  15|0x0000000708a00000, 0x0000000708a00000, 0x0000000708c00000|  0%| F|  |TAMS 0x0000000708a00000| PB 0x0000000708a00000| Untracked 
|  16|0x0000000708c00000, 0x0000000708c00000, 0x0000000708e00000|  0%| F|  |TAMS 0x0000000708c00000| PB 0x0000000708c00000| Untracked 
|  17|0x0000000708e00000, 0x0000000708e00000, 0x0000000709000000|  0%| F|  |TAMS 0x0000000708e00000| PB 0x0000000708e00000| Untracked 
|  18|0x0000000709000000, 0x0000000709000000, 0x0000000709200000|  0%| F|  |TAMS 0x0000000709000000| PB 0x0000000709000000| Untracked 
|  19|0x0000000709200000, 0x0000000709200000, 0x0000000709400000|  0%| F|  |TAMS 0x0000000709200000| PB 0x0000000709200000| Untracked 
|  20|0x0000000709400000, 0x0000000709400000, 0x0000000709600000|  0%| F|  |TAMS 0x0000000709400000| PB 0x0000000709400000| Untracked 
|  21|0x0000000709600000, 0x0000000709600000, 0x0000000709800000|  0%| F|  |TAMS 0x0000000709600000| PB 0x0000000709600000| Untracked 
|  22|0x0000000709800000, 0x0000000709800000, 0x0000000709a00000|  0%| F|  |TAMS 0x0000000709800000| PB 0x0000000709800000| Untracked 
|  23|0x0000000709a00000, 0x0000000709a00000, 0x0000000709c00000|  0%| F|  |TAMS 0x0000000709a00000| PB 0x0000000709a00000| Untracked 
|  24|0x0000000709c00000, 0x0000000709c00000, 0x0000000709e00000|  0%| F|  |TAMS 0x0000000709c00000| PB 0x0000000709c00000| Untracked 
|  25|0x0000000709e00000, 0x0000000709e00000, 0x000000070a000000|  0%| F|  |TAMS 0x0000000709e00000| PB 0x0000000709e00000| Untracked 
|  26|0x000000070a000000, 0x000000070a000000, 0x000000070a200000|  0%| F|  |TAMS 0x000000070a000000| PB 0x000000070a000000| Untracked 
|  27|0x000000070a200000, 0x000000070a200000, 0x000000070a400000|  0%| F|  |TAMS 0x000000070a200000| PB 0x000000070a200000| Untracked 
|  28|0x000000070a400000, 0x000000070a400000, 0x000000070a600000|  0%| F|  |TAMS 0x000000070a400000| PB 0x000000070a400000| Untracked 
|  29|0x000000070a600000, 0x000000070a600000, 0x000000070a800000|  0%| F|  |TAMS 0x000000070a600000| PB 0x000000070a600000| Untracked 
|  30|0x000000070a800000, 0x000000070a800000, 0x000000070aa00000|  0%| F|  |TAMS 0x000000070a800000| PB 0x000000070a800000| Untracked 
|  31|0x000000070aa00000, 0x000000070aa00000, 0x000000070ac00000|  0%| F|  |TAMS 0x000000070aa00000| PB 0x000000070aa00000| Untracked 
|  32|0x000000070ac00000, 0x000000070ac00000, 0x000000070ae00000|  0%| F|  |TAMS 0x000000070ac00000| PB 0x000000070ac00000| Untracked 
|  33|0x000000070ae00000, 0x000000070ae00000, 0x000000070b000000|  0%| F|  |TAMS 0x000000070ae00000| PB 0x000000070ae00000| Untracked 
|  34|0x000000070b000000, 0x000000070b000000, 0x000000070b200000|  0%| F|  |TAMS 0x000000070b000000| PB 0x000000070b000000| Untracked 
|  35|0x000000070b200000, 0x000000070b200000, 0x000000070b400000|  0%| F|  |TAMS 0x000000070b200000| PB 0x000000070b200000| Untracked 
|  36|0x000000070b400000, 0x000000070b400000, 0x000000070b600000|  0%| F|  |TAMS 0x000000070b400000| PB 0x000000070b400000| Untracked 
|  37|0x000000070b600000, 0x000000070b600000, 0x000000070b800000|  0%| F|  |TAMS 0x000000070b600000| PB 0x000000070b600000| Untracked 
|  38|0x000000070b800000, 0x000000070b800000, 0x000000070ba00000|  0%| F|  |TAMS 0x000000070b800000| PB 0x000000070b800000| Untracked 
|  39|0x000000070ba00000, 0x000000070ba00000, 0x000000070bc00000|  0%| F|  |TAMS 0x000000070ba00000| PB 0x000000070ba00000| Untracked 
|  40|0x000000070bc00000, 0x000000070bc00000, 0x000000070be00000|  0%| F|  |TAMS 0x000000070bc00000| PB 0x000000070bc00000| Untracked 
|  41|0x000000070be00000, 0x000000070be00000, 0x000000070c000000|  0%| F|  |TAMS 0x000000070be00000| PB 0x000000070be00000| Untracked 
|  42|0x000000070c000000, 0x000000070c000000, 0x000000070c200000|  0%| F|  |TAMS 0x000000070c000000| PB 0x000000070c000000| Untracked 
|  43|0x000000070c200000, 0x000000070c200000, 0x000000070c400000|  0%| F|  |TAMS 0x000000070c200000| PB 0x000000070c200000| Untracked 
|  44|0x000000070c400000, 0x000000070c400000, 0x000000070c600000|  0%| F|  |TAMS 0x000000070c400000| PB 0x000000070c400000| Untracked 
|  45|0x000000070c600000, 0x000000070c600000, 0x000000070c800000|  0%| F|  |TAMS 0x000000070c600000| PB 0x000000070c600000| Untracked 
|  46|0x000000070c800000, 0x000000070c800000, 0x000000070ca00000|  0%| F|  |TAMS 0x000000070c800000| PB 0x000000070c800000| Untracked 
|  47|0x000000070ca00000, 0x000000070ca00000, 0x000000070cc00000|  0%| F|  |TAMS 0x000000070ca00000| PB 0x000000070ca00000| Untracked 
|  48|0x000000070cc00000, 0x000000070cc00000, 0x000000070ce00000|  0%| F|  |TAMS 0x000000070cc00000| PB 0x000000070cc00000| Untracked 
|  49|0x000000070ce00000, 0x000000070ce00000, 0x000000070d000000|  0%| F|  |TAMS 0x000000070ce00000| PB 0x000000070ce00000| Untracked 
|  50|0x000000070d000000, 0x000000070d000000, 0x000000070d200000|  0%| F|  |TAMS 0x000000070d000000| PB 0x000000070d000000| Untracked 
|  51|0x000000070d200000, 0x000000070d200000, 0x000000070d400000|  0%| F|  |TAMS 0x000000070d200000| PB 0x000000070d200000| Untracked 
|  52|0x000000070d400000, 0x000000070d400000, 0x000000070d600000|  0%| F|  |TAMS 0x000000070d400000| PB 0x000000070d400000| Untracked 
|  53|0x000000070d600000, 0x000000070d600000, 0x000000070d800000|  0%| F|  |TAMS 0x000000070d600000| PB 0x000000070d600000| Untracked 
|  54|0x000000070d800000, 0x000000070d800000, 0x000000070da00000|  0%| F|  |TAMS 0x000000070d800000| PB 0x000000070d800000| Untracked 
|  55|0x000000070da00000, 0x000000070da00000, 0x000000070dc00000|  0%| F|  |TAMS 0x000000070da00000| PB 0x000000070da00000| Untracked 
|  56|0x000000070dc00000, 0x000000070dc00000, 0x000000070de00000|  0%| F|  |TAMS 0x000000070dc00000| PB 0x000000070dc00000| Untracked 
|  57|0x000000070de00000, 0x000000070de00000, 0x000000070e000000|  0%| F|  |TAMS 0x000000070de00000| PB 0x000000070de00000| Untracked 
|  58|0x000000070e000000, 0x000000070e000000, 0x000000070e200000|  0%| F|  |TAMS 0x000000070e000000| PB 0x000000070e000000| Untracked 
|  59|0x000000070e200000, 0x000000070e200000, 0x000000070e400000|  0%| F|  |TAMS 0x000000070e200000| PB 0x000000070e200000| Untracked 
|  60|0x000000070e400000, 0x000000070e400000, 0x000000070e600000|  0%| F|  |TAMS 0x000000070e400000| PB 0x000000070e400000| Untracked 
|  61|0x000000070e600000, 0x000000070e600000, 0x000000070e800000|  0%| F|  |TAMS 0x000000070e600000| PB 0x000000070e600000| Untracked 
|  62|0x000000070e800000, 0x000000070e800000, 0x000000070ea00000|  0%| F|  |TAMS 0x000000070e800000| PB 0x000000070e800000| Untracked 
|  63|0x000000070ea00000, 0x000000070ea00000, 0x000000070ec00000|  0%| F|  |TAMS 0x000000070ea00000| PB 0x000000070ea00000| Untracked 
|  64|0x000000070ec00000, 0x000000070ec00000, 0x000000070ee00000|  0%| F|  |TAMS 0x000000070ec00000| PB 0x000000070ec00000| Untracked 
|  65|0x000000070ee00000, 0x000000070ee00000, 0x000000070f000000|  0%| F|  |TAMS 0x000000070ee00000| PB 0x000000070ee00000| Untracked 
|  66|0x000000070f000000, 0x000000070f000000, 0x000000070f200000|  0%| F|  |TAMS 0x000000070f000000| PB 0x000000070f000000| Untracked 
|  67|0x000000070f200000, 0x000000070f200000, 0x000000070f400000|  0%| F|  |TAMS 0x000000070f200000| PB 0x000000070f200000| Untracked 
|  68|0x000000070f400000, 0x000000070f400000, 0x000000070f600000|  0%| F|  |TAMS 0x000000070f400000| PB 0x000000070f400000| Untracked 
|  69|0x000000070f600000, 0x000000070f600000, 0x000000070f800000|  0%| F|  |TAMS 0x000000070f600000| PB 0x000000070f600000| Untracked 
|  70|0x000000070f800000, 0x000000070f800000, 0x000000070fa00000|  0%| F|  |TAMS 0x000000070f800000| PB 0x000000070f800000| Untracked 
|  71|0x000000070fa00000, 0x000000070fa00000, 0x000000070fc00000|  0%| F|  |TAMS 0x000000070fa00000| PB 0x000000070fa00000| Untracked 
|  72|0x000000070fc00000, 0x000000070fc00000, 0x000000070fe00000|  0%| F|  |TAMS 0x000000070fc00000| PB 0x000000070fc00000| Untracked 
|  73|0x000000070fe00000, 0x000000070fe00000, 0x0000000710000000|  0%| F|  |TAMS 0x000000070fe00000| PB 0x000000070fe00000| Untracked 
|  74|0x0000000710000000, 0x0000000710000000, 0x0000000710200000|  0%| F|  |TAMS 0x0000000710000000| PB 0x0000000710000000| Untracked 
|  75|0x0000000710200000, 0x0000000710200000, 0x0000000710400000|  0%| F|  |TAMS 0x0000000710200000| PB 0x0000000710200000| Untracked 
|  76|0x0000000710400000, 0x0000000710400000, 0x0000000710600000|  0%| F|  |TAMS 0x0000000710400000| PB 0x0000000710400000| Untracked 
|  77|0x0000000710600000, 0x0000000710600000, 0x0000000710800000|  0%| F|  |TAMS 0x0000000710600000| PB 0x0000000710600000| Untracked 
|  78|0x0000000710800000, 0x0000000710800000, 0x0000000710a00000|  0%| F|  |TAMS 0x0000000710800000| PB 0x0000000710800000| Untracked 
|  79|0x0000000710a00000, 0x0000000710a00000, 0x0000000710c00000|  0%| F|  |TAMS 0x0000000710a00000| PB 0x0000000710a00000| Untracked 
|  80|0x0000000710c00000, 0x0000000710c00000, 0x0000000710e00000|  0%| F|  |TAMS 0x0000000710c00000| PB 0x0000000710c00000| Untracked 
|  81|0x0000000710e00000, 0x0000000710e00000, 0x0000000711000000|  0%| F|  |TAMS 0x0000000710e00000| PB 0x0000000710e00000| Untracked 
|  82|0x0000000711000000, 0x0000000711000000, 0x0000000711200000|  0%| F|  |TAMS 0x0000000711000000| PB 0x0000000711000000| Untracked 
|  83|0x0000000711200000, 0x0000000711200000, 0x0000000711400000|  0%| F|  |TAMS 0x0000000711200000| PB 0x0000000711200000| Untracked 
|  84|0x0000000711400000, 0x0000000711400000, 0x0000000711600000|  0%| F|  |TAMS 0x0000000711400000| PB 0x0000000711400000| Untracked 
|  85|0x0000000711600000, 0x0000000711600000, 0x0000000711800000|  0%| F|  |TAMS 0x0000000711600000| PB 0x0000000711600000| Untracked 
|  86|0x0000000711800000, 0x0000000711800000, 0x0000000711a00000|  0%| F|  |TAMS 0x0000000711800000| PB 0x0000000711800000| Untracked 
|  87|0x0000000711a00000, 0x0000000711a00000, 0x0000000711c00000|  0%| F|  |TAMS 0x0000000711a00000| PB 0x0000000711a00000| Untracked 
|  88|0x0000000711c00000, 0x0000000711c00000, 0x0000000711e00000|  0%| F|  |TAMS 0x0000000711c00000| PB 0x0000000711c00000| Untracked 
|  89|0x0000000711e00000, 0x0000000711e00000, 0x0000000712000000|  0%| F|  |TAMS 0x0000000711e00000| PB 0x0000000711e00000| Untracked 
|  90|0x0000000712000000, 0x0000000712000000, 0x0000000712200000|  0%| F|  |TAMS 0x0000000712000000| PB 0x0000000712000000| Untracked 
|  91|0x0000000712200000, 0x0000000712200000, 0x0000000712400000|  0%| F|  |TAMS 0x0000000712200000| PB 0x0000000712200000| Untracked 
|  92|0x0000000712400000, 0x0000000712400000, 0x0000000712600000|  0%| F|  |TAMS 0x0000000712400000| PB 0x0000000712400000| Untracked 
|  93|0x0000000712600000, 0x0000000712600000, 0x0000000712800000|  0%| F|  |TAMS 0x0000000712600000| PB 0x0000000712600000| Untracked 
|  94|0x0000000712800000, 0x0000000712800000, 0x0000000712a00000|  0%| F|  |TAMS 0x0000000712800000| PB 0x0000000712800000| Untracked 
|  95|0x0000000712a00000, 0x0000000712a00000, 0x0000000712c00000|  0%| F|  |TAMS 0x0000000712a00000| PB 0x0000000712a00000| Untracked 
|  96|0x0000000712c00000, 0x0000000712c00000, 0x0000000712e00000|  0%| F|  |TAMS 0x0000000712c00000| PB 0x0000000712c00000| Untracked 
|  97|0x0000000712e00000, 0x0000000712e00000, 0x0000000713000000|  0%| F|  |TAMS 0x0000000712e00000| PB 0x0000000712e00000| Untracked 
|  98|0x0000000713000000, 0x0000000713000000, 0x0000000713200000|  0%| F|  |TAMS 0x0000000713000000| PB 0x0000000713000000| Untracked 
|  99|0x0000000713200000, 0x0000000713200000, 0x0000000713400000|  0%| F|  |TAMS 0x0000000713200000| PB 0x0000000713200000| Untracked 
| 100|0x0000000713400000, 0x0000000713400000, 0x0000000713600000|  0%| F|  |TAMS 0x0000000713400000| PB 0x0000000713400000| Untracked 
| 101|0x0000000713600000, 0x0000000713600000, 0x0000000713800000|  0%| F|  |TAMS 0x0000000713600000| PB 0x0000000713600000| Untracked 
| 102|0x0000000713800000, 0x0000000713800000, 0x0000000713a00000|  0%| F|  |TAMS 0x0000000713800000| PB 0x0000000713800000| Untracked 
| 103|0x0000000713a00000, 0x0000000713a00000, 0x0000000713c00000|  0%| F|  |TAMS 0x0000000713a00000| PB 0x0000000713a00000| Untracked 
| 104|0x0000000713c00000, 0x0000000713c00000, 0x0000000713e00000|  0%| F|  |TAMS 0x0000000713c00000| PB 0x0000000713c00000| Untracked 
| 105|0x0000000713e00000, 0x0000000713e00000, 0x0000000714000000|  0%| F|  |TAMS 0x0000000713e00000| PB 0x0000000713e00000| Untracked 
| 106|0x0000000714000000, 0x0000000714000000, 0x0000000714200000|  0%| F|  |TAMS 0x0000000714000000| PB 0x0000000714000000| Untracked 
| 107|0x0000000714200000, 0x0000000714200000, 0x0000000714400000|  0%| F|  |TAMS 0x0000000714200000| PB 0x0000000714200000| Untracked 
| 108|0x0000000714400000, 0x0000000714400000, 0x0000000714600000|  0%| F|  |TAMS 0x0000000714400000| PB 0x0000000714400000| Untracked 
| 109|0x0000000714600000, 0x0000000714600000, 0x0000000714800000|  0%| F|  |TAMS 0x0000000714600000| PB 0x0000000714600000| Untracked 
| 110|0x0000000714800000, 0x0000000714800000, 0x0000000714a00000|  0%| F|  |TAMS 0x0000000714800000| PB 0x0000000714800000| Untracked 
| 111|0x0000000714a00000, 0x0000000714a00000, 0x0000000714c00000|  0%| F|  |TAMS 0x0000000714a00000| PB 0x0000000714a00000| Untracked 
| 112|0x0000000714c00000, 0x0000000714c00000, 0x0000000714e00000|  0%| F|  |TAMS 0x0000000714c00000| PB 0x0000000714c00000| Untracked 
| 113|0x0000000714e00000, 0x0000000714e00000, 0x0000000715000000|  0%| F|  |TAMS 0x0000000714e00000| PB 0x0000000714e00000| Untracked 
| 114|0x0000000715000000, 0x0000000715000000, 0x0000000715200000|  0%| F|  |TAMS 0x0000000715000000| PB 0x0000000715000000| Untracked 
| 115|0x0000000715200000, 0x0000000715200000, 0x0000000715400000|  0%| F|  |TAMS 0x0000000715200000| PB 0x0000000715200000| Untracked 
| 116|0x0000000715400000, 0x0000000715400000, 0x0000000715600000|  0%| F|  |TAMS 0x0000000715400000| PB 0x0000000715400000| Untracked 
| 117|0x0000000715600000, 0x0000000715600000, 0x0000000715800000|  0%| F|  |TAMS 0x0000000715600000| PB 0x0000000715600000| Untracked 
| 118|0x0000000715800000, 0x0000000715800000, 0x0000000715a00000|  0%| F|  |TAMS 0x0000000715800000| PB 0x0000000715800000| Untracked 
| 119|0x0000000715a00000, 0x0000000715bcf8e0, 0x0000000715c00000| 90%| E|  |TAMS 0x0000000715a00000| PB 0x0000000715a00000| Complete 
| 120|0x0000000715c00000, 0x0000000715e00000, 0x0000000715e00000|100%| E|CS|TAMS 0x0000000715c00000| PB 0x0000000715c00000| Complete 
| 121|0x0000000715e00000, 0x0000000716000000, 0x0000000716000000|100%| E|CS|TAMS 0x0000000715e00000| PB 0x0000000715e00000| Complete 
| 122|0x0000000716000000, 0x0000000716200000, 0x0000000716200000|100%| E|CS|TAMS 0x0000000716000000| PB 0x0000000716000000| Complete 
| 123|0x0000000716200000, 0x0000000716400000, 0x0000000716400000|100%| E|CS|TAMS 0x0000000716200000| PB 0x0000000716200000| Complete 
| 124|0x0000000716400000, 0x0000000716600000, 0x0000000716600000|100%| E|CS|TAMS 0x0000000716400000| PB 0x0000000716400000| Complete 
|1993|0x00000007ffe00000, 0x00000007fff07778, 0x0000000800000000| 51%| O|  |TAMS 0x00000007ffe00000| PB 0x00000007ffe00000| Untracked 

Card table byte_map: [0x00007f65fba6c000,0x00007f65fc236000] _byte_map_base: 0x00007f65f8236000

Marking Bits: (CMBitMap*) 0x00007f6614096110
 Bits: [0x00007f65f7c1c000, 0x00007f65fba6c000)

Polling page: 0x00007f661a654000

Metaspace:

Usage:
  Non-class:      3.14 MB used.
      Class:    398.75 KB used.
       Both:      3.53 MB used.

Virtual space:
  Non-class space:       64.00 MB reserved,       3.19 MB (  5%) committed,  1 nodes.
      Class space:        1.00 GB reserved,     512.00 KB ( <1%) committed,  1 nodes.
             Both:        1.06 GB reserved,       3.69 MB ( <1%) committed. 

Chunk freelists:
   Non-Class:  10.33 MB
       Class:  15.48 MB
        Both:  25.81 MB

MaxMetaspaceSize: unlimited
CompressedClassSpaceSize: 1.00 GB
Initial GC threshold: 21.00 MB
Current GC threshold: 21.00 MB
CDS: on
 - commit_granule_bytes: 65536.
 - commit_granule_words: 8192.
 - virtual_space_node_default_size: 8388608.
 - enlarge_chunks_in_place: 1.
 - use_allocation_guard: 0.


Internal statistics:

num_allocs_failed_limit: 0.
num_arena_births: 36.
num_arena_deaths: 0.
num_vsnodes_births: 2.
num_vsnodes_deaths: 0.
num_space_committed: 59.
num_space_uncommitted: 0.
num_chunks_returned_to_freelist: 0.
num_chunks_taken_from_freelist: 104.
num_chunk_merges: 0.
num_chunk_splits: 89.
num_chunks_enlarged: 77.
num_inconsistent_stats: 0.

CodeHeap 'non-profiled nmethods': size=120036Kb used=198Kb max_used=198Kb free=119837Kb
 bounds [0x00007f66044c7000, 0x00007f6604737000, 0x00007f660ba00000]
CodeHeap 'profiled nmethods': size=120032Kb used=1238Kb max_used=1238Kb free=118793Kb
 bounds [0x00007f65fca00000, 0x00007f65fcc70000, 0x00007f6603f38000]
CodeHeap 'non-nmethods': size=5692Kb used=1515Kb max_used=1527Kb free=4176Kb
 bounds [0x00007f6603f38000, 0x00007f66041a8000, 0x00007f66044c7000]
 total_blobs=1144 nmethods=677 adapters=373
 compilation: enabled
              stopped_count=0, restarted_count=0
 full_count=0

Compilation events (20 events):
Event: 0.715 Thread 0x00007f661415b750  668       3       java.io.UnixFileSystem::resolve (110 bytes)
Event: 0.717 Thread 0x00007f661415b750 nmethod 668 0x00007f65fcb2c390 code [0x00007f65fcb2c760, 0x00007f65fcb2dc28]
Event: 0.717 Thread 0x00007f661415b750  669       3       java.io.UnixFileSystem::trimSeparator (33 bytes)
Event: 0.718 Thread 0x00007f661415b750 nmethod 669 0x00007f65fcb2e410 code [0x00007f65fcb2e620, 0x00007f65fcb2ed78]
Event: 0.718 Thread 0x00007f661415b750  666       3       java.lang.String::equalsIgnoreCase (45 bytes)
Event: 0.718 Thread 0x00007f661415b750 nmethod 666 0x00007f65fcb2f090 code [0x00007f65fcb2f280, 0x00007f65fcb2f7e8]
Event: 0.718 Thread 0x00007f661415b750  665       3       java.lang.Thread::interrupted (7 bytes)
Event: 0.718 Thread 0x00007f661415b750 nmethod 665 0x00007f65fcb2fa10 code [0x00007f65fcb2fbc0, 0x00007f65fcb2fe30]
Event: 0.718 Thread 0x00007f661415b750  673   !   3       java.util.zip.Inflater::needsInput (55 bytes)
Event: 0.718 Thread 0x00007f661415b750 nmethod 673 0x00007f65fcb2ff10 code [0x00007f65fcb300c0, 0x00007f65fcb30488]
Event: 0.718 Thread 0x00007f661415b750  674   !   3       java.util.zip.Inflater::inflate (456 bytes)
Event: 0.720 Thread 0x00007f661415b750 nmethod 674 0x00007f65fcb30610 code [0x00007f65fcb30a00, 0x00007f65fcb32768]
Event: 0.720 Thread 0x00007f661415b750  671       1       java.util.zip.ZipEntry::getName (5 bytes)
Event: 0.720 Thread 0x00007f661415b750 nmethod 671 0x00007f66044f8310 code [0x00007f66044f84a0, 0x00007f66044f8568]
Event: 0.904 Thread 0x00007f661415b750  675       3       java.lang.invoke.MethodType::checkPtypes (76 bytes)
Event: 0.904 Thread 0x00007f661415b750 nmethod 675 0x00007f65fcb33810 code [0x00007f65fcb33ac0, 0x00007f65fcb345a8]
Event: 0.905 Thread 0x00007f661415b750  676       3       java.lang.invoke.MethodTypeForm::canonicalizeAll (63 bytes)
Event: 0.905 Thread 0x00007f661415b750 nmethod 676 0x00007f65fcb34a10 code [0x00007f65fcb34c00, 0x00007f65fcb35258]
Event: 0.905 Thread 0x00007f661415b750  677       3       java.lang.invoke.MethodType$ConcurrentWeakInternSet$WeakEntry::<init> (15 bytes)
Event: 0.905 Thread 0x00007f661415b750 nmethod 677 0x00007f65fcb35410 code [0x00007f65fcb355e0, 0x00007f65fcb35a10]

GC Heap History (0 events):
No events

Dll operation events (13 events):
Event: 0.002 Loaded shared library /home/wangjing/.jdks/openjdk-21.0.2/lib/libjava.so
Event: 0.003 Loaded shared library /home/wangjing/.jdks/openjdk-21.0.2/lib/libzip.so
Event: 0.051 Loaded shared library /home/wangjing/.jdks/openjdk-21.0.2/lib/libjsvml.so
Event: 0.156 Loaded shared library /home/wangjing/.jdks/openjdk-21.0.2/lib/libinstrument.so
Event: 0.201 Loaded shared library /home/wangjing/.jdks/openjdk-21.0.2/lib/libnio.so
Event: 0.220 Loaded shared library /home/wangjing/.jdks/openjdk-21.0.2/lib/libzip.so
Event: 0.297 Loaded shared library /home/wangjing/.jdks/openjdk-21.0.2/lib/libjimage.so
Event: 0.409 Loaded shared library /home/wangjing/.javacpp/cache/javacpp-1.5.7-linux-x86_64.jar/org/bytedeco/javacpp/linux-x86_64/libjnijavacpp.so
Event: 0.451 Loaded shared library /home/wangjing/.jdks/openjdk-21.0.2/lib/libnet.so