#
# A fatal error has been detected by the Java Runtime Environment:
#
#  SIGSEGV (0xb) at pc=0x000078ace1fede80, pid=31930, tid=31937
#
# JRE version: OpenJDK Runtime Environment (21.0.2+13) (build 21.0.2+13-58)
# Java VM: OpenJDK 64-Bit Server VM (21.0.2+13-58, mixed mode, sharing, tiered, compressed oops, compressed class ptrs, g1 gc, linux-amd64)
# Problematic frame:
# C  [libLLVM-13.so+0xbede80]  llvm::BasicBlock::getModule() const+0x0
#
# Core dump will be written. Default location: Core dumps may be processed with "/usr/share/apport/apport -p%p -s%s -c%c -d%d -P%P -u%u -g%g -- %E" (or dumping to /home/wangjing/Lab/core.31930)
#
# If you would like to submit a bug report, please visit:
#   https://bugreport.java.com/bugreport/crash.jsp
# The crash happened outside the Java Virtual Machine in native code.
# See problematic frame for where to report the bug.
#

---------------  S U M M A R Y ------------

Command Line: -agentlib:jdwp=transport=dt_socket,address=127.0.0.1:56597,suspend=y,server=n -javaagent:/opt/idea/idea-IU-233.14475.28/plugins/java/lib/rt/debugger-agent.jar -Dfile.encoding=UTF-8 -Dsun.stdout.encoding=UTF-8 -Dsun.stderr.encoding=UTF-8 Main ./tests/test1.sysy output.ll

Host: AMD Ryzen 7 7840HS with Radeon 780M Graphics, 2 cores, 15G, Ubuntu 22.04.4 LTS
Time: Thu May 30 14:05:51 2024 CST elapsed time: 48.883540 seconds (0d 0h 0m 48s)

---------------  T H R E A D  ---------------

Current thread (0x000078ad8802caa0):  JavaThread "main"             [_thread_in_native, id=31937, stack(0x000078ad8e500000,0x000078ad8e600000) (1024K)]

Stack: [0x000078ad8e500000,0x000078ad8e600000],  sp=0x000078ad8e5fd8f8,  free space=1014k
Native frames: (J=compiled Java code, j=interpreted, Vv=VM code, C=native code)
C  [libLLVM-13.so+0xbede80]  llvm::BasicBlock::getModule() const+0x0
Java frames: (J=compiled Java code, j=interpreted, Vv=VM code)
j  org.bytedeco.llvm.global.LLVM.LLVMBuildLoad(Lorg/bytedeco/llvm/LLVM/LLVMBuilderRef;Lorg/bytedeco/llvm/LLVM/LLVMValueRef;Ljava/lang/String;)Lorg/bytedeco/llvm/LLVM/LLVMValueRef;+0
j  MyVisitor.visitLVal(LSysYParser$LValContext;)Lorg/bytedeco/llvm/LLVM/LLVMValueRef;+31
j  MyVisitor.visitLVal(LSysYParser$LValContext;)Ljava/lang/Object;+2
j  SysYParser$LValContext.accept(Lorg/antlr/v4/runtime/tree/ParseTreeVisitor;)Ljava/lang/Object;+12
j  org.antlr.v4.runtime.tree.AbstractParseTreeVisitor.visitChildren(Lorg/antlr/v4/runtime/tree/RuleNode;)Ljava/lang/Object;+46
j  SysYParserBaseVisitor.visitExp2(LSysYParser$Exp2Context;)Ljava/lang/Object;+2
j  MyVisitor.visitExp2(LSysYParser$Exp2Context;)Lorg/bytedeco/llvm/LLVM/LLVMValueRef;+2
j  MyVisitor.visitExp2(LSysYParser$Exp2Context;)Ljava/lang/Object;+2
j  SysYParser$Exp2Context.accept(Lorg/antlr/v4/runtime/tree/ParseTreeVisitor;)Ljava/lang/Object;+12
j  org.antlr.v4.runtime.tree.AbstractParseTreeVisitor.visitChildren(Lorg/antlr/v4/runtime/tree/RuleNode;)Ljava/lang/Object;+46
j  SysYParserBaseVisitor.visitConstExp(LSysYParser$ConstExpContext;)Ljava/lang/Object;+2
j  SysYParser$ConstExpContext.accept(Lorg/antlr/v4/runtime/tree/ParseTreeVisitor;)Ljava/lang/Object;+12
j  org.antlr.v4.runtime.tree.AbstractParseTreeVisitor.visitChildren(Lorg/antlr/v4/runtime/tree/RuleNode;)Ljava/lang/Object;+46
j  SysYParserBaseVisitor.visitConstInitVal(LSysYParser$ConstInitValContext;)Ljava/lang/Object;+2
j  SysYParser$ConstInitValContext.accept(Lorg/antlr/v4/runtime/tree/ParseTreeVisitor;)Ljava/lang/Object;+12
j  org.antlr.v4.runtime.tree.AbstractParseTreeVisitor.visit(Lorg/antlr/v4/runtime/tree/ParseTree;)Ljava/lang/Object;+2
j  MyVisitor.visit(Lorg/antlr/v4/runtime/tree/ParseTree;)Lorg/bytedeco/llvm/LLVM/LLVMValueRef;+2
j  MyVisitor.visitConstDef(LSysYParser$ConstDefContext;)Lorg/bytedeco/llvm/LLVM/LLVMValueRef;+52
j  MyVisitor.visitConstDef(LSysYParser$ConstDefContext;)Ljava/lang/Object;+2
j  SysYParser$ConstDefContext.accept(Lorg/antlr/v4/runtime/tree/ParseTreeVisitor;)Ljava/lang/Object;+12
j  org.antlr.v4.runtime.tree.AbstractParseTreeVisitor.visitChildren(Lorg/antlr/v4/runtime/tree/RuleNode;)Ljava/lang/Object;+46
j  SysYParserBaseVisitor.visitConstDecl(LSysYParser$ConstDeclContext;)Ljava/lang/Object;+2
j  SysYParser$ConstDeclContext.accept(Lorg/antlr/v4/runtime/tree/ParseTreeVisitor;)Ljava/lang/Object;+12
j  org.antlr.v4.runtime.tree.AbstractParseTreeVisitor.visitChildren(Lorg/antlr/v4/runtime/tree/RuleNode;)Ljava/lang/Object;+46
j  SysYParserBaseVisitor.visitDecl(LSysYParser$DeclContext;)Ljava/lang/Object;+2
j  SysYParser$DeclContext.accept(Lorg/antlr/v4/runtime/tree/ParseTreeVisitor;)Ljava/lang/Object;+12
j  org.antlr.v4.runtime.tree.AbstractParseTreeVisitor.visitChildren(Lorg/antlr/v4/runtime/tree/RuleNode;)Ljava/lang/Object;+46
j  SysYParserBaseVisitor.visitCompUnit(LSysYParser$CompUnitContext;)Ljava/lang/Object;+2
j  MyVisitor.visitCompUnit(LSysYParser$CompUnitContext;)Lorg/bytedeco/llvm/LLVM/LLVMValueRef;+2
j  MyVisitor.visitProgram(LSysYParser$ProgramContext;)Lorg/bytedeco/llvm/LLVM/LLVMValueRef;+48
j  MyVisitor.visitProgram(LSysYParser$ProgramContext;)Ljava/lang/Object;+2
j  SysYParser$ProgramContext.accept(Lorg/antlr/v4/runtime/tree/ParseTreeVisitor;)Ljava/lang/Object;+12
j  org.antlr.v4.runtime.tree.AbstractParseTreeVisitor.visit(Lorg/antlr/v4/runtime/tree/ParseTree;)Ljava/lang/Object;+2
j  MyVisitor.visit(Lorg/antlr/v4/runtime/tree/ParseTree;)Lorg/bytedeco/llvm/LLVM/LLVMValueRef;+2
j  Main.main([Ljava/lang/String;)V+73
v  ~StubRoutines::call_stub 0x000078ad77f38cc6

siginfo: si_signo: 11 (SIGSEGV), si_code: 1 (SEGV_MAPERR), si_addr: 0x0000000000000038

Registers:
RAX=0x000078ad88401fa0, RBX=0x000078ad884033e0, RCX=0x000078ad8802ca78, RDX=0x000078acf4003670
RSP=0x000078ad8e5fd8f8, RBP=0x000078ad88401480, RSI=0x0000000000000101, RDI=0x0000000000000000
R8 =0x0000000715bd1f38, R9 =0x0000000000000002, R10=0x000078ace1451700, R11=0x000078ace202c870
R12=0x000078ad8e5fda50, R13=0x000078ad884033e0, R14=0x000078ad883ff3e8, R15=0x000078ad8802caa0
RIP=0x000078ace1fede80, EFLAGS=0x0000000000010206, CSGSFS=0x002b000000000033, ERR=0x0000000000000004
  TRAPNO=0x000000000000000e


Register to memory mapping:

RAX=0x000078ad88401fa0 points into unknown readable memory: 0x000078ad883fec60 | 60 ec 3f 88 ad 78 00 00
RBX=0x000078ad884033e0 points into unknown readable memory: 0x000078ad88401fa0 | a0 1f 40 88 ad 78 00 00
RCX=0x000078ad8802ca78 points into unknown readable memory: 0x6761726f7453706f | 6f 70 53 74 6f 72 61 67
RDX=0x000078acf4003670 points into unknown readable memory: 0x000078ab62d80078 | 78 00 d8 62 ab 78 00 00
RSP=0x000078ad8e5fd8f8 is pointing into the stack for thread: 0x000078ad8802caa0
RBP=0x000078ad88401480 points into unknown readable memory: 0x000078ad88401490 | 90 14 40 88 ad 78 00 00
RSI=0x0000000000000101 is an unknown value
RDI=0x0 is null
R8 =0x0000000715bd1f38 points into unknown readable memory: 0x0000000000000078 | 78 00 00 00 00 00 00 00
R9 =0x0000000000000002 is an unknown value
R10=0x000078ace1451700: <offset 0x0000000000051700> in /home/wangjing/.javacpp/cache/llvm-13.0.1-1.5.7-linux-x86_64.jar/org/bytedeco/llvm/linux-x86_64/libLLVM-13.so at 0x000078ace1400000
R11=0x000078ace202c870: LLVMBuildLoad+0x0000000000000000 in /home/wangjing/.javacpp/cache/llvm-13.0.1-1.5.7-linux-x86_64.jar/org/bytedeco/llvm/linux-x86_64/libLLVM-13.so at 0x000078ace1400000
R12=0x000078ad8e5fda50 is pointing into the stack for thread: 0x000078ad8802caa0
R13=0x000078ad884033e0 points into unknown readable memory: 0x000078ad88401fa0 | a0 1f 40 88 ad 78 00 00
R14=0x000078ad883ff3e8 points into unknown readable memory: 0x000078ad883fec60 | 60 ec 3f 88 ad 78 00 00
R15=0x000078ad8802caa0 is a thread

Top of Stack: (sp=0x000078ad8e5fd8f8)
0x000078ad8e5fd8f8:   000078ace202c8aa 000078acf4003670
0x000078ad8e5fd908:   0000000000000000 0000000000000000
0x000078ad8e5fd918:   0000000000000000 0000000000000103
0x000078ad8e5fd928:   0000000000000000 0000000000000000
0x000078ad8e5fd938:   0000000000000000 000078ad8e5fda48
0x000078ad8e5fd948:   000078ad8802caa0 000078ad8802ce58
0x000078ad8e5fd958:   000078ad68566fa1 000078ad884033e0
0x000078ad8e5fd968:   000078ad8802ce58 000078ad8e5fda50
0x000078ad8e5fd978:   000078ad88401480 000078acf4003670
0x000078ad8e5fd988:   000078ad6857d8dc 000078ad0854ef98
0x000078ad8e5fd998:   000078ad8e5fda28 0000000000000000
0x000078ad8e5fd9a8:   000078ad0854ef98 000078ad8e5fda58
0x000078ad8e5fd9b8:   000078ad77f47c0d 000078ad8e5fda28
0x000078ad8e5fd9c8:   000078ad77f4780d 0000000000000000
0x000078ad8e5fd9d8:   000078ad77f477d8 000078ad8e5fd9e0
0x000078ad8e5fd9e8:   000078ad0854ef98 0000000000000006
0x000078ad8e5fd9f8:   000078ad08527f78 0000000000000000
0x000078ad8e5fda08:   0000000715d71b50 000078ad0854ef98
0x000078ad8e5fda18:   0000000000000000 000078ad8e5fda48
0x000078ad8e5fda28:   000078ad8e5fdaa8 000078ad77f40cb5
0x000078ad8e5fda38:   0000000715d71b50 000078ad77f43e5a
0x000078ad8e5fda48:   0000000715bd1d70 0000000715bb4788
0x000078ad8e5fda58:   0000000715bb2bc0 000078ad8e5fda60
0x000078ad8e5fda68:   000078ad0851592f 0000000000000004
0x000078ad8e5fda78:   000078ad0851de68 0000000000000000
0x000078ad8e5fda88:   0000000715d33cb8 000078ad08515960
0x000078ad8e5fda98:   000078ad8e5fda48 000078ad8e5fdac0
0x000078ad8e5fdaa8:   000078ad8e5fdb18 000078ad77f40cb5
0x000078ad8e5fdab8:   0000000715bb4788 0000000715cdf730
0x000078ad8e5fdac8:   0000000715d3a948 000078ad8e5fdad0
0x000078ad8e5fdad8:   000078ad08515ab2 0000000000000003
0x000078ad8e5fdae8:   000078ad0851de68 0000000000000000 

Instructions: (pc=0x000078ace1fede80)
0x000078ace1fedd80:   ff 66 0f ef c0 48 89 02 48 89 50 08 41 0f 11 45
0x000078ace1fedd90:   00 e8 5a 4b 17 00 4c 39 f3 75 c5 4d 8b 6c 24 30
0x000078ace1fedda0:   4c 39 ed 74 3b 0f 1f 00 4c 89 eb 48 89 ef 4d 8b
0x000078ace1feddb0:   6d 08 4c 8d 73 e8 4c 89 f6 e8 42 fd ff ff 48 8b
0x000078ace1feddc0:   03 48 8b 53 08 66 0f ef c9 4c 89 f7 48 89 02 48
0x000078ace1feddd0:   89 50 08 0f 11 0b e8 15 4b 17 00 4c 39 ed 75 c8
0x000078ace1fedde0:   48 83 c4 08 4c 89 e7 5b 5d 41 5c 41 5d 41 5e 41
0x000078ace1feddf0:   5f e9 fa 48 17 00 66 2e 0f 1f 84 00 00 00 00 00
0x000078ace1fede00:   48 8d 4b e8 48 89 c8 48 29 d0 e9 11 ff ff ff 90
0x000078ace1fede10:   48 8b 07 48 8b 38 e8 45 13 16 00 31 d2 be 01 00
0x000078ace1fede20:   00 00 48 89 c7 e8 b6 2a 02 00 48 89 c3 49 8b 44
0x000078ace1fede30:   24 08 48 85 c0 0f 84 a2 fe ff ff 0f 1f 44 00 00
0x000078ace1fede40:   48 8b 68 18 31 d2 48 89 df 48 8b 75 00 e8 ae bc
0x000078ace1fede50:   02 00 48 89 ef 48 89 c6 e8 63 65 17 00 48 89 ef
0x000078ace1fede60:   e8 4b 81 02 00 49 8b 44 24 08 48 85 c0 75 d1 e9
0x000078ace1fede70:   69 fe ff ff 66 2e 0f 1f 84 00 00 00 00 00 66 90
0x000078ace1fede80:   48 8b 47 38 48 8b 40 28 c3 0f 1f 80 00 00 00 00
0x000078ace1fede90:   48 8b 47 28 48 83 c7 28 48 39 f8 74 2b 48 85 c0
0x000078ace1fedea0:   0f 84 9e 9d d3 ff 4c 8d 40 e8 0f b6 40 f8 83 e8
0x000078ace1fedeb0:   1b 83 f8 0b b8 00 00 00 00 4c 0f 43 c0 4c 89 c0
0x000078ace1fedec0:   c3 0f 1f 80 00 00 00 00 45 31 c0 eb f0 0f 1f 00
0x000078ace1feded0:   48 8b 47 28 48 8d 57 28 48 39 d0 0f 84 af 00 00
0x000078ace1fedee0:   00 48 85 c0 0f 84 64 9d d3 ff 45 31 c0 80 78 f8
0x000078ace1fedef0:   1b 75 23 48 8b 57 30 48 8d 48 e8 48 85 d2 74 09
0x000078ace1fedf00:   48 83 ea 18 48 39 d1 74 0d 48 8b 50 10 45 31 c0
0x000078ace1fedf10:   48 39 42 30 75 0a 4c 89 c0 c3 66 0f 1f 44 00 00
0x000078ace1fedf20:   4c 8b 00 4d 85 c0 74 ee 8b 50 fc 49 8d 48 e8 81
0x000078ace1fedf30:   e2 ff ff ff 07 74 3e 89 d2 48 f7 da 48 c1 e2 05
0x000078ace1fedf40:   48 8b 44 10 e8 48 85 c0 74 2b 48 39 c1 75 41 41
0x000078ace1fedf50:   80 78 f8 4b 75 1f 49 8b 40 10 4c 39 40 30 74 30
0x000078ace1fedf60:   49 8b 48 c8 4d 8b 00 4d 85 c0 74 aa 49 83 e8 18
0x000078ace1fedf70:   4c 39 c1 75 1b 45 31 c0 80 79 10 52 75 98 0f b7 


Stack slot to memory mapping:

stack at sp + 0 slots: 0x000078ace202c8aa: LLVMBuildLoad+0x000000000000003a in /home/wangjing/.javacpp/cache/llvm-13.0.1-1.5.7-linux-x86_64.jar/org/bytedeco/llvm/linux-x86_64/libLLVM-13.so at 0x000078ace1400000
stack at sp + 1 slots: 0x000078acf4003670 points into unknown readable memory: 0x000078ab62d80078 | 78 00 d8 62 ab 78 00 00
stack at sp + 2 slots: 0x0 is null
stack at sp + 3 slots: 0x0 is null
stack at sp + 4 slots: 0x0 is null
stack at sp + 5 slots: 0x0000000000000103 is an unknown value
stack at sp + 6 slots: 0x0 is null
stack at sp + 7 slots: 0x0 is null


---------------  P R O C E S S  ---------------

Threads class SMR info:
_java_thread_list=0x000078ad88215ff0, length=14, elements={
0x000078ad8802caa0, 0x000078ad88152a70, 0x000078ad881540c0, 0x000078ad88155ba0,
0x000078ad881571e0, 0x000078ad88158780, 0x000078ad8815a2c0, 0x000078ad8815b980,
0x000078ad88175fc0, 0x000078ad881b25d0, 0x000078ad881c6320, 0x000078acec099880,
0x000078ad881ddc70, 0x000078ad882153f0
}

Java Threads: ( => current thread )
=>0x000078ad8802caa0 JavaThread "main"                              [_thread_in_native, id=31937, stack(0x000078ad8e500000,0x000078ad8e600000) (1024K)]
  0x000078ad88152a70 JavaThread "Reference Handler"          daemon [_thread_blocked, id=31956, stack(0x000078ad69596000,0x000078ad69696000) (1024K)]
  0x000078ad881540c0 JavaThread "Finalizer"                  daemon [_thread_blocked, id=31957, stack(0x000078ad69496000,0x000078ad69596000) (1024K)]
  0x000078ad88155ba0 JavaThread "Signal Dispatcher"          daemon [_thread_blocked, id=31958, stack(0x000078ad69396000,0x000078ad69496000) (1024K)]
  0x000078ad881571e0 JavaThread "Service Thread"             daemon [_thread_blocked, id=31959, stack(0x000078ad69296000,0x000078ad69396000) (1024K)]
  0x000078ad88158780 JavaThread "Monitor Deflation Thread"   daemon [_thread_blocked, id=31961, stack(0x000078ad69196000,0x000078ad69296000) (1024K)]
  0x000078ad8815a2c0 JavaThread "C2 CompilerThread0"         daemon [_thread_blocked, id=31963, stack(0x000078ad69096000,0x000078ad69196000) (1024K)]
  0x000078ad8815b980 JavaThread "C1 CompilerThread0"         daemon [_thread_blocked, id=31964, stack(0x000078ad68f96000,0x000078ad69096000) (1024K)]
  0x000078ad88175fc0 JavaThread "Common-Cleaner"             daemon [_thread_blocked, id=31965, stack(0x000078ad68dc6000,0x000078ad68ec6000) (1024K)]
  0x000078ad881b25d0 JavaThread "JDWP Transport Listener: dt_socket" daemon [_thread_blocked, id=31966, stack(0x000078ad68cc6000,0x000078ad68dc6000) (1024K)]
  0x000078ad881c6320 JavaThread "JDWP Event Helper Thread"   daemon [_thread_blocked, id=31968, stack(0x000078ad68bc6000,0x000078ad68cc6000) (1024K)]
  0x000078acec099880 JavaThread "JDWP Command Reader"        daemon [_thread_in_native, id=31970, stack(0x000078ad68ac6000,0x000078ad68bc6000) (1024K)]
  0x000078ad881ddc70 JavaThread "Notification Thread"        daemon [_thread_blocked, id=31974, stack(0x000078ad689c6000,0x000078ad68ac6000) (1024K)]
  0x000078ad882153f0 JavaThread "JavaCPP Deallocator"        daemon [_thread_blocked, id=31975, stack(0x000078ad688c6000,0x000078ad689c6000) (1024K)]
Total: 14

Other Threads:
  0x000078ad88146070 VMThread "VM Thread"                           [id=31955, stack(0x000078ad69697000,0x000078ad69797000) (1024K)]
  0x000078ad8812c0e0 WatcherThread "VM Periodic Task Thread"        [id=31947, stack(0x000078ad69798000,0x000078ad69898000) (1024K)]
  0x000078ad880955f0 WorkerThread "GC Thread#0"                     [id=31938, stack(0x000078ad8c213000,0x000078ad8c313000) (1024K)]
  0x000078ad880a64f0 ConcurrentGCThread "G1 Main Marker"            [id=31939, stack(0x000078ad8c112000,0x000078ad8c212000) (1024K)]
  0x000078ad880a7490 WorkerThread "G1 Conc#0"                       [id=31940, stack(0x000078ad8c011000,0x000078ad8c111000) (1024K)]
  0x000078ad88119340 ConcurrentGCThread "G1 Refine#0"               [id=31941, stack(0x000078ad69a1b000,0x000078ad69b1b000) (1024K)]
  0x000078ad8811a2f0 ConcurrentGCThread "G1 Service"                [id=31943, stack(0x000078ad6991a000,0x000078ad69a1a000) (1024K)]
Total: 7

Threads with active compile tasks:
Total: 0

VM state: not at safepoint (normal execution)

VM Mutex/Monitor currently owned by a thread: None

Heap address: 0x0000000706c00000, size: 3988 MB, Compressed Oops mode: Zero based, Oop shift amount: 3

CDS archive(s) mapped at: [0x000078ad13000000-0x000078ad13ca6000-0x000078ad13ca6000), size 13262848, SharedBaseAddress: 0x000078ad13000000, ArchiveRelocationMode: 1.
Compressed class space mapped at: 0x000078ad14000000-0x000078ad54000000, reserved size: 1073741824
Narrow klass base: 0x000078ad13000000, Narrow klass shift: 0, Narrow klass range: 0x100000000

GC Precious Log:
 CardTable entry size: 512
 Card Set container configuration: InlinePtr #cards 4 size 8 Array Of Cards #cards 16 size 48 Howl #buckets 8 coarsen threshold 3686 Howl Bitmap #cards 512 size 80 coarsen threshold 460 Card regions per heap region 1 cards per card region 4096
 CPUs: 2 total, 2 available
 Memory: 15948M
 Large Page Support: Disabled
 NUMA Support: Disabled
 Compressed Oops: Enabled (Zero based)
 Heap Region Size: 2M
 Heap Min Capacity: 8M
 Heap Initial Capacity: 250M
 Heap Max Capacity: 3988M
 Pre-touch: Disabled
 Parallel Workers: 2
 Concurrent Workers: 1
 Concurrent Refinement Workers: 2
 Periodic GC: Disabled

Heap:
 garbage-first heap   total 258048K, used 9245K [0x0000000706c00000, 0x0000000800000000)
  region size 2048K, 6 young (12288K), 0 survivors (0K)
 Metaspace       used 3663K, committed 3840K, reserved 1114112K
  class space    used 400K, committed 512K, reserved 1048576K

Heap Regions: E=young(eden), S=young(survivor), O=old, HS=humongous(starts), HC=humongous(continues), CS=collection set, F=free, TAMS=top-at-mark-start, PB=parsable bottom
|   0|0x0000000706c00000, 0x0000000706c00000, 0x0000000706e00000|  0%| F|  |TAMS 0x0000000706c00000| PB 0x0000000706c00000| Untracked 
|   1|0x0000000706e00000, 0x0000000706e00000, 0x0000000707000000|  0%| F|  |TAMS 0x0000000706e00000| PB 0x0000000706e00000| Untracked 
|   2|0x0000000707000000, 0x0000000707000000, 0x0000000707200000|  0%| F|  |TAMS 0x0000000707000000| PB 0x0000000707000000| Untracked 
|   3|0x0000000707200000, 0x0000000707200000, 0x0000000707400000|  0%| F|  |TAMS 0x0000000707200000| PB 0x0000000707200000| Untracked 
|   4|0x0000000707400000, 0x0000000707400000, 0x0000000707600000|  0%| F|  |TAMS 0x0000000707400000| PB 0x0000000707400000| Untracked 
|   5|0x0000000707600000, 0x0000000707600000, 0x0000000707800000|  0%| F|  |TAMS 0x0000000707600000| PB 0x0000000707600000| Untracked 
|   6|0x0000000707800000, 0x0000000707800000, 0x0000000707a00000|  0%| F|  |TAMS 0x0000000707800000| PB 0x0000000707800000| Untracked 
|   7|0x0000000707a00000, 0x0000000707a00000, 0x0000000707c00000|  0%| F|  |TAMS 0x0000000707a00000| PB 0x0000000707a00000| Untracked 
|   8|0x0000000707c00000, 0x0000000707c00000, 0x0000000707e00000|  0%| F|  |TAMS 0x0000000707c00000| PB 0x0000000707c00000| Untracked 
|   9|0x0000000707e00000, 0x0000000707e00000, 0x0000000708000000|  0%| F|  |TAMS 0x0000000707e00000| PB 0x0000000707e00000| Untracked 
|  10|0x0000000708000000, 0x0000000708000000, 0x0000000708200000|  0%| F|  |TAMS 0x0000000708000000| PB 0x0000000708000000| Untracked 
|  11|0x0000000708200000, 0x0000000708200000, 0x0000000708400000|  0%| F|  |TAMS 0x0000000708200000| PB 0x0000000708200000| Untracked 
|  12|0x0000000708400000, 0x0000000708400000, 0x0000000708600000|  0%| F|  |TAMS 0x0000000708400000| PB 0x0000000708400000| Untracked 
|  13|0x0000000708600000, 0x0000000708600000, 0x0000000708800000|  0%| F|  |TAMS 0x0000000708600000| PB 0x0000000708600000| Untracked 
|  14|0x0000000708800000, 0x0000000708800000, 0x0000000708a00000|  0%| F|  |TAMS 0x0000000708800000| PB 0x0000000708800000| Untracked 
|  15|0x0000000708a00000, 0x0000000708a00000, 0x0000000708c00000|  0%| F|  |TAMS 0x0000000708a00000| PB 0x0000000708a00000| Untracked 
|  16|0x0000000708c00000, 0x0000000708c00000, 0x0000000708e00000|  0%| F|  |TAMS 0x0000000708c00000| PB 0x0000000708c00000| Untracked 
|  17|0x0000000708e00000, 0x0000000708e00000, 0x0000000709000000|  0%| F|  |TAMS 0x0000000708e00000| PB 0x0000000708e00000| Untracked 
|  18|0x0000000709000000, 0x0000000709000000, 0x0000000709200000|  0%| F|  |TAMS 0x0000000709000000| PB 0x0000000709000000| Untracked 
|  19|0x0000000709200000, 0x0000000709200000, 0x0000000709400000|  0%| F|  |TAMS 0x0000000709200000| PB 0x0000000709200000| Untracked 
|  20|0x0000000709400000, 0x0000000709400000, 0x0000000709600000|  0%| F|  |TAMS 0x0000000709400000| PB 0x0000000709400000| Untracked 
|  21|0x0000000709600000, 0x0000000709600000, 0x0000000709800000|  0%| F|  |TAMS 0x0000000709600000| PB 0x0000000709600000| Untracked 
|  22|0x0000000709800000, 0x0000000709800000, 0x0000000709a00000|  0%| F|  |TAMS 0x0000000709800000| PB 0x0000000709800000| Untracked 
|  23|0x0000000709a00000, 0x0000000709a00000, 0x0000000709c00000|  0%| F|  |TAMS 0x0000000709a00000| PB 0x0000000709a00000| Untracked 
|  24|0x0000000709c00000, 0x0000000709c00000, 0x0000000709e00000|  0%| F|  |TAMS 0x0000000709c00000| PB 0x0000000709c00000| Untracked 
|  25|0x0000000709e00000, 0x0000000709e00000, 0x000000070a000000|  0%| F|  |TAMS 0x0000000709e00000| PB 0x0000000709e00000| Untracked 
|  26|0x000000070a000000, 0x000000070a000000, 0x000000070a200000|  0%| F|  |TAMS 0x000000070a000000| PB 0x000000070a000000| Untracked 
|  27|0x000000070a200000, 0x000000070a200000, 0x000000070a400000|  0%| F|  |TAMS 0x000000070a200000| PB 0x000000070a200000| Untracked 
|  28|0x000000070a400000, 0x000000070a400000, 0x000000070a600000|  0%| F|  |TAMS 0x000000070a400000| PB 0x000000070a400000| Untracked 
|  29|0x000000070a600000, 0x000000070a600000, 0x000000070a800000|  0%| F|  |TAMS 0x000000070a600000| PB 0x000000070a600000| Untracked 
|  30|0x000000070a800000, 0x000000070a800000, 0x000000070aa00000|  0%| F|  |TAMS 0x000000070a800000| PB 0x000000070a800000| Untracked 
|  31|0x000000070aa00000, 0x000000070aa00000, 0x000000070ac00000|  0%| F|  |TAMS 0x000000070aa00000| PB 0x000000070aa00000| Untracked 
|  32|0x000000070ac00000, 0x000000070ac00000, 0x000000070ae00000|  0%| F|  |TAMS 0x000000070ac00000| PB 0x000000070ac00000| Untracked 
|  33|0x000000070ae00000, 0x000000070ae00000, 0x000000070b000000|  0%| F|  |TAMS 0x000000070ae00000| PB 0x000000070ae00000| Untracked 
|  34|0x000000070b000000, 0x000000070b000000, 0x000000070b200000|  0%| F|  |TAMS 0x000000070b000000| PB 0x000000070b000000| Untracked 
|  35|0x000000070b200000, 0x000000070b200000, 0x000000070b400000|  0%| F|  |TAMS 0x000000070b200000| PB 0x000000070b200000| Untracked 
|  36|0x000000070b400000, 0x000000070b400000, 0x000000070b600000|  0%| F|  |TAMS 0x000000070b400000| PB 0x000000070b400000| Untracked 
|  37|0x000000070b600000, 0x000000070b600000, 0x000000070b800000|  0%| F|  |TAMS 0x000000070b600000| PB 0x000000070b600000| Untracked 
|  38|0x000000070b800000, 0x000000070b800000, 0x000000070ba00000|  0%| F|  |TAMS 0x000000070b800000| PB 0x000000070b800000| Untracked 
|  39|0x000000070ba00000, 0x000000070ba00000, 0x000000070bc00000|  0%| F|  |TAMS 0x000000070ba00000| PB 0x000000070ba00000| Untracked 
|  40|0x000000070bc00000, 0x000000070bc00000, 0x000000070be00000|  0%| F|  |TAMS 0x000000070bc00000| PB 0x000000070bc00000| Untracked 
|  41|0x000000070be00000, 0x000000070be00000, 0x000000070c000000|  0%| F|  |TAMS 0x000000070be00000| PB 0x000000070be00000| Untracked 
|  42|0x000000070c000000, 0x000000070c000000, 0x000000070c200000|  0%| F|  |TAMS 0x000000070c000000| PB 0x000000070c000000| Untracked 
|  43|0x000000070c200000, 0x000000070c200000, 0x000000070c400000|  0%| F|  |TAMS 0x000000070c200000| PB 0x000000070c200000| Untracked 
|  44|0x000000070c400000, 0x000000070c400000, 0x000000070c600000|  0%| F|  |TAMS 0x000000070c400000| PB 0x000000070c400000| Untracked 
|  45|0x000000070c600000, 0x000000070c600000, 0x000000070c800000|  0%| F|  |TAMS 0x000000070c600000| PB 0x000000070c600000| Untracked 
|  46|0x000000070c800000, 0x000000070c800000, 0x000000070ca00000|  0%| F|  |TAMS 0x000000070c800000| PB 0x000000070c800000| Untracked 
|  47|0x000000070ca00000, 0x000000070ca00000, 0x000000070cc00000|  0%| F|  |TAMS 0x000000070ca00000| PB 0x000000070ca00000| Untracked 
|  48|0x000000070cc00000, 0x000000070cc00000, 0x000000070ce00000|  0%| F|  |TAMS 0x000000070cc00000| PB 0x000000070cc00000| Untracked 
|  49|0x000000070ce00000, 0x000000070ce00000, 0x000000070d000000|  0%| F|  |TAMS 0x000000070ce00000| PB 0x000000070ce00000| Untracked 
|  50|0x000000070d000000, 0x000000070d000000, 0x000000070d200000|  0%| F|  |TAMS 0x000000070d000000| PB 0x000000070d000000| Untracked 
|  51|0x000000070d200000, 0x000000070d200000, 0x000000070d400000|  0%| F|  |TAMS 0x000000070d200000| PB 0x000000070d200000| Untracked 
|  52|0x000000070d400000, 0x000000070d400000, 0x000000070d600000|  0%| F|  |TAMS 0x000000070d400000| PB 0x000000070d400000| Untracked 
|  53|0x000000070d600000, 0x000000070d600000, 0x000000070d800000|  0%| F|  |TAMS 0x000000070d600000| PB 0x000000070d600000| Untracked 
|  54|0x000000070d800000, 0x000000070d800000, 0x000000070da00000|  0%| F|  |TAMS 0x000000070d800000| PB 0x000000070d800000| Untracked 
|  55|0x000000070da00000, 0x000000070da00000, 0x000000070dc00000|  0%| F|  |TAMS 0x000000070da00000| PB 0x000000070da00000| Untracked 
|  56|0x000000070dc00000, 0x000000070dc00000, 0x000000070de00000|  0%| F|  |TAMS 0x000000070dc00000| PB 0x000000070dc00000| Untracked 
|  57|0x000000070de00000, 0x000000070de00000, 0x000000070e000000|  0%| F|  |TAMS 0x000000070de00000| PB 0x000000070de00000| Untracked 
|  58|0x000000070e000000, 0x000000070e000000, 0x000000070e200000|  0%| F|  |TAMS 0x000000070e000000| PB 0x000000070e000000| Untracked 
|  59|0x000000070e200000, 0x000000070e200000, 0x000000070e400000|  0%| F|  |TAMS 0x000000070e200000| PB 0x000000070e200000| Untracked 
|  60|0x000000070e400000, 0x000000070e400000, 0x000000070e600000|  0%| F|  |TAMS 0x000000070e400000| PB 0x000000070e400000| Untracked 
|  61|0x000000070e600000, 0x000000070e600000, 0x000000070e800000|  0%| F|  |TAMS 0x000000070e600000| PB 0x000000070e600000| Untracked 
|  62|0x000000070e800000, 0x000000070e800000, 0x000000070ea00000|  0%| F|  |TAMS 0x000000070e800000| PB 0x000000070e800000| Untracked 
|  63|0x000000070ea00000, 0x000000070ea00000, 0x000000070ec00000|  0%| F|  |TAMS 0x000000070ea00000| PB 0x000000070ea00000| Untracked 
|  64|0x000000070ec00000, 0x000000070ec00000, 0x000000070ee00000|  0%| F|  |TAMS 0x000000070ec00000| PB 0x000000070ec00000| Untracked 
|  65|0x000000070ee00000, 0x000000070ee00000, 0x000000070f000000|  0%| F|  |TAMS 0x000000070ee00000| PB 0x000000070ee00000| Untracked 
|  66|0x000000070f000000, 0x000000070f000000, 0x000000070f200000|  0%| F|  |TAMS 0x000000070f000000| PB 0x000000070f000000| Untracked 
|  67|0x000000070f200000, 0x000000070f200000, 0x000000070f400000|  0%| F|  |TAMS 0x000000070f200000| PB 0x000000070f200000| Untracked 
|  68|0x000000070f400000, 0x000000070f400000, 0x000000070f600000|  0%| F|  |TAMS 0x000000070f400000| PB 0x000000070f400000| Untracked 
|  69|0x000000070f600000, 0x000000070f600000, 0x000000070f800000|  0%| F|  |TAMS 0x000000070f600000| PB 0x000000070f600000| Untracked 
|  70|0x000000070f800000, 0x000000070f800000, 0x000000070fa00000|  0%| F|  |TAMS 0x000000070f800000| PB 0x000000070f800000| Untracked 
|  71|0x000000070fa00000, 0x000000070fa00000, 0x000000070fc00000|  0%| F|  |TAMS 0x000000070fa00000| PB 0x000000070fa00000| Untracked 
|  72|0x000000070fc00000, 0x000000070fc00000, 0x000000070fe00000|  0%| F|  |TAMS 0x000000070fc00000| PB 0x000000070fc00000| Untracked 
|  73|0x000000070fe00000, 0x000000070fe00000, 0x0000000710000000|  0%| F|  |TAMS 0x000000070fe00000| PB 0x000000070fe00000| Untracked 
|  74|0x0000000710000000, 0x0000000710000000, 0x0000000710200000|  0%| F|  |TAMS 0x0000000710000000| PB 0x0000000710000000| Untracked 
|  75|0x0000000710200000, 0x0000000710200000, 0x0000000710400000|  0%| F|  |TAMS 0x0000000710200000| PB 0x0000000710200000| Untracked 
|  76|0x0000000710400000, 0x0000000710400000, 0x0000000710600000|  0%| F|  |TAMS 0x0000000710400000| PB 0x0000000710400000| Untracked 
|  77|0x0000000710600000, 0x0000000710600000, 0x0000000710800000|  0%| F|  |TAMS 0x0000000710600000| PB 0x0000000710600000| Untracked 
|  78|0x0000000710800000, 0x0000000710800000, 0x0000000710a00000|  0%| F|  |TAMS 0x0000000710800000| PB 0x0000000710800000| Untracked 
|  79|0x0000000710a00000, 0x0000000710a00000, 0x0000000710c00000|  0%| F|  |TAMS 0x0000000710a00000| PB 0x0000000710a00000| Untracked 
|  80|0x0000000710c00000, 0x0000000710c00000, 0x0000000710e00000|  0%| F|  |TAMS 0x0000000710c00000| PB 0x0000000710c00000| Untracked 
|  81|0x0000000710e00000, 0x0000000710e00000, 0x0000000711000000|  0%| F|  |TAMS 0x0000000710e00000| PB 0x0000000710e00000| Untracked 
|  82|0x0000000711000000, 0x0000000711000000, 0x0000000711200000|  0%| F|  |TAMS 0x0000000711000000| PB 0x0000000711000000| Untracked 
|  83|0x0000000711200000, 0x0000000711200000, 0x0000000711400000|  0%| F|  |TAMS 0x0000000711200000| PB 0x0000000711200000| Untracked 
|  84|0x0000000711400000, 0x0000000711400000, 0x0000000711600000|  0%| F|  |TAMS 0x0000000711400000| PB 0x0000000711400000| Untracked 
|  85|0x0000000711600000, 0x0000000711600000, 0x0000000711800000|  0%| F|  |TAMS 0x0000000711600000| PB 0x0000000711600000| Untracked 
|  86|0x0000000711800000, 0x0000000711800000, 0x0000000711a00000|  0%| F|  |TAMS 0x0000000711800000| PB 0x0000000711800000| Untracked 
|  87|0x0000000711a00000, 0x0000000711a00000, 0x0000000711c00000|  0%| F|  |TAMS 0x0000000711a00000| PB 0x0000000711a00000| Untracked 
|  88|0x0000000711c00000, 0x0000000711c00000, 0x0000000711e00000|  0%| F|  |TAMS 0x0000000711c00000| PB 0x0000000711c00000| Untracked 
|  89|0x0000000711e00000, 0x0000000711e00000, 0x0000000712000000|  0%| F|  |TAMS 0x0000000711e00000| PB 0x0000000711e00000| Untracked 
|  90|0x0000000712000000, 0x0000000712000000, 0x0000000712200000|  0%| F|  |TAMS 0x0000000712000000| PB 0x0000000712000000| Untracked 
|  91|0x0000000712200000, 0x0000000712200000, 0x0000000712400000|  0%| F|  |TAMS 0x0000000712200000| PB 0x0000000712200000| Untracked 
|  92|0x0000000712400000, 0x0000000712400000, 0x0000000712600000|  0%| F|  |TAMS 0x0000000712400000| PB 0x0000000712400000| Untracked 
|  93|0x0000000712600000, 0x0000000712600000, 0x0000000712800000|  0%| F|  |TAMS 0x0000000712600000| PB 0x0000000712600000| Untracked 
|  94|0x0000000712800000, 0x0000000712800000, 0x0000000712a00000|  0%| F|  |TAMS 0x0000000712800000| PB 0x0000000712800000| Untracked 
|  95|0x0000000712a00000, 0x0000000712a00000, 0x0000000712c00000|  0%| F|  |TAMS 0x0000000712a00000| PB 0x0000000712a00000| Untracked 
|  96|0x0000000712c00000, 0x0000000712c00000, 0x0000000712e00000|  0%| F|  |TAMS 0x0000000712c00000| PB 0x0000000712c00000| Untracked 
|  97|0x0000000712e00000, 0x0000000712e00000, 0x0000000713000000|  0%| F|  |TAMS 0x0000000712e00000| PB 0x0000000712e00000| Untracked 
|  98|0x0000000713000000, 0x0000000713000000, 0x0000000713200000|  0%| F|  |TAMS 0x0000000713000000| PB 0x0000000713000000| Untracked 
|  99|0x0000000713200000, 0x0000000713200000, 0x0000000713400000|  0%| F|  |TAMS 0x0000000713200000| PB 0x0000000713200000| Untracked 
| 100|0x0000000713400000, 0x0000000713400000, 0x0000000713600000|  0%| F|  |TAMS 0x0000000713400000| PB 0x0000000713400000| Untracked 
| 101|0x0000000713600000, 0x0000000713600000, 0x0000000713800000|  0%| F|  |TAMS 0x0000000713600000| PB 0x0000000713600000| Untracked 
| 102|0x0000000713800000, 0x0000000713800000, 0x0000000713a00000|  0%| F|  |TAMS 0x0000000713800000| PB 0x0000000713800000| Untracked 
| 103|0x0000000713a00000, 0x0000000713a00000, 0x0000000713c00000|  0%| F|  |TAMS 0x0000000713a00000| PB 0x0000000713a00000| Untracked 
| 104|0x0000000713c00000, 0x0000000713c00000, 0x0000000713e00000|  0%| F|  |TAMS 0x0000000713c00000| PB 0x0000000713c00000| Untracked 
| 105|0x0000000713e00000, 0x0000000713e00000, 0x0000000714000000|  0%| F|  |TAMS 0x0000000713e00000| PB 0x0000000713e00000| Untracked 
| 106|0x0000000714000000, 0x0000000714000000, 0x0000000714200000|  0%| F|  |TAMS 0x0000000714000000| PB 0x0000000714000000| Untracked 
| 107|0x0000000714200000, 0x0000000714200000, 0x0000000714400000|  0%| F|  |TAMS 0x0000000714200000| PB 0x0000000714200000| Untracked 
| 108|0x0000000714400000, 0x0000000714400000, 0x0000000714600000|  0%| F|  |TAMS 0x0000000714400000| PB 0x0000000714400000| Untracked 
| 109|0x0000000714600000, 0x0000000714600000, 0x0000000714800000|  0%| F|  |TAMS 0x0000000714600000| PB 0x0000000714600000| Untracked 
| 110|0x0000000714800000, 0x0000000714800000, 0x0000000714a00000|  0%| F|  |TAMS 0x0000000714800000| PB 0x0000000714800000| Untracked 
| 111|0x0000000714a00000, 0x0000000714a00000, 0x0000000714c00000|  0%| F|  |TAMS 0x0000000714a00000| PB 0x0000000714a00000| Untracked 
| 112|0x0000000714c00000, 0x0000000714c00000, 0x0000000714e00000|  0%| F|  |TAMS 0x0000000714c00000| PB 0x0000000714c00000| Untracked 
| 113|0x0000000714e00000, 0x0000000714e00000, 0x0000000715000000|  0%| F|  |TAMS 0x0000000714e00000| PB 0x0000000714e00000| Untracked 
| 114|0x0000000715000000, 0x0000000715000000, 0x0000000715200000|  0%| F|  |TAMS 0x0000000715000000| PB 0x0000000715000000| Untracked 
| 115|0x0000000715200000, 0x0000000715200000, 0x0000000715400000|  0%| F|  |TAMS 0x0000000715200000| PB 0x0000000715200000| Untracked 
| 116|0x0000000715400000, 0x0000000715400000, 0x0000000715600000|  0%| F|  |TAMS 0x0000000715400000| PB 0x0000000715400000| Untracked 
| 117|0x0000000715600000, 0x0000000715600000, 0x0000000715800000|  0%| F|  |TAMS 0x0000000715600000| PB 0x0000000715600000| Untracked 
| 118|0x0000000715800000, 0x0000000715800000, 0x0000000715a00000|  0%| F|  |TAMS 0x0000000715800000| PB 0x0000000715800000| Untracked 
| 119|0x0000000715a00000, 0x0000000715bd6d28, 0x0000000715c00000| 91%| E|  |TAMS 0x0000000715a00000| PB 0x0000000715a00000| Complete 
| 120|0x0000000715c00000, 0x0000000715e00000, 0x0000000715e00000|100%| E|  |TAMS 0x0000000715c00000| PB 0x0000000715c00000| Complete 
| 121|0x0000000715e00000, 0x0000000716000000, 0x0000000716000000|100%| E|CS|TAMS 0x0000000715e00000| PB 0x0000000715e00000| Complete 
| 122|0x0000000716000000, 0x0000000716200000, 0x0000000716200000|100%| E|CS|TAMS 0x0000000716000000| PB 0x0000000716000000| Complete 
| 123|0x0000000716200000, 0x0000000716400000, 0x0000000716400000|100%| E|CS|TAMS 0x0000000716200000| PB 0x0000000716200000| Complete 
| 124|0x0000000716400000, 0x0000000716600000, 0x0000000716600000|100%| E|CS|TAMS 0x0000000716400000| PB 0x0000000716400000| Complete 
|1993|0x00000007ffe00000, 0x00000007fff07778, 0x0000000800000000| 51%| O|  |TAMS 0x00000007ffe00000| PB 0x00000007ffe00000| Untracked 

Card table byte_map: [0x000078ad6fa6c000,0x000078ad70236000] _byte_map_base: 0x000078ad6c236000

Marking Bits: (CMBitMap*) 0x000078ad88096110
 Bits: [0x000078ad6bc1c000, 0x000078ad6fa6c000)

Polling page: 0x000078ad8e9e5000

Metaspace:

Usage:
  Non-class:      3.19 MB used.
      Class:    400.05 KB used.
       Both:      3.58 MB used.

Virtual space:
  Non-class space:       64.00 MB reserved,       3.25 MB (  5%) committed,  1 nodes.
      Class space:        1.00 GB reserved,     512.00 KB ( <1%) committed,  1 nodes.
             Both:        1.06 GB reserved,       3.75 MB ( <1%) committed. 

Chunk freelists:
   Non-Class:  10.33 MB
       Class:  15.48 MB
        Both:  25.81 MB

MaxMetaspaceSize: unlimited
CompressedClassSpaceSize: 1.00 GB
Initial GC threshold: 21.00 MB
Current GC threshold: 21.00 MB
CDS: on
 - commit_granule_bytes: 65536.
 - commit_granule_words: 8192.
 - virtual_space_node_default_size: 8388608.
 - enlarge_chunks_in_place: 1.
 - use_allocation_guard: 0.


Internal statistics:

num_allocs_failed_limit: 0.
num_arena_births: 36.
num_arena_deaths: 0.
num_vsnodes_births: 2.
num_vsnodes_deaths: 0.
num_space_committed: 60.
num_space_uncommitted: 0.
num_chunks_returned_to_freelist: 0.
num_chunks_taken_from_freelist: 104.
num_chunk_merges: 0.
num_chunk_splits: 89.
num_chunks_enlarged: 77.
num_inconsistent_stats: 0.

CodeHeap 'non-profiled nmethods': size=120036Kb used=223Kb max_used=223Kb free=119812Kb
 bounds [0x000078ad784c7000, 0x000078ad78737000, 0x000078ad7fa00000]
CodeHeap 'profiled nmethods': size=120032Kb used=1218Kb max_used=1218Kb free=118814Kb
 bounds [0x000078ad70a00000, 0x000078ad70c70000, 0x000078ad77f38000]
CodeHeap 'non-nmethods': size=5692Kb used=1516Kb max_used=1530Kb free=4176Kb
 bounds [0x000078ad77f38000, 0x000078ad781a8000, 0x000078ad784c7000]
 total_blobs=1174 nmethods=707 adapters=373
 compilation: enabled
              stopped_count=0, restarted_count=0
 full_count=0

Compilation events (20 events):
Event: 0.692 Thread 0x000078ad8815a2c0 nmethod 695 0x000078ad784fc690 code [0x000078ad784fc820, 0x000078ad784fc8f8]
Event: 0.693 Thread 0x000078ad8815b980 nmethod 697 0x000078ad70b26910 code [0x000078ad70b26d00, 0x000078ad70b28a68]
Event: 0.693 Thread 0x000078ad8815b980  698       3       java.lang.ThreadLocal::getMap (5 bytes)
Event: 0.693 Thread 0x000078ad8815b980 nmethod 698 0x000078ad70b29b10 code [0x000078ad70b29ca0, 0x000078ad70b29db0]
Event: 0.694 Thread 0x000078ad8815b980  699       3       java.lang.ClassLoader::definePackage (85 bytes)
Event: 0.694 Thread 0x000078ad8815b980 nmethod 699 0x000078ad70b29e90 code [0x000078ad70b2a160, 0x000078ad70b2b020]
Event: 0.694 Thread 0x000078ad8815b980  700       3       java.lang.Package::isSealed (26 bytes)
Event: 0.694 Thread 0x000078ad8815b980 nmethod 700 0x000078ad70b2b510 code [0x000078ad70b2b6c0, 0x000078ad70b2b9c0]
Event: 0.694 Thread 0x000078ad8815b980  701       3       jdk.internal.loader.BuiltinClassLoader::isSealed (71 bytes)
Event: 0.695 Thread 0x000078ad8815b980 nmethod 701 0x000078ad70b2bb10 code [0x000078ad70b2bf80, 0x000078ad70b2dd70]
Event: 0.696 Thread 0x000078ad8815b980  702       3       java.lang.ThreadLocal::get (35 bytes)
Event: 0.696 Thread 0x000078ad8815b980 nmethod 702 0x000078ad70b2ea10 code [0x000078ad70b2ebe0, 0x000078ad70b2ef20]
Event: 0.781 Thread 0x000078ad8815a2c0  703       4       java.util.HashMap::put (13 bytes)
Event: 0.793 Thread 0x000078ad8815a2c0 nmethod 703 0x000078ad784fca10 code [0x000078ad784fcc80, 0x000078ad784fdf78]
Event: 0.813 Thread 0x000078ad8815b980  704       3       java.lang.invoke.MethodTypeForm::canonicalizeAll (63 bytes)
Event: 0.814 Thread 0x000078ad8815b980 nmethod 704 0x000078ad70b2f090 code [0x000078ad70b2f280, 0x000078ad70b2f8d8]
Event: 0.814 Thread 0x000078ad8815b980  705       3       java.lang.invoke.MethodTypeForm::canonicalize (59 bytes)
Event: 0.814 Thread 0x000078ad8815b980 nmethod 705 0x000078ad70b2fa90 code [0x000078ad70b2fc60, 0x000078ad70b2ff78]
Event: 0.815 Thread 0x000078ad8815b980  706       3       java.lang.invoke.MethodType$ConcurrentWeakInternSet$WeakEntry::<init> (15 bytes)
Event: 0.816 Thread 0x000078ad8815b980 nmethod 706 0x000078ad70b30090 code [0x000078ad70b30260, 0x000078ad70b30690]

GC Heap History (0 events):
No events

Dll operation events (13 events):
Event: 0.005 Loaded shared library /home/wangjing/.jdks/openjdk-21.0.2/lib/libjava.so
Event: 0.005 Loaded shared library /home/wangjing/.jdks/openjdk-21.0.2/lib/libzip.so
Event: 0.101 Loaded shared library /home/wangjing/.jdks/openjdk-21.0.2/lib/libjsvml.so
Event: 0.271 Loaded shared library /home/wangjing/.jdks/openjdk-21.0.2/lib/libinstrument.so
Event: 0.336 Loaded shared library /home/wangjing/.jdks/openjdk-21.0.2/lib/libnio.so
Event: 0.347 Loaded shared library /home/wangjing/.jdks/openjdk-21.0.2/lib/libzip.so
Event: 0.394 Loaded shared library /home/wangjing/.jdks/openjdk-21.0.2/lib/libjimage.so
Event: 0.457 Loaded shared library /home/wangjing/.javacpp/cache/javacpp-1.5.7-linux-x86_64.jar/org/bytedeco/javacpp/linux-x86_64/libjnijavacpp.so
Event: 0.485 Loaded shared library /home/wangjing/.jdks/openjdk-21.0.2/lib/libnet.so
Event: 0.630 Loaded shared library /home/wangjing/.javacpp/cache/llvm-13.0.1-1.5.7-linux-x86_64.jar/org/bytedeco/llvm/linux-x86_64/libLLVM-13.so
Event: 0.633 Loaded shared library /home/wangjing/.javacpp/cache/llvm-13.0.1-1.5.7-linux-x86_64.jar/org/bytedeco/llvm/linux-x86_64/libLTO.so.13
Event: 0.636 Loaded shared library /home/wangjing/.javacpp/cache/llvm-13.0.1-1.5.7-linux-x86_64.jar/org/bytedeco/llvm/linux-x86_64/libRemarks.so.13
Event: 0.637 Loaded shared library /home/wangjing/.javacpp/cache/llvm-13.0.1-1.5.7-linux-x86_64.jar/org/bytedeco/llvm/linux-x86_64/libjniLLVM.so

Deoptimization events (20 events):
Event: 0.619 Thread 0x000078ad8802caa0 DEOPT PACKING pc=0x000078ad70aa3d3c sp=0x000078ad8e5fd770
Event: 0.619 Thread 0x000078ad8802caa0 DEOPT UNPACKING pc=0x000078ad77f9014f sp=0x000078ad8e5fccd8 mode 1
Event: 0.619 Thread 0x000078ad8802caa0 DEOPT PACKING pc=0x000078ad70aa015c sp=0x000078ad8e5fd4a0
Event: 0.619 Thread 0x000078ad8802caa0 DEOPT UNPACKING pc=0x000078ad77f9014f sp=0x000078ad8e5fc9a0 mode 1
Event: 0.619 Thread 0x000078ad8802caa0 DEOPT PACKING pc=0x000078ad70aa015c sp=0x000078ad8e5fd4a0
Event: 0.619 Thread 0x000078ad8802caa0 DEOPT UNPACKING pc=0x000078ad77f9014f sp=0x000078ad8e5fc9a0 mode 1
Event: 0.619 Thread 0x000078ad8802caa0 DEOPT PACKING pc=0x000078ad70aa015c sp=0x000078ad8e5fd4a0
Event: 0.619 Thread 0x000078ad8802caa0 DEOPT UNPACKING pc=0x000078ad77f9014f sp=0x000078ad8e5fc9a0 mode 1
Event: 0.619 Thread 0x000078ad8802caa0 DEOPT PACKING pc=0x000078ad70aa015c sp=0x000078ad8e5fd4a0
Event: 0.619 Thread 0x000078ad8802caa0 DEOPT UNPACKING pc=0x000078ad77f9014f sp=0x000078ad8e5fc9a0 mode 1
Event: 0.619 Thread 0x000078ad8802caa0 DEOPT PACKING pc=0x000078ad70aa015c sp=0x000078ad8e5fd4a0
Event: 0.619 Thread 0x000078ad8802caa0 DEOPT UNPACKING pc=0x000078ad77f9014f sp=0x000078ad8e5fc9a0 mode 1
Event: 0.619 Thread 0x000078ad8802caa0 DEOPT PACKING pc=0x000078ad70aa015c sp=0x000078ad8e5fd4a0
Event: 0.619 Thread 0x000078ad8802caa0 DEOPT UNPACKING pc=0x000078ad77f9014f sp=0x000078ad8e5fc9a0 mode 1
Event: 0.619 Thread 0x000078ad8802caa0 DEOPT PACKING pc=0x000078ad70aa015c sp=0x000078ad8e5fd4a0
Event: 0.619 Thread 0x000078ad8802caa0 DEOPT UNPACKING pc=0x000078ad77f9014f sp=0x000078ad8e5fc9a0 mode 1
Event: 0.619 Thread 0x000078ad8802caa0 DEOPT PACKING pc=0x000078ad70aa015c sp=0x000078ad8e5fd4a0
Event: 0.619 Thread 0x000078ad8802caa0 DEOPT UNPACKING pc=0x000078ad77f9014f sp=0x000078ad8e5fc9a0 mode 1
Event: 0.619 Thread 0x000078ad8802caa0 DEOPT PACKING pc=0x000078ad70aa015c sp=0x000078ad8e5fd4a0
Event: 0.619 Thread 0x000078ad8802caa0 DEOPT UNPACKING pc=0x000078ad77f9014f sp=0x000078ad8e5fc9a0 mode 1

Classes loaded (20 events):
Event: 0.691 Loading class org/bytedeco/llvm/LLVM/LLVMObjectFileRef
Event: 0.691 Loading class org/bytedeco/llvm/LLVM/LLVMObjectFileRef done
Event: 0.692 Loading class org/bytedeco/llvm/LLVM/LLVMTargetRef
Event: 0.692 Loading class org/bytedeco/llvm/LLVM/LLVMTargetRef done
Event: 0.693 Loading class org/bytedeco/llvm/LLVM/LLVMPassManagerBuilderRef
Event: 0.693 Loading class org/bytedeco/llvm/LLVM/LLVMPassManagerBuilderRef done
Event: 0.693 Loading class org/bytedeco/llvm/LLVM/LLVMPassBuilderOptionsRef
Event: 0.693 Loading class org/bytedeco/llvm/LLVM/LLVMPassBuilderOptionsRef done
Event: 0.693 Loading class org/bytedeco/llvm/LLVM/Pass
Event: 0.693 Loading class org/bytedeco/llvm/LLVM/Pass done
Event: 0.695 Loading class org/bytedeco/llvm/LLVM/LLVMNamedMDNodeRef
Event: 0.695 Loading class org/bytedeco/llvm/LLVM/LLVMNamedMDNodeRef done
Event: 0.696 Loading class org/bytedeco/llvm/LLVM/LLVMUseRef
Event: 0.696 Loading class org/bytedeco/llvm/LLVM/LLVMUseRef done
Event: 0.696 Loading class Scope
Event: 0.696 Loading class Scope done
Event: 0.781 Loading class com/intellij/rt/debugger/BatchEvaluatorServer
Event: 0.781 Loading class com/intellij/rt/debugger/BatchEvaluatorServer done
Event: 0.812 Loading class java/io/DataOutputStream
Event: 0.812 Loading class java/io/DataOutputStream done

Classes unloaded (0 events):
No events

Classes redefined (0 events):
No events

Internal exceptions (9 events):
Event: 0.271 Thread 0x000078ad8802caa0 Implicit null exception at 0x000078ad784d1ae3 to 0x000078ad784d1c50
Event: 0.272 Thread 0x000078ad8802caa0 Exception <a 'java/lang/NoSuchMethodError'{0x0000000716594230}: 'void java.lang.invoke.DirectMethodHandle$Holder.invokeStatic(java.lang.Object, java.lang.Object, java.lang.Object)'> (0x0000000716594230) 
thrown [open/src/hotspot/share/interpreter/linkResolver.cpp, line 772]
Event: 0.282 Thread 0x000078ad8802caa0 Exception <a 'java/lang/NoSuchMethodError'{0x00000007165ab5c8}: 'java.lang.Object java.lang.invoke.Invokers$Holder.invokeExact_MT(java.lang.Object, java.lang.Object, java.lang.Object, java.lang.Object, java.lang.Object)'> (0x00000007165ab5c8) 
thrown [open/src/hotspot/share/interpreter/linkResolver.cpp, line 772]
Event: 0.382 Thread 0x000078ad8802caa0 Exception <a 'java/lang/NoSuchMethodError'{0x000000071638f158}: 'int java.lang.invoke.DirectMethodHandle$Holder.invokeStaticInit(java.lang.Object, java.lang.Object, java.lang.Object, java.lang.Object)'> (0x000000071638f158) 
thrown [open/src/hotspot/share/interpreter/linkResolver.cpp, line 772]
Event: 0.385 Thread 0x000078ad8802caa0 Exception <a 'java/lang/NoSuchMethodError'{0x0000000716397ce0}: 'java.lang.Object java.lang.invoke.DirectMethodHandle$Holder.invokeInterface(java.lang.Object, java.lang.Object)'> (0x0000000716397ce0) 
thrown [open/src/hotspot/share/interpreter/linkResolver.cpp, line 772]
Event: 0.385 Thread 0x000078ad8802caa0 Exception <a 'java/lang/IncompatibleClassChangeError'{0x000000071639af48}: Found class java.lang.Object, but interface was expected> (0x000000071639af48) 
thrown [open/src/hotspot/share/interpreter/linkResolver.cpp, line 840]
Event: 0.386 Thread 0x000078ad8802caa0 Exception <a 'java/lang/NoSuchMethodError'{0x000000071639e100}: 'void java.lang.invoke.DirectMethodHandle$Holder.invokeStatic(java.lang.Object, java.lang.Object)'> (0x000000071639e100) 
thrown [open/src/hotspot/share/interpreter/linkResolver.cpp, line 772]
Event: 0.386 Thread 0x000078ad8802caa0 Exception <a 'java/lang/NoSuchMethodError'{0x00000007163a19f8}: 'void java.lang.invoke.DirectMethodHandle$Holder.invokeStaticInit(java.lang.Object, java.lang.Object)'> (0x00000007163a19f8) 
thrown [open/src/hotspot/share/interpreter/linkResolver.cpp, line 772]
Event: 0.388 Thread 0x000078ad8802caa0 Exception <a 'java/lang/NoSuchMethodError'{0x00000007163a94e8}: 'int java.lang.invoke.DirectMethodHandle$Holder.invokeStaticInit(java.lang.Object, java.lang.Object)'> (0x00000007163a94e8) 
thrown [open/src/hotspot/share/interpreter/linkResolver.cpp, line 772]

ZGC Phase Switch (0 events):
No events

VM Operations (20 events):
Event: 48.881 Executing VM operation: ChangeSingleStep
Event: 48.881 Executing VM operation: ChangeSingleStep done
Event: 48.882 Executing VM operation: ChangeSingleStep
Event: 48.882 Executing VM operation: ChangeSingleStep done
Event: 48.882 Executing VM operation: ChangeSingleStep
Event: 48.882 Executing VM operation: ChangeSingleStep done
Event: 48.882 Executing VM operation: ChangeSingleStep
Event: 48.882 Executing VM operation: ChangeSingleStep done
Event: 48.882 Executing VM operation: ChangeSingleStep
Event: 48.882 Executing VM operation: ChangeSingleStep done
Event: 48.882 Executing VM operation: ChangeSingleStep
Event: 48.882 Executing VM operation: ChangeSingleStep done
Event: 48.882 Executing VM operation: ChangeSingleStep
Event: 48.882 Executing VM operation: ChangeSingleStep done
Event: 48.882 Executing VM operation: ChangeSingleStep
Event: 48.882 Executing VM operation: ChangeSingleStep done
Event: 48.882 Executing VM operation: ChangeSingleStep
Event: 48.882 Executing VM operation: ChangeSingleStep done
Event: 48.882 Executing VM operation: ChangeSingleStep
Event: 48.882 Executing VM operation: ChangeSingleStep done

Events (20 events):
Event: 0.092 Thread 0x000078ad881571e0 Thread added: 0x000078ad881571e0
Event: 0.093 Protecting memory [0x000078ad69296000,0x000078ad6929a000] with protection modes 0
Event: 0.095 Thread 0x000078ad88158780 Thread added: 0x000078ad88158780
Event: 0.095 Protecting memory [0x000078ad69196000,0x000078ad6919a000] with protection modes 0
Event: 0.099 Thread 0x000078ad8815a2c0 Thread added: 0x000078ad8815a2c0
Event: 0.099 Protecting memory [0x000078ad69096000,0x000078ad6909a000] with protection modes 0
Event: 0.109 Thread 0x000078ad8815b980 Thread added: 0x000078ad8815b980
Event: 0.117 Protecting memory [0x000078ad68f96000,0x000078ad68f9a000] with protection modes 0
Event: 0.157 Thread 0x000078ad88175fc0 Thread added: 0x000078ad88175fc0
Event: 0.159 Protecting memory [0x000078ad68dc6000,0x000078ad68dca000] with protection modes 0
Event: 0.209 Thread 0x000078ad881b25d0 Thread added: 0x000078ad881b25d0
Event: 0.209 Protecting memory [0x000078ad68cc6000,0x000078ad68cca000] with protection modes 0
Event: 0.209 Thread 0x000078ad881c6320 Thread added: 0x000078ad881c6320
Event: 0.209 Protecting memory [0x000078ad68bc6000,0x000078ad68bca000] with protection modes 0
Event: 0.209 Thread 0x000078acec099880 Thread added: 0x000078acec099880
Event: 0.209 Protecting memory [0x000078ad68ac6000,0x000078ad68aca000] with protection modes 0
Event: 0.323 Thread 0x000078ad881ddc70 Thread added: 0x000078ad881ddc70
Event: 0.323 Protecting memory [0x000078ad689c6000,0x000078ad689ca000] with protection modes 0
Event: 0.375 Thread 0x000078ad882153f0 Thread added: 0x000078ad882153f0
Event: 0.381 Protecting memory [0x000078ad688c6000,0x000078ad688ca000] with protection modes 0


Dynamic libraries:
706c00000-716600000 rw-p 00000000 00:00 0 
716600000-7ffe00000 ---p 00000000 00:00 0 
7ffe00000-7fff08000 rw-p 00ce5000 08:03 2903295                          /home/wangjing/.jdks/openjdk-21.0.2/lib/server/classes.jsa
7fff08000-800000000 rw-p 00000000 00:00 0 
63bb845a3000-63bb845a4000 r-xp 00000000 08:03 2902800                    /home/wangjing/.jdks/openjdk-21.0.2/bin/java
63bb845a5000-63bb845a6000 r--p 00001000 08:03 2902800                    /home/wangjing/.jdks/openjdk-21.0.2/bin/java
63bb845a6000-63bb845a7000 rw-p 00002000 08:03 2902800                    /home/wangjing/.jdks/openjdk-21.0.2/bin/java
63bb84f57000-63bb84f9d000 rw-p 00000000 00:00 0                          [heap]
78ace1400000-78ace1d26000 r--p 00000000 08:03 3025897                    /home/wangjing/.javacpp/cache/llvm-13.0.1-1.5.7-linux-x86_64.jar/org/bytedeco/llvm/linux-x86_64/libLLVM-13.so
78ace1d26000-78ace56e9000 r-xp 00926000 08:03 3025897                    /home/wangjing/.javacpp/cache/llvm-13.0.1-1.5.7-linux-x86_64.jar/org/bytedeco/llvm/linux-x86_64/libLLVM-13.so
78ace56e9000-78ace793e000 r--p 042e9000 08:03 3025897                    /home/wangjing/.javacpp/cache/llvm-13.0.1-1.5.7-linux-x86_64.jar/org/bytedeco/llvm/linux-x86_64/libLLVM-13.so
78ace793e000-78ace7e53000 r--p 0653d000 08:03 3025897                    /home/wangjing/.javacpp/cache/llvm-13.0.1-1.5.7-linux-x86_64.jar/org/bytedeco/llvm/linux-x86_64/libLLVM-13.so
78ace7e53000-78ace7e5e000 rw-p 06a52000 08:03 3025897                    /home/wangjing/.javacpp/cache/llvm-13.0.1-1.5.7-linux-x86_64.jar/org/bytedeco/llvm/linux-x86_64/libLLVM-13.so
78ace7e5e000-78ace7ed4000 rw-p 00000000 00:00 0 
78ace8000000-78ace8250000 rw-p 00000000 00:00 0 
78ace8250000-78acec000000 ---p 00000000 00:00 0 
78acec000000-78acec132000 rw-p 00000000 00:00 0 
78acec132000-78acf0000000 ---p 00000000 00:00 0 
78acf0000000-78acf0021000 rw-p 00000000 00:00 0 
78acf0021000-78acf4000000 ---p 00000000 00:00 0 
78acf4000000-78acf4021000 rw-p 00000000 00:00 0 
78acf4021000-78acf8000000 ---p 00000000 00:00 0 
78acf8000000-78acf8021000 rw-p 00000000 00:00 0 
78acf8021000-78acfc000000 ---p 00000000 00:00 0 
78acfc000000-78acfc021000 rw-p 00000000 00:00 0 
78acfc021000-78ad00000000 ---p 00000000 00:00 0 
78ad00000000-78ad00021000 rw-p 00000000 00:00 0 
78ad00021000-78ad04000000 ---p 00000000 00:00 0 
78ad04000000-78ad04021000 rw-p 00000000 00:00 0 
78ad04021000-78ad08000000 ---p 00000000 00:00 0 
78ad08000000-78ad08190000 rw-p 00000000 00:00 0 
78ad08190000-78ad08400000 ---p 00000000 00:00 0 
78ad08400000-78ad085b0000 rw-p 00000000 00:00 0 
78ad085b0000-78ad0c000000 ---p 00000000 00:00 0 
78ad0c000000-78ad0c021000 rw-p 00000000 00:00 0 
78ad0c021000-78ad10000000 ---p 00000000 00:00 0 
78ad12308000-78ad13000000 rw-p 00000000 00:00 0 
78ad13000000-78ad13ca6000 rw-p 00001000 08:03 2903295                    /home/wangjing/.jdks/openjdk-21.0.2/lib/server/classes.jsa
78ad13ca6000-78ad14000000 ---p 00000000 00:00 0 
78ad14000000-78ad14030000 rw-p 00000000 00:00 0 
78ad14030000-78ad14070000 rw-p 00000000 00:00 0 
78ad14070000-78ad14080000 ---p 00000000 00:00 0 
78ad14080000-78ad14090000 rw-p 00000000 00:00 0 
78ad14090000-78ad54000000 ---p 00000000 00:00 0 
78ad54000000-78ad54021000 rw-p 00000000 00:00 0 
78ad54021000-78ad58000000 ---p 00000000 00:00 0 
78ad58000000-78ad58021000 rw-p 00000000 00:00 0 
78ad58021000-78ad5c000000 ---p 00000000 00:00 0 
78ad5c000000-78ad5c021000 rw-p 00000000 00:00 0 
78ad5c021000-78ad60000000 ---p 00000000 00:00 0 
78ad60000000-78ad60021000 rw-p 00000000 00:00 0 
78ad60021000-78ad64000000 ---p 00000000 00:00 0 
78ad64000000-78ad64021000 rw-p 00000000 00:00 0 
78ad64021000-78ad68000000 ---p 00000000 00:00 0 
78ad68170000-78ad684fa000 rw-p 00000000 00:00 0 
78ad684fa000-78ad6855f000 r--p 00000000 08:03 3025902                    /home/wangjing/.javacpp/cache/llvm-13.0.1-1.5.7-linux-x86_64.jar/org/bytedeco/llvm/linux-x86_64/libjniLLVM.so
78ad6855f000-78ad685cd000 r-xp 00065000 08:03 3025902                    /home/wangjing/.javacpp/cache/llvm-13.0.1-1.5.7-linux-x86_64.jar/org/bytedeco/llvm/linux-x86_64/libjniLLVM.so
78ad685cd000-78ad685f8000 r--p 000d3000 08:03 3025902                    /home/wangjing/.javacpp/cache/llvm-13.0.1-1.5.7-linux-x86_64.jar/org/bytedeco/llvm/linux-x86_64/libjniLLVM.so
78ad685f8000-78ad685fb000 r--p 000fd000 08:03 3025902                    /home/wangjing/.javacpp/cache/llvm-13.0.1-1.5.7-linux-x86_64.jar/org/bytedeco/llvm/linux-x86_64/libjniLLVM.so
78ad685fb000-78ad685fe000 rw-p 00100000 08:03 3025902                    /home/wangjing/.javacpp/cache/llvm-13.0.1-1.5.7-linux-x86_64.jar/org/bytedeco/llvm/linux-x86_64/libjniLLVM.so
78ad685fe000-78ad68600000 rw-p 00000000 00:00 0 
78ad68600000-78ad6869a000 r--p 00000000 08:03 917771                     /usr/lib/x86_64-linux-gnu/libstdc++.so.6.0.30
78ad6869a000-78ad687ab000 r-xp 0009a000 08:03 917771                     /usr/lib/x86_64-linux-gnu/libstdc++.so.6.0.30
78ad687ab000-78ad6881a000 r--p 001ab000 08:03 917771                     /usr/lib/x86_64-linux-gnu/libstdc++.so.6.0.30
78ad6881a000-78ad6881b000 ---p 0021a000 08:03 917771                     /usr/lib/x86_64-linux-gnu/libstdc++.so.6.0.30
78ad6881b000-78ad68826000 r--p 0021a000 08:03 917771                     /usr/lib/x86_64-linux-gnu/libstdc++.so.6.0.30
78ad68826000-78ad68829000 rw-p 00225000 08:03 917771                     /usr/lib/x86_64-linux-gnu/libstdc++.so.6.0.30
78ad68829000-78ad6882c000 rw-p 00000000 00:00 0 
78ad68881000-78ad68888000 r--p 00000000 08:03 3025898                    /home/wangjing/.javacpp/cache/llvm-13.0.1-1.5.7-linux-x86_64.jar/org/bytedeco/llvm/linux-x86_64/libLTO.so.13
78ad68888000-78ad68890000 r-xp 00007000 08:03 3025898                    /home/wangjing/.javacpp/cache/llvm-13.0.1-1.5.7-linux-x86_64.jar/org/bytedeco/llvm/linux-x86_64/libLTO.so.13
78ad68890000-78ad68892000 r--p 0000f000 08:03 3025898                    /home/wangjing/.javacpp/cache/llvm-13.0.1-1.5.7-linux-x86_64.jar/org/bytedeco/llvm/linux-x86_64/libLTO.so.13
78ad68892000-78ad68893000 r--p 00010000 08:03 3025898                    /home/wangjing/.javacpp/cache/llvm-13.0.1-1.5.7-linux-x86_64.jar/org/bytedeco/llvm/linux-x86_64/libLTO.so.13
78ad68893000-78ad68894000 rw-p 00011000 08:03 3025898                    /home/wangjing/.javacpp/cache/llvm-13.0.1-1.5.7-linux-x86_64.jar/org/bytedeco/llvm/linux-x86_64/libLTO.so.13
78ad68894000-78ad68897000 r--p 00000000 08:03 919532                     /usr/lib/x86_64-linux-gnu/libgcc_s.so.1
78ad68897000-78ad688ae000 r-xp 00003000 08:03 919532                     /usr/lib/x86_64-linux-gnu/libgcc_s.so.1
78ad688ae000-78ad688b2000 r--p 0001a000 08:03 919532                     /usr/lib/x86_64-linux-gnu/libgcc_s.so.1
78ad688b2000-78ad688b3000 r--p 0001d000 08:03 919532                     /usr/lib/x86_64-linux-gnu/libgcc_s.so.1
78ad688b3000-78ad688b4000 rw-p 0001e000 08:03 919532                     /usr/lib/x86_64-linux-gnu/libgcc_s.so.1
78ad688c6000-78ad688ca000 ---p 00000000 00:00 0 
78ad688ca000-78ad689c6000 rw-p 00000000 00:00 0 
78ad689c6000-78ad689ca000 ---p 00000000 00:00 0 
78ad689ca000-78ad68ac6000 rw-p 00000000 00:00 0 
78ad68ac6000-78ad68aca000 ---p 00000000 00:00 0 
78ad68aca000-78ad68bc6000 rw-p 00000000 00:00 0 
78ad68bc6000-78ad68bca000 ---p 00000000 00:00 0 
78ad68bca000-78ad68cc6000 rw-p 00000000 00:00 0 
78ad68cc6000-78ad68cca000 ---p 00000000 00:00 0 
78ad68cca000-78ad68dc6000 rw-p 00000000 00:00 0 
78ad68dc6000-78ad68dca000 ---p 00000000 00:00 0 
78ad68dca000-78ad68ec6000 rw-p 00000000 00:00 0 
78ad68ec6000-78ad68f94000 r-xp 00000000 08:03 2903269                    /home/wangjing/.jdks/openjdk-21.0.2/lib/libjsvml.so
78ad68f94000-78ad68f95000 r--p 000cd000 08:03 2903269                    /home/wangjing/.jdks/openjdk-21.0.2/lib/libjsvml.so
78ad68f95000-78ad68f96000 rw-p 000ce000 08:03 2903269                    /home/wangjing/.jdks/openjdk-21.0.2/lib/libjsvml.so
78ad68f96000-78ad68f9a000 ---p 00000000 00:00 0 
78ad68f9a000-78ad69096000 rw-p 00000000 00:00 0 
78ad69096000-78ad6909a000 ---p 00000000 00:00 0 
78ad6909a000-78ad69196000 rw-p 00000000 00:00 0 
78ad69196000-78ad6919a000 ---p 00000000 00:00 0 
78ad6919a000-78ad69296000 rw-p 00000000 00:00 0 
78ad69296000-78ad6929a000 ---p 00000000 00:00 0 
78ad6929a000-78ad69396000 rw-p 00000000 00:00 0 
78ad69396000-78ad6939a000 ---p 00000000 00:00 0 
78ad6939a000-78ad69496000 rw-p 00000000 00:00 0 
78ad69496000-78ad6949a000 ---p 00000000 00:00 0 
78ad6949a000-78ad69596000 rw-p 00000000 00:00 0 
78ad69596000-78ad6959a000 ---p 00000000 00:00 0 
78ad6959a000-78ad69696000 rw-p 00000000 00:00 0 
78ad69696000-78ad69697000 ---p 00000000 00:00 0 
78ad69697000-78ad69797000 rw-p 00000000 00:00 0 
78ad69797000-78ad69798000 ---p 00000000 00:00 0 
78ad69798000-78ad69919000 rw-p 00000000 00:00 0 
78ad69919000-78ad6991a000 ---p 00000000 00:00 0 
78ad6991a000-78ad69a1a000 rw-p 00000000 00:00 0 
78ad69a1a000-78ad69a1b000 ---p 00000000 00:00 0 
78ad69a1b000-78ad6c004000 rw-p 00000000 00:00 0 
78ad6c004000-78ad6fa64000 ---p 00000000 00:00 0 
78ad6fa64000-78ad6fae9000 rw-p 00000000 00:00 0 
78ad6fae9000-78ad70235000 ---p 00000000 00:00 0 
78ad70235000-78ad702b3000 rw-p 00000000 00:00 0 
78ad702b3000-78ad709ff000 ---p 00000000 00:00 0 
78ad709ff000-78ad70a00000 rw-p 00000000 00:00 0 
78ad70a00000-78ad70c70000 rwxp 00000000 00:00 0 
78ad70c70000-78ad77f38000 ---p 00000000 00:00 0 
78ad77f38000-78ad781a8000 rwxp 00000000 00:00 0 
78ad781a8000-78ad784c7000 ---p 00000000 00:00 0 
78ad784c7000-78ad78737000 rwxp 00000000 00:00 0 
78ad78737000-78ad7fa00000 ---p 00000000 00:00 0 
78ad7fa00000-78ad87ecf000 r--s 00000000 08:03 2903286                    /home/wangjing/.jdks/openjdk-21.0.2/lib/modules
78ad87ed8000-78ad87edc000 r--p 00000000 08:03 3025878                    /home/wangjing/.javacpp/cache/javacpp-1.5.7-linux-x86_64.jar/org/bytedeco/javacpp/linux-x86_64/libjnijavacpp.so
78ad87edc000-78ad87ee3000 r-xp 00004000 08:03 3025878                    /home/wangjing/.javacpp/cache/javacpp-1.5.7-linux-x86_64.jar/org/bytedeco/javacpp/linux-x86_64/libjnijavacpp.so
78ad87ee3000-78ad87ee7000 r--p 0000b000 08:03 3025878                    /home/wangjing/.javacpp/cache/javacpp-1.5.7-linux-x86_64.jar/org/bytedeco/javacpp/linux-x86_64/libjnijavacpp.so
78ad87ee7000-78ad87ee8000 r--p 0000e000 08:03 3025878                    /home/wangjing/.javacpp/cache/javacpp-1.5.7-linux-x86_64.jar/org/bytedeco/javacpp/linux-x86_64/libjnijavacpp.so
78ad87ee8000-78ad87ee9000 rw-p 0000f000 08:03 3025878                    /home/wangjing/.javacpp/cache/javacpp-1.5.7-linux-x86_64.jar/org/bytedeco/javacpp/linux-x86_64/libjnijavacpp.so
78ad87ee9000-78ad87efd000 r-xp 00000000 08:03 2903277                    /home/wangjing/.jdks/openjdk-21.0.2/lib/libnio.so
78ad87efd000-78ad87efe000 r--p 00013000 08:03 2903277                    /home/wangjing/.jdks/openjdk-21.0.2/lib/libnio.so
78ad87efe000-78ad87eff000 rw-p 00014000 08:03 2903277                    /home/wangjing/.jdks/openjdk-21.0.2/lib/libnio.so
78ad87eff000-78ad88000000 rw-p 00000000 00:00 0 
78ad88000000-78ad88406000 rw-p 00000000 00:00 0 
78ad88406000-78ad8c000000 ---p 00000000 00:00 0 
78ad8c00b000-78ad8c00c000 r--p 00000000 08:03 3025900                    /home/wangjing/.javacpp/cache/llvm-13.0.1-1.5.7-linux-x86_64.jar/org/bytedeco/llvm/linux-x86_64/libRemarks.so.13
78ad8c00c000-78ad8c00d000 r-xp 00001000 08:03 3025900                    /home/wangjing/.javacpp/cache/llvm-13.0.1-1.5.7-linux-x86_64.jar/org/bytedeco/llvm/linux-x86_64/libRemarks.so.13
78ad8c00d000-78ad8c00e000 r--p 00002000 08:03 3025900                    /home/wangjing/.javacpp/cache/llvm-13.0.1-1.5.7-linux-x86_64.jar/org/bytedeco/llvm/linux-x86_64/libRemarks.so.13
78ad8c00e000-78ad8c00f000 r--p 00002000 08:03 3025900                    /home/wangjing/.javacpp/cache/llvm-13.0.1-1.5.7-linux-x86_64.jar/org/bytedeco/llvm/linux-x86_64/libRemarks.so.13
78ad8c00f000-78ad8c010000 rw-p 00003000 08:03 3025900                    /home/wangjing/.javacpp/cache/llvm-13.0.1-1.5.7-linux-x86_64.jar/org/bytedeco/llvm/linux-x86_64/libRemarks.so.13
78ad8c010000-78ad8c011000 ---p 00000000 00:00 0 
78ad8c011000-78ad8c111000 rw-p 00000000 00:00 0 
78ad8c111000-78ad8c112000 ---p 00000000 00:00 0 
78ad8c112000-78ad8c212000 rw-p 00000000 00:00 0 
78ad8c212000-78ad8c213000 ---p 00000000 00:00 0 
78ad8c213000-78ad8c51a000 rw-p 00000000 00:00 0 
78ad8c51a000-78ad8c600000 ---p 00000000 00:00 0 
78ad8c600000-78ad8ce78000 r--p 00000000 08:03 918099                     /usr/lib/locale/locale-archive
78ad8ce79000-78ad8cf1a000 rw-p 00000000 00:00 0 
78ad8cf1a000-78ad8d000000 ---p 00000000 00:00 0 
78ad8d000000-78ad8e312000 r-xp 00000000 08:03 2903298                    /home/wangjing/.jdks/openjdk-21.0.2/lib/server/libjvm.so
78ad8e312000-78ad8e313000 ---p 01312000 08:03 2903298                    /home/wangjing/.jdks/openjdk-21.0.2/lib/server/libjvm.so
78ad8e313000-78ad8e3e0000 r--p 01312000 08:03 2903298                    /home/wangjing/.jdks/openjdk-21.0.2/lib/server/libjvm.so
78ad8e3e0000-78ad8e40e000 rw-p 013df000 08:03 2903298                    /home/wangjing/.jdks/openjdk-21.0.2/lib/server/libjvm.so
78ad8e40e000-78ad8e474000 rw-p 00000000 00:00 0 
78ad8e478000-78ad8e484000 r-xp 00000000 08:03 2903276                    /home/wangjing/.jdks/openjdk-21.0.2/lib/libnet.so
78ad8e484000-78ad8e485000 r--p 0000b000 08:03 2903276                    /home/wangjing/.jdks/openjdk-21.0.2/lib/libnet.so
78ad8e485000-78ad8e486000 rw-p 0000c000 08:03 2903276                    /home/wangjing/.jdks/openjdk-21.0.2/lib/libnet.so
78ad8e486000-78ad8e48b000 r-xp 00000000 08:03 2903253                    /home/wangjing/.jdks/openjdk-21.0.2/lib/libdt_socket.so
78ad8e48b000-78ad8e48c000 r--p 00004000 08:03 2903253                    /home/wangjing/.jdks/openjdk-21.0.2/lib/libdt_socket.so
78ad8e48c000-78ad8e48d000 rw-p 00005000 08:03 2903253                    /home/wangjing/.jdks/openjdk-21.0.2/lib/libdt_socket.so
78ad8e48d000-78ad8e4d5000 rw-p 00000000 00:00 0 
78ad8e4d5000-78ad8e4dc000 ---p 00000000 00:00 0 
78ad8e4dc000-78ad8e4fc000 r-xp 00000000 08:03 2903261                    /home/wangjing/.jdks/openjdk-21.0.2/lib/libjava.so
78ad8e4fc000-78ad8e4fd000 ---p 00020000 08:03 2903261                    /home/wangjing/.jdks/openjdk-21.0.2/lib/libjava.so
78ad8e4fd000-78ad8e4fe000 r--p 00020000 08:03 2903261                    /home/wangjing/.jdks/openjdk-21.0.2/lib/libjava.so
78ad8e4fe000-78ad8e4ff000 rw-p 00021000 08:03 2903261                    /home/wangjing/.jdks/openjdk-21.0.2/lib/libjava.so
78ad8e4ff000-78ad8e500000 rw-p 00000000 00:00 0 
78ad8e500000-78ad8e504000 ---p 00000000 00:00 0 
78ad8e504000-78ad8e600000 rw-p 00000000 00:00 0 
78ad8e600000-78ad8e628000 r--p 00000000 08:03 918327                     /usr/lib/x86_64-linux-gnu/libc.so.6
78ad8e628000-78ad8e7bd000 r-xp 00028000 08:03 918327                     /usr/lib/x86_64-linux-gnu/libc.so.6
78ad8e7bd000-78ad8e815000 r--p 001bd000 08:03 918327                     /usr/lib/x86_64-linux-gnu/libc.so.6
78ad8e815000-78ad8e816000 ---p 00215000 08:03 918327                     /usr/lib/x86_64-linux-gnu/libc.so.6
78ad8e816000-78ad8e81a000 r--p 00215000 08:03 918327                     /usr/lib/x86_64-linux-gnu/libc.so.6
78ad8e81a000-78ad8e81c000 rw-p 00219000 08:03 918327                     /usr/lib/x86_64-linux-gnu/libc.so.6
78ad8e81c000-78ad8e829000 rw-p 00000000 00:00 0 
78ad8e82d000-78ad8e834000 r--s 00000000 08:03 1577451                    /usr/lib/x86_64-linux-gnu/gconv/gconv-modules.cache
78ad8e834000-78ad8e83a000 r--s 000f8000 08:03 1311711                    /opt/idea/idea-IU-233.14475.28/plugins/java/lib/rt/debugger-agent.jar
78ad8e83a000-78ad8e841000 r-xp 00000000 08:03 2903285                    /home/wangjing/.jdks/openjdk-21.0.2/lib/libzip.so
78ad8e841000-78ad8e842000 ---p 00007000 08:03 2903285                    /home/wangjing/.jdks/openjdk-21.0.2/lib/libzip.so
78ad8e842000-78ad8e843000 r--p 00007000 08:03 2903285                    /home/wangjing/.jdks/openjdk-21.0.2/lib/libzip.so
78ad8e843000-78ad8e844000 rw-p 00008000 08:03 2903285                    /home/wangjing/.jdks/openjdk-21.0.2/lib/libzip.so
78ad8e844000-78ad8e84c000 rw-s 00000000 08:03 131140                     /tmp/hsperfdata_wangjing/31930
78ad8e84c000-78ad8e88c000 r-xp 00000000 08:03 2903264                    /home/wangjing/.jdks/openjdk-21.0.2/lib/libjdwp.so
78ad8e88c000-78ad8e88d000 r--p 0003f000 08:03 2903264                    /home/wangjing/.jdks/openjdk-21.0.2/lib/libjdwp.so
78ad8e88d000-78ad8e88e000 rw-p 00040000 08:03 2903264                    /home/wangjing/.jdks/openjdk-21.0.2/lib/libjdwp.so
78ad8e88e000-78ad8e88f000 rw-p 00000000 00:00 0 
78ad8e88f000-78ad8e8aa000 r-xp 00000000 08:03 2903265                    /home/wangjing/.jdks/openjdk-21.0.2/lib/libjimage.so
78ad8e8aa000-78ad8e8ab000 ---p 0001b000 08:03 2903265                    /home/wangjing/.jdks/openjdk-21.0.2/lib/libjimage.so
78ad8e8ab000-78ad8e8ad000 r--p 0001b000 08:03 2903265                    /home/wangjing/.jdks/openjdk-21.0.2/lib/libjimage.so
78ad8e8ad000-78ad8e8ae000 rw-p 0001d000 08:03 2903265                    /home/wangjing/.jdks/openjdk-21.0.2/lib/libjimage.so
78ad8e8ae000-78ad8e8bc000 r--p 00000000 08:03 918405                     /usr/lib/x86_64-linux-gnu/libm.so.6
78ad8e8bc000-78ad8e938000 r-xp 0000e000 08:03 918405                     /usr/lib/x86_64-linux-gnu/libm.so.6
78ad8e938000-78ad8e993000 r--p 0008a000 08:03 918405                     /usr/lib/x86_64-linux-gnu/libm.so.6
78ad8e993000-78ad8e994000 r--p 000e4000 08:03 918405                     /usr/lib/x86_64-linux-gnu/libm.so.6
78ad8e994000-78ad8e995000 rw-p 000e5000 08:03 918405                     /usr/lib/x86_64-linux-gnu/libm.so.6
78ad8e995000-78ad8e996000 r--p 00000000 08:03 918629                     /usr/lib/x86_64-linux-gnu/librt.so.1
78ad8e996000-78ad8e997000 r-xp 00001000 08:03 918629                     /usr/lib/x86_64-linux-gnu/librt.so.1
78ad8e997000-78ad8e998000 r--p 00002000 08:03 918629                     /usr/lib/x86_64-linux-gnu/librt.so.1
78ad8e998000-78ad8e999000 r--p 00002000 08:03 918629                     /usr/lib/x86_64-linux-gnu/librt.so.1
78ad8e999000-78ad8e99a000 rw-p 00003000 08:03 918629                     /usr/lib/x86_64-linux-gnu/librt.so.1
78ad8e99a000-78ad8e99e000 rw-p 00000000 00:00 0 
78ad8e99e000-78ad8e99f000 r--p 00000000 08:03 918333                     /usr/lib/x86_64-linux-gnu/libdl.so.2
78ad8e99f000-78ad8e9a0000 r-xp 00001000 08:03 918333                     /usr/lib/x86_64-linux-gnu/libdl.so.2
78ad8e9a0000-78ad8e9a1000 r--p 00002000 08:03 918333                     /usr/lib/x86_64-linux-gnu/libdl.so.2
78ad8e9a1000-78ad8e9a2000 r--p 00002000 08:03 918333                     /usr/lib/x86_64-linux-gnu/libdl.so.2
78ad8e9a2000-78ad8e9a3000 rw-p 00003000 08:03 918333                     /usr/lib/x86_64-linux-gnu/libdl.so.2
78ad8e9a3000-78ad8e9a4000 r--p 00000000 08:03 918461                     /usr/lib/x86_64-linux-gnu/libpthread.so.0
78ad8e9a4000-78ad8e9a5000 r-xp 00001000 08:03 918461                     /usr/lib/x86_64-linux-gnu/libpthread.so.0
78ad8e9a5000-78ad8e9a6000 r--p 00002000 08:03 918461                     /usr/lib/x86_64-linux-gnu/libpthread.so.0
78ad8e9a6000-78ad8e9a7000 r--p 00002000 08:03 918461                     /usr/lib/x86_64-linux-gnu/libpthread.so.0
78ad8e9a7000-78ad8e9a8000 rw-p 00003000 08:03 918461                     /usr/lib/x86_64-linux-gnu/libpthread.so.0
78ad8e9a8000-78ad8e9b6000 r-xp 00000000 08:03 2903266                    /home/wangjing/.jdks/openjdk-21.0.2/lib/libjli.so
78ad8e9b6000-78ad8e9b7000 ---p 0000e000 08:03 2903266                    /home/wangjing/.jdks/openjdk-21.0.2/lib/libjli.so
78ad8e9b7000-78ad8e9b8000 r--p 0000e000 08:03 2903266                    /home/wangjing/.jdks/openjdk-21.0.2/lib/libjli.so
78ad8e9b8000-78ad8e9b9000 rw-p 0000f000 08:03 2903266                    /home/wangjing/.jdks/openjdk-21.0.2/lib/libjli.so
78ad8e9b9000-78ad8e9bb000 r--p 00000000 08:03 917955                     /usr/lib/x86_64-linux-gnu/libz.so.1.2.11
78ad8e9bb000-78ad8e9cc000 r-xp 00002000 08:03 917955                     /usr/lib/x86_64-linux-gnu/libz.so.1.2.11
78ad8e9cc000-78ad8e9d2000 r--p 00013000 08:03 917955                     /usr/lib/x86_64-linux-gnu/libz.so.1.2.11
78ad8e9d2000-78ad8e9d3000 ---p 00019000 08:03 917955                     /usr/lib/x86_64-linux-gnu/libz.so.1.2.11
78ad8e9d3000-78ad8e9d4000 r--p 00019000 08:03 917955                     /usr/lib/x86_64-linux-gnu/libz.so.1.2.11
78ad8e9d4000-78ad8e9d5000 rw-p 0001a000 08:03 917955                     /usr/lib/x86_64-linux-gnu/libz.so.1.2.11
78ad8e9d8000-78ad8e9e2000 r-xp 00000000 08:03 2903256                    /home/wangjing/.jdks/openjdk-21.0.2/lib/libinstrument.so
78ad8e9e2000-78ad8e9e3000 ---p 0000a000 08:03 2903256                    /home/wangjing/.jdks/openjdk-21.0.2/lib/libinstrument.so
78ad8e9e3000-78ad8e9e4000 r--p 0000a000 08:03 2903256                    /home/wangjing/.jdks/openjdk-21.0.2/lib/libinstrument.so
78ad8e9e4000-78ad8e9e5000 rw-p 0000b000 08:03 2903256                    /home/wangjing/.jdks/openjdk-21.0.2/lib/libinstrument.so
78ad8e9e5000-78ad8e9e6000 ---p 00000000 00:00 0 
78ad8e9e6000-78ad8e9e7000 r--p 00000000 00:00 0 
78ad8e9e7000-78ad8e9e9000 rw-p 00000000 00:00 0 
78ad8e9e9000-78ad8e9eb000 r--p 00000000 08:03 917666                     /usr/lib/x86_64-linux-gnu/ld-linux-x86-64.so.2
78ad8e9eb000-78ad8ea15000 r-xp 00002000 08:03 917666                     /usr/lib/x86_64-linux-gnu/ld-linux-x86-64.so.2
78ad8ea15000-78ad8ea20000 r--p 0002c000 08:03 917666                     /usr/lib/x86_64-linux-gnu/ld-linux-x86-64.so.2
78ad8ea20000-78ad8ea21000 ---p 00000000 00:00 0 
78ad8ea21000-78ad8ea23000 r--p 00037000 08:03 917666                     /usr/lib/x86_64-linux-gnu/ld-linux-x86-64.so.2
78ad8ea23000-78ad8ea25000 rw-p 00039000 08:03 917666                     /usr/lib/x86_64-linux-gnu/ld-linux-x86-64.so.2
7ffd3158c000-7ffd315ad000 rw-p 00000000 00:00 0                          [stack]
7ffd315d6000-7ffd315da000 r--p 00000000 00:00 0                          [vvar]
7ffd315da000-7ffd315dc000 r-xp 00000000 00:00 0                          [vdso]
ffffffffff600000-ffffffffff601000 --xp 00000000 00:00 0                  [vsyscall]
Total number of mappings: 244


VM Arguments:
jvm_args: -agentlib:jdwp=transport=dt_socket,address=127.0.0.1:56597,suspend=y,server=n -javaagent:/opt/idea/idea-IU-233.14475.28/plugins/java/lib/rt/debugger-agent.jar -Dfile.encoding=UTF-8 -Dsun.stdout.encoding=UTF-8 -Dsun.stderr.encoding=UTF-8 
java_command: Main ./tests/test1.sysy output.ll
java_class_path (initial): /home/wangjing/Lab/target/classes:/usr/local/lib/javacpp-1.5.7.jar:/usr/local/lib/llvm-13.0.1-1.5.7.jar:/usr/local/lib/antlr-4.9.1-complete.jar:/usr/local/lib/javacpp-1.5.7-linux-x86_64.jar:/usr/local/lib/llvm-platform-13.0.1-1.5.7.jar:/usr/local/lib/llvm-13.0.1-1.5.7-linux-x86_64.jar:/opt/idea/idea-IU-233.14475.28/lib/idea_rt.jar
Launcher Type: SUN_STANDARD

[Global flags]
     intx CICompilerCount                          = 2                                         {product} {ergonomic}
     uint ConcGCThreads                            = 1                                         {product} {ergonomic}
     uint G1ConcRefinementThreads                  = 2                                         {product} {ergonomic}
   size_t G1HeapRegionSize                         = 2097152                                   {product} {ergonomic}
    uintx GCDrainStackTargetSize                   = 64                                        {product} {ergonomic}
   size_t InitialHeapSize                          = 262144000                                 {product} {ergonomic}
   size_t MarkStackSize                            = 4194304                                   {product} {ergonomic}
   size_t MaxHeapSize                              = 4181721088                                {product} {ergonomic}
   size_t MaxNewSize                               = 2508193792                                {product} {ergonomic}
   size_t MinHeapDeltaBytes                        = 2097152                                   {product} {ergonomic}
   size_t MinHeapSize                              = 8388608                                   {product} {ergonomic}
    uintx NonNMethodCodeHeapSize                   = 5826188                                {pd product} {ergonomic}
    uintx NonProfiledCodeHeapSize                  = 122916026                              {pd product} {ergonomic}
    uintx ProfiledCodeHeapSize                     = 122916026                              {pd product} {ergonomic}
    uintx ReservedCodeCacheSize                    = 251658240                              {pd product} {ergonomic}
     bool SegmentedCodeCache                       = true                                      {product} {ergonomic}
   size_t SoftMaxHeapSize                          = 4181721088                             {manageable} {ergonomic}
     bool UseCompressedOops                        = true                           {product lp64_product} {ergonomic}
     bool UseG1GC                                  = true                                      {product} {ergonomic}

Logging:
Log output configuration:
 #0: stdout all=warning uptime,level,tags foldmultilines=false
 #1: stderr all=off uptime,level,tags foldmultilines=false

Environment Variables:
PATH=/usr/local/sbin:/usr/local/bin:/usr/sbin:/usr/bin:/sbin:/bin:/usr/games:/usr/local/games:/snap/bin:/snap/bin
USERNAME=wangjing
SHELL=/bin/bash
DISPLAY=:0
LANG=en_US.UTF-8
LC_NUMERIC=zh_CN.UTF-8
LC_TIME=zh_CN.UTF-8

Active Locale:
LC_ALL=LC_CTYPE=en_US.UTF-8;LC_NUMERIC=zh_CN.UTF-8;LC_TIME=zh_CN.UTF-8;LC_COLLATE=en_US.UTF-8;LC_MONETARY=zh_CN.UTF-8;LC_MESSAGES=en_US.UTF-8;LC_PAPER=zh_CN.UTF-8;LC_NAME=zh_CN.UTF-8;LC_ADDRESS=zh_CN.UTF-8;LC_TELEPHONE=zh_CN.UTF-8;LC_MEASUREMENT=zh_CN.UTF-8;LC_IDENTIFICATION=zh_CN.UTF-8
LC_COLLATE=en_US.UTF-8
LC_CTYPE=en_US.UTF-8
LC_MESSAGES=en_US.UTF-8
LC_MONETARY=zh_CN.UTF-8
LC_NUMERIC=zh_CN.UTF-8
LC_TIME=zh_CN.UTF-8

Signal Handlers:
   SIGSEGV: crash_handler in libjvm.so, mask=11100100010111111101111111111110, flags=SA_RESTART|SA_SIGINFO, unblocked
    SIGBUS: crash_handler in libjvm.so, mask=11100100010111111101111111111110, flags=SA_RESTART|SA_SIGINFO, unblocked
    SIGFPE: crash_handler in libjvm.so, mask=11100100010111111101111111111110, flags=SA_RESTART|SA_SIGINFO, unblocked
   SIGPIPE: javaSignalHandler in libjvm.so, mask=11100100010111111101111111111110, flags=SA_RESTART|SA_SIGINFO, blocked
   SIGXFSZ: javaSignalHandler in libjvm.so, mask=11100100010111111101111111111110, flags=SA_RESTART|SA_SIGINFO, blocked
    SIGILL: crash_handler in libjvm.so, mask=11100100010111111101111111111110, flags=SA_RESTART|SA_SIGINFO, unblocked
   SIGUSR2: SR_handler in libjvm.so, mask=00100000000000000000000000000000, flags=SA_RESTART|SA_SIGINFO, blocked
    SIGHUP: UserHandler in libjvm.so, mask=11100100010111111101111111111110, flags=SA_RESTART|SA_SIGINFO, blocked
    SIGINT: UserHandler in libjvm.so, mask=11100100010111111101111111111110, flags=SA_RESTART|SA_SIGINFO, blocked
   SIGTERM: UserHandler in libjvm.so, mask=11100100010111111101111111111110, flags=SA_RESTART|SA_SIGINFO, blocked
   SIGQUIT: UserHandler in libjvm.so, mask=11100100010111111101111111111110, flags=SA_RESTART|SA_SIGINFO, blocked
   SIGTRAP: crash_handler in libjvm.so, mask=11100100010111111101111111111110, flags=SA_RESTART|SA_SIGINFO, unblocked


Periodic native trim disabled

---------------  S Y S T E M  ---------------

OS:
DISTRIB_ID=Ubuntu
DISTRIB_RELEASE=22.04
DISTRIB_CODENAME=jammy
DISTRIB_DESCRIPTION="Ubuntu 22.04.4 LTS"
uname: Linux 6.5.0-35-generic #35~22.04.1-Ubuntu SMP PREEMPT_DYNAMIC Tue May  7 09:00:52 UTC 2 x86_64
OS uptime: 0 days 5:18 hours
libc: glibc 2.35 NPTL 2.35 
rlimit (soft/hard): STACK 8192k/infinity , CORE 0k/infinity , NPROC 63495/63495 , NOFILE 1048576/1048576 , AS infinity/infinity , CPU infinity/infinity , DATA infinity/infinity , FSIZE infinity/infinity , MEMLOCK 2041424k/2041424k
load average: 0.72 0.80 0.72

/proc/meminfo:
MemTotal:       16331420 kB
MemFree:         2215804 kB
MemAvailable:    9428044 kB
Buffers:          192420 kB
Cached:          7148604 kB
SwapCached:            0 kB
Active:          7885224 kB
Inactive:        5052980 kB
Active(anon):    5673572 kB
Inactive(anon):        0 kB
Active(file):    2211652 kB
Inactive(file):  5052980 kB
Unevictable:           0 kB
Mlocked:               0 kB
SwapTotal:       2097148 kB
SwapFree:        2097148 kB
Zswap:                 0 kB
Zswapped:              0 kB
Dirty:                64 kB
Writeback:             0 kB
AnonPages:       5597196 kB
Mapped:          1427684 kB
Shmem:             76392 kB
KReclaimable:     284900 kB
Slab:             466032 kB
SReclaimable:     284900 kB
SUnreclaim:       181132 kB
KernelStack:       16816 kB
PageTables:        39088 kB
SecPageTables:         0 kB
NFS_Unstable:          0 kB
Bounce:                0 kB
WritebackTmp:          0 kB
CommitLimit:    10262856 kB
Committed_AS:    9402184 kB
VmallocTotal:   34359738367 kB
VmallocUsed:       46472 kB
VmallocChunk:          0 kB
Percpu:           110592 kB
HardwareCorrupted:     0 kB
AnonHugePages:         0 kB
ShmemHugePages:        0 kB
ShmemPmdMapped:        0 kB
FileHugePages:         0 kB
FilePmdMapped:         0 kB
Unaccepted:            0 kB
HugePages_Total:       0
HugePages_Free:        0
HugePages_Rsvd:        0
HugePages_Surp:        0
Hugepagesize:       2048 kB
Hugetlb:               0 kB
DirectMap4k:      159552 kB
DirectMap2M:     5083136 kB
DirectMap1G:    13631488 kB

/sys/kernel/mm/transparent_hugepage/enabled: always [madvise] never
/sys/kernel/mm/transparent_hugepage/defrag (defrag/compaction efforts parameter): always defer defer+madvise [madvise] never

Process Memory:
Virtual Size: 6890072K (peak: 6890072K)
Resident Set Size: 118340K (peak: 118340K) (anon: 66832K, file: 51508K, shmem: 0K)
Swapped out: 0K
C-Heap outstanding allocations: 31530K, retained: 3997K
glibc malloc tunables: (default)

/proc/sys/kernel/threads-max (system-wide limit on the number of threads): 126990
/proc/sys/vm/max_map_count (maximum number of memory map areas a process may have): 65530
/proc/sys/kernel/pid_max (system-wide limit on number of process identifiers): 4194304

container (cgroup) information:
container_type: cgroupv2
cpu_cpuset_cpus: not supported
cpu_memory_nodes: not supported
active_processor_count: 2
cpu_quota: not supported
cpu_period: not supported
cpu_shares: not supported
memory_limit_in_bytes: unlimited
memory_and_swap_limit_in_bytes: unlimited
memory_soft_limit_in_bytes: unlimited
memory_usage_in_bytes: 5746496 k
memory_max_usage_in_bytes: not supported
memory_swap_current_in_bytes: unlimited
memory_swap_max_limit_in_bytes: unlimited
maximum number of tasks: 19048
current number of tasks: 174

VMWare virtualization detected
Steal ticks since vm start: 0
Steal ticks percentage since vm start:  0.000

CPU: total 2 (initial active 2) (1 cores per cpu, 1 threads per core) family 25 model 116 stepping 1 microcode 0xffffffff, cx8, cmov, fxsr, mmx, sse, sse2, sse3, ssse3, sse4a, sse4.1, sse4.2, popcnt, lzcnt, tsc, tscinvbit, avx, avx2, aes, erms, clmul, bmi1, bmi2, adx, avx512f, avx512dq, avx512cd, avx512bw, avx512vl, sha, fma, vzeroupper, avx512_vpopcntdq, avx512_vpclmulqdq, avx512_vaes, avx512_vnni, clflush, clflushopt, avx512_vbmi2, avx512_vbmi, hv, rdtscp, rdpid, gfni, avx512_bitalg, f16c, avx512_ifma
CPU Model and flags from /proc/cpuinfo:
model name	: AMD Ryzen 7 7840HS with Radeon 780M Graphics
flags		: fpu vme de pse tsc msr pae mce cx8 apic sep mtrr pge mca cmov pat pse36 clflush mmx fxsr sse sse2 syscall nx mmxext pdpe1gb rdtscp lm constant_tsc rep_good nopl tsc_reliable nonstop_tsc cpuid extd_apicid tsc_known_freq pni pclmulqdq ssse3 fma cx16 sse4_1 sse4_2 x2apic movbe popcnt aes xsave avx f16c rdrand hypervisor lahf_lm cr8_legacy abm sse4a misalignsse 3dnowprefetch osvw topoext ibpb vmmcall fsgsbase bmi1 avx2 smep bmi2 erms invpcid avx512f avx512dq rdseed adx smap avx512ifma clflushopt clwb avx512cd sha_ni avx512bw avx512vl xsaveopt xsavec xgetbv1 xsaves avx512_bf16 clzero arat avx512vbmi umip avx512_vbmi2 gfni vaes vpclmulqdq avx512_vnni avx512_bitalg avx512_vpopcntdq rdpid overflow_recov succor

Online cpus: 0-1
Offline cpus: 2-127
BIOS frequency limitation: <Not Available>
Frequency switch latency (ns): <Not Available>
Available cpu frequencies: <Not Available>
Current governor: <Not Available>
Core performance/turbo boost: <Not Available>

Memory: 4k page, physical 16331420k(9428044k free), swap 2097148k(2097148k free)
Page Sizes: 4k

vm_info: OpenJDK 64-Bit Server VM (21.0.2+13-58) for linux-amd64 JRE (21.0.2+13-58), built on 2024-01-05T18:32:24Z by "mach5one" with gcc 11.2.0

END.
