#
# A fatal error has been detected by the Java Runtime Environment:
#
#  SIGSEGV (0xb) at pc=0x00007fe67dfede80, pid=32426, tid=32431
#
# JRE version: OpenJDK Runtime Environment (21.0.2+13) (build 21.0.2+13-58)
# Java VM: OpenJDK 64-Bit Server VM (21.0.2+13-58, mixed mode, sharing, tiered, compressed oops, compressed class ptrs, g1 gc, linux-amd64)
# Problematic frame:
# C  [libLLVM-13.so+0xbede80]  llvm::BasicBlock::getModule() const+0x0
#
# Core dump will be written. Default location: Core dumps may be processed with "/usr/share/apport/apport -p%p -s%s -c%c -d%d -P%P -u%u -g%g -- %E" (or dumping to /home/wangjing/Lab/core.32426)
#
# If you would like to submit a bug report, please visit:
#   https://bugreport.java.com/bugreport/crash.jsp
# The crash happened outside the Java Virtual Machine in native code.
# See problematic frame for where to report the bug.
#

---------------  S U M M A R Y ------------

Command Line: -agentlib:jdwp=transport=dt_socket,address=127.0.0.1:45349,suspend=y,server=n -javaagent:/opt/idea/idea-IU-233.14475.28/plugins/java/lib/rt/debugger-agent.jar -Dfile.encoding=UTF-8 -Dsun.stdout.encoding=UTF-8 -Dsun.stderr.encoding=UTF-8 Main ./tests/test1.sysy output.ll

Host: AMD Ryzen 7 7840HS with Radeon 780M Graphics, 2 cores, 15G, Ubuntu 22.04.4 LTS
Time: Thu May 30 14:16:51 2024 CST elapsed time: 123.515514 seconds (0d 0h 2m 3s)

---------------  T H R E A D  ---------------

Current thread (0x00007fe72402cad0):  JavaThread "main"             [_thread_in_native, id=32431, stack(0x00007fe72a236000,0x00007fe72a336000) (1024K)]

Stack: [0x00007fe72a236000,0x00007fe72a336000],  sp=0x00007fe72a3338f8,  free space=1014k
Native frames: (J=compiled Java code, j=interpreted, Vv=VM code, C=native code)
C  [libLLVM-13.so+0xbede80]  llvm::BasicBlock::getModule() const+0x0
Java frames: (J=compiled Java code, j=interpreted, Vv=VM code)
j  org.bytedeco.llvm.global.LLVM.LLVMBuildLoad(Lorg/bytedeco/llvm/LLVM/LLVMBuilderRef;Lorg/bytedeco/llvm/LLVM/LLVMValueRef;Ljava/lang/String;)Lorg/bytedeco/llvm/LLVM/LLVMValueRef;+0
j  MyVisitor.visitLVal(LSysYParser$LValContext;)Lorg/bytedeco/llvm/LLVM/LLVMValueRef;+31
j  MyVisitor.visitLVal(LSysYParser$LValContext;)Ljava/lang/Object;+2
j  SysYParser$LValContext.accept(Lorg/antlr/v4/runtime/tree/ParseTreeVisitor;)Ljava/lang/Object;+12
j  org.antlr.v4.runtime.tree.AbstractParseTreeVisitor.visitChildren(Lorg/antlr/v4/runtime/tree/RuleNode;)Ljava/lang/Object;+46
j  SysYParserBaseVisitor.visitExp2(LSysYParser$Exp2Context;)Ljava/lang/Object;+2
j  MyVisitor.visitExp2(LSysYParser$Exp2Context;)Lorg/bytedeco/llvm/LLVM/LLVMValueRef;+2
j  MyVisitor.visitExp2(LSysYParser$Exp2Context;)Ljava/lang/Object;+2
j  SysYParser$Exp2Context.accept(Lorg/antlr/v4/runtime/tree/ParseTreeVisitor;)Ljava/lang/Object;+12
j  org.antlr.v4.runtime.tree.AbstractParseTreeVisitor.visitChildren(Lorg/antlr/v4/runtime/tree/RuleNode;)Ljava/lang/Object;+46
j  SysYParserBaseVisitor.visitConstExp(LSysYParser$ConstExpContext;)Ljava/lang/Object;+2
j  SysYParser$ConstExpContext.accept(Lorg/antlr/v4/runtime/tree/ParseTreeVisitor;)Ljava/lang/Object;+12
j  org.antlr.v4.runtime.tree.AbstractParseTreeVisitor.visitChildren(Lorg/antlr/v4/runtime/tree/RuleNode;)Ljava/lang/Object;+46
j  SysYParserBaseVisitor.visitConstInitVal(LSysYParser$ConstInitValContext;)Ljava/lang/Object;+2
j  SysYParser$ConstInitValContext.accept(Lorg/antlr/v4/runtime/tree/ParseTreeVisitor;)Ljava/lang/Object;+12
j  org.antlr.v4.runtime.tree.AbstractParseTreeVisitor.visit(Lorg/antlr/v4/runtime/tree/ParseTree;)Ljava/lang/Object;+2
j  MyVisitor.visit(Lorg/antlr/v4/runtime/tree/ParseTree;)Lorg/bytedeco/llvm/LLVM/LLVMValueRef;+2
j  MyVisitor.visitConstDef(LSysYParser$ConstDefContext;)Lorg/bytedeco/llvm/LLVM/LLVMValueRef;+40
j  MyVisitor.visitConstDef(LSysYParser$ConstDefContext;)Ljava/lang/Object;+2
j  SysYParser$ConstDefContext.accept(Lorg/antlr/v4/runtime/tree/ParseTreeVisitor;)Ljava/lang/Object;+12
j  org.antlr.v4.runtime.tree.AbstractParseTreeVisitor.visitChildren(Lorg/antlr/v4/runtime/tree/RuleNode;)Ljava/lang/Object;+46
j  SysYParserBaseVisitor.visitConstDecl(LSysYParser$ConstDeclContext;)Ljava/lang/Object;+2
j  SysYParser$ConstDeclContext.accept(Lorg/antlr/v4/runtime/tree/ParseTreeVisitor;)Ljava/lang/Object;+12
j  org.antlr.v4.runtime.tree.AbstractParseTreeVisitor.visitChildren(Lorg/antlr/v4/runtime/tree/RuleNode;)Ljava/lang/Object;+46
j  SysYParserBaseVisitor.visitDecl(LSysYParser$DeclContext;)Ljava/lang/Object;+2
j  SysYParser$DeclContext.accept(Lorg/antlr/v4/runtime/tree/ParseTreeVisitor;)Ljava/lang/Object;+12
j  org.antlr.v4.runtime.tree.AbstractParseTreeVisitor.visitChildren(Lorg/antlr/v4/runtime/tree/RuleNode;)Ljava/lang/Object;+46
j  SysYParserBaseVisitor.visitCompUnit(LSysYParser$CompUnitContext;)Ljava/lang/Object;+2
j  MyVisitor.visitCompUnit(LSysYParser$CompUnitContext;)Lorg/bytedeco/llvm/LLVM/LLVMValueRef;+2
j  MyVisitor.visitProgram(LSysYParser$ProgramContext;)Lorg/bytedeco/llvm/LLVM/LLVMValueRef;+48
j  MyVisitor.visitProgram(LSysYParser$ProgramContext;)Ljava/lang/Object;+2
j  SysYParser$ProgramContext.accept(Lorg/antlr/v4/runtime/tree/ParseTreeVisitor;)Ljava/lang/Object;+12
j  org.antlr.v4.runtime.tree.AbstractParseTreeVisitor.visit(Lorg/antlr/v4/runtime/tree/ParseTree;)Ljava/lang/Object;+2
j  MyVisitor.visit(Lorg/antlr/v4/runtime/tree/ParseTree;)Lorg/bytedeco/llvm/LLVM/LLVMValueRef;+2
j  Main.main([Ljava/lang/String;)V+73
v  ~StubRoutines::call_stub 0x00007fe713538cc6

siginfo: si_signo: 11 (SIGSEGV), si_code: 1 (SEGV_MAPERR), si_addr: 0x0000000000000038

Registers:
RAX=0x00007fe72453a080, RBX=0x00007fe72453b5a0, RCX=0x00007fe72402ca78, RDX=0x00007fe6840cf490
RSP=0x00007fe72a3338f8, RBP=0x00007fe724539600, RSI=0x0000000000000101, RDI=0x0000000000000000
R8 =0x0000000715bd45e8, R9 =0x0000000000000002, R10=0x00007fe67d451700, R11=0x00007fe67e02c870
R12=0x00007fe72a333a50, R13=0x00007fe72453b5a0, R14=0x00007fe724537698, R15=0x00007fe72402cad0
RIP=0x00007fe67dfede80, EFLAGS=0x0000000000010206, CSGSFS=0x002b000000000033, ERR=0x0000000000000004
  TRAPNO=0x000000000000000e


Register to memory mapping:

RAX=0x00007fe72453a080 points into unknown readable memory: 0x00007fe724536f10 | 10 6f 53 24 e7 7f 00 00
RBX=0x00007fe72453b5a0 points into unknown readable memory: 0x00007fe72453a080 | 80 a0 53 24 e7 7f 00 00
RCX=0x00007fe72402ca78 points into unknown readable memory: 0x614d3a38333a3833 | 33 38 3a 33 38 3a 4d 61
RDX=0x00007fe6840cf490 points into unknown readable memory: 0x00007fe17a640078 | 78 00 64 7a e1 7f 00 00
RSP=0x00007fe72a3338f8 is pointing into the stack for thread: 0x00007fe72402cad0
RBP=0x00007fe724539600 points into unknown readable memory: 0x00007fe724539610 | 10 96 53 24 e7 7f 00 00
RSI=0x0000000000000101 is an unknown value
RDI=0x0 is null
R8 =0x0000000715bd45e8 is pointing into object: [B 
{0x0000000715bd45d8} - klass: {type array byte}
 - length: 1
R9 =0x0000000000000002 is an unknown value
R10=0x00007fe67d451700: <offset 0x0000000000051700> in /home/wangjing/.javacpp/cache/llvm-13.0.1-1.5.7-linux-x86_64.jar/org/bytedeco/llvm/linux-x86_64/libLLVM-13.so at 0x00007fe67d400000
R11=0x00007fe67e02c870: LLVMBuildLoad+0x0000000000000000 in /home/wangjing/.javacpp/cache/llvm-13.0.1-1.5.7-linux-x86_64.jar/org/bytedeco/llvm/linux-x86_64/libLLVM-13.so at 0x00007fe67d400000
R12=0x00007fe72a333a50 is pointing into the stack for thread: 0x00007fe72402cad0
R13=0x00007fe72453b5a0 points into unknown readable memory: 0x00007fe72453a080 | 80 a0 53 24 e7 7f 00 00
R14=0x00007fe724537698 points into unknown readable memory: 0x00007fe724536f10 | 10 6f 53 24 e7 7f 00 00
R15=0x00007fe72402cad0 is a thread

Top of Stack: (sp=0x00007fe72a3338f8)
0x00007fe72a3338f8:   00007fe67e02c8aa 00007fe6840cf490
0x00007fe72a333908:   0000000000000000 0000000000000000
0x00007fe72a333918:   0000000000000000 0000000000000103
0x00007fe72a333928:   0000000000000000 0000000000000000
0x00007fe72a333938:   0000000000000000 00007fe72a333a48
0x00007fe72a333948:   00007fe72402cad0 00007fe72402ce88
0x00007fe72a333958:   00007fe70426cfa1 00007fe72453b5a0
0x00007fe72a333968:   00007fe72402ce88 00007fe72a333a50
0x00007fe72a333978:   00007fe724539600 00007fe6840cf490
0x00007fe72a333988:   00007fe7042838dc 00007fe6a4556f98
0x00007fe72a333998:   00007fe72a333a28 0000000000000000
0x00007fe72a3339a8:   00007fe6a4556f98 00007fe72a333a58
0x00007fe72a3339b8:   00007fe713547c0d 00007fe72a333a28
0x00007fe72a3339c8:   00007fe71354780d 0000000000000000
0x00007fe72a3339d8:   00007fe7135477d8 00007fe72a3339e0
0x00007fe72a3339e8:   00007fe6a4556f98 0000000000000006
0x00007fe72a3339f8:   00007fe6a458c2f0 0000000000000000
0x00007fe72a333a08:   0000000715d6efc0 00007fe6a4556f98
0x00007fe72a333a18:   0000000000000000 00007fe72a333a48
0x00007fe72a333a28:   00007fe72a333aa8 00007fe713540cb5
0x00007fe72a333a38:   0000000715d6efc0 00007fe713543e5a
0x00007fe72a333a48:   0000000715bd4420 0000000715bb3720
0x00007fe72a333a58:   0000000715bb1b58 00007fe72a333a60
0x00007fe72a333a68:   00007fe6a451a62f 0000000000000004
0x00007fe72a333a78:   00007fe6a4523790 0000000000000000
0x00007fe72a333a88:   0000000715d31168 00007fe6a451a660
0x00007fe72a333a98:   00007fe72a333a48 00007fe72a333ac0
0x00007fe72a333aa8:   00007fe72a333b18 00007fe713540cb5
0x00007fe72a333ab8:   0000000715bb3720 0000000715cdf730
0x00007fe72a333ac8:   0000000715d37db8 00007fe72a333ad0
0x00007fe72a333ad8:   00007fe6a451a7b2 0000000000000003
0x00007fe72a333ae8:   00007fe6a4523790 0000000000000000 

Instructions: (pc=0x00007fe67dfede80)
0x00007fe67dfedd80:   ff 66 0f ef c0 48 89 02 48 89 50 08 41 0f 11 45
0x00007fe67dfedd90:   00 e8 5a 4b 17 00 4c 39 f3 75 c5 4d 8b 6c 24 30
0x00007fe67dfedda0:   4c 39 ed 74 3b 0f 1f 00 4c 89 eb 48 89 ef 4d 8b
0x00007fe67dfeddb0:   6d 08 4c 8d 73 e8 4c 89 f6 e8 42 fd ff ff 48 8b
0x00007fe67dfeddc0:   03 48 8b 53 08 66 0f ef c9 4c 89 f7 48 89 02 48
0x00007fe67dfeddd0:   89 50 08 0f 11 0b e8 15 4b 17 00 4c 39 ed 75 c8
0x00007fe67dfedde0:   48 83 c4 08 4c 89 e7 5b 5d 41 5c 41 5d 41 5e 41
0x00007fe67dfeddf0:   5f e9 fa 48 17 00 66 2e 0f 1f 84 00 00 00 00 00
0x00007fe67dfede00:   48 8d 4b e8 48 89 c8 48 29 d0 e9 11 ff ff ff 90
0x00007fe67dfede10:   48 8b 07 48 8b 38 e8 45 13 16 00 31 d2 be 01 00
0x00007fe67dfede20:   00 00 48 89 c7 e8 b6 2a 02 00 48 89 c3 49 8b 44
0x00007fe67dfede30:   24 08 48 85 c0 0f 84 a2 fe ff ff 0f 1f 44 00 00
0x00007fe67dfede40:   48 8b 68 18 31 d2 48 89 df 48 8b 75 00 e8 ae bc
0x00007fe67dfede50:   02 00 48 89 ef 48 89 c6 e8 63 65 17 00 48 89 ef
0x00007fe67dfede60:   e8 4b 81 02 00 49 8b 44 24 08 48 85 c0 75 d1 e9
0x00007fe67dfede70:   69 fe ff ff 66 2e 0f 1f 84 00 00 00 00 00 66 90
0x00007fe67dfede80:   48 8b 47 38 48 8b 40 28 c3 0f 1f 80 00 00 00 00
0x00007fe67dfede90:   48 8b 47 28 48 83 c7 28 48 39 f8 74 2b 48 85 c0
0x00007fe67dfedea0:   0f 84 9e 9d d3 ff 4c 8d 40 e8 0f b6 40 f8 83 e8
0x00007fe67dfedeb0:   1b 83 f8 0b b8 00 00 00 00 4c 0f 43 c0 4c 89 c0
0x00007fe67dfedec0:   c3 0f 1f 80 00 00 00 00 45 31 c0 eb f0 0f 1f 00
0x00007fe67dfeded0:   48 8b 47 28 48 8d 57 28 48 39 d0 0f 84 af 00 00
0x00007fe67dfedee0:   00 48 85 c0 0f 84 64 9d d3 ff 45 31 c0 80 78 f8
0x00007fe67dfedef0:   1b 75 23 48 8b 57 30 48 8d 48 e8 48 85 d2 74 09
0x00007fe67dfedf00:   48 83 ea 18 48 39 d1 74 0d 48 8b 50 10 45 31 c0
0x00007fe67dfedf10:   48 39 42 30 75 0a 4c 89 c0 c3 66 0f 1f 44 00 00
0x00007fe67dfedf20:   4c 8b 00 4d 85 c0 74 ee 8b 50 fc 49 8d 48 e8 81
0x00007fe67dfedf30:   e2 ff ff ff 07 74 3e 89 d2 48 f7 da 48 c1 e2 05
0x00007fe67dfedf40:   48 8b 44 10 e8 48 85 c0 74 2b 48 39 c1 75 41 41
0x00007fe67dfedf50:   80 78 f8 4b 75 1f 49 8b 40 10 4c 39 40 30 74 30
0x00007fe67dfedf60:   49 8b 48 c8 4d 8b 00 4d 85 c0 74 aa 49 83 e8 18
0x00007fe67dfedf70:   4c 39 c1 75 1b 45 31 c0 80 79 10 52 75 98 0f b7 


Stack slot to memory mapping:

stack at sp + 0 slots: 0x00007fe67e02c8aa: LLVMBuildLoad+0x000000000000003a in /home/wangjing/.javacpp/cache/llvm-13.0.1-1.5.7-linux-x86_64.jar/org/bytedeco/llvm/linux-x86_64/libLLVM-13.so at 0x00007fe67d400000
stack at sp + 1 slots: 0x00007fe6840cf490 points into unknown readable memory: 0x00007fe17a640078 | 78 00 64 7a e1 7f 00 00
stack at sp + 2 slots: 0x0 is null
stack at sp + 3 slots: 0x0 is null
stack at sp + 4 slots: 0x0 is null
stack at sp + 5 slots: 0x0000000000000103 is an unknown value
stack at sp + 6 slots: 0x0 is null
stack at sp + 7 slots: 0x0 is null


---------------  P R O C E S S  ---------------

Threads class SMR info:
_java_thread_list=0x00007fe690003b90, length=12, elements={
0x00007fe72402cad0, 0x00007fe724152830, 0x00007fe724153e80, 0x00007fe724155960,
0x00007fe724156fa0, 0x00007fe724158540, 0x00007fe72415a080, 0x00007fe72415b740,
0x00007fe7241751e0, 0x00007fe7241c69d0, 0x00007fe7241e2fe0, 0x00007fe72421b0e0
}

Java Threads: ( => current thread )
=>0x00007fe72402cad0 JavaThread "main"                              [_thread_in_native, id=32431, stack(0x00007fe72a236000,0x00007fe72a336000) (1024K)]
  0x00007fe724152830 JavaThread "Reference Handler"          daemon [_thread_blocked, id=32445, stack(0x00007fe70501b000,0x00007fe70511b000) (1024K)]
  0x00007fe724153e80 JavaThread "Finalizer"                  daemon [_thread_blocked, id=32446, stack(0x00007fe704f1b000,0x00007fe70501b000) (1024K)]
  0x00007fe724155960 JavaThread "Signal Dispatcher"          daemon [_thread_blocked, id=32447, stack(0x00007fe704e1b000,0x00007fe704f1b000) (1024K)]
  0x00007fe724156fa0 JavaThread "Service Thread"             daemon [_thread_blocked, id=32449, stack(0x00007fe704d1b000,0x00007fe704e1b000) (1024K)]
  0x00007fe724158540 JavaThread "Monitor Deflation Thread"   daemon [_thread_blocked, id=32450, stack(0x00007fe704c1b000,0x00007fe704d1b000) (1024K)]
  0x00007fe72415a080 JavaThread "C2 CompilerThread0"         daemon [_thread_blocked, id=32451, stack(0x00007fe704b1b000,0x00007fe704c1b000) (1024K)]
  0x00007fe72415b740 JavaThread "C1 CompilerThread0"         daemon [_thread_blocked, id=32452, stack(0x00007fe704a1b000,0x00007fe704b1b000) (1024K)]
  0x00007fe7241751e0 JavaThread "Common-Cleaner"             daemon [_thread_blocked, id=32455, stack(0x00007fe70484b000,0x00007fe70494b000) (1024K)]
  0x00007fe7241c69d0 JavaThread "JDWP Event Helper Thread"   daemon [_thread_blocked, id=32460, stack(0x00007fe70464b000,0x00007fe70474b000) (1024K)]
  0x00007fe7241e2fe0 JavaThread "Notification Thread"        daemon [_thread_blocked, id=32466, stack(0x00007fe70444b000,0x00007fe70454b000) (1024K)]
  0x00007fe72421b0e0 JavaThread "JavaCPP Deallocator"        daemon [_thread_blocked, id=32467, stack(0x00007fe70434b000,0x00007fe70444b000) (1024K)]
Total: 12

Other Threads:
  0x00007fe724145e30 VMThread "VM Thread"                           [id=32440, stack(0x00007fe70511c000,0x00007fe70521c000) (1024K)]
  0x00007fe72412be00 WatcherThread "VM Periodic Task Thread"        [id=32439, stack(0x00007fe71b87f000,0x00007fe71b97f000) (1024K)]
  0x00007fe724095620 WorkerThread "GC Thread#0"                     [id=32432, stack(0x00007fe728528000,0x00007fe728628000) (1024K)]
  0x00007fe7240a6520 ConcurrentGCThread "G1 Main Marker"            [id=32433, stack(0x00007fe728427000,0x00007fe728527000) (1024K)]
  0x00007fe7240a74c0 WorkerThread "G1 Conc#0"                       [id=32434, stack(0x00007fe728326000,0x00007fe728426000) (1024K)]
  0x00007fe724119370 ConcurrentGCThread "G1 Refine#0"               [id=32435, stack(0x00007fe728023000,0x00007fe728123000) (1024K)]
  0x00007fe72411a320 ConcurrentGCThread "G1 Service"                [id=32436, stack(0x00007fe723f00000,0x00007fe724000000) (1024K)]
Total: 7

Threads with active compile tasks:
Total: 0

VM state: not at safepoint (normal execution)

VM Mutex/Monitor currently owned by a thread: None

Heap address: 0x0000000706c00000, size: 3988 MB, Compressed Oops mode: Zero based, Oop shift amount: 3

CDS archive(s) mapped at: [0x00007fe6af000000-0x00007fe6afca6000-0x00007fe6afca6000), size 13262848, SharedBaseAddress: 0x00007fe6af000000, ArchiveRelocationMode: 1.
Compressed class space mapped at: 0x00007fe6b0000000-0x00007fe6f0000000, reserved size: 1073741824
Narrow klass base: 0x00007fe6af000000, Narrow klass shift: 0, Narrow klass range: 0x100000000

GC Precious Log:
 CardTable entry size: 512
 Card Set container configuration: InlinePtr #cards 4 size 8 Array Of Cards #cards 16 size 48 Howl #buckets 8 coarsen threshold 3686 Howl Bitmap #cards 512 size 80 coarsen threshold 460 Card regions per heap region 1 cards per card region 4096
 CPUs: 2 total, 2 available
 Memory: 15948M
 Large Page Support: Disabled
 NUMA Support: Disabled
 Compressed Oops: Enabled (Zero based)
 Heap Region Size: 2M
 Heap Min Capacity: 8M
 Heap Initial Capacity: 250M
 Heap Max Capacity: 3988M
 Pre-touch: Disabled
 Parallel Workers: 2
 Concurrent Workers: 1
 Concurrent Refinement Workers: 2
 Periodic GC: Disabled

Heap:
 garbage-first heap   total 258048K, used 11293K [0x0000000706c00000, 0x0000000800000000)
  region size 2048K, 6 young (12288K), 0 survivors (0K)
 Metaspace       used 3670K, committed 3840K, reserved 1114112K
  class space    used 401K, committed 512K, reserved 1048576K

Heap Regions: E=young(eden), S=young(survivor), O=old, HS=humongous(starts), HC=humongous(continues), CS=collection set, F=free, TAMS=top-at-mark-start, PB=parsable bottom
|   0|0x0000000706c00000, 0x0000000706c00000, 0x0000000706e00000|  0%| F|  |TAMS 0x0000000706c00000| PB 0x0000000706c00000| Untracked 
|   1|0x0000000706e00000, 0x0000000706e00000, 0x0000000707000000|  0%| F|  |TAMS 0x0000000706e00000| PB 0x0000000706e00000| Untracked 
|   2|0x0000000707000000, 0x0000000707000000, 0x0000000707200000|  0%| F|  |TAMS 0x0000000707000000| PB 0x0000000707000000| Untracked 
|   3|0x0000000707200000, 0x0000000707200000, 0x0000000707400000|  0%| F|  |TAMS 0x0000000707200000| PB 0x0000000707200000| Untracked 
|   4|0x0000000707400000, 0x0000000707400000, 0x0000000707600000|  0%| F|  |TAMS 0x0000000707400000| PB 0x0000000707400000| Untracked 
|   5|0x0000000707600000, 0x0000000707600000, 0x0000000707800000|  0%| F|  |TAMS 0x0000000707600000| PB 0x0000000707600000| Untracked 
|   6|0x0000000707800000, 0x0000000707800000, 0x0000000707a00000|  0%| F|  |TAMS 0x0000000707800000| PB 0x0000000707800000| Untracked 
|   7|0x0000000707a00000, 0x0000000707a00000, 0x0000000707c00000|  0%| F|  |TAMS 0x0000000707a00000| PB 0x0000000707a00000| Untracked 
|   8|0x0000000707c00000, 0x0000000707c00000, 0x0000000707e00000|  0%| F|  |TAMS 0x0000000707c00000| PB 0x0000000707c00000| Untracked 
|   9|0x0000000707e00000, 0x0000000707e00000, 0x0000000708000000|  0%| F|  |TAMS 0x0000000707e00000| PB 0x0000000707e00000| Untracked 
|  10|0x0000000708000000, 0x0000000708000000, 0x0000000708200000|  0%| F|  |TAMS 0x0000000708000000| PB 0x0000000708000000| Untracked 
|  11|0x0000000708200000, 0x0000000708200000, 0x0000000708400000|  0%| F|  |TAMS 0x0000000708200000| PB 0x0000000708200000| Untracked 
|  12|0x0000000708400000, 0x0000000708400000, 0x0000000708600000|  0%| F|  |TAMS 0x0000000708400000| PB 0x0000000708400000| Untracked 
|  13|0x0000000708600000, 0x0000000708600000, 0x0000000708800000|  0%| F|  |TAMS 0x0000000708600000| PB 0x0000000708600000| Untracked 
|  14|0x0000000708800000, 0x0000000708800000, 0x0000000708a00000|  0%| F|  |TAMS 0x0000000708800000| PB 0x0000000708800000| Untracked 
|  15|0x0000000708a00000, 0x0000000708a00000, 0x0000000708c00000|  0%| F|  |TAMS 0x0000000708a00000| PB 0x0000000708a00000| Untracked 
|  16|0x0000000708c00000, 0x0000000708c00000, 0x0000000708e00000|  0%| F|  |TAMS 0x0000000708c00000| PB 0x0000000708c00000| Untracked 
|  17|0x0000000708e00000, 0x0000000708e00000, 0x0000000709000000|  0%| F|  |TAMS 0x0000000708e00000| PB 0x0000000708e00000| Untracked 
|  18|0x0000000709000000, 0x0000000709000000, 0x0000000709200000|  0%| F|  |TAMS 0x0000000709000000| PB 0x0000000709000000| Untracked 
|  19|0x0000000709200000, 0x0000000709200000, 0x0000000709400000|  0%| F|  |TAMS 0x0000000709200000| PB 0x0000000709200000| Untracked 
|  20|0x0000000709400000, 0x0000000709400000, 0x0000000709600000|  0%| F|  |TAMS 0x0000000709400000| PB 0x0000000709400000| Untracked 
|  21|0x0000000709600000, 0x0000000709600000, 0x0000000709800000|  0%| F|  |TAMS 0x0000000709600000| PB 0x0000000709600000| Untracked 
|  22|0x0000000709800000, 0x0000000709800000, 0x0000000709a00000|  0%| F|  |TAMS 0x0000000709800000| PB 0x0000000709800000| Untracked 
|  23|0x0000000709a00000, 0x0000000709a00000, 0x0000000709c00000|  0%| F|  |TAMS 0x0000000709a00000| PB 0x0000000709a00000| Untracked 
|  24|0x0000000709c00000, 0x0000000709c00000, 0x0000000709e00000|  0%| F|  |TAMS 0x0000000709c00000| PB 0x0000000709c00000| Untracked 
|  25|0x0000000709e00000, 0x0000000709e00000, 0x000000070a000000|  0%| F|  |TAMS 0x0000000709e00000| PB 0x0000000709e00000| Untracked 
|  26|0x000000070a000000, 0x000000070a000000, 0x000000070a200000|  0%| F|  |TAMS 0x000000070a000000| PB 0x000000070a000000| Untracked 
|  27|0x000000070a200000, 0x000000070a200000, 0x000000070a400000|  0%| F|  |TAMS 0x000000070a200000| PB 0x000000070a200000| Untracked 
|  28|0x000000070a400000, 0x000000070a400000, 0x000000070a600000|  0%| F|  |TAMS 0x000000070a400000| PB 0x000000070a400000| Untracked 
|  29|0x000000070a600000, 0x000000070a600000, 0x000000070a800000|  0%| F|  |TAMS 0x000000070a600000| PB 0x000000070a600000| Untracked 
|  30|0x000000070a800000, 0x000000070a800000, 0x000000070aa00000|  0%| F|  |TAMS 0x000000070a800000| PB 0x000000070a800000| Untracked 
|  31|0x000000070aa00000, 0x000000070aa00000, 0x000000070ac00000|  0%| F|  |TAMS 0x000000070aa00000| PB 0x000000070aa00000| Untracked 
|  32|0x000000070ac00000, 0x000000070ac00000, 0x000000070ae00000|  0%| F|  |TAMS 0x000000070ac00000| PB 0x000000070ac00000| Untracked 
|  33|0x000000070ae00000, 0x000000070ae00000, 0x000000070b000000|  0%| F|  |TAMS 0x000000070ae00000| PB 0x000000070ae00000| Untracked 
|  34|0x000000070b000000, 0x000000070b000000, 0x000000070b200000|  0%| F|  |TAMS 0x000000070b000000| PB 0x000000070b000000| Untracked 
|  35|0x000000070b200000, 0x000000070b200000, 0x000000070b400000|  0%| F|  |TAMS 0x000000070b200000| PB 0x000000070b200000| Untracked 
|  36|0x000000070b400000, 0x000000070b400000, 0x000000070b600000|  0%| F|  |TAMS 0x000000070b400000| PB 0x000000070b400000| Untracked 
|  37|0x000000070b600000, 0x000000070b600000, 0x000000070b800000|  0%| F|  |TAMS 0x000000070b600000| PB 0x000000070b600000| Untracked 
|  38|0x000000070b800000, 0x000000070b800000, 0x000000070ba00000|  0%| F|  |TAMS 0x000000070b800000| PB 0x000000070b800000| Untracked 
|  39|0x000000070ba00000, 0x000000070ba00000, 0x000000070bc00000|  0%| F|  |TAMS 0x000000070ba00000| PB 0x000000070ba00000| Untracked 
|  40|0x000000070bc00000, 0x000000070bc00000, 0x000000070be00000|  0%| F|  |TAMS 0x000000070bc00000| PB 0x000000070bc00000| Untracked 
|  41|0x000000070be00000, 0x000000070be00000, 0x000000070c000000|  0%| F|  |TAMS 0x000000070be00000| PB 0x000000070be00000| Untracked 
|  42|0x000000070c000000, 0x000000070c000000, 0x000000070c200000|  0%| F|  |TAMS 0x000000070c000000| PB 0x000000070c000000| Untracked 
|  43|0x000000070c200000, 0x000000070c200000, 0x000000070c400000|  0%| F|  |TAMS 0x000000070c200000| PB 0x000000070c200000| Untracked 
|  44|0x000000070c400000, 0x000000070c400000, 0x000000070c600000|  0%| F|  |TAMS 0x000000070c400000| PB 0x000000070c400000| Untracked 
|  45|0x000000070c600000, 0x000000070c600000, 0x000000070c800000|  0%| F|  |TAMS 0x000000070c600000| PB 0x000000070c600000| Untracked 
|  46|0x000000070c800000, 0x000000070c800000, 0x000000070ca00000|  0%| F|  |TAMS 0x000000070c800000| PB 0x000000070c800000| Untracked 
|  47|0x000000070ca00000, 0x000000070ca00000, 0x000000070cc00000|  0%| F|  |TAMS 0x000000070ca00000| PB 0x000000070ca00000| Untracked 
|  48|0x000000070cc00000, 0x000000070cc00000, 0x000000070ce00000|  0%| F|  |TAMS 0x000000070cc00000| PB 0x000000070cc00000| Untracked 
|  49|0x000000070ce00000, 0x000000070ce00000, 0x000000070d000000|  0%| F|  |TAMS 0x000000070ce00000| PB 0x000000070ce00000| Untracked 
|  50|0x000000070d000000, 0x000000070d000000, 0x000000070d200000|  0%| F|  |TAMS 0x000000070d000000| PB 0x000000070d000000| Untracked 
|  51|0x000000070d200000, 0x000000070d200000, 0x000000070d400000|  0%| F|  |TAMS 0x000000070d200000| PB 0x000000070d200000| Untracked 
|  52|0x000000070d400000, 0x000000070d400000, 0x000000070d600000|  0%| F|  |TAMS 0x000000070d400000| PB 0x000000070d400000| Untracked 
|  53|0x000000070d600000, 0x000000070d600000, 0x000000070d800000|  0%| F|  |TAMS 0x000000070d600000| PB 0x000000070d600000| Untracked 
|  54|0x000000070d800000, 0x000000070d800000, 0x000000070da00000|  0%| F|  |TAMS 0x000000070d800000| PB 0x000000070d800000| Untracked 
|  55|0x000000070da00000, 0x000000070da00000, 0x000000070dc00000|  0%| F|  |TAMS 0x000000070da00000| PB 0x000000070da00000| Untracked 
|  56|0x000000070dc00000, 0x000000070dc00000, 0x000000070de00000|  0%| F|  |TAMS 0x000000070dc00000| PB 0x000000070dc00000| Untracked 
|  57|0x000000070de00000, 0x000000070de00000, 0x000000070e000000|  0%| F|  |TAMS 0x000000070de00000| PB 0x000000070de00000| Untracked 
|  58|0x000000070e000000, 0x000000070e000000, 0x000000070e200000|  0%| F|  |TAMS 0x000000070e000000| PB 0x000000070e000000| Untracked 
|  59|0x000000070e200000, 0x000000070e200000, 0x000000070e400000|  0%| F|  |TAMS 0x000000070e200000| PB 0x000000070e200000| Untracked 
|  60|0x000000070e400000, 0x000000070e400000, 0x000000070e600000|  0%| F|  |TAMS 0x000000070e400000| PB 0x000000070e400000| Untracked 
|  61|0x000000070e600000, 0x000000070e600000, 0x000000070e800000|  0%| F|  |TAMS 0x000000070e600000| PB 0x000000070e600000| Untracked 
|  62|0x000000070e800000, 0x000000070e800000, 0x000000070ea00000|  0%| F|  |TAMS 0x000000070e800000| PB 0x000000070e800000| Untracked 
|  63|0x000000070ea00000, 0x000000070ea00000, 0x000000070ec00000|  0%| F|  |TAMS 0x000000070ea00000| PB 0x000000070ea00000| Untracked 
|  64|0x000000070ec00000, 0x000000070ec00000, 0x000000070ee00000|  0%| F|  |TAMS 0x000000070ec00000| PB 0x000000070ec00000| Untracked 
|  65|0x000000070ee00000, 0x000000070ee00000, 0x000000070f000000|  0%| F|  |TAMS 0x000000070ee00000| PB 0x000000070ee00000| Untracked 
|  66|0x000000070f000000, 0x000000070f000000, 0x000000070f200000|  0%| F|  |TAMS 0x000000070f000000| PB 0x000000070f000000| Untracked 
|  67|0x000000070f200000, 0x000000070f200000, 0x000000070f400000|  0%| F|  |TAMS 0x000000070f200000| PB 0x000000070f200000| Untracked 
|  68|0x000000070f400000, 0x000000070f400000, 0x000000070f600000|  0%| F|  |TAMS 0x000000070f400000| PB 0x000000070f400000| Untracked 
|  69|0x000000070f600000, 0x000000070f600000, 0x000000070f800000|  0%| F|  |TAMS 0x000000070f600000| PB 0x000000070f600000| Untracked 
|  70|0x000000070f800000, 0x000000070f800000, 0x000000070fa00000|  0%| F|  |TAMS 0x000000070f800000| PB 0x000000070f800000| Untracked 
|  71|0x000000070fa00000, 0x000000070fa00000, 0x000000070fc00000|  0%| F|  |TAMS 0x000000070fa00000| PB 0x000000070fa00000| Untracked 
|  72|0x000000070fc00000, 0x000000070fc00000, 0x000000070fe00000|  0%| F|  |TAMS 0x000000070fc00000| PB 0x000000070fc00000| Untracked 
|  73|0x000000070fe00000, 0x000000070fe00000, 0x0000000710000000|  0%| F|  |TAMS 0x000000070fe00000| PB 0x000000070fe00000| Untracked 
|  74|0x0000000710000000, 0x0000000710000000, 0x0000000710200000|  0%| F|  |TAMS 0x0000000710000000| PB 0x0000000710000000| Untracked 
|  75|0x0000000710200000, 0x0000000710200000, 0x0000000710400000|  0%| F|  |TAMS 0x0000000710200000| PB 0x0000000710200000| Untracked 
|  76|0x0000000710400000, 0x0000000710400000, 0x0000000710600000|  0%| F|  |TAMS 0x0000000710400000| PB 0x0000000710400000| Untracked 
|  77|0x0000000710600000, 0x0000000710600000, 0x0000000710800000|  0%| F|  |TAMS 0x0000000710600000| PB 0x0000000710600000| Untracked 
|  78|0x0000000710800000, 0x0000000710800000, 0x0000000710a00000|  0%| F|  |TAMS 0x0000000710800000| PB 0x0000000710800000| Untracked 
|  79|0x0000000710a00000, 0x0000000710a00000, 0x0000000710c00000|  0%| F|  |TAMS 0x0000000710a00000| PB 0x0000000710a00000| Untracked 
|  80|0x0000000710c00000, 0x0000000710c00000, 0x0000000710e00000|  0%| F|  |TAMS 0x0000000710c00000| PB 0x0000000710c00000| Untracked 
|  81|0x0000000710e00000, 0x0000000710e00000, 0x0000000711000000|  0%| F|  |TAMS 0x0000000710e00000| PB 0x0000000710e00000| Untracked 
|  82|0x0000000711000000, 0x0000000711000000, 0x0000000711200000|  0%| F|  |TAMS 0x0000000711000000| PB 0x0000000711000000| Untracked 
|  83|0x0000000711200000, 0x0000000711200000, 0x0000000711400000|  0%| F|  |TAMS 0x0000000711200000| PB 0x0000000711200000| Untracked 
|  84|0x0000000711400000, 0x0000000711400000, 0x0000000711600000|  0%| F|  |TAMS 0x0000000711400000| PB 0x0000000711400000| Untracked 
|  85|0x0000000711600000, 0x0000000711600000, 0x0000000711800000|  0%| F|  |TAMS 0x0000000711600000| PB 0x0000000711600000| Untracked 
|  86|0x0000000711800000, 0x0000000711800000, 0x0000000711a00000|  0%| F|  |TAMS 0x0000000711800000| PB 0x0000000711800000| Untracked 
|  87|0x0000000711a00000, 0x0000000711a00000, 0x0000000711c00000|  0%| F|  |TAMS 0x0000000711a00000| PB 0x0000000711a00000| Untracked 
|  88|0x0000000711c00000, 0x0000000711c00000, 0x0000000711e00000|  0%| F|  |TAMS 0x0000000711c00000| PB 0x0000000711c00000| Untracked 
|  89|0x0000000711e00000, 0x0000000711e00000, 0x0000000712000000|  0%| F|  |TAMS 0x0000000711e00000| PB 0x0000000711e00000| Untracked 
|  90|0x0000000712000000, 0x0000000712000000, 0x0000000712200000|  0%| F|  |TAMS 0x0000000712000000| PB 0x0000000712000000| Untracked 
|  91|0x0000000712200000, 0x0000000712200000, 0x0000000712400000|  0%| F|  |TAMS 0x0000000712200000| PB 0x0000000712200000| Untracked 
|  92|0x0000000712400000, 0x0000000712400000, 0x0000000712600000|  0%| F|  |TAMS 0x0000000712400000| PB 0x0000000712400000| Untracked 
|  93|0x0000000712600000, 0x0000000712600000, 0x0000000712800000|  0%| F|  |TAMS 0x0000000712600000| PB 0x0000000712600000| Untracked 
|  94|0x0000000712800000, 0x0000000712800000, 0x0000000712a00000|  0%| F|  |TAMS 0x0000000712800000| PB 0x0000000712800000| Untracked 
|  95|0x0000000712a00000, 0x0000000712a00000, 0x0000000712c00000|  0%| F|  |TAMS 0x0000000712a00000| PB 0x0000000712a00000| Untracked 
|  96|0x0000000712c00000, 0x0000000712c00000, 0x0000000712e00000|  0%| F|  |TAMS 0x0000000712c00000| PB 0x0000000712c00000| Untracked 
|  97|0x0000000712e00000, 0x0000000712e00000, 0x0000000713000000|  0%| F|  |TAMS 0x0000000712e00000| PB 0x0000000712e00000| Untracked 
|  98|0x0000000713000000, 0x0000000713000000, 0x0000000713200000|  0%| F|  |TAMS 0x0000000713000000| PB 0x0000000713000000| Untracked 
|  99|0x0000000713200000, 0x0000000713200000, 0x0000000713400000|  0%| F|  |TAMS 0x0000000713200000| PB 0x0000000713200000| Untracked 
| 100|0x0000000713400000, 0x0000000713400000, 0x0000000713600000|  0%| F|  |TAMS 0x0000000713400000| PB 0x0000000713400000| Untracked 
| 101|0x0000000713600000, 0x0000000713600000, 0x0000000713800000|  0%| F|  |TAMS 0x0000000713600000| PB 0x0000000713600000| Untracked 
| 102|0x0000000713800000, 0x0000000713800000, 0x0000000713a00000|  0%| F|  |TAMS 0x0000000713800000| PB 0x0000000713800000| Untracked 
| 103|0x0000000713a00000, 0x0000000713a00000, 0x0000000713c00000|  0%| F|  |TAMS 0x0000000713a00000| PB 0x0000000713a00000| Untracked 
| 104|0x0000000713c00000, 0x0000000713c00000, 0x0000000713e00000|  0%| F|  |TAMS 0x0000000713c00000| PB 0x0000000713c00000| Untracked 
| 105|0x0000000713e00000, 0x0000000713e00000, 0x0000000714000000|  0%| F|  |TAMS 0x0000000713e00000| PB 0x0000000713e00000| Untracked 
| 106|0x0000000714000000, 0x0000000714000000, 0x0000000714200000|  0%| F|  |TAMS 0x0000000714000000| PB 0x0000000714000000| Untracked 
| 107|0x0000000714200000, 0x0000000714200000, 0x0000000714400000|  0%| F|  |TAMS 0x0000000714200000| PB 0x0000000714200000| Untracked 
| 108|0x0000000714400000, 0x0000000714400000, 0x0000000714600000|  0%| F|  |TAMS 0x0000000714400000| PB 0x0000000714400000| Untracked 
| 109|0x0000000714600000, 0x0000000714600000, 0x0000000714800000|  0%| F|  |TAMS 0x0000000714600000| PB 0x0000000714600000| Untracked 
| 110|0x0000000714800000, 0x0000000714800000, 0x0000000714a00000|  0%| F|  |TAMS 0x0000000714800000| PB 0x0000000714800000| Untracked 
| 111|0x0000000714a00000, 0x0000000714a00000, 0x0000000714c00000|  0%| F|  |TAMS 0x0000000714a00000| PB 0x0000000714a00000| Untracked 
| 112|0x0000000714c00000, 0x0000000714c00000, 0x0000000714e00000|  0%| F|  |TAMS 0x0000000714c00000| PB 0x0000000714c00000| Untracked 
| 113|0x0000000714e00000, 0x0000000714e00000, 0x0000000715000000|  0%| F|  |TAMS 0x0000000714e00000| PB 0x0000000714e00000| Untracked 
| 114|0x0000000715000000, 0x0000000715000000, 0x0000000715200000|  0%| F|  |TAMS 0x0000000715000000| PB 0x0000000715000000| Untracked 
| 115|0x0000000715200000, 0x0000000715200000, 0x0000000715400000|  0%| F|  |TAMS 0x0000000715200000| PB 0x0000000715200000| Untracked 
| 116|0x0000000715400000, 0x0000000715400000, 0x0000000715600000|  0%| F|  |TAMS 0x0000000715400000| PB 0x0000000715400000| Untracked 
| 117|0x0000000715600000, 0x0000000715600000, 0x0000000715800000|  0%| F|  |TAMS 0x0000000715600000| PB 0x0000000715600000| Untracked 
| 118|0x0000000715800000, 0x0000000715800000, 0x0000000715a00000|  0%| F|  |TAMS 0x0000000715800000| PB 0x0000000715800000| Untracked 
| 119|0x0000000715a00000, 0x0000000715c00000, 0x0000000715c00000|100%| E|  |TAMS 0x0000000715a00000| PB 0x0000000715a00000| Complete 
| 120|0x0000000715c00000, 0x0000000715e00000, 0x0000000715e00000|100%| E|CS|TAMS 0x0000000715c00000| PB 0x0000000715c00000| Complete 
| 121|0x0000000715e00000, 0x0000000716000000, 0x0000000716000000|100%| E|CS|TAMS 0x0000000715e00000| PB 0x0000000715e00000| Complete 
| 122|0x0000000716000000, 0x0000000716200000, 0x0000000716200000|100%| E|CS|TAMS 0x0000000716000000| PB 0x0000000716000000| Complete 
| 123|0x0000000716200000, 0x0000000716400000, 0x0000000716400000|100%| E|CS|TAMS 0x0000000716200000| PB 0x0000000716200000| Complete 
| 124|0x0000000716400000, 0x0000000716600000, 0x0000000716600000|100%| E|CS|TAMS 0x0000000716400000| PB 0x0000000716400000| Complete 
|1993|0x00000007ffe00000, 0x00000007fff07778, 0x0000000800000000| 51%| O|  |TAMS 0x00000007ffe00000| PB 0x00000007ffe00000| Untracked 

Card table byte_map: [0x00007fe70b06c000,0x00007fe70b836000] _byte_map_base: 0x00007fe707836000

Marking Bits: (CMBitMap*) 0x00007fe724096140
 Bits: [0x00007fe70721c000, 0x00007fe70b06c000)

Polling page: 0x00007fe72a46d000

Metaspace:

Usage:
  Non-class:      3.19 MB used.
      Class:    401.20 KB used.
       Both:      3.58 MB used.

Virtual space:
  Non-class space:       64.00 MB reserved,       3.25 MB (  5%) committed,  1 nodes.
      Class space:        1.00 GB reserved,     512.00 KB ( <1%) committed,  1 nodes.
             Both:        1.06 GB reserved,       3.75 MB ( <1%) committed. 

Chunk freelists:
   Non-Class:  10.31 MB
       Class:  15.48 MB
        Both:  25.80 MB

MaxMetaspaceSize: unlimited
CompressedClassSpaceSize: 1.00 GB
Initial GC threshold: 21.00 MB
Current GC threshold: 21.00 MB
CDS: on
 - commit_granule_bytes: 65536.
 - commit_granule_words: 8192.
 - virtual_space_node_default_size: 8388608.
 - enlarge_chunks_in_place: 1.
 - use_allocation_guard: 0.


Internal statistics:

num_allocs_failed_limit: 0.
num_arena_births: 36.
num_arena_deaths: 0.
num_vsnodes_births: 2.
num_vsnodes_deaths: 0.
num_space_committed: 60.
num_space_uncommitted: 0.
num_chunks_returned_to_freelist: 0.
num_chunks_taken_from_freelist: 104.
num_chunk_merges: 0.
num_chunk_splits: 88.
num_chunks_enlarged: 78.
num_inconsistent_stats: 0.

CodeHeap 'non-profiled nmethods': size=120036Kb used=218Kb max_used=218Kb free=119817Kb
 bounds [0x00007fe713ac7000, 0x00007fe713d37000, 0x00007fe71b000000]
CodeHeap 'profiled nmethods': size=120032Kb used=1315Kb max_used=1315Kb free=118717Kb
 bounds [0x00007fe70c000000, 0x00007fe70c270000, 0x00007fe713538000]
CodeHeap 'non-nmethods': size=5692Kb used=1514Kb max_used=1525Kb free=4177Kb
 bounds [0x00007fe713538000, 0x00007fe7137a8000, 0x00007fe713ac7000]
 total_blobs=1176 nmethods=709 adapters=373
 compilation: enabled
              stopped_count=0, restarted_count=0
 full_count=0

Compilation events (20 events):
Event: 0.665 Thread 0x00007fe72415b740  695       3       java.io.UnixFileSystem::trimSeparator (33 bytes)
Event: 0.665 Thread 0x00007fe72415a080  704       4       java.util.zip.ZipUtils::LG (22 bytes)
Event: 0.666 Thread 0x00007fe72415a080 nmethod 704 0x00007fe713afcd10 code [0x00007fe713afcea0, 0x00007fe713afcfb8]
Event: 0.666 Thread 0x00007fe72415a080  702       4       java.util.zip.ZipFile$Source::zipCoderForPos (39 bytes)
Event: 0.666 Thread 0x00007fe72415a080 nmethod 702 0x00007fe713afd110 code [0x00007fe713afd2a0, 0x00007fe713afd378]
Event: 0.666 Thread 0x00007fe72415b740 nmethod 695 0x00007fe70c13e090 code [0x00007fe70c13e2a0, 0x00007fe70c13e9f8]
Event: 0.666 Thread 0x00007fe72415b740  703       3       java.lang.Record::<init> (5 bytes)
Event: 0.667 Thread 0x00007fe72415b740 nmethod 703 0x00007fe70c13ed10 code [0x00007fe70c13eea0, 0x00007fe70c13f000]
Event: 0.667 Thread 0x00007fe72415b740  693       3       java.lang.Thread::interrupted (7 bytes)
Event: 0.667 Thread 0x00007fe72415b740 nmethod 693 0x00007fe70c13f090 code [0x00007fe70c13f240, 0x00007fe70c13f4b0]
Event: 0.667 Thread 0x00007fe72415b740  700       1       java.util.zip.ZipEntry::getName (5 bytes)
Event: 0.667 Thread 0x00007fe72415b740 nmethod 700 0x00007fe713afd490 code [0x00007fe713afd620, 0x00007fe713afd6e8]
Event: 0.667 Thread 0x00007fe72415b740  705       3       java.util.jar.Attributes::getValue (9 bytes)
Event: 0.667 Thread 0x00007fe72415b740 nmethod 705 0x00007fe70c13f590 code [0x00007fe70c13f740, 0x00007fe70c13fa78]
Event: 0.667 Thread 0x00007fe72415b740  706   !   3       java.lang.String::<init> (893 bytes)
Event: 0.670 Thread 0x00007fe72415b740 nmethod 706 0x00007fe70c13fb90 code [0x00007fe70c140480, 0x00007fe70c145c40]
Event: 0.877 Thread 0x00007fe72415b740  707       3       java.lang.invoke.MethodTypeForm::canonicalizeAll (63 bytes)
Event: 0.878 Thread 0x00007fe72415b740 nmethod 707 0x00007fe70c147a90 code [0x00007fe70c147c80, 0x00007fe70c1482d8]
Event: 0.878 Thread 0x00007fe72415b740  708       3       java.lang.invoke.MethodType$ConcurrentWeakInternSet$WeakEntry::<init> (15 bytes)
Event: 0.878 Thread 0x00007fe72415b740 nmethod 708 0x00007fe70c148490 code [0x00007fe70c148660, 0x00007fe70c148a90]

GC Heap History (0 events):
No events

Dll operation events (13 events):
Event: 0.006 Loaded shared library /home/wangjing/.jdks/openjdk-21.0.2/lib/libjava.so
Event: 0.006 Loaded shared library /home/wangjing/.jdks/openjdk-21.0.2/lib/libzip.so
Event: 0.057 Loaded shared library /home/wangjing/.jdks/openjdk-21.0.2/lib/libjsvml.so
Event: 0.173 Loaded shared library /home/wangjing/.jdks/openjdk-21.0.2/lib/libinstrument.so
Event: 0.232 Loaded shared library /home/wangjing/.jdks/openjdk-21.0.2/lib/libnio.so
Event: 0.238 Loaded shared library /home/wangjing/.jdks/openjdk-21.0.2/lib/libzip.so
Event: 0.272 Loaded shared library /home/wangjing/.jdks/openjdk-21.0.2/lib/libjimage.so
Event: 0.366 Loaded shared library /home/wangjing/.javacpp/cache/javacpp-1.5.7-linux-x86_64.jar/org/bytedeco/javacpp/linux-x86_64/libjnijavacpp.so
Event: 0.385 Loaded shared library /home/wangjing/.jdks/openjdk-21.0.2/lib/libnet.so
Event: 0.607 Loaded shared library /home/wangjing/.javacpp/cache/llvm-13.0.1-1.5.7-linux-x86_64.jar/org/bytedeco/llvm/linux-x86_64/libLLVM-13.so
Event: 0.623 Loaded shared library /home/wangjing/.javacpp/cache/llvm-13.0.1-1.5.7-linux-x86_64.jar/org/bytedeco/llvm/linux-x86_64/libLTO.so.13
Event: 0.628 Loaded shared library /home/wangjing/.javacpp/cache/llvm-13.0.1-1.5.7-linux-x86_64.jar/org/bytedeco/llvm/linux-x86_64/libRemarks.so.13
Event: 0.629 Loaded shared library /home/wangjing/.javacpp/cache/llvm-13.0.1-1.5.7-linux-x86_64.jar/org/bytedeco/llvm/linux-x86_64/libjniLLVM.so

Deoptimization events (20 events):
Event: 0.580 Thread 0x00007fe72402cad0 DEOPT PACKING pc=0x00007fe70c0993d4 sp=0x00007fe72a333770
Event: 0.580 Thread 0x00007fe72402cad0 DEOPT UNPACKING pc=0x00007fe71359014f sp=0x00007fe72a332cd8 mode 1
Event: 0.580 Thread 0x00007fe72402cad0 DEOPT PACKING pc=0x00007fe70c09f5dc sp=0x00007fe72a3334a0
Event: 0.580 Thread 0x00007fe72402cad0 DEOPT UNPACKING pc=0x00007fe71359014f sp=0x00007fe72a3329a0 mode 1
Event: 0.580 Thread 0x00007fe72402cad0 DEOPT PACKING pc=0x00007fe70c09f5dc sp=0x00007fe72a3334a0
Event: 0.580 Thread 0x00007fe72402cad0 DEOPT UNPACKING pc=0x00007fe71359014f sp=0x00007fe72a3329a0 mode 1
Event: 0.580 Thread 0x00007fe72402cad0 DEOPT PACKING pc=0x00007fe70c09f5dc sp=0x00007fe72a3334a0
Event: 0.580 Thread 0x00007fe72402cad0 DEOPT UNPACKING pc=0x00007fe71359014f sp=0x00007fe72a3329a0 mode 1
Event: 0.580 Thread 0x00007fe72402cad0 DEOPT PACKING pc=0x00007fe70c09f5dc sp=0x00007fe72a3334a0
Event: 0.580 Thread 0x00007fe72402cad0 DEOPT UNPACKING pc=0x00007fe71359014f sp=0x00007fe72a3329a0 mode 1
Event: 0.580 Thread 0x00007fe72402cad0 DEOPT PACKING pc=0x00007fe70c09f5dc sp=0x00007fe72a3334a0
Event: 0.580 Thread 0x00007fe72402cad0 DEOPT UNPACKING pc=0x00007fe71359014f sp=0x00007fe72a3329a0 mode 1
Event: 0.580 Thread 0x00007fe72402cad0 DEOPT PACKING pc=0x00007fe70c09f5dc sp=0x00007fe72a3334a0
Event: 0.580 Thread 0x00007fe72402cad0 DEOPT UNPACKING pc=0x00007fe71359014f sp=0x00007fe72a3329a0 mode 1
Event: 0.580 Thread 0x00007fe72402cad0 DEOPT PACKING pc=0x00007fe70c09f5dc sp=0x00007fe72a3334a0
Event: 0.580 Thread 0x00007fe72402cad0 DEOPT UNPACKING pc=0x00007fe71359014f sp=0x00007fe72a3329a0 mode 1
Event: 0.580 Thread 0x00007fe72402cad0 DEOPT PACKING pc=0x00007fe70c09f5dc sp=0x00007fe72a3334a0
Event: 0.580 Thread 0x00007fe72402cad0 DEOPT UNPACKING pc=0x00007fe71359014f sp=0x00007fe72a3329a0 mode 1
Event: 0.580 Thread 0x00007fe72402cad0 DEOPT PACKING pc=0x00007fe70c09f5dc sp=0x00007fe72a3334a0
Event: 0.580 Thread 0x00007fe72402cad0 DEOPT UNPACKING pc=0x00007fe71359014f sp=0x00007fe72a3329a0 mode 1

Classes loaded (20 events):
Event: 0.664 Loading class org/bytedeco/llvm/LLVM/LLVMObjectFileRef
Event: 0.664 Loading class org/bytedeco/llvm/LLVM/LLVMObjectFileRef done
Event: 0.664 Loading class org/bytedeco/llvm/LLVM/LLVMTargetRef
Event: 0.664 Loading class org/bytedeco/llvm/LLVM/LLVMTargetRef done
Event: 0.665 Loading class org/bytedeco/llvm/LLVM/LLVMPassManagerBuilderRef
Event: 0.665 Loading class org/bytedeco/llvm/LLVM/LLVMPassManagerBuilderRef done
Event: 0.665 Loading class org/bytedeco/llvm/LLVM/LLVMPassBuilderOptionsRef
Event: 0.665 Loading class org/bytedeco/llvm/LLVM/LLVMPassBuilderOptionsRef done
Event: 0.665 Loading class org/bytedeco/llvm/LLVM/Pass
Event: 0.665 Loading class org/bytedeco/llvm/LLVM/Pass done
Event: 0.665 Loading class org/bytedeco/llvm/LLVM/LLVMNamedMDNodeRef
Event: 0.665 Loading class org/bytedeco/llvm/LLVM/LLVMNamedMDNodeRef done
Event: 0.665 Loading class org/bytedeco/llvm/LLVM/LLVMUseRef
Event: 0.665 Loading class org/bytedeco/llvm/LLVM/LLVMUseRef done
Event: 0.667 Loading class Scope
Event: 0.667 Loading class Scope done
Event: 0.821 Loading class com/intellij/rt/debugger/BatchEvaluatorServer
Event: 0.821 Loading class com/intellij/rt/debugger/BatchEvaluatorServer done
Event: 0.876 Loading class java/io/DataOutputStream
Event: 0.876 Loading class java/io/DataOutputStream done

Classes unloaded (0 events):
No events

Classes redefined (0 events):
No events

Internal exceptions (8 events):
Event: 0.174 Thread 0x00007fe72402cad0 Exception <a 'java/lang/NoSuchMethodError'{0x0000000716556ac0}: 'void java.lang.invoke.DirectMethodHandle$Holder.invokeStatic(java.lang.Object, java.lang.Object, java.lang.Object)'> (0x0000000716556ac0) 
thrown [open/src/hotspot/share/interpreter/linkResolver.cpp, line 772]
Event: 0.183 Thread 0x00007fe72402cad0 Exception <a 'java/lang/NoSuchMethodError'{0x000000071656de58}: 'java.lang.Object java.lang.invoke.Invokers$Holder.invokeExact_MT(java.lang.Object, java.lang.Object, java.lang.Object, java.lang.Object, java.lang.Object)'> (0x000000071656de58) 
thrown [open/src/hotspot/share/interpreter/linkResolver.cpp, line 772]
Event: 0.256 Thread 0x00007fe72402cad0 Exception <a 'java/lang/NoSuchMethodError'{0x000000071638f158}: 'int java.lang.invoke.DirectMethodHandle$Holder.invokeStaticInit(java.lang.Object, java.lang.Object, java.lang.Object, java.lang.Object)'> (0x000000071638f158) 
thrown [open/src/hotspot/share/interpreter/linkResolver.cpp, line 772]
Event: 0.257 