#
# A fatal error has been detected by the Java Runtime Environment:
#
#  SIGSEGV (0xb) at pc=0x00007941260bde5a, pid=8038, tid=8040
#
# JRE version: OpenJDK Runtime Environment (21.0.2+13) (build 21.0.2+13-58)
# Java VM: OpenJDK 64-Bit Server VM (21.0.2+13-58, mixed mode, sharing, tiered, compressed oops, compressed class ptrs, g1 gc, linux-amd64)
# Problematic frame:
# C  [libLLVM-13.so+0xcbde5a]  llvm::CallInst::init(llvm::FunctionType*, llvm::Value*, llvm::ArrayRef<llvm::Value*>, llvm::ArrayRef<llvm::OperandBundleDefT<llvm::Value*> >, llvm::Twine const&)+0x8a
#
# Core dump will be written. Default location: Core dumps may be processed with "/usr/share/apport/apport -p%p -s%s -c%c -d%d -P%P -u%u -g%g -- %E" (or dumping to /home/wangjing/Lab/core.8038)
#
# If you would like to submit a bug report, please visit:
#   https://bugreport.java.com/bugreport/crash.jsp
# The crash happened outside the Java Virtual Machine in native code.
# See problematic frame for where to report the bug.
#

---------------  S U M M A R Y ------------

Command Line: -javaagent:/opt/idea/idea-IU-233.14475.28/lib/idea_rt.jar=43565:/opt/idea/idea-IU-233.14475.28/bin -Dfile.encoding=UTF-8 -Dsun.stdout.encoding=UTF-8 -Dsun.stderr.encoding=UTF-8 Main ./tests/test1.sysy out.txt

Host: AMD Ryzen 7 7840HS with Radeon 780M Graphics, 2 cores, 15G, Ubuntu 22.04.4 LTS
Time: Tue May 28 15:50:05 2024 CST elapsed time: 0.518867 seconds (0d 0h 0m 0s)

---------------  T H R E A D  ---------------

Current thread (0x00007941d0029e70):  JavaThread "main"             [_thread_in_native, id=8040, stack(0x00007941d6900000,0x00007941d6a00000) (1024K)]

Stack: [0x00007941d6900000,0x00007941d6a00000],  sp=0x00007941d69fdbc0,  free space=1014k
Native frames: (J=compiled Java code, j=interpreted, Vv=VM code, C=native code)
C  [libLLVM-13.so+0xcbde5a]  llvm::CallInst::init(llvm::FunctionType*, llvm::Value*, llvm::ArrayRef<llvm::Value*>, llvm::ArrayRef<llvm::OperandBundleDefT<llvm::Value*> >, llvm::Twine const&)+0x8a
Java frames: (J=compiled Java code, j=interpreted, Vv=VM code)
j  org.bytedeco.llvm.global.LLVM.LLVMBuildCall(Lorg/bytedeco/llvm/LLVM/LLVMBuilderRef;Lorg/bytedeco/llvm/LLVM/LLVMValueRef;Lorg/bytedeco/javacpp/PointerPointer;ILjava/lang/String;)Lorg/bytedeco/llvm/LLVM/LLVMValueRef;+0
j  MyVisitor.visitFunCall(LSysYParser$FunCallContext;)Lorg/bytedeco/llvm/LLVM/LLVMValueRef;+99
j  MyVisitor.visitFunCall(LSysYParser$FunCallContext;)Ljava/lang/Object;+2
j  SysYParser$FunCallContext.accept(Lorg/antlr/v4/runtime/tree/ParseTreeVisitor;)Ljava/lang/Object;+12
j  org.antlr.v4.runtime.tree.AbstractParseTreeVisitor.visit(Lorg/antlr/v4/runtime/tree/ParseTree;)Ljava/lang/Object;+2
j  MyVisitor.visit(Lorg/antlr/v4/runtime/tree/ParseTree;)Lorg/bytedeco/llvm/LLVM/LLVMValueRef;+2
j  MyVisitor.visitStmt5(LSysYParser$Stmt5Context;)Lorg/bytedeco/llvm/LLVM/LLVMValueRef;+5
j  MyVisitor.visitStmt5(LSysYParser$Stmt5Context;)Ljava/lang/Object;+2
j  SysYParser$Stmt5Context.accept(Lorg/antlr/v4/runtime/tree/ParseTreeVisitor;)Ljava/lang/Object;+12
j  org.antlr.v4.runtime.tree.AbstractParseTreeVisitor.visitChildren(Lorg/antlr/v4/runtime/tree/RuleNode;)Ljava/lang/Object;+46
j  SysYParserBaseVisitor.visitBlockItem(LSysYParser$BlockItemContext;)Ljava/lang/Object;+2
j  SysYParser$BlockItemContext.accept(Lorg/antlr/v4/runtime/tree/ParseTreeVisitor;)Ljava/lang/Object;+12
j  org.antlr.v4.runtime.tree.AbstractParseTreeVisitor.visit(Lorg/antlr/v4/runtime/tree/ParseTree;)Ljava/lang/Object;+2
j  MyVisitor.visit(Lorg/antlr/v4/runtime/tree/ParseTree;)Lorg/bytedeco/llvm/LLVM/LLVMValueRef;+2
j  MyVisitor.visitBlock(LSysYParser$BlockContext;)Lorg/bytedeco/llvm/LLVM/LLVMValueRef;+92
j  MyVisitor.visitFuncDef(LSysYParser$FuncDefContext;)Lorg/bytedeco/llvm/LLVM/LLVMValueRef;+254
j  MyVisitor.visitFuncDef(LSysYParser$FuncDefContext;)Ljava/lang/Object;+2
j  SysYParser$FuncDefContext.accept(Lorg/antlr/v4/runtime/tree/ParseTreeVisitor;)Ljava/lang/Object;+12
j  org.antlr.v4.runtime.tree.AbstractParseTreeVisitor.visitChildren(Lorg/antlr/v4/runtime/tree/RuleNode;)Ljava/lang/Object;+46
j  SysYParserBaseVisitor.visitCompUnit(LSysYParser$CompUnitContext;)Ljava/lang/Object;+2
j  MyVisitor.visitCompUnit(LSysYParser$CompUnitContext;)Lorg/bytedeco/llvm/LLVM/LLVMValueRef;+2
j  MyVisitor.visitProgram(LSysYParser$ProgramContext;)Lorg/bytedeco/llvm/LLVM/LLVMValueRef;+48
j  MyVisitor.visitProgram(LSysYParser$ProgramContext;)Ljava/lang/Object;+2
j  SysYParser$ProgramContext.accept(Lorg/antlr/v4/runtime/tree/ParseTreeVisitor;)Ljava/lang/Object;+12
j  org.antlr.v4.runtime.tree.AbstractParseTreeVisitor.visit(Lorg/antlr/v4/runtime/tree/ParseTree;)Ljava/lang/Object;+2
j  MyVisitor.visit(Lorg/antlr/v4/runtime/tree/ParseTree;)Lorg/bytedeco/llvm/LLVM/LLVMValueRef;+2
j  Main.main([Ljava/lang/String;)V+73
v  ~StubRoutines::call_stub 0x00007941bff38cc6

siginfo: si_signo: 11 (SIGSEGV), si_code: 1 (SEGV_MAPERR), si_addr: 0x000000000000201d

Registers:
RAX=0x00007941d03c2e20, RBX=0x00007941d03be700, RCX=0x000000000000200d, RDX=0x00007941d03c2918
RSP=0x00007941d69fdbc0, RBP=0x00007941d03c2e60, RSI=0x00007941d03be6f8, RDI=0x0000000000000001
R8 =0x0000000000000001, R9 =0x00007941d03c7340, R10=0x0000000000000000, R11=0x0000000000000000
R12=0x00007941d69fdc60, R13=0x00007941d03c2e28, R14=0x0000000000000000, R15=0x0000000000000000
RIP=0x00007941260bde5a, EFLAGS=0x0000000000010202, CSGSFS=0x002b000000000033, ERR=0x0000000000000006
  TRAPNO=0x000000000000000e


Register to memory mapping:

RAX=0x00007941d03c2e20 points into unknown readable memory: 0x00007941d03be6f8 | f8 e6 3b d0 41 79 00 00
RBX=0x00007941d03be700 points into unknown readable memory: 0x000000000000200d | 0d 20 00 00 00 00 00 00
RCX=0x000000000000200d is an unknown value
RDX=0x00007941d03c2918 points into unknown readable memory: 0x00007941d03c07a0 | a0 07 3c d0 41 79 00 00
RSP=0x00007941d69fdbc0 is pointing into the stack for thread: 0x00007941d0029e70
RBP=0x00007941d03c2e60 points into unknown readable memory: 0x00007941d03be6f8 | f8 e6 3b d0 41 79 00 00
RSI=0x00007941d03be6f8 points into unknown readable memory: 0x00007941d03bdd70 | 70 dd 3b d0 41 79 00 00
RDI=0x0000000000000001 is an unknown value
R8 =0x0000000000000001 is an unknown value
R9 =0x00007941d03c7340 points into unknown readable memory: 0x00007941d03be6f8 | f8 e6 3b d0 41 79 00 00
R10=0x0 is null
R11=0x0 is null
R12=0x00007941d69fdc60 is pointing into the stack for thread: 0x00007941d0029e70
R13=0x00007941d03c2e28 points into unknown readable memory: 0x000000000000200d | 0d 20 00 00 00 00 00 00
R14=0x0 is null
R15=0x0 is null

Top of Stack: (sp=0x00007941d69fdbc0)
0x00007941d69fdbc0:   0000000000000002 00007941d03bde20
0x00007941d69fdbd0:   00007941d69fdc60 00007941d03c2e60
0x00007941d69fdbe0:   0000000000000000 000079412602fe78
0x00007941d69fdbf0:   0000000000000000 0000000000000000
0x00007941d69fdc00:   00007941d03c7340 00007941d03c0770
0x00007941d69fdc10:   00007941d03c2918 0000000000000001
0x00007941d69fdc20:   00007941d03c2918 0000000000000000
0x00007941d69fdc30:   00007941d03c7550 0000000000000000
0x00007941d69fdc40:   cafebabecafebabe 0000000000000000
0x00007941d69fdc50:   0000000000000103 0000000000000000
0x00007941d69fdc60:   0000000000000000 0000000000000000
0x00007941d69fdc70:   0000000000000000 0000000000000000
0x00007941d69fdc80:   00007941d03c0101 00007941d03c7340
0x00007941d69fdc90:   00007941d002a228 00007941d03c2918
0x00007941d69fdca0:   00007941d002a228 00007941d69fddc8
0x00007941d69fdcb0:   00007941d03bde20 00007941d03c7340
0x00007941d69fdcc0:   00007941d03c7550 00007941b43624ca
0x00007941d69fdcd0:   000079415354e8a8 00000001d0029e70
0x00007941d69fdce0:   0000000000000000 000079415354e8a8
0x00007941d69fdcf0:   00007941d69fdd90 0000000000000000
0x00007941d69fdd00:   000079415354e8a0 00007941d69fddd0
0x00007941d69fdd10:   00007941d0029e70 00007941bff44a80
0x00007941d69fdd20:   00007941d69fddb0 000079415354e8a0
0x00007941d69fdd30:   00007941d69fdd90 00007941bff44765
0x00007941d69fdd40:   00007941bff4471f 00007941d69fdd48
0x00007941d69fdd50:   000079415354e8a0 0000000000000008
0x00007941d69fdd60:   000079415357f460 0000000000000000
0x00007941d69fdd70:   0000000715f3ceb0 000079415354e8a8
0x00007941d69fdd80:   0000000000000000 00007941d69fddb0
0x00007941d69fdd90:   00007941d69fde20 00007941bff402d8
0x00007941d69fdda0:   0000000715f3ceb0 00007941bff41f9a
0x00007941d69fddb0:   0000000715cc40d0 0000000000000001 

Instructions: (pc=0x00007941260bde5a)
0x00007941260bdd5a:   fb 48 83 ec 08 e8 cc f5 09 00 48 8d 2c 10 31 c0
0x00007941260bdd6a:   80 7b 17 00 79 08 48 89 df e8 b8 f5 09 00 48 29
0x00007941260bdd7a:   c5 48 89 e8 48 c1 f8 04 85 c0 74 2a 48 8b 53 e0
0x00007941260bdd8a:   b8 01 00 00 00 48 85 d2 74 0d 80 7a 10 00 75 07
0x00007941260bdd9a:   83 7a 24 06 0f 95 c0 48 83 c4 08 5b 5d c3 0f 1f
0x00007941260bddaa:   84 00 00 00 00 00 48 83 c4 08 31 c0 5b 5d c3 0f
0x00007941260bddba:   1f 80 00 00 00 00 31 c0 c3 66 2e 0f 1f 84 00 00
0x00007941260bddca:   00 00 00 0f 1f 00 41 55 41 54 4d 89 cc 49 89 c9
0x00007941260bddda:   4a 8d 0c c5 00 00 00 00 55 48 89 fd 53 48 89 fb
0x00007941260bddea:   48 83 ec 08 8b 47 14 48 89 77 48 48 89 cf 4c 8b
0x00007941260bddfa:   54 24 30 4c 8b 5c 24 38 48 c1 ff 03 25 ff ff ff
0x00007941260bde0a:   07 48 c1 e0 05 48 29 c3 48 85 c9 7e 5d 48 89 d8
0x00007941260bde1a:   66 0f 1f 44 00 00 48 83 38 00 49 8b 31 74 14 48
0x00007941260bde2a:   8b 48 08 48 8b 58 10 48 89 0b 48 85 c9 74 04 48
0x00007941260bde3a:   89 59 10 48 89 30 48 85 f6 74 21 48 8b 4e 08 48
0x00007941260bde4a:   8d 5e 08 48 89 48 08 48 85 c9 74 08 4c 8d 68 08
0x00007941260bde5a:   4c 89 69 10 48 89 58 10 48 89 46 08 49 83 c1 08
0x00007941260bde6a:   48 83 c0 20 48 83 ef 01 75 ac 48 83 7d e0 00 74
0x00007941260bde7a:   14 48 8b 45 e8 48 8b 4d f0 48 89 01 48 85 c0 74
0x00007941260bde8a:   04 48 89 48 10 48 89 55 e0 48 85 d2 74 25 48 8b
0x00007941260bde9a:   42 08 48 8d 4a 08 48 89 45 e8 48 85 c0 74 08 48
0x00007941260bdeaa:   8d 75 e8 48 89 70 10 48 8d 45 e0 48 89 4d f0 48
0x00007941260bdeba:   89 42 08 48 89 ef 4c 89 d6 4c 89 da 44 89 c1 e8
0x00007941260bdeca:   12 f5 ff ff 48 83 c4 08 4c 89 e6 48 89 ef 5b 5d
0x00007941260bdeda:   41 5c 41 5d e9 3d 46 0a 00 66 2e 0f 1f 84 00 00
0x00007941260bdeea:   00 00 00 0f 1f 00 49 89 f0 48 83 7f e0 00 48 89
0x00007941260bdefa:   ce 4c 89 47 48 74 14 48 8b 47 e8 48 8b 4f f0 48
0x00007941260bdf0a:   89 01 48 85 c0 74 04 48 89 48 10 48 89 57 e0 48
0x00007941260bdf1a:   85 d2 74 25 48 8b 42 08 48 8d 4a 08 48 89 47 e8
0x00007941260bdf2a:   48 85 c0 74 08 4c 8d 47 e8 4c 89 40 10 48 8d 47
0x00007941260bdf3a:   e0 48 89 4f f0 48 89 42 08 e9 d8 45 0a 00 0f 1f
0x00007941260bdf4a:   84 00 00 00 00 00 41 56 4c 8d 77 e0 4d 89 c1 41 


Stack slot to memory mapping:

stack at sp + 0 slots: 0x0000000000000002 is an unknown value
stack at sp + 1 slots: 0x00007941d03bde20 points into unknown readable memory: 0x00007941d03bde30 | 30 de 3b d0 41 79 00 00
stack at sp + 2 slots: 0x00007941d69fdc60 is pointing into the stack for thread: 0x00007941d0029e70
stack at sp + 3 slots: 0x00007941d03c2e60 points into unknown readable memory: 0x00007941d03be6f8 | f8 e6 3b d0 41 79 00 00
stack at sp + 4 slots: 0x0 is null
stack at sp + 5 slots: 0x000079412602fe78: LLVMBuildCall+0x0000000000000188 in /home/wangjing/.javacpp/cache/llvm-13.0.1-1.5.7-linux-x86_64.jar/org/bytedeco/llvm/linux-x86_64/libLLVM-13.so at 0x0000794125400000
stack at sp + 6 slots: 0x0 is null
stack at sp + 7 slots: 0x0 is null


---------------  P R O C E S S  ---------------

Threads class SMR info:
_java_thread_list=0x00007941d021c730, length=12, elements={
0x00007941d0029e70, 0x00007941d0150230, 0x00007941d0151880, 0x00007941d0153360,
0x00007941d01549a0, 0x00007941d0155f40, 0x00007941d0157a80, 0x00007941d0159140,
0x00007941d017b620, 0x00007941d0213180, 0x00007941d02151e0, 0x00007941d021bab0
}

Java Threads: ( => current thread )
=>0x00007941d0029e70 JavaThread "main"                              [_thread_in_native, id=8040, stack(0x00007941d6900000,0x00007941d6a00000) (1024K)]
  0x00007941d0150230 JavaThread "Reference Handler"          daemon [_thread_blocked, id=8049, stack(0x00007941d4b0a000,0x00007941d4c0a000) (1024K)]
  0x00007941d0151880 JavaThread "Finalizer"                  daemon [_thread_blocked, id=8050, stack(0x00007941d4100000,0x00007941d4200000) (1024K)]
  0x00007941d0153360 JavaThread "Signal Dispatcher"          daemon [_thread_blocked, id=8051, stack(0x00007941d4000000,0x00007941d4100000) (1024K)]
  0x00007941d01549a0 JavaThread "Service Thread"             daemon [_thread_blocked, id=8052, stack(0x00007941cff00000,0x00007941d0000000) (1024K)]
  0x00007941d0155f40 JavaThread "Monitor Deflation Thread"   daemon [_thread_blocked, id=8053, stack(0x00007941b4ab0000,0x00007941b4bb0000) (1024K)]
  0x00007941d0157a80 JavaThread "C2 CompilerThread0"         daemon [_thread_blocked, id=8054, stack(0x00007941b49b0000,0x00007941b4ab0000) (1024K)]
  0x00007941d0159140 JavaThread "C1 CompilerThread0"         daemon [_thread_blocked, id=8055, stack(0x00007941b48b0000,0x00007941b49b0000) (1024K)]
  0x00007941d017b620 JavaThread "Common-Cleaner"             daemon [_thread_blocked, id=8056, stack(0x00007941b46e0000,0x00007941b47e0000) (1024K)]
  0x00007941d0213180 JavaThread "Monitor Ctrl-Break"         daemon [_thread_in_native, id=8057, stack(0x00007941b45e0000,0x00007941b46e0000) (1024K)]
  0x00007941d02151e0 JavaThread "Notification Thread"        daemon [_thread_blocked, id=8058, stack(0x00007941b44e0000,0x00007941b45e0000) (1024K)]
  0x00007941d021bab0 JavaThread "JavaCPP Deallocator"        daemon [_thread_blocked, id=8059, stack(0x00007941b43e0000,0x00007941b44e0000) (1024K)]
Total: 12

Other Threads:
  0x00007941d0141a60 VMThread "VM Thread"                           [id=8048, stack(0x00007941d4c0b000,0x00007941d4d0b000) (1024K)]
  0x00007941d0127b80 WatcherThread "VM Periodic Task Thread"        [id=8047, stack(0x00007941d4d0c000,0x00007941d4e0c000) (1024K)]
  0x00007941d0091090 WorkerThread "GC Thread#0"                     [id=8042, stack(0x00007941d5494000,0x00007941d5594000) (1024K)]
  0x00007941d00a1f90 ConcurrentGCThread "G1 Main Marker"            [id=8043, stack(0x00007941d5393000,0x00007941d5493000) (1024K)]
  0x00007941d00a2f30 WorkerThread "G1 Conc#0"                       [id=8044, stack(0x00007941d5292000,0x00007941d5392000) (1024K)]
  0x00007941d0114de0 ConcurrentGCThread "G1 Refine#0"               [id=8045, stack(0x00007941d4f8f000,0x00007941d508f000) (1024K)]
  0x00007941d0115d90 ConcurrentGCThread "G1 Service"                [id=8046, stack(0x00007941d4e8e000,0x00007941d4f8e000) (1024K)]
Total: 7

Threads with active compile tasks:
Total: 0

VM state: not at safepoint (normal execution)

VM Mutex/Monitor currently owned by a thread: None

Heap address: 0x0000000706c00000, size: 3988 MB, Compressed Oops mode: Zero based, Oop shift amount: 3

CDS archive(s) mapped at: [0x0000794157000000-0x0000794157ca6000-0x0000794157ca6000), size 13262848, SharedBaseAddress: 0x0000794157000000, ArchiveRelocationMode: 1.
Compressed class space mapped at: 0x0000794158000000-0x0000794198000000, reserved size: 1073741824
Narrow klass base: 0x0000794157000000, Narrow klass shift: 0, Narrow klass range: 0x100000000

GC Precious Log:
 CardTable entry size: 512
 Card Set container configuration: InlinePtr #cards 4 size 8 Array Of Cards #cards 16 size 48 Howl #buckets 8 coarsen threshold 3686 Howl Bitmap #cards 512 size 80 coarsen threshold 460 Card regions per heap region 1 cards per card region 4096
 CPUs: 2 total, 2 available
 Memory: 15948M
 Large Page Support: Disabled
 NUMA Support: Disabled
 Compressed Oops: Enabled (Zero based)
 Heap Region Size: 2M
 Heap Min Capacity: 8M
 Heap Initial Capacity: 250M
 Heap Max Capacity: 3988M
 Pre-touch: Disabled
 Parallel Workers: 2
 Concurrent Workers: 1
 Concurrent Refinement Workers: 2
 Periodic GC: Disabled

Heap:
 garbage-first heap   total 258048K, used 7197K [0x0000000706c00000, 0x0000000800000000)
  region size 2048K, 5 young (10240K), 0 survivors (0K)
 Metaspace       used 3813K, committed 4032K, reserved 1114112K
  class space    used 415K, committed 512K, reserved 1048576K

Heap Regions: E=young(eden), S=young(survivor), O=old, HS=humongous(starts), HC=humongous(continues), CS=collection set, F=free, TAMS=top-at-mark-start, PB=parsable bottom
|   0|0x0000000706c00000, 0x0000000706c00000, 0x0000000706e00000|  0%| F|  |TAMS 0x0000000706c00000| PB 0x0000000706c00000| Untracked 
|   1|0x0000000706e00000, 0x0000000706e00000, 0x0000000707000000|  0%| F|  |TAMS 0x0000000706e00000| PB 0x0000000706e00000| Untracked 
|   2|0x0000000707000000, 0x0000000707000000, 0x0000000707200000|  0%| F|  |TAMS 0x0000000707000000| PB 0x0000000707000000| Untracked 
|   3|0x0000000707200000, 0x0000000707200000, 0x0000000707400000|  0%| F|  |TAMS 0x0000000707200000| PB 0x0000000707200000| Untracked 
|   4|0x0000000707400000, 0x0000000707400000, 0x0000000707600000|  0%| F|  |TAMS 0x0000000707400000| PB 0x0000000707400000| Untracked 
|   5|0x0000000707600000, 0x0000000707600000, 0x0000000707800000|  0%| F|  |TAMS 0x0000000707600000| PB 0x0000000707600000| Untracked 
|   6|0x0000000707800000, 0x0000000707800000, 0x0000000707a00000|  0%| F|  |TAMS 0x0000000707800000| PB 0x0000000707800000| Untracked 
|   7|0x0000000707a00000, 0x0000000707a00000, 0x0000000707c00000|  0%| F|  |TAMS 0x0000000707a00000| PB 0x0000000707a00000| Untracked 
|   8|0x0000000707c00000, 0x0000000707c00000, 0x0000000707e00000|  0%| F|  |TAMS 0x0000000707c00000| PB 0x0000000707c00000| Untracked 
|   9|0x0000000707e00000, 0x0000000707e00000, 0x0000000708000000|  0%| F|  |TAMS 0x0000000707e00000| PB 0x0000000707e00000| Untracked 
|  10|0x0000000708000000, 0x0000000708000000, 0x0000000708200000|  0%| F|  |TAMS 0x0000000708000000| PB 0x0000000708000000| Untracked 
|  11|0x0000000708200000, 0x0000000708200000, 0x0000000708400000|  0%| F|  |TAMS 0x0000000708200000| PB 0x0000000708200000| Untracked 
|  12|0x0000000708400000, 0x0000000708400000, 0x0000000708600000|  0%| F|  |TAMS 0x0000000708400000| PB 0x0000000708400000| Untracked 
|  13|0x0000000708600000, 0x0000000708600000, 0x0000000708800000|  0%| F|  |TAMS 0x0000000708600000| PB 0x0000000708600000| Untracked 
|  14|0x0000000708800000, 0x0000000708800000, 0x0000000708a00000|  0%| F|  |TAMS 0x0000000708800000| PB 0x0000000708800000| Untracked 
|  15|0x0000000708a00000, 0x0000000708a00000, 0x0000000708c00000|  0%| F|  |TAMS 0x0000000708a00000| PB 0x0000000708a00000| Untracked 
|  16|0x0000000708c00000, 0x0000000708c00000, 0x0000000708e00000|  0%| F|  |TAMS 0x0000000708c00000| PB 0x0000000708c00000| Untracked 
|  17|0x0000000708e00000, 0x0000000708e00000, 0x0000000709000000|  0%| F|  |TAMS 0x0000000708e00000| PB 0x0000000708e00000| Untracked 
|  18|0x0000000709000000, 0x0000000709000000, 0x0000000709200000|  0%| F|  |TAMS 0x0000000709000000| PB 0x0000000709000000| Untracked 
|  19|0x0000000709200000, 0x0000000709200000, 0x0000000709400000|  0%| F|  |TAMS 0x0000000709200000| PB 0x0000000709200000| Untracked 
|  20|0x0000000709400000, 0x0000000709400000, 0x0000000709600000|  0%| F|  |TAMS 0x0000000709400000| PB 0x0000000709400000| Untracked 
|  21|0x0000000709600000, 0x0000000709600000, 0x0000000709800000|  0%| F|  |TAMS 0x0000000709600000| PB 0x0000000709600000| Untracked 
|  22|0x0000000709800000, 0x0000000709800000, 0x0000000709a00000|  0%| F|  |TAMS 0x0000000709800000| PB 0x0000000709800000| Untracked 
|  23|0x0000000709a00000, 0x0000000709a00000, 0x0000000709c00000|  0%| F|  |TAMS 0x0000000709a00000| PB 0x0000000709a00000| Untracked 
|  24|0x0000000709c00000, 0x0000000709c00000, 0x0000000709e00000|  0%| F|  |TAMS 0x0000000709c00000| PB 0x0000000709c00000| Untracked 
|  25|0x0000000709e00000, 0x0000000709e00000, 0x000000070a000000|  0%| F|  |TAMS 0x0000000709e00000| PB 0x0000000709e00000| Untracked 
|  26|0x000000070a000000, 0x000000070a000000, 0x000000070a200000|  0%| F|  |TAMS 0x000000070a000000| PB 0x000000070a000000| Untracked 
|  27|0x000000070a200000, 0x000000070a200000, 0x000000070a400000|  0%| F|  |TAMS 0x000000070a200000| PB 0x000000070a200000| Untracked 
|  28|0x000000070a400000, 0x000000070a400000, 0x000000070a600000|  0%| F|  |TAMS 0x000000070a400000| PB 0x000000070a400000| Untracked 
|  29|0x000000070a600000, 0x000000070a600000, 0x000000070a800000|  0%| F|  |TAMS 0x000000070a600000| PB 0x000000070a600000| Untracked 
|  30|0x000000070a800000, 0x000000070a800000, 0x000000070aa00000|  0%| F|  |TAMS 0x000000070a800000| PB 0x000000070a800000| Untracked 
|  31|0x000000070aa00000, 0x000000070aa00000, 0x000000070ac00000|  0%| F|  |TAMS 0x000000070aa00000| PB 0x000000070aa00000| Untracked 
|  32|0x000000070ac00000, 0x000000070ac00000, 0x000000070ae00000|  0%| F|  |TAMS 0x000000070ac00000| PB 0x000000070ac00000| Untracked 
|  33|0x000000070ae00000, 0x000000070ae00000, 0x000000070b000000|  0%| F|  |TAMS 0x000000070ae00000| PB 0x000000070ae00000| Untracked 
|  34|0x000000070b000000, 0x000000070b000000, 0x000000070b200000|  0%| F|  |TAMS 0x000000070b000000| PB 0x000000070b000000| Untracked 
|  35|0x000000070b200000, 0x000000070b200000, 0x000000070b400000|  0%| F|  |TAMS 0x000000070b200000| PB 0x000000070b200000| Untracked 
|  36|0x000000070b400000, 0x000000070b400000, 0x000000070b600000|  0%| F|  |TAMS 0x000000070b400000| PB 0x000000070b400000| Untracked 
|  37|0x000000070b600000, 0x000000070b600000, 0x000000070b800000|  0%| F|  |TAMS 0x000000070b600000| PB 0x000000070b600000| Untracked 
|  38|0x000000070b800000, 0x000000070b800000, 0x000000070ba00000|  0%| F|  |TAMS 0x000000070b800000| PB 0x000000070b800000| Untracked 
|  39|0x000000070ba00000, 0x000000070ba00000, 0x000000070bc00000|  0%| F|  |TAMS 0x000000070ba00000| PB 0x000000070ba00000| Untracked 
|  40|0x000000070bc00000, 0x000000070bc00000, 0x000000070be00000|  0%| F|  |TAMS 0x000000070bc00000| PB 0x000000070bc00000| Untracked 
|  41|0x000000070be00000, 0x000000070be00000, 0x000000070c000000|  0%| F|  |TAMS 0x000000070be00000| PB 0x000000070be00000| Untracked 
|  42|0x000000070c000000, 0x000000070c000000, 0x000000070c200000|  0%| F|  |TAMS 0x000000070c000000| PB 0x000000070c000000| Untracked 
|  43|0x000000070c200000, 0x000000070c200000, 0x000000070c400000|  0%| F|  |TAMS 0x000000070c200000| PB 0x000000070c200000| Untracked 
|  44|0x000000070c400000, 0x000000070c400000, 0x000000070c600000|  0%| F|  |TAMS 0x000000070c400000| PB 0x000000070c400000| Untracked 
|  45|0x000000070c600000, 0x000000070c600000, 0x000000070c800000|  0%| F|  |TAMS 0x000000070c600000| PB 0x000000070c600000| Untracked 
|  46|0x000000070c800000, 0x000000070c800000, 0x000000070ca00000|  0%| F|  |TAMS 0x000000070c800000| PB 0x000000070c800000| Untracked 
|  47|0x000000070ca00000, 0x000000070ca00000, 0x000000070cc00000|  0%| F|  |TAMS 0x000000070ca00000| PB 0x000000070ca00000| Untracked 
|  48|0x000000070cc00000, 0x000000070cc00000, 0x000000070ce00000|  0%| F|  |TAMS 0x000000070cc00000| PB 0x000000070cc00000| Untracked 
|  49|0x000000070ce00000, 0x000000070ce00000, 0x000000070d000000|  0%| F|  |TAMS 0x000000070ce00000| PB 0x000000070ce00000| Untracked 
|  50|0x000000070d000000, 0x000000070d000000, 0x000000070d200000|  0%| F|  |TAMS 0x000000070d000000| PB 0x000000070d000000| Untracked 
|  51|0x000000070d200000, 0x000000070d200000, 0x000000070d400000|  0%| F|  |TAMS 0x000000070d200000| PB 0x000000070d200000| Untracked 
|  52|0x000000070d400000, 0x000000070d400000, 0x000000070d600000|  0%| F|  |TAMS 0x000000070d400000| PB 0x000000070d400000| Untracked 
|  53|0x000000070d600000, 0x000000070d600000, 0x000000070d800000|  0%| F|  |TAMS 0x000000070d600000| PB 0x000000070d600000| Untracked 
|  54|0x000000070d800000, 0x000000070d800000, 0x000000070da00000|  0%| F|  |TAMS 0x000000070d800000| PB 0x000000070d800000| Untracked 
|  55|0x000000070da00000, 0x000000070da00000, 0x000000070dc00000|  0%| F|  |TAMS 0x000000070da00000| PB 0x000000070da00000| Untracked 
|  56|0x000000070dc00000, 0x000000070dc00000, 0x000000070de00000|  0%| F|  |TAMS 0x000000070dc00000| PB 0x000000070dc00000| Untracked 
|  57|0x000000070de00000, 0x000000070de00000, 0x000000070e000000|  0%| F|  |TAMS 0x000000070de00000| PB 0x000000070de00000| Untracked 
|  58|0x000000070e000000, 0x000000070e000000, 0x000000070e200000|  0%| F|  |TAMS 0x000000070e000000| PB 0x000000070e000000| Untracked 
|  59|0x000000070e200000, 0x000000070e200000, 0x000000070e400000|  0%| F|  |TAMS 0x000000070e200000| PB 0x000000070e200000| Untracked 
|  60|0x000000070e400000, 0x000000070e400000, 0x000000070e600000|  0%| F|  |TAMS 0x000000070e400000| PB 0x000000070e400000| Untracked 
|  61|0x000000070e600000, 0x000000070e600000, 0x000000070e800000|  0%| F|  |TAMS 0x000000070e600000| PB 0x000000070e600000| Untracked 
|  62|0x000000070e800000, 0x000000070e800000, 0x000000070ea00000|  0%| F|  |TAMS 0x000000070e800000| PB 0x000000070e800000| Untracked 
|  63|0x000000070ea00000, 0x000000070ea00000, 0x000000070ec00000|  0%| F|  |TAMS 0x000000070ea00000| PB 0x000000070ea00000| Untracked 
|  64|0x000000070ec00000, 0x000000070ec00000, 0x000000070ee00000|  0%| F|  |TAMS 0x000000070ec00000| PB 0x000000070ec00000| Untracked 
|  65|0x000000070ee00000, 0x000000070ee00000, 0x000000070f000000|  0%| F|  |TAMS 0x000000070ee00000| PB 0x000000070ee00000| Untracked 
|  66|0x000000070f000000, 0x000000070f000000, 0x000000070f200000|  0%| F|  |TAMS 0x000000070f000000| PB 0x000000070f000000| Untracked 
|  67|0x000000070f200000, 0x000000070f200000, 0x000000070f400000|  0%| F|  |TAMS 0x000000070f200000| PB 0x000000070f200000| Untracked 
|  68|0x000000070f400000, 0x000000070f400000, 0x000000070f600000|  0%| F|  |TAMS 0x000000070f400000| PB 0x000000070f400000| Untracked 
|  69|0x000000070f600000, 0x000000070f600000, 0x000000070f800000|  0%| F|  |TAMS 0x000000070f600000| PB 0x000000070f600000| Untracked 
|  70|0x000000070f800000, 0x000000070f800000, 0x000000070fa00000|  0%| F|  |TAMS 0x000000070f800000| PB 0x000000070f800000| Untracked 
|  71|0x000000070fa00000, 0x000000070fa00000, 0x000000070fc00000|  0%| F|  |TAMS 0x000000070fa00000| PB 0x000000070fa00000| Untracked 
|  72|0x000000070fc00000, 0x000000070fc00000, 0x000000070fe00000|  0%| F|  |TAMS 0x000000070fc00000| PB 0x000000070fc00000| Untracked 
|  73|0x000000070fe00000, 0x000000070fe00000, 0x0000000710000000|  0%| F|  |TAMS 0x000000070fe00000| PB 0x000000070fe00000| Untracked 
|  74|0x0000000710000000, 0x0000000710000000, 0x0000000710200000|  0%| F|  |TAMS 0x0000000710000000| PB 0x0000000710000000| Untracked 
|  75|0x0000000710200000, 0x0000000710200000, 0x0000000710400000|  0%| F|  |TAMS 0x0000000710200000| PB 0x0000000710200000| Untracked 
|  76|0x0000000710400000, 0x0000000710400000, 0x0000000710600000|  0%| F|  |TAMS 0x0000000710400000| PB 0x0000000710400000| Untracked 
|  77|0x0000000710600000, 0x0000000710600000, 0x0000000710800000|  0%| F|  |TAMS 0x0000000710600000| PB 0x0000000710600000| Untracked 
|  78|0x0000000710800000, 0x0000000710800000, 0x0000000710a00000|  0%| F|  |TAMS 0x0000000710800000| PB 0x0000000710800000| Untracked 
|  79|0x0000000710a00000, 0x0000000710a00000, 0x0000000710c00000|  0%| F|  |TAMS 0x0000000710a00000| PB 0x0000000710a00000| Untracked 
|  80|0x0000000710c00000, 0x0000000710c00000, 0x0000000710e00000|  0%| F|  |TAMS 0x0000000710c00000| PB 0x0000000710c00000| Untracked 
|  81|0x0000000710e00000, 0x0000000710e00000, 0x0000000711000000|  0%| F|  |TAMS 0x0000000710e00000| PB 0x0000000710e00000| Untracked 
|  82|0x0000000711000000, 0x0000000711000000, 0x0000000711200000|  0%| F|  |TAMS 0x0000000711000000| PB 0x0000000711000000| Untracked 
|  83|0x0000000711200000, 0x0000000711200000, 0x0000000711400000|  0%| F|  |TAMS 0x0000000711200000| PB 0x0000000711200000| Untracked 
|  84|0x0000000711400000, 0x0000000711400000, 0x0000000711600000|  0%| F|  |TAMS 0x0000000711400000| PB 0x0000000711400000| Untracked 
|  85|0x0000000711600000, 0x0000000711600000, 0x0000000711800000|  0%| F|  |TAMS 0x0000000711600000| PB 0x0000000711600000| Untracked 
|  86|0x0000000711800000, 0x0000000711800000, 0x0000000711a00000|  0%| F|  |TAMS 0x0000000711800000| PB 0x0000000711800000| Untracked 
|  87|0x0000000711a00000, 0x0000000711a00000, 0x0000000711c00000|  0%| F|  |TAMS 0x0000000711a00000| PB 0x0000000711a00000| Untracked 
|  88|0x0000000711c00000, 0x0000000711c00000, 0x0000000711e00000|  0%| F|  |TAMS 0x0000000711c00000| PB 0x0000000711c00000| Untracked 
|  89|0x0000000711e00000, 0x0000000711e00000, 0x0000000712000000|  0%| F|  |TAMS 0x0000000711e00000| PB 0x0000000711e00000| Untracked 
|  90|0x0000000712000000, 0x0000000712000000, 0x0000000712200000|  0%| F|  |TAMS 0x0000000712000000| PB 0x0000000712000000| Untracked 
|  91|0x0000000712200000, 0x0000000712200000, 0x0000000712400000|  0%| F|  |TAMS 0x0000000712200000| PB 0x0000000712200000| Untracked 
|  92|0x0000000712400000, 0x0000000712400000, 0x0000000712600000|  0%| F|  |TAMS 0x0000000712400000| PB 0x0000000712400000| Untracked 
|  93|0x0000000712600000, 0x0000000712600000, 0x0000000712800000|  0%| F|  |TAMS 0x0000000712600000| PB 0x0000000712600000| Untracked 
|  94|0x0000000712800000, 0x0000000712800000, 0x0000000712a00000|  0%| F|  |TAMS 0x0000000712800000| PB 0x0000000712800000| Untracked 
|  95|0x0000000712a00000, 0x0000000712a00000, 0x0000000712c00000|  0%| F|  |TAMS 0x0000000712a00000| PB 0x0000000712a00000| Untracked 
|  96|0x0000000712c00000, 0x0000000712c00000, 0x0000000712e00000|  0%| F|  |TAMS 0x0000000712c00000| PB 0x0000000712c00000| Untracked 
|  97|0x0000000712e00000, 0x0000000712e00000, 0x0000000713000000|  0%| F|  |TAMS 0x0000000712e00000| PB 0x0000000712e00000| Untracked 
|  98|0x0000000713000000, 0x0000000713000000, 0x0000000713200000|  0%| F|  |TAMS 0x0000000713000000| PB 0x0000000713000000| Untracked 
|  99|0x0000000713200000, 0x0000000713200000, 0x0000000713400000|  0%| F|  |TAMS 0x0000000713200000| PB 0x0000000713200000| Untracked 
| 100|0x0000000713400000, 0x0000000713400000, 0x0000000713600000|  0%| F|  |TAMS 0x0000000713400000| PB 0x0000000713400000| Untracked 
| 101|0x0000000713600000, 0x0000000713600000, 0x0000000713800000|  0%| F|  |TAMS 0x0000000713600000| PB 0x0000000713600000| Untracked 
| 102|0x0000000713800000, 0x0000000713800000, 0x0000000713a00000|  0%| F|  |TAMS 0x0000000713800000| PB 0x0000000713800000| Untracked 
| 103|0x0000000713a00000, 0x0000000713a00000, 0x0000000713c00000|  0%| F|  |TAMS 0x0000000713a00000| PB 0x0000000713a00000| Untracked 
| 104|0x0000000713c00000, 0x0000000713c00000, 0x0000000713e00000|  0%| F|  |TAMS 0x0000000713c00000| PB 0x0000000713c00000| Untracked 
| 105|0x0000000713e00000, 0x0000000713e00000, 0x0000000714000000|  0%| F|  |TAMS 0x0000000713e00000| PB 0x0000000713e00000| Untracked 
| 106|0x0000000714000000, 0x0000000714000000, 0x0000000714200000|  0%| F|  |TAMS 0x0000000714000000| PB 0x0000000714000000| Untracked 
| 107|0x0000000714200000, 0x0000000714200000, 0x0000000714400000|  0%| F|  |TAMS 0x0000000714200000| PB 0x0000000714200000| Untracked 
| 108|0x0000000714400000, 0x0000000714400000, 0x0000000714600000|  0%| F|  |TAMS 0x0000000714400000| PB 0x0000000714400000| Untracked 
| 109|0x0000000714600000, 0x0000000714600000, 0x0000000714800000|  0%| F|  |TAMS 0x0000000714600000| PB 0x0000000714600000| Untracked 
| 110|0x0000000714800000, 0x0000000714800000, 0x0000000714a00000|  0%| F|  |TAMS 0x0000000714800000| PB 0x0000000714800000| Untracked 
| 111|0x0000000714a00000, 0x0000000714a00000, 0x0000000714c00000|  0%| F|  |TAMS 0x0000000714a00000| PB 0x0000000714a00000| Untracked 
| 112|0x0000000714c00000, 0x0000000714c00000, 0x0000000714e00000|  0%| F|  |TAMS 0x0000000714c00000| PB 0x0000000714c00000| Untracked 
| 113|0x0000000714e00000, 0x0000000714e00000, 0x0000000715000000|  0%| F|  |TAMS 0x0000000714e00000| PB 0x0000000714e00000| Untracked 
| 114|0x0000000715000000, 0x0000000715000000, 0x0000000715200000|  0%| F|  |TAMS 0x0000000715000000| PB 0x0000000715000000| Untracked 
| 115|0x0000000715200000, 0x0000000715200000, 0x0000000715400000|  0%| F|  |TAMS 0x0000000715200000| PB 0x0000000715200000| Untracked 
| 116|0x0000000715400000, 0x0000000715400000, 0x0000000715600000|  0%| F|  |TAMS 0x0000000715400000| PB 0x0000000715400000| Untracked 
| 117|0x0000000715600000, 0x0000000715600000, 0x0000000715800000|  0%| F|  |TAMS 0x0000000715600000| PB 0x0000000715600000| Untracked 
| 118|0x0000000715800000, 0x0000000715800000, 0x0000000715a00000|  0%| F|  |TAMS 0x0000000715800000| PB 0x0000000715800000| Untracked 
| 119|0x0000000715a00000, 0x0000000715a00000, 0x0000000715c00000|  0%| F|  |TAMS 0x0000000715a00000| PB 0x0000000715a00000| Untracked 
| 120|0x0000000715c00000, 0x0000000715cf67e8, 0x0000000715e00000| 48%| E|  |TAMS 0x0000000715c00000| PB 0x0000000715c00000| Complete 
| 121|0x0000000715e00000, 0x0000000716000000, 0x0000000716000000|100%| E|CS|TAMS 0x0000000715e00000| PB 0x0000000715e00000| Complete 
| 122|0x0000000716000000, 0x0000000716200000, 0x0000000716200000|100%| E|CS|TAMS 0x0000000716000000| PB 0x0000000716000000| Complete 
| 123|0x0000000716200000, 0x0000000716400000, 0x0000000716400000|100%| E|CS|TAMS 0x0000000716200000| PB 0x0000000716200000| Complete 
| 124|0x0000000716400000, 0x0000000716600000, 0x0000000716600000|100%| E|  |TAMS 0x0000000716400000| PB 0x0000000716400000| Complete 
|1993|0x00000007ffe00000, 0x00000007fff07778, 0x0000000800000000| 51%| O|  |TAMS 0x00000007ffe00000| PB 0x00000007ffe00000| Untracked 

Card table byte_map: [0x00007941d5594000,0x00007941d5d5e000] _byte_map_base: 0x00007941d1d5e000

Marking Bits: (CMBitMap*) 0x00007941d0091bb0
 Bits: [0x00007941b4bb0000, 0x00007941b8a00000)

Polling page: 0x00007941d8346000

Metaspace:

Usage:
  Non-class:      3.32 MB used.
      Class:    415.06 KB used.
       Both:      3.72 MB used.

Virtual space:
  Non-class space:       64.00 MB reserved,       3.44 MB (  5%) committed,  1 nodes.
      Class space:        1.00 GB reserved,     512.00 KB ( <1%) committed,  1 nodes.
             Both:        1.06 GB reserved,       3.94 MB ( <1%) committed. 

Chunk freelists:
   Non-Class:  10.35 MB
       Class:  15.48 MB
        Both:  25.83 MB

MaxMetaspaceSize: unlimited
CompressedClassSpaceSize: 1.00 GB
Initial GC threshold: 21.00 MB
Current GC threshold: 21.00 MB
CDS: on
 - commit_granule_bytes: 65536.
 - commit_granule_words: 8192.
 - virtual_space_node_default_size: 8388608.
 - enlarge_chunks_in_place: 1.
 - use_allocation_guard: 0.


Internal statistics:

num_allocs_failed_limit: 0.
num_arena_births: 38.
num_arena_deaths: 0.
num_vsnodes_births: 2.
num_vsnodes_deaths: 0.
num_space_committed: 63.
num_space_uncommitted: 0.
num_chunks_returned_to_freelist: 0.
num_chunks_taken_from_freelist: 113.
num_chunk_merges: 0.
num_chunk_splits: 90.
num_chunks_enlarged: 72.
num_inconsistent_stats: 0.

CodeHeap 'non-profiled nmethods': size=120036Kb used=205Kb max_used=205Kb free=119830Kb
 bounds [0x00007941c04c7000, 0x00007941c0737000, 0x00007941c7a00000]
CodeHeap 'profiled nmethods': size=120032Kb used=1255Kb max_used=1255Kb free=118776Kb
 bounds [0x00007941b8a00000, 0x00007941b8c70000, 0x00007941bff38000]
CodeHeap 'non-nmethods': size=5692Kb used=1463Kb max_used=1478Kb free=4228Kb
 bounds [0x00007941bff38000, 0x00007941c01a8000, 0x00007941c04c7000]
 total_blobs=1191 nmethods=723 adapters=374
 compilation: enabled
              stopped_count=0, restarted_count=0
 full_count=0

Compilation events (20 events):
Event: 0.505 Thread 0x00007941d0159140  710       3       java.util.jar.Attributes::get (11 bytes)
Event: 0.505 Thread 0x00007941d0159140 nmethod 710 0x00007941b8b35890 code [0x00007941b8b35a40, 0x00007941b8b35c18]
Event: 0.505 Thread 0x00007941d0159140  712       3       jdk.internal.ref.CleanerFactory::cleaner (4 bytes)
Event: 0.505 Thread 0x00007941d0159140 nmethod 712 0x00007941b8b35d10 code [0x00007941b8b35ea0, 0x00007941b8b35f90]
Event: 0.505 Thread 0x00007941d0159140  711       1       java.util.zip.ZipEntry::getName (5 bytes)
Event: 0.505 Thread 0x00007941d0159140 nmethod 711 0x00007941c04f9790 code [0x00007941c04f9920, 0x00007941c04f99e8]
Event: 0.507 Thread 0x00007941d0159140  715       3       java.lang.Character::charCount (12 bytes)
Event: 0.507 Thread 0x00007941d0159140 nmethod 715 0x00007941b8b36010 code [0x00007941b8b361a0, 0x00007941b8b36300]
Event: 0.508 Thread 0x00007941d0159140  716       3       java.lang.ThreadLocal::get (35 bytes)
Event: 0.509 Thread 0x00007941d0159140 nmethod 716 0x00007941b8b36390 code [0x00007941b8b36560, 0x00007941b8b36878]
Event: 0.509 Thread 0x00007941d0159140  717       3       java.lang.ThreadLocal$ThreadLocalMap::getEntry (42 bytes)
Event: 0.509 Thread 0x00007941d0159140 nmethod 717 0x00007941b8b36a10 code [0x00007941b8b36be0, 0x00007941b8b36fb0]
Event: 0.511 Thread 0x00007941d0159140  718       3       java.io.RandomAccessFile::readFully (45 bytes)
Event: 0.511 Thread 0x00007941d0159140 nmethod 718 0x00007941b8b37190 code [0x00007941b8b37360, 0x00007941b8b376c8]
Event: 0.514 Thread 0x00007941d0159140  720   !   3       java.lang.invoke.MemberName$Factory::resolve (159 bytes)
Event: 0.515 Thread 0x00007941d0159140 nmethod 720 0x00007941b8b37890 code [0x00007941b8b37ac0, 0x00007941b8b381a0]
Event: 0.515 Thread 0x00007941d0159140  722       3       java.lang.invoke.MethodType::genericMethodType (95 bytes)
Event: 0.515 Thread 0x00007941d0159140 nmethod 722 0x00007941b8b38490 code [0x00007941b8b38720, 0x00007941b8b393f0]
Event: 0.515 Thread 0x00007941d0159140  723       3       jdk.internal.org.objectweb.asm.SymbolTable::hash (15 bytes)
Event: 0.515 Thread 0x00007941d0159140 nmethod 723 0x00007941b8b39810 code [0x00007941b8b399c0, 0x00007941b8b39b40]

GC Heap History (0 events):
No events

Dll operation events (14 events):
Event: 0.002 Loaded shared library /home/wangjing/.jdks/openjdk-21.0.2/lib/libjava.so
Event: 0.099 Loaded shared library /home/wangjing/.jdks/openjdk-21.0.2/lib/libjsvml.so
Event: 0.158 Loaded shared library /home/wangjing/.jdks/openjdk-21.0.2/lib/libzip.so
Event: 0.161 Loaded shared library /home/wangjing/.jdks/openjdk-21.0.2/lib/libinstrument.so
Event: 0.164 Loaded shared library /home/wangjing/.jdks/openjdk-21.0.2/lib/libnio.so
Event: 0.172 Loaded shared library /home/wangjing/.jdks/openjdk-21.0.2/lib/libzip.so
Event: 0.205 Loaded shared library /home/wangjing/.jdks/openjdk-21.0.2/lib/libnet.so
Event: 0.214 Loaded shared library /home/wangjing/.jdks/openjdk-21.0.2/lib/libextnet.so
Event: 0.242 Loaded shared library /home/wangjing/.jdks/openjdk-21.0.2/lib/libjimage.so
Event: 0.323 Loaded shared library /home/wangjing/.javacpp/cache/javacpp-1.5.7-linux-x86_64.jar/org/bytedeco/javacpp/linux-x86_64/libjnijavacpp.so
Event: 0.458 Loaded shared library /home/wangjing/.javacpp/cache/llvm-13.0.1-1.5.7-linux-x86_64.jar/org/bytedeco/llvm/linux-x86_64/libLLVM-13.so
Event: 0.469 Loaded shared library /home/wangjing/.javacpp/cache/llvm-13.0.1-1.5.7-linux-x86_64.jar/org/bytedeco/llvm/linux-x86_64/libLTO.so.13
Event: 0.479 Loaded shared library /home/wangjing/.javacpp/cache/llvm-13.0.1-1.5.7-linux-x86_64.jar/org/bytedeco/llvm/linux-x86_64/libRemarks.so.13
Event: 0.481 Loaded shared library /home/wangjing/.javacpp/cache/llvm-13.0.1-1.5.7-linux-x86_64.jar/org/bytedeco/llvm/linux-x86_64/libjniLLVM.so

Deoptimization events (20 events):
Event: 0.186 Thread 0x00007941d0029e70 DEOPT PACKING pc=0x00007941c04d18d4 sp=0x00007941d69fe100
Event: 0.187 Thread 0x00007941d0029e70 DEOPT UNPACKING pc=0x00007941bff8f619 sp=0x00007941d69fe0b8 mode 2
Event: 0.289 Thread 0x00007941d0029e70 Uncommon trap: trap_request=0xffffff45 fr.pc=0x00007941c04d4ca4 relative=0x0000000000000ae4
Event: 0.289 Thread 0x00007941d0029e70 Uncommon trap: reason=unstable_if action=reinterpret pc=0x00007941c04d4ca4 method=java.util.HashMap.putVal(ILjava/lang/Object;Ljava/lang/Object;ZZ)Ljava/lang/Object; @ 181 c2
Event: 0.289 Thread 0x00007941d0029e70 DEOPT PACKING pc=0x00007941c04d4ca4 sp=0x00007941d69fcce0
Event: 0.289 Thread 0x00007941d0029e70 DEOPT UNPACKING pc=0x00007941bff8f619 sp=0x00007941d69fcca0 mode 2
Event: 0.316 Thread 0x00007941d0029e70 Uncommon trap: trap_request=0xffffff45 fr.pc=0x00007941c04da62c relative=0x000000000000018c
Event: 0.316 Thread 0x00007941d0029e70 Uncommon trap: reason=unstable_if action=reinterpret pc=0x00007941c04da62c method=jdk.internal.util.ArraysSupport.vectorizedHashCode(Ljava/lang/Object;IIII)I @ 2 c2
Event: 0.316 Thread 0x00007941d0029e70 DEOPT PACKING pc=0x00007941c04da62c sp=0x00007941d69fc3c0
Event: 0.316 Thread 0x00007941d0029e70 DEOPT UNPACKING pc=0x00007941bff8f619 sp=0x00007941d69fc390 mode 2
Event: 0.327 Thread 0x00007941d0029e70 DEOPT PACKING pc=0x00007941b8a35df4 sp=0x00007941d69fb900
Event: 0.327 Thread 0x00007941d0029e70 DEOPT UNPACKING pc=0x00007941bff9014f sp=0x00007941d69fad40 mode 0
Event: 0.343 Thread 0x00007941d0029e70 DEOPT PACKING pc=0x00007941b8a35df4 sp=0x00007941d69fc130
Event: 0.343 Thread 0x00007941d0029e70 DEOPT UNPACKING pc=0x00007941bff9014f sp=0x00007941d69fb570 mode 0
Event: 0.446 Thread 0x00007941d0029e70 Uncommon trap: trap_request=0xffffff6e fr.pc=0x00007941c04eb498 relative=0x0000000000000458
Event: 0.446 Thread 0x00007941d0029e70 Uncommon trap: reason=loop_limit_check action=maybe_recompile pc=0x00007941c04eb498 method=java.lang.StringLatin1.indexOf([BI[BII)I @ 37 c2
Event: 0.446 Thread 0x00007941d0029e70 DEOPT PACKING pc=0x00007941c04eb498 sp=0x00007941d69fd790
Event: 0.446 Thread 0x00007941d0029e70 DEOPT UNPACKING pc=0x00007941bff8f619 sp=0x00007941d69fd710 mode 2
Event: 0.474 Thread 0x00007941d0029e70 DEOPT PACKING pc=0x00007941b8afd5f7 sp=0x00007941d69fd6b0
Event: 0.474 Thread 0x00007941d0029e70 DEOPT UNPACKING pc=0x00007941bff9014f sp=0x00007941d69fcb20 mode 0

Classes loaded (20 events):
Event: 0.414 Loading class java/util/LinkedList
Event: 0.414 Loading class java/util/AbstractSequentialList
Event: 0.414 Loading class java/util/AbstractSequentialList done
Event: 0.414 Loading class java/util/LinkedList done
Event: 0.414 Loading class java/util/LinkedList$ListItr
Event: 0.414 Loading class java/util/LinkedList$ListItr done
Event: 0.415 Loading class java/util/LinkedList$Node
Event: 0.415 Loading class java/util/LinkedList$Node done
Event: 0.423 Loading class java/util/jar/JarFile$ThreadTrackHolder
Event: 0.423 Loading class java/util/jar/JarFile$ThreadTrackHolder done
Event: 0.423 Loading class jdk/internal/misc/ThreadTracker
Event: 0.423 Loading class jdk/internal/misc/ThreadTracker done
Event: 0.424 Loading class jdk/internal/misc/ThreadTracker$ThreadRef
Event: 0.428 Loading class jdk/internal/misc/ThreadTracker$ThreadRef done
Event: 0.428 Loading class sun/security/util/ManifestEntryVerifier
Event: 0.428 Loading class sun/security/util/ManifestEntryVerifier done
Event: 0.462 Loading class jdk/internal/foreign/MemorySessionImpl
Event: 0.462 Loading class java/lang/foreign/MemorySegment$Scope
Event: 0.462 Loading class java/lang/foreign/MemorySegment$Scope done
Event: 0.462 Loading class jdk/internal/foreign/MemorySessionImpl done

Classes unloaded (0 events):
No events

Classes redefined (0 events):
No events

Internal exceptions (9 events):
Event: 0.186 Thread 0x00007941d0029e70 Implicit null exception at 0x00007941c04d1763 to 0x00007941c04d18c4
Event: 0.188 Thread 0x00007941d0029e70 Exception <a 'java/lang/NoSuchMethodError'{0x00000007165f8aa0}: 'void java.lang.invoke.DirectMethodHandle$Holder.invokeStatic(java.lang.Object, java.lang.Object, java.lang.Object)'> (0x00000007165f8aa0) 
thrown [open/src/hotspot/share/interpreter/linkResolver.cpp, line 772]
Event: 0.199 Thread 0x00007941d0029e70 Exception <a 'java/lang/NoSuchMethodError'{0x000000071626df18}: 'java.lang.Object java.lang.invoke.Invokers$Holder.invokeExact_MT(java.lang.Object, java.lang.Object, java.lang.Object, java.lang.Object, java.lang.Object)'> (0x000000071626df18) 
thrown [open/src/hotspot/share/interpreter/linkResolver.cpp, line 772]
Event: 0.216 Thread 0x00007941d0213180 Exception <a 'java/lang/NoSuchMethodError'{0x00000007162a2ec8}: 'void java.lang.invoke.DirectMethodHandle$Holder.invokeStatic(java.lang.Object, java.lang.Object)'> (0x00000007162a2ec8) 
thrown [open/src/hotspot/share/interpreter/linkResolver.cpp, line 772]
Event: 0.225 Thread 0x00007941d0029e70 Exception <a 'java/lang/NoSuchMethodError'{0x000000071631ed70}: 'int java.lang.invoke.DirectMethodHandle$Holder.invokeStaticInit(java.lang.Object, java.lang.Object, java.lang.Object, java.lang.Object)'> (0x000000071631ed70) 
thrown [open/src/hotspot/share/interpreter/linkResolver.cpp, line 772]
Event: 0.229 Thread 0x00007941d0029e70 Exception <a 'java/lang/NoSuchMethodError'{0x0000000716327bd8}: 'java.lang.Object java.lang.invoke.DirectMethodHandle$Holder.invokeInterface(java.lang.Object, java.lang.Object)'> (0x0000000716327bd8) 
thrown [open/src/hotspot/share/interpreter/linkResolver.cpp, line 772]
Event: 0.229 Thread 0x00007941d0029e70 Exception <a 'java/lang/IncompatibleClassChangeError'{0x000000071632ae40}: Found class java.lang.Object, but interface was expected> (0x000000071632ae40) 
thrown [open/src/hotspot/share/interpreter/linkResolver.cpp, line 840]
Event: 0.230 Thread 0x00007941d0029e70 Exception <a 'java/lang/NoSuchMethodError'{0x000000071632d888}: 'void java.lang.invoke.DirectMethodHandle$Holder.invokeStaticInit(java.lang.Object, java.lang.Object)'> (0x000000071632d888) 
thrown [open/src/hotspot/share/interpreter/linkResolver.cpp, line 772]
Event: 0.234 Thread 0x00007941d0029e70 Exception <a 'java/lang/NoSuchMethodError'{0x0000000716332e78}: 'int java.lang.invoke.DirectMethodHandle$Holder.invokeStaticInit(java.lang.Object, java.lang.Object)'> (0x0000000716332e78) 
thrown [open/src/hotspot/share/interpreter/linkResolver.cpp, line 772]

ZGC Phase Switch (0 events):
No events

VM Operations (4 events):
Event: 0.138 Executing VM operation: HandshakeAllThreads (Deoptimize)
Event: 0.138 Executing VM operation: HandshakeAllThreads (Deoptimize) done
Event: 0.372 Executing VM operation: HandshakeAllThreads (Deoptimize)
Event: 0.372 Executing VM operation: HandshakeAllThreads (Deoptimize) done

Events (20 events):
Event: 0.068 Thread 0x00007941d0151880 Thread added: 0x00007941d0151880
Event: 0.068 Protecting memory [0x00007941d4100000,0x00007941d4104000] with protection modes 0
Event: 0.076 Thread 0x00007941d0153360 Thread added: 0x00007941d0153360
Event: 0.076 Protecting memory [0x00007941d4000000,0x00007941d4004000] with protection modes 0
Event: 0.084 Thread 0x00007941d01549a0 Thread added: 0x00007941d01549a0
Event: 0.084 Protecting memory [0x00007941cff00000,0x00007941cff04000] with protection modes 0
Event: 0.087 Thread 0x00007941d0155f40 Thread added: 0x00007941d0155f40
Event: 0.088 Protecting memory [0x00007941b4ab0000,0x00007941b4ab4000] with protection modes 0
Event: 0.093 Thread 0x00007941d0157a80 Thread added: 0x00007941d0157a80
Event: 0.097 Thread 0x00007941d0159140 Thread added: 0x00007941d0159140
Event: 0.098 Protecting memory [0x00007941b49b0000,0x00007941b49b4000] with protection modes 0
Event: 0.108 Protecting memory [0x00007941b48b0000,0x00007941b48b4000] with protection modes 0
Event: 0.125 Thread 0x00007941d017b620 Thread added: 0x00007941d017b620
Event: 0.137 Protecting memory [0x00007941b46e0000,0x00007941b46e4000] with protection modes 0
Event: 0.203 Thread 0x00007941d0213180 Thread added: 0x00007941d0213180
Event: 0.203 Protecting memory [0x00007941b45e0000,0x00007941b45e4000] with protection modes 0
Event: 0.208 Thread 0x00007941d02151e0 Thread added: 0x00007941d02151e0
Event: 0.208 Protecting memory [0x00007941b44e0000,0x00007941b44e4000] with protection modes 0
Event: 0.216 Thread 0x00007941d021bab0 Thread added: 0x00007941d021bab0
Event: 0.218 Protecting memory [0x00007941b43e0000,0x00007941b43e4000] with protection modes 0


Dynamic libraries:
706c00000-716600000 rw-p 00000000 00:00 0 
716600000-7ffe00000 ---p 00000000 00:00 0 
7ffe00000-7fff08000 rw-p 00ce5000 08:03 2903295                          /home/wangjing/.jdks/openjdk-21.0.2/lib/server/classes.jsa
7fff08000-800000000 rw-p 00000000 00:00 0 
603df473d000-603df473e000 r-xp 00000000 08:03 2902800                    /home/wangjing/.jdks/openjdk-21.0.2/bin/java
603df473f000-603df4740000 r--p 00001000 08:03 2902800                    /home/wangjing/.jdks/openjdk-21.0.2/bin/java
603df4740000-603df4741000 rw-p 00002000 08:03 2902800                    /home/wangjing/.jdks/openjdk-21.0.2/bin/java
603df51ca000-603df5210000 rw-p 00000000 00:00 0                          [heap]
794125400000-794125d26000 r--p 00000000 08:03 3025897                    /home/wangjing/.javacpp/cache/llvm-13.0.1-1.5.7-linux-x86_64.jar/org/bytedeco/llvm/linux-x86_64/libLLVM-13.so
794125d26000-7941296e9000 r-xp 00926000 08:03 3025897                    /home/wangjing/.javacpp/cache/llvm-13.0.1-1.5.7-linux-x86_64.jar/org/bytedeco/llvm/linux-x86_64/libLLVM-13.so
7941296e9000-79412b93e000 r--p 042e9000 08:03 3025897                    /home/wangjing/.javacpp/cache/llvm-13.0.1-1.5.7-linux-x86_64.jar/org/bytedeco/llvm/linux-x86_64/libLLVM-13.so
79412b93e000-79412be53000 r--p 0653d000 08:03 3025897                    /home/wangjing/.javacpp/cache/llvm-13.0.1-1.5.7-linux-x86_64.jar/org/bytedeco/llvm/linux-x86_64/libLLVM-13.so
79412be53000-79412be5e000 rw-p 06a52000 08:03 3025897                    /home/wangjing/.javacpp/cache/llvm-13.0.1-1.5.7-linux-x86_64.jar/org/bytedeco/llvm/linux-x86_64/libLLVM-13.so
79412be5e000-79412bed4000 rw-p 00000000 00:00 0 
79412c000000-79412c38b000 rw-p 00000000 00:00 0 
79412c38b000-794130000000 ---p 00000000 00:00 0 
794134000000-794134021000 rw-p 00000000 00:00 0 
794134021000-794138000000 ---p 00000000 00:00 0 
794138000000-7941383b3000 rw-p 00000000 00:00 0 
7941383b3000-79413c000000 ---p 00000000 00:00 0 
79413c000000-79413c021000 rw-p 00000000 00:00 0 
79413c021000-794140000000 ---p 00000000 00:00 0 
794140000000-794140021000 rw-p 00000000 00:00 0 
794140021000-794144000000 ---p 00000000 00:00 0 
794144000000-794144021000 rw-p 00000000 00:00 0 
794144021000-794148000000 ---p 00000000 00:00 0 
794148000000-794148021000 rw-p 00000000 00:00 0 
794148021000-79414c000000 ---p 00000000 00:00 0 
79414c000000-79414c021000 rw-p 00000000 00:00 0 
79414c021000-794150000000 ---p 00000000 00:00 0 
794153000000-7941531c0000 rw-p 00000000 00:00 0 
7941531c0000-794153400000 ---p 00000000 00:00 0 
794153400000-7941535b0000 rw-p 00000000 00:00 0 
7941535b0000-794157000000 ---p 00000000 00:00 0 
794157000000-794157ca6000 rw-p 00001000 08:03 2903295                    /home/wangjing/.jdks/openjdk-21.0.2/lib/server/classes.jsa
794157ca6000-794158000000 ---p 00000000 00:00 0 
794158000000-794158030000 rw-p 00000000 00:00 0 
794158030000-794158070000 rw-p 00000000 00:00 0 
794158070000-794158080000 ---p 00000000 00:00 0 
794158080000-794158090000 rw-p 00000000 00:00 0 
794158090000-794198000000 ---p 00000000 00:00 0 
794198000000-794198021000 rw-p 00000000 00:00 0 
794198021000-79419c000000 ---p 00000000 00:00 0 
79419c000000-79419c021000 rw-p 00000000 00:00 0 
79419c021000-7941a0000000 ---p 00000000 00:00 0 
7941a0000000-7941a0021000 rw-p 00000000 00:00 0 
7941a0021000-7941a4000000 ---p 00000000 00:00 0 
7941a4c65000-7941a5c00000 rw-p 00000000 00:00 0 
7941a5c00000-7941a5c9a000 r--p 00000000 08:03 917771                     /usr/lib/x86_64-linux-gnu/libstdc++.so.6.0.30
7941a5c9a000-7941a5dab000 r-xp 0009a000 08:03 917771                     /usr/lib/x86_64-linux-gnu/libstdc++.so.6.0.30
7941a5dab000-7941a5e1a000 r--p 001ab000 08:03 917771                     /usr/lib/x86_64-linux-gnu/libstdc++.so.6.0.30
7941a5e1a000-7941a5e1b000 ---p 0021a000 08:03 917771                     /usr/lib/x86_64-linux-gnu/libstdc++.so.6.0.30
7941a5e1b000-7941a5e26000 r--p 0021a000 08:03 917771                     /usr/lib/x86_64-linux-gnu/libstdc++.so.6.0.30
7941a5e26000-7941a5e29000 rw-p 00225000 08:03 917771                     /usr/lib/x86_64-linux-gnu/libstdc++.so.6.0.30
7941a5e29000-7941a5e2c000 rw-p 00000000 00:00 0 
7941a6000000-7941a8000000 rw-p 00000000 00:00 0 
7941a8000000-7941a8021000 rw-p 00000000 00:00 0 
7941a8021000-7941ac000000 ---p 00000000 00:00 0 
7941ac000000-7941ac021000 rw-p 00000000 00:00 0 
7941ac021000-7941b0000000 ---p 00000000 00:00 0 
7941b0000000-7941b0021000 rw-p 00000000 00:00 0 
7941b0021000-7941b4000000 ---p 00000000 00:00 0 
7941b41f3000-7941b42da000 rw-p 00000000 00:00 0 
7941b42da000-7941b433f000 r--p 00000000 08:03 3025902                    /home/wangjing/.javacpp/cache/llvm-13.0.1-1.5.7-linux-x86_64.jar/org/bytedeco/llvm/linux-x86_64/libjniLLVM.so
7941b433f000-7941b43ad000 r-xp 00065000 08:03 3025902                    /home/wangjing/.javacpp/cache/llvm-13.0.1-1.5.7-linux-x86_64.jar/org/bytedeco/llvm/linux-x86_64/libjniLLVM.so
7941b43ad000-7941b43d8000 r--p 000d3000 08:03 3025902                    /home/wangjing/.javacpp/cache/llvm-13.0.1-1.5.7-linux-x86_64.jar/org/bytedeco/llvm/linux-x86_64/libjniLLVM.so
7941b43d8000-7941b43db000 r--p 000fd000 08:03 3025902                    /home/wangjing/.javacpp/cache/llvm-13.0.1-1.5.7-linux-x86_64.jar/org/bytedeco/llvm/linux-x86_64/libjniLLVM.so
7941b43db000-7941b43de000 rw-p 00100000 08:03 3025902                    /home/wangjing/.javacpp/cache/llvm-13.0.1-1.5.7-linux-x86_64.jar/org/bytedeco/llvm/linux-x86_64/libjniLLVM.so
7941b43de000-7941b43e0000 rw-p 00000000 00:00 0 
7941b43e0000-7941b43e4000 ---p 00000000 00:00 0 
7941b43e4000-7941b44e0000 rw-p 00000000 00:00 0 
7941b44e0000-7941b44e4000 ---p 00000000 00:00 0 
7941b44e4000-7941b45e0000 rw-p 00000000 00:00 0 
7941b45e0000-7941b45e4000 ---p 00000000 00:00 0 
7941b45e4000-7941b46e0000 rw-p 00000000 00:00 0 
7941b46e0000-7941b46e4000 ---p 00000000 00:00 0 
7941b46e4000-7941b47e0000 rw-p 00000000 00:00 0 
7941b47e0000-7941b48ae000 r-xp 00000000 08:03 2903269                    /home/wangjing/.jdks/openjdk-21.0.2/lib/libjsvml.so
7941b48ae000-7941b48af000 r--p 000cd000 08:03 2903269                    /home/wangjing/.jdks/openjdk-21.0.2/lib/libjsvml.so
7941b48af000-7941b48b0000 rw-p 000ce000 08:03 2903269                    /home/wangjing/.jdks/openjdk-21.0.2/lib/libjsvml.so
7941b48b0000-7941b48b4000 ---p 00000000 00:00 0 
7941b48b4000-7941b49b0000 rw-p 00000000 00:00 0 
7941b49b0000-7941b49b4000 ---p 00000000 00:00 0 
7941b49b4000-7941b4ab0000 rw-p 00000000 00:00 0 
7941b4ab0000-7941b4ab4000 ---p 00000000 00:00 0 
7941b4ab4000-7941b4f98000 rw-p 00000000 00:00 0 
7941b4f98000-7941b89f8000 ---p 00000000 00:00 0 
7941b89f8000-7941b8a00000 rw-p 00000000 00:00 0 
7941b8a00000-7941b8c70000 rwxp 00000000 00:00 0 
7941b8c70000-7941bff38000 ---p 00000000 00:00 0 
7941bff38000-7941c01a8000 rwxp 00000000 00:00 0 
7941c01a8000-7941c04c7000 ---p 00000000 00:00 0 
7941c04c7000-7941c0737000 rwxp 00000000 00:00 0 
7941c0737000-7941c7a00000 ---p 00000000 00:00 0 
7941c7a00000-7941cfecf000 r--s 00000000 08:03 2903286                    /home/wangjing/.jdks/openjdk-21.0.2/lib/modules
7941cff00000-7941cff04000 ---p 00000000 00:00 0 
7941cff04000-7941d0000000 rw-p 00000000 00:00 0 
7941d0000000-7941d03c9000 rw-p 00000000 00:00 0 
7941d03c9000-7941d4000000 ---p 00000000 00:00 0 
7941d4000000-7941d4004000 ---p 00000000 00:00 0 
7941d4004000-7941d4100000 rw-p 00000000 00:00 0 
7941d4100000-7941d4104000 ---p 00000000 00:00 0 
7941d4104000-7941d4200000 rw-p 00000000 00:00 0 
7941d4200000-7941d4a78000 r--p 00000000 08:03 917748                     /usr/lib/locale/locale-archive
7941d4ab4000-7941d4abb000 r--p 00000000 08:03 3025898                    /home/wangjing/.javacpp/cache/llvm-13.0.1-1.5.7-linux-x86_64.jar/org/bytedeco/llvm/linux-x86_64/libLTO.so.13
7941d4abb000-7941d4ac3000 r-xp 00007000 08:03 3025898                    /home/wangjing/.javacpp/cache/llvm-13.0.1-1.5.7-linux-x86_64.jar/org/bytedeco/llvm/linux-x86_64/libLTO.so.13
7941d4ac3000-7941d4ac5000 r--p 0000f000 08:03 3025898                    /home/wangjing/.javacpp/cache/llvm-13.0.1-1.5.7-linux-x86_64.jar/org/bytedeco/llvm/linux-x86_64/libLTO.so.13
7941d4ac5000-7941d4ac6000 r--p 00010000 08:03 3025898                    /home/wangjing/.javacpp/cache/llvm-13.0.1-1.5.7-linux-x86_64.jar/org/bytedeco/llvm/linux-x86_64/libLTO.so.13
7941d4ac6000-7941d4ac7000 rw-p 00011000 08:03 3025898                    /home/wangjing/.javacpp/cache/llvm-13.0.1-1.5.7-linux-x86_64.jar/org/bytedeco/llvm/linux-x86_64/libLTO.so.13
7941d4ac7000-7941d4aca000 r--p 00000000 08:03 919532                     /usr/lib/x86_64-linux-gnu/libgcc_s.so.1
7941d4aca000-7941d4ae1000 r-xp 00003000 08:03 919532                     /usr/lib/x86_64-linux-gnu/libgcc_s.so.1
7941d4ae1000-7941d4ae5000 r--p 0001a000 08:03 919532                     /usr/lib/x86_64-linux-gnu/libgcc_s.so.1
7941d4ae5000-7941d4ae6000 r--p 0001d000 08:03 919532                     /usr/lib/x86_64-linux-gnu/libgcc_s.so.1
7941d4ae6000-7941d4ae7000 rw-p 0001e000 08:03 919532                     /usr/lib/x86_64-linux-gnu/libgcc_s.so.1
7941d4af2000-7941d4af9000 r--s 00000000 08:03 1577262                    /usr/lib/x86_64-linux-gnu/gconv/gconv-modules.cache
7941d4af9000-7941d4afd000 r--p 00000000 08:03 3025878                    /home/wangjing/.javacpp/cache/javacpp-1.5.7-linux-x86_64.jar/org/bytedeco/javacpp/linux-x86_64/libjnijavacpp.so
7941d4afd000-7941d4b04000 r-xp 00004000 08:03 3025878                    /home/wangjing/.javacpp/cache/javacpp-1.5.7-linux-x86_64.jar/org/bytedeco/javacpp/linux-x86_64/libjnijavacpp.so
7941d4b04000-7941d4b08000 r--p 0000b000 08:03 3025878                    /home/wangjing/.javacpp/cache/javacpp-1.5.7-linux-x86_64.jar/org/bytedeco/javacpp/linux-x86_64/libjnijavacpp.so
7941d4b08000-7941d4b09000 r--p 0000e000 08:03 3025878                    /home/wangjing/.javacpp/cache/javacpp-1.5.7-linux-x86_64.jar/org/bytedeco/javacpp/linux-x86_64/libjnijavacpp.so
7941d4b09000-7941d4b0a000 rw-p 0000f000 08:03 3025878                    /home/wangjing/.javacpp/cache/javacpp-1.5.7-linux-x86_64.jar/org/bytedeco/javacpp/linux-x86_64/libjnijavacpp.so
7941d4b0a000-7941d4b0e000 ---p 00000000 00:00 0 
7941d4b0e000-7941d4c0a000 rw-p 00000000 00:00 0 
7941d4c0a000-7941d4c0b000 ---p 00000000 00:00 0 
7941d4c0b000-7941d4d0b000 rw-p 00000000 00:00 0 
7941d4d0b000-7941d4d0c000 ---p 00000000 00:00 0 
7941d4d0c000-7941d4e8d000 rw-p 00000000 00:00 0 
7941d4e8d000-7941d4e8e000 ---p 00000000 00:00 0 
7941d4e8e000-7941d4f8e000 rw-p 00000000 00:00 0 
7941d4f8e000-7941d4f8f000 ---p 00000000 00:00 0 
7941d4f8f000-7941d5291000 rw-p 00000000 00:00 0 
7941d5291000-7941d5292000 ---p 00000000 00:00 0 
7941d5292000-7941d5392000 rw-p 00000000 00:00 0 
7941d5392000-7941d5393000 ---p 00000000 00:00 0 
7941d5393000-7941d5493000 rw-p 00000000 00:00 0 
7941d5493000-7941d5494000 ---p 00000000 00:00 0 
7941d5494000-7941d5611000 rw-p 00000000 00:00 0 
7941d5611000-7941d5d5d000 ---p 00000000 00:00 0 
7941d5d5d000-7941d5ddb000 rw-p 00000000 00:00 0 
7941d5ddb000-7941d6527000 ---p 00000000 00:00 0 
7941d6527000-7941d672f000 rw-p 00000000 00:00 0 
7941d672f000-7941d6815000 ---p 00000000 00:00 0 
7941d6815000-7941d681a000 rw-p 00000000 00:00 0 
7941d681a000-7941d6900000 ---p 00000000 00:00 0 
7941d6900000-7941d6904000 ---p 00000000 00:00 0 
7941d6904000-7941d6a00000 rw-p 00000000 00:00 0 
7941d6a00000-7941d7d12000 r-xp 00000000 08:03 2903298                    /home/wangjing/.jdks/openjdk-21.0.2/lib/server/libjvm.so
7941d7d12000-7941d7d13000 ---p 01312000 08:03 2903298                    /home/wangjing/.jdks/openjdk-21.0.2/lib/server/libjvm.so
7941d7d13000-7941d7de0000 r--p 01312000 08:03 2903298                    /home/wangjing/.jdks/openjdk-21.0.2/lib/server/libjvm.so
7941d7de0000-7941d7e0e000 rw-p 013df000 08:03 2903298                    /home/wangjing/.jdks/openjdk-21.0.2/lib/server/libjvm.so
7941d7e0e000-7941d7e74000 rw-p 00000000 00:00 0 
7941d7e78000-7941d7e79000 r--p 00000000 08:03 3025900                    /home/wangjing/.javacpp/cache/llvm-13.0.1-1.5.7-linux-x86_64.jar/org/bytedeco/llvm/linux-x86_64/libRemarks.so.13
7941d7e79000-7941d7e7a000 r-xp 00001000 08:03 3025900                    /home/wangjing/.javacpp/cache/llvm-13.0.1-1.5.7-linux-x86_64.jar/org/bytedeco/llvm/linux-x86_64/libRemarks.so.13
7941d7e7a000-7941d7e7b000 r--p 00002000 08:03 3025900                    /home/wangjing/.javacpp/cache/llvm-13.0.1-1.5.7-linux-x86_64.jar/org/bytedeco/llvm/linux-x86_64/libRemarks.so.13
7941d7e7b000-7941d7e7c000 r--p 00002000 08:03 3025900                    /home/wangjing/.javacpp/cache/llvm-13.0.1-1.5.7-linux-x86_64.jar/org/bytedeco/llvm/linux-x86_64/libRemarks.so.13
7941d7e7c000-7941d7e7d000 rw-p 00003000 08:03 3025900                    /home/wangjing/.javacpp/cache/llvm-13.0.1-1.5.7-linux-x86_64.jar/org/bytedeco/llvm/linux-x86_64/libRemarks.so.13
7941d7e7d000-7941d7f19000 rw-p 00000000 00:00 0 
7941d7f19000-7941d7f27000 r--p 00000000 08:03 920662                     /usr/lib/x86_64-linux-gnu/libm.so.6
7941d7f27000-7941d7fa3000 r-xp 0000e000 08:03 920662                     /usr/lib/x86_64-linux-gnu/libm.so.6
7941d7fa3000-7941d7ffe000 r--p 0008a000 08:03 920662                     /usr/lib/x86_64-linux-gnu/libm.so.6
7941d7ffe000-7941d7fff000 r--p 000e4000 08:03 920662                     /usr/lib/x86_64-linux-gnu/libm.so.6
7941d7fff000-7941d8000000 rw-p 000e5000 08:03 920662                     /usr/lib/x86_64-linux-gnu/libm.so.6
7941d8000000-7941d8028000 r--p 00000000 08:03 920659                     /usr/lib/x86_64-linux-gnu/libc.so.6
7941d8028000-7941d81bd000 r-xp 00028000 08:03 920659                     /usr/lib/x86_64-linux-gnu/libc.so.6
7941d81bd000-7941d8215000 r--p 001bd000 08:03 920659                     /usr/lib/x86_64-linux-gnu/libc.so.6
7941d8215000-7941d8216000 ---p 00215000 08:03 920659                     /usr/lib/x86_64-linux-gnu/libc.so.6
7941d8216000-7941d821a000 r--p 00215000 08:03 920659                     /usr/lib/x86_64-linux-gnu/libc.so.6
7941d821a000-7941d821c000 rw-p 00219000 08:03 920659                     /usr/lib/x86_64-linux-gnu/libc.so.6
7941d821c000-7941d8229000 rw-p 00000000 00:00 0 
7941d822a000-7941d822c000 r-xp 00000000 08:03 2903254                    /home/wangjing/.jdks/openjdk-21.0.2/lib/libextnet.so
7941d822c000-7941d822d000 r--p 00001000 08:03 2903254                    /home/wangjing/.jdks/openjdk-21.0.2/lib/libextnet.so
7941d822d000-7941d822e000 rw-p 00002000 08:03 2903254                    /home/wangjing/.jdks/openjdk-21.0.2/lib/libextnet.so
7941d822e000-7941d823a000 r-xp 00000000 08:03 2903276                    /home/wangjing/.jdks/openjdk-21.0.2/lib/libnet.so
7941d823a000-7941d823b000 r--p 0000b000 08:03 2903276                    /home/wangjing/.jdks/openjdk-21.0.2/lib/libnet.so
7941d823b000-7941d823c000 rw-p 0000c000 08:03 2903276                    /home/wangjing/.jdks/openjdk-21.0.2/lib/libnet.so
7941d823c000-7941d8250000 r-xp 00000000 08:03 2903277                    /home/wangjing/.jdks/openjdk-21.0.2/lib/libnio.so
7941d8250000-7941d8251000 r--p 00013000 08:03 2903277                    /home/wangjing/.jdks/openjdk-21.0.2/lib/libnio.so
7941d8251000-7941d8252000 rw-p 00014000 08:03 2903277                    /home/wangjing/.jdks/openjdk-21.0.2/lib/libnio.so
7941d8252000-7941d8259000 r-xp 00000000 08:03 2903285                    /home/wangjing/.jdks/openjdk-21.0.2/lib/libzip.so
7941d8259000-7941d825a000 ---p 00007000 08:03 2903285                    /home/wangjing/.jdks/openjdk-21.0.2/lib/libzip.so
7941d825a000-7941d825b000 r--p 00007000 08:03 2903285                    /home/wangjing/.jdks/openjdk-21.0.2/lib/libzip.so
7941d825b000-7941d825c000 rw-p 00008000 08:03 2903285                    /home/wangjing/.jdks/openjdk-21.0.2/lib/libzip.so
7941d825c000-7941d82a4000 rw-p 00000000 00:00 0 
7941d82a4000-7941d82ab000 ---p 00000000 00:00 0 
7941d82ab000-7941d82b3000 rw-s 00000000 08:03 131112                     /tmp/hsperfdata_wangjing/8038
7941d82b3000-7941d82d3000 r-xp 00000000 08:03 2903261                    /home/wangjing/.jdks/openjdk-21.0.2/lib/libjava.so
7941d82d3000-7941d82d4000 ---p 00020000 08:03 2903261                    /home/wangjing/.jdks/openjdk-21.0.2/lib/libjava.so
7941d82d4000-7941d82d5000 r--p 00020000 08:03 2903261                    /home/wangjing/.jdks/openjdk-21.0.2/lib/libjava.so
7941d82d5000-7941d82d6000 rw-p 00021000 08:03 2903261                    /home/wangjing/.jdks/openjdk-21.0.2/lib/libjava.so
7941d82d6000-7941d82d7000 rw-p 00000000 00:00 0 
7941d82d7000-7941d82f2000 r-xp 00000000 08:03 2903265                    /home/wangjing/.jdks/openjdk-21.0.2/lib/libjimage.so
7941d82f2000-7941d82f3000 ---p 0001b000 08:03 2903265                    /home/wangjing/.jdks/openjdk-21.0.2/lib/libjimage.so
7941d82f3000-7941d82f5000 r--p 0001b000 08:03 2903265                    /home/wangjing/.jdks/openjdk-21.0.2/lib/libjimage.so
7941d82f5000-7941d82f6000 rw-p 0001d000 08:03 2903265                    /home/wangjing/.jdks/openjdk-21.0.2/lib/libjimage.so
7941d82f6000-7941d82f7000 r--p 00000000 08:03 920673                     /usr/lib/x86_64-linux-gnu/librt.so.1
7941d82f7000-7941d82f8000 r-xp 00001000 08:03 920673                     /usr/lib/x86_64-linux-gnu/librt.so.1
7941d82f8000-7941d82f9000 r--p 00002000 08:03 920673                     /usr/lib/x86_64-linux-gnu/librt.so.1
7941d82f9000-7941d82fa000 r--p 00002000 08:03 920673                     /usr/lib/x86_64-linux-gnu/librt.so.1
7941d82fa000-7941d82fb000 rw-p 00003000 08:03 920673                     /usr/lib/x86_64-linux-gnu/librt.so.1
7941d82fb000-7941d82ff000 rw-p 00000000 00:00 0 
7941d82ff000-7941d8300000 r--p 00000000 08:03 920661                     /usr/lib/x86_64-linux-gnu/libdl.so.2
7941d8300000-7941d8301000 r-xp 00001000 08:03 920661                     /usr/lib/x86_64-linux-gnu/libdl.so.2
7941d8301000-7941d8302000 r--p 00002000 08:03 920661                     /usr/lib/x86_64-linux-gnu/libdl.so.2
7941d8302000-7941d8303000 r--p 00002000 08:03 920661                     /usr/lib/x86_64-linux-gnu/libdl.so.2
7941d8303000-7941d8304000 rw-p 00003000 08:03 920661                     /usr/lib/x86_64-linux-gnu/libdl.so.2
7941d8304000-7941d8305000 r--p 00000000 08:03 920671                     /usr/lib/x86_64-linux-gnu/libpthread.so.0
7941d8305000-7941d8306000 r-xp 00001000 08:03 920671                     /usr/lib/x86_64-linux-gnu/libpthread.so.0
7941d8306000-7941d8307000 r--p 00002000 08:03 920671                     /usr/lib/x86_64-linux-gnu/libpthread.so.0
7941d8307000-7941d8308000 r--p 00002000 08:03 920671                     /usr/lib/x86_64-linux-gnu/libpthread.so.0
7941d8308000-7941d8309000 rw-p 00003000 08:03 920671                     /usr/lib/x86_64-linux-gnu/libpthread.so.0
7941d8309000-7941d8317000 r-xp 00000000 08:03 2903266                    /home/wangjing/.jdks/openjdk-21.0.2/lib/libjli.so
7941d8317000-7941d8318000 ---p 0000e000 08:03 2903266                    /home/wangjing/.jdks/openjdk-21.0.2/lib/libjli.so
7941d8318000-7941d8319000 r--p 0000e000 08:03 2903266                    /home/wangjing/.jdks/openjdk-21.0.2/lib/libjli.so
7941d8319000-7941d831a000 rw-p 0000f000 08:03 2903266                    /home/wangjing/.jdks/openjdk-21.0.2/lib/libjli.so
7941d831a000-7941d831c000 r--p 00000000 08:03 917955                     /usr/lib/x86_64-linux-gnu/libz.so.1.2.11
7941d831c000-7941d832d000 r-xp 00002000 08:03 917955                     /usr/lib/x86_64-linux-gnu/libz.so.1.2.11
7941d832d000-7941d8333000 r--p 00013000 08:03 917955                     /usr/lib/x86_64-linux-gnu/libz.so.1.2.11
7941d8333000-7941d8334000 ---p 00019000 08:03 917955                     /usr/lib/x86_64-linux-gnu/libz.so.1.2.11
7941d8334000-7941d8335000 r--p 00019000 08:03 917955                     /usr/lib/x86_64-linux-gnu/libz.so.1.2.11
7941d8335000-7941d8336000 rw-p 0001a000 08:03 917955                     /usr/lib/x86_64-linux-gnu/libz.so.1.2.11
7941d8339000-7941d8343000 r-xp 00000000 08:03 2903256                    /home/wangjing/.jdks/openjdk-21.0.2/lib/libinstrument.so
7941d8343000-7941d8344000 ---p 0000a000 08:03 2903256                    /home/wangjing/.jdks/openjdk-21.0.2/lib/libinstrument.so
7941d8344000-7941d8345000 r--p 0000a000 08:03 2903256                    /home/wangjing/.jdks/openjdk-21.0.2/lib/libinstrument.so
7941d8345000-7941d8346000 rw-p 0000b000 08:03 2903256                    /home/wangjing/.jdks/openjdk-21.0.2/lib/libinstrument.so
7941d8346000-7941d8347000 ---p 00000000 00:00 0 
7941d8347000-7941d8348000 r--p 00000000 00:00 0 
7941d8348000-7941d834a000 rw-p 00000000 00:00 0 
7941d834a000-7941d834c000 r--p 00000000 08:03 920656                     /usr/lib/x86_64-linux-gnu/ld-linux-x86-64.so.2
7941d834c000-7941d8376000 r-xp 00002000 08:03 920656                     /usr/lib/x86_64-linux-gnu/ld-linux-x86-64.so.2
7941d8376000-7941d8381000 r--p 0002c000 08:03 920656                     /usr/lib/x86_64-linux-gnu/ld-linux-x86-64.so.2
7941d8381000-7941d8382000 ---p 00000000 00:00 0 
7941d8382000-7941d8384000 r--p 00037000 08:03 920656                     /usr/lib/x86_64-linux-gnu/ld-linux-x86-64.so.2
7941d8384000-7941d8386000 rw-p 00039000 08:03 920656                     /usr/lib/x86_64-linux-gnu/ld-linux-x86-64.so.2
7ffd5a114000-7ffd5a135000 rw-p 00000000 00:00 0                          [stack]
7ffd5a167000-7ffd5a16b000 r--p 00000000 00:00 0                          [vvar]
7ffd5a16b000-7ffd5a16d000 r-xp 00000000 00:00 0                          [vdso]
ffffffffff600000-ffffffffff601000 --xp 00000000 00:00 0                  [vsyscall]
Total number of mappings: 236


VM Arguments:
jvm_args: -javaagent:/opt/idea/idea-IU-233.14475.28/lib/idea_rt.jar=43565:/opt/idea/idea-IU-233.14475.28/bin -Dfile.encoding=UTF-8 -Dsun.stdout.encoding=UTF-8 -Dsun.stderr.encoding=UTF-8 
java_command: Main ./tests/test1.sysy out.txt
java_class_path (initial): /home/wangjing/Lab/target/classes:/usr/local/lib/javacpp-1.5.7.jar:/usr/local/lib/llvm-13.0.1-1.5.7.jar:/usr/local/lib/antlr-4.9.1-complete.jar:/usr/local/lib/javacpp-1.5.7-linux-x86_64.jar:/usr/local/lib/llvm-platform-13.0.1-1.5.7.jar:/usr/local/lib/llvm-13.0.1-1.5.7-linux-x86_64.jar
Launcher Type: SUN_STANDARD

[Global flags]
     intx CICompilerCount                          = 2                                         {product} {ergonomic}
     uint ConcGCThreads                            = 1                                         {product} {ergonomic}
     uint G1ConcRefinementThreads                  = 2                                         {product} {ergonomic}
   size_t G1HeapRegionSize                         = 2097152                                   {product} {ergonomic}
    uintx GCDrainStackTargetSize                   = 64                                        {product} {ergonomic}
   size_t InitialHeapSize                          = 262144000                                 {product} {ergonomic}
   size_t MarkStackSize                            = 4194304                                   {product} {ergonomic}
   size_t MaxHeapSize                              = 4181721088                                {product} {ergonomic}
   size_t MaxNewSize                               = 2508193792                                {product} {ergonomic}
   size_t MinHeapDeltaBytes                        = 2097152                                   {product} {ergonomic}
   size_t MinHeapSize                              = 8388608                                   {product} {ergonomic}
    uintx NonNMethodCodeHeapSize                   = 5826188                                {pd product} {ergonomic}
    uintx NonProfiledCodeHeapSize                  = 122916026                              {pd product} {ergonomic}
    uintx ProfiledCodeHeapSize                     = 122916026                              {pd product} {ergonomic}
    uintx ReservedCodeCacheSize                    = 251658240                              {pd product} {ergonomic}
     bool SegmentedCodeCache                       = true                                      {product} {ergonomic}
   size_t SoftMaxHeapSize                          = 4181721088                             {manageable} {ergonomic}
     bool UseCompressedOops                        = true                           {product lp64_product} {ergonomic}
     bool UseG1GC                                  = true                                      {product} {ergonomic}

Logging:
Log output configuration:
 #0: stdout all=warning uptime,level,tags foldmultilines=false
 #1: stderr all=off uptime,level,tags foldmultilines=false

Environment Variables:
PATH=/usr/local/sbin:/usr/local/bin:/usr/sbin:/usr/bin:/sbin:/bin:/usr/games:/usr/local/games:/snap/bin:/snap/bin
USERNAME=wangjing
SHELL=/bin/bash
DISPLAY=:0
LANG=en_US.UTF-8
LC_NUMERIC=zh_CN.UTF-8
LC_TIME=zh_CN.UTF-8

Active Locale:
LC_ALL=LC_CTYPE=en_US.UTF-8;LC_NUMERIC=zh_CN.UTF-8;LC_TIME=zh_CN.UTF-8;LC_COLLATE=en_US.UTF-8;LC_MONETARY=zh_CN.UTF-8;LC_MESSAGES=en_US.UTF-8;LC_PAPER=zh_CN.UTF-8;LC_NAME=zh_CN.UTF-8;LC_ADDRESS=zh_CN.UTF-8;LC_TELEPHONE=zh_CN.UTF-8;LC_MEASUREMENT=zh_CN.UTF-8;LC_IDENTIFICATION=zh_CN.UTF-8
LC_COLLATE=en_US.UTF-8
LC_CTYPE=en_US.UTF-8
LC_MESSAGES=en_US.UTF-8
LC_MONETARY=zh_CN.UTF-8
LC_NUMERIC=zh_CN.UTF-8
LC_TIME=zh_CN.UTF-8

Signal Handlers:
   SIGSEGV: crash_handler in libjvm.so, mask=11100100010111111101111111111110, flags=SA_RESTART|SA_SIGINFO, unblocked
    SIGBUS: crash_handler in libjvm.so, mask=11100100010111111101111111111110, flags=SA_RESTART|SA_SIGINFO, unblocked
    SIGFPE: crash_handler in libjvm.so, mask=11100100010111111101111111111110, flags=SA_RESTART|SA_SIGINFO, unblocked
   SIGPIPE: javaSignalHandler in libjvm.so, mask=11100100010111111101111111111110, flags=SA_RESTART|SA_SIGINFO, blocked
   SIGXFSZ: javaSignalHandler in libjvm.so, mask=11100100010111111101111111111110, flags=SA_RESTART|SA_SIGINFO, blocked
    SIGILL: crash_handler in libjvm.so, mask=11100100010111111101111111111110, flags=SA_RESTART|SA_SIGINFO, unblocked
   SIGUSR2: SR_handler in libjvm.so, mask=00100000000000000000000000000000, flags=SA_RESTART|SA_SIGINFO, blocked
    SIGHUP: UserHandler in libjvm.so, mask=11100100010111111101111111111110, flags=SA_RESTART|SA_SIGINFO, blocked
    SIGINT: UserHandler in libjvm.so, mask=11100100010111111101111111111110, flags=SA_RESTART|SA_SIGINFO, blocked
   SIGTERM: UserHandler in libjvm.so, mask=11100100010111111101111111111110, flags=SA_RESTART|SA_SIGINFO, blocked
   SIGQUIT: UserHandler in libjvm.so, mask=11100100010111111101111111111110, flags=SA_RESTART|SA_SIGINFO, blocked
   SIGTRAP: crash_handler in libjvm.so, mask=11100100010111111101111111111110, flags=SA_RESTART|SA_SIGINFO, unblocked


Periodic native trim disabled

---------------  S Y S T E M  ---------------

OS:
DISTRIB_ID=Ubuntu
DISTRIB_RELEASE=22.04
DISTRIB_CODENAME=jammy
DISTRIB_DESCRIPTION="Ubuntu 22.04.4 LTS"
uname: Linux 6.5.0-35-generic #35~22.04.1-Ubuntu SMP PREEMPT_DYNAMIC Tue May  7 09:00:52 UTC 2 x86_64
OS uptime: 0 days 1:38 hours
libc: glibc 2.35 NPTL 2.35 
rlimit (soft/hard): STACK 8192k/infinity , CORE 0k/infinity , NPROC 63495/63495 , NOFILE 1048576/1048576 , AS infinity/infinity , CPU infinity/infinity , DATA infinity/infinity , FSIZE infinity/infinity , MEMLOCK 2041432k/2041432k
load average: 1.87 1.66 1.43

/proc/meminfo:
MemTotal:       16331456 kB
MemFree:         6715712 kB
MemAvailable:   10317040 kB
Buffers:           90084 kB
Cached:          3778948 kB
SwapCached:            0 kB
Active:          6973144 kB
Inactive:        1701692 kB
Active(anon):    4890832 kB
Inactive(anon):        0 kB
Active(file):    2082312 kB
Inactive(file):  1701692 kB
Unevictable:           0 kB
Mlocked:               0 kB
SwapTotal:       2097148 kB
SwapFree:        2097148 kB
Zswap:                 0 kB
Zswapped:              0 kB
Dirty:              5264 kB
Writeback:             0 kB
AnonPages:       4805716 kB
Mapped:          1411024 kB
Shmem:             85028 kB
KReclaimable:     140304 kB
Slab:             299648 kB
SReclaimable:     140304 kB
SUnreclaim:       159344 kB
KernelStack:       16384 kB
PageTables:        36900 kB
SecPageTables:         0 kB
NFS_Unstable:          0 kB
Bounce:                0 kB
WritebackTmp:          0 kB
CommitLimit:    10262876 kB
Committed_AS:    8702008 kB
VmallocTotal:   34359738367 kB
VmallocUsed:       45732 kB
VmallocChunk:          0 kB
Percpu:           105984 kB
HardwareCorrupted:     0 kB
AnonHugePages:         0 kB
ShmemHugePages:        0 kB
ShmemPmdMapped:        0 kB
FileHugePages:         0 kB
FilePmdMapped:         0 kB
Unaccepted:            0 kB
HugePages_Total:       0
HugePages_Free:        0
HugePages_Rsvd:        0
HugePages_Surp:        0
Hugepagesize:       2048 kB
Hugetlb:               0 kB
DirectMap4k:      147264 kB
DirectMap2M:     5095424 kB
DirectMap1G:    13631488 kB

/sys/kernel/mm/transparent_hugepage/enabled: always [madvise] never
/sys/kernel/mm/transparent_hugepage/defrag (defrag/compaction efforts parameter): always defer defer+madvise [madvise] never

Process Memory:
Virtual Size: 6887720K (peak: 6887720K)
Resident Set Size: 118920K (peak: 118920K) (anon: 67712K, file: 51208K, shmem: 0K)
Swapped out: 0K
C-Heap outstanding allocations: 37457K, retained: 2154K
glibc malloc tunables: (default)

/proc/sys/kernel/threads-max (system-wide limit on the number of threads): 126991
/proc/sys/vm/max_map_count (maximum number of memory map areas a process may have): 65530
/proc/sys/kernel/pid_max (system-wide limit on number of process identifiers): 4194304

container (cgroup) information:
container_type: cgroupv2
cpu_cpuset_cpus: not supported
cpu_memory_nodes: not supported
active_processor_count: 2
cpu_quota: not supported
cpu_period: not supported
cpu_shares: not supported
memory_limit_in_bytes: unlimited
memory_and_swap_limit_in_bytes: unlimited
memory_soft_limit_in_bytes: unlimited
memory_usage_in_bytes: 4954004 k
memory_max_usage_in_bytes: not supported
memory_swap_current_in_bytes: unlimited
memory_swap_max_limit_in_bytes: unlimited
maximum number of tasks: 19048
current number of tasks: 156

VMWare virtualization detected
Steal ticks since vm start: 0
Steal ticks percentage since vm start:  0.000

CPU: total 2 (initial active 2) (1 cores per cpu, 1 threads per core) family 25 model 116 stepping 1 microcode 0xffffffff, cx8, cmov, fxsr, mmx, sse, sse2, sse3, ssse3, sse4a, sse4.1, sse4.2, popcnt, lzcnt, tsc, tscinvbit, avx, avx2, aes, erms, clmul, bmi1, bmi2, adx, avx512f, avx512dq, avx512cd, avx512bw, avx512vl, sha, fma, vzeroupper, avx512_vpopcntdq, avx512_vpclmulqdq, avx512_vaes, avx512_vnni, clflush, clflushopt, avx512_vbmi2, avx512_vbmi, hv, rdtscp, rdpid, gfni, avx512_bitalg, f16c, avx512_ifma
CPU Model and flags from /proc/cpuinfo:
model name	: AMD Ryzen 7 7840HS with Radeon 780M Graphics
flags		: fpu vme de pse tsc msr pae mce cx8 apic sep mtrr pge mca cmov pat pse36 clflush mmx fxsr sse sse2 syscall nx mmxext pdpe1gb rdtscp lm constant_tsc rep_good nopl tsc_reliable nonstop_tsc cpuid extd_apicid tsc_known_freq pni pclmulqdq ssse3 fma cx16 sse4_1 sse4_2 x2apic movbe popcnt aes xsave avx f16c rdrand hypervisor lahf_lm cr8_legacy abm sse4a misalignsse 3dnowprefetch osvw topoext ibpb vmmcall fsgsbase bmi1 avx2 smep bmi2 erms invpcid avx512f avx512dq rdseed adx smap avx512ifma clflushopt clwb avx512cd sha_ni avx512bw avx512vl xsaveopt xsavec xgetbv1 xsaves avx512_bf16 clzero arat avx512vbmi umip avx512_vbmi2 gfni vaes vpclmulqdq avx512_vnni avx512_bitalg avx512_vpopcntdq rdpid overflow_recov succor

Online cpus: 0-1
Offline cpus: 2-127
BIOS frequency limitation: <Not Available>
Frequency switch latency (ns): <Not Available>
Available cpu frequencies: <Not Available>
Current governor: <Not Available>
Core performance/turbo boost: <Not Available>

Memory: 4k page, physical 16331456k(10317040k free), swap 2097148k(2097148k free)
Page Sizes: 4k

vm_info: OpenJDK 64-Bit Server VM (21.0.2+13-58) for linux-amd64 JRE (21.0.2+13-58), built on 2024-01-05T18:32:24Z by "mach5one" with gcc 11.2.0

END.
