#
# A fatal error has been detected by the Java Runtime Environment:
#
#  SIGSEGV (0xb) at pc=0x00007517ea02c882, pid=35141, tid=35144
#
# JRE version: OpenJDK Runtime Environment (21.0.2+13) (build 21.0.2+13-58)
# Java VM: OpenJDK 64-Bit Server VM (21.0.2+13-58, mixed mode, sharing, tiered, compressed oops, compressed class ptrs, g1 gc, linux-amd64)
# Problematic frame:
# C  [libLLVM-13.so+0xc2c882]  LLVMBuildLoad+0x12
#
# Core dump will be written. Default location: Core dumps may be processed with "/usr/share/apport/apport -p%p -s%s -c%c -d%d -P%P -u%u -g%g -- %E" (or dumping to /home/wangjing/Lab/core.35141)
#
# If you would like to submit a bug report, please visit:
#   https://bugreport.java.com/bugreport/crash.jsp
# The crash happened outside the Java Virtual Machine in native code.
# See problematic frame for where to report the bug.
#

---------------  S U M M A R Y ------------

Command Line: -agentlib:jdwp=transport=dt_socket,address=127.0.0.1:59939,suspend=y,server=n -javaagent:/opt/idea/idea-IU-233.14475.28/plugins/java/lib/rt/debugger-agent.jar -Dfile.encoding=UTF-8 -Dsun.stdout.encoding=UTF-8 -Dsun.stderr.encoding=UTF-8 Main ./tests/test1.sysy output.ll

Host: AMD Ryzen 7 7840HS with Radeon 780M Graphics, 2 cores, 15G, Ubuntu 22.04.4 LTS
Time: Thu May 30 14:54:24 2024 CST elapsed time: 8.738535 seconds (0d 0h 0m 8s)

---------------  T H R E A D  ---------------

Current thread (0x000075189002caa0):  JavaThread "main"             [_thread_in_native, id=35144, stack(0x0000751896700000,0x0000751896800000) (1024K)]

Stack: [0x0000751896700000,0x0000751896800000],  sp=0x00007518967fd3b0,  free space=1012k
Native frames: (J=compiled Java code, j=interpreted, Vv=VM code, C=native code)
C  [libLLVM-13.so+0xc2c882]  LLVMBuildLoad+0x12
Java frames: (J=compiled Java code, j=interpreted, Vv=VM code)
j  org.bytedeco.llvm.global.LLVM.LLVMBuildLoad(Lorg/bytedeco/llvm/LLVM/LLVMBuilderRef;Lorg/bytedeco/llvm/LLVM/LLVMValueRef;Ljava/lang/String;)Lorg/bytedeco/llvm/LLVM/LLVMValueRef;+0
j  MyVisitor.visitLVal(LSysYParser$LValContext;)Lorg/bytedeco/llvm/LLVM/LLVMValueRef;+31
j  MyVisitor.visitLVal(LSysYParser$LValContext;)Ljava/lang/Object;+2
j  SysYParser$LValContext.accept(Lorg/antlr/v4/runtime/tree/ParseTreeVisitor;)Ljava/lang/Object;+12
j  org.antlr.v4.runtime.tree.AbstractParseTreeVisitor.visitChildren(Lorg/antlr/v4/runtime/tree/RuleNode;)Ljava/lang/Object;+46
j  SysYParserBaseVisitor.visitExp2(LSysYParser$Exp2Context;)Ljava/lang/Object;+2
j  MyVisitor.visitExp2(LSysYParser$Exp2Context;)Lorg/bytedeco/llvm/LLVM/LLVMValueRef;+2
j  MyVisitor.visitExp2(LSysYParser$Exp2Context;)Ljava/lang/Object;+2
j  SysYParser$Exp2Context.accept(Lorg/antlr/v4/runtime/tree/ParseTreeVisitor;)Ljava/lang/Object;+12
j  org.antlr.v4.runtime.tree.AbstractParseTreeVisitor.visitChildren(Lorg/antlr/v4/runtime/tree/RuleNode;)Ljava/lang/Object;+46
j  SysYParserBaseVisitor.visitCond1(LSysYParser$Cond1Context;)Ljava/lang/Object;+2
j  MyVisitor.visitCond1(LSysYParser$Cond1Context;)Lorg/bytedeco/llvm/LLVM/LLVMValueRef;+2
j  MyVisitor.visitCond1(LSysYParser$Cond1Context;)Ljava/lang/Object;+2
j  SysYParser$Cond1Context.accept(Lorg/antlr/v4/runtime/tree/ParseTreeVisitor;)Ljava/lang/Object;+12
j  org.antlr.v4.runtime.tree.AbstractParseTreeVisitor.visit(Lorg/antlr/v4/runtime/tree/ParseTree;)Ljava/lang/Object;+2
j  MyVisitor.visit(Lorg/antlr/v4/runtime/tree/ParseTree;)Lorg/bytedeco/llvm/LLVM/LLVMValueRef;+2
j  MyVisitor.visitCom(LSysYParser$ComContext;)Lorg/bytedeco/llvm/LLVM/LLVMValueRef;+6
j  MyVisitor.visitCom(LSysYParser$ComContext;)Ljava/lang/Object;+2
j  SysYParser$ComContext.accept(Lorg/antlr/v4/runtime/tree/ParseTreeVisitor;)Ljava/lang/Object;+12
j  org.antlr.v4.runtime.tree.AbstractParseTreeVisitor.visit(Lorg/antlr/v4/runtime/tree/ParseTree;)Ljava/lang/Object;+2
j  MyVisitor.visit(Lorg/antlr/v4/runtime/tree/ParseTree;)Lorg/bytedeco/llvm/LLVM/LLVMValueRef;+2
j  MyVisitor.visitOr(LSysYParser$OrContext;)Lorg/bytedeco/llvm/LLVM/LLVMValueRef;+135
j  MyVisitor.visitOr(LSysYParser$OrContext;)Ljava/lang/Object;+2
j  SysYParser$OrContext.accept(Lorg/antlr/v4/runtime/tree/ParseTreeVisitor;)Ljava/lang/Object;+12
j  org.antlr.v4.runtime.tree.AbstractParseTreeVisitor.visit(Lorg/antlr/v4/runtime/tree/ParseTree;)Ljava/lang/Object;+2
j  MyVisitor.visit(Lorg/antlr/v4/runtime/tree/ParseTree;)Lorg/bytedeco/llvm/LLVM/LLVMValueRef;+2
j  MyVisitor.visitIfStmt(LSysYParser$IfStmtContext;)Lorg/bytedeco/llvm/LLVM/LLVMValueRef;+51
j  MyVisitor.visitIfStmt(LSysYParser$IfStmtContext;)Ljava/lang/Object;+2
j  SysYParser$IfStmtContext.accept(Lorg/antlr/v4/runtime/tree/ParseTreeVisitor;)Ljava/lang/Object;+12
j  org.antlr.v4.runtime.tree.AbstractParseTreeVisitor.visitChildren(Lorg/antlr/v4/runtime/tree/RuleNode;)Ljava/lang/Object;+46
j  SysYParserBaseVisitor.visitBlockItem(LSysYParser$BlockItemContext;)Ljava/lang/Object;+2
j  SysYParser$BlockItemContext.accept(Lorg/antlr/v4/runtime/tree/ParseTreeVisitor;)Ljava/lang/Object;+12
j  org.antlr.v4.runtime.tree.AbstractParseTreeVisitor.visit(Lorg/antlr/v4/runtime/tree/ParseTree;)Ljava/lang/Object;+2
j  MyVisitor.visit(Lorg/antlr/v4/runtime/tree/ParseTree;)Lorg/bytedeco/llvm/LLVM/LLVMValueRef;+2
j  MyVisitor.visitBlock(LSysYParser$BlockContext;)Lorg/bytedeco/llvm/LLVM/LLVMValueRef;+99
j  MyVisitor.visitFuncDef(LSysYParser$FuncDefContext;)Lorg/bytedeco/llvm/LLVM/LLVMValueRef;+274
j  MyVisitor.visitFuncDef(LSysYParser$FuncDefContext;)Ljava/lang/Object;+2
j  SysYParser$FuncDefContext.accept(Lorg/antlr/v4/runtime/tree/ParseTreeVisitor;)Ljava/lang/Object;+12
j  org.antlr.v4.runtime.tree.AbstractParseTreeVisitor.visitChildren(Lorg/antlr/v4/runtime/tree/RuleNode;)Ljava/lang/Object;+46
j  SysYParserBaseVisitor.visitCompUnit(LSysYParser$CompUnitContext;)Ljava/lang/Object;+2
j  MyVisitor.visitCompUnit(LSysYParser$CompUnitContext;)Lorg/bytedeco/llvm/LLVM/LLVMValueRef;+2
j  MyVisitor.visitProgram(LSysYParser$ProgramContext;)Lorg/bytedeco/llvm/LLVM/LLVMValueRef;+48
j  MyVisitor.visitProgram(LSysYParser$ProgramContext;)Ljava/lang/Object;+2
j  SysYParser$ProgramContext.accept(Lorg/antlr/v4/runtime/tree/ParseTreeVisitor;)Ljava/lang/Object;+12
j  org.antlr.v4.runtime.tree.AbstractParseTreeVisitor.visit(Lorg/antlr/v4/runtime/tree/ParseTree;)Ljava/lang/Object;+2
j  MyVisitor.visit(Lorg/antlr/v4/runtime/tree/ParseTree;)Lorg/bytedeco/llvm/LLVM/LLVMValueRef;+2
j  Main.main([Ljava/lang/String;)V+73
v  ~StubRoutines::call_stub 0x000075187ff38cc6

siginfo: si_signo: 11 (SIGSEGV), si_code: 1 (SEGV_MAPERR), si_addr: 0x0000000000000000

Registers:
RAX=0x00007517f00f27b0, RBX=0x0000000000000000, RCX=0x000075189002ca62, RDX=0x00007517f00f27b0
RSP=0x00007518967fd3b0, RBP=0x000075189044b6e0, RSI=0x0000000000000000, RDI=0x000075189044b6e0
R8 =0x0000000716464ec8, R9 =0x0000000000000002, R10=0x00000000000003d8, R11=0x0000000000000000
R12=0x0000000000000000, R13=0x0000000000000000, R14=0x00007517f00f27b0, R15=0x000075189002caa0
RIP=0x00007517ea02c882, EFLAGS=0x0000000000010202, CSGSFS=0x002b000000000033, ERR=0x0000000000000004
  TRAPNO=0x000000000000000e


Register to memory mapping:

RAX=0x00007517f00f27b0 points into unknown readable memory: 0x00007510a5630062 | 62 00 63 a5 10 75 00 00
RBX=0x0 is null
RCX=0x000075189002ca62 points into unknown readable memory: 3a 2f 76 61 72 2f
RDX=0x00007517f00f27b0 points into unknown readable memory: 0x00007510a5630062 | 62 00 63 a5 10 75 00 00
RSP=0x00007518967fd3b0 is pointing into the stack for thread: 0x000075189002caa0
RBP=0x000075189044b6e0 points into unknown readable memory: 0x000075189044b6f0 | f0 b6 44 90 18 75 00 00
RSI=0x0 is null
RDI=0x000075189044b6e0 points into unknown readable memory: 0x000075189044b6f0 | f0 b6 44 90 18 75 00 00
R8 =0x0000000716464ec8 is pointing into object: [B 
{0x0000000716464eb8} - klass: {type array byte}
 - length: 1
R9 =0x0000000000000002 is an unknown value
R10=0x00000000000003d8 is an unknown value
R11=0x0 is null
R12=0x0 is null
R13=0x0 is null
R14=0x00007517f00f27b0 points into unknown readable memory: 0x00007510a5630062 | 62 00 63 a5 10 75 00 00
R15=0x000075189002caa0 is a thread

Top of Stack: (sp=0x00007518967fd3b0)
0x00007518967fd3b0:   000075189002caa0 0000000000000000
0x00007518967fd3c0:   0000000000000000 0000751890147360
0x00007518967fd3d0:   0000000000000002 0000000000000001
0x00007518967fd3e0:   00007517f00f27b0 0000751890147360
0x00007518967fd3f0:   00007518967fd4f8 000075189002caa0
0x00007518967fd400:   000075189002ce58 0000751870766fa1
0x00007518967fd410:   0000000000000000 000075189002ce58
0x00007518967fd420:   0000000000000000 000075189044b6e0
0x00007518967fd430:   00007517f00f27b0 000075187077d8dc
0x00007518967fd440:   000075181054ef98 00007518967fd4d8
0x00007518967fd450:   0000000000000000 000075181054ef98
0x00007518967fd460:   00007518967fd508 000075187ff47c0d
0x00007518967fd470:   00007518967fd4d8 000075187ff4780d
0x00007518967fd480:   00007518967fd4e8 000075187ff477d8
0x00007518967fd490:   00007518967fd490 000075181054ef98
0x00007518967fd4a0:   0000000000000006 00007518105842f0
0x00007518967fd4b0:   0000000000000000 00000007158d4490
0x00007518967fd4c0:   000075181054ef98 0000000000000000
0x00007518967fd4d0:   00007518967fd4f8 00007518967fd558
0x00007518967fd4e0:   000075187ff40cb5 00000007158d4490
0x00007518967fd4f0:   000075187ff43e5a 0000000716464e88
0x00007518967fd500:   0000000000000000 00000007158324f0
0x00007518967fd510:   00007518967fd510 0000751810513157
0x00007518967fd520:   0000000000000004 000075181051b468
0x00007518967fd530:   0000000000000000 0000000715800160
0x00007518967fd540:   0000751810513188 00007518967fd4f8
0x00007518967fd550:   00007518967fd570 00007518967fd5c8
0x00007518967fd560:   000075187ff40cb5 0000000000000000
0x00007518967fd570:   0000000715831f38 0000000715800558
0x00007518967fd580:   00007518967fd580 00007518105132da
0x00007518967fd590:   0000000000000003 000075181051b468
0x00007518967fd5a0:   0000000000000000 0000000715800160 

Instructions: (pc=0x00007517ea02c882)
0x00007517ea02c782:   89 c4 4c 8d 4c 24 40 e8 92 57 09 00 48 8b 7d 50
0x00007517ea02c792:   48 8b 4d 30 4c 89 e6 48 8d 54 24 10 4c 8b 45 38
0x00007517ea02c7a2:   48 8b 07 ff 50 10 48 8b 5d 00 8b 6d 08 5a 59 48
0x00007517ea02c7b2:   c1 e5 04 48 01 dd 48 39 eb 74 1a 0f 1f 00 48 8b
0x00007517ea02c7c2:   53 08 8b 33 4c 89 e7 48 83 c3 10 e8 6e 16 0e 00
0x00007517ea02c7d2:   48 39 dd 75 e9 48 83 c4 68 4c 89 e0 5b 5d 41 5c
0x00007517ea02c7e2:   41 5d 41 5e 41 5f c3 0f 1f 80 00 00 00 00 41 54
0x00007517ea02c7f2:   b8 01 01 00 00 55 48 89 fd 48 89 f7 53 48 83 ec
0x00007517ea02c802:   30 48 8b 75 30 66 89 44 24 20 e8 ef 24 09 00 48
0x00007517ea02c812:   8b 7d 50 48 8b 4d 30 48 89 e2 49 89 c4 4c 8b 45
0x00007517ea02c822:   38 48 8b 07 4c 89 e6 ff 50 10 48 8b 5d 00 8b 6d
0x00007517ea02c832:   08 48 c1 e5 04 48 01 dd 48 39 eb 74 18 90 48 8b
0x00007517ea02c842:   53 08 8b 33 4c 89 e7 48 83 c3 10 e8 ee 15 0e 00
0x00007517ea02c852:   48 39 dd 75 e9 48 83 c4 30 4c 89 e0 5b 5d 41 5c
0x00007517ea02c862:   c3 66 2e 0f 1f 84 00 00 00 00 00 0f 1f 00 41 56
0x00007517ea02c872:   41 55 49 89 f5 41 54 55 48 89 fd 53 48 83 ec 60
0x00007517ea02c882:   48 8b 06 80 3a 00 be 01 01 00 00 4c 8b 70 18 66
0x00007517ea02c892:   89 74 24 20 74 09 48 89 14 24 c6 44 24 20 03 48
0x00007517ea02c8a2:   8b 7d 30 e8 d6 15 fc ff 48 89 c7 e8 4e 47 0e 00
0x00007517ea02c8b2:   4c 89 f6 48 89 c7 e8 b3 46 01 00 be 01 00 00 00
0x00007517ea02c8c2:   bf 40 00 00 00 89 c3 b8 01 01 00 00 66 89 44 24
0x00007517ea02c8d2:   50 e8 a8 0a 13 00 48 8d 4c 24 30 41 89 d9 45 31
0x00007517ea02c8e2:   c0 48 83 ec 08 48 89 c7 4c 89 ea 4c 89 f6 6a 00
0x00007517ea02c8f2:   49 89 c4 e8 26 5d 09 00 48 8b 7d 50 48 8b 4d 30
0x00007517ea02c902:   4c 89 e6 48 8d 54 24 10 4c 8b 45 38 48 8b 07 ff
0x00007517ea02c912:   50 10 48 8b 5d 00 8b 6d 08 5a 59 48 c1 e5 04 48
0x00007517ea02c922:   01 dd 48 39 eb 74 1e 0f 1f 80 00 00 00 00 48 8b
0x00007517ea02c932:   53 08 8b 33 4c 89 e7 48 83 c3 10 e8 fe 14 0e 00
0x00007517ea02c942:   48 39 dd 75 e9 48 83 c4 60 4c 89 e0 5b 5d 41 5c
0x00007517ea02c952:   41 5d 41 5e c3 66 0f 1f 84 00 00 00 00 00 41 56
0x00007517ea02c962:   49 89 d6 41 55 49 89 f5 be 01 01 00 00 41 54 55
0x00007517ea02c972:   48 89 fd 53 48 83 ec 60 80 39 00 66 89 74 24 20 


Stack slot to memory mapping:

stack at sp + 0 slots: 0x000075189002caa0 is a thread
stack at sp + 1 slots: 0x0 is null
stack at sp + 2 slots: 0x0 is null
stack at sp + 3 slots: 0x0000751890147360 points into unknown readable memory: 0x0000000716464eb8 | b8 4e 46 16 07 00 00 00
stack at sp + 4 slots: 0x0000000000000002 is an unknown value
stack at sp + 5 slots: 0x0000000000000001 is an unknown value
stack at sp + 6 slots: 0x00007517f00f27b0 points into unknown readable memory: 0x00007510a5630062 | 62 00 63 a5 10 75 00 00
stack at sp + 7 slots: 0x0000751890147360 points into unknown readable memory: 0x0000000716464eb8 | b8 4e 46 16 07 00 00 00


---------------  P R O C E S S  ---------------

Threads class SMR info:
_java_thread_list=0x000075189024bc60, length=14, elements={
0x000075189002caa0, 0x0000751890152840, 0x0000751890153e90, 0x0000751890155970,
0x0000751890156fb0, 0x0000751890158550, 0x000075189015a090, 0x000075189015b750,
0x000075189019d750, 0x00007518901e3340, 0x00007518901f7090, 0x00007517f409f4e0,
0x00007518902132a0, 0x000075189024b1b0
}

Java Threads: ( => current thread )
=>0x000075189002caa0 JavaThread "main"                              [_thread_in_native, id=35144, stack(0x0000751896700000,0x0000751896800000) (1024K)]
  0x0000751890152840 JavaThread "Reference Handler"          daemon [_thread_blocked, id=35157, stack(0x000075187173d000,0x000075187183d000) (1024K)]
  0x0000751890153e90 JavaThread "Finalizer"                  daemon [_thread_blocked, id=35158, stack(0x000075187163d000,0x000075187173d000) (1024K)]
  0x0000751890155970 JavaThread "Signal Dispatcher"          daemon [_thread_blocked, id=35159, stack(0x000075187153d000,0x000075187163d000) (1024K)]
  0x0000751890156fb0 JavaThread "Service Thread"             daemon [_thread_blocked, id=35160, stack(0x000075187143d000,0x000075187153d000) (1024K)]
  0x0000751890158550 JavaThread "Monitor Deflation Thread"   daemon [_thread_blocked, id=35161, stack(0x000075187133d000,0x000075187143d000) (1024K)]
  0x000075189015a090 JavaThread "C2 CompilerThread0"         daemon [_thread_blocked, id=35162, stack(0x000075187123d000,0x000075187133d000) (1024K)]
  0x000075189015b750 JavaThread "C1 CompilerThread0"         daemon [_thread_blocked, id=35163, stack(0x000075187113d000,0x000075187123d000) (1024K)]
  0x000075189019d750 JavaThread "Common-Cleaner"             daemon [_thread_blocked, id=35165, stack(0x0000751870f6d000,0x000075187106d000) (1024K)]
  0x00007518901e3340 JavaThread "JDWP Transport Listener: dt_socket" daemon [_thread_blocked, id=35172, stack(0x0000751870e6d000,0x0000751870f6d000) (1024K)]
  0x00007518901f7090 JavaThread "JDWP Event Helper Thread"   daemon [_thread_blocked, id=35175, stack(0x0000751870d6d000,0x0000751870e6d000) (1024K)]
  0x00007517f409f4e0 JavaThread "JDWP Command Reader"        daemon [_thread_in_native, id=35177, stack(0x0000751870c6d000,0x0000751870d6d000) (1024K)]
  0x00007518902132a0 JavaThread "Notification Thread"        daemon [_thread_blocked, id=35181, stack(0x0000751870b6d000,0x0000751870c6d000) (1024K)]
  0x000075189024b1b0 JavaThread "JavaCPP Deallocator"        daemon [_thread_blocked, id=35182, stack(0x0000751870a6d000,0x0000751870b6d000) (1024K)]
Total: 14

Other Threads:
  0x0000751890145e40 VMThread "VM Thread"                           [id=35155, stack(0x000075187183e000,0x000075187193e000) (1024K)]
  0x000075189012bdd0 WatcherThread "VM Periodic Task Thread"        [id=35154, stack(0x000075187193f000,0x0000751871a3f000) (1024K)]
  0x00007518900955f0 WorkerThread "GC Thread#0"                     [id=35147, stack(0x0000751894413000,0x0000751894513000) (1024K)]
  0x0000751808006070 WorkerThread "GC Thread#1"                     [id=35183, stack(0x00007518705fa000,0x00007518706fa000) (1024K)]
  0x00007518900a64f0 ConcurrentGCThread "G1 Main Marker"            [id=35148, stack(0x0000751894312000,0x0000751894412000) (1024K)]
  0x00007518900a7490 WorkerThread "G1 Conc#0"                       [id=35149, stack(0x0000751894211000,0x0000751894311000) (1024K)]
  0x0000751890119340 ConcurrentGCThread "G1 Refine#0"               [id=35151, stack(0x000075188ff00000,0x0000751890000000) (1024K)]
  0x000075189011a2f0 ConcurrentGCThread "G1 Service"                [id=35153, stack(0x0000751871b1c000,0x0000751871c1c000) (1024K)]
Total: 8

Threads with active compile tasks:
Total: 0

VM state: not at safepoint (normal execution)

VM Mutex/Monitor currently owned by a thread: None

Heap address: 0x0000000706c00000, size: 3988 MB, Compressed Oops mode: Zero based, Oop shift amount: 3

CDS archive(s) mapped at: [0x000075181b000000-0x000075181bca6000-0x000075181bca6000), size 13262848, SharedBaseAddress: 0x000075181b000000, ArchiveRelocationMode: 1.
Compressed class space mapped at: 0x000075181c000000-0x000075185c000000, reserved size: 1073741824
Narrow klass base: 0x000075181b000000, Narrow klass shift: 0, Narrow klass range: 0x100000000

GC Precious Log:
 CardTable entry size: 512
 Card Set container configuration: InlinePtr #cards 4 size 8 Array Of Cards #cards 16 size 48 Howl #buckets 8 coarsen threshold 3686 Howl Bitmap #cards 512 size 80 coarsen threshold 460 Card regions per heap region 1 cards per card region 4096
 CPUs: 2 total, 2 available
 Memory: 15948M
 Large Page Support: Disabled
 NUMA Support: Disabled
 Compressed Oops: Enabled (Zero based)
 Heap Region Size: 2M
 Heap Min Capacity: 8M
 Heap Initial Capacity: 250M
 Heap Max Capacity: 3988M
 Pre-touch: Disabled
 Parallel Workers: 2
 Concurrent Workers: 1
 Concurrent Refinement Workers: 2
 Periodic GC: Disabled

Heap:
 garbage-first heap   total 258048K, used 2805K [0x0000000706c00000, 0x0000000800000000)
  region size 2048K, 2 young (4096K), 1 survivors (2048K)
 Metaspace       used 3643K, committed 3840K, reserved 1114112K
  class space    used 410K, committed 512K, reserved 1048576K

Heap Regions: E=young(eden), S=young(survivor), O=old, HS=humongous(starts), HC=humongous(continues), CS=collection set, F=free, TAMS=top-at-mark-start, PB=parsable bottom
|   0|0x0000000706c00000, 0x0000000706c00000, 0x0000000706e00000|  0%| F|  |TAMS 0x0000000706c00000| PB 0x0000000706c00000| Untracked 
|   1|0x0000000706e00000, 0x0000000706e00000, 0x0000000707000000|  0%| F|  |TAMS 0x0000000706e00000| PB 0x0000000706e00000| Untracked 
|   2|0x0000000707000000, 0x0000000707000000, 0x0000000707200000|  0%| F|  |TAMS 0x0000000707000000| PB 0x0000000707000000| Untracked 
|   3|0x0000000707200000, 0x0000000707200000, 0x0000000707400000|  0%| F|  |TAMS 0x0000000707200000| PB 0x0000000707200000| Untracked 
|   4|0x0000000707400000, 0x0000000707400000, 0x0000000707600000|  0%| F|  |TAMS 0x0000000707400000| PB 0x0000000707400000| Untracked 
|   5|0x0000000707600000, 0x0000000707600000, 0x0000000707800000|  0%| F|  |TAMS 0x0000000707600000| PB 0x0000000707600000| Untracked 
|   6|0x0000000707800000, 0x0000000707800000, 0x0000000707a00000|  0%| F|  |TAMS 0x0000000707800000| PB 0x0000000707800000| Untracked 
|   7|0x0000000707a00000, 0x0000000707a00000, 0x0000000707c00000|  0%| F|  |TAMS 0x0000000707a00000| PB 0x0000000707a00000| Untracked 
|   8|0x0000000707c00000, 0x0000000707c00000, 0x0000000707e00000|  0%| F|  |TAMS 0x0000000707c00000| PB 0x0000000707c00000| Untracked 
|   9|0x0000000707e00000, 0x0000000707e00000, 0x0000000708000000|  0%| F|  |TAMS 0x0000000707e00000| PB 0x0000000707e00000| Untracked 
|  10|0x0000000708000000, 0x0000000708000000, 0x0000000708200000|  0%| F|  |TAMS 0x0000000708000000| PB 0x0000000708000000| Untracked 
|  11|0x0000000708200000, 0x0000000708200000, 0x0000000708400000|  0%| F|  |TAMS 0x0000000708200000| PB 0x0000000708200000| Untracked 
|  12|0x0000000708400000, 0x0000000708400000, 0x0000000708600000|  0%| F|  |TAMS 0x0000000708400000| PB 0x0000000708400000| Untracked 
|  13|0x0000000708600000, 0x0000000708600000, 0x0000000708800000|  0%| F|  |TAMS 0x0000000708600000| PB 0x0000000708600000| Untracked 
|  14|0x0000000708800000, 0x0000000708800000, 0x0000000708a00000|  0%| F|  |TAMS 0x0000000708800000| PB 0x0000000708800000| Untracked 
|  15|0x0000000708a00000, 0x0000000708a00000, 0x0000000708c00000|  0%| F|  |TAMS 0x0000000708a00000| PB 0x0000000708a00000| Untracked 
|  16|0x0000000708c00000, 0x0000000708c00000, 0x0000000708e00000|  0%| F|  |TAMS 0x0000000708c00000| PB 0x0000000708c00000| Untracked 
|  17|0x0000000708e00000, 0x0000000708e00000, 0x0000000709000000|  0%| F|  |TAMS 0x0000000708e00000| PB 0x0000000708e00000| Untracked 
|  18|0x0000000709000000, 0x0000000709000000, 0x0000000709200000|  0%| F|  |TAMS 0x0000000709000000| PB 0x0000000709000000| Untracked 
|  19|0x0000000709200000, 0x0000000709200000, 0x0000000709400000|  0%| F|  |TAMS 0x0000000709200000| PB 0x0000000709200000| Untracked 
|  20|0x0000000709400000, 0x0000000709400000, 0x0000000709600000|  0%| F|  |TAMS 0x0000000709400000| PB 0x0000000709400000| Untracked 
|  21|0x0000000709600000, 0x0000000709600000, 0x0000000709800000|  0%| F|  |TAMS 0x0000000709600000| PB 0x0000000709600000| Untracked 
|  22|0x0000000709800000, 0x0000000709800000, 0x0000000709a00000|  0%| F|  |TAMS 0x0000000709800000| PB 0x0000000709800000| Untracked 
|  23|0x0000000709a00000, 0x0000000709a00000, 0x0000000709c00000|  0%| F|  |TAMS 0x0000000709a00000| PB 0x0000000709a00000| Untracked 
|  24|0x0000000709c00000, 0x0000000709c00000, 0x0000000709e00000|  0%| F|  |TAMS 0x0000000709c00000| PB 0x0000000709c00000| Untracked 
|  25|0x0000000709e00000, 0x0000000709e00000, 0x000000070a000000|  0%| F|  |TAMS 0x0000000709e00000| PB 0x0000000709e00000| Untracked 
|  26|0x000000070a000000, 0x000000070a000000, 0x000000070a200000|  0%| F|  |TAMS 0x000000070a000000| PB 0x000000070a000000| Untracked 
|  27|0x000000070a200000, 0x000000070a200000, 0x000000070a400000|  0%| F|  |TAMS 0x000000070a200000| PB 0x000000070a200000| Untracked 
|  28|0x000000070a400000, 0x000000070a400000, 0x000000070a600000|  0%| F|  |TAMS 0x000000070a400000| PB 0x000000070a400000| Untracked 
|  29|0x000000070a600000, 0x000000070a600000, 0x000000070a800000|  0%| F|  |TAMS 0x000000070a600000| PB 0x000000070a600000| Untracked 
|  30|0x000000070a800000, 0x000000070a800000, 0x000000070aa00000|  0%| F|  |TAMS 0x000000070a800000| PB 0x000000070a800000| Untracked 
|  31|0x000000070aa00000, 0x000000070aa00000, 0x000000070ac00000|  0%| F|  |TAMS 0x000000070aa00000| PB 0x000000070aa00000| Untracked 
|  32|0x000000070ac00000, 0x000000070ac00000, 0x000000070ae00000|  0%| F|  |TAMS 0x000000070ac00000| PB 0x000000070ac00000| Untracked 
|  33|0x000000070ae00000, 0x000000070ae00000, 0x000000070b000000|  0%| F|  |TAMS 0x000000070ae00000| PB 0x000000070ae00000| Untracked 
|  34|0x000000070b000000, 0x000000070b000000, 0x000000070b200000|  0%| F|  |TAMS 0x000000070b000000| PB 0x000000070b000000| Untracked 
|  35|0x000000070b200000, 0x000000070b200000, 0x000000070b400000|  0%| F|  |TAMS 0x000000070b200000| PB 0x000000070b200000| Untracked 
|  36|0x000000070b400000, 0x000000070b400000, 0x000000070b600000|  0%| F|  |TAMS 0x000000070b400000| PB 0x000000070b400000| Untracked 
|  37|0x000000070b600000, 0x000000070b600000, 0x000000070b800000|  0%| F|  |TAMS 0x000000070b600000| PB 0x000000070b600000| Untracked 
|  38|0x000000070b800000, 0x000000070b800000, 0x000000070ba00000|  0%| F|  |TAMS 0x000000070b800000| PB 0x000000070b800000| Untracked 
|  39|0x000000070ba00000, 0x000000070ba00000, 0x000000070bc00000|  0%| F|  |TAMS 0x000000070ba00000| PB 0x000000070ba00000| Untracked 
|  40|0x000000070bc00000, 0x000000070bc00000, 0x000000070be00000|  0%| F|  |TAMS 0x000000070bc00000| PB 0x000000070bc00000| Untracked 
|  41|0x000000070be00000, 0x000000070be00000, 0x000000070c000000|  0%| F|  |TAMS 0x000000070be00000| PB 0x000000070be00000| Untracked 
|  42|0x000000070c000000, 0x000000070c000000, 0x000000070c200000|  0%| F|  |TAMS 0x000000070c000000| PB 0x000000070c000000| Untracked 
|  43|0x000000070c200000, 0x000000070c200000, 0x000000070c400000|  0%| F|  |TAMS 0x000000070c200000| PB 0x000000070c200000| Untracked 
|  44|0x000000070c400000, 0x000000070c400000, 0x000000070c600000|  0%| F|  |TAMS 0x000000070c400000| PB 0x000000070c400000| Untracked 
|  45|0x000000070c600000, 0x000000070c600000, 0x000000070c800000|  0%| F|  |TAMS 0x000000070c600000| PB 0x000000070c600000| Untracked 
|  46|0x000000070c800000, 0x000000070c800000, 0x000000070ca00000|  0%| F|  |TAMS 0x000000070c800000| PB 0x000000070c800000| Untracked 
|  47|0x000000070ca00000, 0x000000070ca00000, 0x000000070cc00000|  0%| F|  |TAMS 0x000000070ca00000| PB 0x000000070ca00000| Untracked 
|  48|0x000000070cc00000, 0x000000070cc00000, 0x000000070ce00000|  0%| F|  |TAMS 0x000000070cc00000| PB 0x000000070cc00000| Untracked 
|  49|0x000000070ce00000, 0x000000070ce00000, 0x000000070d000000|  0%| F|  |TAMS 0x000000070ce00000| PB 0x000000070ce00000| Untracked 
|  50|0x000000070d000000, 0x000000070d000000, 0x000000070d200000|  0%| F|  |TAMS 0x000000070d000000| PB 0x000000070d000000| Untracked 
|  51|0x000000070d200000, 0x000000070d200000, 0x000000070d400000|  0%| F|  |TAMS 0x000000070d200000| PB 0x000000070d200000| Untracked 
|  52|0x000000070d400000, 0x000000070d400000, 0x000000070d600000|  0%| F|  |TAMS 0x000000070d400000| PB 0x000000070d400000| Untracked 
|  53|0x000000070d600000, 0x000000070d600000, 0x000000070d800000|  0%| F|  |TAMS 0x000000070d600000| PB 0x000000070d600000| Untracked 
|  54|0x000000070d800000, 0x000000070d800000, 0x000000070da00000|  0%| F|  |TAMS 0x000000070d800000| PB 0x000000070d800000| Untracked 
|  55|0x000000070da00000, 0x000000070da00000, 0x000000070dc00000|  0%| F|  |TAMS 0x000000070da00000| PB 0x000000070da00000| Untracked 
|  56|0x000000070dc00000, 0x000000070dc00000, 0x000000070de00000|  0%| F|  |TAMS 0x000000070dc00000| PB 0x000000070dc00000| Untracked 
|  57|0x000000070de00000, 0x000000070de00000, 0x000000070e000000|  0%| F|  |TAMS 0x000000070de00000| PB 0x000000070de00000| Untracked 
|  58|0x000000070e000000, 0x000000070e000000, 0x000000070e200000|  0%| F|  |TAMS 0x000000070e000000| PB 0x000000070e000000| Untracked 
|  59|0x000000070e200000, 0x000000070e200000, 0x000000070e400000|  0%| F|  |TAMS 0x000000070e200000| PB 0x000000070e200000| Untracked 
|  60|0x000000070e400000, 0x000000070e400000, 0x000000070e600000|  0%| F|  |TAMS 0x000000070e400000| PB 0x000000070e400000| Untracked 
|  61|0x000000070e600000, 0x000000070e600000, 0x000000070e800000|  0%| F|  |TAMS 0x000000070e600000| PB 0x000000070e600000| Untracked 
|  62|0x000000070e800000, 0x000000070e800000, 0x000000070ea00000|  0%| F|  |TAMS 0x000000070e800000| PB 0x000000070e800000| Untracked 
|  63|0x000000070ea00000, 0x000000070ea00000, 0x000000070ec00000|  0%| F|  |TAMS 0x000000070ea00000| PB 0x000000070ea00000| Untracked 
|  64|0x000000070ec00000, 0x000000070ec00000, 0x000000070ee00000|  0%| F|  |TAMS 0x000000070ec00000| PB 0x000000070ec00000| Untracked 
|  65|0x000000070ee00000, 0x000000070ee00000, 0x000000070f000000|  0%| F|  |TAMS 0x000000070ee00000| PB 0x000000070ee00000| Untracked 
|  66|0x000000070f000000, 0x000000070f000000, 0x000000070f200000|  0%| F|  |TAMS 0x000000070f000000| PB 0x000000070f000000| Untracked 
|  67|0x000000070f200000, 0x000000070f200000, 0x000000070f400000|  0%| F|  |TAMS 0x000000070f200000| PB 0x000000070f200000| Untracked 
|  68|0x000000070f400000, 0x000000070f400000, 0x000000070f600000|  0%| F|  |TAMS 0x000000070f400000| PB 0x000000070f400000| Untracked 
|  69|0x000000070f600000, 0x000000070f600000, 0x000000070f800000|  0%| F|  |TAMS 0x000000070f600000| PB 0x000000070f600000| Untracked 
|  70|0x000000070f800000, 0x000000070f800000, 0x000000070fa00000|  0%| F|  |TAMS 0x000000070f800000| PB 0x000000070f800000| Untracked 
|  71|0x000000070fa00000, 0x000000070fa00000, 0x000000070fc00000|  0%| F|  |TAMS 0x000000070fa00000| PB 0x000000070fa00000| Untracked 
|  72|0x000000070fc00000, 0x000000070fc00000, 0x000000070fe00000|  0%| F|  |TAMS 0x000000070fc00000| PB 0x000000070fc00000| Untracked 
|  73|0x000000070fe00000, 0x000000070fe00000, 0x0000000710000000|  0%| F|  |TAMS 0x000000070fe00000| PB 0x000000070fe00000| Untracked 
|  74|0x0000000710000000, 0x0000000710000000, 0x0000000710200000|  0%| F|  |TAMS 0x0000000710000000| PB 0x0000000710000000| Untracked 
|  75|0x0000000710200000, 0x0000000710200000, 0x0000000710400000|  0%| F|  |TAMS 0x0000000710200000| PB 0x0000000710200000| Untracked 
|  76|0x0000000710400000, 0x0000000710400000, 0x0000000710600000|  0%| F|  |TAMS 0x0000000710400000| PB 0x0000000710400000| Untracked 
|  77|0x0000000710600000, 0x0000000710600000, 0x0000000710800000|  0%| F|  |TAMS 0x0000000710600000| PB 0x0000000710600000| Untracked 
|  78|0x0000000710800000, 0x0000000710800000, 0x0000000710a00000|  0%| F|  |TAMS 0x0000000710800000| PB 0x0000000710800000| Untracked 
|  79|0x0000000710a00000, 0x0000000710a00000, 0x0000000710c00000|  0%| F|  |TAMS 0x0000000710a00000| PB 0x0000000710a00000| Untracked 
|  80|0x0000000710c00000, 0x0000000710c00000, 0x0000000710e00000|  0%| F|  |TAMS 0x0000000710c00000| PB 0x0000000710c00000| Untracked 
|  81|0x0000000710e00000, 0x0000000710e00000, 0x0000000711000000|  0%| F|  |TAMS 0x0000000710e00000| PB 0x0000000710e00000| Untracked 
|  82|0x0000000711000000, 0x0000000711000000, 0x0000000711200000|  0%| F|  |TAMS 0x0000000711000000| PB 0x0000000711000000| Untracked 
|  83|0x0000000711200000, 0x0000000711200000, 0x0000000711400000|  0%| F|  |TAMS 0x0000000711200000| PB 0x0000000711200000| Untracked 
|  84|0x0000000711400000, 0x0000000711400000, 0x0000000711600000|  0%| F|  |TAMS 0x0000000711400000| PB 0x0000000711400000| Untracked 
|  85|0x0000000711600000, 0x0000000711600000, 0x0000000711800000|  0%| F|  |TAMS 0x0000000711600000| PB 0x0000000711600000| Untracked 
|  86|0x0000000711800000, 0x0000000711800000, 0x0000000711a00000|  0%| F|  |TAMS 0x0000000711800000| PB 0x0000000711800000| Untracked 
|  87|0x0000000711a00000, 0x0000000711a00000, 0x0000000711c00000|  0%| F|  |TAMS 0x0000000711a00000| PB 0x0000000711a00000| Untracked 
|  88|0x0000000711c00000, 0x0000000711c00000, 0x0000000711e00000|  0%| F|  |TAMS 0x0000000711c00000| PB 0x0000000711c00000| Untracked 
|  89|0x0000000711e00000, 0x0000000711e00000, 0x0000000712000000|  0%| F|  |TAMS 0x0000000711e00000| PB 0x0000000711e00000| Untracked 
|  90|0x0000000712000000, 0x0000000712000000, 0x0000000712200000|  0%| F|  |TAMS 0x0000000712000000| PB 0x0000000712000000| Untracked 
|  91|0x0000000712200000, 0x0000000712200000, 0x0000000712400000|  0%| F|  |TAMS 0x0000000712200000| PB 0x0000000712200000| Untracked 
|  92|0x0000000712400000, 0x0000000712400000, 0x0000000712600000|  0%| F|  |TAMS 0x0000000712400000| PB 0x0000000712400000| Untracked 
|  93|0x0000000712600000, 0x0000000712600000, 0x0000000712800000|  0%| F|  |TAMS 0x0000000712600000| PB 0x0000000712600000| Untracked 
|  94|0x0000000712800000, 0x0000000712800000, 0x0000000712a00000|  0%| F|  |TAMS 0x0000000712800000| PB 0x0000000712800000| Untracked 
|  95|0x0000000712a00000, 0x0000000712a00000, 0x0000000712c00000|  0%| F|  |TAMS 0x0000000712a00000| PB 0x0000000712a00000| Untracked 
|  96|0x0000000712c00000, 0x0000000712c00000, 0x0000000712e00000|  0%| F|  |TAMS 0x0000000712c00000| PB 0x0000000712c00000| Untracked 
|  97|0x0000000712e00000, 0x0000000712e00000, 0x0000000713000000|  0%| F|  |TAMS 0x0000000712e00000| PB 0x0000000712e00000| Untracked 
|  98|0x0000000713000000, 0x0000000713000000, 0x0000000713200000|  0%| F|  |TAMS 0x0000000713000000| PB 0x0000000713000000| Untracked 
|  99|0x0000000713200000, 0x0000000713200000, 0x0000000713400000|  0%| F|  |TAMS 0x0000000713200000| PB 0x0000000713200000| Untracked 
| 100|0x0000000713400000, 0x0000000713400000, 0x0000000713600000|  0%| F|  |TAMS 0x0000000713400000| PB 0x0000000713400000| Untracked 
| 101|0x0000000713600000, 0x0000000713600000, 0x0000000713800000|  0%| F|  |TAMS 0x0000000713600000| PB 0x0000000713600000| Untracked 
| 102|0x0000000713800000, 0x0000000713800000, 0x0000000713a00000|  0%| F|  |TAMS 0x0000000713800000| PB 0x0000000713800000| Untracked 
| 103|0x0000000713a00000, 0x0000000713a00000, 0x0000000713c00000|  0%| F|  |TAMS 0x0000000713a00000| PB 0x0000000713a00000| Untracked 
| 104|0x0000000713c00000, 0x0000000713c00000, 0x0000000713e00000|  0%| F|  |TAMS 0x0000000713c00000| PB 0x0000000713c00000| Untracked 
| 105|0x0000000713e00000, 0x0000000713e00000, 0x0000000714000000|  0%| F|  |TAMS 0x0000000713e00000| PB 0x0000000713e00000| Untracked 
| 106|0x0000000714000000, 0x0000000714000000, 0x0000000714200000|  0%| F|  |TAMS 0x0000000714000000| PB 0x0000000714000000| Untracked 
| 107|0x0000000714200000, 0x0000000714200000, 0x0000000714400000|  0%| F|  |TAMS 0x0000000714200000| PB 0x0000000714200000| Untracked 
| 108|0x0000000714400000, 0x0000000714400000, 0x0000000714600000|  0%| F|  |TAMS 0x0000000714400000| PB 0x0000000714400000| Untracked 
| 109|0x0000000714600000, 0x0000000714600000, 0x0000000714800000|  0%| F|  |TAMS 0x0000000714600000| PB 0x0000000714600000| Untracked 
| 110|0x0000000714800000, 0x0000000714800000, 0x0000000714a00000|  0%| F|  |TAMS 0x0000000714800000| PB 0x0000000714800000| Untracked 
| 111|0x0000000714a00000, 0x0000000714a00000, 0x0000000714c00000|  0%| F|  |TAMS 0x0000000714a00000| PB 0x0000000714a00000| Untracked 
| 112|0x0000000714c00000, 0x0000000714c00000, 0x0000000714e00000|  0%| F|  |TAMS 0x0000000714c00000| PB 0x0000000714c00000| Untracked 
| 113|0x0000000714e00000, 0x0000000714e00000, 0x0000000715000000|  0%| F|  |TAMS 0x0000000714e00000| PB 0x0000000714e00000| Untracked 
| 114|0x0000000715000000, 0x0000000715000000, 0x0000000715200000|  0%| F|  |TAMS 0x0000000715000000| PB 0x0000000715000000| Untracked 
| 115|0x0000000715200000, 0x0000000715200000, 0x0000000715400000|  0%| F|  |TAMS 0x0000000715200000| PB 0x0000000715200000| Untracked 
| 116|0x0000000715400000, 0x0000000715400000, 0x0000000715600000|  0%| F|  |TAMS 0x0000000715400000| PB 0x0000000715400000| Untracked 
| 117|0x0000000715600000, 0x0000000715600000, 0x0000000715800000|  0%| F|  |TAMS 0x0000000715600000| PB 0x0000000715600000| Untracked 
| 118|0x0000000715800000, 0x00000007159b5d30, 0x0000000715a00000| 85%| S|CS|TAMS 0x0000000715800000| PB 0x0000000715800000| Complete 
| 119|0x0000000715a00000, 0x0000000715a00000, 0x0000000715c00000|  0%| F|  |TAMS 0x0000000715a00000| PB 0x0000000715a00000| Untracked 
| 120|0x0000000715c00000, 0x0000000715c00000, 0x0000000715e00000|  0%| F|  |TAMS 0x0000000715c00000| PB 0x0000000715c00000| Untracked 
| 121|0x0000000715e00000, 0x0000000715e00000, 0x0000000716000000|  0%| F|  |TAMS 0x0000000715e00000| PB 0x0000000715e00000| Untracked 
| 122|0x0000000716000000, 0x0000000716000000, 0x0000000716200000|  0%| F|  |TAMS 0x0000000716000000| PB 0x0000000716000000| Untracked 
| 123|0x0000000716200000, 0x0000000716200000, 0x0000000716400000|  0%| F|  |TAMS 0x0000000716200000| PB 0x0000000716200000| Untracked 
| 124|0x0000000716400000, 0x0000000716495028, 0x0000000716600000| 29%| E|  |TAMS 0x0000000716400000| PB 0x0000000716400000| Complete 
|1993|0x00000007ffe00000, 0x00000007fff07778, 0x0000000800000000| 51%| O|  |TAMS 0x00000007ffe00000| PB 0x00000007ffe00000| Untracked 

Card table byte_map: [0x0000751877a6c000,0x0000751878236000] _byte_map_base: 0x0000751874236000

Marking Bits: (CMBitMap*) 0x0000751890096110
 Bits: [0x0000751873c1c000, 0x0000751877a6c000)

Polling page: 0x0000751896b91000

Metaspace:

Usage:
  Non-class:      3.16 MB used.
      Class:    410.63 KB used.
       Both:      3.56 MB used.

Virtual space:
  Non-class space:       64.00 MB reserved,       3.25 MB (  5%) committed,  1 nodes.
      Class space:        1.00 GB reserved,     512.00 KB ( <1%) committed,  1 nodes.
             Both:        1.06 GB reserved,       3.75 MB ( <1%) committed. 

Chunk freelists:
   Non-Class:  10.30 MB
       Class:  15.47 MB
        Both:  25.77 MB

MaxMetaspaceSize: unlimited
CompressedClassSpaceSize: 1.00 GB
Initial GC threshold: 21.00 MB
Current GC threshold: 21.00 MB
CDS: on
 - commit_granule_bytes: 65536.
 - commit_granule_words: 8192.
 - virtual_space_node_default_size: 8388608.
 - enlarge_chunks_in_place: 1.
 - use_allocation_guard: 0.


Internal statistics:

num_allocs_failed_limit: 0.
num_arena_births: 66.
num_arena_deaths: 0.
num_vsnodes_births: 2.
num_vsnodes_deaths: 0.
num_space_committed: 60.
num_space_uncommitted: 0.
num_chunks_returned_to_freelist: 0.
num_chunks_taken_from_freelist: 134.
num_chunk_merges: 0.
num_chunk_splits: 111.
num_chunks_enlarged: 90.
num_inconsistent_stats: 0.

CodeHeap 'non-profiled nmethods': size=120036Kb used=227Kb max_used=227Kb free=119808Kb
 bounds [0x00007518804c7000, 0x0000751880737000, 0x0000751887a00000]
CodeHeap 'profiled nmethods': size=120032Kb used=994Kb max_used=994Kb free=119037Kb
 bounds [0x0000751878a00000, 0x0000751878c70000, 0x000075187ff38000]
CodeHeap 'non-nmethods': size=5692Kb used=1523Kb max_used=1537Kb free=4168Kb
 bounds [0x000075187ff38000, 0x00007518801a8000, 0x00007518804c7000]
 total_blobs=1135 nmethods=662 adapters=379
 compilation: enabled
              stopped_count=0, restarted_count=0
 full_count=0

Compilation events (20 events):
Event: 0.552 Thread 0x000075189015b750  632       1       java.lang.invoke.LambdaForm$BasicType::basicTypeClass (5 bytes)
Event: 0.552 Thread 0x000075189015b750 nmethod 632 0x00007518804fdf10 code [0x00007518804fe0a0, 0x00007518804fe168]
Event: 0.552 Thread 0x000075189015b750  607       3       java.lang.Thread::interrupted (7 bytes)
Event: 0.552 Thread 0x000075189015b750 nmethod 607 0x0000751878af7a90 code [0x0000751878af7c40, 0x0000751878af7eb0]
Event: 0.552 Thread 0x000075189015b750  631       1       java.lang.invoke.LambdaForm$Name::type (5 bytes)
Event: 0.552 Thread 0x000075189015b750 nmethod 631 0x00007518804fe210 code [0x00007518804fe3a0, 0x00007518804fe468]
Event: 0.552 Thread 0x000075189015b750  643       1       jdk.internal.util.ClassFileDumper::isEnabled (5 bytes)
Event: 0.552 Thread 0x000075189015b750 nmethod 643 0x00007518804fe510 code [0x00007518804fe6a0, 0x00007518804fe768]
Event: 0.552 Thread 0x000075189015b750  621       1       java.util.zip.ZipEntry::getName (5 bytes)
Event: 0.552 Thread 0x000075189015b750 nmethod 621 0x00007518804fe810 code [0x00007518804fe9a0, 0x00007518804fea68]
Event: 0.552 Thread 0x000075189015b750  658       1       java.lang.invoke.DirectMethodHandle::internalMemberName (5 bytes)
Event: 0.552 Thread 0x000075189015b750 nmethod 658 0x00007518804feb10 code [0x00007518804feca0, 0x00007518804fed68]
Event: 0.989 Thread 0x000075189015a090  659       4       java.util.HashMap::getNode (150 bytes)
Event: 0.991 Thread 0x000075189015a090 nmethod 659 0x00007518804ff110 code [0x00007518804ff2c0, 0x00007518804ff678]
Event: 0.991 Thread 0x000075189015b750  660       3       java.lang.invoke.MethodTypeForm::canonicalizeAll (63 bytes)
Event: 0.992 Thread 0x000075189015b750 nmethod 660 0x0000751878af7f90 code [0x0000751878af8180, 0x0000751878af87d8]
Event: 3.802 Thread 0x000075189015b750  662       1       java.util.concurrent.locks.AbstractOwnableSynchronizer::setExclusiveOwnerThread (6 bytes)
Event: 3.802 Thread 0x000075189015b750 nmethod 662 0x00007518804ff910 code [0x00007518804ffaa0, 0x00007518804ffbb0]
Event: 3.802 Thread 0x000075189015b750  663       1       java.util.concurrent.locks.AbstractOwnableSynchronizer::getExclusiveOwnerThread (5 bytes)
Event: 3.802 Thread 0x000075189015b750 nmethod 663 0x00007518804ffc10 code [0x00007518804ffda0, 0x00007518804ffe68]

GC Heap History (2 events):
Event: 0.514 GC heap before
{Heap before GC invocations=0 (full 0):
 garbage-first heap   total 258048K, used 13341K [0x0000000706c00000, 0x0000000800000000)
  region size 2048K, 6 young (12288K), 0 survivors (0K)
 Metaspace       used 3609K, committed 3840K, reserved 1114112K
  class space    used 408K, committed 512K, reserved 1048576K
}
Event: 0.518 GC heap after
{Heap after GC invocations=1 (full 0):
 garbage-first heap   total 258048K, used 2805K [0x0000000706c00000, 0x0000000800000000)
  region size 2048K, 1 young (2048K), 1 survivors (2048K)
 Metaspace       used 3609K, committed 3840K, reserved 1114112K
  class space    used 408K, committed 512K, reserved 1048576K
}

Dll operation events (13 events):
Event: 0.003 Loaded shared library /home/wangjing/.jdks/openjdk-21.0.2/lib/libjava.so
Event: 0.003 Loaded shared library /home/wangjing/.jdks/openjdk-21.0.2/lib/libzip.so
Event: 0.028 Loaded shared library /home/wangjing/.jdks/openjdk-21.0.2/lib/libjsvml.so
Event: 0.197 Loaded shared library /home/wangjing/.jdks/openjdk-21.0.2/lib/libinstrument.so
Event: 0.231 Loaded shared library /home/wangjing/.jdks/openjdk-21.0.2/lib/libnio.so
Event: 0.238 Loaded shared library /home/wangjing/.jdks/openjdk-21.0.2/lib/libzip.so
Event: 0.280 Loaded shared library /home/wangjing/.jdks/openjdk-21.0.2/lib/libjimage.so
Event: 0.326 Loaded shared library /home/wangjing/.javacpp/cache/javacpp-1.5.7-linux-x86_64.jar/org/bytedeco/javacpp/linux-x86_64/libjnijavacpp.so
Event: 0.335 Loaded shared library /home/wangjing/.jdks/openjdk-21.0.2/lib/libnet.so
Event: 0.470 Loaded shared library /home/wangjing/.javacpp/cache/llvm-13.0.1-1.5.7-linux-x86_64.jar/org/bytedeco/llvm/linux-x86_64/libLLVM-13.so
Event: 0.476 Loaded shared library /home/wangjing/.javacpp/cache/llvm-13.0.1-1.5.7-linux-x86_64.jar/org/bytedeco/llvm/linux-x86_64/libLTO.so.13
Event: 0.483 Loaded shared library /home/wangjing/.javacpp/cache/llvm-13.0.1-1.5.7-linux-x86_64.jar/org/bytedeco/llvm/linux-x86_64/libRemarks.so.13
Event: 0.485 Loaded shared library /home/wangjing/.javacpp/cache/llvm-13.0.1-1.5.7-linux-x86_64.jar/org/bytedeco/llvm/linux-x86_64/libjniLLVM.so

Deoptimization events (20 events):
Event: 0.449 Thread 0x000075189002caa0 DEOPT PACKING pc=0x0000751878a979bc sp=0x00007518967fd770
Event: 0.449 Thread 0x000075189002caa0 DEOPT UNPACKING pc=0x000075187ff9014f sp=0x00007518967fccd8 mode 1
Event: 0.449 Thread 0x000075189002caa0 DEOPT PACKING pc=0x0000751878a99b5c sp=0x00007518967fd4a0
Event: 0.449 Thread 0x000075189002caa0 DEOPT UNPACKING pc=0x000075187ff9014f sp=0x00007518967fc9a0 mode 1
Event: 0.449 Thread 0x000075189002caa0 DEOPT PACKING pc=0x0000751878a99b5c sp=0x00007518967fd4a0
Event: 0.449 Thread 0x000075189002caa0 DEOPT UNPACKING pc=0x000075187ff9014f sp=0x00007518967fc9a0 mode 1
Event: 0.449 Thread 0x000075189002caa0 DEOPT PACKING pc=0x0000751878a99b5c sp=0x00007518967fd4a0
Event: 0.449 Thread 0x000075189002caa0 DEOPT UNPACKING pc=0x000075187ff9014f sp=0x00007518967fc9a0 mode 1
Event: 0.449 Thread 0x000075189002caa0 DEOPT PACKING pc=0x0000751878a99b5c sp=0x00007518967fd4a0
Event: 0.449 Thread 0x000075189002caa0 DEOPT UNPACKING pc=0x000075187ff9014f sp=0x00007518967fc9a0 mode 1
Event: 0.449 Thread 0x000075189002caa0 DEOPT PACKING pc=0x0000751878a99b5c sp=0x00007518967fd4a0
Event: 0.449 Thread 0x000075189002caa0 DEOPT UNPACKING pc=0x000075187ff9014f sp=0x00007518967fc9a0 mode 1
Event: 0.449 Thread 0x000075189002caa0 DEOPT PACKING pc=0x0000751878a99b5c sp=0x00007518967fd4a0
Event: 0.449 Thread 0x000075189002caa0 DEOPT UNPACKING pc=0x000075187ff9014f sp=0x00007518967fc9a0 mode 1
Event: 0.449 Thread 0x000075189002caa0 DEOPT PACKING pc=0x0000751878a99b5c sp=0x00007518967fd4a0
Event: 0.449 Thread 0x000075189002caa0 DEOPT UNPACKING pc=0x000075187ff9014f sp=0x00007518967fc9a0 mode 1
Event: 0.449 Thread 0x000075189002caa0 DEOPT PACKING pc=0x0000751878a99b5c sp=0x00007518967fd4a0
Event: 0.449 Thread 0x000075189002caa0 DEOPT UNPACKING pc=0x000075187ff9014f sp=0x00007518967fc9a0 mode 1
Event: 0.450 Thread 0x000075189002caa0 DEOPT PACKING pc=0x0000751878a99b5c sp=0x00007518967fd4a0
Event: 0.450 Thread 0x000075189002caa0 DEOPT UNPACKING pc=0x000075187ff9014f sp=0x00007518967fc9a0 mode 1

Classes loaded (20 events):
Event: 0.498 Loading class org/bytedeco/llvm/LLVM/LLVMPassManagerBuilderRef
Event: 0.498 Loading class org/bytedeco/llvm/LLVM/LLVMPassManagerBuilderRef done
Event: 0.498 Loading class org/bytedeco/llvm/LLVM/LLVMPassBuilderOptionsRef
Event: 0.498 Loading class org/bytedeco/llvm/LLVM/LLVMPassBuilderOptionsRef done
Event: 0.498 Loading class org/bytedeco/llvm/LLVM/Pass
Event: 0.498 Loading class org/bytedeco/llvm/LLVM/Pass done
Event: 0.498 Loading class org/bytedeco/llvm/LLVM/LLVMNamedMDNodeRef
Event: 0.498 Loading class org/bytedeco/llvm/LLVM/LLVMNamedMDNodeRef done
Event: 0.498 Loading class org/bytedeco/llvm/LLVM/LLVMUseRef
Event: 0.498 Loading class org/bytedeco/llvm/LLVM/LLVMUseRef done
Event: 0.499 Loading class Scope
Event: 0.499 Loading class Scope done
Event: 0.501 Loading class org/bytedeco/javacpp/PointerScope
Event: 0.501 Loading class org/bytedeco/javacpp/PointerScope done
Event: 0.505 Loading class org/bytedeco/javacpp/PointerScope$1
Event: 0.505 Loading class org/bytedeco/javacpp/PointerScope$1 done
Event: 0.868 Loading class com/intellij/rt/debugger/BatchEvaluatorServer
Event: 0.868 Loading class com/intellij/rt/debugger/BatchEvaluatorServer done
Event: 0.989 Loading class java/io/DataOutputStream
Event: 0.989 Loading class java/io/DataOutputStream done

Classes unloaded (0 events):
No events

Classes redefined (0 events):
No events

Internal exceptions (8 events):
Event: 0.197 Thread 0x000075189002caa0 Exception <a 'java/lang/NoSuchMethodError'{0x0000000716594228}: 'void java.lang.invoke.DirectMethodHandle$Holder.invokeStatic(java.lang.Object, java.lang.Object, java.lang.Object)'> (0x0000000716594228) 
thrown [open/src/hotspot/share/interpreter/linkResolver.cpp, line 772]
Event: 0.211 Thread 0x000075189002caa0 Exception <a 'java/lang/NoSuchMethodError'{0x00000007165ab5c0}: 'java.lang.Object java.lang.invoke.Invokers$Holder.invokeExact_MT(java.lang.Object, java.lang.Object, java.lang.Object, java.lang.Object, java.lang.Object)'> (0x00000007165ab5c0) 
thrown [open/src/hotspot/share/interpreter/linkResolver.cpp, line 772]
Event: 0.269 Thread 0x000075189002caa0 Exception <a 'java/lang/NoSuchMethodError'{0x000000071638f158}: 'int java.lang.invoke.DirectMethodHandle$Holder.invokeStaticInit(java.lang.Object, java.lang.Object, java.lang.Object, java.lang.Object)'> (0x000000071638f158) 
thrown [open/src/hotspot/share/interpreter/linkResolver.cpp, line 772]
Event: 0.271 Thread 0x000075189002caa0 Exception <a 'java/lang/NoSuchMethodError'{0x0000000716397ce0}: 'java.lang.Object java.lang.invoke.DirectMethodHandle$Holder.invokeInterface(java.lang.Object, java.lang.Object)'> (0x0000000716397ce0) 
thrown [open/src/hotspot/share/interpreter/linkResolver.cpp, line 772]
Event: 0.271 Thread 0x000075189002caa0 Exception <a 'java/lang/IncompatibleClassChangeError'{0x000000071639af48}: Found class java.lang.Object, but interface was expected> (0x000000071639af48) 
thrown [open/src/hotspot/share/interpreter/linkResolver.cpp, line 840]
Event: 0.272 Thread 0x000075189002caa0 Exception <a 'java/lang/NoSuchMethodError'{0x000000071639e100}: 'void java.lang.invoke.DirectMethodHandle$Holder.invokeStatic(java.lang.Object, java.lang.Object)'> (0x000000071639e100) 
thrown [open/src/hotspot/share/interpreter/linkResolver.cpp, line 772]
Event: 0.272 Thread 0x000075189002caa0 Exception <a 'java/lang/NoSuchMethodError'{0x00000007163a19f8}: 'void java.lang.invoke.DirectMethodHandle$Holder.invokeStaticInit(java.lang.Object, java.lang.Object)'> (0x00000007163a19f8) 
thrown [open/src/hotspot/share/interpreter/linkResolver.cpp, line 772]
Event: 0.273 Thread 0x000075189002caa0 Exception <a 'java/lang/NoSuchMethodError'{0x00000007163a9568}: 'int java.lang.invoke.DirectMethodHandle$Holder.invokeStaticInit(java.lang.Object, java.lang.Object)'> (0x00000007163a9568) 
thrown [open/src/hotspot/share/interpreter/linkResolver.cpp, line 772]

ZGC Phase Switch (0 events):
No events

VM Operations (20 events):
Event: 5.029 Executing VM operation: get/set locals
Event: 5.029 Executing VM operation: get/set locals done
Event: 5.029 Executing VM operation: get/set locals
Event: 5.029 Executing VM operation: get/set locals done
Event: 6.605 Executing VM operation: get/set locals
Event: 6.605 Executing VM operation: get/set locals done
Event: 6.605 Executing VM operation: get/set locals
Event: 6.605 Executing VM operation: get/set locals done
Event: 6.612 Executing VM operation: get/set locals
Event: 6.612 Executing VM operation: get/set locals done
Event: 6.660 Executing VM operation: get/set locals
Event: 6.660 Executing VM operation: get/set locals done
Event: 8.736 Executing VM operation: ChangeSingleStep
Event: 8.736 Executing VM operation: ChangeSingleStep done
Event: 8.737 Executing VM operation: ChangeSingleStep
Event: 8.737 Executing VM operation: ChangeSingleStep done
Event: 8.737 Executing VM operation: ChangeSingleStep
Event: 8.737 Executing VM operation: ChangeSingleStep done
Event: 8.737 Executing VM operation: ChangeSingleStep
Event: 8.737 Executing VM operation: ChangeSingleStep done

Events (20 events):
Event: 0.025 Thread 0x0000751890156fb0 Thread added: 0x0000751890156fb0
Event: 0.025 Protecting memory [0x000075187143d000,0x0000751871441000] with protection modes 0
Event: 0.026 Thread 0x0000751890158550 Thread added: 0x0000751890158550
Event: 0.026 Protecting memory [0x000075187133d000,0x0000751871341000] with protection modes 0
Event: 0.026 Thread 0x000075189015a090 Thread added: 0x000075189015a090
Event: 0.026 Protecting memory [0x000075187123d000,0x0000751871241000] with protection modes 0
Event: 0.030 Thread 0x000075189015b750 Thread added: 0x000075189015b750
Event: 0.030 Protecting memory [0x000075187113d000,0x0000751871141000] with protection modes 0
Event: 0.044 Thread 0x000075189019d750 Thread added: 0x000075189019d750
Event: 0.044 Protecting memory [0x0000751870f6d000,0x0000751870f71000] with protection modes 0
Event: 0.068 Thread 0x00007518901e3340 Thread added: 0x00007518901e3340
Event: 0.068 Protecting memory [0x0000751870e6d000,0x0000751870e71000] with protection modes 0
Event: 0.068 Thread 0x00007518901f7090 Thread added: 0x00007518901f7090
Event: 0.068 Protecting memory [0x0000751870d6d000,0x0000751870d71000] with protection modes 0
Event: 0.070 Thread 0x00007517f409f4e0 Thread added: 0x00007517f409f4e0
Event: 0.070 Protecting memory [0x0000751870c6d000,0x0000751870c71000] with protection modes 0
Event: 0.227 Thread 0x00007518902132a0 Thread added: 0x00007518902132a0
Event: 0.237 Protecting memory [0x0000751870b6d000,0x0000751870b71000] with protection modes 0
Event: 0.256 Thread 0x000075189024b1b0 Thread added: 0x000075189024b1b0
Event: 0.256 Protecting memory [0x0000751870a6d000,0x0000751870a71000] with protection modes 0


Dynamic libraries:
706c00000-716600000 rw-p 00000000 00:00 0 
716600000-7ffe00000 ---p 00000000 00:00 0 
7ffe00000-7fff08000 rw-p 00ce5000 08:03 2903295                          /home/wangjing/.jdks/openjdk-21.0.2/lib/server/classes.jsa
7fff08000-800000000 rw-p 00000000 00:00 0 
60ead7e63000-60ead7e64000 r-xp 00000000 08:03 2902800                    /home/wangjing/.jdks/openjdk-21.0.2/bin/java
60ead7e65000-60ead7e66000 r--p 00001000 08:03 2902800                    /home/wangjing/.jdks/openjdk-21.0.2/bin/java
60ead7e66000-60ead7e67000 rw-p 00002000 08:03 2902800                    /home/wangjing/.jdks/openjdk-21.0.2/bin/java
60ead95de000-60ead9624000 rw-p 00000000 00:00 0                          [heap]
7517e9400000-7517e9d26000 r--p 00000000 08:03 3025897                    /home/wangjing/.javacpp/cache/llvm-13.0.1-1.5.7-linux-x86_64.jar/org/bytedeco/llvm/linux-x86_64/libLLVM-13.so
7517e9d26000-7517ed6e9000 r-xp 00926000 08:03 3025897                    /home/wangjing/.javacpp/cache/llvm-13.0.1-1.5.7-linux-x86_64.jar/org/bytedeco/llvm/linux-x86_64/libLLVM-13.so
7517ed6e9000-7517ef93e000 r--p 042e9000 08:03 3025897                    /home/wangjing/.javacpp/cache/llvm-13.0.1-1.5.7-linux-x86_64.jar/org/bytedeco/llvm/linux-x86_64/libLLVM-13.so
7517ef93e000-7517efe53000 r--p 0653d000 08:03 3025897                    /home/wangjing/.javacpp/cache/llvm-13.0.1-1.5.7-linux-x86_64.jar/org/bytedeco/llvm/linux-x86_64/libLLVM-13.so
7517efe53000-7517efe5e000 rw-p 06a52000 08:03 3025897                    /home/wangjing/.javacpp/cache/llvm-13.0.1-1.5.7-linux-x86_64.jar/org/bytedeco/llvm/linux-x86_64/libLLVM-13.so
7517efe5e000-7517efed4000 rw-p 00000000 00:00 0 
7517f0000000-7517f01da000 rw-p 00000000 00:00 0 
7517f01da000-7517f4000000 ---p 00000000 00:00 0 
7517f4000000-7517f44db000 rw-p 00000000 00:00 0 
7517f44db000-7517f8000000 ---p 00000000 00:00 0 
7517f8000000-7517f8021000 rw-p 00000000 00:00 0 
7517f8021000-7517fc000000 ---p 00000000 00:00 0 
7517fc000000-7517fc021000 rw-p 00000000 00:00 0 
7517fc021000-751800000000 ---p 00000000 00:00 0 
751800000000-751800021000 rw-p 00000000 00:00 0 
751800021000-751804000000 ---p 00000000 00:00 0 
751804000000-751804021000 rw-p 00000000 00:00 0 
751804021000-751808000000 ---p 00000000 00:00 0 
751808000000-751808021000 rw-p 00000000 00:00 0 
751808021000-75180c000000 ---p 00000000 00:00 0 
75180c000000-75180c021000 rw-p 00000000 00:00 0 
75180c021000-751810000000 ---p 00000000 00:00 0 
751810000000-751810180000 rw-p 00000000 00:00 0 
751810180000-751810400000 ---p 00000000 00:00 0 
751810400000-7518105c0000 rw-p 00000000 00:00 0 
7518105c0000-751814000000 ---p 00000000 00:00 0 
751814000000-751814021000 rw-p 00000000 00:00 0 
751814021000-751818000000 ---p 00000000 00:00 0 
75181a308000-75181b000000 rw-p 00000000 00:00 0 
75181b000000-75181bca6000 rw-p 00001000 08:03 2903295                    /home/wangjing/.jdks/openjdk-21.0.2/lib/server/classes.jsa
75181bca6000-75181c000000 ---p 00000000 00:00 0 
75181c000000-75181c030000 rw-p 00000000 00:00 0 
75181c030000-75181c070000 rw-p 00000000 00:00 0 
75181c070000-75181c080000 ---p 00000000 00:00 0 
75181c080000-75181c090000 rw-p 00000000 00:00 0 
75181c090000-75185c000000 ---p 00000000 00:00 0 
75185c000000-75185c021000 rw-p 00000000 00:00 0 
75185c021000-751860000000 ---p 00000000 00:00 0 
751860000000-751860021000 rw-p 00000000 00:00 0 
751860021000-751864000000 ---p 00000000 00:00 0 
751864000000-751864021000 rw-p 00000000 00:00 0 
751864021000-751868000000 ---p 00000000 00:00 0 
751868000000-751868021000 rw-p 00000000 00:00 0 
751868021000-75186c000000 ---p 00000000 00:00 0 
75186c000000-75186c021000 rw-p 00000000 00:00 0 
75186c021000-751870000000 ---p 00000000 00:00 0 
75187026f000-7518705f9000 rw-p 00000000 00:00 0 
7518705f9000-7518705fa000 ---p 00000000 00:00 0 
7518705fa000-7518706fa000 rw-p 00000000 00:00 0 
7518706fa000-75187075f000 r--p 00000000 08:03 3025902                    /home/wangjing/.javacpp/cache/llvm-13.0.1-1.5.7-linux-x86_64.jar/org/bytedeco/llvm/linux-x86_64/libjniLLVM.so
75187075f000-7518707cd000 r-xp 00065000 08:03 3025902                    /home/wangjing/.javacpp/cache/llvm-13.0.1-1.5.7-linux-x86_64.jar/org/bytedeco/llvm/linux-x86_64/libjniLLVM.so
7518707cd000-7518707f8000 r--p 000d3000 08:03 3025902                    /home/wangjing/.javacpp/cache/llvm-13.0.1-1.5.7-linux-x86_64.jar/org/bytedeco/llvm/linux-x86_64/libjniLLVM.so
7518707f8000-7518707fb000 r--p 000fd000 08:03 3025902                    /home/wangjing/.javacpp/cache/llvm-13.0.1-1.5.7-linux-x86_64.jar/org/bytedeco/llvm/linux-x86_64/libjniLLVM.so
7518707fb000-7518707fe000 rw-p 00100000 08:03 3025902                    /home/wangjing/.javacpp/cache/llvm-13.0.1-1.5.7-linux-x86_64.jar/org/bytedeco/llvm/linux-x86_64/libjniLLVM.so
7518707fe000-751870800000 rw-p 00000000 00:00 0 
751870800000-75187089a000 r--p 00000000 08:03 917771                     /usr/lib/x86_64-linux-gnu/libstdc++.so.6.0.30
75187089a000-7518709ab000 r-xp 0009a000 08:03 917771                     /usr/lib/x86_64-linux-gnu/libstdc++.so.6.0.30
7518709ab000-751870a1a000 r--p 001ab000 08:03 917771                     /usr/lib/x86_64-linux-gnu/libstdc++.so.6.0.30
751870a1a000-751870a1b000 ---p 0021a000 08:03 917771                     /usr/lib/x86_64-linux-gnu/libstdc++.so.6.0.30
751870a1b000-751870a26000 r--p 0021a000 08:03 917771                     /usr/lib/x86_64-linux-gnu/libstdc++.so.6.0.30
751870a26000-751870a29000 rw-p 00225000 08:03 917771                     /usr/lib/x86_64-linux-gnu/libstdc++.so.6.0.30
751870a29000-751870a2c000 rw-p 00000000 00:00 0 
751870a4d000-751870a50000 r--p 00000000 08:03 919532                     /usr/lib/x86_64-linux-gnu/libgcc_s.so.1
751870a50000-751870a67000 r-xp 00003000 08:03 919532                     /usr/lib/x86_64-linux-gnu/libgcc_s.so.1
751870a67000-751870a6b000 r--p 0001a000 08:03 919532                     /usr/lib/x86_64-linux-gnu/libgcc_s.so.1
751870a6b000-751870a6c000 r--p 0001d000 08:03 919532                     /usr/lib/x86_64-linux-gnu/libgcc_s.so.1
751870a6c000-751870a6d000 rw-p 0001e000 08:03 919532                     /usr/lib/x86_64-linux-gnu/libgcc_s.so.1
751870a6d000-751870a71000 ---p 00000000 00:00 0 
751870a71000-751870b6d000 rw-p 00000000 00:00 0 
751870b6d000-751870b71000 ---p 00000000 00:00 0 
751870b71000-751870c6d000 rw-p 00000000 00:00 0 
751870c6d000-751870c71000 ---p 00000000 00:00 0 
751870c71000-751870d6d000 rw-p 00000000 00:00 0 
751870d6d000-751870d71000 ---p 00000000 00:00 0 
751870d71000-751870e6d000 rw-p 00000000 00:00 0 
751870e6d000-751870e71000 ---p 00000000 00:00 0 
751870e71000-751870f6d000 rw-p 00000000 00:00 0 
751870f6d000-751870f71000 ---p 00000000 00:00 0 
751870f71000-75187106d000 rw-p 00000000 00:00 0 
75187106d000-75187113b000 r-xp 00000000 08:03 2903269                    /home/wangjing/.jdks/openjdk-21.0.2/lib/libjsvml.so
75187113b000-75187113c000 r--p 000cd000 08:03 2903269                    /home/wangjing/.jdks/openjdk-21.0.2/lib/libjsvml.so
75187113c000-75187113d000 rw-p 000ce000 08:03 2903269                    /home/wangjing/.jdks/openjdk-21.0.2/lib/libjsvml.so
75187113d000-751871141000 ---p 00000000 00:00 0 
751871141000-75187123d000 rw-p 00000000 00:00 0 
75187123d000-751871241000 ---p 00000000 00:00 0 
751871241000-75187133d000 rw-p 00000000 00:00 0 
75187133d000-751871341000 ---p 00000000 00:00 0 
751871341000-75187143d000 rw-p 00000000 00:00 0 
75187143d000-751871441000 ---p 00000000 00:00 0 
751871441000-75187153d000 rw-p 00000000 00:00 0 
75187153d000-751871541000 ---p 00000000 00:00 0 
751871541000-75187163d000 rw-p 00000000 00:00 0 
75187163d000-751871641000 ---p 00000000 00:00 0 
751871641000-75187173d000 rw-p 00000000 00:00 0 
75187173d000-751871741000 ---p 00000000 00:00 0 
751871741000-75187183d000 rw-p 00000000 00:00 0 
75187183d000-75187183e000 ---p 00000000 00:00 0 
75187183e000-75187193e000 rw-p 00000000 00:00 0 
75187193e000-75187193f000 ---p 00000000 00:00 0 
75187193f000-751871b1b000 rw-p 00000000 00:00 0 
751871b1b000-751871b1c000 ---p 00000000 00:00 0 
751871b1c000-751874004000 rw-p 00000000 00:00 0 
751874004000-751877a64000 ---p 00000000 00:00 0 
751877a64000-751877ae9000 rw-p 00000000 00:00 0 
751877ae9000-751878235000 ---p 00000000 00:00 0 
751878235000-7518782b3000 rw-p 00000000 00:00 0 
7518782b3000-7518789ff000 ---p 00000000 00:00 0 
7518789ff000-751878a00000 rw-p 00000000 00:00 0 
751878a00000-751878c70000 rwxp 00000000 00:00 0 
751878c70000-75187ff38000 ---p 00000000 00:00 0 
75187ff38000-7518801a8000 rwxp 00000000 00:00 0 
7518801a8000-7518804c7000 ---p 00000000 00:00 0 
7518804c7000-751880737000 rwxp 00000000 00:00 0 
751880737000-751887a00000 ---p 00000000 00:00 0 
751887a00000-75188fecf000 r--s 00000000 08:03 2903286                    /home/wangjing/.jdks/openjdk-21.0.2/lib/modules
75188fedb000-75188fee2000 r--p 00000000 08:03 3025898                    /home/wangjing/.javacpp/cache/llvm-13.0.1-1.5.7-linux-x86_64.jar/org/bytedeco/llvm/linux-x86_64/libLTO.so.13
75188fee2000-75188feea000 r-xp 00007000 08:03 3025898                    /home/wangjing/.javacpp/cache/llvm-13.0.1-1.5.7-linux-x86_64.jar/org/bytedeco/llvm/linux-x86_64/libLTO.so.13
75188feea000-75188feec000 r--p 0000f000 08:03 3025898                    /home/wangjing/.javacpp/cache/llvm-13.0.1-1.5.7-linux-x86_64.jar/org/bytedeco/llvm/linux-x86_64/libLTO.so.13
75188feec000-75188feed000 r--p 00010000 08:03 3025898                    /home/wangjing/.javacpp/cache/llvm-13.0.1-1.5.7-linux-x86_64.jar/org/bytedeco/llvm/linux-x86_64/libLTO.so.13
75188feed000-75188feee000 rw-p 00011000 08:03 3025898                    /home/wangjing/.javacpp/cache/llvm-13.0.1-1.5.7-linux-x86_64.jar/org/bytedeco/llvm/linux-x86_64/libLTO.so.13
75188feee000-75188fef2000 r--p 00000000 08:03 3025878                    /home/wangjing/.javacpp/cache/javacpp-1.5.7-linux-x86_64.jar/org/bytedeco/javacpp/linux-x86_64/libjnijavacpp.so
75188fef2000-75188fef9000 r-xp 00004000 08:03 3025878                    /home/wangjing/.javacpp/cache/javacpp-1.5.7-linux-x86_64.jar/org/bytedeco/javacpp/linux-x86_64/libjnijavacpp.so
75188fef9000-75188fefd000 r--p 0000b000 08:03 3025878                    /home/wangjing/.javacpp/cache/javacpp-1.5.7-linux-x86_64.jar/org/bytedeco/javacpp/linux-x86_64/libjnijavacpp.so
75188fefd000-75188fefe000 r--p 0000e000 08:03 3025878                    /home/wangjing/.javacpp/cache/javacpp-1.5.7-linux-x86_64.jar/org/bytedeco/javacpp/linux-x86_64/libjnijavacpp.so
75188fefe000-75188feff000 rw-p 0000f000 08:03 3025878                    /home/wangjing/.javacpp/cache/javacpp-1.5.7-linux-x86_64.jar/org/bytedeco/javacpp/linux-x86_64/libjnijavacpp.so
75188feff000-75188ff00000 ---p 00000000 00:00 0 
75188ff00000-751890000000 rw-p 00000000 00:00 0 
751890000000-75189045d000 rw-p 00000000 00:00 0 
75189045d000-751894000000 ---p 00000000 00:00 0 
751894000000-75189400c000 r-xp 00000000 08:03 2903276                    /home/wangjing/.jdks/openjdk-21.0.2/lib/libnet.so
75189400c000-75189400d000 r--p 0000b000 08:03 2903276                    /home/wangjing/.jdks/openjdk-21.0.2/lib/libnet.so
75189400d000-75189400e000 rw-p 0000c000 08:03 2903276                    /home/wangjing/.jdks/openjdk-21.0.2/lib/libnet.so
75189400e000-751894210000 rw-p 00000000 00:00 0 
751894210000-751894211000 ---p 00000000 00:00 0 
751894211000-751894311000 rw-p 00000000 00:00 0 
751894311000-751894312000 ---p 00000000 00:00 0 
751894312000-751894412000 rw-p 00000000 00:00 0 
751894412000-751894413000 ---p 00000000 00:00 0 
751894413000-75189471a000 rw-p 00000000 00:00 0 
75189471a000-751894800000 ---p 00000000 00:00 0 
751894800000-751895078000 r--p 00000000 08:03 918099                     /usr/lib/locale/locale-archive
75189507b000-75189508f000 r-xp 00000000 08:03 2903277                    /home/wangjing/.jdks/openjdk-21.0.2/lib/libnio.so
75189508f000-751895090000 r--p 00013000 08:03 2903277                    /home/wangjing/.jdks/openjdk-21.0.2/lib/libnio.so
751895090000-751895091000 rw-p 00014000 08:03 2903277                    /home/wangjing/.jdks/openjdk-21.0.2/lib/libnio.so
751895091000-75189511a000 rw-p 00000000 00:00 0 
75189511a000-751895200000 ---p 00000000 00:00 0 
751895200000-751896512000 r-xp 00000000 08:03 2903298                    /home/wangjing/.jdks/openjdk-21.0.2/lib/server/libjvm.so
751896512000-751896513000 ---p 01312000 08:03 2903298                    /home/wangjing/.jdks/openjdk-21.0.2/lib/server/libjvm.so
751896513000-7518965e0000 r--p 01312000 08:03 2903298                    /home/wangjing/.jdks/openjdk-21.0.2/lib/server/libjvm.so
7518965e0000-75189660e000 rw-p 013df000 08:03 2903298                    /home/wangjing/.jdks/openjdk-21.0.2/lib/server/libjvm.so
75189660e000-751896674000 rw-p 00000000 00:00 0 
751896674000-751896675000 r--p 00000000 08:03 3025900                    /home/wangjing/.javacpp/cache/llvm-13.0.1-1.5.7-linux-x86_64.jar/org/bytedeco/llvm/linux-x86_64/libRemarks.so.13
751896675000-751896676000 r-xp 00001000 08:03 3025900                    /home/wangjing/.javacpp/cache/llvm-13.0.1-1.5.7-linux-x86_64.jar/org/bytedeco/llvm/linux-x86_64/libRemarks.so.13
751896676000-751896677000 r--p 00002000 08:03 3025900                    /home/wangjing/.javacpp/cache/llvm-13.0.1-1.5.7-linux-x86_64.jar/org/bytedeco/llvm/linux-x86_64/libRemarks.so.13
751896677000-751896678000 r--p 00002000 08:03 3025900                    /home/wangjing/.javacpp/cache/llvm-13.0.1-1.5.7-linux-x86_64.jar/org/bytedeco/llvm/linux-x86_64/libRemarks.so.13
751896678000-751896679000 rw-p 00003000 08:03 3025900                    /home/wangjing/.javacpp/cache/llvm-13.0.1-1.5.7-linux-x86_64.jar/org/bytedeco/llvm/linux-x86_64/libRemarks.so.13
751896679000-75189667e000 r-xp 00000000 08:03 2903253                    /home/wangjing/.jdks/openjdk-21.0.2/lib/libdt_socket.so
75189667e000-75189667f000 r--p 00004000 08:03 2903253                    /home/wangjing/.jdks/openjdk-21.0.2/lib/libdt_socket.so
75189667f000-751896680000 rw-p 00005000 08:03 2903253                    /home/wangjing/.jdks/openjdk-21.0.2/lib/libdt_socket.so
751896680000-751896687000 r--s 00000000 08:03 1577451                    /usr/lib/x86_64-linux-gnu/gconv/gconv-modules.cache
751896687000-75189668c000 rw-p 00000000 00:00 0 
75189668c000-751896693000 ---p 00000000 00:00 0 
751896693000-751896699000 r--s 000f8000 08:03 1311711                    /opt/idea/idea-IU-233.14475.28/plugins/java/lib/rt/debugger-agent.jar
751896699000-7518966b9000 r-xp 00000000 08:03 2903261                    /home/wangjing/.jdks/openjdk-21.0.2/lib/libjava.so
7518966b9000-7518966ba000 ---p 00020000 08:03 2903261                    /home/wangjing/.jdks/openjdk-21.0.2/lib/libjava.so
7518966ba000-7518966bb000 r--p 00020000 08:03 2903261                    /home/wangjing/.jdks/openjdk-21.0.2/lib/libjava.so
7518966bb000-7518966bc000 rw-p 00021000 08:03 2903261                    /home/wangjing/.jdks/openjdk-21.0.2/lib/libjava.so
7518966bc000-7518966bd000 rw-p 00000000 00:00 0 
7518966bd000-7518966fd000 r-xp 00000000 08:03 2903264                    /home/wangjing/.jdks/openjdk-21.0.2/lib/libjdwp.so
7518966fd000-7518966fe000 r--p 0003f000 08:03 2903264                    /home/wangjing/.jdks/openjdk-21.0.2/lib/libjdwp.so
7518966fe000-7518966ff000 rw-p 00040000 08:03 2903264                    /home/wangjing/.jdks/openjdk-21.0.2/lib/libjdwp.so
7518966ff000-751896700000 rw-p 00000000 00:00 0 
751896700000-751896704000 ---p 00000000 00:00 0 
751896704000-751896800000 rw-p 00000000 00:00 0 
751896800000-751896828000 r--p 00000000 08:03 918327                     /usr/lib/x86_64-linux-gnu/libc.so.6
751896828000-7518969bd000 r-xp 00028000 08:03 918327                     /usr/lib/x86_64-linux-gnu/libc.so.6
7518969bd000-751896a15000 r--p 001bd000 08:03 918327                     /usr/lib/x86_64-linux-gnu/libc.so.6
751896a15000-751896a16000 ---p 00215000 08:03 918327                     /usr/lib/x86_64-linux-gnu/libc.so.6
751896a16000-751896a1a000 r--p 00215000 08:03 918327                     /usr/lib/x86_64-linux-gnu/libc.so.6
751896a1a000-751896a1c000 rw-p 00219000 08:03 918327                     /usr/lib/x86_64-linux-gnu/libc.so.6
751896a1c000-751896a29000 rw-p 00000000 00:00 0 
751896a29000-751896a30000 r-xp 00000000 08:03 2903285                    /home/wangjing/.jdks/openjdk-21.0.2/lib/libzip.so
751896a30000-751896a31000 ---p 00007000 08:03 2903285                    /home/wangjing/.jdks/openjdk-21.0.2/lib/libzip.so
751896a31000-751896a32000 r--p 00007000 08:03 2903285                    /home/wangjing/.jdks/openjdk-21.0.2/lib/libzip.so
751896a32000-751896a33000 rw-p 00008000 08:03 2903285                    /home/wangjing/.jdks/openjdk-21.0.2/lib/libzip.so
751896a33000-751896a3b000 rw-s 00000000 08:03 131132                     /tmp/hsperfdata_wangjing/35141
751896a3b000-751896a56000 r-xp 00000000 08:03 2903265                    /home/wangjing/.jdks/openjdk-21.0.2/lib/libjimage.so
751896a56000-751896a57000 ---p 0001b000 08:03 2903265                    /home/wangjing/.jdks/openjdk-21.0.2/lib/libjimage.so
751896a57000-751896a59000 r--p 0001b000 08:03 2903265                    /home/wangjing/.jdks/openjdk-21.0.2/lib/libjimage.so
751896a59000-751896a5a000 rw-p 0001d000 08:03 2903265                    /home/wangjing/.jdks/openjdk-21.0.2/lib/libjimage.so
751896a5a000-751896a68000 r--p 00000000 08:03 918405                     /usr/lib/x86_64-linux-gnu/libm.so.6
751896a68000-751896ae4000 r-xp 0000e000 08:03 918405                     /usr/lib/x86_64-linux-gnu/libm.so.6
751896ae4000-751896b3f000 r--p 0008a000 08:03 918405                     /usr/lib/x86_64-linux-gnu/libm.so.6
751896b3f000-751896b40000 r--p 000e4000 08:03 918405                     /usr/lib/x86_64-linux-gnu/libm.so.6
751896b40000-751896b41000 rw-p 000e5000 08:03 918405                     /usr/lib/x86_64-linux-gnu/libm.so.6
751896b41000-751896b42000 r--p 00000000 08:03 918629                     /usr/lib/x86_64-linux-gnu/librt.so.1
751896b42000-751896b43000 r-xp 00001000 08:03 918629                     /usr/lib/x86_64-linux-gnu/librt.so.1
751896b43000-751896b44000 r--p 00002000 08:03 918629                     /usr/lib/x86_64-linux-gnu/librt.so.1
751896b44000-751896b45000 r--p 00002000 08:03 918629                     /usr/lib/x86_64-linux-gnu/librt.so.1
751896b45000-751896b46000 rw-p 00003000 08:03 918629                     /usr/lib/x86_64-linux-gnu/librt.so.1
751896b46000-751896b4a000 rw-p 00000000 00:00 0 
751896b4a000-751896b4b000 r--p 00000000 08:03 918333                     /usr/lib/x86_64-linux-gnu/libdl.so.2
751896b4b000-751896b4c000 r-xp 00001000 08:03 918333                     /usr/lib/x86_64-linux-gnu/libdl.so.2
751896b4c000-751896b4d000 r--p 00002000 08:03 918333                     /usr/lib/x86_64-linux-gnu/libdl.so.2
751896b4d000-751896b4e000 r--p 00002000 08:03 918333                     /usr/lib/x86_64-linux-gnu/libdl.so.2
751896b4e000-751896b4f000 rw-p 00003000 08:03 918333                     /usr/lib/x86_64-linux-gnu/libdl.so.2
751896b4f000-751896b50000 r--p 00000000 08:03 918461                     /usr/lib/x86_64-linux-gnu/libpthread.so.0
751896b50000-751896b51000 r-xp 00001000 08:03 918461                     /usr/lib/x86_64-linux-gnu/libpthread.so.0
751896b51000-751896b52000 r--p 00002000 08:03 918461                     /usr/lib/x86_64-linux-gnu/libpthread.so.0
751896b52000-751896b53000 r--p 00002000 08:03 918461                     /usr/lib/x86_64-linux-gnu/libpthread.so.0
751896b53000-751896b54000 rw-p 00003000 08:03 918461                     /usr/lib/x86_64-linux-gnu/libpthread.so.0
751896b54000-751896b62000 r-xp 00000000 08:03 2903266                    /home/wangjing/.jdks/openjdk-21.0.2/lib/libjli.so
751896b62000-751896b63000 ---p 0000e000 08:03 2903266                    /home/wangjing/.jdks/openjdk-21.0.2/lib/libjli.so
751896b63000-751896b64000 r--p 0000e000 08:03 2903266                    /home/wangjing/.jdks/openjdk-21.0.2/lib/libjli.so
751896b64000-751896b65000 rw-p 0000f000 08:03 2903266                    /home/wangjing/.jdks/openjdk-21.0.2/lib/libjli.so
751896b65000-751896b67000 r--p 00000000 08:03 917955                     /usr/lib/x86_64-linux-gnu/libz.so.1.2.11
751896b67000-751896b78000 r-xp 00002000 08:03 917955                     /usr/lib/x86_64-linux-gnu/libz.so.1.2.11
751896b78000-751896b7e000 r--p 00013000 08:03 917955                     /usr/lib/x86_64-linux-gnu/libz.so.1.2.11
751896b7e000-751896b7f000 ---p 00019000 08:03 917955                     /usr/lib/x86_64-linux-gnu/libz.so.1.2.11
751896b7f000-751896b80000 r--p 00019000 08:03 917955                     /usr/lib/x86_64-linux-gnu/libz.so.1.2.11
751896b80000-751896b81000 rw-p 0001a000 08:03 917955                     /usr/lib/x86_64-linux-gnu/libz.so.1.2.11
751896b84000-751896b8e000 r-xp 00000000 08:03 2903256                    /home/wangjing/.jdks/openjdk-21.0.2/lib/libinstrument.so
751896b8e000-751896b8f000 ---p 0000a000 08:03 2903256                    /home/wangjing/.jdks/openjdk-21.0.2/lib/libinstrument.so
751896b8f000-751896b90000 r--p 0000a000 08:03 2903256                    /home/wangjing/.jdks/openjdk-21.0.2/lib/libinstrument.so
751896b90000-751896b91000 rw-p 0000b000 08:03 2903256                    /home/wangjing/.jdks/openjdk-21.0.2/lib/libinstrument.so
751896b91000-751896b92000 ---p 00000000 00:00 0 
751896b92000-751896b93000 r--p 00000000 00:00 0 
751896b93000-751896b95000 rw-p 00000000 00:00 0 
751896b95000-751896b97000 r--p 00000000 08:03 917666                     /usr/lib/x86_64-linux-gnu/ld-linux-x86-64.so.2
751896b97000-751896bc1000 r-xp 00002000 08:03 917666                     /usr/lib/x86_64-linux-gnu/ld-linux-x86-64.so.2
751896bc1000-751896bcc000 r--p 0002c000 08:03 917666                     /usr/lib/x86_64-linux-gnu/ld-linux-x86-64.so.2
751896bcc000-751896bcd000 ---p 00000000 00:00 0 
751896bcd000-751896bcf000 r--p 00037000 08:03 917666                     /usr/lib/x86_64-linux-gnu/ld-linux-x86-64.so.2
751896bcf000-751896bd1000 rw-p 00039000 08:03 917666                     /usr/lib/x86_64-linux-gnu/ld-linux-x86-64.so.2
7fff71798000-7fff717b9000 rw-p 00000000 00:00 0                          [stack]
7fff717ec000-7fff717f0000 r--p 00000000 00:00 0                          [vvar]
7fff717f0000-7fff717f2000 r-xp 00000000 00:00 0                          [vdso]
ffffffffff600000-ffffffffff601000 --xp 00000000 00:00 0                  [vsyscall]
Total number of mappings: 246


VM Arguments:
jvm_args: -agentlib:jdwp=transport=dt_socket,address=127.0.0.1:59939,suspend=y,server=n -javaagent:/opt/idea/idea-IU-233.14475.28/plugins/java/lib/rt/debugger-agent.jar -Dfile.encoding=UTF-8 -Dsun.stdout.encoding=UTF-8 -Dsun.stderr.encoding=UTF-8 
java_command: Main ./tests/test1.sysy output.ll
java_class_path (initial): /home/wangjing/Lab/target/classes:/usr/local/lib/javacpp-1.5.7.jar:/usr/local/lib/llvm-13.0.1-1.5.7.jar:/usr/local/lib/antlr-4.9.1-complete.jar:/usr/local/lib/javacpp-1.5.7-linux-x86_64.jar:/usr/local/lib/llvm-platform-13.0.1-1.5.7.jar:/usr/local/lib/llvm-13.0.1-1.5.7-linux-x86_64.jar:/opt/idea/idea-IU-233.14475.28/lib/idea_rt.jar
Launcher Type: SUN_STANDARD

[Global flags]
     intx CICompilerCount                          = 2                                         {product} {ergonomic}
     uint ConcGCThreads                            = 1                                         {product} {ergonomic}
     uint G1ConcRefinementThreads                  = 2                                         {product} {ergonomic}
   size_t G1HeapRegionSize                         = 2097152                                   {product} {ergonomic}
    uintx GCDrainStackTargetSize                   = 64                                        {product} {ergonomic}
   size_t InitialHeapSize                          = 262144000                                 {product} {ergonomic}
   size_t MarkStackSize                            = 4194304                                   {product} {ergonomic}
   size_t MaxHeapSize                              = 4181721088                                {product} {ergonomic}
   size_t MaxNewSize                               = 2508193792                                {product} {ergonomic}
   size_t MinHeapDeltaBytes                        = 2097152                                   {product} {ergonomic}
   size_t MinHeapSize                              = 8388608                                   {product} {ergonomic}
    uintx NonNMethodCodeHeapSize                   = 5826188                                {pd product} {ergonomic}
    uintx NonProfiledCodeHeapSize                  = 122916026                              {pd product} {ergonomic}
    uintx ProfiledCodeHeapSize                     = 122916026                              {pd product} {ergonomic}
    uintx ReservedCodeCacheSize                    = 251658240                              {pd product} {ergonomic}
     bool SegmentedCodeCache                       = true                                      {product} {ergonomic}
   size_t SoftMaxHeapSize                          = 4181721088                             {manageable} {ergonomic}
     bool UseCompressedOops                        = true                           {product lp64_product} {ergonomic}
     bool UseG1GC                                  = true                                      {product} {ergonomic}

Logging:
Log output configuration:
 #0: stdout all=warning uptime,level,tags foldmultilines=false
 #1: stderr all=off uptime,level,tags foldmultilines=false

Environment Variables:
PATH=/usr/local/sbin:/usr/local/bin:/usr/sbin:/usr/bin:/sbin:/bin:/usr/games:/usr/local/games:/snap/bin:/snap/bin
USERNAME=wangjing
SHELL=/bin/bash
DISPLAY=:0
LANG=en_US.UTF-8
LC_NUMERIC=zh_CN.UTF-8
LC_TIME=zh_CN.UTF-8

Active Locale:
LC_ALL=LC_CTYPE=en_US.UTF-8;LC_NUMERIC=zh_CN.UTF-8;LC_TIME=zh_CN.UTF-8;LC_COLLATE=en_US.UTF-8;LC_MONETARY=zh_CN.UTF-8;LC_MESSAGES=en_US.UTF-8;LC_PAPER=zh_CN.UTF-8;LC_NAME=zh_CN.UTF-8;LC_ADDRESS=zh_CN.UTF-8;LC_TELEPHONE=zh_CN.UTF-8;LC_MEASUREMENT=zh_CN.UTF-8;LC_IDENTIFICATION=zh_CN.UTF-8
LC_COLLATE=en_US.UTF-8
LC_CTYPE=en_US.UTF-8
LC_MESSAGES=en_US.UTF-8
LC_MONETARY=zh_CN.UTF-8
LC_NUMERIC=zh_CN.UTF-8
LC_TIME=zh_CN.UTF-8

Signal Handlers:
   SIGSEGV: crash_handler in libjvm.so, mask=11100100010111111101111111111110, flags=SA_RESTART|SA_SIGINFO, unblocked
    SIGBUS: crash_handler in libjvm.so, mask=11100100010111111101111111111110, flags=SA_RESTART|SA_SIGINFO, unblocked
    SIGFPE: crash_handler in libjvm.so, mask=11100100010111111101111111111110, flags=SA_RESTART|SA_SIGINFO, unblocked
   SIGPIPE: javaSignalHandler in libjvm.so, mask=11100100010111111101111111111110, flags=SA_RESTART|SA_SIGINFO, blocked
   SIGXFSZ: javaSignalHandler in libjvm.so, mask=11100100010111111101111111111110, flags=SA_RESTART|SA_SIGINFO, blocked
    SIGILL: crash_handler in libjvm.so, mask=11100100010111111101111111111110, flags=SA_RESTART|SA_SIGINFO, unblocked
   SIGUSR2: SR_handler in libjvm.so, mask=00100000000000000000000000000000, flags=SA_RESTART|SA_SIGINFO, blocked
    SIGHUP: UserHandler in libjvm.so, mask=11100100010111111101111111111110, flags=SA_RESTART|SA_SIGINFO, blocked
    SIGINT: UserHandler in libjvm.so, mask=11100100010111111101111111111110, flags=SA_RESTART|SA_SIGINFO, blocked
   SIGTERM: UserHandler in libjvm.so, mask=11100100010111111101111111111110, flags=SA_RESTART|SA_SIGINFO, blocked
   SIGQUIT: UserHandler in libjvm.so, mask=11100100010111111101111111111110, flags=SA_RESTART|SA_SIGINFO, blocked
   SIGTRAP: crash_handler in libjvm.so, mask=11100100010111111101111111111110, flags=SA_RESTART|SA_SIGINFO, unblocked


Periodic native trim disabled

---------------  S Y S T E M  ---------------

OS:
DISTRIB_ID=Ubuntu
DISTRIB_RELEASE=22.04
DISTRIB_CODENAME=jammy
DISTRIB_DESCRIPTION="Ubuntu 22.04.4 LTS"
uname: Linux 6.5.0-35-generic #35~22.04.1-Ubuntu SMP PREEMPT_DYNAMIC Tue May  7 09:00:52 UTC 2 x86_64
OS uptime: 0 days 6:07 hours
libc: glibc 2.35 NPTL 2.35 
rlimit (soft/hard): STACK 8192k/infinity , CORE 0k/infinity , NPROC 63495/63495 , NOFILE 1048576/1048576 , AS infinity/infinity , CPU infinity/infinity , DATA infinity/infinity , FSIZE infinity/infinity , MEMLOCK 2041424k/2041424k
load average: 1.78 1.28 0.98

/proc/meminfo:
MemTotal:       16331420 kB
MemFree:         2177836 kB
MemAvailable:    9400100 kB
Buffers:          196536 kB
Cached:          7151884 kB
SwapCached:            0 kB
Active:          7853256 kB
Inactive:        5062580 kB
Active(anon):    5641376 kB
Inactive(anon):        0 kB
Active(file):    2211880 kB
Inactive(file):  5062580 kB
Unevictable:           0 kB
Mlocked:               0 kB
SwapTotal:       2097148 kB
SwapFree:        2097148 kB
Zswap:                 0 kB
Zswapped:              0 kB
Dirty:             16324 kB
Writeback:             0 kB
AnonPages:       5567468 kB
Mapped:          1417680 kB
Shmem:             73960 kB
KReclaimable:     285096 kB
Slab:             466436 kB
SReclaimable:     285096 kB
SUnreclaim:       181340 kB
KernelStack:       16752 kB
PageTables:        38980 kB
SecPageTables:         0 kB
NFS_Unstable:          0 kB
Bounce:                0 kB
WritebackTmp:          0 kB
CommitLimit:    10262856 kB
Committed_AS:    9328912 kB
VmallocTotal:   34359738367 kB
VmallocUsed:       46288 kB
VmallocChunk:          0 kB
Percpu:           110592 kB
HardwareCorrupted:     0 kB
AnonHugePages:         0 kB
ShmemHugePages:        0 kB
ShmemPmdMapped:        0 kB
FileHugePages:         0 kB
FilePmdMapped:         0 kB
Unaccepted:            0 kB
HugePages_Total:       0
HugePages_Free:        0
HugePages_Rsvd:        0
HugePages_Surp:        0
Hugepagesize:       2048 kB
Hugetlb:               0 kB
DirectMap4k:      159552 kB
DirectMap2M:     5083136 kB
DirectMap1G:    13631488 kB

/sys/kernel/mm/transparent_hugepage/enabled: always [madvise] never
/sys/kernel/mm/transparent_hugepage/defrag (defrag/compaction efforts parameter): always defer defer+madvise [madvise] never

Process Memory:
Virtual Size: 6891100K (peak: 6891100K)
Resident Set Size: 124848K (peak: 124848K) (anon: 72960K, file: 51888K, shmem: 0K)
Swapped out: 0K
C-Heap outstanding allocations: 31558K, retained: 8069K
glibc malloc tunables: (default)

/proc/sys/kernel/threads-max (system-wide limit on the number of threads): 126990
/proc/sys/vm/max_map_count (maximum number of memory map areas a process may have): 65530
/proc/sys/kernel/pid_max (system-wide limit on number of process identifiers): 4194304

container (cgroup) information:
container_type: cgroupv2
cpu_cpuset_cpus: not supported
cpu_memory_nodes: not supported
active_processor_count: 2
cpu_quota: not supported
cpu_period: not supported
cpu_shares: not supported
memory_limit_in_bytes: unlimited
memory_and_swap_limit_in_bytes: unlimited
memory_soft_limit_in_bytes: unlimited
memory_usage_in_bytes: 5776328 k
memory_max_usage_in_bytes: not supported
memory_swap_current_in_bytes: unlimited
memory_swap_max_limit_in_bytes: unlimited
maximum number of tasks: 19048
current number of tasks: 180

VMWare virtualization detected
Steal ticks since vm start: 0
Steal ticks percentage since vm start:  0.000

CPU: total 2 (initial active 2) (1 cores per cpu, 1 threads per core) family 25 model 116 stepping 1 microcode 0xffffffff, cx8, cmov, fxsr, mmx, sse, sse2, sse3, ssse3, sse4a, sse4.1, sse4.2, popcnt, lzcnt, tsc, tscinvbit, avx, avx2, aes, erms, clmul, bmi1, bmi2, adx, avx512f, avx512dq, avx512cd, avx512bw, avx512vl, sha, fma, vzeroupper, avx512_vpopcntdq, avx512_vpclmulqdq, avx512_vaes, avx512_vnni, clflush, clflushopt, avx512_vbmi2, avx512_vbmi, hv, rdtscp, rdpid, gfni, avx512_bitalg, f16c, avx512_ifma
CPU Model and flags from /proc/cpuinfo:
model name	: AMD Ryzen 7 7840HS with Radeon 780M Graphics
flags		: fpu vme de pse tsc msr pae mce cx8 apic sep mtrr pge mca cmov pat pse36 clflush mmx fxsr sse sse2 syscall nx mmxext pdpe1gb rdtscp lm constant_tsc rep_good nopl tsc_reliable nonstop_tsc cpuid extd_apicid tsc_known_freq pni pclmulqdq ssse3 fma cx16 sse4_1 sse4_2 x2apic movbe popcnt aes xsave avx f16c rdrand hypervisor lahf_lm cr8_legacy abm sse4a misalignsse 3dnowprefetch osvw topoext ibpb vmmcall fsgsbase bmi1 avx2 smep bmi2 erms invpcid avx512f avx512dq rdseed adx smap avx512ifma clflushopt clwb avx512cd sha_ni avx512bw avx512vl xsaveopt xsavec xgetbv1 xsaves avx512_bf16 clzero arat avx512vbmi umip avx512_vbmi2 gfni vaes vpclmulqdq avx512_vnni avx512_bitalg avx512_vpopcntdq rdpid overflow_recov succor

Online cpus: 0-1
Offline cpus: 2-127
BIOS frequency limitation: <Not Available>
Frequency switch latency (ns): <Not Available>
Available cpu frequencies: <Not Available>
Current governor: <Not Available>
Core performance/turbo boost: <Not Available>

Memory: 4k page, physical 16331420k(9400100k free), swap 2097148k(2097148k free)
Page Sizes: 4k

vm_info: OpenJDK 64-Bit Server VM (21.0.2+13-58) for linux-amd64 JRE (21.0.2+13-58), built on 2024-01-05T18:32:24Z by "mach5one" with gcc 11.2.0

END.
