#
# A fatal error has been detected by the Java Runtime Environment:
#
#  SIGSEGV (0xb) at pc=0x000079925e02c882, pid=34857, tid=34864
#
# JRE version: OpenJDK Runtime Environment (21.0.2+13) (build 21.0.2+13-58)
# Java VM: OpenJDK 64-Bit Server VM (21.0.2+13-58, mixed mode, sharing, tiered, compressed oops, compressed class ptrs, g1 gc, linux-amd64)
# Problematic frame:
# C  [libLLVM-13.so+0xc2c882]  LLVMBuildLoad+0x12
#
# Core dump will be written. Default location: Core dumps may be processed with "/usr/share/apport/apport -p%p -s%s -c%c -d%d -P%P -u%u -g%g -- %E" (or dumping to /home/wangjing/Lab/core.34857)
#
# If you would like to submit a bug report, please visit:
#   https://bugreport.java.com/bugreport/crash.jsp
# The crash happened outside the Java Virtual Machine in native code.
# See problematic frame for where to report the bug.
#

---------------  S U M M A R Y ------------

Command Line: -agentlib:jdwp=transport=dt_socket,address=127.0.0.1:36221,suspend=y,server=n -javaagent:/opt/idea/idea-IU-233.14475.28/plugins/java/lib/rt/debugger-agent.jar -Dfile.encoding=UTF-8 -Dsun.stdout.encoding=UTF-8 -Dsun.stderr.encoding=UTF-8 Main ./tests/test1.sysy output.ll

Host: AMD Ryzen 7 7840HS with Radeon 780M Graphics, 2 cores, 15G, Ubuntu 22.04.4 LTS
Time: Thu May 30 14:51:47 2024 CST elapsed time: 12.168037 seconds (0d 0h 0m 12s)

---------------  T H R E A D  ---------------

Current thread (0x000079930802cad0):  JavaThread "main"             [_thread_in_native, id=34864, stack(0x000079930f700000,0x000079930f800000) (1024K)]

Stack: [0x000079930f700000,0x000079930f800000],  sp=0x000079930f7fd3b0,  free space=1012k
Native frames: (J=compiled Java code, j=interpreted, Vv=VM code, C=native code)
C  [libLLVM-13.so+0xc2c882]  LLVMBuildLoad+0x12
Java frames: (J=compiled Java code, j=interpreted, Vv=VM code)
j  org.bytedeco.llvm.global.LLVM.LLVMBuildLoad(Lorg/bytedeco/llvm/LLVM/LLVMBuilderRef;Lorg/bytedeco/llvm/LLVM/LLVMValueRef;Ljava/lang/String;)Lorg/bytedeco/llvm/LLVM/LLVMValueRef;+0
j  MyVisitor.visitLVal(LSysYParser$LValContext;)Lorg/bytedeco/llvm/LLVM/LLVMValueRef;+31
j  MyVisitor.visitLVal(LSysYParser$LValContext;)Ljava/lang/Object;+2
j  SysYParser$LValContext.accept(Lorg/antlr/v4/runtime/tree/ParseTreeVisitor;)Ljava/lang/Object;+12
j  org.antlr.v4.runtime.tree.AbstractParseTreeVisitor.visitChildren(Lorg/antlr/v4/runtime/tree/RuleNode;)Ljava/lang/Object;+46
j  SysYParserBaseVisitor.visitExp2(LSysYParser$Exp2Context;)Ljava/lang/Object;+2
j  MyVisitor.visitExp2(LSysYParser$Exp2Context;)Lorg/bytedeco/llvm/LLVM/LLVMValueRef;+2
j  MyVisitor.visitExp2(LSysYParser$Exp2Context;)Ljava/lang/Object;+2
j  SysYParser$Exp2Context.accept(Lorg/antlr/v4/runtime/tree/ParseTreeVisitor;)Ljava/lang/Object;+12
j  org.antlr.v4.runtime.tree.AbstractParseTreeVisitor.visitChildren(Lorg/antlr/v4/runtime/tree/RuleNode;)Ljava/lang/Object;+46
j  SysYParserBaseVisitor.visitCond1(LSysYParser$Cond1Context;)Ljava/lang/Object;+2
j  MyVisitor.visitCond1(LSysYParser$Cond1Context;)Lorg/bytedeco/llvm/LLVM/LLVMValueRef;+2
j  MyVisitor.visitCond1(LSysYParser$Cond1Context;)Ljava/lang/Object;+2
j  SysYParser$Cond1Context.accept(Lorg/antlr/v4/runtime/tree/ParseTreeVisitor;)Ljava/lang/Object;+12
j  org.antlr.v4.runtime.tree.AbstractParseTreeVisitor.visit(Lorg/antlr/v4/runtime/tree/ParseTree;)Ljava/lang/Object;+2
j  MyVisitor.visit(Lorg/antlr/v4/runtime/tree/ParseTree;)Lorg/bytedeco/llvm/LLVM/LLVMValueRef;+2
j  MyVisitor.visitCom(LSysYParser$ComContext;)Lorg/bytedeco/llvm/LLVM/LLVMValueRef;+6
j  MyVisitor.visitCom(LSysYParser$ComContext;)Ljava/lang/Object;+2
j  SysYParser$ComContext.accept(Lorg/antlr/v4/runtime/tree/ParseTreeVisitor;)Ljava/lang/Object;+12
j  org.antlr.v4.runtime.tree.AbstractParseTreeVisitor.visit(Lorg/antlr/v4/runtime/tree/ParseTree;)Ljava/lang/Object;+2
j  MyVisitor.visit(Lorg/antlr/v4/runtime/tree/ParseTree;)Lorg/bytedeco/llvm/LLVM/LLVMValueRef;+2
j  MyVisitor.visitOr(LSysYParser$OrContext;)Lorg/bytedeco/llvm/LLVM/LLVMValueRef;+135
j  MyVisitor.visitOr(LSysYParser$OrContext;)Ljava/lang/Object;+2
j  SysYParser$OrContext.accept(Lorg/antlr/v4/runtime/tree/ParseTreeVisitor;)Ljava/lang/Object;+12
j  org.antlr.v4.runtime.tree.AbstractParseTreeVisitor.visit(Lorg/antlr/v4/runtime/tree/ParseTree;)Ljava/lang/Object;+2
j  MyVisitor.visit(Lorg/antlr/v4/runtime/tree/ParseTree;)Lorg/bytedeco/llvm/LLVM/LLVMValueRef;+2
j  MyVisitor.visitIfStmt(LSysYParser$IfStmtContext;)Lorg/bytedeco/llvm/LLVM/LLVMValueRef;+51
j  MyVisitor.visitIfStmt(LSysYParser$IfStmtContext;)Ljava/lang/Object;+2
j  SysYParser$IfStmtContext.accept(Lorg/antlr/v4/runtime/tree/ParseTreeVisitor;)Ljava/lang/Object;+12
j  org.antlr.v4.runtime.tree.AbstractParseTreeVisitor.visitChildren(Lorg/antlr/v4/runtime/tree/RuleNode;)Ljava/lang/Object;+46
j  SysYParserBaseVisitor.visitBlockItem(LSysYParser$BlockItemContext;)Ljava/lang/Object;+2
j  SysYParser$BlockItemContext.accept(Lorg/antlr/v4/runtime/tree/ParseTreeVisitor;)Ljava/lang/Object;+12
j  org.antlr.v4.runtime.tree.AbstractParseTreeVisitor.visit(Lorg/antlr/v4/runtime/tree/ParseTree;)Ljava/lang/Object;+2
j  MyVisitor.visit(Lorg/antlr/v4/runtime/tree/ParseTree;)Lorg/bytedeco/llvm/LLVM/LLVMValueRef;+2
j  MyVisitor.visitBlock(LSysYParser$BlockContext;)Lorg/bytedeco/llvm/LLVM/LLVMValueRef;+99
j  MyVisitor.visitFuncDef(LSysYParser$FuncDefContext;)Lorg/bytedeco/llvm/LLVM/LLVMValueRef;+274
j  MyVisitor.visitFuncDef(LSysYParser$FuncDefContext;)Ljava/lang/Object;+2
j  SysYParser$FuncDefContext.accept(Lorg/antlr/v4/runtime/tree/ParseTreeVisitor;)Ljava/lang/Object;+12
j  org.antlr.v4.runtime.tree.AbstractParseTreeVisitor.visitChildren(Lorg/antlr/v4/runtime/tree/RuleNode;)Ljava/lang/Object;+46
j  SysYParserBaseVisitor.visitCompUnit(LSysYParser$CompUnitContext;)Ljava/lang/Object;+2
j  MyVisitor.visitCompUnit(LSysYParser$CompUnitContext;)Lorg/bytedeco/llvm/LLVM/LLVMValueRef;+2
j  MyVisitor.visitProgram(LSysYParser$ProgramContext;)Lorg/bytedeco/llvm/LLVM/LLVMValueRef;+48
j  MyVisitor.visitProgram(LSysYParser$ProgramContext;)Ljava/lang/Object;+2
j  SysYParser$ProgramContext.accept(Lorg/antlr/v4/runtime/tree/ParseTreeVisitor;)Ljava/lang/Object;+12
j  org.antlr.v4.runtime.tree.AbstractParseTreeVisitor.visit(Lorg/antlr/v4/runtime/tree/ParseTree;)Ljava/lang/Object;+2
j  MyVisitor.visit(Lorg/antlr/v4/runtime/tree/ParseTree;)Lorg/bytedeco/llvm/LLVM/LLVMValueRef;+2
j  Main.main([Ljava/lang/String;)V+73
v  ~StubRoutines::call_stub 0x00007992f7f38cc6

siginfo: si_signo: 11 (SIGSEGV), si_code: 1 (SEGV_MAPERR), si_addr: 0x0000000000000000

Registers:
RAX=0x000079930847f070, RBX=0x0000000000000000, RCX=0x000079930802ca62, RDX=0x000079930847f070
RSP=0x000079930f7fd3b0, RBP=0x000079930847a2f0, RSI=0x0000000000000000, RDI=0x000079930847a2f0
R8 =0x0000000716449df0, R9 =0x0000000000000002, R10=0x00000000000003d8, R11=0x0000000000000000
R12=0x0000000000000000, R13=0x0000000000000000, R14=0x000079930847f070, R15=0x000079930802cad0
RIP=0x000079925e02c882, EFLAGS=0x0000000000010202, CSGSFS=0x002b000000000033, ERR=0x0000000000000004
  TRAPNO=0x000000000000000e


Register to memory mapping:

RAX=0x000079930847f070 points into unknown readable memory: 0x0000000799300062 | 62 00 30 99 07 00 00 00
RBX=0x0 is null
RCX=0x000079930802ca62 points into unknown readable memory: 00 00 02 00 00 00
RDX=0x000079930847f070 points into unknown readable memory: 0x0000000799300062 | 62 00 30 99 07 00 00 00
RSP=0x000079930f7fd3b0 is pointing into the stack for thread: 0x000079930802cad0
RBP=0x000079930847a2f0 points into unknown readable memory: 0x000079930847a300 | 00 a3 47 08 93 79 00 00
RSI=0x0 is null
RDI=0x000079930847a2f0 points into unknown readable memory: 0x000079930847a300 | 00 a3 47 08 93 79 00 00
R8 =
[error occurred during error reporting (printing register info), id 0xb, SIGSEGV (0xb) at pc=0x000079930e998a1e]
R9 =0x0000000000000002 is an unknown value
R10=0x00000000000003d8 is an unknown value
R11=0x0 is null
R12=0x0 is null
R13=0x0 is null
R14=0x000079930847f070 points into unknown readable memory: 0x0000000799300062 | 62 00 30 99 07 00 00 00
R15=0x000079930802cad0 is a thread

Top of Stack: (sp=0x000079930f7fd3b0)
0x000079930f7fd3b0:   000079930802cad0 0000000000000000
0x000079930f7fd3c0:   0000000000000000 0000799308147350
0x000079930f7fd3d0:   0000000000000002 0000000000000001
0x000079930f7fd3e0:   000079930847f070 0000799308147350
0x000079930f7fd3f0:   000079930f7fd4f8 000079930802cad0
0x000079930f7fd400:   000079930802ce88 00007992dd966fa1
0x000079930f7fd410:   0000000000000000 000079930802ce88
0x000079930f7fd420:   0000000000000000 000079930847a2f0
0x000079930f7fd430:   000079930847f070 00007992dd97d8dc
0x000079930f7fd440:   000079928b54ef98 000079930f7fd4d8
0x000079930f7fd450:   0000000000000000 000079928b54ef98
0x000079930f7fd460:   000079930f7fd508 00007992f7f47c0d
0x000079930f7fd470:   000079930f7fd4d8 00007992f7f4780d
0x000079930f7fd480:   000079930f7fd4e8 00007992f7f477d8
0x000079930f7fd490:   000079930f7fd490 000079928b54ef98
0x000079930f7fd4a0:   0000000000000006 000079928b5851f0
0x000079930f7fd4b0:   0000000000000000 0000000715910100
0x000079930f7fd4c0:   000079928b54ef98 0000000000000000
0x000079930f7fd4d0:   000079930f7fd4f8 000079930f7fd558
0x000079930f7fd4e0:   00007992f7f40cb5 0000000715910100
0x000079930f7fd4f0:   00007992f7f43e5a 0000000716449db0
0x000079930f7fd500:   0000000000000000 0000000715812208
0x000079930f7fd510:   000079930f7fd510 000079928b513f07
0x000079930f7fd520:   0000000000000004 000079928b51c440
0x000079930f7fd530:   0000000000000000 0000000715800160
0x000079930f7fd540:   000079928b513f38 000079930f7fd4f8
0x000079930f7fd550:   000079930f7fd570 000079930f7fd5c8
0x000079930f7fd560:   00007992f7f40cb5 0000000000000000
0x000079930f7fd570:   0000000715811c50 0000000715800668
0x000079930f7fd580:   000079930f7fd580 000079928b51408a
0x000079930f7fd590:   0000000000000003 000079928b51c440
0x000079930f7fd5a0:   0000000000000000 0000000715800160 

Instructions: (pc=0x000079925e02c882)
0x000079925e02c782:   89 c4 4c 8d 4c 24 40 e8 92 57 09 00 48 8b 7d 50
0x000079925e02c792:   48 8b 4d 30 4c 89 e6 48 8d 54 24 10 4c 8b 45 38
0x000079925e02c7a2:   48 8b 07 ff 50 10 48 8b 5d 00 8b 6d 08 5a 59 48
0x000079925e02c7b2:   c1 e5 04 48 01 dd 48 39 eb 74 1a 0f 1f 00 48 8b
0x000079925e02c7c2:   53 08 8b 33 4c 89 e7 48 83 c3 10 e8 6e 16 0e 00
0x000079925e02c7d2:   48 39 dd 75 e9 48 83 c4 68 4c 89 e0 5b 5d 41 5c
0x000079925e02c7e2:   41 5d 41 5e 41 5f c3 0f 1f 80 00 00 00 00 41 54
0x000079925e02c7f2:   b8 01 01 00 00 55 48 89 fd 48 89 f7 53 48 83 ec
0x000079925e02c802:   30 48 8b 75 30 66 89 44 24 20 e8 ef 24 09 00 48
0x000079925e02c812:   8b 7d 50 48 8b 4d 30 48 89 e2 49 89 c4 4c 8b 45
0x000079925e02c822:   38 48 8b 07 4c 89 e6 ff 50 10 48 8b 5d 00 8b 6d
0x000079925e02c832:   08 48 c1 e5 04 48 01 dd 48 39 eb 74 18 90 48 8b
0x000079925e02c842:   53 08 8b 33 4c 89 e7 48 83 c3 10 e8 ee 15 0e 00
0x000079925e02c852:   48 39 dd 75 e9 48 83 c4 30 4c 89 e0 5b 5d 41 5c
0x000079925e02c862:   c3 66 2e 0f 1f 84 00 00 00 00 00 0f 1f 00 41 56
0x000079925e02c872:   41 55 49 89 f5 41 54 55 48 89 fd 53 48 83 ec 60
0x000079925e02c882:   48 8b 06 80 3a 00 be 01 01 00 00 4c 8b 70 18 66
0x000079925e02c892:   89 74 24 20 74 09 48 89 14 24 c6 44 24 20 03 48
0x000079925e02c8a2:   8b 7d 30 e8 d6 15 fc ff 48 89 c7 e8 4e 47 0e 00
0x000079925e02c8b2:   4c 89 f6 48 89 c7 e8 b3 46 01 00 be 01 00 00 00
0x000079925e02c8c2:   bf 40 00 00 00 89 c3 b8 01 01 00 00 66 89 44 24
0x000079925e02c8d2:   50 e8 a8 0a 13 00 48 8d 4c 24 30 41 89 d9 45 31
0x000079925e02c8e2:   c0 48 83 ec 08 48 89 c7 4c 89 ea 4c 89 f6 6a 00
0x000079925e02c8f2:   49 89 c4 e8 26 5d 09 00 48 8b 7d 50 48 8b 4d 30
0x000079925e02c902:   4c 89 e6 48 8d 54 24 10 4c 8b 45 38 48 8b 07 ff
0x000079925e02c912:   50 10 48 8b 5d 00 8b 6d 08 5a 59 48 c1 e5 04 48
0x000079925e02c922:   01 dd 48 39 eb 74 1e 0f 1f 80 00 00 00 00 48 8b
0x000079925e02c932:   53 08 8b 33 4c 89 e7 48 83 c3 10 e8 fe 14 0e 00
0x000079925e02c942:   48 39 dd 75 e9 48 83 c4 60 4c 89 e0 5b 5d 41 5c
0x000079925e02c952:   41 5d 41 5e c3 66 0f 1f 84 00 00 00 00 00 41 56
0x000079925e02c962:   49 89 d6 41 55 49 89 f5 be 01 01 00 00 41 54 55
0x000079925e02c972:   48 89 fd 53 48 83 ec 60 80 39 00 66 89 74 24 20 


Stack slot to memory mapping:

stack at sp + 0 slots: 0x000079930802cad0 is a thread
stack at sp + 1 slots: 0x0 is null
stack at sp + 2 slots: 0x0 is null
stack at sp + 3 slots: 0x0000799308147350 points into unknown readable memory: 0x0000000716449de0 | e0 9d 44 16 07 00 00 00
stack at sp + 4 slots: 0x0000000000000002 is an unknown value
stack at sp + 5 slots: 0x0000000000000001 is an unknown value
stack at sp + 6 slots: 0x000079930847f070 points into unknown readable memory: 0x0000000799300062 | 62 00 30 99 07 00 00 00
stack at sp + 7 slots: 0x0000799308147350 points into unknown readable memory: 0x0000000716449de0 | e0 9d 44 16 07 00 00 00


---------------  P R O C E S S  ---------------

Threads class SMR info:
_java_thread_list=0x000079930821ac40, length=14, elements={
0x000079930802cad0, 0x0000799308152830, 0x0000799308153e80, 0x0000799308155960,
0x0000799308156fa0, 0x0000799308158540, 0x000079930815a080, 0x000079930815b740,
0x000079930817d130, 0x00007993081ba3a0, 0x00007993081ce0f0, 0x00007992640d9780,
0x00007993081e2d40, 0x000079930821a070
}

Java Threads: ( => current thread )
=>0x000079930802cad0 JavaThread "main"                              [_thread_in_native, id=34864, stack(0x000079930f700000,0x000079930f800000) (1024K)]
  0x0000799308152830 JavaThread "Reference Handler"          daemon [_thread_blocked, id=34883, stack(0x00007992ec72c000,0x00007992ec82c000) (1024K)]
  0x0000799308153e80 JavaThread "Finalizer"                  daemon [_thread_blocked, id=34884, stack(0x00007992ec62c000,0x00007992ec72c000) (1024K)]
  0x0000799308155960 JavaThread "Signal Dispatcher"          daemon [_thread_blocked, id=34885, stack(0x00007992ec52c000,0x00007992ec62c000) (1024K)]
  0x0000799308156fa0 JavaThread "Service Thread"             daemon [_thread_blocked, id=34886, stack(0x00007992ec42c000,0x00007992ec52c000) (1024K)]
  0x0000799308158540 JavaThread "Monitor Deflation Thread"   daemon [_thread_blocked, id=34887, stack(0x00007992ec32c000,0x00007992ec42c000) (1024K)]
  0x000079930815a080 JavaThread "C2 CompilerThread0"         daemon [_thread_blocked, id=34888, stack(0x00007992ec22c000,0x00007992ec32c000) (1024K)]
  0x000079930815b740 JavaThread "C1 CompilerThread0"         daemon [_thread_blocked, id=34889, stack(0x00007992ec12c000,0x00007992ec22c000) (1024K)]
  0x000079930817d130 JavaThread "Common-Cleaner"             daemon [_thread_blocked, id=34890, stack(0x00007992ddf00000,0x00007992de000000) (1024K)]
  0x00007993081ba3a0 JavaThread "JDWP Transport Listener: dt_socket" daemon [_thread_blocked, id=34891, stack(0x00007992dde00000,0x00007992ddf00000) (1024K)]
  0x00007993081ce0f0 JavaThread "JDWP Event Helper Thread"   daemon [_thread_blocked, id=34894, stack(0x00007992ddd00000,0x00007992dde00000) (1024K)]
  0x00007992640d9780 JavaThread "JDWP Command Reader"        daemon [_thread_in_native, id=34895, stack(0x00007992ddc00000,0x00007992ddd00000) (1024K)]
  0x00007993081e2d40 JavaThread "Notification Thread"        daemon [_thread_blocked, id=34897, stack(0x00007992ddb00000,0x00007992ddc00000) (1024K)]
  0x000079930821a070 JavaThread "JavaCPP Deallocator"        daemon [_thread_blocked, id=34898, stack(0x00007992dda00000,0x00007992ddb00000) (1024K)]
Total: 14

Other Threads:
  0x0000799308145e30 VMThread "VM Thread"                           [id=34880, stack(0x00007992ec82d000,0x00007992ec92d000) (1024K)]
  0x000079930812be00 WatcherThread "VM Periodic Task Thread"        [id=34879, stack(0x00007992ec92e000,0x00007992eca2e000) (1024K)]
  0x0000799308095620 WorkerThread "GC Thread#0"                     [id=34869, stack(0x000079930c47f000,0x000079930c57f000) (1024K)]
  0x00007992840065d0 WorkerThread "GC Thread#1"                     [id=34905, stack(0x00007992dd500000,0x00007992dd600000) (1024K)]
  0x00007993080a6520 ConcurrentGCThread "G1 Main Marker"            [id=34874, stack(0x000079930c37e000,0x000079930c47e000) (1024K)]
  0x00007993080a74c0 WorkerThread "G1 Conc#0"                       [id=34875, stack(0x000079930c27d000,0x000079930c37d000) (1024K)]
  0x0000799308119370 ConcurrentGCThread "G1 Refine#0"               [id=34876, stack(0x0000799307f00000,0x0000799308000000) (1024K)]
  0x000079930811a320 ConcurrentGCThread "G1 Service"                [id=34877, stack(0x00007992ecab0000,0x00007992ecbb0000) (1024K)]
Total: 8

Threads with active compile tasks:
Total: 0

VM state: not at safepoint (normal execution)

VM Mutex/Monitor currently owned by a thread: None

Heap address: 0x0000000706c00000, size: 3988 MB, Compressed Oops mode: Zero based, Oop shift amount: 3

CDS archive(s) mapped at: [0x000079928f000000-0x000079928fca6000-0x000079928fca6000), size 13262848, SharedBaseAddress: 0x000079928f000000, ArchiveRelocationMode: 1.
Compressed class space mapped at: 0x0000799290000000-0x00007992d0000000, reserved size: 1073741824
Narrow klass base: 0x000079928f000000, Narrow klass shift: 0, Narrow klass range: 0x100000000

GC Precious Log:
 CardTable entry size: 512
 Card Set container configuration: InlinePtr #cards 4 size 8 Array Of Cards #cards 16 size 48 Howl #buckets 8 coarsen threshold 3686 Howl Bitmap #cards 512 size 80 coarsen threshold 460 Card regions per heap region 1 cards per card region 4096
 CPUs: 2 total, 2 available
 Memory: 15948M
 Large Page Support: Disabled
 NUMA Support: Disabled
 Compressed Oops: Enabled (Zero based)
 Heap Region Size: 2M
 Heap Min Capacity: 8M
 Heap Initial Capacity: 250M
 Heap Max Capacity: 3988M
 Pre-touch: Disabled
 Parallel Workers: 2
 Concurrent Workers: 1
 Concurrent Refinement Workers: 2
 Periodic GC: Disabled

Heap:
 garbage-first heap   total 258048K, used 2824K [0x0000000706c00000, 0x0000000800000000)
  region size 2048K, 2 young (4096K), 1 survivors (2048K)
 Metaspace       used 3631K, committed 3840K, reserved 1114112K
  class space    used 409K, committed 512K, reserved 1048576K

Heap Regions: E=young(eden), S=young(survivor), O=old, HS=humongous(starts), HC=humongous(continues), CS=collection set, F=free, TAMS=top-at-mark-start, PB=parsable bottom
|   0|0x0000000706c00000, 0x0000000706c00000, 0x0000000706e00000|  0%| F|  |TAMS 0x0000000706c00000| PB 0x0000000706c00000| Untracked 
|   1|0x0000000706e00000, 0x0000000706e00000, 0x0000000707000000|  0%| F|  |TAMS 0x0000000706e00000| PB 0x0000000706e00000| Untracked 
|   2|0x0000000707000000, 0x0000000707000000, 0x0000000707200000|  0%| F|  |TAMS 0x0000000707000000| PB 0x0000000707000000| Untracked 
|   3|0x0000000707200000, 0x0000000707200000, 0x0000000707400000|  0%| F|  |TAMS 0x0000000707200000| PB 0x0000000707200000| Untracked 
|   4|0x0000000707400000, 0x0000000707400000, 0x0000000707600000|  0%| F|  |TAMS 0x0000000707400000| PB 0x0000000707400000| Untracked 
|   5|0x0000000707600000, 0x0000000707600000, 0x0000000707800000|  0%| F|  |TAMS 0x0000000707600000| PB 0x0000000707600000| Untracked 
|   6|0x0000000707800000, 0x0000000707800000, 0x0000000707a00000|  0%| F|  |TAMS 0x0000000707800000| PB 0x0000000707800000| Untracked 
|   7|0x0000000707a00000, 0x0000000707a00000, 0x0000000707c00000|  0%| F|  |TAMS 0x0000000707a00000| PB 0x0000000707a00000| Untracked 
|   8|0x0000000707c00000, 0x0000000707c00000, 0x0000000707e00000|  0%| F|  |TAMS 0x0000000707c00000| PB 0x0000000707c00000| Untracked 
|   9|0x0000000707e00000, 0x0000000707e00000, 0x0000000708000000|  0%| F|  |TAMS 0x0000000707e00000| PB 0x0000000707e00000| Untracked 
|  10|0x0000000708000000, 0x0000000708000000, 0x0000000708200000|  0%| F|  |TAMS 0x0000000708000000| PB 0x0000000708000000| Untracked 
|  11|0x0000000708200000, 0x0000000708200000, 0x0000000708400000|  0%| F|  |TAMS 0x0000000708200000| PB 0x0000000708200000| Untracked 
|  12|0x0000000708400000, 0x0000000708400000, 0x0000000708600000|  0%| F|  |TAMS 0x0000000708400000| PB 0x0000000708400000| Untracked 
|  13|0x0000000708600000, 0x0000000708600000, 0x0000000708800000|  0%| F|  |TAMS 0x0000000708600000| PB 0x0000000708600000| Untracked 
|  14|0x0000000708800000, 0x0000000708800000, 0x0000000708a00000|  0%| F|  |TAMS 0x0000000708800000| PB 0x0000000708800000| Untracked 
|  15|0x0000000708a00000, 0x0000000708a00000, 0x0000000708c00000|  0%| F|  |TAMS 0x0000000708a00000| PB 0x0000000708a00000| Untracked 
|  16|0x0000000708c00000, 0x0000000708c00000, 0x0000000708e00000|  0%| F|  |TAMS 0x0000000708c00000| PB 0x0000000708c00000| Untracked 
|  17|0x0000000708e00000, 0x0000000708e00000, 0x0000000709000000|  0%| F|  |TAMS 0x0000000708e00000| PB 0x0000000708e00000| Untracked 
|  18|0x0000000709000000, 0x0000000709000000, 0x0000000709200000|  0%| F|  |TAMS 0x0000000709000000| PB 0x0000000709000000| Untracked 
|  19|0x0000000709200000, 0x0000000709200000, 0x0000000709400000|  0%| F|  |TAMS 0x0000000709200000| PB 0x0000000709200000| Untracked 
|  20|0x0000000709400000, 0x0000000709400000, 0x0000000709600000|  0%| F|  |TAMS 0x0000000709400000| PB 0x0000000709400000| Untracked 
|  21|0x0000000709600000, 0x0000000709600000, 0x0000000709800000|  0%| F|  |TAMS 0x0000000709600000| PB 0x0000000709600000| Untracked 
|  22|0x0000000709800000, 0x0000000709800000, 0x0000000709a00000|  0%| F|  |TAMS 0x0000000709800000| PB 0x0000000709800000| Untracked 
|  23|0x0000000709a00000, 0x0000000709a00000, 0x0000000709c00000|  0%| F|  |TAMS 0x0000000709a00000| PB 0x0000000709a00000| Untracked 
|  24|0x0000000709c00000, 0x0000000709c00000, 0x0000000709e00000|  0%| F|  |TAMS 0x0000000709c00000| PB 0x0000000709c00000| Untracked 
|  25|0x0000000709e00000, 0x0000000709e00000, 0x000000070a000000|  0%| F|  |TAMS 0x0000000709e00000| PB 0x0000000709e00000| Untracked 
|  26|0x000000070a000000, 0x000000070a000000, 0x000000070a200000|  0%| F|  |TAMS 0x000000070a000000| PB 0x000000070a000000| Untracked 
|  27|0x000000070a200000, 0x000000070a200000, 0x000000070a400000|  0%| F|  |TAMS 0x000000070a200000| PB 0x000000070a200000| Untracked 
|  28|0x000000070a400000, 0x000000070a400000, 0x000000070a600000|  0%| F|  |TAMS 0x000000070a400000| PB 0x000000070a400000| Untracked 
|  29|0x000000070a600000, 0x000000070a600000, 0x000000070a800000|  0%| F|  |TAMS 0x000000070a600000| PB 0x000000070a600000| Untracked 
|  30|0x000000070a800000, 0x000000070a800000, 0x000000070aa00000|  0%| F|  |TAMS 0x000000070a800000| PB 0x000000070a800000| Untracked 
|  31|0x000000070aa00000, 0x000000070aa00000, 0x000000070ac00000|  0%| F|  |TAMS 0x000000070aa00000| PB 0x000000070aa00000| Untracked 
|  32|0x000000070ac00000, 0x000000070ac00000, 0x000000070ae00000|  0%| F|  |TAMS 0x000000070ac00000| PB 0x000000070ac00000| Untracked 
|  33|0x000000070ae00000, 0x000000070ae00000, 0x000000070b000000|  0%| F|  |TAMS 0x000000070ae00000| PB 0x000000070ae00000| Untracked 
|  34|0x000000070b000000, 0x000000070b000000, 0x000000070b200000|  0%| F|  |TAMS 0x000000070b000000| PB 0x000000070b000000| Untracked 
|  35|0x000000070b200000, 0x000000070b200000, 0x000000070b400000|  0%| F|  |TAMS 0x000000070b200000| PB 0x000000070b200000| Untracked 
|  36|0x000000070b400000, 0x000000070b400000, 0x000000070b600000|  0%| F|  |TAMS 0x000000070b400000| PB 0x000000070b400000| Untracked 
|  37|0x000000070b600000, 0x000000070b600000, 0x000000070b800000|  0%| F|  |TAMS 0x000000070b600000| PB 0x000000070b600000| Untracked 
|  38|0x000000070b800000, 0x000000070b800000, 0x000000070ba00000|  0%| F|  |TAMS 0x000000070b800000| PB 0x000000070b800000| Untracked 
|  39|0x000000070ba00000, 0x000000070ba00000, 0x000000070bc00000|  0%| F|  |TAMS 0x000000070ba00000| PB 0x000000070ba00000| Untracked 
|  40|0x000000070bc00000, 0x000000070bc00000, 0x000000070be00000|  0%| F|  |TAMS 0x000000070bc00000| PB 0x000000070bc00000| Untracked 
|  41|0x000000070be00000, 0x000000070be00000, 0x000000070c000000|  0%| F|  |TAMS 0x000000070be00000| PB 0x000000070be00000| Untracked 
|  42|0x000000070c000000, 0x000000070c000000, 0x000000070c200000|  0%| F|  |TAMS 0x000000070c000000| PB 0x000000070c000000| Untracked 
|  43|0x000000070c200000, 0x000000070c200000, 0x000000070c400000|  0%| F|  |TAMS 0x000000070c200000| PB 0x000000070c200000| Untracked 
|  44|0x000000070c400000, 0x000000070c400000, 0x000000070c600000|  0%| F|  |TAMS 0x000000070c400000| PB 0x000000070c400000| Untracked 
|  45|0x000000070c600000, 0x000000070c600000, 0x000000070c800000|  0%| F|  |TAMS 0x000000070c600000| PB 0x000000070c600000| Untracked 
|  46|0x000000070c800000, 0x000000070c800000, 0x000000070ca00000|  0%| F|  |TAMS 0x000000070c800000| PB 0x000000070c800000| Untracked 
|  47|0x000000070ca00000, 0x000000070ca00000, 0x000000070cc00000|  0%| F|  |TAMS 0x000000070ca00000| PB 0x000000070ca00000| Untracked 
|  48|0x000000070cc00000, 0x000000070cc00000, 0x000000070ce00000|  0%| F|  |TAMS 0x000000070cc00000| PB 0x000000070cc00000| Untracked 
|  49|0x000000070ce00000, 0x000000070ce00000, 0x000000070d000000|  0%| F|  |TAMS 0x000000070ce00000| PB 0x000000070ce00000| Untracked 
|  50|0x000000070d000000, 0x000000070d000000, 0x000000070d200000|  0%| F|  |TAMS 0x000000070d000000| PB 0x000000070d000000| Untracked 
|  51|0x000000070d200000, 0x000000070d200000, 0x000000070d400000|  0%| F|  |TAMS 0x000000070d200000| PB 0x000000070d200000| Untracked 
|  52|0x000000070d400000, 0x000000070d400000, 0x000000070d600000|  0%| F|  |TAMS 0x000000070d400000| PB 0x000000070d400000| Untracked 
|  53|0x000000070d600000, 0x000000070d600000, 0x000000070d800000|  0%| F|  |TAMS 0x000000070d600000| PB 0x000000070d600000| Untracked 
|  54|0x000000070d800000, 0x000000070d800000, 0x000000070da00000|  0%| F|  |TAMS 0x000000070d800000| PB 0x000000070d800000| Untracked 
|  55|0x000000070da00000, 0x000000070da00000, 0x000000070dc00000|  0%| F|  |TAMS 0x000000070da00000| PB 0x000000070da00000| Untracked 
|  56|0x000000070dc00000, 0x000000070dc00000, 0x000000070de00000|  0%| F|  |TAMS 0x000000070dc00000| PB 0x000000070dc00000| Untracked 
|  57|0x000000070de00000, 0x000000070de00000, 0x000000070e000000|  0%| F|  |TAMS 0x000000070de00000| PB 0x000000070de00000| Untracked 
|  58|0x000000070e000000, 0x000000070e000000, 0x000000070e200000|  0%| F|  |TAMS 0x000000070e000000| PB 0x000000070e000000| Untracked 
|  59|0x000000070e200000, 0x000000070e200000, 0x000000070e400000|  0%| F|  |TAMS 0x000000070e200000| PB 0x000000070e200000| Untracked 
|  60|0x000000070e400000, 0x000000070e400000, 0x000000070e600000|  0%| F|  |TAMS 0x000000070e400000| PB 0x000000070e400000| Untracked 
|  61|0x000000070e600000, 0x000000070e600000, 0x000000070e800000|  0%| F|  |TAMS 0x000000070e600000| PB 0x000000070e600000| Untracked 
|  62|0x000000070e800000, 0x000000070e800000, 0x000000070ea00000|  0%| F|  |TAMS 0x000000070e800000| PB 0x000000070e800000| Untracked 
|  63|0x000000070ea00000, 0x000000070ea00000, 0x000000070ec00000|  0%| F|  |TAMS 0x000000070ea00000| PB 0x000000070ea00000| Untracked 
|  64|0x000000070ec00000, 0x000000070ec00000, 0x000000070ee00000|  0%| F|  |TAMS 0x000000070ec00000| PB 0x000000070ec00000| Untracked 
|  65|0x000000070ee00000, 0x000000070ee00000, 0x000000070f000000|  0%| F|  |TAMS 0x000000070ee00000| PB 0x000000070ee00000| Untracked 
|  66|0x000000070f000000, 0x000000070f000000, 0x000000070f200000|  0%| F|  |TAMS 0x000000070f000000| PB 0x000000070f000000| Untracked 
|  67|0x000000070f200000, 0x000000070f200000, 0x000000070f400000|  0%| F|  |TAMS 0x000000070f200000| PB 0x000000070f200000| Untracked 
|  68|0x000000070f400000, 0x000000070f400000, 0x000000070f600000|  0%| F|  |TAMS 0x000000070f400000| PB 0x000000070f400000| Untracked 
|  69|0x000000070f600000, 0x000000070f600000, 0x000000070f800000|  0%| F|  |TAMS 0x000000070f600000| PB 0x000000070f600000| Untracked 
|  70|0x000000070f800000, 0x000000070f800000, 0x000000070fa00000|  0%| F|  |TAMS 0x000000070f800000| PB 0x000000070f800000| Untracked 
|  71|0x000000070fa00000, 0x000000070fa00000, 0x000000070fc00000|  0%| F|  |TAMS 0x000000070fa00000| PB 0x000000070fa00000| Untracked 
|  72|0x000000070fc00000, 0x000000070fc00000, 0x000000070fe00000|  0%| F|  |TAMS 0x000000070fc00000| PB 0x000000070fc00000| Untracked 
|  73|0x000000070fe00000, 0x000000070fe00000, 0x0000000710000000|  0%| F|  |TAMS 0x000000070fe00000| PB 0x000000070fe00000| Untracked 
|  74|0x0000000710000000, 0x0000000710000000, 0x0000000710200000|  0%| F|  |TAMS 0x0000000710000000| PB 0x0000000710000000| Untracked 
|  75|0x0000000710200000, 0x0000000710200000, 0x0000000710400000|  0%| F|  |TAMS 0x0000000710200000| PB 0x0000000710200000| Untracked 
|  76|0x0000000710400000, 0x0000000710400000, 0x0000000710600000|  0%| F|  |TAMS 0x0000000710400000| PB 0x0000000710400000| Untracked 
|  77|0x0000000710600000, 0x0000000710600000, 0x0000000710800000|  0%| F|  |TAMS 0x0000000710600000| PB 0x0000000710600000| Untracked 
|  78|0x0000000710800000, 0x0000000710800000, 0x0000000710a00000|  0%| F|  |TAMS 0x0000000710800000| PB 0x0000000710800000| Untracked 
|  79|0x0000000710a00000, 0x0000000710a00000, 0x0000000710c00000|  0%| F|  |TAMS 0x0000000710a00000| PB 0x0000000710a00000| Untracked 
|  80|0x0000000710c00000, 0x0000000710c00000, 0x0000000710e00000|  0%| F|  |TAMS 0x0000000710c00000| PB 0x0000000710c00000| Untracked 
|  81|0x0000000710e00000, 0x0000000710e00000, 0x0000000711000000|  0%| F|  |TAMS 0x0000000710e00000| PB 0x0000000710e00000| Untracked 
|  82|0x0000000711000000, 0x0000000711000000, 0x0000000711200000|  0%| F|  |TAMS 0x0000000711000000| PB 0x0000000711000000| Untracked 
|  83|0x0000000711200000, 0x0000000711200000, 0x0000000711400000|  0%| F|  |TAMS 0x0000000711200000| PB 0x0000000711200000| Untracked 
|  84|0x0000000711400000, 0x0000000711400000, 0x0000000711600000|  0%| F|  |TAMS 0x0000000711400000| PB 0x0000000711400000| Untracked 
|  85|0x0000000711600000, 0x0000000711600000, 0x0000000711800000|  0%| F|  |TAMS 0x0000000711600000| PB 0x0000000711600000| Untracked 
|  86|0x0000000711800000, 0x0000000711800000, 0x0000000711a00000|  0%| F|  |TAMS 0x0000000711800000| PB 0x0000000711800000| Untracked 
|  87|0x0000000711a00000, 0x0000000711a00000, 0x0000000711c00000|  0%| F|  |TAMS 0x0000000711a00000| PB 0x0000000711a00000| Untracked 
|  88|0x0000000711c00000, 0x0000000711c00000, 0x0000000711e00000|  0%| F|  |TAMS 0x0000000711c00000| PB 0x0000000711c00000| Untracked 
|  89|0x0000000711e00000, 0x0000000711e00000, 0x0000000712000000|  0%| F|  |TAMS 0x0000000711e00000| PB 0x0000000711e00000| Untracked 
|  90|0x0000000712000000, 0x0000000712000000, 0x0000000712200000|  0%| F|  |TAMS 0x0000000712000000| PB 0x0000000712000000| Untracked 
|  91|0x0000000712200000, 0x0000000712200000, 0x0000000712400000|  0%| F|  |TAMS 0x0000000712200000| PB 0x0000000712200000| Untracked 
|  92|0x0000000712400000, 0x0000000712400000, 0x0000000712600000|  0%| F|  |TAMS 0x0000000712400000| PB 0x0000000712400000| Untracked 
|  93|0x0000000712600000, 0x0000000712600000, 0x0000000712800000|  0%| F|  |TAMS 0x0000000712600000| PB 0x0000000712600000| Untracked 
|  94|0x0000000712800000, 0x0000000712800000, 0x0000000712a00000|  0%| F|  |TAMS 0x0000000712800000| PB 0x0000000712800000| Untracked 
|  95|0x0000000712a00000, 0x0000000712a00000, 0x0000000712c00000|  0%| F|  |TAMS 0x0000000712a00000| PB 0x0000000712a00000| Untracked 
|  96|0x0000000712c00000, 0x0000000712c00000, 0x0000000712e00000|  0%| F|  |TAMS 0x0000000712c00000| PB 0x0000000712c00000| Untracked 
|  97|0x0000000712e00000, 0x0000000712e00000, 0x0000000713000000|  0%| F|  |TAMS 0x0000000712e00000| PB 0x0000000712e00000| Untracked 
|  98|0x0000000713000000, 0x0000000713000000, 0x0000000713200000|  0%| F|  |TAMS 0x0000000713000000| PB 0x0000000713000000| Untracked 
|  99|0x0000000713200000, 0x0000000713200000, 0x0000000713400000|  0%| F|  |TAMS 0x0000000713200000| PB 0x0000000713200000| Untracked 
| 100|0x0000000713400000, 0x0000000713400000, 0x0000000713600000|  0%| F|  |TAMS 0x0000000713400000| PB 0x0000000713400000| Untracked 
| 101|0x0000000713600000, 0x0000000713600000, 0x0000000713800000|  0%| F|  |TAMS 0x0000000713600000| PB 0x0000000713600000| Untracked 
| 102|0x0000000713800000, 0x0000000713800000, 0x0000000713a00000|  0%| F|  |TAMS 0x0000000713800000| PB 0x0000000713800000| Untracked 
| 103|0x0000000713a00000, 0x0000000713a00000, 0x0000000713c00000|  0%| F|  |TAMS 0x0000000713a00000| PB 0x0000000713a00000| Untracked 
| 104|0x0000000713c00000, 0x0000000713c00000, 0x0000000713e00000|  0%| F|  |TAMS 0x0000000713c00000| PB 0x0000000713c00000| Untracked 
| 105|0x0000000713e00000, 0x0000000713e00000, 0x0000000714000000|  0%| F|  |TAMS 0x0000000713e00000| PB 0x0000000713e00000| Untracked 
| 106|0x0000000714000000, 0x0000000714000000, 0x0000000714200000|  0%| F|  |TAMS 0x0000000714000000| PB 0x0000000714000000| Untracked 
| 107|0x0000000714200000, 0x0000000714200000, 0x0000000714400000|  0%| F|  |TAMS 0x0000000714200000| PB 0x0000000714200000| Untracked 
| 108|0x0000000714400000, 0x0000000714400000, 0x0000000714600000|  0%| F|  |TAMS 0x0000000714400000| PB 0x0000000714400000| Untracked 
| 109|0x0000000714600000, 0x0000000714600000, 0x0000000714800000|  0%| F|  |TAMS 0x0000000714600000| PB 0x0000000714600000| Untracked 
| 110|0x0000000714800000, 0x0000000714800000, 0x0000000714a00000|  0%| F|  |TAMS 0x0000000714800000| PB 0x0000000714800000| Untracked 
| 111|0x0000000714a00000, 0x0000000714a00000, 0x0000000714c00000|  0%| F|  |TAMS 0x0000000714a00000| PB 0x0000000714a00000| Untracked 
| 112|0x0000000714c00000, 0x0000000714c00000, 0x0000000714e00000|  0%| F|  |TAMS 0x0000000714c00000| PB 0x0000000714c00000| Untracked 
| 113|0x0000000714e00000, 0x0000000714e00000, 0x0000000715000000|  0%| F|  |TAMS 0x0000000714e00000| PB 0x0000000714e00000| Untracked 
| 114|0x0000000715000000, 0x0000000715000000, 0x0000000715200000|  0%| F|  |TAMS 0x0000000715000000| PB 0x0000000715000000| Untracked 
| 115|0x0000000715200000, 0x0000000715200000, 0x0000000715400000|  0%| F|  |TAMS 0x0000000715200000| PB 0x0000000715200000| Untracked 
| 116|0x0000000715400000, 0x0000000715400000, 0x0000000715600000|  0%| F|  |TAMS 0x0000000715400000| PB 0x0000000715400000| Untracked 
| 117|0x0000000715600000, 0x0000000715600000, 0x0000000715800000|  0%| F|  |TAMS 0x0000000715600000| PB 0x0000000715600000| Untracked 
| 118|0x0000000715800000, 0x00000007159baa68, 0x0000000715a00000| 86%| S|CS|TAMS 0x0000000715800000| PB 0x0000000715800000| Complete 
| 119|0x0000000715a00000, 0x0000000715a00000, 0x0000000715c00000|  0%| F|  |TAMS 0x0000000715a00000| PB 0x0000000715a00000| Untracked 
| 120|0x0000000715c00000, 0x0000000715c00000, 0x0000000715e00000|  0%| F|  |TAMS 0x0000000715c00000| PB 0x0000000715c00000| Untracked 
| 121|0x0000000715e00000, 0x0000000715e00000, 0x0000000716000000|  0%| F|  |TAMS 0x0000000715e00000| PB 0x0000000715e00000| Untracked 
| 122|0x0000000716000000, 0x0000000716000000, 0x0000000716200000|  0%| F|  |TAMS 0x0000000716000000| PB 0x0000000716000000| Untracked 
| 123|0x0000000716200000, 0x0000000716200000, 0x0000000716400000|  0%| F|  |TAMS 0x0000000716200000| PB 0x0000000716200000| Untracked 
| 124|0x0000000716400000, 0x00000007164643c8, 0x0000000716600000| 19%| E|  |TAMS 0x0000000716400000| PB 0x0000000716400000| Complete 
|1993|0x00000007ffe00000, 0x00000007fff07778, 0x0000000800000000| 51%| O|  |TAMS 0x00000007ffe00000| PB 0x00000007ffe00000| Untracked 

Card table byte_map: [0x000079930c57f000,0x000079930cd49000] _byte_map_base: 0x0000799308d49000

Marking Bits: (CMBitMap*) 0x0000799308096140
 Bits: [0x00007992ecbb0000, 0x00007992f0a00000)

Polling page: 0x000079930fbb6000

Metaspace:

Usage:
  Non-class:      3.15 MB used.
      Class:    409.48 KB used.
       Both:      3.55 MB used.

Virtual space:
  Non-class space:       64.00 MB reserved,       3.25 MB (  5%) committed,  1 nodes.
      Class space:        1.00 GB reserved,     512.00 KB ( <1%) committed,  1 nodes.
             Both:        1.06 GB reserved,       3.75 MB ( <1%) committed. 

Chunk freelists:
   Non-Class:  10.30 MB
       Class:  15.47 MB
        Both:  25.77 MB

MaxMetaspaceSize: unlimited
CompressedClassSpaceSize: 1.00 GB
Initial GC threshold: 21.00 MB
Current GC threshold: 21.00 MB
CDS: on
 - commit_granule_bytes: 65536.
 - commit_granule_words: 8192.
 - virtual_space_node_default_size: 8388608.
 - enlarge_chunks_in_place: 1.
 - use_allocation_guard: 0.


Internal statistics:

num_allocs_failed_limit: 0.
num_arena_births: 66.
num_arena_deaths: 0.
num_vsnodes_births: 2.
num_vsnodes_deaths: 0.
num_space_committed: 60.
num_space_uncommitted: 0.
num_chunks_returned_to_freelist: 0.
num_chunks_taken_from_freelist: 134.
num_chunk_merges: 0.
num_chunk_splits: 111.
num_chunks_enlarged: 90.
num_inconsistent_stats: 0.

CodeHeap 'non-profiled nmethods': size=120036Kb used=220Kb max_used=220Kb free=119815Kb
 bounds [0x00007992f84c7000, 0x00007992f8737000, 0x00007992ffa00000]
CodeHeap 'profiled nmethods': size=120032Kb used=1092Kb max_used=1092Kb free=118939Kb
 bounds [0x00007992f0a00000, 0x00007992f0c70000, 0x00007992f7f38000]
CodeHeap 'non-nmethods': size=5692Kb used=1522Kb max_used=1525Kb free=4169Kb
 bounds [0x00007992f7f38000, 0x00007992f81a8000, 0x00007992f84c7000]
 total_blobs=1139 nmethods=666 adapters=379
 compilation: enabled
              stopped_count=0, restarted_count=0
 full_count=0

Compilation events (20 events):
Event: 0.507 Thread 0x000079930815b740  626       3       java.lang.ref.SoftReference::get (29 bytes)
Event: 0.507 Thread 0x000079930815b740 nmethod 626 0x00007992f0b0d510 code [0x00007992f0b0d6a0, 0x00007992f0b0d868]
Event: 0.507 Thread 0x000079930815b740  624       3       jdk.internal.loader.ClassLoaders$BootClassLoader::loadClassOrNull (10 bytes)
Event: 0.508 Thread 0x000079930815b740 nmethod 624 0x00007992f0b0d910 code [0x00007992f0b0dae0, 0x00007992f0b0dd78]
Event: 0.508 Thread 0x000079930815b740  621       3       java.util.Arrays::mismatch (69 bytes)
Event: 0.508 Thread 0x000079930815b740 nmethod 621 0x00007992f0b0df10 code [0x00007992f0b0e0e0, 0x00007992f0b0e408]
Event: 0.508 Thread 0x000079930815b740  620   !   3       java.util.zip.ZipCoder$UTF8ZipCoder::compare (81 bytes)
Event: 0.508 Thread 0x000079930815b740 nmethod 620 0x00007992f0b0e610 code [0x00007992f0b0e880, 0x00007992f0b0f4b8]
Event: 0.508 Thread 0x000079930815b740  628       3       java.util.ArrayDeque::pollFirst (36 bytes)
Event: 0.508 Thread 0x000079930815b740 nmethod 628 0x00007992f0b0fa90 code [0x00007992f0b0fc40, 0x00007992f0b10048]
Event: 0.508 Thread 0x000079930815b740  627       1       java.util.zip.ZipEntry::getName (5 bytes)
Event: 0.509 Thread 0x000079930815b740 nmethod 627 0x00007992f84f7610 code [0x00007992f84f77a0, 0x00007992f84f7868]
Event: 0.799 Thread 0x000079930815b740  630       3       java.lang.invoke.MethodTypeForm::canonicalizeAll (63 bytes)
Event: 0.800 Thread 0x000079930815b740 nmethod 630 0x00007992f0b10210 code [0x00007992f0b10400, 0x00007992f0b10a58]
Event: 0.800 Thread 0x000079930815b740  631       3       java.lang.invoke.MethodType$ConcurrentWeakInternSet$WeakEntry::<init> (15 bytes)
Event: 0.800 Thread 0x000079930815b740 nmethod 631 0x00007992f0b10c10 code [0x00007992f0b10de0, 0x00007992f0b11210]
Event: 10.629 Thread 0x000079930815b740  646       1       java.util.concurrent.locks.AbstractOwnableSynchronizer::setExclusiveOwnerThread (6 bytes)
Event: 10.629 Thread 0x000079930815b740 nmethod 646 0x00007992f84fa310 code [0x00007992f84fa4a0, 0x00007992f84fa5b0]
Event: 10.629 Thread 0x000079930815b740  647       1       java.util.concurrent.locks.AbstractOwnableSynchronizer::getExclusiveOwnerThread (5 bytes)
Event: 10.630 Thread 0x000079930815b740 nmethod 647 0x00007992f84fa610 code [0x00007992f84fa7a0, 0x00007992f84fa868]

GC Heap History (2 events):
Event: 10.622 GC heap before
{Heap before GC invocations=0 (full 0):
 garbage-first heap   total 258048K, used 13341K [0x0000000706c00000, 0x0000000800000000)
  region size 2048K, 6 young (12288K), 0 survivors (0K)
 Metaspace       used 3606K, committed 3776K, reserved 1114112K
  class space    used 405K, committed 512K, reserved 1048576K
}
Event: 10.628 GC heap after
{Heap after GC invocations=1 (full 0):
 garbage-first heap   total 258048K, used 2824K [0x0000000706c00000, 0x0000000800000000)
  region size 2048K, 1 young (2048K), 1 survivors (2048K)
 Metaspace       used 3606K, committed 3776K, reserved 1114112K
  class space    used 405K, committed 512K, reserved 1048576K
}

Dll operation events (13 events):
Event: 0.005 Loaded shared library /home/wangjing/.jdks/openjdk-21.0.2/lib/libjava.so
Event: 0.005 Loaded shared library /home/wangjing/.jdks/openjdk-21.0.2/lib/libzip.so
Event: 0.038 Loaded shared library /home/wangjing/.jdks/openjdk-21.0.2/lib/libjsvml.so
Event: 0.151 Loaded shared library /home/wangjing/.jdks/openjdk-21.0.2/lib/libinstrument.so
Event: 0.179 Loaded shared library /home/wangjing/.jdks/openjdk-21.0.2/lib/libnio.so
Event: 0.187 Loaded shared library /home/wangjing/.jdks/openjdk-21.0.2/lib/libzip.so
Event: 0.212 Loaded shared library /home/wangjing/.jdks/openjdk-21.0.2/lib/libjimage.so
Event: 0.249 Loaded shared library /home/wangjing/.javacpp/cache/javacpp-1.5.7-linux-x86_64.jar/org/bytedeco/javacpp/linux-x86_64/libjnijavacpp.so
Event: 0.270 Loaded shared library /home/wangjing/.jdks/openjdk-21.0.2/lib/libnet.so
Event: 0.443 Loaded shared library /home/wangjing/.javacpp/cache/llvm-13.0.1-1.5.7-linux-x86_64.jar/org/bytedeco/llvm/linux-x86_64/libLLVM-13.so
Event: 0.448 Loaded shared library /home/wangjing/.javacpp/cache/llvm-13.0.1-1.5.7-linux-x86_64.jar/org/bytedeco/llvm/linux-x86_64/libLTO.so.13
Event: 0.450 Loaded shared library /home/wangjing/.javacpp/cache/llvm-13.0.1-1.5.7-linux-x86_64.jar/org/bytedeco/llvm/linux-x86_64/libRemarks.so.13
Event: 0.451 Loaded shared library /home/wangjing/.javacpp/cache/llvm-13.0.1-1.5.7-linux-x86_64.jar/org/bytedeco/llvm/linux-x86_64/libjniLLVM.so

Deoptimization events (20 events):
Event: 0.428 Thread 0x000079930802cad0 DEOPT PACKING pc=0x00007992f0a92654 sp=0x000079930f7fd770
Event: 0.428 Thread 0x000079930802cad0 DEOPT UNPACKING pc=0x00007992f7f9014f sp=0x000079930f7fccd8 mode 1
Event: 0.428 Thread 0x000079930802cad0 DEOPT PACKING pc=0x00007992f0a8a15c sp=0x000079930f7fd4a0
Event: 0.428 Thread 0x000079930802cad0 DEOPT UNPACKING pc=0x00007992f7f9014f sp=0x000079930f7fc9a0 mode 1
Event: 0.428 Thread 0x000079930802cad0 DEOPT PACKING pc=0x00007992f0a8a15c sp=0x000079930f7fd4a0
Event: 0.428 Thread 0x000079930802cad0 DEOPT UNPACKING pc=0x00007992f7f9014f sp=0x000079930f7fc9a0 mode 1
Event: 0.428 Thread 0x000079930802cad0 DEOPT PACKING pc=0x00007992f0a8a15c sp=0x000079930f7fd4a0
Event: 0.428 Thread 0x000079930802cad0 DEOPT UNPACKING pc=0x00007992f7f9014f sp=0x000079930f7fc9a0 mode 1
Event: 0.428 Thread 0x000079930802cad0 DEOPT PACKING pc=0x00007992f0a8a15c sp=0x000079930f7fd4a0
Event: 0.428 Thread 0x000079930802cad0 DEOPT UNPACKING pc=0x00007992f7f9014f sp=0x000079930f7fc9a0 mode 1
Event: 0.428 Thread 0x000079930802cad0 DEOPT PACKING pc=0x00007992f0a8a15c sp=0x000079930f7fd4a0
Event: 0.428 Thread 0x000079930802cad0 DEOPT UNPACKING pc=0x00007992f7f9014f sp=0x000079930f7fc9a0 mode 1
Event: 0.428 Thread 0x000079930802cad0 DEOPT PACKING pc=0x00007992f0a8a15c sp=0x000079930f7fd4a0
Event: 0.428 Thread 0x000079930802cad0 DEOPT UNPACKING pc=0x00007992f7f9014f sp=0x000079930f7fc9a0 mode 1
Event: 0.428 Thread 0x000079930802cad0 DEOPT PACKING pc=0x00007992f0a8a15c sp=0x000079930f7fd4a0
Event: 0.428 Thread 0x000079930802cad0 DEOPT UNPACKING pc=0x00007992f7f9014f sp=0x000079930f7fc9a0 mode 1
Event: 0.428 Thread 0x000079930802cad0 DEOPT PACKING pc=0x00007992f0a8a15c sp=0x000079930f7fd4a0
Event: 0.428 Thread 0x000079930802cad0 DEOPT UNPACKING pc=0x00007992f7f9014f sp=0x000079930f7fc9a0 mode 1
Event: 0.428 Thread 0x000079930802cad0 DEOPT PACKING pc=0x00007992f0a8a15c sp=0x000079930f7fd4a0
Event: 0.428 Thread 0x000079930802cad0 DEOPT UNPACKING pc=0x00007992f7f9014f sp=0x000079930f7fc9a0 mode 1

Classes loaded (20 events):
Event: 0.484 Loading class org/bytedeco/llvm/LLVM/LLVMPassManagerBuilderRef
Event: 0.484 Loading class org/bytedeco/llvm/LLVM/LLVMPassManagerBuilderRef done
Event: 0.484 Loading class org/bytedeco/llvm/LLVM/LLVMPassBuilderOptionsRef
Event: 0.484 Loading class org/bytedeco/llvm/LLVM/LLVMPassBuilderOptionsRef done
Event: 0.484 Loading class org/bytedeco/llvm/LLVM/Pass
Event: 0.484 Loading class org/bytedeco/llvm/LLVM/Pass done
Event: 0.484 Loading class org/bytedeco/llvm/LLVM/LLVMNamedMDNodeRef
Event: 0.484 Loading class org/bytedeco/llvm/LLVM/LLVMNamedMDNodeRef done
Event: 0.484 Loading class org/bytedeco/llvm/LLVM/LLVMUseRef
Event: 0.484 Loading class org/bytedeco/llvm/LLVM/LLVMUseRef done
Event: 0.485 Loading class Scope
Event: 0.485 Loading class Scope done
Event: 0.487 Loading class org/bytedeco/javacpp/PointerScope
Event: 0.487 Loading class org/bytedeco/javacpp/PointerScope done
Event: 0.487 Loading class org/bytedeco/javacpp/PointerScope$1
Event: 0.487 Loading class org/bytedeco/javacpp/PointerScope$1 done
Event: 0.737 Loading class com/intellij/rt/debugger/BatchEvaluatorServer
Event: 0.737 Loading class com/intellij/rt/debugger/BatchEvaluatorServer done
Event: 0.796 Loading class java/io/DataOutputStream
Event: 0.796 Loading class java/io/DataOutputStream done

Classes unloaded (0 events):
No events

Classes redefined (0 events):
No events

Internal exceptions (8 events):
Event: 0.152 Thread 0x000079930802cad0 Exception <a 'java/lang/NoSuchMethodError'{0x0000000716594230}: 'void java.lang.invoke.DirectMethodHandle$Holder.invokeStatic(java.lang.Object, java.lang.Object, java.lang.Object)'> (0x0000000716594230) 
thrown [open/src/hotspot/share/interpreter/linkResolver.cpp, line 772]
Event: 0.165 Thread 0x000079930802cad0 Exception <a 'java/lang/NoSuchMethodError'{0x00000007165ab5c8}: 'java.lang.Object java.lang.invoke.Invokers$Holder.invokeExact_MT(java.lang.Object, java.lang.Object, java.lang.Object, java.lang.Object, java.lang.Object)'> (0x00000007165ab5c8) 
thrown [open/src/hotspot/share/interpreter/linkResolver.cpp, line 772]
Event: 0.203 Thread 0x000079930802cad0 Exception <a 'java/lang/NoSuchMethodError'{0x000000071638f158}: 'int java.lang.invoke.DirectMethodHandle$Holder.invokeStaticInit(java.lang.Object, java.lang.Object, java.lang.Object, java.lang.Object)'> (0x000000071638f158) 
thrown [open/src/hotspot/share/interpreter/linkResolver.cpp, line 772]
Event: 0.204 Thread 0x000079930802cad0 Exception <a 'java/lang/NoSuchMethodError'{0x0000000716397ce0}: 'java.lang.Object java.lang.invoke.DirectMethodHandle$Holder.invokeInterface(java.lang.Object, java.lang.Object)'> (0x0000000716397ce0) 
thrown [open/src/hotspot/share/interpreter/linkResolver.cpp, line 772]
Event: 0.205 Thread 0x000079930802cad0 Exception <a 'java/lang/IncompatibleClassChangeError'{0x000000071639af48}: Found class java.lang.Object, but interface was expected> (0x000000071639af48) 
thrown [open/src/hotspot/share/interpreter/linkResolver.cpp, line 840]
Event: 0.205 Thread 0x000079930802cad0 Exception <a 'java/lang/NoSuchMethodError'{0x000000071639e100}: 'void java.lang.invoke.DirectMethodHandle$Holder.invokeStatic(java.lang.Object, java.lang.Object)'> (0x000000071639e100) 
thrown [open/src/hotspot/share/interpreter/linkResolver.cpp, line 772]
Event: 0.205 Thread 0x000079930802cad0 Exception <a 'java/lang/NoSuchMethodError'{0x00000007163a19f8}: 'void java.lang.invoke.DirectMethodHandle$Holder.invokeStaticInit(java.lang.Object, java.lang.Object)'> (0x00000007163a19f8) 
thrown [open/src/hotspot/share/interpreter/linkResolver.cpp, line 772]
Event: 0.206 Thread 0x000079930802cad0 Exception <a 'java/lang/NoSuchMethodError'{0x00000007163a94e8}: 'int java.lang.invoke.DirectMethodHandle$Holder.invokeStaticInit(java.lang.Object, java.lang.Object)'> (0x00000007163a94e8) 
thrown [open/src/hotspot/share/interpreter/linkResolver.cpp, line 772]

ZGC Phase Switch (0 events):
No events

VM Operations (20 events):
Event: 11.706 Executing VM operation: get/set locals
Event: 11.706 Executing VM operation: get/set locals done
Event: 11.722 Executing VM operation: get/set locals
Event: 11.722 Executing VM operation: get/set locals done
Event: 11.798 Executing VM operation: get/set locals
Event: 11.798 Executing VM operation: get/set locals done
Event: 11.798 Executing VM operation: get/set locals
Event: 11.798 Executing VM operation: get/set locals done
Event: 11.798 Executing VM operation: get/set locals
Event: 11.798 Executing VM operation: get/set locals done
Event: 11.798 Executing VM operation: get/set locals
Event: 11.798 Executing VM operation: get/set locals done
Event: 12.166 Executing VM operation: ChangeSingleStep
Event: 12.166 Executing VM operation: ChangeSingleStep done
Event: 12.166 Executing VM operation: ChangeSingleStep
Event: 12.166 Executing VM operation: ChangeSingleStep done
Event: 12.166 Executing VM operation: ChangeSingleStep
Event: 12.166 Executing VM operation: ChangeSingleStep done
Event: 12.166 Executing VM operation: ChangeSingleStep
Event: 12.166 Executing VM operation: ChangeSingleStep done

Events (20 events):
Event: 0.036 Thread 0x0000799308156fa0 Thread added: 0x0000799308156fa0
Event: 0.036 Protecting memory [0x00007992ec42c000,0x00007992ec430000] with protection modes 0
Event: 0.036 Thread 0x0000799308158540 Thread added: 0x0000799308158540
Event: 0.036 Protecting memory [0x00007992ec32c000,0x00007992ec330000] with protection modes 0
Event: 0.037 Thread 0x000079930815a080 Thread added: 0x000079930815a080
Event: 0.037 Protecting memory [0x00007992ec22c000,0x00007992ec230000] with protection modes 0
Event: 0.039 Thread 0x000079930815b740 Thread added: 0x000079930815b740
Event: 0.039 Protecting memory [0x00007992ec12c000,0x00007992ec130000] with protection modes 0
Event: 0.058 Thread 0x000079930817d130 Thread added: 0x000079930817d130
Event: 0.059 Protecting memory [0x00007992ddf00000,0x00007992ddf04000] with protection modes 0
Event: 0.082 Thread 0x00007993081ba3a0 Thread added: 0x00007993081ba3a0
Event: 0.082 Protecting memory [0x00007992dde00000,0x00007992dde04000] with protection modes 0
Event: 0.088 Thread 0x00007993081ce0f0 Thread added: 0x00007993081ce0f0
Event: 0.088 Protecting memory [0x00007992ddd00000,0x00007992ddd04000] with protection modes 0
Event: 0.089 Thread 0x00007992640d9780 Thread added: 0x00007992640d9780
Event: 0.089 Protecting memory [0x00007992ddc00000,0x00007992ddc04000] with protection modes 0
Event: 0.173 Thread 0x00007993081e2d40 Thread added: 0x00007993081e2d40
Event: 0.177 Protecting memory [0x00007992ddb00000,0x00007992ddb04000] with protection modes 0
Event: 0.197 Thread 0x000079930821a070 Thread added: 0x000079930821a070
Event: 0.202 Protecting memory [0x00007992dda00000,0x00007992dda04000] with protection modes 0


Dynamic libraries:
706c00000-716600000 rw-p 00000000 00:00 0 
716600000-7ffe00000 ---p 00000000 00:00 0 
7ffe00000-7fff08000 rw-p 00ce5000 08:03 2903295                          /home/wangjing/.jdks/openjdk-21.0.2/lib/server/classes.jsa
7fff08000-800000000 rw-p 00000000 00:00 0 
5dc0c4a2a000-5dc0c4a2b000 r-xp 00000000 08:03 2902800                    /home/wangjing/.jdks/openjdk-21.0.2/bin/java
5dc0c4a2c000-5dc0c4a2d000 r--p 00001000 08:03 2902800                    /home/wangjing/.jdks/openjdk-21.0.2/bin/java
5dc0c4a2d000-5dc0c4a2e000 rw-p 00002000 08:03 2902800                    /home/wangjing/.jdks/openjdk-21.0.2/bin/java
5dc0c57dd000-5dc0c5823000 rw-p 00000000 00:00 0                          [heap]
79925d400000-79925dd26000 r--p 00000000 08:03 3025897                    /home/wangjing/.javacpp/cache/llvm-13.0.1-1.5.7-linux-x86_64.jar/org/bytedeco/llvm/linux-x86_64/libLLVM-13.so
79925dd26000-7992616e9000 r-xp 00926000 08:03 3025897                    /home/wangjing/.javacpp/cache/llvm-13.0.1-1.5.7-linux-x86_64.jar/org/bytedeco/llvm/linux-x86_64/libLLVM-13.so
7992616e9000-79926393e000 r--p 042e9000 08:03 3025897                    /home/wangjing/.javacpp/cache/llvm-13.0.1-1.5.7-linux-x86_64.jar/org/bytedeco/llvm/linux-x86_64/libLLVM-13.so
79926393e000-799263e53000 r--p 0653d000 08:03 3025897                    /home/wangjing/.javacpp/cache/llvm-13.0.1-1.5.7-linux-x86_64.jar/org/bytedeco/llvm/linux-x86_64/libLLVM-13.so
799263e53000-799263e5e000 rw-p 06a52000 08:03 3025897                    /home/wangjing/.javacpp/cache/llvm-13.0.1-1.5.7-linux-x86_64.jar/org/bytedeco/llvm/linux-x86_64/libLLVM-13.so
799263e5e000-799263ed4000 rw-p 00000000 00:00 0 
799264000000-7992644d1000 rw-p 00000000 00:00 0 
7992644d1000-799268000000 ---p 00000000 00:00 0 
79926c000000-79926c021000 rw-p 00000000 00:00 0 
79926c021000-799270000000 ---p 00000000 00:00 0 
799270000000-799270194000 rw-p 00000000 00:00 0 
799270194000-799274000000 ---p 00000000 00:00 0 
799274000000-799274021000 rw-p 00000000 00:00 0 
799274021000-799278000000 ---p 00000000 00:00 0 
799278000000-799278021000 rw-p 00000000 00:00 0 
799278021000-79927c000000 ---p 00000000 00:00 0 
79927c000000-79927c021000 rw-p 00000000 00:00 0 
79927c021000-799280000000 ---p 00000000 00:00 0 
799280000000-799280021000 rw-p 00000000 00:00 0 
799280021000-799284000000 ---p 00000000 00:00 0 
799284000000-799284021000 rw-p 00000000 00:00 0 
799284021000-799288000000 ---p 00000000 00:00 0 
79928b000000-79928b180000 rw-p 00000000 00:00 0 
79928b180000-79928b400000 ---p 00000000 00:00 0 
79928b400000-79928b5c0000 rw-p 00000000 00:00 0 
79928b5c0000-79928f000000 ---p 00000000 00:00 0 
79928f000000-79928fca6000 rw-p 00001000 08:03 2903295                    /home/wangjing/.jdks/openjdk-21.0.2/lib/server/classes.jsa
79928fca6000-799290000000 ---p 00000000 00:00 0 
799290000000-799290030000 rw-p 00000000 00:00 0 
799290030000-799290070000 rw-p 00000000 00:00 0 
799290070000-799290080000 ---p 00000000 00:00 0 
799290080000-799290090000 rw-p 00000000 00:00 0 
799290090000-7992d0000000 ---p 00000000 00:00 0 
7992d0000000-7992d0021000 rw-p 00000000 00:00 0 
7992d0021000-7992d4000000 ---p 00000000 00:00 0 
7992d4000000-7992d4021000 rw-p 00000000 00:00 0 
7992d4021000-7992d8000000 ---p 00000000 00:00 0 
7992d8000000-7992d8021000 rw-p 00000000 00:00 0 
7992d8021000-7992dc000000 ---p 00000000 00:00 0 
7992dc47d000-7992dd4ff000 rw-p 00000000 00:00 0 
7992dd4ff000-7992dd500000 ---p 00000000 00:00 0 
7992dd500000-7992dd600000 rw-p 00000000 00:00 0 
7992dd600000-7992dd69a000 r--p 00000000 08:03 917771                     /usr/lib/x86_64-linux-gnu/libstdc++.so.6.0.30
7992dd69a000-7992dd7ab000 r-xp 0009a000 08:03 917771                     /usr/lib/x86_64-linux-gnu/libstdc++.so.6.0.30
7992dd7ab000-7992dd81a000 r--p 001ab000 08:03 917771                     /usr/lib/x86_64-linux-gnu/libstdc++.so.6.0.30
7992dd81a000-7992dd81b000 ---p 0021a000 08:03 917771                     /usr/lib/x86_64-linux-gnu/libstdc++.so.6.0.30
7992dd81b000-7992dd826000 r--p 0021a000 08:03 917771                     /usr/lib/x86_64-linux-gnu/libstdc++.so.6.0.30
7992dd826000-7992dd829000 rw-p 00225000 08:03 917771                     /usr/lib/x86_64-linux-gnu/libstdc++.so.6.0.30
7992dd829000-7992dd82c000 rw-p 00000000 00:00 0 
7992dd8fa000-7992dd95f000 r--p 00000000 08:03 3025902                    /home/wangjing/.javacpp/cache/llvm-13.0.1-1.5.7-linux-x86_64.jar/org/bytedeco/llvm/linux-x86_64/libjniLLVM.so
7992dd95f000-7992dd9cd000 r-xp 00065000 08:03 3025902                    /home/wangjing/.javacpp/cache/llvm-13.0.1-1.5.7-linux-x86_64.jar/org/bytedeco/llvm/linux-x86_64/libjniLLVM.so
7992dd9cd000-7992dd9f8000 r--p 000d3000 08:03 3025902                    /home/wangjing/.javacpp/cache/llvm-13.0.1-1.5.7-linux-x86_64.jar/org/bytedeco/llvm/linux-x86_64/libjniLLVM.so
7992dd9f8000-7992dd9fb000 r--p 000fd000 08:03 3025902                    /home/wangjing/.javacpp/cache/llvm-13.0.1-1.5.7-linux-x86_64.jar/org/bytedeco/llvm/linux-x86_64/libjniLLVM.so
7992dd9fb000-7992dd9fe000 rw-p 00100000 08:03 3025902                    /home/wangjing/.javacpp/cache/llvm-13.0.1-1.5.7-linux-x86_64.jar/org/bytedeco/llvm/linux-x86_64/libjniLLVM.so
7992dd9fe000-7992dda00000 rw-p 00000000 00:00 0 
7992dda00000-7992dda04000 ---p 00000000 00:00 0 
7992dda04000-7992ddb00000 rw-p 00000000 00:00 0 
7992ddb00000-7992ddb04000 ---p 00000000 00:00 0 
7992ddb04000-7992ddc00000 rw-p 00000000 00:00 0 
7992ddc00000-7992ddc04000 ---p 00000000 00:00 0 
7992ddc04000-7992ddd00000 rw-p 00000000 00:00 0 
7992ddd00000-7992ddd04000 ---p 00000000 00:00 0 
7992ddd04000-7992dde00000 rw-p 00000000 00:00 0 
7992dde00000-7992dde04000 ---p 00000000 00:00 0 
7992dde04000-7992ddf00000 rw-p 00000000 00:00 0 
7992ddf00000-7992ddf04000 ---p 00000000 00:00 0 
7992ddf04000-7992e0000000 rw-p 00000000 00:00 0 
7992e0000000-7992e0021000 rw-p 00000000 00:00 0 
7992e0021000-7992e4000000 ---p 00000000 00:00 0 
7992e4000000-7992e4021000 rw-p 00000000 00:00 0 
7992e4021000-7992e8000000 ---p 00000000 00:00 0 
7992e8000000-7992e8021000 rw-p 00000000 00:00 0 
7992e8021000-7992ec000000 ---p 00000000 00:00 0 
7992ec05c000-7992ec12a000 r-xp 00000000 08:03 2903269                    /home/wangjing/.jdks/openjdk-21.0.2/lib/libjsvml.so
7992ec12a000-7992ec12b000 r--p 000cd000 08:03 2903269                    /home/wangjing/.jdks/openjdk-21.0.2/lib/libjsvml.so
7992ec12b000-7992ec12c000 rw-p 000ce000 08:03 2903269                    /home/wangjing/.jdks/openjdk-21.0.2/lib/libjsvml.so
7992ec12c000-7992ec130000 ---p 00000000 00:00 0 
7992ec130000-7992ec22c000 rw-p 00000000 00:00 0 
7992ec22c000-7992ec230000 ---p 00000000 00:00 0 
7992ec230000-7992ec32c000 rw-p 00000000 00:00 0 
7992ec32c000-7992ec330000 ---p 00000000 00:00 0 
7992ec330000-7992ec42c000 rw-p 00000000 00:00 0 
7992ec42c000-7992ec430000 ---p 00000000 00:00 0 
7992ec430000-7992ec52c000 rw-p 00000000 00:00 0 
7992ec52c000-7992ec530000 ---p 00000000 00:00 0 
7992ec530000-7992ec62c000 rw-p 00000000 00:00 0 
7992ec62c000-7992ec630000 ---p 00000000 00:00 0 
7992ec630000-7992ec72c000 rw-p 00000000 00:00 0 
7992ec72c000-7992ec730000 ---p 00000000 00:00 0 
7992ec730000-7992ec82c000 rw-p 00000000 00:00 0 
7992ec82c000-7992ec82d000 ---p 00000000 00:00 0 
7992ec82d000-7992ec92d000 rw-p 00000000 00:00 0 
7992ec92d000-7992ec92e000 ---p 00000000 00:00 0 
7992ec92e000-7992ecaaf000 rw-p 00000000 00:00 0 
7992ecaaf000-7992ecab0000 ---p 00000000 00:00 0 
7992ecab0000-7992ecf98000 rw-p 00000000 00:00 0 
7992ecf98000-7992f09f8000 ---p 00000000 00:00 0 
7992f09f8000-7992f0a00000 rw-p 00000000 00:00 0 
7992f0a00000-7992f0c70000 rwxp 00000000 00:00 0 
7992f0c70000-7992f7f38000 ---p 00000000 00:00 0 
7992f7f38000-7992f81a8000 rwxp 00000000 00:00 0 
7992f81a8000-7992f84c7000 ---p 00000000 00:00 0 
7992f84c7000-7992f8737000 rwxp 00000000 00:00 0 
7992f8737000-7992ffa00000 ---p 00000000 00:00 0 
7992ffa00000-799307ecf000 r--s 00000000 08:03 2903286                    /home/wangjing/.jdks/openjdk-21.0.2/lib/modules
799307edf000-799307ee2000 r--p 00000000 08:03 919532                     /usr/lib/x86_64-linux-gnu/libgcc_s.so.1
799307ee2000-799307ef9000 r-xp 00003000 08:03 919532                     /usr/lib/x86_64-linux-gnu/libgcc_s.so.1
799307ef9000-799307efd000 r--p 0001a000 08:03 919532                     /usr/lib/x86_64-linux-gnu/libgcc_s.so.1
799307efd000-799307efe000 r--p 0001d000 08:03 919532                     /usr/lib/x86_64-linux-gnu/libgcc_s.so.1
799307efe000-799307eff000 rw-p 0001e000 08:03 919532                     /usr/lib/x86_64-linux-gnu/libgcc_s.so.1
799307eff000-799307f00000 ---p 00000000 00:00 0 
799307f00000-799308000000 rw-p 00000000 00:00 0 
799308000000-7993084a2000 rw-p 00000000 00:00 0 
7993084a2000-79930c000000 ---p 00000000 00:00 0 
79930c00c000-79930c013000 r--p 00000000 08:03 3025898                    /home/wangjing/.javacpp/cache/llvm-13.0.1-1.5.7-linux-x86_64.jar/org/bytedeco/llvm/linux-x86_64/libLTO.so.13
79930c013000-79930c01b000 r-xp 00007000 08:03 3025898                    /home/wangjing/.javacpp/cache/llvm-13.0.1-1.5.7-linux-x86_64.jar/org/bytedeco/llvm/linux-x86_64/libLTO.so.13
79930c01b000-79930c01d000 r--p 0000f000 08:03 3025898                    /home/wangjing/.javacpp/cache/llvm-13.0.1-1.5.7-linux-x86_64.jar/org/bytedeco/llvm/linux-x86_64/libLTO.so.13
79930c01d000-79930c01e000 r--p 00010000 08:03 3025898                    /home/wangjing/.javacpp/cache/llvm-13.0.1-1.5.7-linux-x86_64.jar/org/bytedeco/llvm/linux-x86_64/libLTO.so.13
79930c01e000-79930c01f000 rw-p 00011000 08:03 3025898                    /home/wangjing/.javacpp/cache/llvm-13.0.1-1.5.7-linux-x86_64.jar/org/bytedeco/llvm/linux-x86_64/libLTO.so.13
79930c01f000-79930c27c000 rw-p 00000000 00:00 0 
79930c27c000-79930c27d000 ---p 00000000 00:00 0 
79930c27d000-79930c37d000 rw-p 00000000 00:00 0 
79930c37d000-79930c37e000 ---p 00000000 00:00 0 
79930c37e000-79930c47e000 rw-p 00000000 00:00 0 
79930c47e000-79930c47f000 ---p 00000000 00:00 0 
79930c47f000-79930c5fc000 rw-p 00000000 00:00 0 
79930c5fc000-79930cd48000 ---p 00000000 00:00 0 
79930cd48000-79930cdc6000 rw-p 00000000 00:00 0 
79930cdc6000-79930d512000 ---p 00000000 00:00 0 
79930d512000-79930d71a000 rw-p 00000000 00:00 0 
79930d71a000-79930d800000 ---p 00000000 00:00 0 
79930d800000-79930e078000 r--p 00000000 08:03 918099                     /usr/lib/locale/locale-archive
79930e080000-79930e084000 r--p 00000000 08:03 3025878                    /home/wangjing/.javacpp/cache/javacpp-1.5.7-linux-x86_64.jar/org/bytedeco/javacpp/linux-x86_64/libjnijavacpp.so
79930e084000-79930e08b000 r-xp 00004000 08:03 3025878                    /home/wangjing/.javacpp/cache/javacpp-1.5.7-linux-x86_64.jar/org/bytedeco/javacpp/linux-x86_64/libjnijavacpp.so
79930e08b000-79930e08f000 r--p 0000b000 08:03 3025878                    /home/wangjing/.javacpp/cache/javacpp-1.5.7-linux-x86_64.jar/org/bytedeco/javacpp/linux-x86_64/libjnijavacpp.so
79930e08f000-79930e090000 r--p 0000e000 08:03 3025878                    /home/wangjing/.javacpp/cache/javacpp-1.5.7-linux-x86_64.jar/org/bytedeco/javacpp/linux-x86_64/libjnijavacpp.so
79930e090000-79930e091000 rw-p 0000f000 08:03 3025878                    /home/wangjing/.javacpp/cache/javacpp-1.5.7-linux-x86_64.jar/org/bytedeco/javacpp/linux-x86_64/libjnijavacpp.so
79930e091000-79930e11a000 rw-p 00000000 00:00 0 
79930e11a000-79930e200000 ---p 00000000 00:00 0 
79930e200000-79930f512000 r-xp 00000000 08:03 2903298                    /home/wangjing/.jdks/openjdk-21.0.2/lib/server/libjvm.so
79930f512000-79930f513000 ---p 01312000 08:03 2903298                    /home/wangjing/.jdks/openjdk-21.0.2/lib/server/libjvm.so
79930f513000-79930f5e0000 r--p 01312000 08:03 2903298                    /home/wangjing/.jdks/openjdk-21.0.2/lib/server/libjvm.so
79930f5e0000-79930f60e000 rw-p 013df000 08:03 2903298                    /home/wangjing/.jdks/openjdk-21.0.2/lib/server/libjvm.so
79930f60e000-79930f674000 rw-p 00000000 00:00 0 
79930f674000-79930f675000 r--p 00000000 08:03 3025900                    /home/wangjing/.javacpp/cache/llvm-13.0.1-1.5.7-linux-x86_64.jar/org/bytedeco/llvm/linux-x86_64/libRemarks.so.13
79930f675000-79930f676000 r-xp 00001000 08:03 3025900                    /home/wangjing/.javacpp/cache/llvm-13.0.1-1.5.7-linux-x86_64.jar/org/bytedeco/llvm/linux-x86_64/libRemarks.so.13
79930f676000-79930f677000 r--p 00002000 08:03 3025900                    /home/wangjing/.javacpp/cache/llvm-13.0.1-1.5.7-linux-x86_64.jar/org/bytedeco/llvm/linux-x86_64/libRemarks.so.13
79930f677000-79930f678000 r--p 00002000 08:03 3025900                    /home/wangjing/.javacpp/cache/llvm-13.0.1-1.5.7-linux-x86_64.jar/org/bytedeco/llvm/linux-x86_64/libRemarks.so.13
79930f678000-79930f679000 rw-p 00003000 08:03 3025900                    /home/wangjing/.javacpp/cache/llvm-13.0.1-1.5.7-linux-x86_64.jar/org/bytedeco/llvm/linux-x86_64/libRemarks.so.13
79930f679000-79930f685000 r-xp 00000000 08:03 2903276                    /home/wangjing/.jdks/openjdk-21.0.2/lib/libnet.so
79930f685000-79930f686000 r--p 0000b000 08:03 2903276                    /home/wangjing/.jdks/openjdk-21.0.2/lib/libnet.so
79930f686000-79930f687000 rw-p 0000c000 08:03 2903276                    /home/wangjing/.jdks/openjdk-21.0.2/lib/libnet.so
79930f687000-79930f69b000 r-xp 00000000 08:03 2903277                    /home/wangjing/.jdks/openjdk-21.0.2/lib/libnio.so
79930f69b000-79930f69c000 r--p 00013000 08:03 2903277                    /home/wangjing/.jdks/openjdk-21.0.2/lib/libnio.so
79930f69c000-79930f69d000 rw-p 00014000 08:03 2903277                    /home/wangjing/.jdks/openjdk-21.0.2/lib/libnio.so
79930f69d000-79930f6a2000 r-xp 00000000 08:03 2903253                    /home/wangjing/.jdks/openjdk-21.0.2/lib/libdt_socket.so
79930f6a2000-79930f6a3000 r--p 00004000 08:03 2903253                    /home/wangjing/.jdks/openjdk-21.0.2/lib/libdt_socket.so
79930f6a3000-79930f6a4000 rw-p 00005000 08:03 2903253                    /home/wangjing/.jdks/openjdk-21.0.2/lib/libdt_socket.so
79930f6a4000-79930f6ab000 r--s 00000000 08:03 1577451                    /usr/lib/x86_64-linux-gnu/gconv/gconv-modules.cache
79930f6ab000-79930f6b0000 rw-p 00000000 00:00 0 
79930f6b0000-79930f6b7000 ---p 00000000 00:00 0 
79930f6b7000-79930f6bd000 r--s 000f8000 08:03 1311711                    /opt/idea/idea-IU-233.14475.28/plugins/java/lib/rt/debugger-agent.jar
79930f6bd000-79930f6fd000 r-xp 00000000 08:03 2903264                    /home/wangjing/.jdks/openjdk-21.0.2/lib/libjdwp.so
79930f6fd000-79930f6fe000 r--p 0003f000 08:03 2903264                    /home/wangjing/.jdks/openjdk-21.0.2/lib/libjdwp.so
79930f6fe000-79930f6ff000 rw-p 00040000 08:03 2903264                    /home/wangjing/.jdks/openjdk-21.0.2/lib/libjdwp.so
79930f6ff000-79930f700000 rw-p 00000000 00:00 0 
79930f700000-79930f704000 ---p 00000000 00:00 0 
79930f704000-79930f800000 rw-p 00000000 00:00 0 
79930f800000-79930f828000 r--p 00000000 08:03 918327                     /usr/lib/x86_64-linux-gnu/libc.so.6
79930f828000-79930f9bd000 r-xp 00028000 08:03 918327                     /usr/lib/x86_64-linux-gnu/libc.so.6
79930f9bd000-79930fa15000 r--p 001bd000 08:03 918327                     /usr/lib/x86_64-linux-gnu/libc.so.6
79930fa15000-79930fa16000 ---p 00215000 08:03 918327                     /usr/lib/x86_64-linux-gnu/libc.so.6
79930fa16000-79930fa1a000 r--p 00215000 08:03 918327                     /usr/lib/x86_64-linux-gnu/libc.so.6
79930fa1a000-79930fa1c000 rw-p 00219000 08:03 918327                     /usr/lib/x86_64-linux-gnu/libc.so.6
79930fa1c000-79930fa29000 rw-p 00000000 00:00 0 
79930fa2a000-79930fa31000 r-xp 00000000 08:03 2903285                    /home/wangjing/.jdks/openjdk-21.0.2/lib/libzip.so
79930fa31000-79930fa32000 ---p 00007000 08:03 2903285                    /home/wangjing/.jdks/openjdk-21.0.2/lib/libzip.so
79930fa32000-79930fa33000 r--p 00007000 08:03 2903285                    /home/wangjing/.jdks/openjdk-21.0.2/lib/libzip.so
79930fa33000-79930fa34000 rw-p 00008000 08:03 2903285                    /home/wangjing/.jdks/openjdk-21.0.2/lib/libzip.so
79930fa34000-79930fa3c000 rw-s 00000000 08:03 131132                     /tmp/hsperfdata_wangjing/34857
79930fa3c000-79930fa5c000 r-xp 00000000 08:03 2903261                    /home/wangjing/.jdks/openjdk-21.0.2/lib/libjava.so
79930fa5c000-79930fa5d000 ---p 00020000 08:03 2903261                    /home/wangjing/.jdks/openjdk-21.0.2/lib/libjava.so
79930fa5d000-79930fa5e000 r--p 00020000 08:03 2903261                    /home/wangjing/.jdks/openjdk-21.0.2/lib/libjava.so
79930fa5e000-79930fa5f000 rw-p 00021000 08:03 2903261                    /home/wangjing/.jdks/openjdk-21.0.2/lib/libjava.so
79930fa5f000-79930fa60000 rw-p 00000000 00:00 0 
79930fa60000-79930fa7b000 r-xp 00000000 08:03 2903265                    /home/wangjing/.jdks/openjdk-21.0.2/lib/libjimage.so
79930fa7b000-79930fa7c000 ---p 0001b000 08:03 2903265                    /home/wangjing/.jdks/openjdk-21.0.2/lib/libjimage.so
79930fa7c000-79930fa7e000 r--p 0001b000 08:03 2903265                    /home/wangjing/.jdks/openjdk-21.0.2/lib/libjimage.so
79930fa7e000-79930fa7f000 rw-p 0001d000 08:03 2903265                    /home/wangjing/.jdks/openjdk-21.0.2/lib/libjimage.so
79930fa7f000-79930fa8d000 r--p 00000000 08:03 918405                     /usr/lib/x86_64-linux-gnu/libm.so.6
79930fa8d000-79930fb09000 r-xp 0000e000 08:03 918405                     /usr/lib/x86_64-linux-gnu/libm.so.6
79930fb09000-79930fb64000 r--p 0008a000 08:03 918405                     /usr/lib/x86_64-linux-gnu/libm.so.6
79930fb64000-79930fb65000 r--p 000e4000 08:03 918405                     /usr/lib/x86_64-linux-gnu/libm.so.6
79930fb65000-79930fb66000 rw-p 000e5000 08:03 918405                     /usr/lib/x86_64-linux-gnu/libm.so.6
79930fb66000-79930fb67000 r--p 00000000 08:03 918629                     /usr/lib/x86_64-linux-gnu/librt.so.1
79930fb67000-79930fb68000 r-xp 00001000 08:03 918629                     /usr/lib/x86_64-linux-gnu/librt.so.1
79930fb68000-79930fb69000 r--p 00002000 08:03 918629                     /usr/lib/x86_64-linux-gnu/librt.so.1
79930fb69000-79930fb6a000 r--p 00002000 08:03 918629                     /usr/lib/x86_64-linux-gnu/librt.so.1
79930fb6a000-79930fb6b000 rw-p 00003000 08:03 918629                     /usr/lib/x86_64-linux-gnu/librt.so.1
79930fb6b000-79930fb6f000 rw-p 00000000 00:00 0 
79930fb6f000-79930fb70000 r--p 00000000 08:03 918333                     /usr/lib/x86_64-linux-gnu/libdl.so.2
79930fb70000-79930fb71000 r-xp 00001000 08:03 918333                     /usr/lib/x86_64-linux-gnu/libdl.so.2
79930fb71000-79930fb72000 r--p 00002000 08:03 918333                     /usr/lib/x86_64-linux-gnu/libdl.so.2
79930fb72000-79930fb73000 r--p 00002000 08:03 918333                     /usr/lib/x86_64-linux-gnu/libdl.so.2
79930fb73000-79930fb74000 rw-p 00003000 08:03 918333                     /usr/lib/x86_64-linux-gnu/libdl.so.2
79930fb74000-79930fb75000 r--p 00000000 08:03 918461                     /usr/lib/x86_64-linux-gnu/libpthread.so.0
79930fb75000-79930fb76000 r-xp 00001000 08:03 918461                     /usr/lib/x86_64-linux-gnu/libpthread.so.0
79930fb76000-79930fb77000 r--p 00002000 08:03 918461                     /usr/lib/x86_64-linux-gnu/libpthread.so.0
79930fb77000-79930fb78000 r--p 00002000 08:03 918461                     /usr/lib/x86_64-linux-gnu/libpthread.so.0
79930fb78000-79930fb79000 rw-p 00003000 08:03 918461                     /usr/lib/x86_64-linux-gnu/libpthread.so.0
79930fb79000-79930fb87000 r-xp 00000000 08:03 2903266                    /home/wangjing/.jdks/openjdk-21.0.2/lib/libjli.so
79930fb87000-79930fb88000 ---p 0000e000 08:03 2903266                    /home/wangjing/.jdks/openjdk-21.0.2/lib/libjli.so
79930fb88000-79930fb89000 r--p 0000e000 08:03 2903266                    /home/wangjing/.jdks/openjdk-21.0.2/lib/libjli.so
79930fb89000-79930fb8a000 rw-p 0000f000 08:03 2903266                    /home/wangjing/.jdks/openjdk-21.0.2/lib/libjli.so
79930fb8a000-79930fb8c000 r--p 00000000 08:03 917955                     /usr/lib/x86_64-linux-gnu/libz.so.1.2.11
79930fb8c000-79930fb9d000 r-xp 00002000 08:03 917955                     /usr/lib/x86_64-linux-gnu/libz.so.1.2.11
79930fb9d000-79930fba3000 r--p 00013000 08:03 917955                     /usr/lib/x86_64-linux-gnu/libz.so.1.2.11
79930fba3000-79930fba4000 ---p 00019000 08:03 917955                     /usr/lib/x86_64-linux-gnu/libz.so.1.2.11
79930fba4000-79930fba5000 r--p 00019000 08:03 917955                     /usr/lib/x86_64-linux-gnu/libz.so.1.2.11
79930fba5000-79930fba6000 rw-p 0001a000 08:03 917955                     /usr/lib/x86_64-linux-gnu/libz.so.1.2.11
79930fba9000-79930fbb3000 r-xp 00000000 08:03 2903256                    /home/wangjing/.jdks/openjdk-21.0.2/lib/libinstrument.so
79930fbb3000-79930fbb4000 ---p 0000a000 08:03 2903256                    /home/wangjing/.jdks/openjdk-21.0.2/lib/libinstrument.so
79930fbb4000-79930fbb5000 r--p 0000a000 08:03 2903256                    /home/wangjing/.jdks/openjdk-21.0.2/lib/libinstrument.so
79930fbb5000-79930fbb6000 rw-p 0000b000 08:03 2903256                    /home/wangjing/.jdks/openjdk-21.0.2/lib/libinstrument.so
79930fbb6000-79930fbb7000 ---p 00000000 00:00 0 
79930fbb7000-79930fbb8000 r--p 00000000 00:00 0 
79930fbb8000-79930fbba000 rw-p 00000000 00:00 0 
79930fbba000-79930fbbc000 r--p 00000000 08:03 917666                     /usr/lib/x86_64-linux-gnu/ld-linux-x86-64.so.2
79930fbbc000-79930fbe6000 r-xp 00002000 08:03 917666                     /usr/lib/x86_64-linux-gnu/ld-linux-x86-64.so.2
79930fbe6000-79930fbf1000 r--p 0002c000 08:03 917666                     /usr/lib/x86_64-linux-gnu/ld-linux-x86-64.so.2
79930fbf1000-79930fbf2000 ---p 00000000 00:00 0 
79930fbf2000-79930fbf4000 r--p 00037000 08:03 917666                     /usr/lib/x86_64-linux-gnu/ld-linux-x86-64.so.2
79930fbf4000-79930fbf6000 rw-p 00039000 08:03 917666                     /usr/lib/x86_64-linux-gnu/ld-linux-x86-64.so.2
7ffc60006000-7ffc60027000 rw-p 00000000 00:00 0                          [stack]
7ffc600cf000-7ffc600d3000 r--p 00000000 00:00 0                          [vvar]
7ffc600d3000-7ffc600d5000 r-xp 00000000 00:00 0                          [vdso]
ffffffffff600000-ffffffffff601000 --xp 00000000 00:00 0                  [vsyscall]
Total number of mappings: 245


VM Arguments:
jvm_args: -agentlib:jdwp=transport=dt_socket,address=127.0.0.1:36221,suspend=y,server=n -javaagent:/opt/idea/idea-IU-233.14475.28/plugins/java/lib/rt/debugger-agent.jar -Dfile.encoding=UTF-8 -Dsun.stdout.encoding=UTF-8 -Dsun.stderr.encoding=UTF-8 
java_command: Main ./tests/test1.sysy output.ll
java_class_path (initial): /home/wangjing/Lab/target/classes:/usr/local/lib/javacpp-1.5.7.jar:/usr/local/lib/llvm-13.0.1-1.5.7.jar:/usr/local/lib/antlr-4.9.1-complete.jar:/usr/local/lib/javacpp-1.5.7-linux-x86_64.jar:/usr/local/lib/llvm-platform-13.0.1-1.5.7.jar:/usr/local/lib/llvm-13.0.1-1.5.7-linux-x86_64.jar:/opt/idea/idea-IU-233.14475.28/lib/idea_rt.jar
Launcher Type: SUN_STANDARD

[Global flags]
     intx CICompilerCount                          = 2                                         {product} {ergonomic}
     uint ConcGCThreads                            = 1                                         {product} {ergonomic}
     uint G1ConcRefinementThreads                  = 2                                         {product} {ergonomic}
   size_t G1HeapRegionSize                         = 2097152                                   {product} {ergonomic}
    uintx GCDrainStackTargetSize                   = 64                                        {product} {ergonomic}
   size_t InitialHeapSize                          = 262144000                                 {product} {ergonomic}
   size_t MarkStackSize                            = 4194304                                   {product} {ergonomic}
   size_t MaxHeapSize                              = 4181721088                                {product} {ergonomic}
   size_t MaxNewSize                               = 2508193792                                {product} {ergonomic}
   size_t MinHeapDeltaBytes                        = 2097152                                   {product} {ergonomic}
   size_t MinHeapSize                              = 8388608                                   {product} {ergonomic}
    uintx NonNMethodCodeHeapSize                   = 5826188                                {pd product} {ergonomic}
    uintx NonProfiledCodeHeapSize                  = 122916026                              {pd product} {ergonomic}
    uintx ProfiledCodeHeapSize                     = 122916026                              {pd product} {ergonomic}
    uintx ReservedCodeCacheSize                    = 251658240                              {pd product} {ergonomic}
     bool SegmentedCodeCache                       = true                                      {product} {ergonomic}
   size_t SoftMaxHeapSize                          = 4181721088                             {manageable} {ergonomic}
     bool UseCompressedOops                        = true                           {product lp64_product} {ergonomic}
     bool UseG1GC                                  = true                                      {product} {ergonomic}

Logging:
Log output configuration:
 #0: stdout all=warning uptime,level,tags foldmultilines=false
 #1: stderr all=off uptime,level,tags foldmultilines=false

Environment Variables:
PATH=/usr/local/sbin:/usr/local/bin:/usr/sbin:/usr/bin:/sbin:/bin:/usr/games:/usr/local/games:/snap/bin:/snap/bin
USERNAME=wangjing
SHELL=/bin/bash
DISPLAY=:0
LANG=en_US.UTF-8
LC_NUMERIC=zh_CN.UTF-8
LC_TIME=zh_CN.UTF-8

Active Locale:
LC_ALL=LC_CTYPE=en_US.UTF-8;LC_NUMERIC=zh_CN.UTF-8;LC_TIME=zh_CN.UTF-8;LC_COLLATE=en_US.UTF-8;LC_MONETARY=zh_CN.UTF-8;LC_MESSAGES=en_US.UTF-8;LC_PAPER=zh_CN.UTF-8;LC_NAME=zh_CN.UTF-8;LC_ADDRESS=zh_CN.UTF-8;LC_TELEPHONE=zh_CN.UTF-8;LC_MEASUREMENT=zh_CN.UTF-8;LC_IDENTIFICATION=zh_CN.UTF-8
LC_COLLATE=en_US.UTF-8
LC_CTYPE=en_US.UTF-8
LC_MESSAGES=en_US.UTF-8
LC_MONETARY=zh_CN.UTF-8
LC_NUMERIC=zh_CN.UTF-8
LC_TIME=zh_CN.UTF-8

Signal Handlers:
   SIGSEGV: crash_handler in libjvm.so, mask=11100100010111111101111111111110, flags=SA_RESTART|SA_SIGINFO, unblocked
    SIGBUS: crash_handler in libjvm.so, mask=11100100010111111101111111111110, flags=SA_RESTART|SA_SIGINFO, unblocked
    SIGFPE: crash_handler in libjvm.so, mask=11100100010111111101111111111110, flags=SA_RESTART|SA_SIGINFO, unblocked
   SIGPIPE: javaSignalHandler in libjvm.so, mask=11100100010111111101111111111110, flags=SA_RESTART|SA_SIGINFO, blocked
   SIGXFSZ: javaSignalHandler in libjvm.so, mask=11100100010111111101111111111110, flags=SA_RESTART|SA_SIGINFO, blocked
    SIGILL: crash_handler in libjvm.so, mask=11100100010111111101111111111110, flags=SA_RESTART|SA_SIGINFO, unblocked
   SIGUSR2: SR_handler in libjvm.so, mask=00100000000000000000000000000000, flags=SA_RESTART|SA_SIGINFO, blocked
    SIGHUP: UserHandler in libjvm.so, mask=11100100010111111101111111111110, flags=SA_RESTART|SA_SIGINFO, blocked
    SIGINT: UserHandler in libjvm.so, mask=11100100010111111101111111111110, flags=SA_RESTART|SA_SIGINFO, blocked
   SIGTERM: UserHandler in libjvm.so, mask=11100100010111111101111111111110, flags=SA_RESTART|SA_SIGINFO, blocked
   SIGQUIT: UserHandler in libjvm.so, mask=11100100010111111101111111111110, flags=SA_RESTART|SA_SIGINFO, blocked
   SIGTRAP: crash_handler in libjvm.so, mask=11100100010111111101111111111110, flags=SA_RESTART|SA_SIGINFO, unblocked


Periodic native trim disabled

---------------  S Y S T E M  ---------------

OS:
DISTRIB_ID=Ubuntu
DISTRIB_RELEASE=22.04
DISTRIB_CODENAME=jammy
DISTRIB_DESCRIPTION="Ubuntu 22.04.4 LTS"
uname: Linux 6.5.0-35-generic #35~22.04.1-Ubuntu SMP PREEMPT_DYNAMIC Tue May  7 09:00:52 UTC 2 x86_64
OS uptime: 0 days 6:04 hours
libc: glibc 2.35 NPTL 2.35 
rlimit (soft/hard): STACK 8192k/infinity , CORE 0k/infinity , NPROC 63495/63495 , NOFILE 1048576/1048576 , AS infinity/infinity , CPU infinity/infinity , DATA infinity/infinity , FSIZE infinity/infinity , MEMLOCK 2041424k/2041424k
load average: 1.94 1.10 0.87

/proc/meminfo:
MemTotal:       16331420 kB
MemFree:         2178020 kB
MemAvailable:    9399236 kB
Buffers:          196292 kB
Cached:          7151120 kB
SwapCached:            0 kB
Active:          7851780 kB
Inactive:        5061576 kB
Active(anon):    5639900 kB
Inactive(anon):        0 kB
Active(file):    2211880 kB
Inactive(file):  5061576 kB
Unevictable:           0 kB
Mlocked:               0 kB
SwapTotal:       2097148 kB
SwapFree:        2097148 kB
Zswap:                 0 kB
Zswapped:              0 kB
Dirty:               960 kB
Writeback:             0 kB
AnonPages:       5566080 kB
Mapped:          1417620 kB
Shmem:             73956 kB
KReclaimable:     285052 kB
Slab:             466440 kB
SReclaimable:     285052 kB
SUnreclaim:       181388 kB
KernelStack:       16736 kB
PageTables:        38964 kB
SecPageTables:         0 kB
NFS_Unstable:          0 kB
Bounce:                0 kB
WritebackTmp:          0 kB
CommitLimit:    10262856 kB
Committed_AS:    9327412 kB
VmallocTotal:   34359738367 kB
VmallocUsed:       46272 kB
VmallocChunk:          0 kB
Percpu:           110592 kB
HardwareCorrupted:     0 kB
AnonHugePages:         0 kB
ShmemHugePages:        0 kB
ShmemPmdMapped:        0 kB
FileHugePages:         0 kB
FilePmdMapped:         0 kB
Unaccepted:            0 kB
HugePages_Total:       0
HugePages_Free:        0
HugePages_Rsvd:        0
HugePages_Surp:        0
Hugepagesize:       2048 kB
Hugetlb:               0 kB
DirectMap4k:      159552 kB
DirectMap2M:     5083136 kB
DirectMap1G:    13631488 kB

/sys/kernel/mm/transparent_hugepage/enabled: always [madvise] never
/sys/kernel/mm/transparent_hugepage/defrag (defrag/compaction efforts parameter): always defer defer+madvise [madvise] never

Process Memory:
Virtual Size: 6891100K (peak: 6891100K)
Resident Set Size: 124840K (peak: 124840K) (anon: 73012K, file: 51828K, shmem: 0K)
Swapped out: 0K
C-Heap outstanding allocations: 31545K, retained: 8038K
glibc malloc tunables: (default)

/proc/sys/kernel/threads-max (system-wide limit on the number of threads): 126990
/proc/sys/vm/max_map_count (maximum number of memory map areas a process may have): 65530
/proc/sys/kernel/pid_max (system-wide limit on number of process identifiers): 4194304

container (cgroup) information:
container_type: cgroupv2
cpu_cpuset_cpus: not supported
cpu_memory_nodes: not supported
active_processor_count: 2
cpu_quota: not supported
cpu_period: not supported
cpu_shares: not supported
memory_limit_in_bytes: unlimited
memory_and_swap_limit_in_bytes: unlimited
memory_soft_limit_in_bytes: unlimited
memory_usage_in_bytes: 5774116 k
memory_max_usage_in_bytes: not supported
memory_swap_current_in_bytes: unlimited
memory_swap_max_limit_in_bytes: unlimited
maximum number of tasks: 19048
current number of tasks: 180

VMWare virtualization detected
Steal ticks since vm start: 0
Steal ticks percentage since vm start:  0.000

CPU: total 2 (initial active 2) (1 cores per cpu, 1 threads per core) family 25 model 116 stepping 1 microcode 0xffffffff, cx8, cmov, fxsr, mmx, sse, sse2, sse3, ssse3, sse4a, sse4.1, sse4.2, popcnt, lzcnt, tsc, tscinvbit, avx, avx2, aes, erms, clmul, bmi1, bmi2, adx, avx512f, avx512dq, avx512cd, avx512bw, avx512vl, sha, fma, vzeroupper, avx512_vpopcntdq, avx512_vpclmulqdq, avx512_vaes, avx512_vnni, clflush, clflushopt, avx512_vbmi2, avx512_vbmi, hv, rdtscp, rdpid, gfni, avx512_bitalg, f16c, avx512_ifma
CPU Model and flags from /proc/cpuinfo:
model name	: AMD Ryzen 7 7840HS with Radeon 780M Graphics
flags		: fpu vme de pse tsc msr pae mce cx8 apic sep mtrr pge mca cmov pat pse36 clflush mmx fxsr sse sse2 syscall nx mmxext pdpe1gb rdtscp lm constant_tsc rep_good nopl tsc_reliable nonstop_tsc cpuid extd_apicid tsc_known_freq pni pclmulqdq ssse3 fma cx16 sse4_1 sse4_2 x2apic movbe popcnt aes xsave avx f16c rdrand hypervisor lahf_lm cr8_legacy abm sse4a misalignsse 3dnowprefetch osvw topoext ibpb vmmcall fsgsbase bmi1 avx2 smep bmi2 erms invpcid avx512f avx512dq rdseed adx smap avx512ifma clflushopt clwb avx512cd sha_ni avx512bw avx512vl xsaveopt xsavec xgetbv1 xsaves avx512_bf16 clzero arat avx512vbmi umip avx512_vbmi2 gfni vaes vpclmulqdq avx512_vnni avx512_bitalg avx512_vpopcntdq rdpid overflow_recov succor

Online cpus: 0-1
Offline cpus: 2-127
BIOS frequency limitation: <Not Available>
Frequency switch latency (ns): <Not Available>
Available cpu frequencies: <Not Available>
Current governor: <Not Available>
Core performance/turbo boost: <Not Available>

Memory: 4k page, physical 16331420k(9399236k free), swap 2097148k(2097148k free)
Page Sizes: 4k

vm_info: OpenJDK 64-Bit Server VM (21.0.2+13-58) for linux-amd64 JRE (21.0.2+13-58), built on 2024-01-05T18:32:24Z by "mach5one" with gcc 11.2.0

END.
