#
# A fatal error has been detected by the Java Runtime Environment:
#
#  SIGSEGV (0xb) at pc=0x00007aa6adfede80, pid=32341, tid=32352
#
# JRE version: OpenJDK Runtime Environment (21.0.2+13) (build 21.0.2+13-58)
# Java VM: OpenJDK 64-Bit Server VM (21.0.2+13-58, mixed mode, sharing, tiered, compressed oops, compressed class ptrs, g1 gc, linux-amd64)
# Problematic frame:
# C  [libLLVM-13.so+0xbede80]  llvm::BasicBlock::getModule() const+0x0
#
# Core dump will be written. Default location: Core dumps may be processed with "/usr/share/apport/apport -p%p -s%s -c%c -d%d -P%P -u%u -g%g -- %E" (or dumping to /home/wangjing/Lab/core.32341)
#
# If you would like to submit a bug report, please visit:
#   https://bugreport.java.com/bugreport/crash.jsp
# The crash happened outside the Java Virtual Machine in native code.
# See problematic frame for where to report the bug.
#

---------------  S U M M A R Y ------------

Command Line: -agentlib:jdwp=transport=dt_socket,address=127.0.0.1:56127,suspend=y,server=n -javaagent:/opt/idea/idea-IU-233.14475.28/plugins/java/lib/rt/debugger-agent.jar -Dfile.encoding=UTF-8 -Dsun.stdout.encoding=UTF-8 -Dsun.stderr.encoding=UTF-8 Main ./tests/test1.sysy output.ll

Host: AMD Ryzen 7 7840HS with Radeon 780M Graphics, 2 cores, 15G, Ubuntu 22.04.4 LTS
Time: Thu May 30 14:13:58 2024 CST elapsed time: 12.371728 seconds (0d 0h 0m 12s)

---------------  T H R E A D  ---------------

Current thread (0x00007aa75402caa0):  JavaThread "main"             [_thread_in_native, id=32352, stack(0x00007aa75a100000,0x00007aa75a200000) (1024K)]

Stack: [0x00007aa75a100000,0x00007aa75a200000],  sp=0x00007aa75a1fd8f8,  free space=1014k
Native frames: (J=compiled Java code, j=interpreted, Vv=VM code, C=native code)
C  [libLLVM-13.so+0xbede80]  llvm::BasicBlock::getModule() const+0x0
Java frames: (J=compiled Java code, j=interpreted, Vv=VM code)
j  org.bytedeco.llvm.global.LLVM.LLVMBuildLoad(Lorg/bytedeco/llvm/LLVM/LLVMBuilderRef;Lorg/bytedeco/llvm/LLVM/LLVMValueRef;Ljava/lang/String;)Lorg/bytedeco/llvm/LLVM/LLVMValueRef;+0
j  MyVisitor.visitLVal(LSysYParser$LValContext;)Lorg/bytedeco/llvm/LLVM/LLVMValueRef;+31
j  MyVisitor.visitLVal(LSysYParser$LValContext;)Ljava/lang/Object;+2
j  SysYParser$LValContext.accept(Lorg/antlr/v4/runtime/tree/ParseTreeVisitor;)Ljava/lang/Object;+12
j  org.antlr.v4.runtime.tree.AbstractParseTreeVisitor.visitChildren(Lorg/antlr/v4/runtime/tree/RuleNode;)Ljava/lang/Object;+46
j  SysYParserBaseVisitor.visitExp2(LSysYParser$Exp2Context;)Ljava/lang/Object;+2
j  MyVisitor.visitExp2(LSysYParser$Exp2Context;)Lorg/bytedeco/llvm/LLVM/LLVMValueRef;+2
j  MyVisitor.visitExp2(LSysYParser$Exp2Context;)Ljava/lang/Object;+2
j  SysYParser$Exp2Context.accept(Lorg/antlr/v4/runtime/tree/ParseTreeVisitor;)Ljava/lang/Object;+12
j  org.antlr.v4.runtime.tree.AbstractParseTreeVisitor.visitChildren(Lorg/antlr/v4/runtime/tree/RuleNode;)Ljava/lang/Object;+46
j  SysYParserBaseVisitor.visitConstExp(LSysYParser$ConstExpContext;)Ljava/lang/Object;+2
j  SysYParser$ConstExpContext.accept(Lorg/antlr/v4/runtime/tree/ParseTreeVisitor;)Ljava/lang/Object;+12
j  org.antlr.v4.runtime.tree.AbstractParseTreeVisitor.visitChildren(Lorg/antlr/v4/runtime/tree/RuleNode;)Ljava/lang/Object;+46
j  SysYParserBaseVisitor.visitConstInitVal(LSysYParser$ConstInitValContext;)Ljava/lang/Object;+2
j  SysYParser$ConstInitValContext.accept(Lorg/antlr/v4/runtime/tree/ParseTreeVisitor;)Ljava/lang/Object;+12
j  org.antlr.v4.runtime.tree.AbstractParseTreeVisitor.visit(Lorg/antlr/v4/runtime/tree/ParseTree;)Ljava/lang/Object;+2
j  MyVisitor.visit(Lorg/antlr/v4/runtime/tree/ParseTree;)Lorg/bytedeco/llvm/LLVM/LLVMValueRef;+2
j  MyVisitor.visitConstDef(LSysYParser$ConstDefContext;)Lorg/bytedeco/llvm/LLVM/LLVMValueRef;+40
j  MyVisitor.visitConstDef(LSysYParser$ConstDefContext;)Ljava/lang/Object;+2
j  SysYParser$ConstDefContext.accept(Lorg/antlr/v4/runtime/tree/ParseTreeVisitor;)Ljava/lang/Object;+12
j  org.antlr.v4.runtime.tree.AbstractParseTreeVisitor.visitChildren(Lorg/antlr/v4/runtime/tree/RuleNode;)Ljava/lang/Object;+46
j  SysYParserBaseVisitor.visitConstDecl(LSysYParser$ConstDeclContext;)Ljava/lang/Object;+2
j  SysYParser$ConstDeclContext.accept(Lorg/antlr/v4/runtime/tree/ParseTreeVisitor;)Ljava/lang/Object;+12
j  org.antlr.v4.runtime.tree.AbstractParseTreeVisitor.visitChildren(Lorg/antlr/v4/runtime/tree/RuleNode;)Ljava/lang/Object;+46
j  SysYParserBaseVisitor.visitDecl(LSysYParser$DeclContext;)Ljava/lang/Object;+2
j  SysYParser$DeclContext.accept(Lorg/antlr/v4/runtime/tree/ParseTreeVisitor;)Ljava/lang/Object;+12
j  org.antlr.v4.runtime.tree.AbstractParseTreeVisitor.visitChildren(Lorg/antlr/v4/runtime/tree/RuleNode;)Ljava/lang/Object;+46
j  SysYParserBaseVisitor.visitCompUnit(LSysYParser$CompUnitContext;)Ljava/lang/Object;+2
j  MyVisitor.visitCompUnit(LSysYParser$CompUnitContext;)Lorg/bytedeco/llvm/LLVM/LLVMValueRef;+2
j  MyVisitor.visitProgram(LSysYParser$ProgramContext;)Lorg/bytedeco/llvm/LLVM/LLVMValueRef;+48
j  MyVisitor.visitProgram(LSysYParser$ProgramContext;)Ljava/lang/Object;+2
j  SysYParser$ProgramContext.accept(Lorg/antlr/v4/runtime/tree/ParseTreeVisitor;)Ljava/lang/Object;+12
j  org.antlr.v4.runtime.tree.AbstractParseTreeVisitor.visit(Lorg/antlr/v4/runtime/tree/ParseTree;)Ljava/lang/Object;+2
j  MyVisitor.visit(Lorg/antlr/v4/runtime/tree/ParseTree;)Lorg/bytedeco/llvm/LLVM/LLVMValueRef;+2
j  Main.main([Ljava/lang/String;)V+73
v  ~StubRoutines::call_stub 0x00007aa743f38cc6

siginfo: si_signo: 11 (SIGSEGV), si_code: 1 (SEGV_MAPERR), si_addr: 0x0000000000000038

Registers:
RAX=0x00007aa754440a80, RBX=0x00007aa754441fa0, RCX=0x00007aa75402ca78, RDX=0x00007aa6b821d810
RSP=0x00007aa75a1fd8f8, RBP=0x00007aa754440100, RSI=0x0000000000000101, RDI=0x0000000000000000
R8 =0x0000000715bd47c8, R9 =0x0000000000000002, R10=0x00007aa6ad451700, R11=0x00007aa6ae02c870
R12=0x00007aa75a1fda50, R13=0x00007aa754441fa0, R14=0x00007aa75443e198, R15=0x00007aa75402caa0
RIP=0x00007aa6adfede80, EFLAGS=0x0000000000010206, CSGSFS=0x002b000000000033, ERR=0x0000000000000004
  TRAPNO=0x000000000000000e


Register to memory mapping:

RAX=0x00007aa754440a80 points into unknown readable memory: 0x00007aa75443da10 | 10 da 43 54 a7 7a 00 00
RBX=0x00007aa754441fa0 points into unknown readable memory: 0x00007aa754440a80 | 80 0a 44 54 a7 7a 00 00
RCX=0x00007aa75402ca78 points into unknown readable memory: 0x6761726f7453706f | 6f 70 53 74 6f 72 61 67
RDX=0x00007aa6b821d810 points into unknown readable memory: 0x00007aa16a6b0078 | 78 00 6b 6a a1 7a 00 00
RSP=0x00007aa75a1fd8f8 is pointing into the stack for thread: 0x00007aa75402caa0
RBP=0x00007aa754440100 points into unknown readable memory: 0x00007aa754440110 | 10 01 44 54 a7 7a 00 00
RSI=0x0000000000000101 is an unknown value
RDI=0x0 is null
R8 =0x0000000715bd47c8 is pointing into object: [B 
{0x0000000715bd47b8} - klass: {type array byte}
 - length: 1
R9 =0x0000000000000002 is an unknown value
R10=0x00007aa6ad451700: <offset 0x0000000000051700> in /home/wangjing/.javacpp/cache/llvm-13.0.1-1.5.7-linux-x86_64.jar/org/bytedeco/llvm/linux-x86_64/libLLVM-13.so at 0x00007aa6ad400000
R11=0x00007aa6ae02c870: LLVMBuildLoad+0x0000000000000000 in /home/wangjing/.javacpp/cache/llvm-13.0.1-1.5.7-linux-x86_64.jar/org/bytedeco/llvm/linux-x86_64/libLLVM-13.so at 0x00007aa6ad400000
R12=0x00007aa75a1fda50 is pointing into the stack for thread: 0x00007aa75402caa0
R13=0x00007aa754441fa0 points into unknown readable memory: 0x00007aa754440a80 | 80 0a 44 54 a7 7a 00 00
R14=0x00007aa75443e198 points into unknown readable memory: 0x00007aa75443da10 | 10 da 43 54 a7 7a 00 00
R15=0x00007aa75402caa0 is a thread

Top of Stack: (sp=0x00007aa75a1fd8f8)
0x00007aa75a1fd8f8:   00007aa6ae02c8aa 00007aa6b821d810
0x00007aa75a1fd908:   0000000000000000 0000000000000000
0x00007aa75a1fd918:   0000000000000000 0000000000000103
0x00007aa75a1fd928:   0000000000000000 0000000000000000
0x00007aa75a1fd938:   0000000000000000 00007aa75a1fda48
0x00007aa75a1fd948:   00007aa75402caa0 00007aa75402ce58
0x00007aa75a1fd958:   00007aa734166fa1 00007aa754441fa0
0x00007aa75a1fd968:   00007aa75402ce58 00007aa75a1fda50
0x00007aa75a1fd978:   00007aa754440100 00007aa6b821d810
0x00007aa75a1fd988:   00007aa73417d8dc 00007aa6d4556f98
0x00007aa75a1fd998:   00007aa75a1fda28 0000000000000000
0x00007aa75a1fd9a8:   00007aa6d4556f98 00007aa75a1fda58
0x00007aa75a1fd9b8:   00007aa743f47c0d 00007aa75a1fda28
0x00007aa75a1fd9c8:   00007aa743f4780d 0000000000000000
0x00007aa75a1fd9d8:   00007aa743f477d8 00007aa75a1fd9e0
0x00007aa75a1fd9e8:   00007aa6d4556f98 0000000000000006
0x00007aa75a1fd9f8:   00007aa6d458d250 0000000000000000
0x00007aa75a1fda08:   0000000715d6efc0 00007aa6d4556f98
0x00007aa75a1fda18:   0000000000000000 00007aa75a1fda48
0x00007aa75a1fda28:   00007aa75a1fdaa8 00007aa743f40cb5
0x00007aa75a1fda38:   0000000715d6efc0 00007aa743f43e5a
0x00007aa75a1fda48:   0000000715bd4600 0000000715bb3720
0x00007aa75a1fda58:   0000000715bb1b58 00007aa75a1fda60
0x00007aa75a1fda68:   00007aa6d451bb47 0000000000000004
0x00007aa75a1fda78:   00007aa6d4524080 0000000000000000
0x00007aa75a1fda88:   0000000715d31168 00007aa6d451bb78
0x00007aa75a1fda98:   00007aa75a1fda48 00007aa75a1fdac0
0x00007aa75a1fdaa8:   00007aa75a1fdb18 00007aa743f40cb5
0x00007aa75a1fdab8:   0000000715bb3720 0000000715cdf730
0x00007aa75a1fdac8:   0000000715d37db8 00007aa75a1fdad0
0x00007aa75a1fdad8:   00007aa6d451bcca 0000000000000003
0x00007aa75a1fdae8:   00007aa6d4524080 0000000000000000 

Instructions: (pc=0x00007aa6adfede80)
0x00007aa6adfedd80:   ff 66 0f ef c0 48 89 02 48 89 50 08 41 0f 11 45
0x00007aa6adfedd90:   00 e8 5a 4b 17 00 4c 39 f3 75 c5 4d 8b 6c 24 30
0x00007aa6adfedda0:   4c 39 ed 74 3b 0f 1f 00 4c 89 eb 48 89 ef 4d 8b
0x00007aa6adfeddb0:   6d 08 4c 8d 73 e8 4c 89 f6 e8 42 fd ff ff 48 8b
0x00007aa6adfeddc0:   03 48 8b 53 08 66 0f ef c9 4c 89 f7 48 89 02 48
0x00007aa6adfeddd0:   89 50 08 0f 11 0b e8 15 4b 17 00 4c 39 ed 75 c8
0x00007aa6adfedde0:   48 83 c4 08 4c 89 e7 5b 5d 41 5c 41 5d 41 5e 41
0x00007aa6adfeddf0:   5f e9 fa 48 17 00 66 2e 0f 1f 84 00 00 00 00 00
0x00007aa6adfede00:   48 8d 4b e8 48 89 c8 48 29 d0 e9 11 ff ff ff 90
0x00007aa6adfede10:   48 8b 07 48 8b 38 e8 45 13 16 00 31 d2 be 01 00
0x00007aa6adfede20:   00 00 48 89 c7 e8 b6 2a 02 00 48 89 c3 49 8b 44
0x00007aa6adfede30:   24 08 48 85 c0 0f 84 a2 fe ff ff 0f 1f 44 00 00
0x00007aa6adfede40:   48 8b 68 18 31 d2 48 89 df 48 8b 75 00 e8 ae bc
0x00007aa6adfede50:   02 00 48 89 ef 48 89 c6 e8 63 65 17 00 48 89 ef
0x00007aa6adfede60:   e8 4b 81 02 00 49 8b 44 24 08 48 85 c0 75 d1 e9
0x00007aa6adfede70:   69 fe ff ff 66 2e 0f 1f 84 00 00 00 00 00 66 90
0x00007aa6adfede80:   48 8b 47 38 48 8b 40 28 c3 0f 1f 80 00 00 00 00
0x00007aa6adfede90:   48 8b 47 28 48 83 c7 28 48 39 f8 74 2b 48 85 c0
0x00007aa6adfedea0:   0f 84 9e 9d d3 ff 4c 8d 40 e8 0f b6 40 f8 83 e8
0x00007aa6adfedeb0:   1b 83 f8 0b b8 00 00 00 00 4c 0f 43 c0 4c 89 c0
0x00007aa6adfedec0:   c3 0f 1f 80 00 00 00 00 45 31 c0 eb f0 0f 1f 00
0x00007aa6adfeded0:   48 8b 47 28 48 8d 57 28 48 39 d0 0f 84 af 00 00
0x00007aa6adfedee0:   00 48 85 c0 0f 84 64 9d d3 ff 45 31 c0 80 78 f8
0x00007aa6adfedef0:   1b 75 23 48 8b 57 30 48 8d 48 e8 48 85 d2 74 09
0x00007aa6adfedf00:   48 83 ea 18 48 39 d1 74 0d 48 8b 50 10 45 31 c0
0x00007aa6adfedf10:   48 39 42 30 75 0a 4c 89 c0 c3 66 0f 1f 44 00 00
0x00007aa6adfedf20:   4c 8b 00 4d 85 c0 74 ee 8b 50 fc 49 8d 48 e8 81
0x00007aa6adfedf30:   e2 ff ff ff 07 74 3e 89 d2 48 f7 da 48 c1 e2 05
0x00007aa6adfedf40:   48 8b 44 10 e8 48 85 c0 74 2b 48 39 c1 75 41 41
0x00007aa6adfedf50:   80 78 f8 4b 75 1f 49 8b 40 10 4c 39 40 30 74 30
0x00007aa6adfedf60:   49 8b 48 c8 4d 8b 00 4d 85 c0 74 aa 49 83 e8 18
0x00007aa6adfedf70:   4c 39 c1 75 1b 45 31 c0 80 79 10 52 75 98 0f b7 


Stack slot to memory mapping:

stack at sp + 0 slots: 0x00007aa6ae02c8aa: LLVMBuildLoad+0x000000000000003a in /home/wangjing/.javacpp/cache/llvm-13.0.1-1.5.7-linux-x86_64.jar/org/bytedeco/llvm/linux-x86_64/libLLVM-13.so at 0x00007aa6ad400000
stack at sp + 1 slots: 0x00007aa6b821d810 points into unknown readable memory: 0x00007aa16a6b0078 | 78 00 6b 6a a1 7a 00 00
stack at sp + 2 slots: 0x0 is null
stack at sp + 3 slots: 0x0 is null
stack at sp + 4 slots: 0x0 is null
stack at sp + 5 slots: 0x0000000000000103 is an unknown value
stack at sp + 6 slots: 0x0 is null
stack at sp + 7 slots: 0x0 is null


---------------  P R O C E S S  ---------------

Threads class SMR info:
_java_thread_list=0x00007aa7542459a0, length=14, elements={
0x00007aa75402caa0, 0x00007aa754152840, 0x00007aa754153e90, 0x00007aa754155970,
0x00007aa754156fb0, 0x00007aa754158550, 0x00007aa75415a090, 0x00007aa75415b750,
0x00007aa7541a4b40, 0x00007aa7541e17a0, 0x00007aa7541f54f0, 0x00007aa6b8059bc0,
0x00007aa75420ce80, 0x00007aa754244dd0
}

Java Threads: ( => current thread )
=>0x00007aa75402caa0 JavaThread "main"                              [_thread_in_native, id=32352, stack(0x00007aa75a100000,0x00007aa75a200000) (1024K)]
  0x00007aa754152840 JavaThread "Reference Handler"          daemon [_thread_blocked, id=32363, stack(0x00007aa735137000,0x00007aa735237000) (1024K)]
  0x00007aa754153e90 JavaThread "Finalizer"                  daemon [_thread_blocked, id=32364, stack(0x00007aa735037000,0x00007aa735137000) (1024K)]
  0x00007aa754155970 JavaThread "Signal Dispatcher"          daemon [_thread_blocked, id=32365, stack(0x00007aa734f37000,0x00007aa735037000) (1024K)]
  0x00007aa754156fb0 JavaThread "Service Thread"             daemon [_thread_blocked, id=32366, stack(0x00007aa734e37000,0x00007aa734f37000) (1024K)]
  0x00007aa754158550 JavaThread "Monitor Deflation Thread"   daemon [_thread_blocked, id=32367, stack(0x00007aa734d37000,0x00007aa734e37000) (1024K)]
  0x00007aa75415a090 JavaThread "C2 CompilerThread0"         daemon [_thread_blocked, id=32368, stack(0x00007aa734c37000,0x00007aa734d37000) (1024K)]
  0x00007aa75415b750 JavaThread "C1 CompilerThread0"         daemon [_thread_blocked, id=32369, stack(0x00007aa734a67000,0x00007aa734b67000) (1024K)]
  0x00007aa7541a4b40 JavaThread "Common-Cleaner"             daemon [_thread_blocked, id=32370, stack(0x00007aa734967000,0x00007aa734a67000) (1024K)]
  0x00007aa7541e17a0 JavaThread "JDWP Transport Listener: dt_socket" daemon [_thread_blocked, id=32372, stack(0x00007aa734867000,0x00007aa734967000) (1024K)]
  0x00007aa7541f54f0 JavaThread "JDWP Event Helper Thread"   daemon [_thread_blocked, id=32374, stack(0x00007aa734767000,0x00007aa734867000) (1024K)]
  0x00007aa6b8059bc0 JavaThread "JDWP Command Reader"        daemon [_thread_in_native, id=32375, stack(0x00007aa734667000,0x00007aa734767000) (1024K)]
  0x00007aa75420ce80 JavaThread "Notification Thread"        daemon [_thread_blocked, id=32377, stack(0x00007aa734567000,0x00007aa734667000) (1024K)]
  0x00007aa754244dd0 JavaThread "JavaCPP Deallocator"        daemon [_thread_blocked, id=32378, stack(0x00007aa734467000,0x00007aa734567000) (1024K)]
Total: 14

Other Threads:
  0x00007aa754145e40 VMThread "VM Thread"                           [id=32362, stack(0x00007aa735238000,0x00007aa735338000) (1024K)]
  0x00007aa75412bdd0 WatcherThread "VM Periodic Task Thread"        [id=32361, stack(0x00007aa735339000,0x00007aa735439000) (1024K)]
  0x00007aa7540955f0 WorkerThread "GC Thread#0"                     [id=32354, stack(0x00007aa737b1c000,0x00007aa737c1c000) (1024K)]
  0x00007aa7540a64f0 ConcurrentGCThread "G1 Main Marker"            [id=32355, stack(0x00007aa737a1b000,0x00007aa737b1b000) (1024K)]
  0x00007aa7540a7490 WorkerThread "G1 Conc#0"                       [id=32356, stack(0x00007aa73791a000,0x00007aa737a1a000) (1024K)]
  0x00007aa754119340 ConcurrentGCThread "G1 Refine#0"               [id=32357, stack(0x00007aa735617000,0x00007aa735717000) (1024K)]
  0x00007aa75411a2f0 ConcurrentGCThread "G1 Service"                [id=32358, stack(0x00007aa735516000,0x00007aa735616000) (1024K)]
Total: 7

Threads with active compile tasks:
Total: 0

VM state: not at safepoint (normal execution)

VM Mutex/Monitor currently owned by a thread: None

Heap address: 0x0000000706c00000, size: 3988 MB, Compressed Oops mode: Zero based, Oop shift amount: 3

CDS archive(s) mapped at: [0x00007aa6df000000-0x00007aa6dfca6000-0x00007aa6dfca6000), size 13262848, SharedBaseAddress: 0x00007aa6df000000, ArchiveRelocationMode: 1.
Compressed class space mapped at: 0x00007aa6e0000000-0x00007aa720000000, reserved size: 1073741824
Narrow klass base: 0x00007aa6df000000, Narrow klass shift: 0, Narrow klass range: 0x100000000

GC Precious Log:
 CardTable entry size: 512
 Card Set container configuration: InlinePtr #cards 4 size 8 Array Of Cards #cards 16 size 48 Howl #buckets 8 coarsen threshold 3686 Howl Bitmap #cards 512 size 80 coarsen threshold 460 Card regions per heap region 1 cards per card region 4096
 CPUs: 2 total, 2 available
 Memory: 15948M
 Large Page Support: Disabled
 NUMA Support: Disabled
 Compressed Oops: Enabled (Zero based)
 Heap Region Size: 2M
 Heap Min Capacity: 8M
 Heap Initial Capacity: 250M
 Heap Max Capacity: 3988M
 Pre-touch: Disabled
 Parallel Workers: 2
 Concurrent Workers: 1
 Concurrent Refinement Workers: 2
 Periodic GC: Disabled

Heap:
 garbage-first heap   total 258048K, used 11293K [0x0000000706c00000, 0x0000000800000000)
  region size 2048K, 6 young (12288K), 0 survivors (0K)
 Metaspace       used 3714K, committed 3904K, reserved 1114112K
  class space    used 401K, committed 512K, reserved 1048576K

Heap Regions: E=young(eden), S=young(survivor), O=old, HS=humongous(starts), HC=humongous(continues), CS=collection set, F=free, TAMS=top-at-mark-start, PB=parsable bottom
|   0|0x0000000706c00000, 0x0000000706c00000, 0x0000000706e00000|  0%| F|  |TAMS 0x0000000706c00000| PB 0x0000000706c00000| Untracked 
|   1|0x0000000706e00000, 0x0000000706e00000, 0x0000000707000000|  0%| F|  |TAMS 0x0000000706e00000| PB 0x0000000706e00000| Untracked 
|   2|0x0000000707000000, 0x0000000707000000, 0x0000000707200000|  0%| F|  |TAMS 0x0000000707000000| PB 0x0000000707000000| Untracked 
|   3|0x0000000707200000, 0x0000000707200000, 0x0000000707400000|  0%| F|  |TAMS 0x0000000707200000| PB 0x0000000707200000| Untracked 
|   4|0x0000000707400000, 0x0000000707400000, 0x0000000707600000|  0%| F|  |TAMS 0x0000000707400000| PB 0x0000000707400000| Untracked 
|   5|0x0000000707600000, 0x0000000707600000, 0x0000000707800000|  0%| F|  |TAMS 0x0000000707600000| PB 0x0000000707600000| Untracked 
|   6|0x0000000707800000, 0x0000000707800000, 0x0000000707a00000|  0%| F|  |TAMS 0x0000000707800000| PB 0x0000000707800000| Untracked 
|   7|0x0000000707a00000, 0x0000000707a00000, 0x0000000707c00000|  0%| F|  |TAMS 0x0000000707a00000| PB 0x0000000707a00000| Untracked 
|   8|0x0000000707c00000, 0x0000000707c00000, 0x0000000707e00000|  0%| F|  |TAMS 0x0000000707c00000| PB 0x0000000707c00000| Untracked 
|   9|0x0000000707e00000, 0x0000000707e00000, 0x0000000708000000|  0%| F|  |TAMS 0x0000000707e00000| PB 0x0000000707e00000| Untracked 
|  10|0x0000000708000000, 0x0000000708000000, 0x0000000708200000|  0%| F|  |TAMS 0x0000000708000000| PB 0x0000000708000000| Untracked 
|  11|0x0000000708200000, 0x0000000708200000, 0x0000000708400000|  0%| F|  |TAMS 0x0000000708200000| PB 0x0000000708200000| Untracked 
|  12|0x0000000708400000, 0x0000000708400000, 0x0000000708600000|  0%| F|  |TAMS 0x0000000708400000| PB 0x0000000708400000| Untracked 
|  13|0x0000000708600000, 0x0000000708600000, 0x0000000708800000|  0%| F|  |TAMS 0x0000000708600000| PB 0x0000000708600000| Untracked 
|  14|0x0000000708800000, 0x0000000708800000, 0x0000000708a00000|  0%| F|  |TAMS 0x0000000708800000| PB 0x0000000708800000| Untracked 
|  15|0x0000000708a00000, 0x0000000708a00000, 0x0000000708c00000|  0%| F|  |TAMS 0x0000000708a00000| PB 0x0000000708a00000| Untracked 
|  16|0x0000000708c00000, 0x0000000708c00000, 0x0000000708e00000|  0%| F|  |TAMS 0x0000000708c00000| PB 0x0000000708c00000| Untracked 
|  17|0x0000000708e00000, 0x0000000708e00000, 0x0000000709000000|  0%| F|  |TAMS 0x0000000708e00000| PB 0x0000000708e00000| Untracked 
|  18|0x0000000709000000, 0x0000000709000000, 0x0000000709200000|  0%| F|  |TAMS 0x0000000709000000| PB 0x0000000709000000| Untracked 
|  19|0x0000000709200000, 0x0000000709200000, 0x0000000709400000|  0%| F|  |TAMS 0x0000000709200000| PB 0x0000000709200000| Untracked 
|  20|0x0000000709400000, 0x0000000709400000, 0x0000000709600000|  0%| F|  |TAMS 0x0000000709400000| PB 0x0000000709400000| Untracked 
|  21|0x0000000709600000, 0x0000000709600000, 0x0000000709800000|  0%| F|  |TAMS 0x0000000709600000| PB 0x0000000709600000| Untracked 
|  22|0x0000000709800000, 0x0000000709800000, 0x0000000709a00000|  0%| F|  |TAMS 0x0000000709800000| PB 0x0000000709800000| Untracked 
|  23|0x0000000709a00000, 0x0000000709a00000, 0x0000000709c00000|  0%| F|  |TAMS 0x0000000709a00000| PB 0x0000000709a00000| Untracked 
|  24|0x0000000709c00000, 0x0000000709c00000, 0x0000000709e00000|  0%| F|  |TAMS 0x0000000709c00000| PB 0x0000000709c00000| Untracked 
|  25|0x0000000709e00000, 0x0000000709e00000, 0x000000070a000000|  0%| F|  |TAMS 0x0000000709e00000| PB 0x0000000709e00000| Untracked 
|  26|0x000000070a000000, 0x000000070a000000, 0x000000070a200000|  0%| F|  |TAMS 0x000000070a000000| PB 0x000000070a000000| Untracked 
|  27|0x000000070a200000, 0x000000070a200000, 0x000000070a400000|  0%| F|  |TAMS 0x000000070a200000| PB 0x000000070a200000| Untracked 
|  28|0x000000070a400000, 0x000000070a400000, 0x000000070a600000|  0%| F|  |TAMS 0x000000070a400000| PB 0x000000070a400000| Untracked 
|  29|0x000000070a600000, 0x000000070a600000, 0x000000070a800000|  0%| F|  |TAMS 0x000000070a600000| PB 0x000000070a600000| Untracked 
|  30|0x000000070a800000, 0x000000070a800000, 0x000000070aa00000|  0%| F|  |TAMS 0x000000070a800000| PB 0x000000070a800000| Untracked 
|  31|0x000000070aa00000, 0x000000070aa00000, 0x000000070ac00000|  0%| F|  |TAMS 0x000000070aa00000| PB 0x000000070aa00000| Untracked 
|  32|0x000000070ac00000, 0x000000070ac00000, 0x000000070ae00000|  0%| F|  |TAMS 0x000000070ac00000| PB 0x000000070ac00000| Untracked 
|  33|0x000000070ae00000, 0x000000070ae00000, 0x000000070b000000|  0%| F|  |TAMS 0x000000070ae00000| PB 0x000000070ae00000| Untracked 
|  34|0x000000070b000000, 0x000000070b000000, 0x000000070b200000|  0%| F|  |TAMS 0x000000070b000000| PB 0x000000070b000000| Untracked 
|  35|0x000000070b200000, 0x000000070b200000, 0x000000070b400000|  0%| F|  |TAMS 0x000000070b200000| PB 0x000000070b200000| Untracked 
|  36|0x000000070b400000, 0x000000070b400000, 0x000000070b600000|  0%| F|  |TAMS 0x000000070b400000| PB 0x000000070b400000| Untracked 
|  37|0x000000070b600000, 0x000000070b600000, 0x000000070b800000|  0%| F|  |TAMS 0x000000070b600000| PB 0x000000070b600000| Untracked 
|  38|0x000000070b800000, 0x000000070b800000, 0x000000070ba00000|  0%| F|  |TAMS 0x000000070b800000| PB 0x000000070b800000| Untracked 
|  39|0x000000070ba00000, 0x000000070ba00000, 0x000000070bc00000|  0%| F|  |TAMS 0x000000070ba00000| PB 0x000000070ba00000| Untracked 
|  40|0x000000070bc00000, 0x000000070bc00000, 0x000000070be00000|  0%| F|  |TAMS 0x000000070bc00000| PB 0x000000070bc00000| Untracked 
|  41|0x000000070be00000, 0x000000070be00000, 0x000000070c000000|  0%| F|  |TAMS 0x000000070be00000| PB 0x000000070be00000| Untracked 
|  42|0x000000070c000000, 0x000000070c000000, 0x000000070c200000|  0%| F|  |TAMS 0x000000070c000000| PB 0x000000070c000000| Untracked 
|  43|0x000000070c200000, 0x000000070c200000, 0x000000070c400000|  0%| F|  |TAMS 0x000000070c200000| PB 0x000000070c200000| Untracked 
|  44|0x000000070c400000, 0x000000070c400000, 0x000000070c600000|  0%| F|  |TAMS 0x000000070c400000| PB 0x000000070c400000| Untracked 
|  45|0x000000070c600000, 0x000000070c600000, 0x000000070c800000|  0%| F|  |TAMS 0x000000070c600000| PB 0x000000070c600000| Untracked 
|  46|0x000000070c800000, 0x000000070c800000, 0x000000070ca00000|  0%| F|  |TAMS 0x000000070c800000| PB 0x000000070c800000| Untracked 
|  47|0x000000070ca00000, 0x000000070ca00000, 0x000000070cc00000|  0%| F|  |TAMS 0x000000070ca00000| PB 0x000000070ca00000| Untracked 
|  48|0x000000070cc00000, 0x000000070cc00000, 0x000000070ce00000|  0%| F|  |TAMS 0x000000070cc00000| PB 0x000000070cc00000| Untracked 
|  49|0x000000070ce00000, 0x000000070ce00000, 0x000000070d000000|  0%| F|  |TAMS 0x000000070ce00000| PB 0x000000070ce00000| Untracked 
|  50|0x000000070d000000, 0x000000070d000000, 0x000000070d200000|  0%| F|  |TAMS 0x000000070d000000| PB 0x000000070d000000| Untracked 
|  51|0x000000070d200000, 0x000000070d200000, 0x000000070d400000|  0%| F|  |TAMS 0x000000070d200000| PB 0x000000070d200000| Untracked 
|  52|0x000000070d400000, 0x000000070d400000, 0x000000070d600000|  0%| F|  |TAMS 0x000000070d400000| PB 0x000000070d400000| Untracked 
|  53|0x000000070d600000, 0x000000070d600000, 0x000000070d800000|  0%| F|  |TAMS 0x000000070d600000| PB 0x000000070d600000| Untracked 
|  54|0x000000070d800000, 0x000000070d800000, 0x000000070da00000|  0%| F|  |TAMS 0x000000070d800000| PB 0x000000070d800000| Untracked 
|  55|0x000000070da00000, 0x000000070da00000, 0x000000070dc00000|  0%| F|  |TAMS 0x000000070da00000| PB 0x000000070da00000| Untracked 
|  56|0x000000070dc00000, 0x000000070dc00000, 0x000000070de00000|  0%| F|  |TAMS 0x000000070dc00000| PB 0x000000070dc00000| Untracked 
|  57|0x000000070de00000, 0x000000070de00000, 0x000000070e000000|  0%| F|  |TAMS 0x000000070de00000| PB 0x000000070de00000| Untracked 
|  58|0x000000070e000000, 0x000000070e000000, 0x000000070e200000|  0%| F|  |TAMS 0x000000070e000000| PB 0x000000070e000000| Untracked 
|  59|0x000000070e200000, 0x000000070e200000, 0x000000070e400000|  0%| F|  |TAMS 0x000000070e200000| PB 0x000000070e200000| Untracked 
|  60|0x000000070e400000, 0x000000070e400000, 0x000000070e600000|  0%| F|  |TAMS 0x000000070e400000| PB 0x000000070e400000| Untracked 
|  61|0x000000070e600000, 0x000000070e600000, 0x000000070e800000|  0%| F|  |TAMS 0x000000070e600000| PB 0x000000070e600000| Untracked 
|  62|0x000000070e800000, 0x000000070e800000, 0x000000070ea00000|  0%| F|  |TAMS 0x000000070e800000| PB 0x000000070e800000| Untracked 
|  63|0x000000070ea00000, 0x000000070ea00000, 0x000000070ec00000|  0%| F|  |TAMS 0x000000070ea00000| PB 0x000000070ea00000| Untracked 
|  64|0x000000070ec00000, 0x000000070ec00000, 0x000000070ee00000|  0%| F|  |TAMS 0x000000070ec00000| PB 0x000000070ec00000| Untracked 
|  65|0x000000070ee00000, 0x000000070ee00000, 0x000000070f000000|  0%| F|  |TAMS 0x000000070ee00000| PB 0x000000070ee00000| Untracked 
|  66|0x000000070f000000, 0x000000070f000000, 0x000000070f200000|  0%| F|  |TAMS 0x000000070f000000| PB 0x000000070f000000| Untracked 
|  67|0x000000070f200000, 0x000000070f200000, 0x000000070f400000|  0%| F|  |TAMS 0x000000070f200000| PB 0x000000070f200000| Untracked 
|  68|0x000000070f400000, 0x000000070f400000, 0x000000070f600000|  0%| F|  |TAMS 0x000000070f400000| PB 0x000000070f400000| Untracked 
|  69|0x000000070f600000, 0x000000070f600000, 0x000000070f800000|  0%| F|  |TAMS 0x000000070f600000| PB 0x000000070f600000| Untracked 
|  70|0x000000070f800000, 0x000000070f800000, 0x000000070fa00000|  0%| F|  |TAMS 0x000000070f800000| PB 0x000000070f800000| Untracked 
|  71|0x000000070fa00000, 0x000000070fa00000, 0x000000070fc00000|  0%| F|  |TAMS 0x000000070fa00000| PB 0x000000070fa00000| Untracked 
|  72|0x000000070fc00000, 0x000000070fc00000, 0x000000070fe00000|  0%| F|  |TAMS 0x000000070fc00000| PB 0x000000070fc00000| Untracked 
|  73|0x000000070fe00000, 0x000000070fe00000, 0x0000000710000000|  0%| F|  |TAMS 0x000000070fe00000| PB 0x000000070fe00000| Untracked 
|  74|0x0000000710000000, 0x0000000710000000, 0x0000000710200000|  0%| F|  |TAMS 0x0000000710000000| PB 0x0000000710000000| Untracked 
|  75|0x0000000710200000, 0x0000000710200000, 0x0000000710400000|  0%| F|  |TAMS 0x0000000710200000| PB 0x0000000710200000| Untracked 
|  76|0x0000000710400000, 0x0000000710400000, 0x0000000710600000|  0%| F|  |TAMS 0x0000000710400000| PB 0x0000000710400000| Untracked 
|  77|0x0000000710600000, 0x0000000710600000, 0x0000000710800000|  0%| F|  |TAMS 0x0000000710600000| PB 0x0000000710600000| Untracked 
|  78|0x0000000710800000, 0x0000000710800000, 0x0000000710a00000|  0%| F|  |TAMS 0x0000000710800000| PB 0x0000000710800000| Untracked 
|  79|0x0000000710a00000, 0x0000000710a00000, 0x0000000710c00000|  0%| F|  |TAMS 0x0000000710a00000| PB 0x0000000710a00000| Untracked 
|  80|0x0000000710c00000, 0x0000000710c00000, 0x0000000710e00000|  0%| F|  |TAMS 0x0000000710c00000| PB 0x0000000710c00000| Untracked 
|  81|0x0000000710e00000, 0x0000000710e00000, 0x0000000711000000|  0%| F|  |TAMS 0x0000000710e00000| PB 0x0000000710e00000| Untracked 
|  82|0x0000000711000000, 0x0000000711000000, 0x0000000711200000|  0%| F|  |TAMS 0x0000000711000000| PB 0x0000000711000000| Untracked 
|  83|0x0000000711200000, 0x0000000711200000, 0x0000000711400000|  0%| F|  |TAMS 0x0000000711200000| PB 0x0000000711200000| Untracked 
|  84|0x0000000711400000, 0x0000000711400000, 0x0000000711600000|  0%| F|  |TAMS 0x0000000711400000| PB 0x0000000711400000| Untracked 
|  85|0x0000000711600000, 0x0000000711600000, 0x0000000711800000|  0%| F|  |TAMS 0x0000000711600000| PB 0x0000000711600000| Untracked 
|  86|0x0000000711800000, 0x0000000711800000, 0x0000000711a00000|  0%| F|  |TAMS 0x0000000711800000| PB 0x0000000711800000| Untracked 
|  87|0x0000000711a00000, 0x0000000711a00000, 0x0000000711c00000|  0%| F|  |TAMS 0x0000000711a00000| PB 0x0000000711a00000| Untracked 
|  88|0x0000000711c00000, 0x0000000711c00000, 0x0000000711e00000|  0%| F|  |TAMS 0x0000000711c00000| PB 0x0000000711c00000| Untracked 
|  89|0x0000000711e00000, 0x0000000711e00000, 0x0000000712000000|  0%| F|  |TAMS 0x0000000711e00000| PB 0x0000000711e00000| Untracked 
|  90|0x0000000712000000, 0x0000000712000000, 0x0000000712200000|  0%| F|  |TAMS 0x0000000712000000| PB 0x0000000712000000| Untracked 
|  91|0x0000000712200000, 0x0000000712200000, 0x0000000712400000|  0%| F|  |TAMS 0x0000000712200000| PB 0x0000000712200000| Untracked 
|  92|0x0000000712400000, 0x0000000712400000, 0x0000000712600000|  0%| F|  |TAMS 0x0000000712400000| PB 0x0000000712400000| Untracked 
|  93|0x0000000712600000, 0x0000000712600000, 0x0000000712800000|  0%| F|  |TAMS 0x0000000712600000| PB 0x0000000712600000| Untracked 
|  94|0x0000000712800000, 0x0000000712800000, 0x0000000712a00000|  0%| F|  |TAMS 0x0000000712800000| PB 0x0000000712800000| Untracked 
|  95|0x0000000712a00000, 0x0000000712a00000, 0x0000000712c00000|  0%| F|  |TAMS 0x0000000712a00000| PB 0x0000000712a00000| Untracked 
|  96|0x0000000712c00000, 0x0000000712c00000, 0x0000000712e00000|  0%| F|  |TAMS 0x0000000712c00000| PB 0x0000000712c00000| Untracked 
|  97|0x0000000712e00000, 0x0000000712e00000, 0x0000000713000000|  0%| F|  |TAMS 0x0000000712e00000| PB 0x0000000712e00000| Untracked 
|  98|0x0000000713000000, 0x0000000713000000, 0x0000000713200000|  0%| F|  |TAMS 0x0000000713000000| PB 0x0000000713000000| Untracked 
|  99|0x0000000713200000, 0x0000000713200000, 0x0000000713400000|  0%| F|  |TAMS 0x0000000713200000| PB 0x0000000713200000| Untracked 
| 100|0x0000000713400000, 0x0000000713400000, 0x0000000713600000|  0%| F|  |TAMS 0x0000000713400000| PB 0x0000000713400000| Untracked 
| 101|0x0000000713600000, 0x0000000713600000, 0x0000000713800000|  0%| F|  |TAMS 0x0000000713600000| PB 0x0000000713600000| Untracked 
| 102|0x0000000713800000, 0x0000000713800000, 0x0000000713a00000|  0%| F|  |TAMS 0x0000000713800000| PB 0x0000000713800000| Untracked 
| 103|0x0000000713a00000, 0x0000000713a00000, 0x0000000713c00000|  0%| F|  |TAMS 0x0000000713a00000| PB 0x0000000713a00000| Untracked 
| 104|0x0000000713c00000, 0x0000000713c00000, 0x0000000713e00000|  0%| F|  |TAMS 0x0000000713c00000| PB 0x0000000713c00000| Untracked 
| 105|0x0000000713e00000, 0x0000000713e00000, 0x0000000714000000|  0%| F|  |TAMS 0x0000000713e00000| PB 0x0000000713e00000| Untracked 
| 106|0x0000000714000000, 0x0000000714000000, 0x0000000714200000|  0%| F|  |TAMS 0x0000000714000000| PB 0x0000000714000000| Untracked 
| 107|0x0000000714200000, 0x0000000714200000, 0x0000000714400000|  0%| F|  |TAMS 0x0000000714200000| PB 0x0000000714200000| Untracked 
| 108|0x0000000714400000, 0x0000000714400000, 0x0000000714600000|  0%| F|  |TAMS 0x0000000714400000| PB 0x0000000714400000| Untracked 
| 109|0x0000000714600000, 0x0000000714600000, 0x0000000714800000|  0%| F|  |TAMS 0x0000000714600000| PB 0x0000000714600000| Untracked 
| 110|0x0000000714800000, 0x0000000714800000, 0x0000000714a00000|  0%| F|  |TAMS 0x0000000714800000| PB 0x0000000714800000| Untracked 
| 111|0x0000000714a00000, 0x0000000714a00000, 0x0000000714c00000|  0%| F|  |TAMS 0x0000000714a00000| PB 0x0000000714a00000| Untracked 
| 112|0x0000000714c00000, 0x0000000714c00000, 0x0000000714e00000|  0%| F|  |TAMS 0x0000000714c00000| PB 0x0000000714c00000| Untracked 
| 113|0x0000000714e00000, 0x0000000714e00000, 0x0000000715000000|  0%| F|  |TAMS 0x0000000714e00000| PB 0x0000000714e00000| Untracked 
| 114|0x0000000715000000, 0x0000000715000000, 0x0000000715200000|  0%| F|  |TAMS 0x0000000715000000| PB 0x0000000715000000| Untracked 
| 115|0x0000000715200000, 0x0000000715200000, 0x0000000715400000|  0%| F|  |TAMS 0x0000000715200000| PB 0x0000000715200000| Untracked 
| 116|0x0000000715400000, 0x0000000715400000, 0x0000000715600000|  0%| F|  |TAMS 0x0000000715400000| PB 0x0000000715400000| Untracked 
| 117|0x0000000715600000, 0x0000000715600000, 0x0000000715800000|  0%| F|  |TAMS 0x0000000715600000| PB 0x0000000715600000| Untracked 
| 118|0x0000000715800000, 0x0000000715800000, 0x0000000715a00000|  0%| F|  |TAMS 0x0000000715800000| PB 0x0000000715800000| Untracked 
| 119|0x0000000715a00000, 0x0000000715c00000, 0x0000000715c00000|100%| E|  |TAMS 0x0000000715a00000| PB 0x0000000715a00000| Complete 
| 120|0x0000000715c00000, 0x0000000715e00000, 0x0000000715e00000|100%| E|CS|TAMS 0x0000000715c00000| PB 0x0000000715c00000| Complete 
| 121|0x0000000715e00000, 0x0000000716000000, 0x0000000716000000|100%| E|CS|TAMS 0x0000000715e00000| PB 0x0000000715e00000| Complete 
| 122|0x0000000716000000, 0x0000000716200000, 0x0000000716200000|100%| E|CS|TAMS 0x0000000716000000| PB 0x0000000716000000| Complete 
| 123|0x0000000716200000, 0x0000000716400000, 0x0000000716400000|100%| E|CS|TAMS 0x0000000716200000| PB 0x0000000716200000| Complete 
| 124|0x0000000716400000, 0x0000000716600000, 0x0000000716600000|100%| E|CS|TAMS 0x0000000716400000| PB 0x0000000716400000| Complete 
|1993|0x00000007ffe00000, 0x00000007fff07778, 0x0000000800000000| 51%| O|  |TAMS 0x00000007ffe00000| PB 0x00000007ffe00000| Untracked 

Card table byte_map: [0x00007aa73ba6c000,0x00007aa73c236000] _byte_map_base: 0x00007aa738236000

Marking Bits: (CMBitMap*) 0x00007aa754096110
 Bits: [0x00007aa737c1c000, 0x00007aa73ba6c000)

Polling page: 0x00007aa75a5a0000

Metaspace:

Usage:
  Non-class:      3.24 MB used.
      Class:    401.20 KB used.
       Both:      3.63 MB used.

Virtual space:
  Non-class space:       64.00 MB reserved,       3.31 MB (  5%) committed,  1 nodes.
      Class space:        1.00 GB reserved,     512.00 KB ( <1%) committed,  1 nodes.
             Both:        1.06 GB reserved,       3.81 MB ( <1%) committed. 

Chunk freelists:
   Non-Class:  10.30 MB
       Class:  15.48 MB
        Both:  25.78 MB

MaxMetaspaceSize: unlimited
CompressedClassSpaceSize: 1.00 GB
Initial GC threshold: 21.00 MB
Current GC threshold: 21.00 MB
CDS: on
 - commit_granule_bytes: 65536.
 - commit_granule_words: 8192.
 - virtual_space_node_default_size: 8388608.
 - enlarge_chunks_in_place: 1.
 - use_allocation_guard: 0.


Internal statistics:

num_allocs_failed_limit: 0.
num_arena_births: 36.
num_arena_deaths: 0.
num_vsnodes_births: 2.
num_vsnodes_deaths: 0.
num_space_committed: 61.
num_space_uncommitted: 0.
num_chunks_returned_to_freelist: 0.
num_chunks_taken_from_freelist: 105.
num_chunk_merges: 0.
num_chunk_splits: 89.
num_chunks_enlarged: 78.
num_inconsistent_stats: 0.

CodeHeap 'non-profiled nmethods': size=120036Kb used=214Kb max_used=214Kb free=119821Kb
 bounds [0x00007aa7444c7000, 0x00007aa744737000, 0x00007aa74ba00000]
CodeHeap 'profiled nmethods': size=120032Kb used=1410Kb max_used=1410Kb free=118621Kb
 bounds [0x00007aa73ca00000, 0x00007aa73cc70000, 0x00007aa743f38000]
CodeHeap 'non-nmethods': size=5692Kb used=1516Kb max_used=1527Kb free=4176Kb
 bounds [0x00007aa743f38000, 0x00007aa7441a8000, 0x00007aa7444c7000]
 total_blobs=1217 nmethods=750 adapters=373
 compilation: enabled
              stopped_count=0, restarted_count=0
 full_count=0

Compilation events (20 events):
Event: 0.728 Thread 0x00007aa75415b750  740       1       java.util.zip.ZipEntry::getName (5 bytes)
Event: 0.728 Thread 0x00007aa75415b750 nmethod 740 0x00007aa7444fc410 code [0x00007aa7444fc5a0, 0x00007aa7444fc668]
Event: 0.728 Thread 0x00007aa75415b750  741   !   3       java.util.jar.JarFile::getManifestFromReference (197 bytes)
Event: 0.728 Thread 0x00007aa75415b750 nmethod 741 0x00007aa73cb5b110 code [0x00007aa73cb5b440, 0x00007aa73cb5c988]
Event: 0.728 Thread 0x00007aa75415b750  742       3       java.util.jar.JarFile::getManifest (5 bytes)
Event: 0.728 Thread 0x00007aa75415b750 nmethod 742 0x00007aa73cb5d110 code [0x00007aa73cb5d2c0, 0x00007aa73cb5d408]
Event: 0.728 Thread 0x00007aa75415b750  743  s    3       java.util.jar.JarFile::getInputStream (88 bytes)
Event: 0.729 Thread 0x00007aa75415b750 nmethod 743 0x00007aa73cb5d490 code [0x00007aa73cb5d700, 0x00007aa73cb5df18]
Event: 0.729 Thread 0x00007aa75415b750  744       3       java.util.jar.Attributes::getValue (9 bytes)
Event: 0.729 Thread 0x00007aa75415b750 nmethod 744 0x00007aa73cb5e190 code [0x00007aa73cb5e340, 0x00007aa73cb5e678]
Event: 0.729 Thread 0x00007aa75415b750  745       3       java.util.jar.Attributes::get (11 bytes)
Event: 0.729 Thread 0x00007aa75415b750 nmethod 745 0x00007aa73cb5e790 code [0x00007aa73cb5e940, 0x00007aa73cb5eb28]
Event: 0.730 Thread 0x00007aa75415b750  746       3       java.util.ArrayDeque::pollFirst (36 bytes)
Event: 0.730 Thread 0x00007aa75415b750 nmethod 746 0x00007aa73cb5ec10 code [0x00007aa73cb5edc0, 0x00007aa73cb5f1c8]
Event: 0.730 Thread 0x00007aa75415b750  747       3       java.lang.ThreadLocal::get (35 bytes)
Event: 0.730 Thread 0x00007aa75415b750 nmethod 747 0x00007aa73cb5f390 code [0x00007aa73cb5f560, 0x00007aa73cb5f8a0]
Event: 0.926 Thread 0x00007aa75415b750  748       3       java.lang.invoke.MethodTypeForm::canonicalizeAll (63 bytes)
Event: 0.926 Thread 0x00007aa75415b750 nmethod 748 0x00007aa73cb5fa10 code [0x00007aa73cb5fc00, 0x00007aa73cb60258]
Event: 0.926 Thread 0x00007aa75415b750  749       3       java.lang.invoke.MethodType$ConcurrentWeakInternSet$WeakEntry::<init> (15 bytes)
Event: 0.926 Thread 0x00007aa75415b750 nmethod 749 0x00007aa73cb60410 code [0x00007aa73cb605e0, 0x00007aa73cb60a10]

GC Heap History (0 events):
No events

Dll operation events (13 events):
Event: 0.003 Loaded shared library /home/wangjing/.jdks/openjdk-21.0.2/lib/libjava.so
Event: 0.003 Loaded shared library /home/wangjing/.jdks/openjdk-21.0.2/lib/libzip.so
Event: 0.039 Loaded shared library /home/wangjing/.jdks/openjdk-21.0.2/lib/libjsvml.so
Event: 0.167 Loaded shared library /home/wangjing/.jdks/openjdk-21.0.2/lib/libinstrument.so
Event: 0.212 Loaded shared library /home/wangjing/.jdks/openjdk-21.0.2/lib/libnio.so
Event: 0.228 Loaded shared library /home/wangjing/.jdks/openjdk-21.0.2/lib/libzip.so
Event: 0.281 Loaded shared library /home/wangjing/.jdks/openjdk-21.0.2/lib/libjimage.so
Event: 0.419 Loaded shared library /home/wangjing/.javacpp/cache/javacpp-1.5.7-linux-x86_64.jar/org/bytedeco/javacpp/linux-x86_64/libjnijavacpp.so
Event: 0.440 Loaded shared library /home/wangjing/.jdks/openjdk-21.0.2/lib/libnet.so
Event: 0.695 Loaded shared library /home/wangjing/.javacpp/cache/llvm-13.0.1-1.5.7-linux-x86_64.jar/org/bytedeco/llvm/linux-x86_64/libLLVM-13.so
Event: 0.707 Loaded shared library /home/wangjing/.javacpp/cache/llvm-13.0.1-1.5.7-linux-x86_64.jar/org/bytedeco/llvm/linux-x86_64/libLTO.so.13
Event: 0.710 Loaded shared library /home/wangjing/.javacpp/cache/llvm-13.0.1-1.5.7-linux-x86_64.jar/org/bytedeco/llvm/linux-x86_64/libRemarks.so.13
Event: 0.714 Loaded shared library /home/wangjing/.javacpp/cache/llvm-13.0.1-1.5.7-linux-x86_64.jar/org/bytedeco/llvm/linux-x86_64/libjniLLVM.so

Deoptimization events (20 events):
Event: 0.678 Thread 0x00007aa75402caa0 DEOPT PACKING pc=0x00007aa73cab69d4 sp=0x00007aa75a1fd770
Event: 0.678 Thread 0x00007aa75402caa0 DEOPT UNPACKING pc=0x00007aa743f9014f sp=0x00007aa75a1fccd8 mode 1
Event: 0.678 Thread 0x00007aa75402caa0 DEOPT PACKING pc=0x00007aa73caa56dc sp=0x00007aa75a1fd4a0
Event: 0.678 Thread 0x00007aa75402caa0 DEOPT UNPACKING pc=0x00007aa743f9014f sp=0x00007aa75a1fc9a0 mode 1
Event: 0.678 Thread 0x00007aa75402caa0 DEOPT PACKING pc=0x00007aa73caa56dc sp=0x00007aa75a1fd4a0
Event: 0.678 Thread 0x00007aa75402caa0 DEOPT UNPACKING pc=0x00007aa743f9014f sp=0x00007aa75a1fc9a0 mode 1
Event: 0.678 Thread 0x00007aa75402caa0 DEOPT PACKING pc=0x00007aa73caa56dc sp=0x00007aa75a1fd4a0
Event: 0.678 Thread 0x00007aa75402caa0 DEOPT UNPACKING pc=0x00007aa743f9014f sp=0x00007aa75a1fc9a0 mode 1
Event: 0.678 Thread 0x00007aa75402caa0 DEOPT PACKING pc=0x00007aa73caa56dc sp=0x00007aa75a1fd4a0
Event: 0.678 Thread 0x00007aa75402caa0 DEOPT UNPACKING pc=0x00007aa743f9014f sp=0x00007aa75a1fc9a0 mode 1
Event: 0.678 Thread 0x00007aa75402caa0 DEOPT PACKING pc=0x00007aa73caa56dc sp=0x00007aa75a1fd4a0
Event: 0.678 Thread 0x00007aa75402caa0 DEOPT UNPACKING pc=0x00007aa743f9014f sp=0x00007aa75a1fc9a0 mode 1
Event: 0.678 Thread 0x00007aa75402caa0 DEOPT PACKING pc=0x00007aa73caa56dc sp=0x00007aa75a1fd4a0
Event: 0.678 Thread 0x00007aa75402caa0 DEOPT UNPACKING pc=0x00007aa743f9014f sp=0x00007aa75a1fc9a0 mode 1
Event: 0.678 Thread 0x00007aa75402caa0 DEOPT PACKING pc=0x00007aa73caa56dc sp=0x00007aa75a1fd4a0
Event: 0.678 Thread 0x00007aa75402caa0 DEOPT UNPACKING pc=0x00007aa743f9014f sp=0x00007aa75a1fc9a0 mode 1
Event: 0.678 Thread 0x00007aa75402caa0 DEOPT PACKING pc=0x00007aa73caa56dc sp=0x00007aa75a1fd4a0
Event: 0.678 Thread 0x00007aa75402caa0 DEOPT UNPACKING pc=0x00007aa743f9014f sp=0x00007aa75a1fc9a0 mode 1
Event: 0.678 Thread 0x00007aa75402caa0 DEOPT PACKING pc=0x00007aa73caa56dc sp=0x00007aa75a1fd4a0
Event: 0.678 Thread 0x00007aa75402caa0 DEOPT UNPACKING pc=0x00007aa743f9014f sp=0x00007aa75a1fc9a0 mode 1

Classes loaded (20 events):
Event: 0.729 Loading class org/bytedeco/llvm/LLVM/LLVMObjectFileRef
Event: 0.729 Loading class org/bytedeco/llvm/LLVM/LLVMObjectFileRef done
Event: 0.729 Loading class org/bytedeco/llvm/LLVM/LLVMTargetRef
Event: 0.729 Loading class org/bytedeco/llvm/LLVM/LLVMTargetRef done
Event: 0.729 Loading class org/bytedeco/llvm/LLVM/LLVMPassManagerBuilderRef
Event: 0.729 Loading class org/bytedeco/llvm/LLVM/LLVMPassManagerBuilderRef done
Event: 0.729 Loading class org/bytedeco/llvm/LLVM/LLVMPassBuilderOptionsRef
Event: 0.729 Loading class org/bytedeco/llvm/LLVM/LLVMPassBuilderOptionsRef done
Event: 0.729 Loading class org/bytedeco/llvm/LLVM/Pass
Event: 0.729 Loading class org/bytedeco/llvm/LLVM/Pass done
Event: 0.729 Loading class org/bytedeco/llvm/LLVM/LLVMNamedMDNodeRef
Event: 0.729 Loading class org/bytedeco/llvm/LLVM/LLVMNamedMDNodeRef done
Event: 0.730 Loading class org/bytedeco/llvm/LLVM/LLVMUseRef
Event: 0.730 Loading class org/bytedeco/llvm/LLVM/LLVMUseRef done
Event: 0.730 Loading class Scope
Event: 0.730 Loading class Scope done
Event: 0.866 Loading class com/intellij/rt/debugger/BatchEvaluatorServer
Event: 0.866 Loading class com/intellij/rt/debugger/BatchEvaluatorServer done
Event: 0.924 Loading class java/io/DataOutputStream
Event: 0.925 Loading class java/io/DataOutputStream done

Classes unloaded (0 events):
No events

Classes redefined (0 events):
No events

Internal exceptions (9 events):
Event: 0.169 Thread 0x00007aa75402caa0 Implicit null exception at 0x00007aa7444d14e3 to 0x00007aa7444d1650
Event: 0.170 Thread 0x00007aa75402caa0 Exception <a 'java/lang/NoSuchMethodError'{0x0000000716594228}: 'void java.lang.invoke.DirectMethodHandle$Holder.invokeStatic(java.lang.Object, java.lang.Object, java.lang.Object)'> (0x0000000716594228) 
thrown [open/src/hotspot/share/interpreter/linkResolver.cpp, line 772]
Event: 0.182 Thread 0x00007aa75402caa0 Exception <a 'java/lang/NoSuchMethodError'{0x00000007165ab5c0}: 'java.lang.Object java.lang.invoke.Invokers$Holder.invokeExact_MT(java.lang.Object, java.lang.Object, java.lang.Object, java.lang.Object, java.lang.Object)'> (0x00000007165ab5c0) 
thrown [open/src/hotspot/share/interpreter/linkResolver.cpp, line 772]
Event: 0.268 Thread 0x00007aa75402caa0 Exception <a 'java/lang/NoSuchMethodError'{0x000000071638f158}: 'int java.lang.invoke.DirectMethodHandle$Holder.invokeStaticInit(java.lang.Object, java.lang.Object, java.lang.Object, java.lang.Object)'> (0x000000071638f158) 
thrown [open/src/hotspot/share/interpreter/linkResolver.cpp, line 772]
Event: 0.271 Thread 0x00007aa75402caa0 Exception <a 'java/lang/NoSuchMethodError'{0x0000000716397ce0}: 'java.lang.Object java.lang.invoke.DirectMethodHandle$Holder.invokeInterface(java.lang.Object, java.lang.Object)'> (0x0000000716397ce0) 
thrown [open/src/hotspot/share/interpreter/linkResolver.cpp, line 772]
Event: 0.271 Thread 0x00007aa75402caa0 Exception <a 'java/lang/IncompatibleClassChangeError'{0x000000071639af48}: Found class java.lang.Object, but interface was expected> (0x000000071639af48) 
thrown [open/src/hotspot/share/interpreter/linkResolver.cpp, line 840]
Event: 0.271 Thread 0x00007aa75402caa0 Exception <a 'java/lang/NoSuchMethodError'{0x000000071639e100}: 'void java.lang.invoke.DirectMethodHandle$Holder.invokeStatic(java.lang.Object, java.lang.Object)'> (0x000000071639e100) 
thrown [open/src/hotspot/share/interpreter/linkResolver.cpp, line 772]
Event: 0.272 Thread 0x00007aa75402caa0 Exception <a 'java/lang/NoSuchMethodError'{0x00000007163a19f8}: 'void java.lang.invoke.DirectMethodHandle$Holder.invokeStaticInit(java.lang.Object, java.lang.Object)'> (0x00000007163a19f8) 
thrown [open/src/hotspot/share/interpreter/linkResolver.cpp, line 772]
Event: 0.273 Thread 0x00007aa75402caa0 Exception <a 'java/lang/NoSuchMethodError'{0x00000007163a9568}: 'int java.lang.invoke.DirectMethodHandle$Holder.invokeStaticInit(java.lang.Object, java.lang.Object)'> (0x00000007163a9568) 
thrown [open/src/hotspot/share/interpreter/linkResolver.cpp, line 772]

ZGC Phase Switch (0 events):
No events

VM Operations (20 events):
Event: 12.369 Executing VM operation: ChangeSingleStep
Event: 12.369 Executing VM operation: ChangeSingleStep done
Event: 12.370 Executing VM operation: ChangeSingleStep
Event: 12.370 Executing VM operation: ChangeSingleStep done
Event: 12.370 Executing VM operation: ChangeSingleStep
Event: 12.370 Executing VM operation: ChangeSingleStep done
Event: 12.370 Executing VM operation: ChangeSingleStep
Event: 12.370 Executing VM operation: ChangeSingleStep done
Event: 12.370 Executing VM operation: ChangeSingleStep
Event: 12.370 Executing VM operation: ChangeSingleStep done
Event: 12.370 Executing VM operation: ChangeSingleStep
Event: 12.370 Executing VM operation: ChangeSingleStep done
Event: 12.370 Executing VM operation: ChangeSingleStep
Event: 12.370 Executing VM operation: ChangeSingleStep done
Event: 12.370 Executing VM operation: ChangeSingleStep
Event: 12.370 Executing VM operation: ChangeSingleStep done
Event: 12.370 Executing VM operation: ChangeSingleStep
Event: 12.370 Executing VM operation: ChangeSingleStep done
Event: 12.370 Executing VM operation: ChangeSingleStep
Event: 12.370 Executing VM operation: ChangeSingleStep done

Events (20 events):
Event: 0.034 Thread 0x00007aa754156fb0 Thread added: 0x00007aa754156fb0
Event: 0.034 Protecting memory [0x00007aa734e37000,0x00007aa734e3b000] with protection modes 0
Event: 0.037 Thread 0x00007aa754158550 Thread added: 0x00007aa754158550
Event: 0.037 Protecting memory [0x00007aa734d37000,0x00007aa734d3b000] with protection modes 0
Event: 0.038 Thread 0x00007aa75415a090 Thread added: 0x00007aa75415a090
Event: 0.038 Protecting memory [0x00007aa734c37000,0x00007aa734c3b000] with protection modes 0
Event: 0.043 Thread 0x00007aa75415b750 Thread added: 0x00007aa75415b750
Event: 0.043 Protecting memory [0x00007aa734a67000,0x00007aa734a6b000] with protection modes 0
Event: 0.075 Thread 0x00007aa7541a4b40 Thread added: 0x00007aa7541a4b40
Event: 0.076 Protecting memory [0x00007aa734967000,0x00007aa73496b000] with protection modes 0
Event: 0.114 Thread 0x00007aa7541e17a0 Thread added: 0x00007aa7541e17a0
Event: 0.114 Protecting memory [0x00007aa734867000,0x00007aa73486b000] with protection modes 0
Event: 0.115 Thread 0x00007aa7541f54f0 Thread added: 0x00007aa7541f54f0
Event: 0.115 Protecting memory [0x00007aa734767000,0x00007aa73476b000] with protection modes 0
Event: 0.118 Thread 0x00007aa6b8059bc0 Thread added: 0x00007aa6b8059bc0
Event: 0.118 Protecting memory [0x00007aa734667000,0x00007aa73466b000] with protection modes 0
Event: 0.199 Thread 0x00007aa75420ce80 Thread added: 0x00007aa75420ce80
Event: 0.213 Protecting memory [0x00007aa734567000,0x00007aa73456b000] with protection modes 0
Event: 0.261 Thread 0x00007aa754244dd0 Thread added: 0x00007aa754244dd0
Event: 0.264 Protecting memory [0x00007aa734467000,0x00007aa73446b000] with protection modes 0


Dynamic libraries:
706c00000-716600000 rw-p 00000000 00:00 0 
716600000-7ffe00000 ---p 00000000 00:00 0 
7ffe00000-7fff08000 rw-p 00ce5000 08:03 2903295                          /home/wangjing/.jdks/openjdk-21.0.2/lib/server/classes.jsa
7fff08000-800000000 rw-p 00000000 00:00 0 
55f9dad56000-55f9dad57000 r-xp 00000000 08:03 2902800                    /home/wangjing/.jdks/openjdk-21.0.2/bin/java
55f9dad58000-55f9dad59000 r--p 00001000 08:03 2902800                    /home/wangjing/.jdks/openjdk-21.0.2/bin/java
55f9dad59000-55f9dad5a000 rw-p 00002000 08:03 2902800                    /home/wangjing/.jdks/openjdk-21.0.2/bin/java
55f9dc5a8000-55f9dc5ee000 rw-p 00000000 00:00 0                          [heap]
7aa6ad400000-7aa6add26000 r--p 00000000 08:03 3025897                    /home/wangjing/.javacpp/cache/llvm-13.0.1-1.5.7-linux-x86_64.jar/org/bytedeco/llvm/linux-x86_64/libLLVM-13.so
7aa6add26000-7aa6b16e9000 r-xp 00926000 08:03 3025897                    /home/wangjing/.javacpp/cache/llvm-13.0.1-1.5.7-linux-x86_64.jar/org/bytedeco/llvm/linux-x86_64/libLLVM-13.so
7aa6b16e9000-7aa6b393e000 r--p 042e9000 08:03 3025897                    /home/wangjing/.javacpp/cache/llvm-13.0.1-1.5.7-linux-x86_64.jar/org/bytedeco/llvm/linux-x86_64/libLLVM-13.so
7aa6b393e000-7aa6b3e53000 r--p 0653d000 08:03 3025897                    /home/wangjing/.javacpp/cache/llvm-13.0.1-1.5.7-linux-x86_64.jar/org/bytedeco/llvm/linux-x86_64/libLLVM-13.so
7aa6b3e53000-7aa6b3e5e000 rw-p 06a52000 08:03 3025897                    /home/wangjing/.javacpp/cache/llvm-13.0.1-1.5.7-linux-x86_64.jar/org/bytedeco/llvm/linux-x86_64/libLLVM-13.so
7aa6b3e5e000-7aa6b3ed4000 rw-p 00000000 00:00 0 
7aa6b4000000-7aa6b4316000 rw-p 00000000 00:00 0 
7aa6b4316000-7aa6b8000000 ---p 00000000 00:00 0 
7aa6b8000000-7aa6b83c9000 rw-p 00000000 00:00 0 
7aa6b83c9000-7aa6bc000000 ---p 00000000 00:00 0 
7aa6bc000000-7aa6bc021000 rw-p 00000000 00:00 0 
7aa6bc021000-7aa6c0000000 ---p 00000000 00:00 0 
7aa6c0000000-7aa6c0021000 rw-p 00000000 00:00 0 
7aa6c0021000-7aa6c4000000 ---p 00000000 00:00 0 
7aa6c4000000-7aa6c4021000 rw-p 00000000 00:00 0 
7aa6c4021000-7aa6c8000000 ---p 00000000 00:00 0 
7aa6c8000000-7aa6c8021000 rw-p 00000000 00:00 0 
7aa6c8021000-7aa6cc000000 ---p 00000000 00:00 0 
7aa6cc000000-7aa6cc021000 rw-p 00000000 00:00 0 
7aa6cc021000-7aa6d0000000 ---p 00000000 00:00 0 
7aa6d0000000-7aa6d0021000 rw-p 00000000 00:00 0 
7aa6d0021000-7aa6d4000000 ---p 00000000 00:00 0 
7aa6d4000000-7aa6d4190000 rw-p 00000000 00:00 0 
7aa6d4190000-7aa6d4400000 ---p 00000000 00:00 0 
7aa6d4400000-7aa6d45c0000 rw-p 00000000 00:00 0 
7aa6d45c0000-7aa6d8000000 ---p 00000000 00:00 0 
7aa6d8000000-7aa6d8021000 rw-p 00000000 00:00 0 
7aa6d8021000-7aa6dc000000 ---p 00000000 00:00 0 
7aa6de065000-7aa6df000000 rw-p 00000000 00:00 0 
7aa6df000000-7aa6dfca6000 rw-p 00001000 08:03 2903295                    /home/wangjing/.jdks/openjdk-21.0.2/lib/server/classes.jsa
7aa6dfca6000-7aa6e0000000 ---p 00000000 00:00 0 
7aa6e0000000-7aa6e0030000 rw-p 00000000 00:00 0 
7aa6e0030000-7aa6e0070000 rw-p 00000000 00:00 0 
7aa6e0070000-7aa6e0080000 ---p 00000000 00:00 0 
7aa6e0080000-7aa6e0090000 rw-p 00000000 00:00 0 
7aa6e0090000-7aa720000000 ---p 00000000 00:00 0 
7aa720000000-7aa720021000 rw-p 00000000 00:00 0 
7aa720021000-7aa724000000 ---p 00000000 00:00 0 
7aa724000000-7aa724021000 rw-p 00000000 00:00 0 
7aa724021000-7aa728000000 ---p 00000000 00:00 0 
7aa728000000-7aa728021000 rw-p 00000000 00:00 0 
7aa728021000-7aa72c000000 ---p 00000000 00:00 0 
7aa72c000000-7aa72c021000 rw-p 00000000 00:00 0 
7aa72c021000-7aa730000000 ---p 00000000 00:00 0 
7aa730000000-7aa730021000 rw-p 00000000 00:00 0 
7aa730021000-7aa734000000 ---p 00000000 00:00 0 
7aa734013000-7aa7340fa000 rw-p 00000000 00:00 0 
7aa7340fa000-7aa73415f000 r--p 00000000 08:03 3025902                    /home/wangjing/.javacpp/cache/llvm-13.0.1-1.5.7-linux-x86_64.jar/org/bytedeco/llvm/linux-x86_64/libjniLLVM.so
7aa73415f000-7aa7341cd000 r-xp 00065000 08:03 3025902                    /home/wangjing/.javacpp/cache/llvm-13.0.1-1.5.7-linux-x86_64.jar/org/bytedeco/llvm/linux-x86_64/libjniLLVM.so
7aa7341cd000-7aa7341f8000 r--p 000d3000 08:03 3025902                    /home/wangjing/.javacpp/cache/llvm-13.0.1-1.5.7-linux-x86_64.jar/org/bytedeco/llvm/linux-x86_64/libjniLLVM.so
7aa7341f8000-7aa7341fb000 r--p 000fd000 08:03 3025902                    /home/wangjing/.javacpp/cache/llvm-13.0.1-1.5.7-linux-x86_64.jar/org/bytedeco/llvm/linux-x86_64/libjniLLVM.so
7aa7341fb000-7aa7341fe000 rw-p 00100000 08:03 3025902                    /home/wangjing/.javacpp/cache/llvm-13.0.1-1.5.7-linux-x86_64.jar/org/bytedeco/llvm/linux-x86_64/libjniLLVM.so
7aa7341fe000-7aa734200000 rw-p 00000000 00:00 0 
7aa734200000-7aa73429a000 r--p 00000000 08:03 917771                     /usr/lib/x86_64-linux-gnu/libstdc++.so.6.0.30
7aa73429a000-7aa7343ab000 r-xp 0009a000 08:03 917771                     /usr/lib/x86_64-linux-gnu/libstdc++.so.6.0.30
7aa7343ab000-7aa73441a000 r--p 001ab000 08:03 917771                     /usr/lib/x86_64-linux-gnu/libstdc++.so.6.0.30
7aa73441a000-7aa73441b000 ---p 0021a000 08:03 917771                     /usr/lib/x86_64-linux-gnu/libstdc++.so.6.0.30
7aa73441b000-7aa734426000 r--p 0021a000 08:03 917771                     /usr/lib/x86_64-linux-gnu/libstdc++.so.6.0.30
7aa734426000-7aa734429000 rw-p 00225000 08:03 917771                     /usr/lib/x86_64-linux-gnu/libstdc++.so.6.0.30
7aa734429000-7aa73442c000 rw-p 00000000 00:00 0 
7aa734447000-7aa73444a000 r--p 00000000 08:03 919532                     /usr/lib/x86_64-linux-gnu/libgcc_s.so.1
7aa73444a000-7aa734461000 r-xp 00003000 08:03 919532                     /usr/lib/x86_64-linux-gnu/libgcc_s.so.1
7aa734461000-7aa734465000 r--p 0001a000 08:03 919532                     /usr/lib/x86_64-linux-gnu/libgcc_s.so.1
7aa734465000-7aa734466000 r--p 0001d000 08:03 919532                     /usr/lib/x86_64-linux-gnu/libgcc_s.so.1
7aa734466000-7aa734467000 rw-p 0001e000 08:03 919532                     /usr/lib/x86_64-linux-gnu/libgcc_s.so.1
7aa734467000-7aa73446b000 ---p 00000000 00:00 0 
7aa73446b000-7aa734567000 rw-p 00000000 00:00 0 
7aa734567000-7aa73456b000 ---p 00000000 00:00 0 
7aa73456b000-7aa734667000 rw-p 00000000 00:00 0 
7aa734667000-7aa73466b000 ---p 00000000 00:00 0 
7aa73466b000-7aa734767000 rw-p 00000000 00:00 0 
7aa734767000-7aa73476b000 ---p 00000000 00:00 0 
7aa73476b000-7aa734867000 rw-p 00000000 00:00 0 
7aa734867000-7aa73486b000 ---p 00000000 00:00 0 
7aa73486b000-7aa734967000 rw-p 00000000 00:00 0 
7aa734967000-7aa73496b000 ---p 00000000 00:00 0 
7aa73496b000-7aa734a67000 rw-p 00000000 00:00 0 
7aa734a67000-7aa734a6b000 ---p 00000000 00:00 0 
7aa734a6b000-7aa734b67000 rw-p 00000000 00:00 0 
7aa734b67000-7aa734c35000 r-xp 00000000 08:03 2903269                    /home/wangjing/.jdks/openjdk-21.0.2/lib/libjsvml.so
7aa734c35000-7aa734c36000 r--p 000cd000 08:03 2903269                    /home/wangjing/.jdks/openjdk-21.0.2/lib/libjsvml.so
7aa734c36000-7aa734c37000 rw-p 000ce000 08:03 2903269                    /home/wangjing/.jdks/openjdk-21.0.2/lib/libjsvml.so
7aa734c37000-7aa734c3b000 ---p 00000000 00:00 0 
7aa734c3b000-7aa734d37000 rw-p 00000000 00:00 0 
7aa734d37000-7aa734d3b000 ---p 00000000 00:00 0 
7aa734d3b000-7aa734e37000 rw-p 00000000 00:00 0 
7aa734e37000-7aa734e3b000 ---p 00000000 00:00 0 
7aa734e3b000-7aa734f37000 rw-p 00000000 00:00 0 
7aa734f37000-7aa734f3b000 ---p 00000000 00:00 0 
7aa734f3b000-7aa735037000 rw-p 00000000 00:00 0 
7aa735037000-7aa73503b000 ---p 00000000 00:00 0 
7aa73503b000-7aa735137000 rw-p 00000000 00:00 0 
7aa735137000-7aa73513b000 ---p 00000000 00:00 0 
7aa73513b000-7aa735237000 rw-p 00000000 00:00 0 
7aa735237000-7aa735238000 ---p 00000000 00:00 0 
7aa735238000-7aa735338000 rw-p 00000000 00:00 0 
7aa735338000-7aa735339000 ---p 00000000 00:00 0 
7aa735339000-7aa735515000 rw-p 00000000 00:00 0 
7aa735515000-7aa735516000 ---p 00000000 00:00 0 
7aa735516000-7aa735616000 rw-p 00000000 00:00 0 
7aa735616000-7aa735617000 ---p 00000000 00:00 0 
7aa735617000-7aa737919000 rw-p 00000000 00:00 0 
7aa737919000-7aa73791a000 ---p 00000000 00:00 0 
7aa73791a000-7aa737a1a000 rw-p 00000000 00:00 0 
7aa737a1a000-7aa737a1b000 ---p 00000000 00:00 0 
7aa737a1b000-7aa737b1b000 rw-p 00000000 00:00 0 
7aa737b1b000-7aa737b1c000 ---p 00000000 00:00 0 
7aa737b1c000-7aa738004000 rw-p 00000000 00:00 0 
7aa738004000-7aa73ba64000 ---p 00000000 00:00 0 
7aa73ba64000-7aa73bae9000 rw-p 00000000 00:00 0 
7aa73bae9000-7aa73c235000 ---p 00000000 00:00 0 
7aa73c235000-7aa73c2b3000 rw-p 00000000 00:00 0 
7aa73c2b3000-7aa73c9ff000 ---p 00000000 00:00 0 
7aa73c9ff000-7aa73ca00000 rw-p 00000000 00:00 0 
7aa73ca00000-7aa73cc70000 rwxp 00000000 00:00 0 
7aa73cc70000-7aa743f38000 ---p 00000000 00:00 0 
7aa743f38000-7aa7441a8000 rwxp 00000000 00:00 0 
7aa7441a8000-7aa7444c7000 ---p 00000000 00:00 0 
7aa7444c7000-7aa744737000 rwxp 00000000 00:00 0 
7aa744737000-7aa74ba00000 ---p 00000000 00:00 0 
7aa74ba00000-7aa753ecf000 r--s 00000000 08:03 2903286                    /home/wangjing/.jdks/openjdk-21.0.2/lib/modules
7aa753ee7000-7aa753ee8000 r--p 00000000 08:03 3025900                    /home/wangjing/.javacpp/cache/llvm-13.0.1-1.5.7-linux-x86_64.jar/org/bytedeco/llvm/linux-x86_64/libRemarks.so.13
7aa753ee8000-7aa753ee9000 r-xp 00001000 08:03 3025900                    /home/wangjing/.javacpp/cache/llvm-13.0.1-1.5.7-linux-x86_64.jar/org/bytedeco/llvm/linux-x86_64/libRemarks.so.13
7aa753ee9000-7aa753eea000 r--p 00002000 08:03 3025900                    /home/wangjing/.javacpp/cache/llvm-13.0.1-1.5.7-linux-x86_64.jar/org/bytedeco/llvm/linux-x86_64/libRemarks.so.13
7aa753eea000-7aa753eeb000 r--p 00002000 08:03 3025900                    /home/wangjing/.javacpp/cache/llvm-13.0.1-1.5.7-linux-x86_64.jar/org/bytedeco/llvm/linux-x86_64/libRemarks.so.13
7aa753eeb000-7aa753eec000 rw-p 00003000 08:03 3025900                    /home/wangjing/.javacpp/cache/llvm-13.0.1-1.5.7-linux-x86_64.jar/org/bytedeco/llvm/linux-x86_64/libRemarks.so.13
7aa753eec000-7aa753ef3000 r--p 00000000 08:03 3025898                    /home/wangjing/.javacpp/cache/llvm-13.0.1-1.5.7-linux-x86_64.jar/org/bytedeco/llvm/linux-x86_64/libLTO.so.13
7aa753ef3000-7aa753efb000 r-xp 00007000 08:03 3025898                    /home/wangjing/.javacpp/cache/llvm-13.0.1-1.5.7-linux-x86_64.jar/org/bytedeco/llvm/linux-x86_64/libLTO.so.13
7aa753efb000-7aa753efd000 r--p 0000f000 08:03 3025898                    /home/wangjing/.javacpp/cache/llvm-13.0.1-1.5.7-linux-x86_64.jar/org/bytedeco/llvm/linux-x86_64/libLTO.so.13
7aa753efd000-7aa753efe000 r--p 00010000 08:03 3025898                    /home/wangjing/.javacpp/cache/llvm-13.0.1-1.5.7-linux-x86_64.jar/org/bytedeco/llvm/linux-x86_64/libLTO.so.13
7aa753efe000-7aa753eff000 rw-p 00011000 08:03 3025898                    /home/wangjing/.javacpp/cache/llvm-13.0.1-1.5.7-linux-x86_64.jar/org/bytedeco/llvm/linux-x86_64/libLTO.so.13
7aa753eff000-7aa754000000 rw-p 00000000 00:00 0 
7aa754000000-7aa754445000 rw-p 00000000 00:00 0 
7aa754445000-7aa758000000 ---p 00000000 00:00 0 
7aa758003000-7aa758007000 r--p 00000000 08:03 3025878                    /home/wangjing/.javacpp/cache/javacpp-1.5.7-linux-x86_64.jar/org/bytedeco/javacpp/linux-x86_64/libjnijavacpp.so
7aa758007000-7aa75800e000 r-xp 00004000 08:03 3025878                    /home/wangjing/.javacpp/cache/javacpp-1.5.7-linux-x86_64.jar/org/bytedeco/javacpp/linux-x86_64/libjnijavacpp.so
7aa75800e000-7aa758012000 r--p 0000b000 08:03 3025878                    /home/wangjing/.javacpp/cache/javacpp-1.5.7-linux-x86_64.jar/org/bytedeco/javacpp/linux-x86_64/libjnijavacpp.so
7aa758012000-7aa758013000 r--p 0000e000 08:03 3025878                    /home/wangjing/.javacpp/cache/javacpp-1.5.7-linux-x86_64.jar/org/bytedeco/javacpp/linux-x86_64/libjnijavacpp.so
7aa758013000-7aa758014000 rw-p 0000f000 08:03 3025878                    /home/wangjing/.javacpp/cache/javacpp-1.5.7-linux-x86_64.jar/org/bytedeco/javacpp/linux-x86_64/libjnijavacpp.so
7aa758014000-7aa75811a000 rw-p 00000000 00:00 0 
7aa75811a000-7aa758200000 ---p 00000000 00:00 0 
7aa758200000-7aa758a78000 r--p 00000000 08:03 918099                     /usr/lib/locale/locale-archive
7aa758a7b000-7aa758a8f000 r-xp 00000000 08:03 2903277                    /home/wangjing/.jdks/openjdk-21.0.2/lib/libnio.so
7aa758a8f000-7aa758a90000 r--p 00013000 08:03 2903277                    /home/wangjing/.jdks/openjdk-21.0.2/lib/libnio.so
7aa758a90000-7aa758a91000 rw-p 00014000 08:03 2903277                    /home/wangjing/.jdks/openjdk-21.0.2/lib/libnio.so
7aa758a91000-7aa758b1a000 rw-p 00000000 00:00 0 
7aa758b1a000-7aa758c00000 ---p 00000000 00:00 0 
7aa758c00000-7aa759f12000 r-xp 00000000 08:03 2903298                    /home/wangjing/.jdks/openjdk-21.0.2/lib/server/libjvm.so
7aa759f12000-7aa759f13000 ---p 01312000 08:03 2903298                    /home/wangjing/.jdks/openjdk-21.0.2/lib/server/libjvm.so
7aa759f13000-7aa759fe0000 r--p 01312000 08:03 2903298                    /home/wangjing/.jdks/openjdk-21.0.2/lib/server/libjvm.so
7aa759fe0000-7aa75a00e000 rw-p 013df000 08:03 2903298                    /home/wangjing/.jdks/openjdk-21.0.2/lib/server/libjvm.so
7aa75a00e000-7aa75a074000 rw-p 00000000 00:00 0 
7aa75a078000-7aa75a084000 r-xp 00000000 08:03 2903276                    /home/wangjing/.jdks/openjdk-21.0.2/lib/libnet.so
7aa75a084000-7aa75a085000 r--p 0000b000 08:03 2903276                    /home/wangjing/.jdks/openjdk-21.0.2/lib/libnet.so
7aa75a085000-7aa75a086000 rw-p 0000c000 08:03 2903276                    /home/wangjing/.jdks/openjdk-21.0.2/lib/libnet.so
7aa75a086000-7aa75a08b000 r-xp 00000000 08:03 2903253                    /home/wangjing/.jdks/openjdk-21.0.2/lib/libdt_socket.so
7aa75a08b000-7aa75a08c000 r--p 00004000 08:03 2903253                    /home/wangjing/.jdks/openjdk-21.0.2/lib/libdt_socket.so
7aa75a08c000-7aa75a08d000 rw-p 00005000 08:03 2903253                    /home/wangjing/.jdks/openjdk-21.0.2/lib/libdt_socket.so
7aa75a08d000-7aa75a092000 rw-p 00000000 00:00 0 
7aa75a092000-7aa75a099000 ---p 00000000 00:00 0 
7aa75a099000-7aa75a0b9000 r-xp 00000000 08:03 2903261                    /home/wangjing/.jdks/openjdk-21.0.2/lib/libjava.so
7aa75a0b9000-7aa75a0ba000 ---p 00020000 08:03 2903261                    /home/wangjing/.jdks/openjdk-21.0.2/lib/libjava.so
7aa75a0ba000-7aa75a0bb000 r--p 00020000 08:03 2903261                    /home/wangjing/.jdks/openjdk-21.0.2/lib/libjava.so
7aa75a0bb000-7aa75a0bc000 rw-p 00021000 08:03 2903261                    /home/wangjing/.jdks/openjdk-21.0.2/lib/libjava.so
7aa75a0bc000-7aa75a0bd000 rw-p 00000000 00:00 0 
7aa75a0bd000-7aa75a0fd000 r-xp 00000000 08:03 2903264                    /home/wangjing/.jdks/openjdk-21.0.2/lib/libjdwp.so
7aa75a0fd000-7aa75a0fe000 r--p 0003f000 08:03 2903264                    /home/wangjing/.jdks/openjdk-21.0.2/lib/libjdwp.so
7aa75a0fe000-7aa75a0ff000 rw-p 00040000 08:03 2903264                    /home/wangjing/.jdks/openjdk-21.0.2/lib/libjdwp.so
7aa75a0ff000-7aa75a100000 rw-p 00000000 00:00 0 
7aa75a100000-7aa75a104000 ---p 00000000 00:00 0 
7aa75a104000-7aa75a200000 rw-p 00000000 00:00 0 
7aa75a200000-7aa75a228000 r--p 00000000 08:03 918327                     /usr/lib/x86_64-linux-gnu/libc.so.6
7aa75a228000-7aa75a3bd000 r-xp 00028000 08:03 918327                     /usr/lib/x86_64-linux-gnu/libc.so.6
7aa75a3bd000-7aa75a415000 r--p 001bd000 08:03 918327                     /usr/lib/x86_64-linux-gnu/libc.so.6
7aa75a415000-7aa75a416000 ---p 00215000 08:03 918327                     /usr/lib/x86_64-linux-gnu/libc.so.6
7aa75a416000-7aa75a41a000 r--p 00215000 08:03 918327                     /usr/lib/x86_64-linux-gnu/libc.so.6
7aa75a41a000-7aa75a41c000 rw-p 00219000 08:03 918327                     /usr/lib/x86_64-linux-gnu/libc.so.6
7aa75a41c000-7aa75a429000 rw-p 00000000 00:00 0 
7aa75a42b000-7aa75a432000 r--s 00000000 08:03 1577451                    /usr/lib/x86_64-linux-gnu/gconv/gconv-modules.cache
7aa75a432000-7aa75a438000 r--s 000f8000 08:03 1311711                    /opt/idea/idea-IU-233.14475.28/plugins/java/lib/rt/debugger-agent.jar
7aa75a438000-7aa75a43f000 r-xp 00000000 08:03 2903285                    /home/wangjing/.jdks/openjdk-21.0.2/lib/libzip.so
7aa75a43f000-7aa75a440000 ---p 00007000 08:03 2903285                    /home/wangjing/.jdks/openjdk-21.0.2/lib/libzip.so
7aa75a440000-7aa75a441000 r--p 00007000 08:03 2903285                    /home/wangjing/.jdks/openjdk-21.0.2/lib/libzip.so
7aa75a441000-7aa75a442000 rw-p 00008000 08:03 2903285                    /home/wangjing/.jdks/openjdk-21.0.2/lib/libzip.so
7aa75a442000-7aa75a44a000 rw-s 00000000 08:03 131140                     /tmp/hsperfdata_wangjing/32341
7aa75a44a000-7aa75a465000 r-xp 00000000 08:03 2903265                    /home/wangjing/.jdks/openjdk-21.0.2/lib/libjimage.so
7aa75a465000-7aa75a466000 ---p 0001b000 08:03 2903265                    /home/wangjing/.jdks/openjdk-21.0.2/lib/libjimage.so
7aa75a466000-7aa75a468000 r--p 0001b000 08:03 2903265                    /home/wangjing/.jdks/openjdk-21.0.2/lib/libjimage.so
7aa75a468000-7aa75a469000 rw-p 0001d000 08:03 2903265                    /home/wangjing/.jdks/openjdk-21.0.2/lib/libjimage.so
7aa75a469000-7aa75a477000 r--p 00000000 08:03 918405                     /usr/lib/x86_64-linux-gnu/libm.so.6
7aa75a477000-7aa75a4f3000 r-xp 0000e000 08:03 918405                     /usr/lib/x86_64-linux-gnu/libm.so.6
7aa75a4f3000-7aa75a54e000 r--p 0008a000 08:03 918405                     /usr/lib/x86_64-linux-gnu/libm.so.6
7aa75a54e000-7aa75a54f000 r--p 000e4000 08:03 918405                     /usr/lib/x86_64-linux-gnu/libm.so.6
7aa75a54f000-7aa75a550000 rw-p 000e5000 08:03 918405                     /usr/lib/x86_64-linux-gnu/libm.so.6
7aa75a550000-7aa75a551000 r--p 00000000 08:03 918629                     /usr/lib/x86_64-linux-gnu/librt.so.1
7aa75a551000-7aa75a552000 r-xp 00001000 08:03 918629                     /usr/lib/x86_64-linux-gnu/librt.so.1
7aa75a552000-7aa75a553000 r--p 00002000 08:03 918629                     /usr/lib/x86_64-linux-gnu/librt.so.1
7aa75a553000-7aa75a554000 r--p 00002000 08:03 918629                     /usr/lib/x86_64-linux-gnu/librt.so.1
7aa75a554000-7aa75a555000 rw-p 00003000 08:03 918629                     /usr/lib/x86_64-linux-gnu/librt.so.1
7aa75a555000-7aa75a559000 rw-p 00000000 00:00 0 
7aa75a559000-7aa75a55a000 r--p 00000000 08:03 918333                     /usr/lib/x86_64-linux-gnu/libdl.so.2
7aa75a55a000-7aa75a55b000 r-xp 00001000 08:03 918333                     /usr/lib/x86_64-linux-gnu/libdl.so.2
7aa75a55b000-7aa75a55c000 r--p 00002000 08:03 918333                     /usr/lib/x86_64-linux-gnu/libdl.so.2
7aa75a55c000-7aa75a55d000 r--p 00002000 08:03 918333                     /usr/lib/x86_64-linux-gnu/libdl.so.2
7aa75a55d000-7aa75a55e000 rw-p 00003000 08:03 918333                     /usr/lib/x86_64-linux-gnu/libdl.so.2
7aa75a55e000-7aa75a55f000 r--p 00000000 08:03 918461                     /usr/lib/x86_64-linux-gnu/libpthread.so.0
7aa75a55f000-7aa75a560000 r-xp 00001000 08:03 918461                     /usr/lib/x86_64-linux-gnu/libpthread.so.0
7aa75a560000-7aa75a561000 r--p 00002000 08:03 918461                     /usr/lib/x86_64-linux-gnu/libpthread.so.0
7aa75a561000-7aa75a562000 r--p 00002000 08:03 918461                     /usr/lib/x86_64-linux-gnu/libpthread.so.0
7aa75a562000-7aa75a563000 rw-p 00003000 08:03 918461                     /usr/lib/x86_64-linux-gnu/libpthread.so.0
7aa75a563000-7aa75a571000 r-xp 00000000 08:03 2903266                    /home/wangjing/.jdks/openjdk-21.0.2/lib/libjli.so
7aa75a571000-7aa75a572000 ---p 0000e000 08:03 2903266                    /home/wangjing/.jdks/openjdk-21.0.2/lib/libjli.so
7aa75a572000-7aa75a573000 r--p 0000e000 08:03 2903266                    /home/wangjing/.jdks/openjdk-21.0.2/lib/libjli.so
7aa75a573000-7aa75a574000 rw-p 0000f000 08:03 2903266                    /home/wangjing/.jdks/openjdk-21.0.2/lib/libjli.so
7aa75a574000-7aa75a576000 r--p 00000000 08:03 917955                     /usr/lib/x86_64-linux-gnu/libz.so.1.2.11
7aa75a576000-7aa75a587000 r-xp 00002000 08:03 917955                     /usr/lib/x86_64-linux-gnu/libz.so.1.2.11
7aa75a587000-7aa75a58d000 r--p 00013000 08:03 917955                     /usr/lib/x86_64-linux-gnu/libz.so.1.2.11
7aa75a58d000-7aa75a58e000 ---p 00019000 08:03 917955                     /usr/lib/x86_64-linux-gnu/libz.so.1.2.11
7aa75a58e000-7aa75a58f000 r--p 00019000 08:03 917955                     /usr/lib/x86_64-linux-gnu/libz.so.1.2.11
7aa75a58f000-7aa75a590000 rw-p 0001a000 08:03 917955                     /usr/lib/x86_64-linux-gnu/libz.so.1.2.11
7aa75a593000-7aa75a59d000 r-xp 00000000 08:03 2903256                    /home/wangjing/.jdks/openjdk-21.0.2/lib/libinstrument.so
7aa75a59d000-7aa75a59e000 ---p 0000a000 08:03 2903256                    /home/wangjing/.jdks/openjdk-21.0.2/lib/libinstrument.so
7aa75a59e000-7aa75a59f000 r--p 0000a000 08:03 2903256                    /home/wangjing/.jdks/openjdk-21.0.2/lib/libinstrument.so
7aa75a59f000-7aa75a5a0000 rw-p 0000b000 08:03 2903256                    /home/wangjing/.jdks/openjdk-21.0.2/lib/libinstrument.so
7aa75a5a0000-7aa75a5a1000 ---p 00000000 00:00 0 
7aa75a5a1000-7aa75a5a2000 r--p 00000000 00:00 0 
7aa75a5a2000-7aa75a5a4000 rw-p 00000000 00:00 0 
7aa75a5a4000-7aa75a5a6000 r--p 00000000 08:03 917666                     /usr/lib/x86_64-linux-gnu/ld-linux-x86-64.so.2
7aa75a5a6000-7aa75a5d0000 r-xp 00002000 08:03 917666                     /usr/lib/x86_64-linux-gnu/ld-linux-x86-64.so.2
7aa75a5d0000-7aa75a5db000 r--p 0002c000 08:03 917666                     /usr/lib/x86_64-linux-gnu/ld-linux-x86-64.so.2
7aa75a5db000-7aa75a5dc000 ---p 00000000 00:00 0 
7aa75a5dc000-7aa75a5de000 r--p 00037000 08:03 917666                     /usr/lib/x86_64-linux-gnu/ld-linux-x86-64.so.2
7aa75a5de000-7aa75a5e0000 rw-p 00039000 08:03 917666                     /usr/lib/x86_64-linux-gnu/ld-linux-x86-64.so.2
7ffe9bd29000-7ffe9bd4a000 rw-p 00000000 00:00 0                          [stack]
7ffe9bd62000-7ffe9bd66000 r--p 00000000 00:00 0                          [vvar]
7ffe9bd66000-7ffe9bd68000 r-xp 00000000 00:00 0                          [vdso]
ffffffffff600000-ffffffffff601000 --xp 00000000 00:00 0                  [vsyscall]
Total number of mappings: 245


VM Arguments:
jvm_args: -agentlib:jdwp=transport=dt_socket,address=127.0.0.1:56127,suspend=y,server=n -javaagent:/opt/idea/idea-IU-233.14475.28/plugins/java/lib/rt/debugger-agent.jar -Dfile.encoding=UTF-8 -Dsun.stdout.encoding=UTF-8 -Dsun.stderr.encoding=UTF-8 
java_command: Main ./tests/test1.sysy output.ll
java_class_path (initial): /home/wangjing/Lab/target/classes:/usr/local/lib/javacpp-1.5.7.jar:/usr/local/lib/llvm-13.0.1-1.5.7.jar:/usr/local/lib/antlr-4.9.1-complete.jar:/usr/local/lib/javacpp-1.5.7-linux-x86_64.jar:/usr/local/lib/llvm-platform-13.0.1-1.5.7.jar:/usr/local/lib/llvm-13.0.1-1.5.7-linux-x86_64.jar:/opt/idea/idea-IU-233.14475.28/lib/idea_rt.jar
Launcher Type: SUN_STANDARD

[Global flags]
     intx CICompilerCount                          = 2                                         {product} {ergonomic}
     uint ConcGCThreads                            = 1                                         {product} {ergonomic}
     uint G1ConcRefinementThreads                  = 2                                         {product} {ergonomic}
   size_t G1HeapRegionSize                         = 2097152                                   {product} {ergonomic}
    uintx GCDrainStackTargetSize                   = 64                                        {product} {ergonomic}
   size_t InitialHeapSize                          = 262144000                                 {product} {ergonomic}
   size_t MarkStackSize                            = 4194304                                   {product} {ergonomic}
   size_t MaxHeapSize                              = 4181721088                                {product} {ergonomic}
   size_t MaxNewSize                               = 2508193792                                {product} {ergonomic}
   size_t MinHeapDeltaBytes                        = 2097152                                   {product} {ergonomic}
   size_t MinHeapSize                              = 8388608                                   {product} {ergonomic}
    uintx NonNMethodCodeHeapSize                   = 5826188                                {pd product} {ergonomic}
    uintx NonProfiledCodeHeapSize                  = 122916026                              {pd product} {ergonomic}
    uintx ProfiledCodeHeapSize                     = 122916026                              {pd product} {ergonomic}
    uintx ReservedCodeCacheSize                    = 251658240                              {pd product} {ergonomic}
     bool SegmentedCodeCache                       = true                                      {product} {ergonomic}
   size_t SoftMaxHeapSize                          = 4181721088                             {manageable} {ergonomic}
     bool UseCompressedOops                        = true                           {product lp64_product} {ergonomic}
     bool UseG1GC                                  = true                                      {product} {ergonomic}

Logging:
Log output configuration:
 #0: stdout all=warning uptime,level,tags foldmultilines=false
 #1: stderr all=off uptime,level,tags foldmultilines=false

Environment Variables:
PATH=/usr/local/sbin:/usr/local/bin:/usr/sbin:/usr/bin:/sbin:/bin:/usr/games:/usr/local/games:/snap/bin:/snap/bin
USERNAME=wangjing
SHELL=/bin/bash
DISPLAY=:0
LANG=en_US.UTF-8
LC_NUMERIC=zh_CN.UTF-8
LC_TIME=zh_CN.UTF-8

Active Locale:
LC_ALL=LC_CTYPE=en_US.UTF-8;LC_NUMERIC=zh_CN.UTF-8;LC_TIME=zh_CN.UTF-8;LC_COLLATE=en_US.UTF-8;LC_MONETARY=zh_CN.UTF-8;LC_MESSAGES=en_US.UTF-8;LC_PAPER=zh_CN.UTF-8;LC_NAME=zh_CN.UTF-8;LC_ADDRESS=zh_CN.UTF-8;LC_TELEPHONE=zh_CN.UTF-8;LC_MEASUREMENT=zh_CN.UTF-8;LC_IDENTIFICATION=zh_CN.UTF-8
LC_COLLATE=en_US.UTF-8
LC_CTYPE=en_US.UTF-8
LC_MESSAGES=en_US.UTF-8
LC_MONETARY=zh_CN.UTF-8
LC_NUMERIC=zh_CN.UTF-8
LC_TIME=zh_CN.UTF-8

Signal Handlers:
   SIGSEGV: crash_handler in libjvm.so, mask=11100100010111111101111111111110, flags=SA_RESTART|SA_SIGINFO, unblocked
    SIGBUS: crash_handler in libjvm.so, mask=11100100010111111101111111111110, flags=SA_RESTART|SA_SIGINFO, unblocked
    SIGFPE: crash_handler in libjvm.so, mask=11100100010111111101111111111110, flags=SA_RESTART|SA_SIGINFO, unblocked
   SIGPIPE: javaSignalHandler in libjvm.so, mask=11100100010111111101111111111110, flags=SA_RESTART|SA_SIGINFO, blocked
   SIGXFSZ: javaSignalHandler in libjvm.so, mask=11100100010111111101111111111110, flags=SA_RESTART|SA_SIGINFO, blocked
    SIGILL: crash_handler in libjvm.so, mask=11100100010111111101111111111110, flags=SA_RESTART|SA_SIGINFO, unblocked
   SIGUSR2: SR_handler in libjvm.so, mask=00100000000000000000000000000000, flags=SA_RESTART|SA_SIGINFO, blocked
    SIGHUP: UserHandler in libjvm.so, mask=11100100010111111101111111111110, flags=SA_RESTART|SA_SIGINFO, blocked
    SIGINT: UserHandler in libjvm.so, mask=11100100010111111101111111111110, flags=SA_RESTART|SA_SIGINFO, blocked
   SIGTERM: UserHandler in libjvm.so, mask=11100100010111111101111111111110, flags=SA_RESTART|SA_SIGINFO, blocked
   SIGQUIT: UserHandler in libjvm.so, mask=11100100010111111101111111111110, flags=SA_RESTART|SA_SIGINFO, blocked
   SIGTRAP: crash_handler in libjvm.so, mask=11100100010111111101111111111110, flags=SA_RESTART|SA_SIGINFO, unblocked


Periodic native trim disabled

---------------  S Y S T E M  ---------------

OS:
DISTRIB_ID=Ubuntu
DISTRIB_RELEASE=22.04
DISTRIB_CODENAME=jammy
DISTRIB_DESCRIPTION="Ubuntu 22.04.4 LTS"
uname: Linux 6.5.0-35-generic #35~22.04.1-Ubuntu SMP PREEMPT_DYNAMIC Tue May  7 09:00:52 UTC 2 x86_64
OS uptime: 0 days 5:26 hours
libc: glibc 2.35 NPTL 2.35 
rlimit (soft/hard): STACK 8192k/infinity , CORE 0k/infinity , NPROC 63495/63495 , NOFILE 1048576/1048576 , AS infinity/infinity , CPU infinity/infinity , DATA infinity/infinity , FSIZE infinity/infinity , MEMLOCK 2041424k/2041424k
load average: 1.23 0.94 0.84

/proc/meminfo:
MemTotal:       16331420 kB
MemFree:         2138208 kB
MemAvailable:    9354280 kB
Buffers:          193152 kB
Cached:          7149104 kB
SwapCached:            0 kB
Active:          7890052 kB
Inactive:        5056384 kB
Active(anon):    5678144 kB
Inactive(anon):        0 kB
Active(file):    2211908 kB
Inactive(file):  5056384 kB
Unevictable:           0 kB
Mlocked:               0 kB
SwapTotal:       2097148 kB
SwapFree:        2097148 kB
Zswap:                 0 kB
Zswapped:              0 kB
Dirty:              6568 kB
Writeback:             0 kB
AnonPages:       5604188 kB
Mapped:          1425984 kB
Shmem:             73964 kB
KReclaimable:     285072 kB
Slab:             466304 kB
SReclaimable:     285072 kB
SUnreclaim:       181232 kB
KernelStack:       16848 kB
PageTables:        39092 kB
SecPageTables:         0 kB
NFS_Unstable:          0 kB
Bounce:                0 kB
WritebackTmp:          0 kB
CommitLimit:    10262856 kB
Committed_AS:    9404384 kB
VmallocTotal:   34359738367 kB
VmallocUsed:       46436 kB
VmallocChunk:          0 kB
Percpu:           110592 kB
HardwareCorrupted:     0 kB
AnonHugePages:         0 kB
ShmemHugePages:        0 kB
ShmemPmdMapped:        0 kB
FileHugePages:         0 kB
FilePmdMapped:         0 kB
Unaccepted:            0 kB
HugePages_Total:       0
HugePages_Free:        0
HugePages_Rsvd:        0
HugePages_Surp:        0
Hugepagesize:       2048 kB
Hugetlb:               0 kB
DirectMap4k:      159552 kB
DirectMap2M:     5083136 kB
DirectMap1G:    13631488 kB

/sys/kernel/mm/transparent_hugepage/enabled: always [madvise] never
/sys/kernel/mm/transparent_hugepage/defrag (defrag/compaction efforts parameter): always defer defer+madvise [madvise] never

Process Memory:
Virtual Size: 6890072K (peak: 6890072K)
Resident Set Size: 121844K (peak: 121844K) (anon: 70348K, file: 51496K, shmem: 0K)
Swapped out: 0K
C-Heap outstanding allocations: 31557K, retained: 7110K
glibc malloc tunables: (default)

/proc/sys/kernel/threads-max (system-wide limit on the number of threads): 126990
/proc/sys/vm/max_map_count (maximum number of memory map areas a process may have): 65530
/proc/sys/kernel/pid_max (system-wide limit on number of process identifiers): 4194304

container (cgroup) information:
container_type: cgroupv2
cpu_cpuset_cpus: not supported
cpu_memory_nodes: not supported
active_processor_count: 2
cpu_quota: not supported
cpu_period: not supported
cpu_shares: not supported
memory_limit_in_bytes: unlimited
memory_and_swap_limit_in_bytes: unlimited
memory_soft_limit_in_bytes: unlimited
memory_usage_in_bytes: 5754712 k
memory_max_usage_in_bytes: not supported
memory_swap_current_in_bytes: unlimited
memory_swap_max_limit_in_bytes: unlimited
maximum number of tasks: 19048
current number of tasks: 179

VMWare virtualization detected
Steal ticks since vm start: 0
Steal ticks percentage since vm start:  0.000

CPU: total 2 (initial active 2) (1 cores per cpu, 1 threads per core) family 25 model 116 stepping 1 microcode 0xffffffff, cx8, cmov, fxsr, mmx, sse, sse2, sse3, ssse3, sse4a, sse4.1, sse4.2, popcnt, lzcnt, tsc, tscinvbit, avx, avx2, aes, erms, clmul, bmi1, bmi2, adx, avx512f, avx512dq, avx512cd, avx512bw, avx512vl, sha, fma, vzeroupper, avx512_vpopcntdq, avx512_vpclmulqdq, avx512_vaes, avx512_vnni, clflush, clflushopt, avx512_vbmi2, avx512_vbmi, hv, rdtscp, rdpid, gfni, avx512_bitalg, f16c, avx512_ifma
CPU Model and flags from /proc/cpuinfo:
model name	: AMD Ryzen 7 7840HS with Radeon 780M Graphics
flags		: fpu vme de pse tsc msr pae mce cx8 apic sep mtrr pge mca cmov pat pse36 clflush mmx fxsr sse sse2 syscall nx mmxext pdpe1gb rdtscp lm constant_tsc rep_good nopl tsc_reliable nonstop_tsc cpuid extd_apicid tsc_known_freq pni pclmulqdq ssse3 fma cx16 sse4_1 sse4_2 x2apic movbe popcnt aes xsave avx f16c rdrand hypervisor lahf_lm cr8_legacy abm sse4a misalignsse 3dnowprefetch osvw topoext ibpb vmmcall fsgsbase bmi1 avx2 smep bmi2 erms invpcid avx512f avx512dq rdseed adx smap avx512ifma clflushopt clwb avx512cd sha_ni avx512bw avx512vl xsaveopt xsavec xgetbv1 xsaves avx512_bf16 clzero arat avx512vbmi umip avx512_vbmi2 gfni vaes vpclmulqdq avx512_vnni avx512_bitalg avx512_vpopcntdq rdpid overflow_recov succor

Online cpus: 0-1
Offline cpus: 2-127
BIOS frequency limitation: <Not Available>
Frequency switch latency (ns): <Not Available>
Available cpu frequencies: <Not Available>
Current governor: <Not Available>
Core performance/turbo boost: <Not Available>

Memory: 4k page, physical 16331420k(9354280k free), swap 2097148k(2097148k free)
Page Sizes: 4k

vm_info: OpenJDK 64-Bit Server VM (21.0.2+13-58) for linux-amd64 JRE (21.0.2+13-58), built on 2024-01-05T18:32:24Z by "mach5one" with gcc 11.2.0

END.
