#
# A fatal error has been detected by the Java Runtime Environment:
#
#  SIGSEGV (0xb) at pc=0x00007d8bf5fede80, pid=32033, tid=32038
#
# JRE version: OpenJDK Runtime Environment (21.0.2+13) (build 21.0.2+13-58)
# Java VM: OpenJDK 64-Bit Server VM (21.0.2+13-58, mixed mode, sharing, tiered, compressed oops, compressed class ptrs, g1 gc, linux-amd64)
# Problematic frame:
# C  [libLLVM-13.so+0xbede80]  llvm::BasicBlock::getModule() const+0x0
#
# Core dump will be written. Default location: Core dumps may be processed with "/usr/share/apport/apport -p%p -s%s -c%c -d%d -P%P -u%u -g%g -- %E" (or dumping to /home/wangjing/Lab/core.32033)
#
# If you would like to submit a bug report, please visit:
#   https://bugreport.java.com/bugreport/crash.jsp
# The crash happened outside the Java Virtual Machine in native code.
# See problematic frame for where to report the bug.
#

---------------  S U M M A R Y ------------

Command Line: -agentlib:jdwp=transport=dt_socket,address=127.0.0.1:46523,suspend=y,server=n -javaagent:/opt/idea/idea-IU-233.14475.28/plugins/java/lib/rt/debugger-agent.jar -Dfile.encoding=UTF-8 -Dsun.stdout.encoding=UTF-8 -Dsun.stderr.encoding=UTF-8 Main ./tests/test1.sysy output.ll

Host: AMD Ryzen 7 7840HS with Radeon 780M Graphics, 2 cores, 15G, Ubuntu 22.04.4 LTS
Time: Thu May 30 14:06:52 2024 CST elapsed time: 52.049818 seconds (0d 0h 0m 52s)

---------------  T H R E A D  ---------------

Current thread (0x00007d8ca002caa0):  JavaThread "main"             [_thread_in_native, id=32038, stack(0x00007d8ca5900000,0x00007d8ca5a00000) (1024K)]

Stack: [0x00007d8ca5900000,0x00007d8ca5a00000],  sp=0x00007d8ca59fd8f8,  free space=1014k
Native frames: (J=compiled Java code, j=interpreted, Vv=VM code, C=native code)
C  [libLLVM-13.so+0xbede80]  llvm::BasicBlock::getModule() const+0x0
Java frames: (J=compiled Java code, j=interpreted, Vv=VM code)
j  org.bytedeco.llvm.global.LLVM.LLVMBuildLoad(Lorg/bytedeco/llvm/LLVM/LLVMBuilderRef;Lorg/bytedeco/llvm/LLVM/LLVMValueRef;Ljava/lang/String;)Lorg/bytedeco/llvm/LLVM/LLVMValueRef;+0
j  MyVisitor.visitLVal(LSysYParser$LValContext;)Lorg/bytedeco/llvm/LLVM/LLVMValueRef;+31
j  MyVisitor.visitLVal(LSysYParser$LValContext;)Ljava/lang/Object;+2
j  SysYParser$LValContext.accept(Lorg/antlr/v4/runtime/tree/ParseTreeVisitor;)Ljava/lang/Object;+12
j  org.antlr.v4.runtime.tree.AbstractParseTreeVisitor.visitChildren(Lorg/antlr/v4/runtime/tree/RuleNode;)Ljava/lang/Object;+46
j  SysYParserBaseVisitor.visitExp2(LSysYParser$Exp2Context;)Ljava/lang/Object;+2
j  MyVisitor.visitExp2(LSysYParser$Exp2Context;)Lorg/bytedeco/llvm/LLVM/LLVMValueRef;+2
j  MyVisitor.visitExp2(LSysYParser$Exp2Context;)Ljava/lang/Object;+2
j  SysYParser$Exp2Context.accept(Lorg/antlr/v4/runtime/tree/ParseTreeVisitor;)Ljava/lang/Object;+12
j  org.antlr.v4.runtime.tree.AbstractParseTreeVisitor.visitChildren(Lorg/antlr/v4/runtime/tree/RuleNode;)Ljava/lang/Object;+46
j  SysYParserBaseVisitor.visitConstExp(LSysYParser$ConstExpContext;)Ljava/lang/Object;+2
j  SysYParser$ConstExpContext.accept(Lorg/antlr/v4/runtime/tree/ParseTreeVisitor;)Ljava/lang/Object;+12
j  org.antlr.v4.runtime.tree.AbstractParseTreeVisitor.visitChildren(Lorg/antlr/v4/runtime/tree/RuleNode;)Ljava/lang/Object;+46
j  SysYParserBaseVisitor.visitConstInitVal(LSysYParser$ConstInitValContext;)Ljava/lang/Object;+2
j  SysYParser$ConstInitValContext.accept(Lorg/antlr/v4/runtime/tree/ParseTreeVisitor;)Ljava/lang/Object;+12
j  org.antlr.v4.runtime.tree.AbstractParseTreeVisitor.visit(Lorg/antlr/v4/runtime/tree/ParseTree;)Ljava/lang/Object;+2
j  MyVisitor.visit(Lorg/antlr/v4/runtime/tree/ParseTree;)Lorg/bytedeco/llvm/LLVM/LLVMValueRef;+2
j  MyVisitor.visitConstDef(LSysYParser$ConstDefContext;)Lorg/bytedeco/llvm/LLVM/LLVMValueRef;+52
j  MyVisitor.visitConstDef(LSysYParser$ConstDefContext;)Ljava/lang/Object;+2
j  SysYParser$ConstDefContext.accept(Lorg/antlr/v4/runtime/tree/ParseTreeVisitor;)Ljava/lang/Object;+12
j  org.antlr.v4.runtime.tree.AbstractParseTreeVisitor.visitChildren(Lorg/antlr/v4/runtime/tree/RuleNode;)Ljava/lang/Object;+46
j  SysYParserBaseVisitor.visitConstDecl(LSysYParser$ConstDeclContext;)Ljava/lang/Object;+2
j  SysYParser$ConstDeclContext.accept(Lorg/antlr/v4/runtime/tree/ParseTreeVisitor;)Ljava/lang/Object;+12
j  org.antlr.v4.runtime.tree.AbstractParseTreeVisitor.visitChildren(Lorg/antlr/v4/runtime/tree/RuleNode;)Ljava/lang/Object;+46
j  SysYParserBaseVisitor.visitDecl(LSysYParser$DeclContext;)Ljava/lang/Object;+2
j  SysYParser$DeclContext.accept(Lorg/antlr/v4/runtime/tree/ParseTreeVisitor;)Ljava/lang/Object;+12
j  org.antlr.v4.runtime.tree.AbstractParseTreeVisitor.visitChildren(Lorg/antlr/v4/runtime/tree/RuleNode;)Ljava/lang/Object;+46
j  SysYParserBaseVisitor.visitCompUnit(LSysYParser$CompUnitContext;)Ljava/lang/Object;+2
j  MyVisitor.visitCompUnit(LSysYParser$CompUnitContext;)Lorg/bytedeco/llvm/LLVM/LLVMValueRef;+2
j  MyVisitor.visitProgram(LSysYParser$ProgramContext;)Lorg/bytedeco/llvm/LLVM/LLVMValueRef;+48
j  MyVisitor.visitProgram(LSysYParser$ProgramContext;)Ljava/lang/Object;+2
j  SysYParser$ProgramContext.accept(Lorg/antlr/v4/runtime/tree/ParseTreeVisitor;)Ljava/lang/Object;+12
j  org.antlr.v4.runtime.tree.AbstractParseTreeVisitor.visit(Lorg/antlr/v4/runtime/tree/ParseTree;)Ljava/lang/Object;+2
j  MyVisitor.visit(Lorg/antlr/v4/runtime/tree/ParseTree;)Lorg/bytedeco/llvm/LLVM/LLVMValueRef;+2
j  Main.main([Ljava/lang/String;)V+73
v  ~StubRoutines::call_stub 0x00007d8c8ff38cc6

siginfo: si_signo: 11 (SIGSEGV), si_code: 1 (SEGV_MAPERR), si_addr: 0x0000000000000038

Registers:
RAX=0x00007d8ca0400140, RBX=0x00007d8ca0401660, RCX=0x00007d8ca002ca78, RDX=0x00007d8c08340b10
RSP=0x00007d8ca59fd8f8, RBP=0x00007d8ca03ff7c0, RSI=0x0000000000000101, RDI=0x0000000000000000
R8 =0x0000000715bd1818, R9 =0x0000000000000002, R10=0x00007d8bf5451700, R11=0x00007d8bf602c870
R12=0x00007d8ca59fda50, R13=0x00007d8ca0401660, R14=0x00007d8ca03fd648, R15=0x00007d8ca002caa0
RIP=0x00007d8bf5fede80, EFLAGS=0x0000000000010206, CSGSFS=0x002b000000000033, ERR=0x0000000000000004
  TRAPNO=0x000000000000000e


Register to memory mapping:

RAX=0x00007d8ca0400140 points into unknown readable memory: 0x00007d8ca03fcec0 | c0 ce 3f a0 8c 7d 00 00
RBX=0x00007d8ca0401660 points into unknown readable memory: 0x00007d8ca0400140 | 40 01 40 a0 8c 7d 00 00
RCX=0x00007d8ca002ca78 points into unknown readable memory: 0x6761726f7453706f | 6f 70 53 74 6f 72 61 67
RDX=0x00007d8c08340b10 points into unknown readable memory: 0x00007d8bdcc00078 | 78 00 c0 dc 8b 7d 00 00
RSP=0x00007d8ca59fd8f8 is pointing into the stack for thread: 0x00007d8ca002caa0
RBP=0x00007d8ca03ff7c0 points into unknown readable memory: 0x00007d8ca03ff7d0 | d0 f7 3f a0 8c 7d 00 00
RSI=0x0000000000000101 is an unknown value
RDI=0x0 is null
R8 =
[error occurred during error reporting (printing register info), id 0xb, SIGSEGV (0xb) at pc=0x00007d8ca6198ab3]
R9 =0x0000000000000002 is an unknown value
R10=0x00007d8bf5451700: <offset 0x0000000000051700> in /home/wangjing/.javacpp/cache/llvm-13.0.1-1.5.7-linux-x86_64.jar/org/bytedeco/llvm/linux-x86_64/libLLVM-13.so at 0x00007d8bf5400000
R11=0x00007d8bf602c870: LLVMBuildLoad+0x0000000000000000 in /home/wangjing/.javacpp/cache/llvm-13.0.1-1.5.7-linux-x86_64.jar/org/bytedeco/llvm/linux-x86_64/libLLVM-13.so at 0x00007d8bf5400000
R12=0x00007d8ca59fda50 is pointing into the stack for thread: 0x00007d8ca002caa0
R13=0x00007d8ca0401660 points into unknown readable memory: 0x00007d8ca0400140 | 40 01 40 a0 8c 7d 00 00
R14=0x00007d8ca03fd648 points into unknown readable memory: 0x00007d8ca03fcec0 | c0 ce 3f a0 8c 7d 00 00
R15=0x00007d8ca002caa0 is a thread

Top of Stack: (sp=0x00007d8ca59fd8f8)
0x00007d8ca59fd8f8:   00007d8bf602c8aa 00007d8c08340b10
0x00007d8ca59fd908:   0000000000000000 0000000000000000
0x00007d8ca59fd918:   0000000000000000 0000000000000103
0x00007d8ca59fd928:   0000000000000000 0000000000000000
0x00007d8ca59fd938:   0000000000000000 00007d8ca59fda48
0x00007d8ca59fd948:   00007d8ca002caa0 00007d8ca002ce58
0x00007d8ca59fd958:   00007d8c74d66fa1 00007d8ca0401660
0x00007d8ca59fd968:   00007d8ca002ce58 00007d8ca59fda50
0x00007d8ca59fd978:   00007d8ca03ff7c0 00007d8c08340b10
0x00007d8ca59fd988:   00007d8c74d7d8dc 00007d8c23556f98
0x00007d8ca59fd998:   00007d8ca59fda28 0000000000000000
0x00007d8ca59fd9a8:   00007d8c23556f98 00007d8ca59fda58
0x00007d8ca59fd9b8:   00007d8c8ff47c0d 00007d8ca59fda28
0x00007d8ca59fd9c8:   00007d8c8ff4780d 0000000000000000
0x00007d8ca59fd9d8:   00007d8c8ff477d8 00007d8ca59fd9e0
0x00007d8ca59fd9e8:   00007d8c23556f98 0000000000000006
0x00007d8ca59fd9f8:   00007d8c2358c2f0 0000000000000000
0x00007d8ca59fda08:   0000000715d71f50 00007d8c23556f98
0x00007d8ca59fda18:   0000000000000000 00007d8ca59fda48
0x00007d8ca59fda28:   00007d8ca59fdaa8 00007d8c8ff40cb5
0x00007d8ca59fda38:   0000000715d71f50 00007d8c8ff43e5a
0x00007d8ca59fda48:   0000000715bd1650 0000000715bb4788
0x00007d8ca59fda58:   0000000715bb2bc0 00007d8ca59fda60
0x00007d8ca59fda68:   00007d8c2351b09f 0000000000000004
0x00007d8ca59fda78:   00007d8c235235d8 0000000000000000
0x00007d8ca59fda88:   0000000715d340b8 00007d8c2351b0d0
0x00007d8ca59fda98:   00007d8ca59fda48 00007d8ca59fdac0
0x00007d8ca59fdaa8:   00007d8ca59fdb18 00007d8c8ff40cb5
0x00007d8ca59fdab8:   0000000715bb4788 0000000715cdfb30
0x00007d8ca59fdac8:   0000000715d3ad48 00007d8ca59fdad0
0x00007d8ca59fdad8:   00007d8c2351b222 0000000000000003
0x00007d8ca59fdae8:   00007d8c235235d8 0000000000000000 

Instructions: (pc=0x00007d8bf5fede80)
0x00007d8bf5fedd80:   ff 66 0f ef c0 48 89 02 48 89 50 08 41 0f 11 45
0x00007d8bf5fedd90:   00 e8 5a 4b 17 00 4c 39 f3 75 c5 4d 8b 6c 24 30
0x00007d8bf5fedda0:   4c 39 ed 74 3b 0f 1f 00 4c 89 eb 48 89 ef 4d 8b
0x00007d8bf5feddb0:   6d 08 4c 8d 73 e8 4c 89 f6 e8 42 fd ff ff 48 8b
0x00007d8bf5feddc0:   03 48 8b 53 08 66 0f ef c9 4c 89 f7 48 89 02 48
0x00007d8bf5feddd0:   89 50 08 0f 11 0b e8 15 4b 17 00 4c 39 ed 75 c8
0x00007d8bf5fedde0:   48 83 c4 08 4c 89 e7 5b 5d 41 5c 41 5d 41 5e 41
0x00007d8bf5feddf0:   5f e9 fa 48 17 00 66 2e 0f 1f 84 00 00 00 00 00
0x00007d8bf5fede00:   48 8d 4b e8 48 89 c8 48 29 d0 e9 11 ff ff ff 90
0x00007d8bf5fede10:   48 8b 07 48 8b 38 e8 45 13 16 00 31 d2 be 01 00
0x00007d8bf5fede20:   00 00 48 89 c7 e8 b6 2a 02 00 48 89 c3 49 8b 44
0x00007d8bf5fede30:   24 08 48 85 c0 0f 84 a2 fe ff ff 0f 1f 44 00 00
0x00007d8bf5fede40:   48 8b 68 18 31 d2 48 89 df 48 8b 75 00 e8 ae bc
0x00007d8bf5fede50:   02 00 48 89 ef 48 89 c6 e8 63 65 17 00 48 89 ef
0x00007d8bf5fede60:   e8 4b 81 02 00 49 8b 44 24 08 48 85 c0 75 d1 e9
0x00007d8bf5fede70:   69 fe ff ff 66 2e 0f 1f 84 00 00 00 00 00 66 90
0x00007d8bf5fede80:   48 8b 47 38 48 8b 40 28 c3 0f 1f 80 00 00 00 00
0x00007d8bf5fede90:   48 8b 47 28 48 83 c7 28 48 39 f8 74 2b 48 85 c0
0x00007d8bf5fedea0:   0f 84 9e 9d d3 ff 4c 8d 40 e8 0f b6 40 f8 83 e8
0x00007d8bf5fedeb0:   1b 83 f8 0b b8 00 00 00 00 4c 0f 43 c0 4c 89 c0
0x00007d8bf5fedec0:   c3 0f 1f 80 00 00 00 00 45 31 c0 eb f0 0f 1f 00
0x00007d8bf5feded0:   48 8b 47 28 48 8d 57 28 48 39 d0 0f 84 af 00 00
0x00007d8bf5fedee0:   00 48 85 c0 0f 84 64 9d d3 ff 45 31 c0 80 78 f8
0x00007d8bf5fedef0:   1b 75 23 48 8b 57 30 48 8d 48 e8 48 85 d2 74 09
0x00007d8bf5fedf00:   48 83 ea 18 48 39 d1 74 0d 48 8b 50 10 45 31 c0
0x00007d8bf5fedf10:   48 39 42 30 75 0a 4c 89 c0 c3 66 0f 1f 44 00 00
0x00007d8bf5fedf20:   4c 8b 00 4d 85 c0 74 ee 8b 50 fc 49 8d 48 e8 81
0x00007d8bf5fedf30:   e2 ff ff ff 07 74 3e 89 d2 48 f7 da 48 c1 e2 05
0x00007d8bf5fedf40:   48 8b 44 10 e8 48 85 c0 74 2b 48 39 c1 75 41 41
0x00007d8bf5fedf50:   80 78 f8 4b 75 1f 49 8b 40 10 4c 39 40 30 74 30
0x00007d8bf5fedf60:   49 8b 48 c8 4d 8b 00 4d 85 c0 74 aa 49 83 e8 18
0x00007d8bf5fedf70:   4c 39 c1 75 1b 45 31 c0 80 79 10 52 75 98 0f b7 


Stack slot to memory mapping:

stack at sp + 0 slots: 0x00007d8bf602c8aa: LLVMBuildLoad+0x000000000000003a in /home/wangjing/.javacpp/cache/llvm-13.0.1-1.5.7-linux-x86_64.jar/org/bytedeco/llvm/linux-x86_64/libLLVM-13.so at 0x00007d8bf5400000
stack at sp + 1 slots: 0x00007d8c08340b10 points into unknown readable memory: 0x00007d8bdcc00078 | 78 00 c0 dc 8b 7d 00 00
stack at sp + 2 slots: 0x0 is null
stack at sp + 3 slots: 0x0 is null
stack at sp + 4 slots: 0x0 is null
stack at sp + 5 slots: 0x0000000000000103 is an unknown value
stack at sp + 6 slots: 0x0 is null
stack at sp + 7 slots: 0x0 is null


---------------  P R O C E S S  ---------------

Threads class SMR info:
_java_thread_list=0x00007d8bfc1c1e90, length=12, elements={
0x00007d8ca002caa0, 0x00007d8ca0152840, 0x00007d8ca0153e90, 0x00007d8ca0155970,
0x00007d8ca0156fb0, 0x00007d8ca0158550, 0x00007d8ca015a090, 0x00007d8ca015b750,
0x00007d8ca0175d60, 0x00007d8ca01c6130, 0x00007d8ca01dde10, 0x00007d8ca0215a80
}

Java Threads: ( => current thread )
=>0x00007d8ca002caa0 JavaThread "main"                              [_thread_in_native, id=32038, stack(0x00007d8ca5900000,0x00007d8ca5a00000) (1024K)]
  0x00007d8ca0152840 JavaThread "Reference Handler"          daemon [_thread_blocked, id=32059, stack(0x00007d8c75dff000,0x00007d8c75eff000) (1024K)]
  0x00007d8ca0153e90 JavaThread "Finalizer"                  daemon [_thread_blocked, id=32060, stack(0x00007d8c75cff000,0x00007d8c75dff000) (1024K)]
  0x00007d8ca0155970 JavaThread "Signal Dispatcher"          daemon [_thread_blocked, id=32061, stack(0x00007d8c75bff000,0x00007d8c75cff000) (1024K)]
  0x00007d8ca0156fb0 JavaThread "Service Thread"             daemon [_thread_blocked, id=32062, stack(0x00007d8c75aff000,0x00007d8c75bff000) (1024K)]
  0x00007d8ca0158550 JavaThread "Monitor Deflation Thread"   daemon [_thread_blocked, id=32063, stack(0x00007d8c759ff000,0x00007d8c75aff000) (1024K)]
  0x00007d8ca015a090 JavaThread "C2 CompilerThread0"         daemon [_thread_blocked, id=32064, stack(0x00007d8c758ff000,0x00007d8c759ff000) (1024K)]
  0x00007d8ca015b750 JavaThread "C1 CompilerThread0"         daemon [_thread_blocked, id=32065, stack(0x00007d8c757ff000,0x00007d8c758ff000) (1024K)]
  0x00007d8ca0175d60 JavaThread "Common-Cleaner"             daemon [_thread_blocked, id=32066, stack(0x00007d8c7562f000,0x00007d8c7572f000) (1024K)]
  0x00007d8ca01c6130 JavaThread "JDWP Event Helper Thread"   daemon [_thread_blocked, id=32070, stack(0x00007d8c7542f000,0x00007d8c7552f000) (1024K)]
  0x00007d8ca01dde10 JavaThread "Notification Thread"        daemon [_thread_blocked, id=32073, stack(0x00007d8c7522f000,0x00007d8c7532f000) (1024K)]
  0x00007d8ca0215a80 JavaThread "JavaCPP Deallocator"        daemon [_thread_blocked, id=32074, stack(0x00007d8c7512f000,0x00007d8c7522f000) (1024K)]
Total: 12

Other Threads:
  0x00007d8ca0145e40 VMThread "VM Thread"                           [id=32056, stack(0x00007d8c75f00000,0x00007d8c76000000) (1024K)]
  0x00007d8ca012bdd0 WatcherThread "VM Periodic Task Thread"        [id=32055, stack(0x00007d8c84008000,0x00007d8c84108000) (1024K)]
  0x00007d8ca00955f0 WorkerThread "GC Thread#0"                     [id=32041, stack(0x00007d8ca435e000,0x00007d8ca445e000) (1024K)]
  0x00007d8ca00a64f0 ConcurrentGCThread "G1 Main Marker"            [id=32042, stack(0x00007d8ca425d000,0x00007d8ca435d000) (1024K)]
  0x00007d8ca00a7490 WorkerThread "G1 Conc#0"                       [id=32043, stack(0x00007d8ca415c000,0x00007d8ca425c000) (1024K)]
  0x00007d8ca0119340 ConcurrentGCThread "G1 Refine#0"               [id=32044, stack(0x00007d8c842e6000,0x00007d8c843e6000) (1024K)]
  0x00007d8ca011a2f0 ConcurrentGCThread "G1 Service"                [id=32045, stack(0x00007d8c841e5000,0x00007d8c842e5000) (1024K)]
Total: 7

Threads with active compile tasks:
Total: 0

VM state: not at safepoint (normal execution)

VM Mutex/Monitor currently owned by a thread: None

Heap address: 0x0000000706c00000, size: 3988 MB, Compressed Oops mode: Zero based, Oop shift amount: 3

CDS archive(s) mapped at: [0x00007d8c27000000-0x00007d8c27ca6000-0x00007d8c27ca6000), size 13262848, SharedBaseAddress: 0x00007d8c27000000, ArchiveRelocationMode: 1.
Compressed class space mapped at: 0x00007d8c28000000-0x00007d8c68000000, reserved size: 1073741824
Narrow klass base: 0x00007d8c27000000, Narrow klass shift: 0, Narrow klass range: 0x100000000

GC Precious Log:
 CardTable entry size: 512
 Card Set container configuration: InlinePtr #cards 4 size 8 Array Of Cards #cards 16 size 48 Howl #buckets 8 coarsen threshold 3686 Howl Bitmap #cards 512 size 80 coarsen threshold 460 Card regions per heap region 1 cards per card region 4096
 CPUs: 2 total, 2 available
 Memory: 15948M
 Large Page Support: Disabled
 NUMA Support: Disabled
 Compressed Oops: Enabled (Zero based)
 Heap Region Size: 2M
 Heap Min Capacity: 8M
 Heap Initial Capacity: 250M
 Heap Max Capacity: 3988M
 Pre-touch: Disabled
 Parallel Workers: 2
 Concurrent Workers: 1
 Concurrent Refinement Workers: 2
 Periodic GC: Disabled

Heap:
 garbage-first heap   total 258048K, used 9245K [0x0000000706c00000, 0x0000000800000000)
  region size 2048K, 6 young (12288K), 0 survivors (0K)
 Metaspace       used 3667K, committed 3840K, reserved 1114112K
  class space    used 400K, committed 512K, reserved 1048576K

Heap Regions: E=young(eden), S=young(survivor), O=old, HS=humongous(starts), HC=humongous(continues), CS=collection set, F=free, TAMS=top-at-mark-start, PB=parsable bottom
|   0|0x0000000706c00000, 0x0000000706c00000, 0x0000000706e00000|  0%| F|  |TAMS 0x0000000706c00000| PB 0x0000000706c00000| Untracked 
|   1|0x0000000706e00000, 0x0000000706e00000, 0x0000000707000000|  0%| F|  |TAMS 0x0000000706e00000| PB 0x0000000706e00000| Untracked 
|   2|0x0000000707000000, 0x0000000707000000, 0x0000000707200000|  0%| F|  |TAMS 0x0000000707000000| PB 0x0000000707000000| Untracked 
|   3|0x0000000707200000, 0x0000000707200000, 0x0000000707400000|  0%| F|  |TAMS 0x0000000707200000| PB 0x0000000707200000| Untracked 
|   4|0x0000000707400000, 0x0000000707400000, 0x0000000707600000|  0%| F|  |TAMS 0x0000000707400000| PB 0x0000000707400000| Untracked 
|   5|0x0000000707600000, 0x0000000707600000, 0x0000000707800000|  0%| F|  |TAMS 0x0000000707600000| PB 0x0000000707600000| Untracked 
|   6|0x0000000707800000, 0x0000000707800000, 0x0000000707a00000|  0%| F|  |TAMS 0x0000000707800000| PB 0x0000000707800000| Untracked 
|   7|0x0000000707a00000, 0x0000000707a00000, 0x0000000707c00000|  0%| F|  |TAMS 0x0000000707a00000| PB 0x0000000707a00000| Untracked 
|   8|0x0000000707c00000, 0x0000000707c00000, 0x0000000707e00000|  0%| F|  |TAMS 0x0000000707c00000| PB 0x0000000707c00000| Untracked 
|   9|0x0000000707e00000, 0x0000000707e00000, 0x0000000708000000|  0%| F|  |TAMS 0x0000000707e00000| PB 0x0000000707e00000| Untracked 
|  10|0x0000000708000000, 0x0000000708000000, 0x0000000708200000|  0%| F|  |TAMS 0x0000000708000000| PB 0x0000000708000000| Untracked 
|  11|0x0000000708200000, 0x0000000708200000, 0x0000000708400000|  0%| F|  |TAMS 0x0000000708200000| PB 0x0000000708200000| Untracked 
|  12|0x0000000708400000, 0x0000000708400000, 0x0000000708600000|  0%| F|  |TAMS 0x0000000708400000| PB 0x0000000708400000| Untracked 
|  13|0x0000000708600000, 0x0000000708600000, 0x0000000708800000|  0%| F|  |TAMS 0x0000000708600000| PB 0x0000000708600000| Untracked 
|  14|0x0000000708800000, 0x0000000708800000, 0x0000000708a00000|  0%| F|  |TAMS 0x0000000708800000| PB 0x0000000708800000| Untracked 
|  15|0x0000000708a00000, 0x0000000708a00000, 0x0000000708c00000|  0%| F|  |TAMS 0x0000000708a00000| PB 0x0000000708a00000| Untracked 
|  16|0x0000000708c00000, 0x0000000708c00000, 0x0000000708e00000|  0%| F|  |TAMS 0x0000000708c00000| PB 0x0000000708c00000| Untracked 
|  17|0x0000000708e00000, 0x0000000708e00000, 0x0000000709000000|  0%| F|  |TAMS 0x0000000708e00000| PB 0x0000000708e00000| Untracked 
|  18|0x0000000709000000, 0x0000000709000000, 0x0000000709200000|  0%| F|  |TAMS 0x0000000709000000| PB 0x0000000709000000| Untracked 
|  19|0x0000000709200000, 0x0000000709200000, 0x0000000709400000|  0%| F|  |TAMS 0x0000000709200000| PB 0x0000000709200000| Untracked 
|  20|0x0000000709400000, 0x0000000709400000, 0x0000000709600000|  0%| F|  |TAMS 0x0000000709400000| PB 0x0000000709400000| Untracked 
|  21|0x0000000709600000, 0x0000000709600000, 0x0000000709800000|  0%| F|  |TAMS 0x0000000709600000| PB 0x0000000709600000| Untracked 
|  22|0x0000000709800000, 0x0000000709800000, 0x0000000709a00000|  0%| F|  |TAMS 0x0000000709800000| PB 0x0000000709800000| Untracked 
|  23|0x0000000709a00000, 0x0000000709a00000, 0x0000000709c00000|  0%| F|  |TAMS 0x0000000709a00000| PB 0x0000000709a00000| Untracked 
|  24|0x0000000709c00000, 0x0000000709c00000, 0x0000000709e00000|  0%| F|  |TAMS 0x0000000709c00000| PB 0x0000000709c00000| Untracked 
|  25|0x0000000709e00000, 0x0000000709e00000, 0x000000070a000000|  0%| F|  |TAMS 0x0000000709e00000| PB 0x0000000709e00000| Untracked 
|  26|0x000000070a000000, 0x000000070a000000, 0x000000070a200000|  0%| F|  |TAMS 0x000000070a000000| PB 0x000000070a000000| Untracked 
|  27|0x000000070a200000, 0x000000070a200000, 0x000000070a400000|  0%| F|  |TAMS 0x000000070a200000| PB 0x000000070a200000| Untracked 
|  28|0x000000070a400000, 0x000000070a400000, 0x000000070a600000|  0%| F|  |TAMS 0x000000070a400000| PB 0x000000070a400000| Untracked 
|  29|0x000000070a600000, 0x000000070a600000, 0x000000070a800000|  0%| F|  |TAMS 0x000000070a600000| PB 0x000000070a600000| Untracked 
|  30|0x000000070a800000, 0x000000070a800000, 0x000000070aa00000|  0%| F|  |TAMS 0x000000070a800000| PB 0x000000070a800000| Untracked 
|  31|0x000000070aa00000, 0x000000070aa00000, 0x000000070ac00000|  0%| F|  |TAMS 0x000000070aa00000| PB 0x000000070aa00000| Untracked 
|  32|0x000000070ac00000, 0x000000070ac00000, 0x000000070ae00000|  0%| F|  |TAMS 0x000000070ac00000| PB 0x000000070ac00000| Untracked 
|  33|0x000000070ae00000, 0x000000070ae00000, 0x000000070b000000|  0%| F|  |TAMS 0x000000070ae00000| PB 0x000000070ae00000| Untracked 
|  34|0x000000070b000000, 0x000000070b000000, 0x000000070b200000|  0%| F|  |TAMS 0x000000070b000000| PB 0x000000070b000000| Untracked 
|  35|0x000000070b200000, 0x000000070b200000, 0x000000070b400000|  0%| F|  |TAMS 0x000000070b200000| PB 0x000000070b200000| Untracked 
|  36|0x000000070b400000, 0x000000070b400000, 0x000000070b600000|  0%| F|  |TAMS 0x000000070b400000| PB 0x000000070b400000| Untracked 
|  37|0x000000070b600000, 0x000000070b600000, 0x000000070b800000|  0%| F|  |TAMS 0x000000070b600000| PB 0x000000070b600000| Untracked 
|  38|0x000000070b800000, 0x000000070b800000, 0x000000070ba00000|  0%| F|  |TAMS 0x000000070b800000| PB 0x000000070b800000| Untracked 
|  39|0x000000070ba00000, 0x000000070ba00000, 0x000000070bc00000|  0%| F|  |TAMS 0x000000070ba00000| PB 0x000000070ba00000| Untracked 
|  40|0x000000070bc00000, 0x000000070bc00000, 0x000000070be00000|  0%| F|  |TAMS 0x000000070bc00000| PB 0x000000070bc00000| Untracked 
|  41|0x000000070be00000, 0x000000070be00000, 0x000000070c000000|  0%| F|  |TAMS 0x000000070be00000| PB 0x000000070be00000| Untracked 
|  42|0x000000070c000000, 0x000000070c000000, 0x000000070c200000|  0%| F|  |TAMS 0x000000070c000000| PB 0x000000070c000000| Untracked 
|  43|0x000000070c200000, 0x000000070c200000, 0x000000070c400000|  0%| F|  |TAMS 0x000000070c200000| PB 0x000000070c200000| Untracked 
|  44|0x000000070c400000, 0x000000070c400000, 0x000000070c600000|  0%| F|  |TAMS 0x000000070c400000| PB 0x000000070c400000| Untracked 
|  45|0x000000070c600000, 0x000000070c600000, 0x000000070c800000|  0%| F|  |TAMS 0x000000070c600000| PB 0x000000070c600000| Untracked 
|  46|0x000000070c800000, 0x000000070c800000, 0x000000070ca00000|  0%| F|  |TAMS 0x000000070c800000| PB 0x000000070c800000| Untracked 
|  47|0x000000070ca00000, 0x000000070ca00000, 0x000000070cc00000|  0%| F|  |TAMS 0x000000070ca00000| PB 0x000000070ca00000| Untracked 
|  48|0x000000070cc00000, 0x000000070cc00000, 0x000000070ce00000|  0%| F|  |TAMS 0x000000070cc00000| PB 0x000000070cc00000| Untracked 
|  49|0x000000070ce00000, 0x000000070ce00000, 0x000000070d000000|  0%| F|  |TAMS 0x000000070ce00000| PB 0x000000070ce00000| Untracked 
|  50|0x000000070d000000, 0x000000070d000000, 0x000000070d200000|  0%| F|  |TAMS 0x000000070d000000| PB 0x000000070d000000| Untracked 
|  51|0x000000070d200000, 0x000000070d200000, 0x000000070d400000|  0%| F|  |TAMS 0x000000070d200000| PB 0x000000070d200000| Untracked 
|  52|0x000000070d400000, 0x000000070d400000, 0x000000070d600000|  0%| F|  |TAMS 0x000000070d400000| PB 0x000000070d400000| Untracked 
|  53|0x000000070d600000, 0x000000070d600000, 0x000000070d800000|  0%| F|  |TAMS 0x000000070d600000| PB 0x000000070d600000| Untracked 
|  54|0x000000070d800000, 0x000000070d800000, 0x000000070da00000|  0%| F|  |TAMS 0x000000070d800000| PB 0x000000070d800000| Untracked 
|  55|0x000000070da00000, 0x000000070da00000, 0x000000070dc00000|  0%| F|  |TAMS 0x000000070da00000| PB 0x000000070da00000| Untracked 
|  56|0x000000070dc00000, 0x000000070dc00000, 0x000000070de00000|  0%| F|  |TAMS 0x000000070dc00000| PB 0x000000070dc00000| Untracked 
|  57|0x000000070de00000, 0x000000070de00000, 0x000000070e000000|  0%| F|  |TAMS 0x000000070de00000| PB 0x000000070de00000| Untracked 
|  58|0x000000070e000000, 0x000000070e000000, 0x000000070e200000|  0%| F|  |TAMS 0x000000070e000000| PB 0x000000070e000000| Untracked 
|  59|0x000000070e200000, 0x000000070e200000, 0x000000070e400000|  0%| F|  |TAMS 0x000000070e200000| PB 0x000000070e200000| Untracked 
|  60|0x000000070e400000, 0x000000070e400000, 0x000000070e600000|  0%| F|  |TAMS 0x000000070e400000| PB 0x000000070e400000| Untracked 
|  61|0x000000070e600000, 0x000000070e600000, 0x000000070e800000|  0%| F|  |TAMS 0x000000070e600000| PB 0x000000070e600000| Untracked 
|  62|0x000000070e800000, 0x000000070e800000, 0x000000070ea00000|  0%| F|  |TAMS 0x000000070e800000| PB 0x000000070e800000| Untracked 
|  63|0x000000070ea00000, 0x000000070ea00000, 0x000000070ec00000|  0%| F|  |TAMS 0x000000070ea00000| PB 0x000000070ea00000| Untracked 
|  64|0x000000070ec00000, 0x000000070ec00000, 0x000000070ee00000|  0%| F|  |TAMS 0x000000070ec00000| PB 0x000000070ec00000| Untracked 
|  65|0x000000070ee00000, 0x000000070ee00000, 0x000000070f000000|  0%| F|  |TAMS 0x000000070ee00000| PB 0x000000070ee00000| Untracked 
|  66|0x000000070f000000, 0x000000070f000000, 0x000000070f200000|  0%| F|  |TAMS 0x000000070f000000| PB 0x000000070f000000| Untracked 
|  67|0x000000070f200000, 0x000000070f200000, 0x000000070f400000|  0%| F|  |TAMS 0x000000070f200000| PB 0x000000070f200000| Untracked 
|  68|0x000000070f400000, 0x000000070f400000, 0x000000070f600000|  0%| F|  |TAMS 0x000000070f400000| PB 0x000000070f400000| Untracked 
|  69|0x000000070f600000, 0x000000070f600000, 0x000000070f800000|  0%| F|  |TAMS 0x000000070f600000| PB 0x000000070f600000| Untracked 
|  70|0x000000070f800000, 0x000000070f800000, 0x000000070fa00000|  0%| F|  |TAMS 0x000000070f800000| PB 0x000000070f800000| Untracked 
|  71|0x000000070fa00000, 0x000000070fa00000, 0x000000070fc00000|  0%| F|  |TAMS 0x000000070fa00000| PB 0x000000070fa00000| Untracked 
|  72|0x000000070fc00000, 0x000000070fc00000, 0x000000070fe00000|  0%| F|  |TAMS 0x000000070fc00000| PB 0x000000070fc00000| Untracked 
|  73|0x000000070fe00000, 0x000000070fe00000, 0x0000000710000000|  0%| F|  |TAMS 0x000000070fe00000| PB 0x000000070fe00000| Untracked 
|  74|0x0000000710000000, 0x0000000710000000, 0x0000000710200000|  0%| F|  |TAMS 0x0000000710000000| PB 0x0000000710000000| Untracked 
|  75|0x0000000710200000, 0x0000000710200000, 0x0000000710400000|  0%| F|  |TAMS 0x0000000710200000| PB 0x0000000710200000| Untracked 
|  76|0x0000000710400000, 0x0000000710400000, 0x0000000710600000|  0%| F|  |TAMS 0x0000000710400000| PB 0x0000000710400000| Untracked 
|  77|0x0000000710600000, 0x0000000710600000, 0x0000000710800000|  0%| F|  |TAMS 0x0000000710600000| PB 0x0000000710600000| Untracked 
|  78|0x0000000710800000, 0x0000000710800000, 0x0000000710a00000|  0%| F|  |TAMS 0x0000000710800000| PB 0x0000000710800000| Untracked 
|  79|0x0000000710a00000, 0x0000000710a00000, 0x0000000710c00000|  0%| F|  |TAMS 0x0000000710a00000| PB 0x0000000710a00000| Untracked 
|  80|0x0000000710c00000, 0x0000000710c00000, 0x0000000710e00000|  0%| F|  |TAMS 0x0000000710c00000| PB 0x0000000710c00000| Untracked 
|  81|0x0000000710e00000, 0x0000000710e00000, 0x0000000711000000|  0%| F|  |TAMS 0x0000000710e00000| PB 0x0000000710e00000| Untracked 
|  82|0x0000000711000000, 0x0000000711000000, 0x0000000711200000|  0%| F|  |TAMS 0x0000000711000000| PB 0x0000000711000000| Untracked 
|  83|0x0000000711200000, 0x0000000711200000, 0x0000000711400000|  0%| F|  |TAMS 0x0000000711200000| PB 0x0000000711200000| Untracked 
|  84|0x0000000711400000, 0x0000000711400000, 0x0000000711600000|  0%| F|  |TAMS 0x0000000711400000| PB 0x0000000711400000| Untracked 
|  85|0x0000000711600000, 0x0000000711600000, 0x0000000711800000|  0%| F|  |TAMS 0x0000000711600000| PB 0x0000000711600000| Untracked 
|  86|0x0000000711800000, 0x0000000711800000, 0x0000000711a00000|  0%| F|  |TAMS 0x0000000711800000| PB 0x0000000711800000| Untracked 
|  87|0x0000000711a00000, 0x0000000711a00000, 0x0000000711c00000|  0%| F|  |TAMS 0x0000000711a00000| PB 0x0000000711a00000| Untracked 
|  88|0x0000000711c00000, 0x0000000711c00000, 0x0000000711e00000|  0%| F|  |TAMS 0x0000000711c00000| PB 0x0000000711c00000| Untracked 
|  89|0x0000000711e00000, 0x0000000711e00000, 0x0000000712000000|  0%| F|  |TAMS 0x0000000711e00000| PB 0x0000000711e00000| Untracked 
|  90|0x0000000712000000, 0x0000000712000000, 0x0000000712200000|  0%| F|  |TAMS 0x0000000712000000| PB 0x0000000712000000| Untracked 
|  91|0x0000000712200000, 0x0000000712200000, 0x0000000712400000|  0%| F|  |TAMS 0x0000000712200000| PB 0x0000000712200000| Untracked 
|  92|0x0000000712400000, 0x0000000712400000, 0x0000000712600000|  0%| F|  |TAMS 0x0000000712400000| PB 0x0000000712400000| Untracked 
|  93|0x0000000712600000, 0x0000000712600000, 0x0000000712800000|  0%| F|  |TAMS 0x0000000712600000| PB 0x0000000712600000| Untracked 
|  94|0x0000000712800000, 0x0000000712800000, 0x0000000712a00000|  0%| F|  |TAMS 0x0000000712800000| PB 0x0000000712800000| Untracked 
|  95|0x0000000712a00000, 0x0000000712a00000, 0x0000000712c00000|  0%| F|  |TAMS 0x0000000712a00000| PB 0x0000000712a00000| Untracked 
|  96|0x0000000712c00000, 0x0000000712c00000, 0x0000000712e00000|  0%| F|  |TAMS 0x0000000712c00000| PB 0x0000000712c00000| Untracked 
|  97|0x0000000712e00000, 0x0000000712e00000, 0x0000000713000000|  0%| F|  |TAMS 0x0000000712e00000| PB 0x0000000712e00000| Untracked 
|  98|0x0000000713000000, 0x0000000713000000, 0x0000000713200000|  0%| F|  |TAMS 0x0000000713000000| PB 0x0000000713000000| Untracked 
|  99|0x0000000713200000, 0x0000000713200000, 0x0000000713400000|  0%| F|  |TAMS 0x0000000713200000| PB 0x0000000713200000| Untracked 
| 100|0x0000000713400000, 0x0000000713400000, 0x0000000713600000|  0%| F|  |TAMS 0x0000000713400000| PB 0x0000000713400000| Untracked 
| 101|0x0000000713600000, 0x0000000713600000, 0x0000000713800000|  0%| F|  |TAMS 0x0000000713600000| PB 0x0000000713600000| Untracked 
| 102|0x0000000713800000, 0x0000000713800000, 0x0000000713a00000|  0%| F|  |TAMS 0x0000000713800000| PB 0x0000000713800000| Untracked 
| 103|0x0000000713a00000, 0x0000000713a00000, 0x0000000713c00000|  0%| F|  |TAMS 0x0000000713a00000| PB 0x0000000713a00000| Untracked 
| 104|0x0000000713c00000, 0x0000000713c00000, 0x0000000713e00000|  0%| F|  |TAMS 0x0000000713c00000| PB 0x0000000713c00000| Untracked 
| 105|0x0000000713e00000, 0x0000000713e00000, 0x0000000714000000|  0%| F|  |TAMS 0x0000000713e00000| PB 0x0000000713e00000| Untracked 
| 106|0x0000000714000000, 0x0000000714000000, 0x0000000714200000|  0%| F|  |TAMS 0x0000000714000000| PB 0x0000000714000000| Untracked 
| 107|0x0000000714200000, 0x0000000714200000, 0x0000000714400000|  0%| F|  |TAMS 0x0000000714200000| PB 0x0000000714200000| Untracked 
| 108|0x0000000714400000, 0x0000000714400000, 0x0000000714600000|  0%| F|  |TAMS 0x0000000714400000| PB 0x0000000714400000| Untracked 
| 109|0x0000000714600000, 0x0000000714600000, 0x0000000714800000|  0%| F|  |TAMS 0x0000000714600000| PB 0x0000000714600000| Untracked 
| 110|0x0000000714800000, 0x0000000714800000, 0x0000000714a00000|  0%| F|  |TAMS 0x0000000714800000| PB 0x0000000714800000| Untracked 
| 111|0x0000000714a00000, 0x0000000714a00000, 0x0000000714c00000|  0%| F|  |TAMS 0x0000000714a00000| PB 0x0000000714a00000| Untracked 
| 112|0x0000000714c00000, 0x0000000714c00000, 0x0000000714e00000|  0%| F|  |TAMS 0x0000000714c00000| PB 0x0000000714c00000| Untracked 
| 113|0x0000000714e00000, 0x0000000714e00000, 0x0000000715000000|  0%| F|  |TAMS 0x0000000714e00000| PB 0x0000000714e00000| Untracked 
| 114|0x0000000715000000, 0x0000000715000000, 0x0000000715200000|  0%| F|  |TAMS 0x0000000715000000| PB 0x0000000715000000| Untracked 
| 115|0x0000000715200000, 0x0000000715200000, 0x0000000715400000|  0%| F|  |TAMS 0x0000000715200000| PB 0x0000000715200000| Untracked 
| 116|0x0000000715400000, 0x0000000715400000, 0x0000000715600000|  0%| F|  |TAMS 0x0000000715400000| PB 0x0000000715400000| Untracked 
| 117|0x0000000715600000, 0x0000000715600000, 0x0000000715800000|  0%| F|  |TAMS 0x0000000715600000| PB 0x0000000715600000| Untracked 
| 118|0x0000000715800000, 0x0000000715800000, 0x0000000715a00000|  0%| F|  |TAMS 0x0000000715800000| PB 0x0000000715800000| Untracked 
| 119|0x0000000715a00000, 0x0000000715bd6d28, 0x0000000715c00000| 91%| E|  |TAMS 0x0000000715a00000| PB 0x0000000715a00000| Complete 
| 120|0x0000000715c00000, 0x0000000715e00000, 0x0000000715e00000|100%| E|  |TAMS 0x0000000715c00000| PB 0x0000000715c00000| Complete 
| 121|0x0000000715e00000, 0x0000000716000000, 0x0000000716000000|100%| E|CS|TAMS 0x0000000715e00000| PB 0x0000000715e00000| Complete 
| 122|0x0000000716000000, 0x0000000716200000, 0x0000000716200000|100%| E|CS|TAMS 0x0000000716000000| PB 0x0000000716000000| Complete 
| 123|0x0000000716200000, 0x0000000716400000, 0x0000000716400000|100%| E|CS|TAMS 0x0000000716200000| PB 0x0000000716200000| Complete 
| 124|0x0000000716400000, 0x0000000716600000, 0x0000000716600000|100%| E|CS|TAMS 0x0000000716400000| PB 0x0000000716400000| Complete 
|1993|0x00000007ffe00000, 0x00000007fff07778, 0x0000000800000000| 51%| O|  |TAMS 0x00000007ffe00000| PB 0x00000007ffe00000| Untracked 

Card table byte_map: [0x00007d8c88236000,0x00007d8c88a00000] _byte_map_base: 0x00007d8c84a00000

Marking Bits: (CMBitMap*) 0x00007d8ca0096110
 Bits: [0x00007d8c843e6000, 0x00007d8c88236000)

Polling page: 0x00007d8ca7293000

Metaspace:

Usage:
  Non-class:      3.19 MB used.
      Class:    400.05 KB used.
       Both:      3.58 MB used.

Virtual space:
  Non-class space:       64.00 MB reserved,       3.25 MB (  5%) committed,  1 nodes.
      Class space:        1.00 GB reserved,     512.00 KB ( <1%) committed,  1 nodes.
             Both:        1.06 GB reserved,       3.75 MB ( <1%) committed. 

Chunk freelists:
   Non-Class:  10.31 MB
       Class:  15.48 MB
        Both:  25.80 MB

MaxMetaspaceSize: unlimited
CompressedClassSpaceSize: 1.00 GB
Initial GC threshold: 21.00 MB
Current GC threshold: 21.00 MB
CDS: on
 - commit_granule_bytes: 65536.
 - commit_granule_words: 8192.
 - virtual_space_node_default_size: 8388608.
 - enlarge_chunks_in_place: 1.
 - use_allocation_guard: 0.


Internal statistics:

num_allocs_failed_limit: 0.
num_arena_births: 36.
num_arena_deaths: 0.
num_vsnodes_births: 2.
num_vsnodes_deaths: 0.
num_space_committed: 60.
num_space_uncommitted: 0.
num_chunks_returned_to_freelist: 0.
num_chunks_taken_from_freelist: 104.
num_chunk_merges: 0.
num_chunk_splits: 88.
num_chunks_enlarged: 78.
num_inconsistent_stats: 0.

CodeHeap 'non-profiled nmethods': size=120036Kb used=211Kb max_used=211Kb free=119824Kb
 bounds [0x00007d8c904c7000, 0x00007d8c90737000, 0x00007d8c97a00000]
CodeHeap 'profiled nmethods': size=120032Kb used=1349Kb max_used=1349Kb free=118683Kb
 bounds [0x00007d8c88a00000, 0x00007d8c88c70000, 0x00007d8c8ff38000]
CodeHeap 'non-nmethods': size=5692Kb used=1514Kb max_used=1528Kb free=4177Kb
 bounds [0x00007d8c8ff38000, 0x00007d8c901a8000, 0x00007d8c904c7000]
 total_blobs=1189 nmethods=722 adapters=373
 compilation: enabled
              stopped_count=0, restarted_count=0
 full_count=0

Compilation events (20 events):
Event: 0.677 Thread 0x00007d8ca015b750  709   !   3       java.util.zip.ZipFile$Source::readFullyAt (74 bytes)
Event: 0.677 Thread 0x00007d8ca015b750 nmethod 709 0x00007d8c88b4a810 code [0x00007d8c88b4aa00, 0x00007d8c88b4aea0]
Event: 0.677 Thread 0x00007d8ca015b750  713       3       java.security.CodeSource::getCertificates (95 bytes)
Event: 0.680 Thread 0x00007d8ca015b750 nmethod 713 0x00007d8c88b4b190 code [0x00007d8c88b4b400, 0x00007d8c88b4bf78]
Event: 0.680 Thread 0x00007d8ca015b750  711       3       java.io.UnixFileSystem::resolve (110 bytes)
Event: 0.681 Thread 0x00007d8ca015b750 nmethod 711 0x00007d8c88b4c290 code [0x00007d8c88b4c660, 0x00007d8c88b4db28]
Event: 0.681 Thread 0x00007d8ca015b750  712       3       java.io.UnixFileSystem::trimSeparator (33 bytes)
Event: 0.681 Thread 0x00007d8ca015b750 nmethod 712 0x00007d8c88b4e310 code [0x00007d8c88b4e520, 0x00007d8c88b4ec78]
Event: 0.681 Thread 0x00007d8ca015b750  715       3       java.io.File::<init> (111 bytes)
Event: 0.689 Thread 0x00007d8ca015b750 nmethod 715 0x00007d8c88b4ef90 code [0x00007d8c88b4f200, 0x00007d8c88b4fa88]
Event: 0.689 Thread 0x00007d8ca015b750  710       3       java.lang.Thread::interrupted (7 bytes)
Event: 0.689 Thread 0x00007d8ca015b750 nmethod 710 0x00007d8c88b4fd90 code [0x00007d8c88b4ff40, 0x00007d8c88b501b0]
Event: 0.689 Thread 0x00007d8ca015b750  716       1       java.util.zip.ZipEntry::getName (5 bytes)
Event: 0.689 Thread 0x00007d8ca015b750 nmethod 716 0x00007d8c904f9a10 code [0x00007d8c904f9ba0, 0x00007d8c904f9c68]
Event: 0.828 Thread 0x00007d8ca015a090  719       4       java.util.HashMap::put (13 bytes)
Event: 0.844 Thread 0x00007d8ca015a090 nmethod 719 0x00007d8c904f9d10 code [0x00007d8c904f9f80, 0x00007d8c904fb278]
Event: 0.889 Thread 0x00007d8ca015b750  720       3       java.lang.invoke.MethodTypeForm::canonicalizeAll (63 bytes)
Event: 0.890 Thread 0x00007d8ca015b750 nmethod 720 0x00007d8c88b50290 code [0x00007d8c88b50480, 0x00007d8c88b50ad8]
Event: 0.890 Thread 0x00007d8ca015b750  721       3       java.lang.invoke.MethodType$ConcurrentWeakInternSet$WeakEntry::<init> (15 bytes)
Event: 0.890 Thread 0x00007d8ca015b750 nmethod 721 0x00007d8c88b50c90 code [0x00007d8c88b50e60, 0x00007d8c88b51290]

GC Heap History (0 events):
No events

Dll operation events (13 events):
Event: 0.004 Loaded shared library /home/wangjing/.jdks/openjdk-21.0.2/lib/libjava.so
Event: 0.004 Loaded shared library /home/wangjing/.jdks/openjdk-21.0.2/lib/libzip.so
Event: 0.071 Loaded shared library /home/wangjing/.jdks/openjdk-21.0.2/lib/libjsvml.so
Event: 0.231 Loaded shared library /home/wangjing/.jdks/openjdk-21.0.2/lib/libinstrument.so
Event: 0.254 Loaded shared library /home/wangjing/.jdks/openjdk-21.0.2/lib/libnio.so
Event: 0.268 Loaded shared library /home/wangjing/.jdks/openjdk-21.0.2/lib/libzip.so
Event: 0.343 Loaded shared library /home/wangjing/.jdks/openjdk-21.0.2/lib/libjimage.so
Event: 0.401 Loaded shared library /home/wangjing/.javacpp/cache/javacpp-1.5.7-linux-x86_64.jar/org/bytedeco/javacpp/linux-x86_64/libjnijavacpp.so
Event: 0.431 Loaded shared library /home/wangjing/.jdks/openjdk-21.0.2/lib/libnet.so
Event: 0.598 Loaded shared library /home/wangjing/.javacpp/cache/llvm-13.0.1-1.5.7-linux-x86_64.jar/org/bytedeco/llvm/linux-x86_64/libLLVM-13.so
Event: 0.613 Loaded shared library /home/wangjing/.javacpp/cache/llvm-13.0.1-1.5.7-linux-x86_64.jar/org/bytedeco/llvm/linux-x86_64/libLTO.so.13
Event: 0.616 Loaded shared library /home/wangjing/.javacpp/cache/llvm-13.0.1-1.5.7-linux-x86_64.jar/org/bytedeco/llvm/linux-x86_64/libRemarks.so.13
Event: 0.623 Loaded shared library /home/wangjing/.javacpp/cache/llvm-13.0.1-1.5.7-linux-x86_64.jar/org/bytedeco/llvm/linux-x86_64/libjniLLVM.so

Deoptimization events (20 events):
Event: 0.584 Thread 0x00007d8ca002caa0 DEOPT PACKING pc=0x00007d8c88aaa05c sp=0x00007d8ca59fd4a0
Event: 0.584 Thread 0x00007d8ca002caa0 DEOPT UNPACKING pc=0x00007d8c8ff9014f sp=0x00007d8ca59fc9a0 mode 1
Event: 0.584 Thread 0x00007d8ca002caa0 DEOPT PACKING pc=0x00007d8c88aaa05c sp=0x00007d8ca59fd4a0
Event: 0.584 Thread 0x00007d8ca002caa0 DEOPT UNPACKING pc=0x00007d8c8ff9014f sp=0x00007d8ca59fc9a0 mode 1
Event: 0.584 Thread 0x00007d8ca002caa0 DEOPT PACKING pc=0x00007d8c88aaa05c sp=0x00007d8ca59fd4a0
Event: 0.584 Thread 0x00007d8ca002caa0 DEOPT UNPACKING pc=0x00007d8c8ff9014f sp=0x00007d8ca59fc9a0 mode 1
Event: 0.584 Thread 0x00007d8ca002caa0 DEOPT PACKING pc=0x00007d8c88aaa05c sp=0x00007d8ca59fd4a0
Event: 0.584 Thread 0x00007d8ca002caa0 DEOPT UNPACKING pc=0x00007d8c8ff9014f sp=0x00007d8ca59fc9a0 mode 1
Event: 0.584 Thread 0x00007d8ca002caa0 DEOPT PACKING pc=0x00007d8c88aaa05c sp=0x00007d8ca59fd4a0
Event: 0.584 Thread 0x00007d8ca002caa0 DEOPT UNPACKING pc=0x00007d8c8ff9014f sp=0x00007d8ca59fc9a0 mode 1
Event: 0.584 Thread 0x00007d8ca002caa0 DEOPT PACKING pc=0x00007d8c88aaa05c sp=0x00007d8ca59fd4a0
Event: 0.584 Thread 0x00007d8ca002caa0 DEOPT UNPACKING pc=0x00007d8c8ff9014f sp=0x00007d8ca59fc9a0 mode 1
Event: 0.584 Thread 0x00007d8ca002caa0 DEOPT PACKING pc=0x00007d8c88aaa05c sp=0x00007d8ca59fd4a0
Event: 0.584 Thread 0x00007d8ca002caa0 DEOPT UNPACKING pc=0x00007d8c8ff9014f sp=0x00007d8ca59fc9a0 mode 1
Event: 0.584 Thread 0x00007d8ca002caa0 DEOPT PACKING pc=0x00007d8c88aaa05c sp=0x00007d8ca59fd4a0
Event: 0.584 Thread 0x00007d8ca002caa0 DEOPT UNPACKING pc=0x00007d8c8ff9014f sp=0x00007d8ca59fc9a0 mode 1
Event: 0.584 Thread 0x00007d8ca002caa0 DEOPT PACKING pc=0x00007d8c88aaa05c sp=0x00007d8ca59fd4a0
Event: 0.584 Thread 0x00007d8ca002caa0 DEOPT UNPACKING pc=0x00007d8c8ff9014f sp=0x00007d8ca59fc9a0 mode 1
Event: 0.630 Thread 0x00007d8ca002caa0 DEOPT PACKING pc=0x00007d8c88b19a96 sp=0x00007d8ca59fc1a0
Event: 0.630 Thread 0x00007d8ca002caa0 DEOPT UNPACKING pc=0x00007d8c8ff9014f sp=0x00007d8ca59fb610 mode 0

Classes loaded (20 events):
Event: 0.650 Loading class org/bytedeco/llvm/LLVM/LLVMObjectFileRef
Event: 0.650 Loading class org/bytedeco/llvm/LLVM/LLVMObjectFileRef done
Event: 0.650 Loading class org/bytedeco/llvm/LLVM/LLVMTargetRef
Event: 0.650 Loading class org/bytedeco/llvm/LLVM/LLVMTargetRef done
Event: 0.650 Loading class org/bytedeco/llvm/LLVM/LLVMPassManagerBuilderRef
Event: 0.650 Loading class org/bytedeco/llvm/LLVM/LLVMPassManagerBuilderRef done
Event: 0.652 Loading class org/bytedeco/llvm/LLVM/LLVMPassBuilderOptionsRef
Event: 0.652 Loading class org/bytedeco/llvm/LLVM/LLVMPassBuilderOptionsRef done
Event: 0.653 Loading class org/bytedeco/llvm/LLVM/Pass
Event: 0.653 Loading class org/bytedeco/llvm/LLVM/Pass done
Event: 0.653 Loading class org/bytedeco/llvm/LLVM/LLVMNamedMDNodeRef
Event: 0.653 Loading class org/bytedeco/llvm/LLVM/LLVMNamedMDNodeRef done
Event: 0.653 Loading class org/bytedeco/llvm/LLVM/LLVMUseRef
Event: 0.653 Loading class org/bytedeco/llvm/LLVM/LLVMUseRef done
Event: 0.654 Loading class Scope
Event: 0.654 Loading class Scope done
Event: 0.827 Loading class com/intellij/rt/debugger/BatchEvaluatorServer
Event: 0.827 Loading class com/intellij/rt/debugger/BatchEvaluatorServer done
Event: 0.888 Loading class java/io/DataOutputStream
Event: 0.888 Loading class java/io/DataOutputStream done

Classes unloaded (0 events):
No events

Classes redefined (0 events):
No events

Internal exceptions (9 events):
Event: 0.232 Thread 0x00007d8ca002caa0 Implicit null exception at 0x00007d8c904d1ae3 to 0x00007d8c904d1c50
Event: 0.232 Thread 0x00007d8ca002caa0 Exception <a 'java/lang/NoSuchMethodError'{0x0000000716594220}: 'void java.lang.invoke.DirectMethodHandle$Holder.invokeStatic(java.lang.Object, java.lang.Object, java.lang.Object)'> (0x0000000716594220) 
thrown [open/src/hotspot/share/interpreter/linkResolver.cpp, line 772]
Event: 0.237 Thread 0x00007d8ca002caa0 Exception <a 'java/lang/NoSuchMethodError'{0x00000007165ab5b8}: 'java.lang.Object java.lang.invoke.Invokers$Holder.invokeExact_MT(java.lang.Object, java.lang.Object, java.lang.Object, java.lang.Object, java.lang.Object)'> (0x00000007165ab5b8) 
thrown [open/src/hotspot/share/interpreter/linkResolver.cpp, line 772]
Event: 0.304 Thread 0x00007d8ca002caa0 Exception <a 'java/lang/NoSuchMethodError'{0x000000071638f158}: 'int java.lang.invoke.DirectMethodHandle$Holder.invokeStaticInit(java.lang.Object, java.lang.Object, java.lang.Object, java.lang.Object)'> (0x000000071638f158) 
thrown [open/src/hotspot/share/interpreter/linkResolver.cpp, line 772]
Event: 0.313 Thread 0x00007d8ca002caa0 Exception <a 'java/lang/NoSuchMethodError'{0x0000000716397ce0}: 'java.lang.Object java.lang.invoke.DirectMethodHandle$Holder.invokeInterface(java.lang.Object, java.lang.Object)'> (0x0000000716397ce0) 
thrown [open/src/hotspot/share/interpreter/linkResolver.cpp, line 772]
Event: 0.314 Thread 0x00007d8ca002caa0 Exception <a 'java/lang/IncompatibleClassChangeError'{0x000000071639af48}: Found class java.lang.Object, but interface was expected> (0x000000071639af48) 
thrown [open/src/hotspot/share/interpreter/linkResolver.cpp, line 840]
Event: 0.314 Thread 0x00007d8ca002caa0 Exception <a 'java/lang/NoSuchMethodError'{0x000000071639e100}: 'void java.lang.invoke.DirectMethodHandle$Holder.invokeStatic(java.lang.Object, java.lang.Object)'> (0x000000071639e100) 
thrown [open/src/hotspot/share/interpreter/linkResolver.cpp, line 772]
Event: 0.315 Thread 0x00007d8ca002caa0 Exception <a 'java/lang/NoSuchMethodError'{0x00000007163a19f8}: 'void java.lang.invoke.DirectMethodHandle$Holder.invokeStaticInit(java.lang.Object, java.lang.Object)'> (0x00000007163a19f8) 
thrown [open/src/hotspot/share/interpreter/linkResolver.cpp, line 772]
Event: 0.317 Thread 0x00007d8ca002caa0 Exception <a 'java/lang/NoSuchMethodError'{0x00000007163a9568}: 'int java.lang.invoke.DirectMethodHandle$Holder.invokeStaticInit(java.lang.Object, java.lang.Object)'> (0x00000007163a9568) 
thrown [open/src/hotspot/share/interpreter/linkResolver.cpp, line 772]

ZGC Phase Switch (0 events):
No events

VM Operations (20 events):
Event: 5.906 Executing VM operation: ChangeSingleStep
Event: 5.906 Executing VM operation: ChangeSingleStep done
Event: 5.906 Executing VM operation: ChangeSingleStep
Event: 5.906 Executing VM operation: ChangeSingleStep done
Event: 5.919 Executing VM operation: get/set locals
Event: 5.919 Executing VM operation: get/set locals done
Event: 5.919 Executing VM operation: get/set locals
Event: 5.919 Executing VM operation: get/set locals done
Event: 5.919 Executing VM operation: get/set locals
Event: 5.919 Executing VM operation: get/set locals done
Event: 5.926 Executing VM operation: get/set locals
Event: 5.926 Executing VM operation: get/set locals done
Event: 5.969 Executing VM operation: get/set locals
Event: 5.969 Executing VM operation: get/set locals done
Event: 5.969 Executing VM operation: get/set locals
Event: 5.969 Executing VM operation: get/set locals done
Event: 19.420 Executing VM operation: get/set locals
Event: 19.420 Executing VM operation: get/set locals done
Event: 19.420 Executing VM operation: get/set locals
Event: 19.420 Executing VM operation: get/set locals done

Events (20 events):
Event: 0.061 Protecting memory [0x00007d8c75aff000,0x00007d8c75b03000] with protection modes 0
Event: 0.064 Thread 0x00007d8ca0158550 Thread added: 0x00007d8ca0158550
Event: 0.064 Protecting memory [0x00007d8c759ff000,0x00007d8c75a03000] with protection modes 0
Event: 0.068 Thread 0x00007d8ca015a090 Thread added: 0x00007d8ca015a090
Event: 0.069 Protecting memory [0x00007d8c758ff000,0x00007d8c75903000] with protection modes 0
Event: 0.075 Thread 0x00007d8ca015b750 Thread added: 0x00007d8ca015b750
Event: 0.085 Protecting memory [0x00007d8c757ff000,0x00007d8c75803000] with protection modes 0
Event: 0.122 Thread 0x00007d8ca0175d60 Thread added: 0x00007d8ca0175d60
Event: 0.123 Protecting memory [0x00007d8c7562f000,0x00007d8c75633000] with protection modes 0
Event: 0.202 Thread 0x00007d8ca01b23e0 Thread added: 0x00007d8ca01b23e0
Event: 0.202 Protecting memory [0x00007d8c7552f000,0x00007d8c75533000] with protection modes 0
Event: 0.202 Thread 0x00007d8ca01c6130 Thread added: 0x00007d8ca01c6130
Event: 0.202 Protecting memory [0x00007d8c7542f000,0x00007d8c75433000] with protection modes 0
Event: 0.202 Thread 0x00007d8bfc0a16a0 Thread added: 0x00007d8bfc0a16a0
Event: 0.202 Protecting memory [0x00007d8c7532f000,0x00007d8c75333000] with protection modes 0
Event: 0.246 Thread 0x00007d8ca01dde10 Thread added: 0x00007d8ca01dde10
Event: 0.257 Protecting memory [0x00007d8c7522f000,0x00007d8c75233000] with protection modes 0
Event: 0.294 Thread 0x00007d8ca0215a80 Thread added: 0x00007d8ca0215a80
Event: 0.302 Protecting memory [0x00007d8c7512f000,0x00007d8c75133000] with protection modes 0
Event: 52.048 Thread 0x00007d8bfc0a16a0 Thread exited: 0x00007d8bfc0a16a0


Dynamic libraries:
706c00000-716600000 rw-p 00000000 00:00 0 
716600000-7ffe00000 ---p 00000000 00:00 0 
7ffe00000-7fff08000 rw-p 00ce5000 08:03 2903295                          /home/wangjing/.jdks/openjdk-21.0.2/lib/server/classes.jsa
7fff08000-800000000 rw-p 00000000 00:00 0 
6412c876b000-6412c876c000 r-xp 00000000 08:03 2902800                    /home/wangjing/.jdks/openjdk-21.0.2/bin/java
6412c876d000-6412c876e000 r--p 00001000 08:03 2902800                    /home/wangjing/.jdks/openjdk-21.0.2/bin/java
6412c876e000-6412c876f000 rw-p 00002000 08:03 2902800                    /home/wangjing/.jdks/openjdk-21.0.2/bin/java
6412c9310000-6412c9356000 rw-p 00000000 00:00 0                          [heap]
7d8bf5400000-7d8bf5d26000 r--p 00000000 08:03 3025897                    /home/wangjing/.javacpp/cache/llvm-13.0.1-1.5.7-linux-x86_64.jar/org/bytedeco/llvm/linux-x86_64/libLLVM-13.so
7d8bf5d26000-7d8bf96e9000 r-xp 00926000 08:03 3025897                    /home/wangjing/.javacpp/cache/llvm-13.0.1-1.5.7-linux-x86_64.jar/org/bytedeco/llvm/linux-x86_64/libLLVM-13.so
7d8bf96e9000-7d8bfb93e000 r--p 042e9000 08:03 3025897                    /home/wangjing/.javacpp/cache/llvm-13.0.1-1.5.7-linux-x86_64.jar/org/bytedeco/llvm/linux-x86_64/libLLVM-13.so
7d8bfb93e000-7d8bfbe53000 r--p 0653d000 08:03 3025897                    /home/wangjing/.javacpp/cache/llvm-13.0.1-1.5.7-linux-x86_64.jar/org/bytedeco/llvm/linux-x86_64/libLLVM-13.so
7d8bfbe53000-7d8bfbe5e000 rw-p 06a52000 08:03 3025897                    /home/wangjing/.javacpp/cache/llvm-13.0.1-1.5.7-linux-x86_64.jar/org/bytedeco/llvm/linux-x86_64/libLLVM-13.so
7d8bfbe5e000-7d8bfbed4000 rw-p 00000000 00:00 0 
7d8bfc000000-7d8bfc383000 rw-p 00000000 00:00 0 
7d8bfc383000-7d8c00000000 ---p 00000000 00:00 0 
7d8c04000000-7d8c04021000 rw-p 00000000 00:00 0 
7d8c04021000-7d8c08000000 ---p 00000000 00:00 0 
7d8c08000000-7d8c08431000 rw-p 00000000 00:00 0 
7d8c08431000-7d8c0c000000 ---p 00000000 00:00 0 
7d8c0c000000-7d8c0c021000 rw-p 00000000 00:00 0 
7d8c0c021000-7d8c10000000 ---p 00000000 00:00 0 
7d8c10000000-7d8c10021000 rw-p 00000000 00:00 0 
7d8c10021000-7d8c14000000 ---p 00000000 00:00 0 
7d8c14000000-7d8c14021000 rw-p 00000000 00:00 0 
7d8c14021000-7d8c18000000 ---p 00000000 00:00 0 
7d8c18000000-7d8c18021000 rw-p 00000000 00:00 0 
7d8c18021000-7d8c1c000000 ---p 00000000 00:00 0 
7d8c1c000000-7d8c1c021000 rw-p 00000000 00:00 0 
7d8c1c021000-7d8c20000000 ---p 00000000 00:00 0 
7d8c2262d000-7d8c23190000 rw-p 00000000 00:00 0 
7d8c23190000-7d8c23400000 ---p 00000000 00:00 0 
7d8c23400000-7d8c235b0000 rw-p 00000000 00:00 0 
7d8c235b0000-7d8c27000000 ---p 00000000 00:00 0 
7d8c27000000-7d8c27ca6000 rw-p 00001000 08:03 2903295                    /home/wangjing/.jdks/openjdk-21.0.2/lib/server/classes.jsa
7d8c27ca6000-7d8c28000000 ---p 00000000 00:00 0 
7d8c28000000-7d8c28030000 rw-p 00000000 00:00 0 
7d8c28030000-7d8c28070000 rw-p 00000000 00:00 0 
7d8c28070000-7d8c28080000 ---p 00000000 00:00 0 
7d8c28080000-7d8c28090000 rw-p 00000000 00:00 0 
7d8c28090000-7d8c68000000 ---p 00000000 00:00 0 
7d8c68000000-7d8c68021000 rw-p 00000000 00:00 0 
7d8c68021000-7d8c6c000000 ---p 00000000 00:00 0 
7d8c6c000000-7d8c6c021000 rw-p 00000000 00:00 0 
7d8c6c021000-7d8c70000000 ---p 00000000 00:00 0 
7d8c70000000-7d8c70021000 rw-p 00000000 00:00 0 
7d8c70021000-7d8c74000000 ---p 00000000 00:00 0 
7d8c74732000-7d8c74cfa000 rw-p 00000000 00:00 0 
7d8c74cfa000-7d8c74d5f000 r--p 00000000 08:03 3025902                    /home/wangjing/.javacpp/cache/llvm-13.0.1-1.5.7-linux-x86_64.jar/org/bytedeco/llvm/linux-x86_64/libjniLLVM.so
7d8c74d5f000-7d8c74dcd000 r-xp 00065000 08:03 3025902                    /home/wangjing/.javacpp/cache/llvm-13.0.1-1.5.7-linux-x86_64.jar/org/bytedeco/llvm/linux-x86_64/libjniLLVM.so
7d8c74dcd000-7d8c74df8000 r--p 000d3000 08:03 3025902                    /home/wangjing/.javacpp/cache/llvm-13.0.1-1.5.7-linux-x86_64.jar/org/bytedeco/llvm/linux-x86_64/libjniLLVM.so
7d8c74df8000-7d8c74dfb000 r--p 000fd000 08:03 3025902                    /home/wangjing/.javacpp/cache/llvm-13.0.1-1.5.7-linux-x86_64.jar/org/bytedeco/llvm/linux-x86_64/libjniLLVM.so
7d8c74dfb000-7d8c74dfe000 rw-p 00100000 08:03 3025902                    /home/wangjing/.javacpp/cache/llvm-13.0.1-1.5.7-linux-x86_64.jar/org/bytedeco/llvm/linux-x86_64/libjniLLVM.so
7d8c74dfe000-7d8c74e00000 rw-p 00000000 00:00 0 
7d8c74e00000-7d8c74e9a000 r--p 00000000 08:03 917771                     /usr/lib/x86_64-linux-gnu/libstdc++.so.6.0.30
7d8c74e9a000-7d8c74fab000 r-xp 0009a000 08:03 917771                     /usr/lib/x86_64-linux-gnu/libstdc++.so.6.0.30
7d8c74fab000-7d8c7501a000 r--p 001ab000 08:03 917771                     /usr/lib/x86_64-linux-gnu/libstdc++.so.6.0.30
7d8c7501a000-7d8c7501b000 ---p 0021a000 08:03 917771                     /usr/lib/x86_64-linux-gnu/libstdc++.so.6.0.30
7d8c7501b000-7d8c75026000 r--p 0021a000 08:03 917771                     /usr/lib/x86_64-linux-gnu/libstdc++.so.6.0.30
7d8c75026000-7d8c75029000 rw-p 00225000 08:03 917771                     /usr/lib/x86_64-linux-gnu/libstdc++.so.6.0.30
7d8c75029000-7d8c7502c000 rw-p 00000000 00:00 0 
7d8c75048000-7d8c7512f000 rw-p 00000000 00:00 0 
7d8c7512f000-7d8c75133000 ---p 00000000 00:00 0 
7d8c75133000-7d8c7522f000 rw-p 00000000 00:00 0 
7d8c7522f000-7d8c75233000 ---p 00000000 00:00 0 
7d8c75233000-7d8c7532f000 rw-p 00000000 00:00 0 
7d8c7532f000-7d8c75333000 ---p 00000000 00:00 0 
7d8c75333000-7d8c7542f000 rw-p 00000000 00:00 0 
7d8c7542f000-7d8c75433000 ---p 00000000 00:00 0 
7d8c75433000-7d8c7552f000 rw-p 00000000 00:00 0 
7d8c7552f000-7d8c75533000 ---p 00000000 00:00 0 
7d8c75533000-7d8c7562f000 rw-p 00000000 00:00 0 
7d8c7562f000-7d8c75633000 ---p 00000000 00:00 0 
7d8c75633000-7d8c7572f000 rw-p 00000000 00:00 0 
7d8c7572f000-7d8c757fd000 r-xp 00000000 08:03 2903269                    /home/wangjing/.jdks/openjdk-21.0.2/lib/libjsvml.so
7d8c757fd000-7d8c757fe000 r--p 000cd000 08:03 2903269                    /home/wangjing/.jdks/openjdk-21.0.2/lib/libjsvml.so
7d8c757fe000-7d8c757ff000 rw-p 000ce000 08:03 2903269                    /home/wangjing/.jdks/openjdk-21.0.2/lib/libjsvml.so
7d8c757ff000-7d8c75803000 ---p 00000000 00:00 0 
7d8c75803000-7d8c758ff000 rw-p 00000000 00:00 0 
7d8c758ff000-7d8c75903000 ---p 00000000 00:00 0 
7d8c75903000-7d8c759ff000 rw-p 00000000 00:00 0 
7d8c759ff000-7d8c75a03000 ---p 00000000 00:00 0 
7d8c75a03000-7d8c75aff000 rw-p 00000000 00:00 0 
7d8c75aff000-7d8c75b03000 ---p 00000000 00:00 0 
7d8c75b03000-7d8c75bff000 rw-p 00000000 00:00 0 
7d8c75bff000-7d8c75c03000 ---p 00000000 00:00 0 
7d8c75c03000-7d8c75cff000 rw-p 00000000 00:00 0 
7d8c75cff000-7d8c75d03000 ---p 00000000 00:00 0 
7d8c75d03000-7d8c75dff000 rw-p 00000000 00:00 0 
7d8c75dff000-7d8c75e03000 ---p 00000000 00:00 0 
7d8c75e03000-7d8c75eff000 rw-p 00000000 00:00 0 
7d8c75eff000-7d8c75f00000 ---p 00000000 00:00 0 
7d8c75f00000-7d8c78000000 rw-p 00000000 00:00 0 
7d8c78000000-7d8c78021000 rw-p 00000000 00:00 0 
7d8c78021000-7d8c7c000000 ---p 00000000 00:00 0 
7d8c7c000000-7d8c7c021000 rw-p 00000000 00:00 0 
7d8c7c021000-7d8c80000000 ---p 00000000 00:00 0 
7d8c80000000-7d8c80021000 rw-p 00000000 00:00 0 
7d8c80021000-7d8c84000000 ---p 00000000 00:00 0 
7d8c84007000-7d8c84008000 ---p 00000000 00:00 0 
7d8c84008000-7d8c841e4000 rw-p 00000000 00:00 0 
7d8c841e4000-7d8c841e5000 ---p 00000000 00:00 0 
7d8c841e5000-7d8c842e5000 rw-p 00000000 00:00 0 
7d8c842e5000-7d8c842e6000 ---p 00000000 00:00 0 
7d8c842e6000-7d8c847ce000 rw-p 00000000 00:00 0 
7d8c847ce000-7d8c8822e000 ---p 00000000 00:00 0 
7d8c8822e000-7d8c882b3000 rw-p 00000000 00:00 0 
7d8c882b3000-7d8c889ff000 ---p 00000000 00:00 0 
7d8c889ff000-7d8c88a00000 rw-p 00000000 00:00 0 
7d8c88a00000-7d8c88c70000 rwxp 00000000 00:00 0 
7d8c88c70000-7d8c8ff38000 ---p 00000000 00:00 0 
7d8c8ff38000-7d8c901a8000 rwxp 00000000 00:00 0 
7d8c901a8000-7d8c904c7000 ---p 00000000 00:00 0 
7d8c904c7000-7d8c90737000 rwxp 00000000 00:00 0 
7d8c90737000-7d8c97a00000 ---p 00000000 00:00 0 
7d8c97a00000-7d8c9fecf000 r--s 00000000 08:03 2903286                    /home/wangjing/.jdks/openjdk-21.0.2/lib/modules
7d8c9fedf000-7d8c9fee2000 r--p 00000000 08:03 919532                     /usr/lib/x86_64-linux-gnu/libgcc_s.so.1
7d8c9fee2000-7d8c9fef9000 r-xp 00003000 08:03 919532                     /usr/lib/x86_64-linux-gnu/libgcc_s.so.1
7d8c9fef9000-7d8c9fefd000 r--p 0001a000 08:03 919532                     /usr/lib/x86_64-linux-gnu/libgcc_s.so.1
7d8c9fefd000-7d8c9fefe000 r--p 0001d000 08:03 919532                     /usr/lib/x86_64-linux-gnu/libgcc_s.so.1
7d8c9fefe000-7d8c9feff000 rw-p 0001e000 08:03 919532                     /usr/lib/x86_64-linux-gnu/libgcc_s.so.1
7d8c9feff000-7d8ca0000000 rw-p 00000000 00:00 0 
7d8ca0000000-7d8ca0404000 rw-p 00000000 00:00 0 
7d8ca0404000-7d8ca4000000 ---p 00000000 00:00 0 
7d8ca4012000-7d8ca4019000 r--p 00000000 08:03 3025898                    /home/wangjing/.javacpp/cache/llvm-13.0.1-1.5.7-linux-x86_64.jar/org/bytedeco/llvm/linux-x86_64/libLTO.so.13
7d8ca4019000-7d8ca4021000 r-xp 00007000 08:03 3025898                    /home/wangjing/.javacpp/cache/llvm-13.0.1-1.5.7-linux-x86_64.jar/org/bytedeco/llvm/linux-x86_64/libLTO.so.13
7d8ca4021000-7d8ca4023000 r--p 0000f000 08:03 3025898                    /home/wangjing/.javacpp/cache/llvm-13.0.1-1.5.7-linux-x86_64.jar/org/bytedeco/llvm/linux-x86_64/libLTO.so.13
7d8ca4023000-7d8ca4024000 r--p 00010000 08:03 3025898                    /home/wangjing/.javacpp/cache/llvm-13.0.1-1.5.7-linux-x86_64.jar/org/bytedeco/llvm/linux-x86_64/libLTO.so.13
7d8ca4024000-7d8ca4025000 rw-p 00011000 08:03 3025898                    /home/wangjing/.javacpp/cache/llvm-13.0.1-1.5.7-linux-x86_64.jar/org/bytedeco/llvm/linux-x86_64/libLTO.so.13
7d8ca4025000-7d8ca4029000 r--p 00000000 08:03 3025878                    /home/wangjing/.javacpp/cache/javacpp-1.5.7-linux-x86_64.jar/org/bytedeco/javacpp/linux-x86_64/libjnijavacpp.so
7d8ca4029000-7d8ca4030000 r-xp 00004000 08:03 3025878                    /home/wangjing/.javacpp/cache/javacpp-1.5.7-linux-x86_64.jar/org/bytedeco/javacpp/linux-x86_64/libjnijavacpp.so
7d8ca4030000-7d8ca4034000 r--p 0000b000 08:03 3025878                    /home/wangjing/.javacpp/cache/javacpp-1.5.7-linux-x86_64.jar/org/bytedeco/javacpp/linux-x86_64/libjnijavacpp.so
7d8ca4034000-7d8ca4035000 r--p 0000e000 08:03 3025878                    /home/wangjing/.javacpp/cache/javacpp-1.5.7-linux-x86_64.jar/org/bytedeco/javacpp/linux-x86_64/libjnijavacpp.so
7d8ca4035000-7d8ca4036000 rw-p 0000f000 08:03 3025878                    /home/wangjing/.javacpp/cache/javacpp-1.5.7-linux-x86_64.jar/org/bytedeco/javacpp/linux-x86_64/libjnijavacpp.so
7d8ca4036000-7d8ca4042000 r-xp 00000000 08:03 2903276                    /home/wangjing/.jdks/openjdk-21.0.2/lib/libnet.so
7d8ca4042000-7d8ca4043000 r--p 0000b000 08:03 2903276                    /home/wangjing/.jdks/openjdk-21.0.2/lib/libnet.so
7d8ca4043000-7d8ca4044000 rw-p 0000c000 08:03 2903276                    /home/wangjing/.jdks/openjdk-21.0.2/lib/libnet.so
7d8ca4044000-7d8ca4058000 r-xp 00000000 08:03 2903277                    /home/wangjing/.jdks/openjdk-21.0.2/lib/libnio.so
7d8ca4058000-7d8ca4059000 r--p 00013000 08:03 2903277                    /home/wangjing/.jdks/openjdk-21.0.2/lib/libnio.so
7d8ca4059000-7d8ca405a000 rw-p 00014000 08:03 2903277                    /home/wangjing/.jdks/openjdk-21.0.2/lib/libnio.so
7d8ca405a000-7d8ca415b000 rw-p 00000000 00:00 0 
7d8ca415b000-7d8ca415c000 ---p 00000000 00:00 0 
7d8ca415c000-7d8ca425c000 rw-p 00000000 00:00 0 
7d8ca425c000-7d8ca425d000 ---p 00000000 00:00 0 
7d8ca425d000-7d8ca435d000 rw-p 00000000 00:00 0 
7d8ca435d000-7d8ca435e000 ---p 00000000 00:00 0 
7d8ca435e000-7d8ca44db000 rw-p 00000000 00:00 0 
7d8ca44db000-7d8ca4c27000 ---p 00000000 00:00 0 
7d8ca4c27000-7d8ca4e2f000 rw-p 00000000 00:00 0 
7d8ca4e2f000-7d8ca4f15000 ---p 00000000 00:00 0 
7d8ca4f15000-7d8ca4f1a000 rw-p 00000000 00:00 0 
7d8ca4f1a000-7d8ca5000000 ---p 00000000 00:00 0 
7d8ca5000000-7d8ca5878000 r--p 00000000 08:03 918099                     /usr/lib/locale/locale-archive
7d8ca587c000-7d8ca5900000 rw-p 00000000 00:00 0 
7d8ca5900000-7d8ca5904000 ---p 00000000 00:00 0 
7d8ca5904000-7d8ca5a00000 rw-p 00000000 00:00 0 
7d8ca5a00000-7d8ca6d12000 r-xp 00000000 08:03 2903298                    /home/wangjing/.jdks/openjdk-21.0.2/lib/server/libjvm.so
7d8ca6d12000-7d8ca6d13000 ---p 01312000 08:03 2903298                    /home/wangjing/.jdks/openjdk-21.0.2/lib/server/libjvm.so
7d8ca6d13000-7d8ca6de0000 r--p 01312000 08:03 2903298                    /home/wangjing/.jdks/openjdk-21.0.2/lib/server/libjvm.so
7d8ca6de0000-7d8ca6e0e000 rw-p 013df000 08:03 2903298                    /home/wangjing/.jdks/openjdk-21.0.2/lib/server/libjvm.so
7d8ca6e0e000-7d8ca6e74000 rw-p 00000000 00:00 0 
7d8ca6e74000-7d8ca6e75000 r--p 00000000 08:03 3025900                    /home/wangjing/.javacpp/cache/llvm-13.0.1-1.5.7-linux-x86_64.jar/org/bytedeco/llvm/linux-x86_64/libRemarks.so.13
7d8ca6e75000-7d8ca6e76000 r-xp 00001000 08:03 3025900                    /home/wangjing/.javacpp/cache/llvm-13.0.1-1.5.7-linux-x86_64.jar/org/bytedeco/llvm/linux-x86_64/libRemarks.so.13
7d8ca6e76000-7d8ca6e77000 r--p 00002000 08:03 3025900                    /home/wangjing/.javacpp/cache/llvm-13.0.1-1.5.7-linux-x86_64.jar/org/bytedeco/llvm/linux-x86_64/libRemarks.so.13
7d8ca6e77000-7d8ca6e78000 r--p 00002000 08:03 3025900                    /home/wangjing/.javacpp/cache/llvm-13.0.1-1.5.7-linux-x86_64.jar/org/bytedeco/llvm/linux-x86_64/libRemarks.so.13
7d8ca6e78000-7d8ca6e79000 rw-p 00003000 08:03 3025900                    /home/wangjing/.javacpp/cache/llvm-13.0.1-1.5.7-linux-x86_64.jar/org/bytedeco/llvm/linux-x86_64/libRemarks.so.13
7d8ca6e79000-7d8ca6e7e000 r-xp 00000000 08:03 2903253                    /home/wangjing/.jdks/openjdk-21.0.2/lib/libdt_socket.so
7d8ca6e7e000-7d8ca6e7f000 r--p 00004000 08:03 2903253                    /home/wangjing/.jdks/openjdk-21.0.2/lib/libdt_socket.so
7d8ca6e7f000-7d8ca6e80000 rw-p 00005000 08:03 2903253                    /home/wangjing/.jdks/openjdk-21.0.2/lib/libdt_socket.so
7d8ca6e80000-7d8ca6e87000 r--s 00000000 08:03 1577451                    /usr/lib/x86_64-linux-gnu/gconv/gconv-modules.cache
7d8ca6e87000-7d8ca6e8c000 rw-p 00000000 00:00 0 
7d8ca6e8c000-7d8ca6e93000 ---p 00000000 00:00 0 
7d8ca6e93000-7d8ca6eb3000 r-xp 00000000 08:03 2903261                    /home/wangjing/.jdks/openjdk-21.0.2/lib/libjava.so
7d8ca6eb3000-7d8ca6eb4000 ---p 00020000 08:03 2903261                    /home/wangjing/.jdks/openjdk-21.0.2/lib/libjava.so
7d8ca6eb4000-7d8ca6eb5000 r--p 00020000 08:03 2903261                    /home/wangjing/.jdks/openjdk-21.0.2/lib/libjava.so
7d8ca6eb5000-7d8ca6eb6000 rw-p 00021000 08:03 2903261                    /home/wangjing/.jdks/openjdk-21.0.2/lib/libjava.so
7d8ca6eb6000-7d8ca6eb7000 rw-p 00000000 00:00 0 
7d8ca6eb7000-7d8ca6ef7000 r-xp 00000000 08:03 2903264                    /home/wangjing/.jdks/openjdk-21.0.2/lib/libjdwp.so
7d8ca6ef7000-7d8ca6ef8000 r--p 0003f000 08:03 2903264                    /home/wangjing/.jdks/openjdk-21.0.2/lib/libjdwp.so
7d8ca6ef8000-7d8ca6ef9000 rw-p 00040000 08:03 2903264                    /home/wangjing/.jdks/openjdk-21.0.2/lib/libjdwp.so
7d8ca6ef9000-7d8ca6efa000 rw-p 00000000 00:00 0 
7d8ca6efa000-7d8ca6f15000 r-xp 00000000 08:03 2903265                    /home/wangjing/.jdks/openjdk-21.0.2/lib/libjimage.so
7d8ca6f15000-7d8ca6f16000 ---p 0001b000 08:03 2903265                    /home/wangjing/.jdks/openjdk-21.0.2/lib/libjimage.so
7d8ca6f16000-7d8ca6f18000 r--p 0001b000 08:03 2903265                    /home/wangjing/.jdks/openjdk-21.0.2/lib/libjimage.so
7d8ca6f18000-7d8ca6f19000 rw-p 0001d000 08:03 2903265                    /home/wangjing/.jdks/openjdk-21.0.2/lib/libjimage.so
7d8ca6f19000-7d8ca6f27000 r--p 00000000 08:03 918405                     /usr/lib/x86_64-linux-gnu/libm.so.6
7d8ca6f27000-7d8ca6fa3000 r-xp 0000e000 08:03 918405                     /usr/lib/x86_64-linux-gnu/libm.so.6
7d8ca6fa3000-7d8ca6ffe000 r--p 0008a000 08:03 918405                     /usr/lib/x86_64-linux-gnu/libm.so.6
7d8ca6ffe000-7d8ca6fff000 r--p 000e4000 08:03 918405                     /usr/lib/x86_64-linux-gnu/libm.so.6
7d8ca6fff000-7d8ca7000000 rw-p 000e5000 08:03 918405                     /usr/lib/x86_64-linux-gnu/libm.so.6
7d8ca7000000-7d8ca7028000 r--p 00000000 08:03 918327                     /usr/lib/x86_64-linux-gnu/libc.so.6
7d8ca7028000-7d8ca71bd000 r-xp 00028000 08:03 918327                     /usr/lib/x86_64-linux-gnu/libc.so.6
7d8ca71bd000-7d8ca7215000 r--p 001bd000 08:03 918327                     /usr/lib/x86_64-linux-gnu/libc.so.6
7d8ca7215000-7d8ca7216000 ---p 00215000 08:03 918327                     /usr/lib/x86_64-linux-gnu/libc.so.6
7d8ca7216000-7d8ca721a000 r--p 00215000 08:03 918327                     /usr/lib/x86_64-linux-gnu/libc.so.6
7d8ca721a000-7d8ca721c000 rw-p 00219000 08:03 918327                     /usr/lib/x86_64-linux-gnu/libc.so.6
7d8ca721c000-7d8ca7229000 rw-p 00000000 00:00 0 
7d8ca722b000-7d8ca7231000 r--s 000f8000 08:03 1311711                    /opt/idea/idea-IU-233.14475.28/plugins/java/lib/rt/debugger-agent.jar
7d8ca7231000-7d8ca7238000 r-xp 00000000 08:03 2903285                    /home/wangjing/.jdks/openjdk-21.0.2/lib/libzip.so
7d8ca7238000-7d8ca7239000 ---p 00007000 08:03 2903285                    /home/wangjing/.jdks/openjdk-21.0.2/lib/libzip.so
7d8ca7239000-7d8ca723a000 r--p 00007000 08:03 2903285                    /home/wangjing/.jdks/openjdk-21.0.2/lib/libzip.so
7d8ca723a000-7d8ca723b000 rw-p 00008000 08:03 2903285                    /home/wangjing/.jdks/openjdk-21.0.2/lib/libzip.so
7d8ca723b000-7d8ca7243000 rw-s 00000000 08:03 131140                     /tmp/hsperfdata_wangjing/32033
7d8ca7243000-7d8ca7244000 r--p 00000000 08:03 918629                     /usr/lib/x86_64-linux-gnu/librt.so.1
7d8ca7244000-7d8ca7245000 r-xp 00001000 08:03 918629                     /usr/lib/x86_64-linux-gnu/librt.so.1
7d8ca7245000-7d8ca7246000 r--p 00002000 08:03 918629                     /usr/lib/x86_64-linux-gnu/librt.so.1
7d8ca7246000-7d8ca7247000 r--p 00002000 08:03 918629                     /usr/lib/x86_64-linux-gnu/librt.so.1
7d8ca7247000-7d8ca7248000 rw-p 00003000 08:03 918629                     /usr/lib/x86_64-linux-gnu/librt.so.1
7d8ca7248000-7d8ca724c000 rw-p 00000000 00:00 0 
7d8ca724c000-7d8ca724d000 r--p 00000000 08:03 918333                     /usr/lib/x86_64-linux-gnu/libdl.so.2
7d8ca724d000-7d8ca724e000 r-xp 00001000 08:03 918333                     /usr/lib/x86_64-linux-gnu/libdl.so.2
7d8ca724e000-7d8ca724f000 r--p 00002000 08:03 918333                     /usr/lib/x86_64-linux-gnu/libdl.so.2
7d8ca724f000-7d8ca7250000 r--p 00002000 08:03 918333                     /usr/lib/x86_64-linux-gnu/libdl.so.2
7d8ca7250000-7d8ca7251000 rw-p 00003000 08:03 918333                     /usr/lib/x86_64-linux-gnu/libdl.so.2
7d8ca7251000-7d8ca7252000 r--p 00000000 08:03 918461                     /usr/lib/x86_64-linux-gnu/libpthread.so.0
7d8ca7252000-7d8ca7253000 r-xp 00001000 08:03 918461                     /usr/lib/x86_64-linux-gnu/libpthread.so.0
7d8ca7253000-7d8ca7254000 r--p 00002000 08:03 918461                     /usr/lib/x86_64-linux-gnu/libpthread.so.0
7d8ca7254000-7d8ca7255000 r--p 00002000 08:03 918461                     /usr/lib/x86_64-linux-gnu/libpthread.so.0
7d8ca7255000-7d8ca7256000 rw-p 00003000 08:03 918461                     /usr/lib/x86_64-linux-gnu/libpthread.so.0
7d8ca7256000-7d8ca7264000 r-xp 00000000 08:03 2903266                    /home/wangjing/.jdks/openjdk-21.0.2/lib/libjli.so
7d8ca7264000-7d8ca7265000 ---p 0000e000 08:03 2903266                    /home/wangjing/.jdks/openjdk-21.0.2/lib/libjli.so
7d8ca7265000-7d8ca7266000 r--p 0000e000 08:03 2903266                    /home/wangjing/.jdks/openjdk-21.0.2/lib/libjli.so
7d8ca7266000-7d8ca7267000 rw-p 0000f000 08:03 2903266                    /home/wangjing/.jdks/openjdk-21.0.2/lib/libjli.so
7d8ca7267000-7d8ca7269000 r--p 00000000 08:03 917955                     /usr/lib/x86_64-linux-gnu/libz.so.1.2.11
7d8ca7269000-7d8ca727a000 r-xp 00002000 08:03 917955                     /usr/lib/x86_64-linux-gnu/libz.so.1.2.11
7d8ca727a000-7d8ca7280000 r--p 00013000 08:03 917955                     /usr/lib/x86_64-linux-gnu/libz.so.1.2.11
7d8ca7280000-7d8ca7281000 ---p 00019000 08:03 917955                     /usr/lib/x86_64-linux-gnu/libz.so.1.2.11
7d8ca7281000-7d8ca7282000 r--p 00019000 08:03 917955                     /usr/lib/x86_64-linux-gnu/libz.so.1.2.11
7d8ca7282000-7d8ca7283000 rw-p 0001a000 08:03 917955                     /usr/lib/x86_64-linux-gnu/libz.so.1.2.11
7d8ca7286000-7d8ca7290000 r-xp 00000000 08:03 2903256                    /home/wangjing/.jdks/openjdk-21.0.2/lib/libinstrument.so
7d8ca7290000-7d8ca7291000 ---p 0000a000 08:03 2903256                    /home/wangjing/.jdks/openjdk-21.0.2/lib/libinstrument.so
7d8ca7291000-7d8ca7292000 r--p 0000a000 08:03 2903256                    /home/wangjing/.jdks/openjdk-21.0.2/lib/libinstrument.so
7d8ca7292000-7d8ca7293000 rw-p 0000b000 08:03 2903256                    /home/wangjing/.jdks/openjdk-21.0.2/lib/libinstrument.so
7d8ca7293000-7d8ca7294000 ---p 00000000 00:00 0 
7d8ca7294000-7d8ca7295000 r--p 00000000 00:00 0 
7d8ca7295000-7d8ca7297000 rw-p 00000000 00:00 0 
7d8ca7297000-7d8ca7299000 r--p 00000000 08:03 917666                     /usr/lib/x86_64-linux-gnu/ld-linux-x86-64.so.2
7d8ca7299000-7d8ca72c3000 r-xp 00002000 08:03 917666                     /usr/lib/x86_64-linux-gnu/ld-linux-x86-64.so.2
7d8ca72c3000-7d8ca72ce000 r--p 0002c000 08:03 917666                     /usr/lib/x86_64-linux-gnu/ld-linux-x86-64.so.2
7d8ca72ce000-7d8ca72cf000 ---p 00000000 00:00 0 
7d8ca72cf000-7d8ca72d1000 r--p 00037000 08:03 917666                     /usr/lib/x86_64-linux-gnu/ld-linux-x86-64.so.2
7d8ca72d1000-7d8ca72d3000 rw-p 00039000 08:03 917666                     /usr/lib/x86_64-linux-gnu/ld-linux-x86-64.so.2
7fff6782e000-7fff6784f000 rw-p 00000000 00:00 0                          [stack]
7fff679e0000-7fff679e4000 r--p 00000000 00:00 0                          [vvar]
7fff679e4000-7fff679e6000 r-xp 00000000 00:00 0                          [vdso]
ffffffffff600000-ffffffffff601000 --xp 00000000 00:00 0                  [vsyscall]
Total number of mappings: 246


VM Arguments:
jvm_args: -agentlib:jdwp=transport=dt_socket,address=127.0.0.1:46523,suspend=y,server=n -javaagent:/opt/idea/idea-IU-233.14475.28/plugins/java/lib/rt/debugger-agent.jar -Dfile.encoding=UTF-8 -Dsun.stdout.encoding=UTF-8 -Dsun.stderr.encoding=UTF-8 
java_command: Main ./tests/test1.sysy output.ll
java_class_path (initial): /home/wangjing/Lab/target/classes:/usr/local/lib/javacpp-1.5.7.jar:/usr/local/lib/llvm-13.0.1-1.5.7.jar:/usr/local/lib/antlr-4.9.1-complete.jar:/usr/local/lib/javacpp-1.5.7-linux-x86_64.jar:/usr/local/lib/llvm-platform-13.0.1-1.5.7.jar:/usr/local/lib/llvm-13.0.1-1.5.7-linux-x86_64.jar:/opt/idea/idea-IU-233.14475.28/lib/idea_rt.jar
Launcher Type: SUN_STANDARD

[Global flags]
     intx CICompilerCount                          = 2                                         {product} {ergonomic}
     uint ConcGCThreads                            = 1                                         {product} {ergonomic}
     uint G1ConcRefinementThreads                  = 2                                         {product} {ergonomic}
   size_t G1HeapRegionSize                         = 2097152                                   {product} {ergonomic}
    uintx GCDrainStackTargetSize                   = 64                                        {product} {ergonomic}
   size_t InitialHeapSize                          = 262144000                                 {product} {ergonomic}
   size_t MarkStackSize                            = 4194304                                   {product} {ergonomic}
   size_t MaxHeapSize                              = 4181721088                                {product} {ergonomic}
   size_t MaxNewSize                               = 2508193792                                {product} {ergonomic}
   size_t MinHeapDeltaBytes                        = 2097152                                   {product} {ergonomic}
   size_t MinHeapSize                              = 8388608                                   {product} {ergonomic}
    uintx NonNMethodCodeHeapSize                   = 5826188                                {pd product} {ergonomic}
    uintx NonProfiledCodeHeapSize                  = 122916026                              {pd product} {ergonomic}
    uintx ProfiledCodeHeapSize                     = 122916026                              {pd product} {ergonomic}
    uintx ReservedCodeCacheSize                    = 251658240                              {pd product} {ergonomic}
     bool SegmentedCodeCache                       = true                                      {product} {ergonomic}
   size_t SoftMaxHeapSize                          = 4181721088                             {manageable} {ergonomic}
     bool UseCompressedOops                        = true                           {product lp64_product} {ergonomic}
     bool UseG1GC                                  = true                                      {product} {ergonomic}

Logging:
Log output configuration:
 #0: stdout all=warning uptime,level,tags foldmultilines=false
 #1: stderr all=off uptime,level,tags foldmultilines=false

Environment Variables:
PATH=/usr/local/sbin:/usr/local/bin:/usr/sbin:/usr/bin:/sbin:/bin:/usr/games:/usr/local/games:/snap/bin:/snap/bin
USERNAME=wangjing
SHELL=/bin/bash
DISPLAY=:0
LANG=en_US.UTF-8
LC_NUMERIC=zh_CN.UTF-8
LC_TIME=zh_CN.UTF-8

Active Locale:
LC_ALL=LC_CTYPE=en_US.UTF-8;LC_NUMERIC=zh_CN.UTF-8;LC_TIME=zh_CN.UTF-8;LC_COLLATE=en_US.UTF-8;LC_MONETARY=zh_CN.UTF-8;LC_MESSAGES=en_US.UTF-8;LC_PAPER=zh_CN.UTF-8;LC_NAME=zh_CN.UTF-8;LC_ADDRESS=zh_CN.UTF-8;LC_TELEPHONE=zh_CN.UTF-8;LC_MEASUREMENT=zh_CN.UTF-8;LC_IDENTIFICATION=zh_CN.UTF-8
LC_COLLATE=en_US.UTF-8
LC_CTYPE=en_US.UTF-8
LC_MESSAGES=en_US.UTF-8
LC_MONETARY=zh_CN.UTF-8
LC_NUMERIC=zh_CN.UTF-8
LC_TIME=zh_CN.UTF-8

Signal Handlers:
   SIGSEGV: 